
          -------------------------------------------------------
          Amber 16 PMEMD                              2016
          -------------------------------------------------------

| PMEMD implementation of SANDER, Release 16

| Run on 07/03/2017 at 15:15:43

|   Executable path: pmemd
| Working directory: /home/german/obp/run/wt_ctv/mhe/m
|          Hostname: Unknown
  [-O]verwriting output

File Assignments:
|   MDIN: min.in                                                                
|  MDOUT: min.out                                                               
| INPCRD: wt_ctv.rst7                                                           
|   PARM: /home/german/obp/top_files/wt_ctv.prmtop                              
| RESTRT: mwt_ctv.rst7                                                          
|   REFC: wt_ctv.rst7                                                           
|  MDVEL: mdvel                                                                 
|   MDEN: mden                                                                  
|  MDCRD: mwt_ctv.crd                                                           
| MDINFO: mdinfo                                                                
|  MDFRC: mdfrc                                                                 


 Here is the input file:

Minimization with Cartesian restraints                                         
&cntrl                                                                         
imin=1,                                                                        
ntmin=1,                                ! Steepest Descent, then Conjugate Grad
ncyc=100,                               ! 100 steps of Steepest Descent        
maxcyc=500,                             ! 400 steps of Conjugate Gradient      
ntpr=5,                                                                        
ntr=1,                                  ! Use restraints                       
restraint_wt=100.0,                     ! 100 Kcal/mol                         
restraintmask=':1-120',                 ! Apply restraints on whole molecule. M
&end                                                                           


Note: ig = -1. Setting random seed to   780670 based on wallclock time in 
      microseconds.
 
 
| Conditional Compilation Defines Used:
| PUBFFT
| BINTRAJ
| EMIL

| Largest sphere to fit in unit cell has radius =    29.622

| New format PARM file being parsed.
| Version =    1.000 Date = 02/24/15 Time = 11:42:13

| Note: 1-4 EEL scale factors are being read from the topology file.

| Note: 1-4 VDW scale factors are being read from the topology file.
| Duplicated    0 dihedrals

| Duplicated    0 dihedrals

--------------------------------------------------------------------------------
   1.  RESOURCE   USE: 
--------------------------------------------------------------------------------

 getting new box info from bottom of inpcrd
 NATOM  =   17534 NTYPES =      18 NBONH =   16577 MBONA  =     961
 NTHETH =    2251 MTHETA =    1289 NPHIH =    4381 MPHIA  =    4388
 NHPARM =       0 NPARM  =       0 NNB   =   31496 NRES   =    5322
 NBONA  =     961 NTHETA =    1289 NPHIA =    4388 NUMBND =      69
 NUMANG =     147 NPTRA  =     245 NATYP =      40 NPHB   =       1
 IFBOX  =       1 NMXRS  =      26 IFCAP =       0 NEXTRA =       0
 NCOPY  =       0

| Coordinate Index Table dimensions:    13   14   13
| Direct force subcell size =     4.6400    4.5095    4.5572

     BOX TYPE: RECTILINEAR

--------------------------------------------------------------------------------
   2.  CONTROL  DATA  FOR  THE  RUN
--------------------------------------------------------------------------------

default_name                                                                    

General flags:
     imin    =       1, nmropt  =       0

Nature and format of input:
     ntx     =       1, irest   =       0, ntrx    =       1

Nature and format of output:
     ntxo    =       2, ntpr    =       5, ntrx    =       1, ntwr    =       1
     iwrap   =       0, ntwx    =       0, ntwv    =       0, ntwe    =       0
     ioutfm  =       1, ntwprt  =       0, idecomp =       0, rbornstat=      0

Potential function:
     ntf     =       1, ntb     =       1, igb     =       0, nsnb    =      25
     ipol    =       0, gbsa    =       0, iesp    =       0
     dielc   =   1.00000, cut     =   8.00000, intdiel =   1.00000

Frozen or restrained atoms:
     ibelly  =       0, ntr     =       1
     restraint_wt = 100.00000

Energy minimization:
     maxcyc  =     500, ncyc    =     100, ntmin   =       1
     dx0     =   0.01000, drms    =   0.00010

| Intermolecular bonds treatment:
|     no_intermolecular_bonds =       1

| Energy averages sample interval:
|     ene_avg_sampling =       1

Ewald parameters:
     verbose =       0, ew_type =       0, nbflag  =       1, use_pme =       1
     vdwmeth =       1, eedmeth =       1, netfrc  =       0
     Box X =   60.320   Box Y =   63.133   Box Z =   59.244
     Alpha =   90.000   Beta  =   90.000   Gamma =   90.000
     NFFT1 =   64       NFFT2 =   64       NFFT3 =   60
     Cutoff=    8.000   Tol   =0.100E-04
     Ewald Coefficient =  0.34864
     Interpolation order =    4

    LOADING THE CONSTRAINED ATOMS AS GROUPS


   5.  REFERENCE ATOM COORDINATES

  default_name                                                                    
     Mask :1-120; matches  1934 atoms

--------------------------------------------------------------------------------
   3.  ATOMIC COORDINATES AND VELOCITIES
--------------------------------------------------------------------------------

default_name                                                                    
 begin time read from input coords =     0.000 ps

 
 Number of triangulated 3-point waters found:     5199

     Sum of charges from parm topology file =   0.00000093
     Forcing neutrality...

| Dynamic Memory, Types Used:
| Reals              581715
| Integers           579529

| Nonbonded Pairs Initial Allocation:     2928616

--------------------------------------------------------------------------------
   4.  RESULTS
--------------------------------------------------------------------------------

 ---------------------------------------------------
 APPROXIMATING switch and d/dx switch using CUBIC SPLINE INTERPOLATION
 using   5000.0 points per unit in tabled values
 TESTING RELATIVE ERROR over r ranging from 0.0 to cutoff
| CHECK switch(x): max rel err =   0.2738E-14   at   2.422500
| CHECK d/dx switch(x): max rel err =   0.8332E-11   at   2.782960
 ---------------------------------------------------
|---------------------------------------------------
| APPROXIMATING direct energy using CUBIC SPLINE INTERPOLATION
|  with   50.0 points per unit in tabled values
| Relative Error Limit not exceeded for r .gt.   2.47
| APPROXIMATING direct force using CUBIC SPLINE INTERPOLATION
|  with   50.0 points per unit in tabled values
| Relative Error Limit not exceeded for r .gt.   2.89
|---------------------------------------------------


   NSTEP       ENERGY          RMS            GMAX         NAME    NUMBER
      1      -4.3331E+04     5.3272E+01     6.7629E+03     SG       1406

 BOND    =      357.5978  ANGLE   =      238.2623  DIHED      =     2111.2158
 VDWAALS =     6283.2639  EEL     =   -59362.0016  HBOND      =        0.0000
 1-4 VDW =      559.4275  1-4 EEL =     6481.7109  RESTRAINT  =        0.0000


   NSTEP       ENERGY          RMS            GMAX         NAME    NUMBER
      5      -4.3981E+04     3.6372E+01     4.2171E+03     SG       1406

 BOND    =      346.2874  ANGLE   =      237.1999  DIHED      =     2111.1293
 VDWAALS =     5685.6147  EEL     =   -59402.6064  HBOND      =        0.0000
 1-4 VDW =      559.2720  1-4 EEL =     6481.5923  RESTRAINT  =        0.3882
 EAMBER  =   -43981.5108


   NSTEP       ENERGY          RMS            GMAX         NAME    NUMBER
     10      -4.5031E+04     1.7594E+01     1.4279E+03     SG       1406

 BOND    =      301.8808  ANGLE   =      232.4736  DIHED      =     2110.6240
 VDWAALS =     4885.5137  EEL     =   -59605.5865  HBOND      =        0.0000
 1-4 VDW =      558.5397  1-4 EEL =     6480.8766  RESTRAINT  =        5.1494
 EAMBER  =   -45035.6782


   NSTEP       ENERGY          RMS            GMAX         NAME    NUMBER
     15      -4.6356E+04     9.7766E+00     3.2648E+02     SG       1406

 BOND    =      309.9344  ANGLE   =      215.8812  DIHED      =     2108.1874
 VDWAALS =     4428.2261  EEL     =   -60476.8437  HBOND      =        0.0000
 1-4 VDW =      555.5498  1-4 EEL =     6477.1393  RESTRAINT  =       25.8626
 EAMBER  =   -46381.9255


   NSTEP       ENERGY          RMS            GMAX         NAME    NUMBER
     20      -4.8153E+04     4.8734E+00     4.4760E+01     SG       1406

 BOND    =     1180.2461  ANGLE   =      192.2041  DIHED      =     2102.1406
 VDWAALS =     4144.8526  EEL     =   -62857.7248  HBOND      =        0.0000
 1-4 VDW =      546.7349  1-4 EEL =     6462.0652  RESTRAINT  =       76.4051
 EAMBER  =   -48229.4814


   NSTEP       ENERGY          RMS            GMAX         NAME    NUMBER
     25      -5.0231E+04     2.5521E+00     3.5316E+01     C10      1919

 BOND    =     2585.2168  ANGLE   =      175.1182  DIHED      =     2097.1916
 VDWAALS =     4005.3728  EEL     =   -66192.9238  HBOND      =        0.0000
 1-4 VDW =      529.6116  1-4 EEL =     6417.7315  RESTRAINT  =      151.6869
 EAMBER  =   -50382.6812


   NSTEP       ENERGY          RMS            GMAX         NAME    NUMBER
     30      -5.1106E+04     1.0223E+01     1.3834E+03     C10      1919

 BOND    =     3395.0539  ANGLE   =      179.1815  DIHED      =     2095.6034
 VDWAALS =     4050.9563  EEL     =   -67936.4610  HBOND      =        0.0000
 1-4 VDW =      524.8652  1-4 EEL =     6405.6770  RESTRAINT  =      179.4430
 EAMBER  =   -51285.1237


   NSTEP       ENERGY          RMS            GMAX         NAME    NUMBER
     35      -5.2122E+04     2.6127E+00     2.5237E+02     C10      1919

 BOND    =     2716.4958  ANGLE   =      171.7837  DIHED      =     2095.3300
 VDWAALS =     4081.6625  EEL     =   -68298.8088  HBOND      =        0.0000
 1-4 VDW =      523.6160  1-4 EEL =     6405.1083  RESTRAINT  =      182.6112
 EAMBER  =   -52304.8125


   NSTEP       ENERGY          RMS            GMAX         NAME    NUMBER
     40      -5.2574E+04     2.4145E+00     2.3969E+02     C10      1919

 BOND    =     2789.0201  ANGLE   =      171.9789  DIHED      =     2095.0900
 VDWAALS =     4116.2634  EEL     =   -68857.9618  HBOND      =        0.0000
 1-4 VDW =      523.2718  1-4 EEL =     6404.4437  RESTRAINT  =      184.1471
 EAMBER  =   -52757.8938


   NSTEP       ENERGY          RMS            GMAX         NAME    NUMBER
     45      -5.2963E+04     2.8544E+00     3.3224E+02     C10      1919

 BOND    =     2848.2214  ANGLE   =      172.0999  DIHED      =     2094.9286
 VDWAALS =     4153.2249  EEL     =   -69346.0156  HBOND      =        0.0000
 1-4 VDW =      523.0725  1-4 EEL =     6404.1112  RESTRAINT  =      186.9718
 EAMBER  =   -53150.3571


   NSTEP       ENERGY          RMS            GMAX         NAME    NUMBER
     50      -5.3213E+04     4.3921E+00     5.7616E+02     C10      1919

 BOND    =     2936.4170  ANGLE   =      172.4268  DIHED      =     2094.8171
 VDWAALS =     4185.4184  EEL     =   -69722.1293  HBOND      =        0.0000
 1-4 VDW =      522.9844  1-4 EEL =     6403.9144  RESTRAINT  =      193.5910
 EAMBER  =   -53406.1512


   NSTEP       ENERGY          RMS            GMAX         NAME    NUMBER
     55      -5.3496E+04     4.6892E+00     6.2367E+02     C10      1919

 BOND    =     2980.7847  ANGLE   =      172.5620  DIHED      =     2094.7413
 VDWAALS =     4220.3811  EEL     =   -70086.6652  HBOND      =        0.0000
 1-4 VDW =      522.9333  1-4 EEL =     6403.8151  RESTRAINT  =      195.0771
 EAMBER  =   -53691.4476


   NSTEP       ENERGY          RMS            GMAX         NAME    NUMBER
     60      -5.3770E+04     4.8081E+00     6.4401E+02     C10      1919

 BOND    =     3015.1966  ANGLE   =      172.6184  DIHED      =     2094.6839
 VDWAALS =     4257.3480  EEL     =   -70432.5018  HBOND      =        0.0000
 1-4 VDW =      522.9116  1-4 EEL =     6403.7544  RESTRAINT  =      195.6335
 EAMBER  =   -53965.9888


   NSTEP       ENERGY          RMS            GMAX         NAME    NUMBER
     65      -5.4114E+04     1.4619E+00     9.9834E+01     C10      1919

 BOND    =     2939.7288  ANGLE   =      172.4621  DIHED      =     2094.6823
 VDWAALS =     4291.2260  EEL     =   -70718.4845  HBOND      =        0.0000
 1-4 VDW =      522.9417  1-4 EEL =     6403.8545  RESTRAINT  =      179.4209
 EAMBER  =   -54293.5892


   NSTEP       ENERGY          RMS            GMAX         NAME    NUMBER
     70      -5.4194E+04     5.1767E+00     7.0093E+02     C10      1919

 BOND    =     3079.3861  ANGLE   =      172.6546  DIHED      =     2094.6137
 VDWAALS =     4325.6602  EEL     =   -70990.4750  HBOND      =        0.0000
 1-4 VDW =      522.9293  1-4 EEL =     6403.6897  RESTRAINT  =      197.0845
 EAMBER  =   -54391.5414


   NSTEP       ENERGY          RMS            GMAX         NAME    NUMBER
     75      -5.4540E+04     1.5905E+00     1.4971E+02     C10      1919

 BOND    =     2987.6949  ANGLE   =      172.4097  DIHED      =     2094.6332
 VDWAALS =     4363.6247  EEL     =   -71263.6516  HBOND      =        0.0000
 1-4 VDW =      522.9860  1-4 EEL =     6403.8338  RESTRAINT  =      178.4461
 EAMBER  =   -54718.4691


   NSTEP       ENERGY          RMS            GMAX         NAME    NUMBER
     80      -5.4705E+04     1.1985E+00     5.1850E+01     C10      1919

 BOND    =     2997.3617  ANGLE   =      172.2092  DIHED      =     2094.6082
 VDWAALS =     4393.8430  EEL     =   -71468.9087  HBOND      =        0.0000
 1-4 VDW =      522.9985  1-4 EEL =     6403.8211  RESTRAINT  =      179.5296
 EAMBER  =   -54884.0671


   NSTEP       ENERGY          RMS            GMAX         NAME    NUMBER
     85      -5.4894E+04     2.1831E+00     2.6397E+02     C10      1919

 BOND    =     3040.2008  ANGLE   =      172.4486  DIHED      =     2094.6045
 VDWAALS =     4437.0656  EEL     =   -71742.5021  HBOND      =        0.0000
 1-4 VDW =      523.0597  1-4 EEL =     6403.8784  RESTRAINT  =      176.9271
 EAMBER  =   -55071.2445


   NSTEP       ENERGY          RMS            GMAX         NAME    NUMBER
     90      -5.5059E+04     1.5295E+00     1.5362E+02     C10      1919

 BOND    =     3042.9812  ANGLE   =      172.2007  DIHED      =     2094.5858
 VDWAALS =     4470.9600  EEL     =   -71944.5211  HBOND      =        0.0000
 1-4 VDW =      523.0699  1-4 EEL =     6403.8972  RESTRAINT  =      177.9131
 EAMBER  =   -55236.8263


   NSTEP       ENERGY          RMS            GMAX         NAME    NUMBER
     95      -5.5216E+04     1.6443E+00     1.7898E+02     C10      1919

 BOND    =     3063.1882  ANGLE   =      172.1569  DIHED      =     2094.5741
 VDWAALS =     4509.1181  EEL     =   -72159.6437  HBOND      =        0.0000
 1-4 VDW =      523.1026  1-4 EEL =     6403.9609  RESTRAINT  =      177.4477
 EAMBER  =   -55393.5429


   NSTEP       ENERGY          RMS            GMAX         NAME    NUMBER
    100      -5.5335E+04     2.6908E+00     3.4899E+02     C10      1919

 BOND    =     3105.4771  ANGLE   =      172.3860  DIHED      =     2094.5702
 VDWAALS =     4545.8702  EEL     =   -72355.8390  HBOND      =        0.0000
 1-4 VDW =      523.1573  1-4 EEL =     6404.0595  RESTRAINT  =      175.7351
 EAMBER  =   -55510.3189


   NSTEP       ENERGY          RMS            GMAX         NAME    NUMBER
    105      -5.5418E+04     1.0428E+00     4.5542E+01     C10      1919

 BOND    =     3074.9035  ANGLE   =      171.8418  DIHED      =     2094.5494
 VDWAALS =     4558.9797  EEL     =   -72424.4511  HBOND      =        0.0000
 1-4 VDW =      523.1248  1-4 EEL =     6404.0387  RESTRAINT  =      178.8723
 EAMBER  =   -55597.0132


   NSTEP       ENERGY          RMS            GMAX         NAME    NUMBER
    110      -5.7149E+04     3.7098E+00     1.5463E+02     H1      12550

 BOND    =     3899.8177  ANGLE   =      171.4367  DIHED      =     2094.3705
 VDWAALS =     6259.4943  EEL     =   -76694.4455  HBOND      =        0.0000
 1-4 VDW =      524.8483  1-4 EEL =     6407.0833  RESTRAINT  =      188.6213
 EAMBER  =   -57337.3946


   NSTEP       ENERGY          RMS            GMAX         NAME    NUMBER
    115      -5.7488E+04     1.7199E+00     1.3577E+02     C10      1919

 BOND    =     3450.2542  ANGLE   =      170.7588  DIHED      =     2094.4549
 VDWAALS =     5923.2820  EEL     =   -76241.1031  HBOND      =        0.0000
 1-4 VDW =      524.3793  1-4 EEL =     6406.6444  RESTRAINT  =      182.8382
 EAMBER  =   -57671.3295


   NSTEP       ENERGY          RMS            GMAX         NAME    NUMBER
    120      -5.8124E+04     3.0459E+00     2.5969E+02     OXT      1908

 BOND    =     3643.8195  ANGLE   =      216.1492  DIHED      =     2096.0882
 VDWAALS =     6027.0692  EEL     =   -77262.5706  HBOND      =        0.0000
 1-4 VDW =      523.2780  1-4 EEL =     6396.3121  RESTRAINT  =      236.2495
 EAMBER  =   -58359.8544


   NSTEP       ENERGY          RMS            GMAX         NAME    NUMBER
    125      -5.8381E+04     2.1771E+00     2.0677E+02     C10      1919

 BOND    =     3722.8783  ANGLE   =      182.1030  DIHED      =     2095.3850
 VDWAALS =     6142.3361  EEL     =   -77643.1929  HBOND      =        0.0000
 1-4 VDW =      522.3836  1-4 EEL =     6399.7436  RESTRAINT  =      197.4841
 EAMBER  =   -58578.3633


   NSTEP       ENERGY          RMS            GMAX         NAME    NUMBER
    130      -5.8385E+04     2.0652E+00     1.8874E+02     C10      1919

 BOND    =     3715.2296  ANGLE   =      181.9198  DIHED      =     2095.3722
 VDWAALS =     6142.0101  EEL     =   -77639.5499  HBOND      =        0.0000
 1-4 VDW =      522.3846  1-4 EEL =     6399.7756  RESTRAINT  =      197.4375
 EAMBER  =   -58582.8581


   NSTEP       ENERGY          RMS            GMAX         NAME    NUMBER
    135      -5.8570E+04     1.6167E+00     5.7002E+01     CA       1891

 BOND    =     3544.3860  ANGLE   =      173.3677  DIHED      =     2094.3868
 VDWAALS =     6168.1542  EEL     =   -77658.6885  HBOND      =        0.0000
 1-4 VDW =      523.8201  1-4 EEL =     6405.1161  RESTRAINT  =      179.8722
 EAMBER  =   -58749.4576


   NSTEP       ENERGY          RMS            GMAX         NAME    NUMBER
    140      -5.8740E+04     1.2803E+00     1.3063E+02     OXT      1908

 BOND    =     3681.8381  ANGLE   =      176.5204  DIHED      =     2094.9191
 VDWAALS =     6299.9350  EEL     =   -78127.6412  HBOND      =        0.0000
 1-4 VDW =      526.4045  1-4 EEL =     6408.9699  RESTRAINT  =      199.3592
 EAMBER  =   -58939.0542


   NSTEP       ENERGY          RMS            GMAX         NAME    NUMBER
    145      -5.8976E+04     1.2795E+00     1.0116E+02     OXT      1908

 BOND    =     3645.1111  ANGLE   =      180.6371  DIHED      =     2096.7292
 VDWAALS =     6546.8213  EEL     =   -78564.1237  HBOND      =        0.0000
 1-4 VDW =      523.5451  1-4 EEL =     6401.7650  RESTRAINT  =      193.8111
 EAMBER  =   -59169.5150


   NSTEP       ENERGY          RMS            GMAX         NAME    NUMBER
    150      -5.9197E+04     2.8173E+00     2.0655E+02     OXT      1908

 BOND    =     3796.4543  ANGLE   =      200.5257  DIHED      =     2096.4574
 VDWAALS =     6769.1278  EEL     =   -79219.9491  HBOND      =        0.0000
 1-4 VDW =      522.8053  1-4 EEL =     6398.3158  RESTRAINT  =      239.0664
 EAMBER  =   -59436.2629


   NSTEP       ENERGY          RMS            GMAX         NAME    NUMBER
    155      -5.9204E+04     2.7147E+00     1.9790E+02     OXT      1908

 BOND    =     3791.4665  ANGLE   =      200.0730  DIHED      =     2096.4176
 VDWAALS =     6768.6032  EEL     =   -79219.8408  HBOND      =        0.0000
 1-4 VDW =      522.7875  1-4 EEL =     6398.3170  RESTRAINT  =      238.1841
 EAMBER  =   -59442.1760


   NSTEP       ENERGY          RMS            GMAX         NAME    NUMBER
    160      -5.9389E+04     1.3530E+00     1.1019E+02     OXT      1908

 BOND    =     3694.5037  ANGLE   =      173.6097  DIHED      =     2094.8761
 VDWAALS =     6759.0049  EEL     =   -79223.1137  HBOND      =        0.0000
 1-4 VDW =      522.7717  1-4 EEL =     6402.8960  RESTRAINT  =      186.1199
 EAMBER  =   -59575.4516


   NSTEP       ENERGY          RMS            GMAX         NAME    NUMBER
    165      -5.9465E+04     1.1860E+00     8.7458E+01     CA       1891

 BOND    =     3730.5619  ANGLE   =      173.7787  DIHED      =     2094.1391
 VDWAALS =     6751.6995  EEL     =   -79327.5257  HBOND      =        0.0000
 1-4 VDW =      523.9118  1-4 EEL =     6406.4347  RESTRAINT  =      182.2446
 EAMBER  =   -59647.0001


   NSTEP       ENERGY          RMS            GMAX         NAME    NUMBER
    170      -5.9635E+04     1.3591E+00     9.9145E+01     CA       1891

 BOND    =     3761.1334  ANGLE   =      175.5530  DIHED      =     2095.6077
 VDWAALS =     6823.8267  EEL     =   -79607.3927  HBOND      =        0.0000
 1-4 VDW =      524.4866  1-4 EEL =     6403.4523  RESTRAINT  =      188.0281
 EAMBER  =   -59823.3330


   NSTEP       ENERGY          RMS            GMAX         NAME    NUMBER
    175      -5.9819E+04     1.7762E+00     1.1625E+02     C10      1919

 BOND    =     3781.5210  ANGLE   =      177.7653  DIHED      =     2094.6585
 VDWAALS =     7032.0951  EEL     =   -80021.2091  HBOND      =        0.0000
 1-4 VDW =      523.2388  1-4 EEL =     6403.4922  RESTRAINT  =      189.8697
 EAMBER  =   -60008.4382


   NSTEP       ENERGY          RMS            GMAX         NAME    NUMBER
    180      -5.9823E+04     1.6792E+00     1.0359E+02     CA       1891

 BOND    =     3779.5429  ANGLE   =      177.3955  DIHED      =     2094.6409
 VDWAALS =     7032.2512  EEL     =   -80022.8032  HBOND      =        0.0000
 1-4 VDW =      523.2319  1-4 EEL =     6403.5201  RESTRAINT  =      189.7055
 EAMBER  =   -60012.2207


   NSTEP       ENERGY          RMS            GMAX         NAME    NUMBER
    185      -5.9921E+04     1.0163E+00     7.2137E+01     CA       1891

 BOND    =     3786.5947  ANGLE   =      172.9404  DIHED      =     2094.5141
 VDWAALS =     7054.8557  EEL     =   -80138.3225  HBOND      =        0.0000
 1-4 VDW =      523.8083  1-4 EEL =     6404.4473  RESTRAINT  =      179.7563
 EAMBER  =   -60101.1619


   NSTEP       ENERGY          RMS            GMAX         NAME    NUMBER
    190      -6.0026E+04     1.2531E+00     7.8530E+01     C        1887

 BOND    =     3841.8263  ANGLE   =      179.7149  DIHED      =     2094.6825
 VDWAALS =     7173.9325  EEL     =   -80437.9323  HBOND      =        0.0000
 1-4 VDW =      523.7906  1-4 EEL =     6406.0908  RESTRAINT  =      191.7313
 EAMBER  =   -60217.8946


   NSTEP       ENERGY          RMS            GMAX         NAME    NUMBER
    195      -6.0176E+04     1.2608E+00     5.6816E+01     OXT      1908

 BOND    =     3833.6567  ANGLE   =      174.4627  DIHED      =     2095.3383
 VDWAALS =     7450.6073  EEL     =   -80842.1336  HBOND      =        0.0000
 1-4 VDW =      522.8670  1-4 EEL =     6402.6180  RESTRAINT  =      187.0272
 EAMBER  =   -60362.5836


   NSTEP       ENERGY          RMS            GMAX         NAME    NUMBER
    200      -6.0283E+04     2.1605E+00     1.3043E+02     C10      1919

 BOND    =     3937.5970  ANGLE   =      185.4492  DIHED      =     2094.8501
 VDWAALS =     7659.1175  EEL     =   -81282.5462  HBOND      =        0.0000
 1-4 VDW =      523.4306  1-4 EEL =     6401.8576  RESTRAINT  =      197.2877
 EAMBER  =   -60480.2443


   NSTEP       ENERGY          RMS            GMAX         NAME    NUMBER
    205      -6.0288E+04     2.0425E+00     1.1725E+02     C10      1919

 BOND    =     3933.8280  ANGLE   =      184.7503  DIHED      =     2094.8471
 VDWAALS =     7658.9156  EEL     =   -81282.2915  HBOND      =        0.0000
 1-4 VDW =      523.4233  1-4 EEL =     6401.9038  RESTRAINT  =      196.6273
 EAMBER  =   -60484.6235


   NSTEP       ENERGY          RMS            GMAX         NAME    NUMBER
    210      -6.0402E+04     1.1846E+00     5.3701E+01     C10      1919

 BOND    =     3915.9149  ANGLE   =      170.9586  DIHED      =     2094.7485
 VDWAALS =     7637.4079  EEL     =   -81327.1596  HBOND      =        0.0000
 1-4 VDW =      523.2908  1-4 EEL =     6404.3793  RESTRAINT  =      178.4837
 EAMBER  =   -60580.4596


   NSTEP       ENERGY          RMS            GMAX         NAME    NUMBER
    215      -6.0484E+04     1.1863E+00     9.1456E+01     OXT      1908

 BOND    =     3918.5616  ANGLE   =      177.4017  DIHED      =     2093.8714
 VDWAALS =     7610.9529  EEL     =   -81403.2804  HBOND      =        0.0000
 1-4 VDW =      523.8509  1-4 EEL =     6406.9610  RESTRAINT  =      187.8875
 EAMBER  =   -60671.6808


   NSTEP       ENERGY          RMS            GMAX         NAME    NUMBER
    220      -6.0597E+04     1.5299E+00     1.0254E+02     OXT      1908

 BOND    =     3958.9277  ANGLE   =      176.1770  DIHED      =     2094.6202
 VDWAALS =     7688.3093  EEL     =   -81623.8776  HBOND      =        0.0000
 1-4 VDW =      523.1802  1-4 EEL =     6402.4122  RESTRAINT  =      183.0213
 EAMBER  =   -60780.2510


   NSTEP       ENERGY          RMS            GMAX         NAME    NUMBER
    225      -6.0661E+04     1.4265E+00     8.9642E+01     CA       1891

 BOND    =     3928.6259  ANGLE   =      177.1356  DIHED      =     2094.9147
 VDWAALS =     7759.1480  EEL     =   -81731.2094  HBOND      =        0.0000
 1-4 VDW =      522.6981  1-4 EEL =     6403.1166  RESTRAINT  =      184.5704
 EAMBER  =   -60845.5706


   NSTEP       ENERGY          RMS            GMAX         NAME    NUMBER
    230      -6.0664E+04     1.3419E+00     8.5670E+01     CA       1891

 BOND    =     3928.7552  ANGLE   =      176.7817  DIHED      =     2094.8988
 VDWAALS =     7759.2656  EEL     =   -81733.9172  HBOND      =        0.0000
 1-4 VDW =      522.7039  1-4 EEL =     6403.1184  RESTRAINT  =      184.4655
 EAMBER  =   -60848.3936


   NSTEP       ENERGY          RMS            GMAX         NAME    NUMBER
    235      -6.0732E+04     1.0107E+00     4.2479E+01     C10      1919

 BOND    =     3935.0622  ANGLE   =      172.5188  DIHED      =     2094.3904
 VDWAALS =     7779.1351  EEL     =   -81820.4740  HBOND      =        0.0000
 1-4 VDW =      523.7142  1-4 EEL =     6404.5816  RESTRAINT  =      178.8259
 EAMBER  =   -60911.0718


   NSTEP       ENERGY          RMS            GMAX         NAME    NUMBER
    240      -6.0803E+04     1.1472E+00     8.6051E+01     OXT      1908

 BOND    =     4011.7326  ANGLE   =      176.9368  DIHED      =     2094.3370
 VDWAALS =     7873.3010  EEL     =   -82076.1399  HBOND      =        0.0000
 1-4 VDW =      523.7648  1-4 EEL =     6406.5431  RESTRAINT  =      186.0775
 EAMBER  =   -60989.5246


   NSTEP       ENERGY          RMS            GMAX         NAME    NUMBER
    245      -6.0915E+04     1.0485E+00     4.9303E+01     CA       1891

 BOND    =     4006.8645  ANGLE   =      172.2411  DIHED      =     2095.1009
 VDWAALS =     8096.6765  EEL     =   -82393.5680  HBOND      =        0.0000
 1-4 VDW =      523.1730  1-4 EEL =     6403.4507  RESTRAINT  =      180.9149
 EAMBER  =   -61096.0612


   NSTEP       ENERGY          RMS            GMAX         NAME    NUMBER
    250      -6.0991E+04     1.8529E+00     1.2776E+02     C10      1919

 BOND    =     4077.2631  ANGLE   =      178.7225  DIHED      =     2094.7881
 VDWAALS =     8241.1207  EEL     =   -82697.8958  HBOND      =        0.0000
 1-4 VDW =      523.3543  1-4 EEL =     6403.1077  RESTRAINT  =      188.8287
 EAMBER  =   -61179.5393


   NSTEP       ENERGY          RMS            GMAX         NAME    NUMBER
    255      -6.0995E+04     1.7404E+00     1.1376E+02     C10      1919

 BOND    =     4072.7478  ANGLE   =      178.3114  DIHED      =     2094.7794
 VDWAALS =     8240.9938  EEL     =   -82696.3442  HBOND      =        0.0000
 1-4 VDW =      523.3478  1-4 EEL =     6403.1299  RESTRAINT  =      188.3014
 EAMBER  =   -61183.0342


   NSTEP       ENERGY          RMS            GMAX         NAME    NUMBER
    260      -6.1075E+04     9.3627E-01     4.3680E+01     CA       1891

 BOND    =     4058.3992  ANGLE   =      170.7095  DIHED      =     2094.5821
 VDWAALS =     8226.7974  EEL     =   -82731.5079  HBOND      =        0.0000
 1-4 VDW =      523.1961  1-4 EEL =     6404.3008  RESTRAINT  =      178.1654
 EAMBER  =   -61253.5229


   NSTEP       ENERGY          RMS            GMAX         NAME    NUMBER
    265      -6.1146E+04     1.0574E+00     6.6470E+01     OXT      1908

 BOND    =     4034.8186  ANGLE   =      175.9386  DIHED      =     2093.7916
 VDWAALS =     8206.2479  EEL     =   -82772.4724  HBOND      =        0.0000
 1-4 VDW =      523.4564  1-4 EEL =     6406.6167  RESTRAINT  =      185.3057
 EAMBER  =   -61331.6025


   NSTEP       ENERGY          RMS            GMAX         NAME    NUMBER
    270      -6.1228E+04     1.1626E+00     1.0170E+02     OXT      1908

 BOND    =     4075.5674  ANGLE   =      173.5506  DIHED      =     2094.5693
 VDWAALS =     8266.4510  EEL     =   -82947.0013  HBOND      =        0.0000
 1-4 VDW =      523.4367  1-4 EEL =     6403.8264  RESTRAINT  =      181.3592
 EAMBER  =   -61409.5999


   NSTEP       ENERGY          RMS            GMAX         NAME    NUMBER
    275      -6.1286E+04     1.4393E+00     9.7893E+01     CA       1891

 BOND    =     4031.6303  ANGLE   =      177.2635  DIHED      =     2095.0201
 VDWAALS =     8348.4941  EEL     =   -83052.7266  HBOND      =        0.0000
 1-4 VDW =      522.7900  1-4 EEL =     6403.3900  RESTRAINT  =      187.9450
 EAMBER  =   -61474.1386


   NSTEP       ENERGY          RMS            GMAX         NAME    NUMBER
    280      -6.1289E+04     1.3492E+00     9.2887E+01     CA       1891

 BOND    =     4034.6111  ANGLE   =      176.9114  DIHED      =     2095.0038
 VDWAALS =     8348.4917  EEL     =   -83057.8691  HBOND      =        0.0000
 1-4 VDW =      522.7957  1-4 EEL =     6403.3707  RESTRAINT  =      187.5045
 EAMBER  =   -61476.6847


   NSTEP       ENERGY          RMS            GMAX         NAME    NUMBER
    285      -6.1349E+04     1.2302E+00     9.8948E+01     C10      1919

 BOND    =     4034.7539  ANGLE   =      172.8913  DIHED      =     2094.2691
 VDWAALS =     8364.3112  EEL     =   -83121.3276  HBOND      =        0.0000
 1-4 VDW =      523.7724  1-4 EEL =     6405.0379  RESTRAINT  =      176.7955
 EAMBER  =   -61526.2918


   NSTEP       ENERGY          RMS            GMAX         NAME    NUMBER
    290      -6.1400E+04     1.0334E+00     5.5928E+01     O        1907

 BOND    =     4151.7416  ANGLE   =      175.0854  DIHED      =     2094.2251
 VDWAALS =     8423.2803  EEL     =   -83357.1500  HBOND      =        0.0000
 1-4 VDW =      523.5654  1-4 EEL =     6406.2050  RESTRAINT  =      183.3685
 EAMBER  =   -61583.0473


   NSTEP       ENERGY          RMS            GMAX         NAME    NUMBER
    295      -6.1488E+04     1.4306E+00     1.3406E+02     C10      1919

 BOND    =     4142.9197  ANGLE   =      171.8906  DIHED      =     2094.6820
 VDWAALS =     8623.9508  EEL     =   -83626.4476  HBOND      =        0.0000
 1-4 VDW =      523.1578  1-4 EEL =     6403.6270  RESTRAINT  =      178.6664
 EAMBER  =   -61666.2196


   NSTEP       ENERGY          RMS            GMAX         NAME    NUMBER
    300      -6.1540E+04     1.2267E+00     6.9378E+01     CA       1891

 BOND    =     4153.9103  ANGLE   =      176.0219  DIHED      =     2094.6331
 VDWAALS =     8706.2689  EEL     =   -83779.5358  HBOND      =        0.0000
 1-4 VDW =      523.3957  1-4 EEL =     6404.1423  RESTRAINT  =      181.6418
 EAMBER  =   -61721.1635


   NSTEP       ENERGY          RMS            GMAX         NAME    NUMBER
    305      -6.1542E+04     1.1539E+00     6.3902E+01     CA       1891

 BOND    =     4150.9809  ANGLE   =      175.5826  DIHED      =     2094.6150
 VDWAALS =     8706.0671  EEL     =   -83778.7317  HBOND      =        0.0000
 1-4 VDW =      523.3816  1-4 EEL =     6404.1250  RESTRAINT  =      181.5114
 EAMBER  =   -61723.9796


   NSTEP       ENERGY          RMS            GMAX         NAME    NUMBER
    310      -6.1601E+04     8.5249E-01     3.6514E+01     C        1887

 BOND    =     4168.1158  ANGLE   =      170.9253  DIHED      =     2094.4117
 VDWAALS =     8695.4835  EEL     =   -83836.8943  HBOND      =        0.0000
 1-4 VDW =      523.2169  1-4 EEL =     6404.8201  RESTRAINT  =      178.5908
 EAMBER  =   -61779.9210


   NSTEP       ENERGY          RMS            GMAX         NAME    NUMBER
    315      -6.1668E+04     9.4514E-01     5.3356E+01     OXT      1908

 BOND    =     4180.5215  ANGLE   =      174.3092  DIHED      =     2094.0157
 VDWAALS =     8679.7721  EEL     =   -83908.4317  HBOND      =        0.0000
 1-4 VDW =      523.2793  1-4 EEL =     6405.9233  RESTRAINT  =      182.6329
 EAMBER  =   -61850.6106


   NSTEP       ENERGY          RMS            GMAX         NAME    NUMBER
    320      -6.1726E+04     8.5693E-01     5.4268E+01     CA       1891

 BOND    =     4143.2668  ANGLE   =      172.2074  DIHED      =     2094.5479
 VDWAALS =     8730.8462  EEL     =   -83972.7050  HBOND      =        0.0000
 1-4 VDW =      523.4425  1-4 EEL =     6403.8972  RESTRAINT  =      178.8730
 EAMBER  =   -61904.4969


   NSTEP       ENERGY          RMS            GMAX         NAME    NUMBER
    325      -6.1795E+04     1.8120E+00     1.5990E+02     C10      1919

 BOND    =     4198.0341  ANGLE   =      178.5308  DIHED      =     2095.5902
 VDWAALS =     8845.4127  EEL     =   -84225.6874  HBOND      =        0.0000
 1-4 VDW =      523.0361  1-4 EEL =     6403.2658  RESTRAINT  =      187.3142
 EAMBER  =   -61981.8178


   NSTEP       ENERGY          RMS            GMAX         NAME    NUMBER
    330      -6.1799E+04     1.6786E+00     1.4077E+02     C10      1919

 BOND    =     4195.7421  ANGLE   =      178.1627  DIHED      =     2095.5509
 VDWAALS =     8845.5469  EEL     =   -84227.2910  HBOND      =        0.0000
 1-4 VDW =      523.0294  1-4 EEL =     6403.2910  RESTRAINT  =      187.1903
 EAMBER  =   -61985.9679


   NSTEP       ENERGY          RMS            GMAX         NAME    NUMBER
    335      -6.1865E+04     6.7097E-01     5.9581E+01     CA       1891

 BOND    =     4169.8648  ANGLE   =      170.9905  DIHED      =     2094.3766
 VDWAALS =     8856.0718  EEL     =   -84262.4418  HBOND      =        0.0000
 1-4 VDW =      523.5001  1-4 EEL =     6404.0585  RESTRAINT  =      178.1591
 EAMBER  =   -62043.5795


   NSTEP       ENERGY          RMS            GMAX         NAME    NUMBER
    340      -6.1904E+04     9.1870E-01     5.6030E+01     OXT      1908

 BOND    =     4197.4875  ANGLE   =      175.1491  DIHED      =     2094.3834
 VDWAALS =     8903.8444  EEL     =   -84386.9254  HBOND      =        0.0000
 1-4 VDW =      523.4862  1-4 EEL =     6405.7178  RESTRAINT  =      182.8390
 EAMBER  =   -62086.8570


   NSTEP       ENERGY          RMS            GMAX         NAME    NUMBER
    345      -6.1982E+04     1.0399E+00     6.6760E+01     OXT      1908

 BOND    =     4230.0971  ANGLE   =      171.9144  DIHED      =     2094.4887
 VDWAALS =     9084.4787  EEL     =   -84670.8895  HBOND      =        0.0000
 1-4 VDW =      523.0903  1-4 EEL =     6405.1466  RESTRAINT  =      179.2925
 EAMBER  =   -62161.6737


   NSTEP       ENERGY          RMS            GMAX         NAME    NUMBER
    350      -6.2029E+04     1.2705E+00     6.8481E+01     CA       1891

 BOND    =     4238.6439  ANGLE   =      174.7796  DIHED      =     2094.7559
 VDWAALS =     9164.2127  EEL     =   -84811.8034  HBOND      =        0.0000
 1-4 VDW =      523.4183  1-4 EEL =     6405.0669  RESTRAINT  =      181.5144
 EAMBER  =   -62210.9261


   NSTEP       ENERGY          RMS            GMAX         NAME    NUMBER
    355      -6.2033E+04     1.1702E+00     6.2126E+01     CA       1891

 BOND    =     4236.4027  ANGLE   =      174.3208  DIHED      =     2094.7148
 VDWAALS =     9164.0618  EEL     =   -84811.8918  HBOND      =        0.0000
 1-4 VDW =      523.4048  1-4 EEL =     6404.9968  RESTRAINT  =      181.2680
 EAMBER  =   -62213.9901


   NSTEP       ENERGY          RMS            GMAX         NAME    NUMBER
    360      -6.2091E+04     7.7198E-01     3.8623E+01     C        1887

 BOND    =     4273.1330  ANGLE   =      170.8795  DIHED      =     2094.3743
 VDWAALS =     9151.8712  EEL     =   -84887.6062  HBOND      =        0.0000
 1-4 VDW =      523.3161  1-4 EEL =     6404.7451  RESTRAINT  =      177.9910
 EAMBER  =   -62269.2870


   NSTEP       ENERGY          RMS            GMAX         NAME    NUMBER
    365      -6.2144E+04     8.5900E-01     4.7739E+01     OXT      1908

 BOND    =     4266.4840  ANGLE   =      174.5628  DIHED      =     2094.2317
 VDWAALS =     9137.2600  EEL     =   -84927.2941  HBOND      =        0.0000
 1-4 VDW =      523.3222  1-4 EEL =     6405.6763  RESTRAINT  =      181.7146
 EAMBER  =   -62325.7570


   NSTEP       ENERGY          RMS            GMAX         NAME    NUMBER
    370      -6.2188E+04     7.5247E-01     5.0000E+01     CA       1891

 BOND    =     4232.5433  ANGLE   =      171.4491  DIHED      =     2094.4723
 VDWAALS =     9173.3338  EEL     =   -84966.5241  HBOND      =        0.0000
 1-4 VDW =      523.4289  1-4 EEL =     6404.3668  RESTRAINT  =      178.7329
 EAMBER  =   -62366.9300


   NSTEP       ENERGY          RMS            GMAX         NAME    NUMBER
    375      -6.2240E+04     1.3283E+00     7.9990E+01     C        1906

 BOND    =     4285.2098  ANGLE   =      177.6222  DIHED      =     2095.6086
 VDWAALS =     9263.0489  EEL     =   -85176.0514  HBOND      =        0.0000
 1-4 VDW =      523.1696  1-4 EEL =     6404.0623  RESTRAINT  =      187.7046
 EAMBER  =   -62427.3302


   NSTEP       ENERGY          RMS            GMAX         NAME    NUMBER
    380      -6.2243E+04     1.2360E+00     7.1151E+01     C        1906

 BOND    =     4284.4894  ANGLE   =      177.1133  DIHED      =     2095.5500
 VDWAALS =     9263.2106  EEL     =   -85177.7205  HBOND      =        0.0000
 1-4 VDW =      523.1670  1-4 EEL =     6404.0978  RESTRAINT  =      187.2981
 EAMBER  =   -62430.0925


   NSTEP       ENERGY          RMS            GMAX         NAME    NUMBER
    385      -6.2301E+04     8.3198E-01     5.7581E+01     CA       1891

 BOND    =     4252.3056  ANGLE   =      171.4555  DIHED      =     2094.1946
 VDWAALS =     9280.2709  EEL     =   -85205.2052  HBOND      =        0.0000
 1-4 VDW =      523.7738  1-4 EEL =     6404.3830  RESTRAINT  =      177.6075
 EAMBER  =   -62478.8218


   NSTEP       ENERGY          RMS            GMAX         NAME    NUMBER
    390      -6.2331E+04     9.5536E-01     9.5232E+01     C10      1919

 BOND    =     4293.4177  ANGLE   =      174.3606  DIHED      =     2094.2228
 VDWAALS =     9322.5499  EEL     =   -85324.8010  HBOND      =        0.0000
 1-4 VDW =      523.4133  1-4 EEL =     6405.4131  RESTRAINT  =      180.3984
 EAMBER  =   -62511.4236


   NSTEP       ENERGY          RMS            GMAX         NAME    NUMBER
    395      -6.2392E+04     9.4214E-01     5.8458E+01     OXT      1908

 BOND    =     4308.7258  ANGLE   =      171.2310  DIHED      =     2094.4539
 VDWAALS =     9468.9770  EEL     =   -85542.7074  HBOND      =        0.0000
 1-4 VDW =      523.1766  1-4 EEL =     6405.3974  RESTRAINT  =      178.6804
 EAMBER  =   -62570.7456


   NSTEP       ENERGY          RMS            GMAX         NAME    NUMBER
    400      -6.2425E+04     1.0548E+00     4.6316E+01     C        1906

 BOND    =     4323.4960  ANGLE   =      173.6511  DIHED      =     2094.4107
 VDWAALS =     9527.3839  EEL     =   -85651.9203  HBOND      =        0.0000
 1-4 VDW =      523.4164  1-4 EEL =     6405.1428  RESTRAINT  =      179.8094
 EAMBER  =   -62604.4194


   NSTEP       ENERGY          RMS            GMAX         NAME    NUMBER
    405      -6.2427E+04     9.6045E-01     4.0949E+01     CA       1891

 BOND    =     4319.9464  ANGLE   =      173.2703  DIHED      =     2094.3954
 VDWAALS =     9527.2875  EEL     =   -85650.4239  HBOND      =        0.0000
 1-4 VDW =      523.4071  1-4 EEL =     6405.1133  RESTRAINT  =      179.7080
 EAMBER  =   -62607.0039


   NSTEP       ENERGY          RMS            GMAX         NAME    NUMBER
    410      -6.2467E+04     7.7617E-01     4.8611E+01     C10      1919

 BOND    =     4360.4023  ANGLE   =      170.5929  DIHED      =     2094.2430
 VDWAALS =     9520.0607  EEL     =   -85719.2809  HBOND      =        0.0000
 1-4 VDW =      523.3463  1-4 EEL =     6404.5837  RESTRAINT  =      178.7266
 EAMBER  =   -62646.0517


   NSTEP       ENERGY          RMS            GMAX         NAME    NUMBER
    415      -6.2507E+04     7.9798E-01     3.3299E+01     N        1889

 BOND    =     4324.7066  ANGLE   =      173.7966  DIHED      =     2094.1405
 VDWAALS =     9508.7754  EEL     =   -85718.5334  HBOND      =        0.0000
 1-4 VDW =      523.2641  1-4 EEL =     6405.0767  RESTRAINT  =      182.0547
 EAMBER  =   -62688.7735


   NSTEP       ENERGY          RMS            GMAX         NAME    NUMBER
    420      -6.2551E+04     7.3271E-01     3.8951E+01     CA       1891

 BOND    =     4318.7251  ANGLE   =      171.7463  DIHED      =     2094.2738
 VDWAALS =     9546.0888  EEL     =   -85788.0535  HBOND      =        0.0000
 1-4 VDW =      523.4572  1-4 EEL =     6404.4978  RESTRAINT  =      178.1319
 EAMBER  =   -62729.2645


   NSTEP       ENERGY          RMS            GMAX         NAME    NUMBER
    425      -6.2590E+04     1.1742E+00     7.4082E+01     C10      1919

 BOND    =     4349.4183  ANGLE   =      175.9719  DIHED      =     2095.3071
 VDWAALS =     9620.6781  EEL     =   -85943.2681  HBOND      =        0.0000
 1-4 VDW =      523.1298  1-4 EEL =     6404.7100  RESTRAINT  =      184.5277
 EAMBER  =   -62774.0529


   NSTEP       ENERGY          RMS            GMAX         NAME    NUMBER
    430      -6.2592E+04     1.0829E+00     6.1947E+01     C10      1919

 BOND    =     4350.1611  ANGLE   =      175.6657  DIHED      =     2095.2677
 VDWAALS =     9620.7547  EEL     =   -85946.0969  HBOND      =        0.0000
 1-4 VDW =      523.1324  1-4 EEL =     6404.7151  RESTRAINT  =      184.4096
 EAMBER  =   -62776.4001


   NSTEP       ENERGY          RMS            GMAX         NAME    NUMBER
    435      -6.2636E+04     8.5256E-01     4.7841E+01     C        1906

 BOND    =     4304.8970  ANGLE   =      171.6272  DIHED      =     2094.1356
 VDWAALS =     9634.8824  EEL     =   -85947.7533  HBOND      =        0.0000
 1-4 VDW =      523.6797  1-4 EEL =     6404.1798  RESTRAINT  =      178.3745
 EAMBER  =   -62814.3516


   NSTEP       ENERGY          RMS            GMAX         NAME    NUMBER
    440      -6.2661E+04     7.3546E-01     4.1873E+01     C        1906

 BOND    =     4391.9487  ANGLE   =      173.8855  DIHED      =     2094.2065
 VDWAALS =     9668.3384  EEL     =   -86099.0031  HBOND      =        0.0000
 1-4 VDW =      523.4146  1-4 EEL =     6404.8870  RESTRAINT  =      180.8962
 EAMBER  =   -62842.3225


   NSTEP       ENERGY          RMS            GMAX         NAME    NUMBER
    445      -6.2714E+04     8.2043E-01     3.7079E+01     C7       1916

 BOND    =     4375.8617  ANGLE   =      171.7030  DIHED      =     2094.3721
 VDWAALS =     9802.9898  EEL     =   -86266.0689  HBOND      =        0.0000
 1-4 VDW =      523.2305  1-4 EEL =     6405.4263  RESTRAINT  =      178.8050
 EAMBER  =   -62892.4853


   NSTEP       ENERGY          RMS            GMAX         NAME    NUMBER
    450      -6.2741E+04     1.1138E+00     8.5428E+01     CD        327

 BOND    =     4389.1593  ANGLE   =      173.6039  DIHED      =     2094.3733
 VDWAALS =     9851.3476  EEL     =   -86357.9629  HBOND      =        0.0000
 1-4 VDW =      523.3818  1-4 EEL =     6405.1394  RESTRAINT  =      180.3200
 EAMBER  =   -62920.9577


   NSTEP       ENERGY          RMS            GMAX         NAME    NUMBER
    455      -6.2744E+04     9.9282E-01     7.1117E+01     CD        327

 BOND    =     4385.8848  ANGLE   =      173.1927  DIHED      =     2094.3474
 VDWAALS =     9851.2910  EEL     =   -86356.7447  HBOND      =        0.0000
 1-4 VDW =      523.3783  1-4 EEL =     6405.1147  RESTRAINT  =      180.0098
 EAMBER  =   -62923.5358


   NSTEP       ENERGY          RMS            GMAX         NAME    NUMBER
    460      -6.2775E+04     7.5942E-01     6.4102E+01     C10      1919

 BOND    =     4424.6116  ANGLE   =      170.4779  DIHED      =     2094.2687
 VDWAALS =     9847.4256  EEL     =   -86416.8444  HBOND      =        0.0000
 1-4 VDW =      523.3279  1-4 EEL =     6404.5999  RESTRAINT  =      176.8839
 EAMBER  =   -62952.1328


   NSTEP       ENERGY          RMS            GMAX         NAME    NUMBER
    465      -6.2808E+04     6.8960E-01     3.3924E+01     C7       1916

 BOND    =     4396.5911  ANGLE   =      173.6146  DIHED      =     2094.0762
 VDWAALS =     9839.3083  EEL     =   -86420.5674  HBOND      =        0.0000
 1-4 VDW =      523.1808  1-4 EEL =     6404.9496  RESTRAINT  =      180.7596
 EAMBER  =   -62988.8468


   NSTEP       ENERGY          RMS            GMAX         NAME    NUMBER
    470      -6.2846E+04     6.9577E-01     3.1784E+01     C10      1919

 BOND    =     4391.2580  ANGLE   =      171.4294  DIHED      =     2094.2303
 VDWAALS =     9871.6985  EEL     =   -86481.3054  HBOND      =        0.0000
 1-4 VDW =      523.4892  1-4 EEL =     6404.7530  RESTRAINT  =      178.5502
 EAMBER  =   -63024.4472


   NSTEP       ENERGY          RMS            GMAX         NAME    NUMBER
    475      -6.2877E+04     9.7044E-01     6.7675E+01     C10      1919

 BOND    =     4418.4636  ANGLE   =      175.4930  DIHED      =     2095.0669
 VDWAALS =     9933.6724  EEL     =   -86613.6872  HBOND      =        0.0000
 1-4 VDW =      523.1518  1-4 EEL =     6404.8502  RESTRAINT  =      185.9732
 EAMBER  =   -63062.9892


   NSTEP       ENERGY          RMS            GMAX         NAME    NUMBER
    480      -6.2879E+04     8.9708E-01     5.5425E+01     C10      1919

 BOND    =     4419.3271  ANGLE   =      175.2208  DIHED      =     2095.0414
 VDWAALS =     9933.7822  EEL     =   -86615.7638  HBOND      =        0.0000
 1-4 VDW =      523.1550  1-4 EEL =     6404.8486  RESTRAINT  =      185.5000
 EAMBER  =   -63064.3888


   NSTEP       ENERGY          RMS            GMAX         NAME    NUMBER
    485      -6.2918E+04     6.3579E-01     2.6640E+01     CA       1891

 BOND    =     4366.6523  ANGLE   =      171.5148  DIHED      =     2093.9885
 VDWAALS =     9946.6126  EEL     =   -86602.1929  HBOND      =        0.0000
 1-4 VDW =      523.6355  1-4 EEL =     6404.2979  RESTRAINT  =      177.2408
 EAMBER  =   -63095.4913


   NSTEP       ENERGY          RMS            GMAX         NAME    NUMBER
    490      -6.2941E+04     6.9185E-01     4.7489E+01     CD        327

 BOND    =     4452.4497  ANGLE   =      173.4695  DIHED      =     2094.1115
 VDWAALS =     9982.9987  EEL     =   -86752.8588  HBOND      =        0.0000
 1-4 VDW =      523.2740  1-4 EEL =     6404.8178  RESTRAINT  =      180.4131
 EAMBER  =   -63121.7376


   NSTEP       ENERGY          RMS            GMAX         NAME    NUMBER
    495      -6.2984E+04     6.4879E-01     3.7799E+01     C7       1916

 BOND    =     4438.3516  ANGLE   =      171.5916  DIHED      =     2094.1616
 VDWAALS =    10087.7452  EEL     =   -86882.1041  HBOND      =        0.0000
 1-4 VDW =      523.2261  1-4 EEL =     6405.1894  RESTRAINT  =      178.3243
 EAMBER  =   -63161.8385


   NSTEP       ENERGY          RMS            GMAX         NAME    NUMBER
    500      -6.3023E+04     1.6897E+00     7.9885E+01     C        1867

 BOND    =     4521.2339  ANGLE   =      176.3671  DIHED      =     2094.0213
 VDWAALS =    10168.2288  EEL     =   -87091.2870  HBOND      =        0.0000
 1-4 VDW =      523.5486  1-4 EEL =     6404.0402  RESTRAINT  =      181.0519
 EAMBER  =   -63203.8472


  Maximum number of minimization cycles reached.


                    FINAL RESULTS



   NSTEP       ENERGY          RMS            GMAX         NAME    NUMBER
    500      -6.3023E+04     1.6897E+00     7.9885E+01     C        1867

 BOND    =     4521.2339  ANGLE   =      176.3671  DIHED      =     2094.0213
 VDWAALS =    10168.2288  EEL     =   -87091.2870  HBOND      =        0.0000
 1-4 VDW =      523.5486  1-4 EEL =     6404.0402  RESTRAINT  =      181.0519
 EAMBER  =   -63203.8472
--------------------------------------------------------------------------------
   5.  TIMINGS
--------------------------------------------------------------------------------

|  NonSetup CPU Time in Major Routines:
|
|     Routine           Sec        %
|     ------------------------------
|     Nonbond          25.46   95.71
|     Bond              0.10    0.36
|     Angle             0.10    0.39
|     Dihedral          0.80    3.01
|     Shake             0.00    0.00
|     Other             0.14    0.53
|     ------------------------------
|     Total            26.60

|  PME Nonbond Pairlist CPU Time:
|
|     Routine              Sec        %
|     ---------------------------------
|     Set Up Cit           0.01    0.03
|     Build List           0.51    1.91
|     ---------------------------------
|     Total                0.52    1.94

|  PME Direct Force CPU Time:
|
|     Routine              Sec        %
|     ---------------------------------
|     NonBonded Calc      18.68   70.23
|     Exclude Masked       0.40    1.49
|     Other                0.06    0.24
|     ---------------------------------
|     Total               19.14   71.96

|  PME Reciprocal Force CPU Time:
|
|     Routine              Sec        %
|     ---------------------------------
|     1D bspline           0.22    0.83
|     Grid Charges         0.50    1.89
|     Scalar Sum           1.04    3.92
|     Gradient Sum         1.11    4.16
|     FFT                  2.92   10.98
|     ---------------------------------
|     Total                5.80   21.79

|  Setup CPU time:            0.17 seconds
|  NonSetup CPU time:        26.60 seconds
|  Total CPU time:           26.78 seconds     0.01 hours

|  Setup wall time:           0    seconds
|  NonSetup wall time:       27    seconds
|  Total wall time:          27    seconds     0.01 hours
