
          -------------------------------------------------------
          Amber 16 PMEMD                              2016
          -------------------------------------------------------

| PMEMD implementation of SANDER, Release 16

| Run on 07/03/2017 at 15:16:27

|   Executable path: pmemd
| Working directory: /home/german/obp/run/wt_ctv/mhe/m
|          Hostname: Unknown
  [-O]verwriting output

File Assignments:
|   MDIN: mmin.in                                                               
|  MDOUT: mmin.out                                                              
| INPCRD: mwt_ctv.rst7                                                          
|   PARM: /home/german/obp/top_files/wt_ctv.prmtop                              
| RESTRT: mmwt_ctv.rst7                                                         
|   REFC: wt_ctv.rst7                                                           
|  MDVEL: mdvel                                                                 
|   MDEN: mden                                                                  
|  MDCRD: mmwt_ctv.crd                                                          
| MDINFO: mdinfo                                                                
|  MDFRC: mdfrc                                                                 


 Here is the input file:

Minimization with Cartesian restraints                                         
&cntrl                                                                         
imin=1,                                                                        
ntmin=1,                                ! Steepest Descent, then Conjugate Grad
ncyc=100,                               ! 100 steps of Steepest Descent        
maxcyc=500,                             ! 400 steps of Conjugate Gradient      
ntpr=5,                                                                        
&end                                                                           


Note: ig = -1. Setting random seed to   772030 based on wallclock time in 
      microseconds.
 
 
| Conditional Compilation Defines Used:
| PUBFFT
| BINTRAJ
| EMIL

| Largest sphere to fit in unit cell has radius =    29.622

| New format PARM file being parsed.
| Version =    1.000 Date = 02/24/15 Time = 11:42:13

| Note: 1-4 EEL scale factors are being read from the topology file.

| Note: 1-4 VDW scale factors are being read from the topology file.
| Duplicated    0 dihedrals

| Duplicated    0 dihedrals

--------------------------------------------------------------------------------
   1.  RESOURCE   USE: 
--------------------------------------------------------------------------------

 getting box info from netcdf restart file
 NATOM  =   17534 NTYPES =      18 NBONH =   16577 MBONA  =     961
 NTHETH =    2251 MTHETA =    1289 NPHIH =    4381 MPHIA  =    4388
 NHPARM =       0 NPARM  =       0 NNB   =   31496 NRES   =    5322
 NBONA  =     961 NTHETA =    1289 NPHIA =    4388 NUMBND =      69
 NUMANG =     147 NPTRA  =     245 NATYP =      40 NPHB   =       1
 IFBOX  =       1 NMXRS  =      26 IFCAP =       0 NEXTRA =       0
 NCOPY  =       0

| Coordinate Index Table dimensions:    13   14   13
| Direct force subcell size =     4.6400    4.5095    4.5572

     BOX TYPE: RECTILINEAR

--------------------------------------------------------------------------------
   2.  CONTROL  DATA  FOR  THE  RUN
--------------------------------------------------------------------------------

default_name                                                                    

General flags:
     imin    =       1, nmropt  =       0

Nature and format of input:
     ntx     =       1, irest   =       0, ntrx    =       1

Nature and format of output:
     ntxo    =       2, ntpr    =       5, ntrx    =       1, ntwr    =       1
     iwrap   =       0, ntwx    =       0, ntwv    =       0, ntwe    =       0
     ioutfm  =       1, ntwprt  =       0, idecomp =       0, rbornstat=      0

Potential function:
     ntf     =       1, ntb     =       1, igb     =       0, nsnb    =      25
     ipol    =       0, gbsa    =       0, iesp    =       0
     dielc   =   1.00000, cut     =   8.00000, intdiel =   1.00000

Frozen or restrained atoms:
     ibelly  =       0, ntr     =       0

Energy minimization:
     maxcyc  =     500, ncyc    =     100, ntmin   =       1
     dx0     =   0.01000, drms    =   0.00010

| Intermolecular bonds treatment:
|     no_intermolecular_bonds =       1

| Energy averages sample interval:
|     ene_avg_sampling =       1

Ewald parameters:
     verbose =       0, ew_type =       0, nbflag  =       1, use_pme =       1
     vdwmeth =       1, eedmeth =       1, netfrc  =       0
     Box X =   60.320   Box Y =   63.133   Box Z =   59.244
     Alpha =   90.000   Beta  =   90.000   Gamma =   90.000
     NFFT1 =   64       NFFT2 =   64       NFFT3 =   60
     Cutoff=    8.000   Tol   =0.100E-04
     Ewald Coefficient =  0.34864
     Interpolation order =    4

--------------------------------------------------------------------------------
   3.  ATOMIC COORDINATES AND VELOCITIES
--------------------------------------------------------------------------------

default_name                                                                    
 begin time read from input coords =     0.000 ps

 
 Number of triangulated 3-point waters found:     5199

     Sum of charges from parm topology file =   0.00000093
     Forcing neutrality...

| Dynamic Memory, Types Used:
| Reals              511579
| Integers           561995

| Nonbonded Pairs Initial Allocation:     2928616

--------------------------------------------------------------------------------
   4.  RESULTS
--------------------------------------------------------------------------------

 ---------------------------------------------------
 APPROXIMATING switch and d/dx switch using CUBIC SPLINE INTERPOLATION
 using   5000.0 points per unit in tabled values
 TESTING RELATIVE ERROR over r ranging from 0.0 to cutoff
| CHECK switch(x): max rel err =   0.2738E-14   at   2.422500
| CHECK d/dx switch(x): max rel err =   0.8332E-11   at   2.782960
 ---------------------------------------------------
|---------------------------------------------------
| APPROXIMATING direct energy using CUBIC SPLINE INTERPOLATION
|  with   50.0 points per unit in tabled values
| Relative Error Limit not exceeded for r .gt.   2.47
| APPROXIMATING direct force using CUBIC SPLINE INTERPOLATION
|  with   50.0 points per unit in tabled values
| Relative Error Limit not exceeded for r .gt.   2.89
|---------------------------------------------------


   NSTEP       ENERGY          RMS            GMAX         NAME    NUMBER
      1      -6.3204E+04     1.9795E+00     8.0629E+01     C        1906

 BOND    =     4521.2339  ANGLE   =      176.3671  DIHED      =     2094.0213
 VDWAALS =    10168.2288  EEL     =   -87091.2870  HBOND      =        0.0000
 1-4 VDW =      523.5486  1-4 EEL =     6404.0402  RESTRAINT  =        0.0000


   NSTEP       ENERGY          RMS            GMAX         NAME    NUMBER
      5      -6.3229E+04     1.4739E+00     6.3262E+01     SG       1406

 BOND    =     4480.5002  ANGLE   =      174.5682  DIHED      =     2093.8353
 VDWAALS =    10162.0292  EEL     =   -87064.3332  HBOND      =        0.0000
 1-4 VDW =      522.4959  1-4 EEL =     6401.7766  RESTRAINT  =        0.0000


   NSTEP       ENERGY          RMS            GMAX         NAME    NUMBER
     10      -6.3276E+04     9.1655E-01     3.7536E+01     SG       1406

 BOND    =     4442.9844  ANGLE   =      174.0850  DIHED      =     2093.1807
 VDWAALS =    10143.0299  EEL     =   -87039.5996  HBOND      =        0.0000
 1-4 VDW =      518.4032  1-4 EEL =     6391.6596  RESTRAINT  =        0.0000


   NSTEP       ENERGY          RMS            GMAX         NAME    NUMBER
     15      -6.3357E+04     6.5639E-01     1.5070E+01     H4       1928

 BOND    =     4455.0889  ANGLE   =      177.4719  DIHED      =     2091.9845
 VDWAALS =    10111.1347  EEL     =   -87059.3494  HBOND      =        0.0000
 1-4 VDW =      506.7149  1-4 EEL =     6360.2553  RESTRAINT  =        0.0000


   NSTEP       ENERGY          RMS            GMAX         NAME    NUMBER
     20      -6.3435E+04     3.0352E+00     4.0609E+02     C10      1919

 BOND    =     4496.7056  ANGLE   =      188.6637  DIHED      =     2089.7332
 VDWAALS =    10083.1521  EEL     =   -87072.4898  HBOND      =        0.0000
 1-4 VDW =      479.6779  1-4 EEL =     6299.4516  RESTRAINT  =        0.0000


   NSTEP       ENERGY          RMS            GMAX         NAME    NUMBER
     25      -6.3508E+04     1.4841E+00     1.5840E+02     C10      1919

 BOND    =     4499.3214  ANGLE   =      192.1452  DIHED      =     2088.3022
 VDWAALS =    10084.6267  EEL     =   -87129.7252  HBOND      =        0.0000
 1-4 VDW =      471.7578  1-4 EEL =     6285.4428  RESTRAINT  =        0.0000


   NSTEP       ENERGY          RMS            GMAX         NAME    NUMBER
     30      -6.3531E+04     1.4357E+00     1.6380E+02     C10      1919

 BOND    =     4490.9784  ANGLE   =      194.0735  DIHED      =     2087.2244
 VDWAALS =    10086.3783  EEL     =   -87133.8766  HBOND      =        0.0000
 1-4 VDW =      466.5269  1-4 EEL =     6277.3717  RESTRAINT  =        0.0000


   NSTEP       ENERGY          RMS            GMAX         NAME    NUMBER
     35      -6.3555E+04     1.2750E+00     1.4425E+02     C        1906

 BOND    =     4492.3605  ANGLE   =      197.0134  DIHED      =     2085.8368
 VDWAALS =    10090.1584  EEL     =   -87151.1462  HBOND      =        0.0000
 1-4 VDW =      461.2362  1-4 EEL =     6269.3526  RESTRAINT  =        0.0000


   NSTEP       ENERGY          RMS            GMAX         NAME    NUMBER
     40      -6.3588E+04     3.9133E-01     2.3987E+01     C        1906

 BOND    =     4471.6884  ANGLE   =      197.8370  DIHED      =     2084.3642
 VDWAALS =    10093.4521  EEL     =   -87154.0038  HBOND      =        0.0000
 1-4 VDW =      456.3519  1-4 EEL =     6262.7518  RESTRAINT  =        0.0000


   NSTEP       ENERGY          RMS            GMAX         NAME    NUMBER
     45      -6.3595E+04     1.4727E+00     1.3908E+02     C        1906

 BOND    =     4497.9180  ANGLE   =      201.3400  DIHED      =     2082.5913
 VDWAALS =    10099.3937  EEL     =   -87183.9746  HBOND      =        0.0000
 1-4 VDW =      451.9026  1-4 EEL =     6256.0070  RESTRAINT  =        0.0000


   NSTEP       ENERGY          RMS            GMAX         NAME    NUMBER
     50      -6.3625E+04     4.9263E-01     4.5590E+01     C        1906

 BOND    =     4477.4834  ANGLE   =      201.9224  DIHED      =     2081.0774
 VDWAALS =    10103.2764  EEL     =   -87188.7477  HBOND      =        0.0000
 1-4 VDW =      448.3019  1-4 EEL =     6251.4285  RESTRAINT  =        0.0000


   NSTEP       ENERGY          RMS            GMAX         NAME    NUMBER
     55      -6.3641E+04     3.5510E-01     1.8210E+01     C        1906

 BOND    =     4481.3192  ANGLE   =      203.6642  DIHED      =     2079.6127
 VDWAALS =    10108.0814  EEL     =   -87206.4805  HBOND      =        0.0000
 1-4 VDW =      445.3580  1-4 EEL =     6247.2663  RESTRAINT  =        0.0000


   NSTEP       ENERGY          RMS            GMAX         NAME    NUMBER
     60      -6.3658E+04     6.0282E-01     6.3442E+01     C        1906

 BOND    =     4484.2608  ANGLE   =      205.7146  DIHED      =     2077.8035
 VDWAALS =    10114.2547  EEL     =   -87224.4461  HBOND      =        0.0000
 1-4 VDW =      441.9457  1-4 EEL =     6242.5827  RESTRAINT  =        0.0000


   NSTEP       ENERGY          RMS            GMAX         NAME    NUMBER
     65      -6.3674E+04     4.6867E-01     3.7409E+01     C        1906

 BOND    =     4486.8356  ANGLE   =      207.2719  DIHED      =     2076.2645
 VDWAALS =    10120.0747  EEL     =   -87242.8548  HBOND      =        0.0000
 1-4 VDW =      439.2407  1-4 EEL =     6238.6991  RESTRAINT  =        0.0000


   NSTEP       ENERGY          RMS            GMAX         NAME    NUMBER
     70      -6.3689E+04     5.6612E-01     4.8742E+01     C        1906

 BOND    =     4490.0865  ANGLE   =      208.8663  DIHED      =     2074.8255
 VDWAALS =    10125.9282  EEL     =   -87260.3870  HBOND      =        0.0000
 1-4 VDW =      436.7435  1-4 EEL =     6235.1832  RESTRAINT  =        0.0000


   NSTEP       ENERGY          RMS            GMAX         NAME    NUMBER
     75      -6.3701E+04     7.3547E-01     7.6948E+01     C        1906

 BOND    =     4493.8012  ANGLE   =      210.4092  DIHED      =     2073.5358
 VDWAALS =    10131.6652  EEL     =   -87277.2790  HBOND      =        0.0000
 1-4 VDW =      434.4991  1-4 EEL =     6232.0376  RESTRAINT  =        0.0000


   NSTEP       ENERGY          RMS            GMAX         NAME    NUMBER
     80      -6.3715E+04     7.7984E-01     8.5068E+01     C        1906

 BOND    =     4496.7709  ANGLE   =      211.9054  DIHED      =     2072.3239
 VDWAALS =    10137.6072  EEL     =   -87294.8702  HBOND      =        0.0000
 1-4 VDW =      432.3685  1-4 EEL =     6228.9880  RESTRAINT  =        0.0000


   NSTEP       ENERGY          RMS            GMAX         NAME    NUMBER
     85      -6.3728E+04     8.3294E-01     8.9751E+01     C        1906

 BOND    =     4499.6797  ANGLE   =      213.1619  DIHED      =     2071.2135
 VDWAALS =    10143.8542  EEL     =   -87312.4875  HBOND      =        0.0000
 1-4 VDW =      430.4152  1-4 EEL =     6226.1619  RESTRAINT  =        0.0000


   NSTEP       ENERGY          RMS            GMAX         NAME    NUMBER
     90      -6.3741E+04     8.4190E-01     9.9081E+01     C        1906

 BOND    =     4502.1990  ANGLE   =      214.4555  DIHED      =     2070.2136
 VDWAALS =    10149.8529  EEL     =   -87329.7805  HBOND      =        0.0000
 1-4 VDW =      428.6049  1-4 EEL =     6223.5334  RESTRAINT  =        0.0000


   NSTEP       ENERGY          RMS            GMAX         NAME    NUMBER
     95      -6.3754E+04     9.4438E-01     9.7237E+01     C        1906

 BOND    =     4505.5211  ANGLE   =      215.5836  DIHED      =     2069.2306
 VDWAALS =    10156.5592  EEL     =   -87348.1762  HBOND      =        0.0000
 1-4 VDW =      426.8338  1-4 EEL =     6220.9249  RESTRAINT  =        0.0000


   NSTEP       ENERGY          RMS            GMAX         NAME    NUMBER
    100      -6.3766E+04     8.5178E-01     1.0062E+02     C        1906

 BOND    =     4506.7559  ANGLE   =      216.6393  DIHED      =     2068.4192
 VDWAALS =    10162.2936  EEL     =   -87364.6298  HBOND      =        0.0000
 1-4 VDW =      425.3315  1-4 EEL =     6218.7039  RESTRAINT  =        0.0000


   NSTEP       ENERGY          RMS            GMAX         NAME    NUMBER
    105      -6.3782E+04     8.7260E-01     1.1430E+02     C10      1919

 BOND    =     4508.8398  ANGLE   =      217.3452  DIHED      =     2067.4532
 VDWAALS =    10170.0747  EEL     =   -87385.0177  HBOND      =        0.0000
 1-4 VDW =      423.6086  1-4 EEL =     6215.9403  RESTRAINT  =        0.0000


   NSTEP       ENERGY          RMS            GMAX         NAME    NUMBER
    110      -6.4052E+04     2.5154E+00     1.6941E+02     H1      11614

 BOND    =     4707.7203  ANGLE   =      266.3964  DIHED      =     2062.5939
 VDWAALS =    10434.1274  EEL     =   -88038.5929  HBOND      =        0.0000
 1-4 VDW =      374.2771  1-4 EEL =     6141.5789  RESTRAINT  =        0.0000


   NSTEP       ENERGY          RMS            GMAX         NAME    NUMBER
    115      -6.4192E+04     8.2922E-01     4.1559E+01     OG1       313

 BOND    =     4652.3776  ANGLE   =      304.3169  DIHED      =     2070.0246
 VDWAALS =    10580.5512  EEL     =   -88264.7963  HBOND      =        0.0000
 1-4 VDW =      356.0481  1-4 EEL =     6109.0386  RESTRAINT  =        0.0000


   NSTEP       ENERGY          RMS            GMAX         NAME    NUMBER
    120      -6.4262E+04     1.1928E+00     9.8953E+01     C        1906

 BOND    =     4640.7468  ANGLE   =      340.2915  DIHED      =     2074.3657
 VDWAALS =    10648.2581  EEL     =   -88418.1784  HBOND      =        0.0000
 1-4 VDW =      356.8176  1-4 EEL =     6095.5716  RESTRAINT  =        0.0000


   NSTEP       ENERGY          RMS            GMAX         NAME    NUMBER
    125      -6.4345E+04     2.2356E+00     2.0146E+02     C10      1919

 BOND    =     4689.9688  ANGLE   =      322.7543  DIHED      =     2070.5127
 VDWAALS =    10747.3123  EEL     =   -88646.8308  HBOND      =        0.0000
 1-4 VDW =      367.7255  1-4 EEL =     6103.4848  RESTRAINT  =        0.0000


   NSTEP       ENERGY          RMS            GMAX         NAME    NUMBER
    130      -6.4350E+04     2.0840E+00     1.8312E+02     C10      1919

 BOND    =     4686.5237  ANGLE   =      322.3287  DIHED      =     2070.4635
 VDWAALS =    10747.3947  EEL     =   -88647.9747  HBOND      =        0.0000
 1-4 VDW =      367.7087  1-4 EEL =     6103.5135  RESTRAINT  =        0.0000


   NSTEP       ENERGY          RMS            GMAX         NAME    NUMBER
    135      -6.4416E+04     8.6422E-01     5.1811E+01     C        1906

 BOND    =     4664.1465  ANGLE   =      304.0623  DIHED      =     2066.3708
 VDWAALS =    10748.4624  EEL     =   -88675.6240  HBOND      =        0.0000
 1-4 VDW =      367.1902  1-4 EEL =     6109.0015  RESTRAINT  =        0.0000


   NSTEP       ENERGY          RMS            GMAX         NAME    NUMBER
    140      -6.4448E+04     5.8947E-01     3.6383E+01     O        1907

 BOND    =     4675.2755  ANGLE   =      294.0704  DIHED      =     2061.9363
 VDWAALS =    10753.5138  EEL     =   -88717.7008  HBOND      =        0.0000
 1-4 VDW =      368.2575  1-4 EEL =     6116.8467  RESTRAINT  =        0.0000


   NSTEP       ENERGY          RMS            GMAX         NAME    NUMBER
    145      -6.4487E+04     5.7762E-01     2.9372E+01     C        1906

 BOND    =     4674.4791  ANGLE   =      274.8767  DIHED      =     2058.4506
 VDWAALS =    10777.7395  EEL     =   -88775.8822  HBOND      =        0.0000
 1-4 VDW =      374.4200  1-4 EEL =     6128.5001  RESTRAINT  =        0.0000


   NSTEP       ENERGY          RMS            GMAX         NAME    NUMBER
    150      -6.4554E+04     1.1310E+00     1.0853E+02     C        1906

 BOND    =     4679.5019  ANGLE   =      265.8635  DIHED      =     2048.8766
 VDWAALS =    10828.4879  EEL     =   -88927.0544  HBOND      =        0.0000
 1-4 VDW =      392.8166  1-4 EEL =     6157.8890  RESTRAINT  =        0.0000


   NSTEP       ENERGY          RMS            GMAX         NAME    NUMBER
    155      -6.4556E+04     1.0343E+00     9.6231E+01     C        1906

 BOND    =     4677.2005  ANGLE   =      265.4611  DIHED      =     2048.8320
 VDWAALS =    10828.3995  EEL     =   -88926.6405  HBOND      =        0.0000
 1-4 VDW =      392.7999  1-4 EEL =     6157.8261  RESTRAINT  =        0.0000


   NSTEP       ENERGY          RMS            GMAX         NAME    NUMBER
    160      -6.4592E+04     1.0121E+00     9.5180E+01     C10      1919

 BOND    =     4683.3178  ANGLE   =      250.4003  DIHED      =     2046.8159
 VDWAALS =    10825.0397  EEL     =   -88946.5714  HBOND      =        0.0000
 1-4 VDW =      392.6106  1-4 EEL =     6155.9124  RESTRAINT  =        0.0000


   NSTEP       ENERGY          RMS            GMAX         NAME    NUMBER
    165      -6.4610E+04     4.9492E-01     2.8353E+01     C        1906

 BOND    =     4666.7250  ANGLE   =      250.7951  DIHED      =     2046.8113
 VDWAALS =    10826.8999  EEL     =   -88949.5655  HBOND      =        0.0000
 1-4 VDW =      392.2067  1-4 EEL =     6156.1902  RESTRAINT  =        0.0000


   NSTEP       ENERGY          RMS            GMAX         NAME    NUMBER
    170      -6.4645E+04     7.1285E-01     4.2385E+01     C10      1919

 BOND    =     4680.6771  ANGLE   =      254.3158  DIHED      =     2049.6167
 VDWAALS =    10859.5615  EEL     =   -89034.3397  HBOND      =        0.0000
 1-4 VDW =      391.8395  1-4 EEL =     6153.5874  RESTRAINT  =        0.0000


   NSTEP       ENERGY          RMS            GMAX         NAME    NUMBER
    175      -6.4678E+04     9.7901E-01     5.0623E+01     C        1906

 BOND    =     4683.5488  ANGLE   =      267.7394  DIHED      =     2051.7630
 VDWAALS =    10904.9483  EEL     =   -89127.1018  HBOND      =        0.0000
 1-4 VDW =      392.6701  1-4 EEL =     6148.5644  RESTRAINT  =        0.0000


   NSTEP       ENERGY          RMS            GMAX         NAME    NUMBER
    180      -6.4680E+04     8.8811E-01     4.3100E+01     C        1906

 BOND    =     4683.9846  ANGLE   =      267.1839  DIHED      =     2051.6827
 VDWAALS =    10904.9640  EEL     =   -89129.1924  HBOND      =        0.0000
 1-4 VDW =      392.6119  1-4 EEL =     6148.6220  RESTRAINT  =        0.0000


   NSTEP       ENERGY          RMS            GMAX         NAME    NUMBER
    185      -6.4712E+04     8.6275E-01     7.2961E+01     C10      1919

 BOND    =     4680.1111  ANGLE   =      254.1362  DIHED      =     2048.5268
 VDWAALS =    10904.9508  EEL     =   -89142.5307  HBOND      =        0.0000
 1-4 VDW =      390.0664  1-4 EEL =     6152.9060  RESTRAINT  =        0.0000


   NSTEP       ENERGY          RMS            GMAX         NAME    NUMBER
    190      -6.4730E+04     5.4847E-01     3.2839E+01     C        1906

 BOND    =     4702.1292  ANGLE   =      251.5153  DIHED      =     2046.8486
 VDWAALS =    10911.8919  EEL     =   -89186.0382  HBOND      =        0.0000
 1-4 VDW =      389.0923  1-4 EEL =     6154.0857  RESTRAINT  =        0.0000


   NSTEP       ENERGY          RMS            GMAX         NAME    NUMBER
    195      -6.4761E+04     5.2621E-01     3.3331E+01     C        1906

 BOND    =     4696.8213  ANGLE   =      251.0845  DIHED      =     2047.0296
 VDWAALS =    10943.2878  EEL     =   -89242.5171  HBOND      =        0.0000
 1-4 VDW =      389.2599  1-4 EEL =     6154.0883  RESTRAINT  =        0.0000


   NSTEP       ENERGY          RMS            GMAX         NAME    NUMBER
    200      -6.4795E+04     1.2316E+00     8.1610E+01     CD        327

 BOND    =     4749.9445  ANGLE   =      257.8090  DIHED      =     2045.6907
 VDWAALS =    10991.1792  EEL     =   -89384.6018  HBOND      =        0.0000
 1-4 VDW =      390.3401  1-4 EEL =     6154.9075  RESTRAINT  =        0.0000


   NSTEP       ENERGY          RMS            GMAX         NAME    NUMBER
    205      -6.4800E+04     1.0101E+00     6.1976E+01     CD        327

 BOND    =     4739.3066  ANGLE   =      256.9460  DIHED      =     2045.6493
 VDWAALS =    10991.2274  EEL     =   -89378.0447  HBOND      =        0.0000
 1-4 VDW =      390.3522  1-4 EEL =     6154.7930  RESTRAINT  =        0.0000


   NSTEP       ENERGY          RMS            GMAX         NAME    NUMBER
    210      -6.4826E+04     6.6028E-01     4.7796E+01     C10      1919

 BOND    =     4722.2334  ANGLE   =      248.2903  DIHED      =     2044.7519
 VDWAALS =    10993.3799  EEL     =   -89377.8333  HBOND      =        0.0000
 1-4 VDW =      390.1464  1-4 EEL =     6152.8954  RESTRAINT  =        0.0000


   NSTEP       ENERGY          RMS            GMAX         NAME    NUMBER
    215      -6.4842E+04     5.1961E-01     2.8076E+01     C        1906

 BOND    =     4694.5788  ANGLE   =      246.9579  DIHED      =     2044.4863
 VDWAALS =    10998.9414  EEL     =   -89369.2049  HBOND      =        0.0000
 1-4 VDW =      390.0770  1-4 EEL =     6152.5012  RESTRAINT  =        0.0000


   NSTEP       ENERGY          RMS            GMAX         NAME    NUMBER
    220      -6.4872E+04     6.8342E-01     3.3883E+01     C        1887

 BOND    =     4726.1419  ANGLE   =      254.1174  DIHED      =     2047.0494
 VDWAALS =    11036.9887  EEL     =   -89478.9909  HBOND      =        0.0000
 1-4 VDW =      391.5211  1-4 EEL =     6150.7467  RESTRAINT  =        0.0000


   NSTEP       ENERGY          RMS            GMAX         NAME    NUMBER
    225      -6.4895E+04     7.3897E-01     4.1417E+01     C10      1919

 BOND    =     4722.8254  ANGLE   =      263.3545  DIHED      =     2048.5119
 VDWAALS =    11076.3129  EEL     =   -89547.6066  HBOND      =        0.0000
 1-4 VDW =      392.8811  1-4 EEL =     6148.3521  RESTRAINT  =        0.0000


   NSTEP       ENERGY          RMS            GMAX         NAME    NUMBER
    230      -6.4897E+04     6.5617E-01     2.9633E+01     C10      1919

 BOND    =     4723.1909  ANGLE   =      262.7743  DIHED      =     2048.4517
 VDWAALS =    11076.2702  EEL     =   -89548.9793  HBOND      =        0.0000
 1-4 VDW =      392.8180  1-4 EEL =     6148.4116  RESTRAINT  =        0.0000


   NSTEP       ENERGY          RMS            GMAX         NAME    NUMBER
    235      -6.4924E+04     6.2367E-01     4.8410E+01     C        1906

 BOND    =     4722.7181  ANGLE   =      252.5204  DIHED      =     2045.6029
 VDWAALS =    11076.5128  EEL     =   -89564.0705  HBOND      =        0.0000
 1-4 VDW =      390.0669  1-4 EEL =     6152.2837  RESTRAINT  =        0.0000


   NSTEP       ENERGY          RMS            GMAX         NAME    NUMBER
    240      -6.4950E+04     3.9584E-01     1.9125E+01     C        1906

 BOND    =     4722.9288  ANGLE   =      245.7808  DIHED      =     2044.1304
 VDWAALS =    11089.3571  EEL     =   -89593.2296  HBOND      =        0.0000
 1-4 VDW =      389.4158  1-4 EEL =     6151.9734  RESTRAINT  =        0.0000


   NSTEP       ENERGY          RMS            GMAX         NAME    NUMBER
    245      -6.4965E+04     5.6760E-01     2.8047E+01     C        1906

 BOND    =     4733.5279  ANGLE   =      248.8908  DIHED      =     2044.2807
 VDWAALS =    11107.2239  EEL     =   -89639.8695  HBOND      =        0.0000
 1-4 VDW =      389.4672  1-4 EEL =     6151.4779  RESTRAINT  =        0.0000


   NSTEP       ENERGY          RMS            GMAX         NAME    NUMBER
    250      -6.5000E+04     7.3395E-01     3.5971E+01     C        1906

 BOND    =     4769.7655  ANGLE   =      250.0704  DIHED      =     2042.7182
 VDWAALS =    11146.5786  EEL     =   -89749.7360  HBOND      =        0.0000
 1-4 VDW =      389.8182  1-4 EEL =     6150.5431  RESTRAINT  =        0.0000


   NSTEP       ENERGY          RMS            GMAX         NAME    NUMBER
    255      -6.5002E+04     6.5410E-01     3.0004E+01     C        1906

 BOND    =     4764.1500  ANGLE   =      249.8297  DIHED      =     2042.7216
 VDWAALS =    11146.6002  EEL     =   -89745.3793  HBOND      =        0.0000
 1-4 VDW =      389.8015  1-4 EEL =     6150.4933  RESTRAINT  =        0.0000


   NSTEP       ENERGY          RMS            GMAX         NAME    NUMBER
    260      -6.5017E+04     5.0284E-01     3.9586E+01     C10      1919

 BOND    =     4756.4432  ANGLE   =      246.1230  DIHED      =     2042.2251
 VDWAALS =    11149.2810  EEL     =   -89750.0544  HBOND      =        0.0000
 1-4 VDW =      389.3834  1-4 EEL =     6149.7888  RESTRAINT  =        0.0000


   NSTEP       ENERGY          RMS            GMAX         NAME    NUMBER
    265      -6.5035E+04     4.7143E-01     1.5424E+01     C6       1915

 BOND    =     4761.3337  ANGLE   =      248.8663  DIHED      =     2042.6498
 VDWAALS =    11164.3422  EEL     =   -89791.8095  HBOND      =        0.0000
 1-4 VDW =      389.1288  1-4 EEL =     6150.3758  RESTRAINT  =        0.0000


   NSTEP       ENERGY          RMS            GMAX         NAME    NUMBER
    270      -6.5074E+04     9.2894E-01     5.0982E+01     C10      1919

 BOND    =     4780.7117  ANGLE   =      259.0488  DIHED      =     2046.0577
 VDWAALS =    11227.3749  EEL     =   -89928.5476  HBOND      =        0.0000
 1-4 VDW =      390.6665  1-4 EEL =     6150.2889  RESTRAINT  =        0.0000


   NSTEP       ENERGY          RMS            GMAX         NAME    NUMBER
    275      -6.5126E+04     6.7352E-01     2.1889E+01     C        1887

 BOND    =     4777.7736  ANGLE   =      269.9274  DIHED      =     2047.8669
 VDWAALS =    11306.6507  EEL     =   -90067.0873  HBOND      =        0.0000
 1-4 VDW =      392.2158  1-4 EEL =     6146.9014  RESTRAINT  =        0.0000


   NSTEP       ENERGY          RMS            GMAX         NAME    NUMBER
    280      -6.5127E+04     6.2810E-01     1.9990E+01     HG3       758

 BOND    =     4777.7268  ANGLE   =      269.4125  DIHED      =     2047.7787
 VDWAALS =    11306.6257  EEL     =   -90067.9379  HBOND      =        0.0000
 1-4 VDW =      392.1603  1-4 EEL =     6146.9468  RESTRAINT  =        0.0000


   NSTEP       ENERGY          RMS            GMAX         NAME    NUMBER
    285      -6.5165E+04     7.1314E-01     4.9394E+01     C        1906

 BOND    =     4773.1772  ANGLE   =      255.4358  DIHED      =     2043.0439
 VDWAALS =    11306.3211  EEL     =   -90081.3392  HBOND      =        0.0000
 1-4 VDW =      389.1603  1-4 EEL =     6149.3406  RESTRAINT  =        0.0000


   NSTEP       ENERGY          RMS            GMAX         NAME    NUMBER
    290      -6.5184E+04     5.7182E-01     4.7142E+01     C        1906

 BOND    =     4781.6363  ANGLE   =      250.6650  DIHED      =     2040.9603
 VDWAALS =    11312.1416  EEL     =   -90106.4346  HBOND      =        0.0000
 1-4 VDW =      388.1910  1-4 EEL =     6148.7215  RESTRAINT  =        0.0000


   NSTEP       ENERGY          RMS            GMAX         NAME    NUMBER
    295      -6.5207E+04     4.8102E-01     3.2335E+01     C10      1919

 BOND    =     4773.1792  ANGLE   =      249.1007  DIHED      =     2040.5949
 VDWAALS =    11335.3030  EEL     =   -90140.4676  HBOND      =        0.0000
 1-4 VDW =      388.3695  1-4 EEL =     6147.3908  RESTRAINT  =        0.0000


   NSTEP       ENERGY          RMS            GMAX         NAME    NUMBER
    300      -6.5216E+04     6.4842E-01     3.6802E+01     C10      1919

 BOND    =     4807.4120  ANGLE   =      250.5994  DIHED      =     2039.8658
 VDWAALS =    11350.6436  EEL     =   -90201.0444  HBOND      =        0.0000
 1-4 VDW =      388.6105  1-4 EEL =     6147.9864  RESTRAINT  =        0.0000


   NSTEP       ENERGY          RMS            GMAX         NAME    NUMBER
    305      -6.5218E+04     4.9947E-01     2.1245E+01     C10      1919

 BOND    =     4799.3490  ANGLE   =      250.3564  DIHED      =     2039.8690
 VDWAALS =    11350.7855  EEL     =   -90194.7422  HBOND      =        0.0000
 1-4 VDW =      388.5769  1-4 EEL =     6147.8226  RESTRAINT  =        0.0000


   NSTEP       ENERGY          RMS            GMAX         NAME    NUMBER
    310      -6.5229E+04     4.3233E-01     2.4188E+01     C8       1917

 BOND    =     4798.8610  ANGLE   =      247.9668  DIHED      =     2039.6327
 VDWAALS =    11355.2852  EEL     =   -90205.1371  HBOND      =        0.0000
 1-4 VDW =      388.2090  1-4 EEL =     6146.1344  RESTRAINT  =        0.0000


   NSTEP       ENERGY          RMS            GMAX         NAME    NUMBER
    315      -6.5248E+04     9.6472E-01     8.6261E+01     C        1906

 BOND    =     4792.0147  ANGLE   =      256.9686  DIHED      =     2041.2026
 VDWAALS =    11387.6343  EEL     =   -90260.6209  HBOND      =        0.0000
 1-4 VDW =      388.3546  1-4 EEL =     6146.8966  RESTRAINT  =        0.0000


   NSTEP       ENERGY          RMS            GMAX         NAME    NUMBER
    320      -6.5270E+04     7.2625E-01     5.5667E+01     C8       1917

 BOND    =     4801.4498  ANGLE   =      256.8118  DIHED      =     2042.4042
 VDWAALS =    11417.1786  EEL     =   -90323.7994  HBOND      =        0.0000
 1-4 VDW =      389.7124  1-4 EEL =     6145.9443  RESTRAINT  =        0.0000


   NSTEP       ENERGY          RMS            GMAX         NAME    NUMBER
    325      -6.5312E+04     7.3336E-01     2.7805E+01     C        1887

 BOND    =     4812.3890  ANGLE   =      266.7181  DIHED      =     2044.0618
 VDWAALS =    11488.3225  EEL     =   -90459.3008  HBOND      =        0.0000
 1-4 VDW =      390.8371  1-4 EEL =     6144.6210  RESTRAINT  =        0.0000


   NSTEP       ENERGY          RMS            GMAX         NAME    NUMBER
    330      -6.5314E+04     6.7910E-01     2.4108E+01     C        1887

 BOND    =     4812.6282  ANGLE   =      266.2351  DIHED      =     2043.9878
 VDWAALS =    11488.3347  EEL     =   -90460.6748  HBOND      =        0.0000
 1-4 VDW =      390.7924  1-4 EEL =     6144.6532  RESTRAINT  =        0.0000


   NSTEP       ENERGY          RMS            GMAX         NAME    NUMBER
    335      -6.5345E+04     6.8374E-01     4.1668E+01     C10      1919

 BOND    =     4808.1388  ANGLE   =      254.5232  DIHED      =     2040.6769
 VDWAALS =    11487.6125  EEL     =   -90471.3002  HBOND      =        0.0000
 1-4 VDW =      388.2626  1-4 EEL =     6146.7342  RESTRAINT  =        0.0000


   NSTEP       ENERGY          RMS            GMAX         NAME    NUMBER
    340      -6.5361E+04     5.3603E-01     3.7293E+01     C        1906

 BOND    =     4803.2712  ANGLE   =      250.5164  DIHED      =     2039.1775
 VDWAALS =    11492.5201  EEL     =   -90479.5799  HBOND      =        0.0000
 1-4 VDW =      387.4824  1-4 EEL =     6146.0960  RESTRAINT  =        0.0000


   NSTEP       ENERGY          RMS            GMAX         NAME    NUMBER
    345      -6.5380E+04     3.4505E-01     1.5147E+01     C        1906

 BOND    =     4806.3571  ANGLE   =      248.5813  DIHED      =     2038.4467
 VDWAALS =    11511.3496  EEL     =   -90517.1420  HBOND      =        0.0000
 1-4 VDW =      387.4591  1-4 EEL =     6145.0582  RESTRAINT  =        0.0000


   NSTEP       ENERGY          RMS            GMAX         NAME    NUMBER
    350      -6.5391E+04     6.9618E-01     2.4688E+01     O        7713

 BOND    =     4800.2735  ANGLE   =      250.8452  DIHED      =     2037.6021
 VDWAALS =    11529.1717  EEL     =   -90542.0989  HBOND      =        0.0000
 1-4 VDW =      387.7034  1-4 EEL =     6145.3918  RESTRAINT  =        0.0000


   NSTEP       ENERGY          RMS            GMAX         NAME    NUMBER
    355      -6.5394E+04     5.0972E-01     1.8026E+01     C1       1909

 BOND    =     4808.4444  ANGLE   =      250.4171  DIHED      =     2037.6485
 VDWAALS =    11529.3777  EEL     =   -90553.0751  HBOND      =        0.0000
 1-4 VDW =      387.6417  1-4 EEL =     6145.4023  RESTRAINT  =        0.0000


   NSTEP       ENERGY          RMS            GMAX         NAME    NUMBER
    360      -6.5404E+04     4.3086E-01     3.0005E+01     C10      1919

 BOND    =     4809.2068  ANGLE   =      247.5312  DIHED      =     2037.9605
 VDWAALS =    11533.2747  EEL     =   -90563.4374  HBOND      =        0.0000
 1-4 VDW =      387.5180  1-4 EEL =     6143.8774  RESTRAINT  =        0.0000


   NSTEP       ENERGY          RMS            GMAX         NAME    NUMBER
    365      -6.5424E+04     4.6550E-01     1.7723E+01     C10      1919

 BOND    =     4811.6577  ANGLE   =      251.1850  DIHED      =     2039.0888
 VDWAALS =    11552.3467  EEL     =   -90609.8968  HBOND      =        0.0000
 1-4 VDW =      387.2910  1-4 EEL =     6144.7281  RESTRAINT  =        0.0000


   NSTEP       ENERGY          RMS            GMAX         NAME    NUMBER
    370      -6.5438E+04     7.0960E-01     5.4483E+01     C10      1919

 BOND    =     4832.8064  ANGLE   =      254.0646  DIHED      =     2039.6401
 VDWAALS =    11576.1942  EEL     =   -90673.4510  HBOND      =        0.0000
 1-4 VDW =      388.1485  1-4 EEL =     6144.8050  RESTRAINT  =        0.0000


   NSTEP       ENERGY          RMS            GMAX         NAME    NUMBER
    375      -6.5478E+04     7.6084E-01     2.5887E+01     C8       1917

 BOND    =     4844.8195  ANGLE   =      264.5951  DIHED      =     2040.9115
 VDWAALS =    11641.7529  EEL     =   -90802.4459  HBOND      =        0.0000
 1-4 VDW =      389.1584  1-4 EEL =     6142.9930  RESTRAINT  =        0.0000


   NSTEP       ENERGY          RMS            GMAX         NAME    NUMBER
    380      -6.5480E+04     6.8200E-01     2.1587E+01     C8       1917

 BOND    =     4845.0980  ANGLE   =      263.9984  DIHED      =     2040.8651
 VDWAALS =    11641.7889  EEL     =   -90804.1700  HBOND      =        0.0000
 1-4 VDW =      389.1114  1-4 EEL =     6143.0078  RESTRAINT  =        0.0000


   NSTEP       ENERGY          RMS            GMAX         NAME    NUMBER
    385      -6.5507E+04     7.4119E-01     5.8670E+01     C10      1919

 BOND    =     4842.2720  ANGLE   =      253.9752  DIHED      =     2039.2640
 VDWAALS =    11641.7052  EEL     =   -90815.7909  HBOND      =        0.0000
 1-4 VDW =      387.1782  1-4 EEL =     6144.5009  RESTRAINT  =        0.0000


   NSTEP       ENERGY          RMS            GMAX         NAME    NUMBER
    390      -6.5519E+04     4.3682E-01     1.1241E+01     C6       1915

 BOND    =     4844.9383  ANGLE   =      251.1757  DIHED      =     2038.3168
 VDWAALS =    11645.0107  EEL     =   -90828.9678  HBOND      =        0.0000
 1-4 VDW =      386.5684  1-4 EEL =     6144.0117  RESTRAINT  =        0.0000


   NSTEP       ENERGY          RMS            GMAX         NAME    NUMBER
    395      -6.5538E+04     3.0143E-01     9.2933E+00     N        1889

 BOND    =     4848.1866  ANGLE   =      248.8425  DIHED      =     2036.6455
 VDWAALS =    11663.2589  EEL     =   -90864.9122  HBOND      =        0.0000
 1-4 VDW =      386.6282  1-4 EEL =     6142.9454  RESTRAINT  =        0.0000


   NSTEP       ENERGY          RMS            GMAX         NAME    NUMBER
    400      -6.5546E+04     4.9292E-01     3.5099E+01     C10      1919

 BOND    =     4856.2359  ANGLE   =      251.9039  DIHED      =     2036.4252
 VDWAALS =    11675.2729  EEL     =   -90896.5345  HBOND      =        0.0000
 1-4 VDW =      386.6628  1-4 EEL =     6143.8878  RESTRAINT  =        0.0000


   NSTEP       ENERGY          RMS            GMAX         NAME    NUMBER
    405      -6.5548E+04     3.5629E-01     1.3828E+01     C10      1919

 BOND    =     4853.8385  ANGLE   =      251.5030  DIHED      =     2036.4499
 VDWAALS =    11675.3763  EEL     =   -90895.3325  HBOND      =        0.0000
 1-4 VDW =      386.6382  1-4 EEL =     6143.7655  RESTRAINT  =        0.0000


   NSTEP       ENERGY          RMS            GMAX         NAME    NUMBER
    410      -6.5557E+04     4.1898E-01     3.5751E+01     C8       1917

 BOND    =     4860.7322  ANGLE   =      248.5281  DIHED      =     2036.5872
 VDWAALS =    11678.8995  EEL     =   -90909.9568  HBOND      =        0.0000
 1-4 VDW =      386.5349  1-4 EEL =     6142.0597  RESTRAINT  =        0.0000


   NSTEP       ENERGY          RMS            GMAX         NAME    NUMBER
    415      -6.5568E+04     1.2204E+00     8.8762E+01     CG        927

 BOND    =     4866.1441  ANGLE   =      258.2650  DIHED      =     2039.2995
 VDWAALS =    11705.5577  EEL     =   -90967.1441  HBOND      =        0.0000
 1-4 VDW =      386.8807  1-4 EEL =     6143.3583  RESTRAINT  =        0.0000


   NSTEP       ENERGY          RMS            GMAX         NAME    NUMBER
    420      -6.5594E+04     6.8540E-01     3.2583E+01     C        1887

 BOND    =     4885.2441  ANGLE   =      258.3833  DIHED      =     2039.0728
 VDWAALS =    11729.7997  EEL     =   -91036.7439  HBOND      =        0.0000
 1-4 VDW =      387.7756  1-4 EEL =     6142.0464  RESTRAINT  =        0.0000


   NSTEP       ENERGY          RMS            GMAX         NAME    NUMBER
    425      -6.5657E+04     1.0951E+00     5.8951E+01     CD        327

 BOND    =     4930.7527  ANGLE   =      268.0034  DIHED      =     2040.0059
 VDWAALS =    11817.1176  EEL     =   -91241.7862  HBOND      =        0.0000
 1-4 VDW =      387.8424  1-4 EEL =     6141.0624  RESTRAINT  =        0.0000


   NSTEP       ENERGY          RMS            GMAX         NAME    NUMBER
    430      -6.5659E+04     1.0319E+00     5.2978E+01     CD        327

 BOND    =     4926.4485  ANGLE   =      267.7467  DIHED      =     2039.9803
 VDWAALS =    11817.1334  EEL     =   -91238.9524  HBOND      =        0.0000
 1-4 VDW =      387.8254  1-4 EEL =     6141.0732  RESTRAINT  =        0.0000


   NSTEP       ENERGY          RMS            GMAX         NAME    NUMBER
    435      -6.5695E+04     6.8647E-01     5.8676E+01     C10      1919

 BOND    =     4900.6921  ANGLE   =      255.1278  DIHED      =     2038.2417
 VDWAALS =    11816.5039  EEL     =   -91233.8736  HBOND      =        0.0000
 1-4 VDW =      386.0863  1-4 EEL =     6142.2233  RESTRAINT  =        0.0000


   NSTEP       ENERGY          RMS            GMAX         NAME    NUMBER
    440      -6.5705E+04     4.0666E-01     1.5895E+01     C10      1919

 BOND    =     4876.2562  ANGLE   =      253.2479  DIHED      =     2037.4104
 VDWAALS =    11818.2990  EEL     =   -91217.9109  HBOND      =        0.0000
 1-4 VDW =      385.5190  1-4 EEL =     6141.9070  RESTRAINT  =        0.0000


   NSTEP       ENERGY          RMS            GMAX         NAME    NUMBER
    445      -6.5725E+04     4.5760E-01     1.9969E+01     CG        927

 BOND    =     4894.5712  ANGLE   =      250.8599  DIHED      =     2035.5541
 VDWAALS =    11837.2762  EEL     =   -91269.3503  HBOND      =        0.0000
 1-4 VDW =      385.6226  1-4 EEL =     6140.2661  RESTRAINT  =        0.0000


   NSTEP       ENERGY          RMS            GMAX         NAME    NUMBER
    450      -6.5732E+04     3.5845E-01     1.4326E+01     CG        927

 BOND    =     4879.5268  ANGLE   =      252.6685  DIHED      =     2035.5757
 VDWAALS =    11843.1575  EEL     =   -91269.6246  HBOND      =        0.0000
 1-4 VDW =      385.4122  1-4 EEL =     6141.3698  RESTRAINT  =        0.0000


   NSTEP       ENERGY          RMS            GMAX         NAME    NUMBER
    455      -6.5733E+04     2.6240E-01     8.2745E+00     CG       1896

 BOND    =     4884.4441  ANGLE   =      252.2162  DIHED      =     2035.5410
 VDWAALS =    11843.3390  EEL     =   -91275.4284  HBOND      =        0.0000
 1-4 VDW =      385.4138  1-4 EEL =     6141.2295  RESTRAINT  =        0.0000


   NSTEP       ENERGY          RMS            GMAX         NAME    NUMBER
    460      -6.5741E+04     4.4701E-01     3.3359E+01     C10      1919

 BOND    =     4881.8656  ANGLE   =      249.4959  DIHED      =     2035.5838
 VDWAALS =    11847.0736  EEL     =   -91279.9464  HBOND      =        0.0000
 1-4 VDW =      385.3637  1-4 EEL =     6139.8622  RESTRAINT  =        0.0000


   NSTEP       ENERGY          RMS            GMAX         NAME    NUMBER
    465      -6.5759E+04     5.1084E-01     2.1179E+01     CG        927

 BOND    =     4868.3759  ANGLE   =      254.4610  DIHED      =     2037.3570
 VDWAALS =    11866.2086  EEL     =   -91312.3947  HBOND      =        0.0000
 1-4 VDW =      385.6293  1-4 EEL =     6140.9381  RESTRAINT  =        0.0000


   NSTEP       ENERGY          RMS            GMAX         NAME    NUMBER
    470      -6.5775E+04     6.3983E-01     3.3059E+01     CD        327

 BOND    =     4896.3337  ANGLE   =      258.9183  DIHED      =     2038.4665
 VDWAALS =    11890.3709  EEL     =   -91385.8402  HBOND      =        0.0000
 1-4 VDW =      386.0837  1-4 EEL =     6140.7502  RESTRAINT  =        0.0000


   NSTEP       ENERGY          RMS            GMAX         NAME    NUMBER
    475      -6.5830E+04     8.7648E-01     3.6946E+01     CD        327

 BOND    =     4946.5434  ANGLE   =      268.0096  DIHED      =     2039.0974
 VDWAALS =    11969.8925  EEL     =   -91578.9242  HBOND      =        0.0000
 1-4 VDW =      387.0252  1-4 EEL =     6138.7096  RESTRAINT  =        0.0000


   NSTEP       ENERGY          RMS            GMAX         NAME    NUMBER
    480      -6.5831E+04     8.1782E-01     3.1122E+01     CD        327

 BOND    =     4942.4323  ANGLE   =      267.6629  DIHED      =     2039.0649
 VDWAALS =    11969.8137  EEL     =   -91576.0670  HBOND      =        0.0000
 1-4 VDW =      386.9819  1-4 EEL =     6138.7414  RESTRAINT  =        0.0000


   NSTEP       ENERGY          RMS            GMAX         NAME    NUMBER
    485      -6.5865E+04     6.1056E-01     2.8062E+01     C8       1917

 BOND    =     4931.8697  ANGLE   =      256.0832  DIHED      =     2037.5992
 VDWAALS =    11964.8457  EEL     =   -91580.3424  HBOND      =        0.0000
 1-4 VDW =      384.8533  1-4 EEL =     6140.5403  RESTRAINT  =        0.0000


   NSTEP       ENERGY          RMS            GMAX         NAME    NUMBER
    490      -6.5875E+04     4.6094E-01     3.5417E+01     C10      1919

 BOND    =     4915.7650  ANGLE   =      253.5895  DIHED      =     2036.6033
 VDWAALS =    11966.6225  EEL     =   -91571.2274  HBOND      =        0.0000
 1-4 VDW =      384.5448  1-4 EEL =     6139.5008  RESTRAINT  =        0.0000


   NSTEP       ENERGY          RMS            GMAX         NAME    NUMBER
    495      -6.5891E+04     5.3211E-01     2.5350E+01     CG        927

 BOND    =     4941.1571  ANGLE   =      251.7052  DIHED      =     2035.1111
 VDWAALS =    11982.0159  EEL     =   -91624.4639  HBOND      =        0.0000
 1-4 VDW =      384.7901  1-4 EEL =     6138.3472  RESTRAINT  =        0.0000


   NSTEP       ENERGY          RMS            GMAX         NAME    NUMBER
    500      -6.5898E+04     3.3912E-01     1.5844E+01     CD        327

 BOND    =     4917.2170  ANGLE   =      253.0093  DIHED      =     2035.2246
 VDWAALS =    11985.2711  EEL     =   -91612.2967  HBOND      =        0.0000
 1-4 VDW =      384.6245  1-4 EEL =     6139.1324  RESTRAINT  =        0.0000


  Maximum number of minimization cycles reached.


                    FINAL RESULTS



   NSTEP       ENERGY          RMS            GMAX         NAME    NUMBER
    500      -6.5898E+04     3.3912E-01     1.5844E+01     CD        327

 BOND    =     4917.2170  ANGLE   =      253.0093  DIHED      =     2035.2246
 VDWAALS =    11985.2711  EEL     =   -91612.2967  HBOND      =        0.0000
 1-4 VDW =      384.6245  1-4 EEL =     6139.1324  RESTRAINT  =        0.0000
--------------------------------------------------------------------------------
   5.  TIMINGS
--------------------------------------------------------------------------------

|  NonSetup CPU Time in Major Routines:
|
|     Routine           Sec        %
|     ------------------------------
|     Nonbond          27.14   95.82
|     Bond              0.10    0.34
|     Angle             0.12    0.44
|     Dihedral          0.77    2.73
|     Shake             0.00    0.00
|     Other             0.19    0.68
|     ------------------------------
|     Total            28.32

|  PME Nonbond Pairlist CPU Time:
|
|     Routine              Sec        %
|     ---------------------------------
|     Set Up Cit           0.02    0.08
|     Build List           0.47    1.67
|     ---------------------------------
|     Total                0.50    1.75

|  PME Direct Force CPU Time:
|
|     Routine              Sec        %
|     ---------------------------------
|     NonBonded Calc      19.49   68.80
|     Exclude Masked       0.40    1.43
|     Other                0.15    0.54
|     ---------------------------------
|     Total               20.04   70.77

|  PME Reciprocal Force CPU Time:
|
|     Routine              Sec        %
|     ---------------------------------
|     1D bspline           0.47    1.67
|     Grid Charges         0.80    2.81
|     Scalar Sum           1.12    3.97
|     Gradient Sum         1.05    3.71
|     FFT                  3.14   11.09
|     ---------------------------------
|     Total                6.58   23.25

|  Setup CPU time:            0.06 seconds
|  NonSetup CPU time:        28.32 seconds
|  Total CPU time:           28.39 seconds     0.01 hours

|  Setup wall time:           0    seconds
|  NonSetup wall time:       28    seconds
|  Total wall time:          28    seconds     0.01 hours
