
          -------------------------------------------------------
          Amber 16 PMEMD                              2016
          -------------------------------------------------------

| PMEMD implementation of SANDER, Release 16

| Run on 07/03/2017 at 16:10:04

|   Executable path: pmemd.cuda
| Working directory: /home/german/obp/run/wt_ctv/mhe/e
|          Hostname: Unknown
  [-O]verwriting output

File Assignments:
|   MDIN: 21equ.in                                                              
|  MDOUT: 21equ.out                                                             
| INPCRD: 20ewt_ctv.rst7                                                        
|   PARM: /home/german/obp/top_files/wt_ctv.prmtop                              
| RESTRT: 21ewt_ctv.rst7                                                        
|   REFC: 20ewt_ctv.rst7                                                        
|  MDVEL: mdvel                                                                 
|   MDEN: mden                                                                  
|  MDCRD: 21ewt_ctv.nc                                                          
| MDINFO: mdinfo                                                                
|  MDFRC: mdfrc                                                                 


 Here is the input file:

Equilibration with solute restrictions                                         
&cntrl                                                                         
imin = 0,                           ! No Minimization                          
nmropt = 0,                         ! No NMR restraints read                   
                                                                               
! Nature and format of the input                                               
ntx = 5,                            ! Coordinates but no velocities will be rea
irest = 1,                          ! Do not run a new simulation              
                                                                               
! Nature and format of the output                                              
ntxo = 1,                           ! rstrt file in ASCII format               
ntpr = 500,                         ! inf in output every ntpr steps           
ntwr = 500,                         ! rstrt file every ntwr steps              
ntwx = 500,                         ! mdcrd file every ntwx steps              
ntwv = 0,                           ! mdvel without velocities                 
ntwe = 0,                           ! Energies and temperatures not written in 
idecomp = 0,                        ! No energy decomposition                  
iwrap = 1,                          ! Coordinates of the restart and mdcrd file
                                                                               
! Frozen or restrained atoms                                                   
ibelly = 0,                         ! No frozen atoms                          
ntr=1,                              ! Harmonic potential restraints            
restraint_wt = 0.6,                ! The weight for the positional restraints  
restraintmask = ':1-120@N,CA,C,O',  ! restrained residues                      
                                                                               
! Molecular dynamics                                                           
nstlim = 50000,                     ! Number of MD-steps                       
dt = 0.002,                         ! Time step                                
                                                                               
! Temperature regulation                                                       
ntt = 3,                            ! Langevin thermostat                      
gamma_ln = 5,                       ! Gamma constant for Langevin              
!temp0 = 300.0,                     ! Reference T at which the system is to be 
tempi = 300.0,                      ! Initial T                                
ig = -1,                            ! Seed for the RNG                         
                                                                               
! P and V regulation                                                           
ntp = 1,                            ! Constant P. Isotropic scaling            
barostat = 1,                       ! Berendsen barostat                       
taup = 1,                           ! Pressure relaxation time                 
nrespa = 1,                         ! Evaluate at each step                    
ntb = 2,                            ! Periodic box for constant P              
                                                                               
! SHAKE variables                                                              
ntc = 2,                            ! Bonds involving H are constrained        
ntf = 2,                            ! Bond interaction involving H are ommited.
                                                                               
cut = 10.0,                         ! Nonbonded cutoff                         
/                                                                              
&end                                                                           


Note: ig = -1. Setting random seed to   867454 based on wallclock time in 
      microseconds.
 
|--------------------- INFORMATION ----------------------
| GPU (CUDA) Version of PMEMD in use: NVIDIA GPU IN USE.
|                    Version 16.0.0
| 
|                      02/25/2016
| 
| Implementation by:
|                    Ross C. Walker     (SDSC)
|                    Scott Le Grand     (nVIDIA)
| 
| Precision model in use:
|      [SPFP] - Single Precision Forces, 64-bit Fixed Point
|               Accumulation. (Default)
| 
|--------------------------------------------------------
 
|----------------- CITATION INFORMATION -----------------
|
|    When publishing work that utilized the CUDA version
|    of AMBER, please cite the following in addition to
|    the regular AMBER citations:
|
|  - Romelia Salomon-Ferrer; Andreas W. Goetz; Duncan
|    Poole; Scott Le Grand; Ross C. Walker "Routine
|    microsecond molecular dynamics simulations with
|    AMBER - Part II: Particle Mesh Ewald", J. Chem.
|    Theory Comput., 2013, 9 (9), pp3878-3888,
|    DOI: 10.1021/ct400314y.
|
|  - Andreas W. Goetz; Mark J. Williamson; Dong Xu;
|    Duncan Poole; Scott Le Grand; Ross C. Walker
|    "Routine microsecond molecular dynamics simulations
|    with AMBER - Part I: Generalized Born", J. Chem.
|    Theory Comput., 2012, 8 (5), pp1542-1555.
|
|  - Scott Le Grand; Andreas W. Goetz; Ross C. Walker
|    "SPFP: Speed without compromise - a mixed precision
|    model for GPU accelerated molecular dynamics
|    simulations.", Comp. Phys. Comm., 2013, 184
|    pp374-380, DOI: 10.1016/j.cpc.2012.09.022
|
|--------------------------------------------------------
 
|------------------- GPU DEVICE INFO --------------------
|
|            CUDA_VISIBLE_DEVICES: 1
|   CUDA Capable Devices Detected:      1
|           CUDA Device ID in use:      0
|                CUDA Device Name: GeForce GTX 1060 6GB
|     CUDA Device Global Mem Size:   6072 MB
| CUDA Device Num Multiprocessors:     10
|           CUDA Device Core Freq:   1.76 GHz
|
|--------------------------------------------------------
 
 
| Conditional Compilation Defines Used:
| PUBFFT
| BINTRAJ
| CUDA
| EMIL

| Largest sphere to fit in unit cell has radius =    27.206

| New format PARM file being parsed.
| Version =    1.000 Date = 02/24/15 Time = 11:42:13

| Note: 1-4 EEL scale factors are being read from the topology file.

| Note: 1-4 VDW scale factors are being read from the topology file.
| Duplicated    0 dihedrals

| Duplicated    0 dihedrals

--------------------------------------------------------------------------------
   1.  RESOURCE   USE: 
--------------------------------------------------------------------------------

 getting new box info from bottom of inpcrd
 NATOM  =   17534 NTYPES =      18 NBONH =   16577 MBONA  =     961
 NTHETH =    2251 MTHETA =    1289 NPHIH =    4381 MPHIA  =    4388
 NHPARM =       0 NPARM  =       0 NNB   =   31496 NRES   =    5322
 NBONA  =     961 NTHETA =    1289 NPHIA =    4388 NUMBND =      69
 NUMANG =     147 NPTRA  =     245 NATYP =      40 NPHB   =       1
 IFBOX  =       1 NMXRS  =      26 IFCAP =       0 NEXTRA =       0
 NCOPY  =       0

| Coordinate Index Table dimensions:    10   10    9
| Direct force subcell size =     5.5401    5.7985    6.0459

     BOX TYPE: RECTILINEAR

--------------------------------------------------------------------------------
   2.  CONTROL  DATA  FOR  THE  RUN
--------------------------------------------------------------------------------

default_name                                                                    

General flags:
     imin    =       0, nmropt  =       0

Nature and format of input:
     ntx     =       5, irest   =       1, ntrx    =       1

Nature and format of output:
     ntxo    =       1, ntpr    =     500, ntrx    =       1, ntwr    =     500
     iwrap   =       1, ntwx    =     500, ntwv    =       0, ntwe    =       0
     ioutfm  =       1, ntwprt  =       0, idecomp =       0, rbornstat=      0

Potential function:
     ntf     =       2, ntb     =       2, igb     =       0, nsnb    =      25
     ipol    =       0, gbsa    =       0, iesp    =       0
     dielc   =   1.00000, cut     =  10.00000, intdiel =   1.00000

Frozen or restrained atoms:
     ibelly  =       0, ntr     =       1
     restraint_wt =   0.60000

Molecular dynamics:
     nstlim  =     50000, nscm    =         0, nrespa  =         1
     t       =   0.00000, dt      =   0.00200, vlimit  =  -1.00000

Langevin dynamics temperature regulation:
     ig      =  867454
     temp0   = 300.00000, tempi   = 300.00000, gamma_ln=   5.00000

Pressure regulation:
     ntp     =       1
     pres0   =   1.00000, comp    =  44.60000, taup    =   1.00000

SHAKE:
     ntc     =       2, jfastw  =       0
     tol     =   0.00001

| Intermolecular bonds treatment:
|     no_intermolecular_bonds =       1

| Energy averages sample interval:
|     ene_avg_sampling =     500

Ewald parameters:
     verbose =       0, ew_type =       0, nbflag  =       1, use_pme =       1
     vdwmeth =       1, eedmeth =       1, netfrc  =       1
     Box X =   55.401   Box Y =   57.985   Box Z =   54.413
     Alpha =   90.000   Beta  =   90.000   Gamma =   90.000
     NFFT1 =   56       NFFT2 =   64       NFFT3 =   56
     Cutoff=   10.000   Tol   =0.100E-04
     Ewald Coefficient =  0.27511
     Interpolation order =    4

    LOADING THE CONSTRAINED ATOMS AS GROUPS


   5.  REFERENCE ATOM COORDINATES

  default_name                                                                    
     Mask :1-120@N,CA,C,O; matches   476 atoms

--------------------------------------------------------------------------------
   3.  ATOMIC COORDINATES AND VELOCITIES
--------------------------------------------------------------------------------

default_name                                                                    
 begin time read from input coords =  2140.000 ps

 
 Number of triangulated 3-point waters found:     5199

     Sum of charges from parm topology file =   0.00000093
     Forcing neutrality...

| Dynamic Memory, Types Used:
| Reals              891599
| Integers           625043

| Nonbonded Pairs Initial Allocation:     5303596

| GPU memory information (estimate):
| KB of GPU memory in use:    113297
| KB of CPU memory in use:     22889

--------------------------------------------------------------------------------
   4.  RESULTS
--------------------------------------------------------------------------------

 ---------------------------------------------------
 APPROXIMATING switch and d/dx switch using CUBIC SPLINE INTERPOLATION
 using   5000.0 points per unit in tabled values
 TESTING RELATIVE ERROR over r ranging from 0.0 to cutoff
| CHECK switch(x): max rel err =   0.2738E-14   at   2.422500
| CHECK d/dx switch(x): max rel err =   0.8314E-11   at   2.736960
 ---------------------------------------------------
|---------------------------------------------------
| APPROXIMATING direct energy using CUBIC SPLINE INTERPOLATION
|  with   50.0 points per unit in tabled values
| Relative Error Limit not exceeded for r .gt.   2.33
| APPROXIMATING direct force using CUBIC SPLINE INTERPOLATION
|  with   50.0 points per unit in tabled values
| Relative Error Limit not exceeded for r .gt.   2.80
|---------------------------------------------------

 NSTEP =      500   TIME(PS) =    2141.000  TEMP(K) =   298.73  PRESS =   155.8
 Etot   =    -41903.2109  EKtot   =     10692.8340  EPtot      =    -52596.0449
 BOND   =       349.1734  ANGLE   =      1062.0114  DIHED      =      2158.7959
 1-4 NB =       450.7582  1-4 EEL =      6084.5208  VDWAALS    =      6094.2654
 EELEC  =    -68826.5675  EHBOND  =         0.0000  RESTRAINT  =        30.9975
 EAMBER (non-restraint)  =    -52627.0424
 EKCMT  =      4721.1228  VIRIAL  =      4132.7344  VOLUME     =    174911.8879
                                                    Density    =         1.0197
 ------------------------------------------------------------------------------


 NSTEP =     1000   TIME(PS) =    2142.000  TEMP(K) =   298.23  PRESS =     6.3
 Etot   =    -42349.5427  EKtot   =     10674.7686  EPtot      =    -53024.3113
 BOND   =       364.1146  ANGLE   =      1013.5094  DIHED      =      2163.1701
 1-4 NB =       442.0340  1-4 EEL =      6103.4515  VDWAALS    =      6378.3586
 EELEC  =    -69520.0639  EHBOND  =         0.0000  RESTRAINT  =        31.1143
 EAMBER (non-restraint)  =    -53055.4256
 EKCMT  =      4632.2549  VIRIAL  =      4608.3993  VOLUME     =    174947.0536
                                                    Density    =         1.0195
 ------------------------------------------------------------------------------


 NSTEP =     1500   TIME(PS) =    2143.000  TEMP(K) =   297.99  PRESS =  -280.2
 Etot   =    -42136.7297  EKtot   =     10666.4004  EPtot      =    -52803.1301
 BOND   =       375.7724  ANGLE   =      1054.4128  DIHED      =      2175.5446
 1-4 NB =       435.6719  1-4 EEL =      6058.5473  VDWAALS    =      6201.0504
 EELEC  =    -69133.1929  EHBOND  =         0.0000  RESTRAINT  =        29.0635
 EAMBER (non-restraint)  =    -52832.1935
 EKCMT  =      4637.7023  VIRIAL  =      5693.5356  VOLUME     =    174505.8344
                                                    Density    =         1.0221
 ------------------------------------------------------------------------------


 NSTEP =     2000   TIME(PS) =    2144.000  TEMP(K) =   294.14  PRESS =   -44.3
 Etot   =    -42170.4629  EKtot   =     10528.5703  EPtot      =    -52699.0332
 BOND   =       375.7740  ANGLE   =       978.8814  DIHED      =      2150.1302
 1-4 NB =       429.0261  1-4 EEL =      6050.8635  VDWAALS    =      6268.0037
 EELEC  =    -68983.8549  EHBOND  =         0.0000  RESTRAINT  =        32.1428
 EAMBER (non-restraint)  =    -52731.1760
 EKCMT  =      4583.0865  VIRIAL  =      4749.9818  VOLUME     =    174597.4829
                                                    Density    =         1.0216
 ------------------------------------------------------------------------------


 NSTEP =     2500   TIME(PS) =    2145.000  TEMP(K) =   298.64  PRESS =  -125.6
 Etot   =    -42135.4305  EKtot   =     10689.5732  EPtot      =    -52825.0037
 BOND   =       359.6332  ANGLE   =      1043.6823  DIHED      =      2153.0386
 1-4 NB =       446.2036  1-4 EEL =      6073.9857  VDWAALS    =      6301.1609
 EELEC  =    -69237.4227  EHBOND  =         0.0000  RESTRAINT  =        34.7147
 EAMBER (non-restraint)  =    -52859.7184
 EKCMT  =      4641.8058  VIRIAL  =      5113.6590  VOLUME     =    173933.0783
                                                    Density    =         1.0255
 ------------------------------------------------------------------------------


 NSTEP =     3000   TIME(PS) =    2146.000  TEMP(K) =   300.26  PRESS =   210.0
 Etot   =    -42017.4049  EKtot   =     10747.5938  EPtot      =    -52764.9986
 BOND   =       348.8048  ANGLE   =      1013.0908  DIHED      =      2187.7244
 1-4 NB =       436.8189  1-4 EEL =      6069.3865  VDWAALS    =      6326.8941
 EELEC  =    -69175.1480  EHBOND  =         0.0000  RESTRAINT  =        27.4298
 EAMBER (non-restraint)  =    -52792.4284
 EKCMT  =      4725.6602  VIRIAL  =      3936.1411  VOLUME     =    174157.2435
                                                    Density    =         1.0242
 ------------------------------------------------------------------------------


 NSTEP =     3500   TIME(PS) =    2147.000  TEMP(K) =   302.05  PRESS =   -83.1
 Etot   =    -41951.7183  EKtot   =     10811.5820  EPtot      =    -52763.3003
 BOND   =       346.0575  ANGLE   =      1016.8581  DIHED      =      2161.2379
 1-4 NB =       448.1589  1-4 EEL =      6089.9039  VDWAALS    =      6299.3809
 EELEC  =    -69162.7156  EHBOND  =         0.0000  RESTRAINT  =        37.8181
 EAMBER (non-restraint)  =    -52801.1184
 EKCMT  =      4608.5249  VIRIAL  =      4921.2354  VOLUME     =    174374.2701
                                                    Density    =         1.0229
 ------------------------------------------------------------------------------


 NSTEP =     4000   TIME(PS) =    2148.000  TEMP(K) =   298.31  PRESS =    25.7
 Etot   =    -42026.4347  EKtot   =     10677.8506  EPtot      =    -52704.2852
 BOND   =       352.7055  ANGLE   =      1034.5761  DIHED      =      2160.3246
 1-4 NB =       446.9704  1-4 EEL =      6090.2152  VDWAALS    =      6408.5218
 EELEC  =    -69233.0653  EHBOND  =         0.0000  RESTRAINT  =        35.4665
 EAMBER (non-restraint)  =    -52739.7518
 EKCMT  =      4603.5601  VIRIAL  =      4506.9511  VOLUME     =    174352.3434
                                                    Density    =         1.0230
 ------------------------------------------------------------------------------


 NSTEP =     4500   TIME(PS) =    2149.000  TEMP(K) =   295.02  PRESS =   -33.8
 Etot   =    -42167.9668  EKtot   =     10560.1143  EPtot      =    -52728.0811
 BOND   =       368.5168  ANGLE   =      1000.8611  DIHED      =      2155.3016
 1-4 NB =       439.5873  1-4 EEL =      6037.3009  VDWAALS    =      6246.2395
 EELEC  =    -69005.9417  EHBOND  =         0.0000  RESTRAINT  =        30.0534
 EAMBER (non-restraint)  =    -52758.1344
 EKCMT  =      4651.8922  VIRIAL  =      4778.8568  VOLUME     =    174228.1158
                                                    Density    =         1.0237
 ------------------------------------------------------------------------------


 NSTEP =     5000   TIME(PS) =    2150.000  TEMP(K) =   297.41  PRESS =    17.3
 Etot   =    -41994.3007  EKtot   =     10645.5117  EPtot      =    -52639.8124
 BOND   =       373.2867  ANGLE   =      1032.6235  DIHED      =      2182.5980
 1-4 NB =       438.1312  1-4 EEL =      6090.2871  VDWAALS    =      6143.8490
 EELEC  =    -68933.9135  EHBOND  =         0.0000  RESTRAINT  =        33.3257
 EAMBER (non-restraint)  =    -52673.1380
 EKCMT  =      4651.8013  VIRIAL  =      4586.7870  VOLUME     =    174525.2060
                                                    Density    =         1.0220
 ------------------------------------------------------------------------------


 NSTEP =     5500   TIME(PS) =    2151.000  TEMP(K) =   302.63  PRESS =  -171.1
 Etot   =    -41700.9550  EKtot   =     10832.4658  EPtot      =    -52533.4208
 BOND   =       358.2206  ANGLE   =       999.0363  DIHED      =      2172.9547
 1-4 NB =       462.0032  1-4 EEL =      6091.2080  VDWAALS    =      6166.5505
 EELEC  =    -68816.9949  EHBOND  =         0.0000  RESTRAINT  =        33.6008
 EAMBER (non-restraint)  =    -52567.0216
 EKCMT  =      4687.6644  VIRIAL  =      5333.8003  VOLUME     =    174934.0568
                                                    Density    =         1.0196
 ------------------------------------------------------------------------------


 NSTEP =     6000   TIME(PS) =    2152.000  TEMP(K) =   305.69  PRESS =   -39.5
 Etot   =    -41594.0326  EKtot   =     10942.0293  EPtot      =    -52536.0619
 BOND   =       342.9915  ANGLE   =      1071.5988  DIHED      =      2170.6909
 1-4 NB =       447.8701  1-4 EEL =      6046.8564  VDWAALS    =      6175.4298
 EELEC  =    -68827.1331  EHBOND  =         0.0000  RESTRAINT  =        35.6337
 EAMBER (non-restraint)  =    -52571.6956
 EKCMT  =      4739.6501  VIRIAL  =      4888.9643  VOLUME     =    174894.9887
                                                    Density    =         1.0198
 ------------------------------------------------------------------------------


 NSTEP =     6500   TIME(PS) =    2153.000  TEMP(K) =   299.23  PRESS =   165.0
 Etot   =    -42119.7823  EKtot   =     10710.7715  EPtot      =    -52830.5538
 BOND   =       325.4314  ANGLE   =       999.4647  DIHED      =      2183.1282
 1-4 NB =       452.8995  1-4 EEL =      6062.3822  VDWAALS    =      6363.9440
 EELEC  =    -69253.9984  EHBOND  =         0.0000  RESTRAINT  =        36.1946
 EAMBER (non-restraint)  =    -52866.7485
 EKCMT  =      4631.1306  VIRIAL  =      4009.0326  VOLUME     =    174571.5274
                                                    Density    =         1.0217
 ------------------------------------------------------------------------------


 NSTEP =     7000   TIME(PS) =    2154.000  TEMP(K) =   298.69  PRESS =  -179.9
 Etot   =    -42054.2437  EKtot   =     10691.2656  EPtot      =    -52745.5094
 BOND   =       369.6002  ANGLE   =       977.5785  DIHED      =      2151.2157
 1-4 NB =       444.1458  1-4 EEL =      6089.0956  VDWAALS    =      6147.5476
 EELEC  =    -68953.9658  EHBOND  =         0.0000  RESTRAINT  =        29.2730
 EAMBER (non-restraint)  =    -52774.7823
 EKCMT  =      4713.6857  VIRIAL  =      5393.5950  VOLUME     =    175063.5602
                                                    Density    =         1.0189
 ------------------------------------------------------------------------------


 NSTEP =     7500   TIME(PS) =    2155.000  TEMP(K) =   301.11  PRESS =   -79.0
 Etot   =    -41890.5037  EKtot   =     10778.0576  EPtot      =    -52668.5613
 BOND   =       374.7269  ANGLE   =      1021.6273  DIHED      =      2176.6781
 1-4 NB =       440.9215  1-4 EEL =      6075.7438  VDWAALS    =      6260.9993
 EELEC  =    -69059.3098  EHBOND  =         0.0000  RESTRAINT  =        40.0516
 EAMBER (non-restraint)  =    -52708.6130
 EKCMT  =      4653.7137  VIRIAL  =      4951.7315  VOLUME     =    174748.0464
                                                    Density    =         1.0207
 ------------------------------------------------------------------------------


 NSTEP =     8000   TIME(PS) =    2156.000  TEMP(K) =   296.27  PRESS =   212.0
 Etot   =    -42251.4070  EKtot   =     10604.6299  EPtot      =    -52856.0369
 BOND   =       370.5325  ANGLE   =       989.8597  DIHED      =      2179.6743
 1-4 NB =       440.0318  1-4 EEL =      6116.6873  VDWAALS    =      6457.0011
 EELEC  =    -69443.7262  EHBOND  =         0.0000  RESTRAINT  =        33.9029
 EAMBER (non-restraint)  =    -52889.9397
 EKCMT  =      4606.3553  VIRIAL  =      3805.7240  VOLUME     =    174936.5718
                                                    Density    =         1.0196
 ------------------------------------------------------------------------------


 NSTEP =     8500   TIME(PS) =    2157.000  TEMP(K) =   298.72  PRESS =    10.5
 Etot   =    -41964.8479  EKtot   =     10692.5654  EPtot      =    -52657.4133
 BOND   =       343.0538  ANGLE   =      1023.7036  DIHED      =      2169.3817
 1-4 NB =       451.9023  1-4 EEL =      6079.9807  VDWAALS    =      6375.4432
 EELEC  =    -69134.4960  EHBOND  =         0.0000  RESTRAINT  =        33.6176
 EAMBER (non-restraint)  =    -52691.0309
 EKCMT  =      4716.0216  VIRIAL  =      4676.5203  VOLUME     =    174787.2970
                                                    Density    =         1.0205
 ------------------------------------------------------------------------------


 NSTEP =     9000   TIME(PS) =    2158.000  TEMP(K) =   300.74  PRESS =    21.3
 Etot   =    -41806.0697  EKtot   =     10764.8115  EPtot      =    -52570.8813
 BOND   =       343.8486  ANGLE   =      1046.7859  DIHED      =      2159.2828
 1-4 NB =       452.7754  1-4 EEL =      6076.3627  VDWAALS    =      6251.5086
 EELEC  =    -68930.6979  EHBOND  =         0.0000  RESTRAINT  =        29.2527
 EAMBER (non-restraint)  =    -52600.1339
 EKCMT  =      4704.5282  VIRIAL  =      4624.3810  VOLUME     =    174528.7131
                                                    Density    =         1.0220
 ------------------------------------------------------------------------------


 NSTEP =     9500   TIME(PS) =    2159.000  TEMP(K) =   303.45  PRESS =   269.7
 Etot   =    -41788.8677  EKtot   =     10861.9092  EPtot      =    -52650.7769
 BOND   =       335.9545  ANGLE   =      1013.2027  DIHED      =      2176.9096
 1-4 NB =       445.6576  1-4 EEL =      6093.1329  VDWAALS    =      6370.2728
 EELEC  =    -69119.1143  EHBOND  =         0.0000  RESTRAINT  =        33.2072
 EAMBER (non-restraint)  =    -52683.9841
 EKCMT  =      4744.7218  VIRIAL  =      3727.0175  VOLUME     =    174772.2284
                                                    Density    =         1.0206
 ------------------------------------------------------------------------------


 NSTEP =    10000   TIME(PS) =    2160.000  TEMP(K) =   296.58  PRESS =   236.7
 Etot   =    -42172.2315  EKtot   =     10615.9912  EPtot      =    -52788.2227
 BOND   =       377.7321  ANGLE   =       999.3245  DIHED      =      2163.9948
 1-4 NB =       429.0524  1-4 EEL =      6080.7226  VDWAALS    =      6304.8529
 EELEC  =    -69177.6491  EHBOND  =         0.0000  RESTRAINT  =        33.7471
 EAMBER (non-restraint)  =    -52821.9698
 EKCMT  =      4595.2312  VIRIAL  =      3702.1519  VOLUME     =    174722.2759
                                                    Density    =         1.0208
 ------------------------------------------------------------------------------


 NSTEP =    10500   TIME(PS) =    2161.000  TEMP(K) =   305.19  PRESS =   148.6
 Etot   =    -41793.9285  EKtot   =     10923.9043  EPtot      =    -52717.8328
 BOND   =       355.6122  ANGLE   =      1063.0043  DIHED      =      2185.9022
 1-4 NB =       442.8783  1-4 EEL =      6086.6640  VDWAALS    =      6332.7026
 EELEC  =    -69213.8648  EHBOND  =         0.0000  RESTRAINT  =        29.2684
 EAMBER (non-restraint)  =    -52747.1012
 EKCMT  =      4723.0892  VIRIAL  =      4163.1823  VOLUME     =    174455.4228
                                                    Density    =         1.0224
 ------------------------------------------------------------------------------


 NSTEP =    11000   TIME(PS) =    2162.000  TEMP(K) =   298.18  PRESS =    87.0
 Etot   =    -42085.0093  EKtot   =     10673.1201  EPtot      =    -52758.1294
 BOND   =       347.8147  ANGLE   =      1040.8810  DIHED      =      2171.2918
 1-4 NB =       427.1952  1-4 EEL =      6087.1543  VDWAALS    =      6248.4759
 EELEC  =    -69112.6410  EHBOND  =         0.0000  RESTRAINT  =        31.6986
 EAMBER (non-restraint)  =    -52789.8280
 EKCMT  =      4616.1424  VIRIAL  =      4288.5253  VOLUME     =    174341.3143
                                                    Density    =         1.0231
 ------------------------------------------------------------------------------


 NSTEP =    11500   TIME(PS) =    2163.000  TEMP(K) =   299.94  PRESS =   284.4
 Etot   =    -41928.9538  EKtot   =     10735.9834  EPtot      =    -52664.9372
 BOND   =       347.0187  ANGLE   =      1044.2230  DIHED      =      2167.4989
 1-4 NB =       447.7107  1-4 EEL =      6088.7960  VDWAALS    =      6372.9504
 EELEC  =    -69169.8904  EHBOND  =         0.0000  RESTRAINT  =        36.7555
 EAMBER (non-restraint)  =    -52701.6926
 EKCMT  =      4701.0410  VIRIAL  =      3633.4956  VOLUME     =    173845.1147
                                                    Density    =         1.0260
 ------------------------------------------------------------------------------


 NSTEP =    12000   TIME(PS) =    2164.000  TEMP(K) =   300.23  PRESS =   215.9
 Etot   =    -41976.6935  EKtot   =     10746.4688  EPtot      =    -52723.1623
 BOND   =       382.5421  ANGLE   =      1009.6842  DIHED      =      2174.1155
 1-4 NB =       450.4414  1-4 EEL =      6114.5167  VDWAALS    =      6333.2405
 EELEC  =    -69223.4576  EHBOND  =         0.0000  RESTRAINT  =        35.7549
 EAMBER (non-restraint)  =    -52758.9172
 EKCMT  =      4724.2547  VIRIAL  =      3910.9458  VOLUME     =    174482.1863
                                                    Density    =         1.0223
 ------------------------------------------------------------------------------


 NSTEP =    12500   TIME(PS) =    2165.000  TEMP(K) =   298.19  PRESS =   -24.6
 Etot   =    -41892.7918  EKtot   =     10673.3496  EPtot      =    -52566.1414
 BOND   =       373.2946  ANGLE   =      1007.9377  DIHED      =      2175.0343
 1-4 NB =       464.3653  1-4 EEL =      6085.7475  VDWAALS    =      6109.1354
 EELEC  =    -68812.2926  EHBOND  =         0.0000  RESTRAINT  =        30.6364
 EAMBER (non-restraint)  =    -52596.7778
 EKCMT  =      4609.6119  VIRIAL  =      4702.1528  VOLUME     =    174488.3911
                                                    Density    =         1.0222
 ------------------------------------------------------------------------------


 NSTEP =    13000   TIME(PS) =    2166.000  TEMP(K) =   298.43  PRESS =    14.9
 Etot   =    -42073.0265  EKtot   =     10682.1250  EPtot      =    -52755.1515
 BOND   =       374.9795  ANGLE   =       989.0695  DIHED      =      2197.1987
 1-4 NB =       451.2141  1-4 EEL =      6107.0291  VDWAALS    =      6202.2690
 EELEC  =    -69112.4414  EHBOND  =         0.0000  RESTRAINT  =        35.5299
 EAMBER (non-restraint)  =    -52790.6814
 EKCMT  =      4696.2860  VIRIAL  =      4640.1462  VOLUME     =    174645.1657
                                                    Density    =         1.0213
 ------------------------------------------------------------------------------


 NSTEP =    13500   TIME(PS) =    2167.000  TEMP(K) =   305.44  PRESS =   -13.4
 Etot   =    -41767.9526  EKtot   =     10933.0029  EPtot      =    -52700.9555
 BOND   =       368.2019  ANGLE   =      1018.2958  DIHED      =      2164.7697
 1-4 NB =       452.4345  1-4 EEL =      6078.9434  VDWAALS    =      6308.7936
 EELEC  =    -69123.5106  EHBOND  =         0.0000  RESTRAINT  =        31.1162
 EAMBER (non-restraint)  =    -52732.0717
 EKCMT  =      4753.5125  VIRIAL  =      4803.9492  VOLUME     =    174374.4697
                                                    Density    =         1.0229
 ------------------------------------------------------------------------------


 NSTEP =    14000   TIME(PS) =    2168.000  TEMP(K) =   300.22  PRESS =   -10.7
 Etot   =    -41921.1235  EKtot   =     10746.1748  EPtot      =    -52667.2983
 BOND   =       343.2162  ANGLE   =      1013.2740  DIHED      =      2184.4332
 1-4 NB =       447.5358  1-4 EEL =      6077.6213  VDWAALS    =      6166.9870
 EELEC  =    -68931.9588  EHBOND  =         0.0000  RESTRAINT  =        31.5931
 EAMBER (non-restraint)  =    -52698.8913
 EKCMT  =      4689.5041  VIRIAL  =      4729.9688  VOLUME     =    174465.5329
                                                    Density    =         1.0224
 ------------------------------------------------------------------------------


 NSTEP =    14500   TIME(PS) =    2169.000  TEMP(K) =   299.70  PRESS =   191.5
 Etot   =    -41955.1020  EKtot   =     10727.4297  EPtot      =    -52682.5317
 BOND   =       353.2799  ANGLE   =      1024.9951  DIHED      =      2158.9375
 1-4 NB =       436.5994  1-4 EEL =      6087.1706  VDWAALS    =      6177.7888
 EELEC  =    -68954.5829  EHBOND  =         0.0000  RESTRAINT  =        33.2798
 EAMBER (non-restraint)  =    -52715.8115
 EKCMT  =      4669.0871  VIRIAL  =      3947.9166  VOLUME     =    174373.4936
                                                    Density    =         1.0229
 ------------------------------------------------------------------------------


 NSTEP =    15000   TIME(PS) =    2170.000  TEMP(K) =   300.79  PRESS =   -63.9
 Etot   =    -41982.3087  EKtot   =     10766.6328  EPtot      =    -52748.9415
 BOND   =       361.2622  ANGLE   =      1059.2759  DIHED      =      2172.1699
 1-4 NB =       439.1309  1-4 EEL =      6062.6514  VDWAALS    =      6133.3233
 EELEC  =    -69011.8542  EHBOND  =         0.0000  RESTRAINT  =        35.0992
 EAMBER (non-restraint)  =    -52784.0406
 EKCMT  =      4655.7807  VIRIAL  =      4896.7223  VOLUME     =    174637.6964
                                                    Density    =         1.0213
 ------------------------------------------------------------------------------


 NSTEP =    15500   TIME(PS) =    2171.000  TEMP(K) =   297.77  PRESS =   234.0
 Etot   =    -42003.0299  EKtot   =     10658.6084  EPtot      =    -52661.6383
 BOND   =       356.7626  ANGLE   =       974.6474  DIHED      =      2179.2010
 1-4 NB =       438.8400  1-4 EEL =      6078.9061  VDWAALS    =      6155.8658
 EELEC  =    -68879.5205  EHBOND  =         0.0000  RESTRAINT  =        33.6593
 EAMBER (non-restraint)  =    -52695.2976
 EKCMT  =      4630.2229  VIRIAL  =      3750.8024  VOLUME     =    174062.8482
                                                    Density    =         1.0247
 ------------------------------------------------------------------------------


 NSTEP =    16000   TIME(PS) =    2172.000  TEMP(K) =   301.74  PRESS =   -94.0
 Etot   =    -41920.1261  EKtot   =     10800.6641  EPtot      =    -52720.7902
 BOND   =       335.5452  ANGLE   =      1013.3426  DIHED      =      2172.8912
 1-4 NB =       440.9127  1-4 EEL =      6096.9468  VDWAALS    =      6179.7249
 EELEC  =    -68991.1746  EHBOND  =         0.0000  RESTRAINT  =        31.0209
 EAMBER (non-restraint)  =    -52751.8111
 EKCMT  =      4657.2725  VIRIAL  =      5011.0070  VOLUME     =    174315.7317
                                                    Density    =         1.0232
 ------------------------------------------------------------------------------


 NSTEP =    16500   TIME(PS) =    2173.000  TEMP(K) =   297.24  PRESS =    -8.4
 Etot   =    -42036.7605  EKtot   =     10639.5850  EPtot      =    -52676.3454
 BOND   =       364.4022  ANGLE   =      1010.3685  DIHED      =      2177.7417
 1-4 NB =       445.6148  1-4 EEL =      6098.2588  VDWAALS    =      6227.3668
 EELEC  =    -69031.1774  EHBOND  =         0.0000  RESTRAINT  =        31.0792
 EAMBER (non-restraint)  =    -52707.4247
 EKCMT  =      4638.0581  VIRIAL  =      4669.6726  VOLUME     =    174424.6981
                                                    Density    =         1.0226
 ------------------------------------------------------------------------------


 NSTEP =    17000   TIME(PS) =    2174.000  TEMP(K) =   297.89  PRESS =  -153.9
 Etot   =    -42228.0942  EKtot   =     10662.8516  EPtot      =    -52890.9458
 BOND   =       353.0904  ANGLE   =      1004.4886  DIHED      =      2140.5469
 1-4 NB =       434.0645  1-4 EEL =      6086.1097  VDWAALS    =      6165.8912
 EELEC  =    -69106.7653  EHBOND  =         0.0000  RESTRAINT  =        31.6283
 EAMBER (non-restraint)  =    -52922.5740
 EKCMT  =      4635.7485  VIRIAL  =      5215.2569  VOLUME     =    174391.1072
                                                    Density    =         1.0228
 ------------------------------------------------------------------------------


 NSTEP =    17500   TIME(PS) =    2175.000  TEMP(K) =   299.27  PRESS =    64.6
 Etot   =    -41804.2492  EKtot   =     10711.9824  EPtot      =    -52516.2316
 BOND   =       368.3139  ANGLE   =      1025.7696  DIHED      =      2166.4176
 1-4 NB =       457.3968  1-4 EEL =      6107.4999  VDWAALS    =      6009.8153
 EELEC  =    -68687.5040  EHBOND  =         0.0000  RESTRAINT  =        36.0592
 EAMBER (non-restraint)  =    -52552.2909
 EKCMT  =      4645.1329  VIRIAL  =      4402.2416  VOLUME     =    174202.3311
                                                    Density    =         1.0239
 ------------------------------------------------------------------------------


 NSTEP =    18000   TIME(PS) =    2176.000  TEMP(K) =   303.88  PRESS =  -177.7
 Etot   =    -41926.7507  EKtot   =     10877.3291  EPtot      =    -52804.0798
 BOND   =       370.3987  ANGLE   =      1011.3877  DIHED      =      2159.8866
 1-4 NB =       441.1094  1-4 EEL =      6103.2301  VDWAALS    =      6271.6331
 EELEC  =    -69196.0279  EHBOND  =         0.0000  RESTRAINT  =        34.3024
 EAMBER (non-restraint)  =    -52838.3822
 EKCMT  =      4718.1261  VIRIAL  =      5388.4690  VOLUME     =    174764.2280
                                                    Density    =         1.0206
 ------------------------------------------------------------------------------


 NSTEP =    18500   TIME(PS) =    2177.000  TEMP(K) =   302.61  PRESS =  -157.4
 Etot   =    -41829.8172  EKtot   =     10831.5557  EPtot      =    -52661.3728
 BOND   =       375.3015  ANGLE   =       997.3269  DIHED      =      2160.3172
 1-4 NB =       438.8474  1-4 EEL =      6076.9478  VDWAALS    =      6160.9026
 EELEC  =    -68904.9069  EHBOND  =         0.0000  RESTRAINT  =        33.8906
 EAMBER (non-restraint)  =    -52695.2635
 EKCMT  =      4743.2587  VIRIAL  =      5335.5154  VOLUME     =    174270.3501
                                                    Density    =         1.0235
 ------------------------------------------------------------------------------


 NSTEP =    19000   TIME(PS) =    2178.000  TEMP(K) =   301.39  PRESS =   261.5
 Etot   =    -41780.1719  EKtot   =     10788.0371  EPtot      =    -52568.2090
 BOND   =       368.0453  ANGLE   =      1015.8413  DIHED      =      2147.9311
 1-4 NB =       448.2534  1-4 EEL =      6118.1423  VDWAALS    =      6251.4825
 EELEC  =    -68955.9949  EHBOND  =         0.0000  RESTRAINT  =        38.0899
 EAMBER (non-restraint)  =    -52606.2989
 EKCMT  =      4669.0595  VIRIAL  =      3687.2782  VOLUME     =    173853.0236
                                                    Density    =         1.0260
 ------------------------------------------------------------------------------


 NSTEP =    19500   TIME(PS) =    2179.000  TEMP(K) =   299.37  PRESS =  -126.7
 Etot   =    -41880.0950  EKtot   =     10715.7012  EPtot      =    -52595.7962
 BOND   =       365.5862  ANGLE   =      1035.7745  DIHED      =      2165.9622
 1-4 NB =       458.5924  1-4 EEL =      6080.1520  VDWAALS    =      6010.7795
 EELEC  =    -68745.6385  EHBOND  =         0.0000  RESTRAINT  =        32.9955
 EAMBER (non-restraint)  =    -52628.7917
 EKCMT  =      4657.4481  VIRIAL  =      5133.3473  VOLUME     =    173914.6170
                                                    Density    =         1.0256
 ------------------------------------------------------------------------------


 NSTEP =    20000   TIME(PS) =    2180.000  TEMP(K) =   302.89  PRESS =    -0.4
 Etot   =    -41897.3908  EKtot   =     10841.7275  EPtot      =    -52739.1184
 BOND   =       352.9911  ANGLE   =      1013.6193  DIHED      =      2159.0506
 1-4 NB =       453.5525  1-4 EEL =      6067.9712  VDWAALS    =      6278.9559
 EELEC  =    -69099.6993  EHBOND  =         0.0000  RESTRAINT  =        34.4403
 EAMBER (non-restraint)  =    -52773.5587
 EKCMT  =      4755.6446  VIRIAL  =      4757.0443  VOLUME     =    173700.5964
                                                    Density    =         1.0269
 ------------------------------------------------------------------------------


 NSTEP =    20500   TIME(PS) =    2181.000  TEMP(K) =   298.06  PRESS =  -227.3
 Etot   =    -42114.0303  EKtot   =     10668.8613  EPtot      =    -52782.8917
 BOND   =       350.2223  ANGLE   =      1049.7232  DIHED      =      2154.0620
 1-4 NB =       463.2962  1-4 EEL =      6041.4804  VDWAALS    =      6146.3166
 EELEC  =    -69024.5235  EHBOND  =         0.0000  RESTRAINT  =        36.5311
 EAMBER (non-restraint)  =    -52819.4228
 EKCMT  =      4633.8099  VIRIAL  =      5486.4644  VOLUME     =    173753.6798
                                                    Density    =         1.0265
 ------------------------------------------------------------------------------


 NSTEP =    21000   TIME(PS) =    2182.000  TEMP(K) =   302.67  PRESS =    -1.0
 Etot   =    -41770.2031  EKtot   =     10834.0146  EPtot      =    -52604.2178
 BOND   =       351.9371  ANGLE   =      1021.3287  DIHED      =      2162.5255
 1-4 NB =       436.3185  1-4 EEL =      6093.4239  VDWAALS    =      6154.2081
 EELEC  =    -68859.3458  EHBOND  =         0.0000  RESTRAINT  =        35.3862
 EAMBER (non-restraint)  =    -52639.6040
 EKCMT  =      4648.5683  VIRIAL  =      4652.4182  VOLUME     =    173927.4311
                                                    Density    =         1.0255
 ------------------------------------------------------------------------------


 NSTEP =    21500   TIME(PS) =    2183.000  TEMP(K) =   300.70  PRESS =    64.6
 Etot   =    -41954.4920  EKtot   =     10763.4814  EPtot      =    -52717.9734
 BOND   =       348.0671  ANGLE   =       992.9084  DIHED      =      2160.5874
 1-4 NB =       460.4002  1-4 EEL =      6078.3488  VDWAALS    =      6274.9292
 EELEC  =    -69075.4270  EHBOND  =         0.0000  RESTRAINT  =        42.2124
 EAMBER (non-restraint)  =    -52760.1858
 EKCMT  =      4685.4636  VIRIAL  =      4442.6119  VOLUME     =    174166.8491
                                                    Density    =         1.0241
 ------------------------------------------------------------------------------


 NSTEP =    22000   TIME(PS) =    2184.000  TEMP(K) =   300.30  PRESS =  -234.5
 Etot   =    -42050.4230  EKtot   =     10748.9023  EPtot      =    -52799.3253
 BOND   =       357.0872  ANGLE   =      1003.1147  DIHED      =      2138.9722
 1-4 NB =       433.7586  1-4 EEL =      6062.9381  VDWAALS    =      6232.3122
 EELEC  =    -69062.5606  EHBOND  =         0.0000  RESTRAINT  =        35.0523
 EAMBER (non-restraint)  =    -52834.3776
 EKCMT  =      4611.6222  VIRIAL  =      5493.6620  VOLUME     =    174171.0106
                                                    Density    =         1.0241
 ------------------------------------------------------------------------------


 NSTEP =    22500   TIME(PS) =    2185.000  TEMP(K) =   299.78  PRESS =  -401.0
 Etot   =    -42031.2958  EKtot   =     10730.4062  EPtot      =    -52761.7021
 BOND   =       356.3550  ANGLE   =      1084.4636  DIHED      =      2166.8769
 1-4 NB =       424.2421  1-4 EEL =      6057.4492  VDWAALS    =      6196.2460
 EELEC  =    -69082.8244  EHBOND  =         0.0000  RESTRAINT  =        35.4894
 EAMBER (non-restraint)  =    -52797.1914
 EKCMT  =      4677.5914  VIRIAL  =      6180.1834  VOLUME     =    173564.6576
                                                    Density    =         1.0277
 ------------------------------------------------------------------------------


 NSTEP =    23000   TIME(PS) =    2186.000  TEMP(K) =   302.18  PRESS =  -124.5
 Etot   =    -42103.4584  EKtot   =     10816.2031  EPtot      =    -52919.6616
 BOND   =       349.5610  ANGLE   =      1000.7768  DIHED      =      2159.4056
 1-4 NB =       457.2811  1-4 EEL =      6084.3370  VDWAALS    =      6076.8611
 EELEC  =    -69088.3895  EHBOND  =         0.0000  RESTRAINT  =        40.5053
 EAMBER (non-restraint)  =    -52960.1668
 EKCMT  =      4714.4108  VIRIAL  =      5180.2000  VOLUME     =    173339.1197
                                                    Density    =         1.0290
 ------------------------------------------------------------------------------


 NSTEP =    23500   TIME(PS) =    2187.000  TEMP(K) =   297.79  PRESS =  -232.2
 Etot   =    -42150.2280  EKtot   =     10659.3096  EPtot      =    -52809.5376
 BOND   =       319.6734  ANGLE   =      1062.0445  DIHED      =      2149.4944
 1-4 NB =       429.2299  1-4 EEL =      6075.4719  VDWAALS    =      6219.5160
 EELEC  =    -69099.1904  EHBOND  =         0.0000  RESTRAINT  =        34.2228
 EAMBER (non-restraint)  =    -52843.7603
 EKCMT  =      4604.1112  VIRIAL  =      5472.0177  VOLUME     =    173112.1903
                                                    Density    =         1.0303
 ------------------------------------------------------------------------------


 NSTEP =    24000   TIME(PS) =    2188.000  TEMP(K) =   299.72  PRESS =  -293.0
 Etot   =    -41989.2548  EKtot   =     10728.1797  EPtot      =    -52717.4344
 BOND   =       349.7278  ANGLE   =      1041.5744  DIHED      =      2145.8849
 1-4 NB =       443.3758  1-4 EEL =      6100.9520  VDWAALS    =      6140.1374
 EELEC  =    -68977.3255  EHBOND  =         0.0000  RESTRAINT  =        38.2387
 EAMBER (non-restraint)  =    -52755.6732
 EKCMT  =      4712.1720  VIRIAL  =      5812.0439  VOLUME     =    173860.1448
                                                    Density    =         1.0259
 ------------------------------------------------------------------------------


 NSTEP =    24500   TIME(PS) =    2189.000  TEMP(K) =   301.56  PRESS =  -116.1
 Etot   =    -41982.9915  EKtot   =     10794.1104  EPtot      =    -52777.1019
 BOND   =       359.0144  ANGLE   =      1021.1918  DIHED      =      2159.1411
 1-4 NB =       443.6428  1-4 EEL =      6077.6234  VDWAALS    =      6128.2839
 EELEC  =    -68998.3349  EHBOND  =         0.0000  RESTRAINT  =        32.3355
 EAMBER (non-restraint)  =    -52809.4374
 EKCMT  =      4751.7045  VIRIAL  =      5187.0789  VOLUME     =    173660.0349
                                                    Density    =         1.0271
 ------------------------------------------------------------------------------


 NSTEP =    25000   TIME(PS) =    2190.000  TEMP(K) =   298.92  PRESS =  -153.8
 Etot   =    -42330.6466  EKtot   =     10699.7588  EPtot      =    -53030.4054
 BOND   =       366.5821  ANGLE   =      1055.6533  DIHED      =      2129.4901
 1-4 NB =       443.3782  1-4 EEL =      6015.3569  VDWAALS    =      6207.1038
 EELEC  =    -69289.0466  EHBOND  =         0.0000  RESTRAINT  =        41.0768
 EAMBER (non-restraint)  =    -53071.4822
 EKCMT  =      4637.2820  VIRIAL  =      5213.3088  VOLUME     =    173451.3033
                                                    Density    =         1.0283
 ------------------------------------------------------------------------------


 NSTEP =    25500   TIME(PS) =    2191.000  TEMP(K) =   296.53  PRESS =   193.9
 Etot   =    -42310.2864  EKtot   =     10614.0303  EPtot      =    -52924.3167
 BOND   =       347.2075  ANGLE   =      1029.8467  DIHED      =      2155.1794
 1-4 NB =       459.2063  1-4 EEL =      6088.0180  VDWAALS    =      6337.1988
 EELEC  =    -69383.0492  EHBOND  =         0.0000  RESTRAINT  =        42.0758
 EAMBER (non-restraint)  =    -52966.3925
 EKCMT  =      4578.0256  VIRIAL  =      3850.3525  VOLUME     =    173795.3312
                                                    Density    =         1.0263
 ------------------------------------------------------------------------------


 NSTEP =    26000   TIME(PS) =    2192.000  TEMP(K) =   299.72  PRESS =  -220.6
 Etot   =    -42044.5700  EKtot   =     10728.0869  EPtot      =    -52772.6570
 BOND   =       338.1871  ANGLE   =       948.6184  DIHED      =      2135.4939
 1-4 NB =       459.4687  1-4 EEL =      6111.4044  VDWAALS    =      6251.0813
 EELEC  =    -69057.7861  EHBOND  =         0.0000  RESTRAINT  =        40.8754
 EAMBER (non-restraint)  =    -52813.5323
 EKCMT  =      4625.2169  VIRIAL  =      5454.4981  VOLUME     =    174071.9290
                                                    Density    =         1.0247
 ------------------------------------------------------------------------------


 NSTEP =    26500   TIME(PS) =    2193.000  TEMP(K) =   300.05  PRESS =   140.4
 Etot   =    -41947.9490  EKtot   =     10740.1973  EPtot      =    -52688.1463
 BOND   =       350.2458  ANGLE   =      1002.6334  DIHED      =      2171.5825
 1-4 NB =       434.5202  1-4 EEL =      6078.4161  VDWAALS    =      6373.7838
 EELEC  =    -69138.1198  EHBOND  =         0.0000  RESTRAINT  =        38.7917
 EAMBER (non-restraint)  =    -52726.9379
 EKCMT  =      4632.6874  VIRIAL  =      4105.2648  VOLUME     =    174001.2022
                                                    Density    =         1.0251
 ------------------------------------------------------------------------------


 NSTEP =    27000   TIME(PS) =    2194.000  TEMP(K) =   302.51  PRESS =    75.0
 Etot   =    -41897.8045  EKtot   =     10827.9883  EPtot      =    -52725.7928
 BOND   =       377.8609  ANGLE   =       997.9557  DIHED      =      2160.0942
 1-4 NB =       442.1334  1-4 EEL =      6101.5187  VDWAALS    =      6319.7632
 EELEC  =    -69164.4369  EHBOND  =         0.0000  RESTRAINT  =        39.3179
 EAMBER (non-restraint)  =    -52765.1108
 EKCMT  =      4786.6323  VIRIAL  =      4504.6636  VOLUME     =    174219.1587
                                                    Density    =         1.0238
 ------------------------------------------------------------------------------


 NSTEP =    27500   TIME(PS) =    2195.000  TEMP(K) =   298.82  PRESS =  -346.9
 Etot   =    -42145.4151  EKtot   =     10695.9160  EPtot      =    -52841.3312
 BOND   =       356.9582  ANGLE   =      1033.4370  DIHED      =      2158.8430
 1-4 NB =       441.7628  1-4 EEL =      6087.3973  VDWAALS    =      6174.8385
 EELEC  =    -69136.2702  EHBOND  =         0.0000  RESTRAINT  =        41.7020
 EAMBER (non-restraint)  =    -52883.0332
 EKCMT  =      4612.3825  VIRIAL  =      5914.7654  VOLUME     =    173865.1131
                                                    Density    =         1.0259
 ------------------------------------------------------------------------------


 NSTEP =    28000   TIME(PS) =    2196.000  TEMP(K) =   301.80  PRESS =  -116.9
 Etot   =    -42009.9395  EKtot   =     10802.7861  EPtot      =    -52812.7256
 BOND   =       349.1880  ANGLE   =      1022.3625  DIHED      =      2154.2501
 1-4 NB =       448.0868  1-4 EEL =      6081.3997  VDWAALS    =      6178.9246
 EELEC  =    -69077.1545  EHBOND  =         0.0000  RESTRAINT  =        30.2171
 EAMBER (non-restraint)  =    -52842.9427
 EKCMT  =      4718.0451  VIRIAL  =      5156.7212  VOLUME     =    173874.2228
                                                    Density    =         1.0258
 ------------------------------------------------------------------------------


 NSTEP =    28500   TIME(PS) =    2197.000  TEMP(K) =   302.74  PRESS =  -202.5
 Etot   =    -41775.5410  EKtot   =     10836.3271  EPtot      =    -52611.8681
 BOND   =       366.4709  ANGLE   =      1013.4570  DIHED      =      2178.3474
 1-4 NB =       441.1806  1-4 EEL =      6086.1284  VDWAALS    =      6126.6254
 EELEC  =    -68864.3922  EHBOND  =         0.0000  RESTRAINT  =        40.3142
 EAMBER (non-restraint)  =    -52652.1824
 EKCMT  =      4725.3500  VIRIAL  =      5485.4936  VOLUME     =    173844.4524
                                                    Density    =         1.0260
 ------------------------------------------------------------------------------


 NSTEP =    29000   TIME(PS) =    2198.000  TEMP(K) =   300.32  PRESS =   139.8
 Etot   =    -41935.0277  EKtot   =     10749.6475  EPtot      =    -52684.6751
 BOND   =       373.4288  ANGLE   =       998.0556  DIHED      =      2184.7752
 1-4 NB =       446.8837  1-4 EEL =      6109.4413  VDWAALS    =      6357.5344
 EELEC  =    -69189.1612  EHBOND  =         0.0000  RESTRAINT  =        34.3670
 EAMBER (non-restraint)  =    -52719.0421
 EKCMT  =      4607.5920  VIRIAL  =      4081.0950  VOLUME     =    174452.8987
                                                    Density    =         1.0224
 ------------------------------------------------------------------------------


 NSTEP =    29500   TIME(PS) =    2199.000  TEMP(K) =   299.64  PRESS =  -234.1
 Etot   =    -42075.5831  EKtot   =     10725.4463  EPtot      =    -52801.0294
 BOND   =       371.0301  ANGLE   =      1047.0906  DIHED      =      2175.9972
 1-4 NB =       442.6162  1-4 EEL =      6067.2881  VDWAALS    =      6145.0525
 EELEC  =    -69086.7624  EHBOND  =         0.0000  RESTRAINT  =        36.6584
 EAMBER (non-restraint)  =    -52837.6878
 EKCMT  =      4625.0171  VIRIAL  =      5507.6937  VOLUME     =    174615.7368
                                                    Density    =         1.0215
 ------------------------------------------------------------------------------


 NSTEP =    30000   TIME(PS) =    2200.000  TEMP(K) =   300.75  PRESS =    -8.3
 Etot   =    -42091.2346  EKtot   =     10765.2988  EPtot      =    -52856.5334
 BOND   =       354.1916  ANGLE   =       977.5739  DIHED      =      2174.0099
 1-4 NB =       447.8413  1-4 EEL =      6127.2686  VDWAALS    =      6277.4878
 EELEC  =    -69257.0475  EHBOND  =         0.0000  RESTRAINT  =        42.1410
 EAMBER (non-restraint)  =    -52898.6745
 EKCMT  =      4696.1080  VIRIAL  =      4727.3701  VOLUME     =    174430.9239
                                                    Density    =         1.0226
 ------------------------------------------------------------------------------


 NSTEP =    30500   TIME(PS) =    2201.000  TEMP(K) =   298.39  PRESS =    20.9
 Etot   =    -42155.1672  EKtot   =     10680.5186  EPtot      =    -52835.6857
 BOND   =       351.5876  ANGLE   =       981.5235  DIHED      =      2158.1992
 1-4 NB =       451.4649  1-4 EEL =      6070.5602  VDWAALS    =      6229.1751
 EELEC  =    -69116.9298  EHBOND  =         0.0000  RESTRAINT  =        38.7337
 EAMBER (non-restraint)  =    -52874.4194
 EKCMT  =      4656.0105  VIRIAL  =      4577.3311  VOLUME     =    174568.0351
                                                    Density    =         1.0217
 ------------------------------------------------------------------------------


 NSTEP =    31000   TIME(PS) =    2202.000  TEMP(K) =   299.28  PRESS =   302.2
 Etot   =    -41939.6268  EKtot   =     10712.3535  EPtot      =    -52651.9803
 BOND   =       371.4837  ANGLE   =      1066.5555  DIHED      =      2158.5030
 1-4 NB =       451.6779  1-4 EEL =      6041.7365  VDWAALS    =      6305.0483
 EELEC  =    -69086.1218  EHBOND  =         0.0000  RESTRAINT  =        39.1365
 EAMBER (non-restraint)  =    -52691.1168
 EKCMT  =      4638.1933  VIRIAL  =      3503.3884  VOLUME     =    173947.2208
                                                    Density    =         1.0254
 ------------------------------------------------------------------------------


 NSTEP =    31500   TIME(PS) =    2203.000  TEMP(K) =   301.99  PRESS =  -102.4
 Etot   =    -41948.3327  EKtot   =     10809.6797  EPtot      =    -52758.0123
 BOND   =       337.7359  ANGLE   =       969.4927  DIHED      =      2146.4908
 1-4 NB =       445.4413  1-4 EEL =      6073.1027  VDWAALS    =      6090.3878
 EELEC  =    -68855.4719  EHBOND  =         0.0000  RESTRAINT  =        34.8083
 EAMBER (non-restraint)  =    -52792.8207
 EKCMT  =      4640.5391  VIRIAL  =      5025.6058  VOLUME     =    174099.5175
                                                    Density    =         1.0245
 ------------------------------------------------------------------------------


 NSTEP =    32000   TIME(PS) =    2204.000  TEMP(K) =   299.46  PRESS =   347.6
 Etot   =    -41962.1583  EKtot   =     10718.8477  EPtot      =    -52681.0060
 BOND   =       358.2871  ANGLE   =      1018.8287  DIHED      =      2152.1617
 1-4 NB =       439.8184  1-4 EEL =      6046.1499  VDWAALS    =      6363.3747
 EELEC  =    -69098.8773  EHBOND  =         0.0000  RESTRAINT  =        39.2509
 EAMBER (non-restraint)  =    -52720.2568
 EKCMT  =      4699.4400  VIRIAL  =      3392.8552  VOLUME     =    174110.9455
                                                    Density    =         1.0244
 ------------------------------------------------------------------------------


 NSTEP =    32500   TIME(PS) =    2205.000  TEMP(K) =   299.22  PRESS =    82.4
 Etot   =    -42066.9301  EKtot   =     10710.2920  EPtot      =    -52777.2221
 BOND   =       357.8105  ANGLE   =      1016.6471  DIHED      =      2173.0029
 1-4 NB =       433.0128  1-4 EEL =      6085.7476  VDWAALS    =      6446.1536
 EELEC  =    -69330.8775  EHBOND  =         0.0000  RESTRAINT  =        41.2808
 EAMBER (non-restraint)  =    -52818.5029
 EKCMT  =      4635.2071  VIRIAL  =      4325.4729  VOLUME     =    174024.8062
                                                    Density    =         1.0249
 ------------------------------------------------------------------------------


 NSTEP =    33000   TIME(PS) =    2206.000  TEMP(K) =   299.93  PRESS =    21.6
 Etot   =    -42024.5409  EKtot   =     10735.6367  EPtot      =    -52760.1776
 BOND   =       346.6050  ANGLE   =      1039.2273  DIHED      =      2166.9862
 1-4 NB =       422.2696  1-4 EEL =      6027.1214  VDWAALS    =      6400.5462
 EELEC  =    -69201.4407  EHBOND  =         0.0000  RESTRAINT  =        38.5074
 EAMBER (non-restraint)  =    -52798.6850
 EKCMT  =      4640.1274  VIRIAL  =      4558.5797  VOLUME     =    174718.1057
                                                    Density    =         1.0209
 ------------------------------------------------------------------------------


 NSTEP =    33500   TIME(PS) =    2207.000  TEMP(K) =   300.09  PRESS =   129.7
 Etot   =    -41843.3289  EKtot   =     10741.6475  EPtot      =    -52584.9764
 BOND   =       373.4797  ANGLE   =      1012.3091  DIHED      =      2163.8494
 1-4 NB =       450.5864  1-4 EEL =      6093.2720  VDWAALS    =      6105.9315
 EELEC  =    -68820.2843  EHBOND  =         0.0000  RESTRAINT  =        35.8798
 EAMBER (non-restraint)  =    -52620.8562
 EKCMT  =      4705.3097  VIRIAL  =      4215.8955  VOLUME     =    174781.1320
                                                    Density    =         1.0205
 ------------------------------------------------------------------------------


 NSTEP =    34000   TIME(PS) =    2208.000  TEMP(K) =   298.92  PRESS =  -142.5
 Etot   =    -41871.8544  EKtot   =     10699.5264  EPtot      =    -52571.3808
 BOND   =       383.1891  ANGLE   =       967.6182  DIHED      =      2172.1822
 1-4 NB =       450.3609  1-4 EEL =      6098.8669  VDWAALS    =      5943.7627
 EELEC  =    -68621.1720  EHBOND  =         0.0000  RESTRAINT  =        33.8112
 EAMBER (non-restraint)  =    -52605.1920
 EKCMT  =      4696.5297  VIRIAL  =      5234.5644  VOLUME     =    174865.5464
                                                    Density    =         1.0200
 ------------------------------------------------------------------------------


 NSTEP =    34500   TIME(PS) =    2209.000  TEMP(K) =   300.35  PRESS =    35.6
 Etot   =    -41953.0573  EKtot   =     10750.7217  EPtot      =    -52703.7790
 BOND   =       382.8809  ANGLE   =      1053.1579  DIHED      =      2164.5124
 1-4 NB =       446.9062  1-4 EEL =      6065.7825  VDWAALS    =      6125.0855
 EELEC  =    -68975.4861  EHBOND  =         0.0000  RESTRAINT  =        33.3816
 EAMBER (non-restraint)  =    -52737.1606
 EKCMT  =      4732.6227  VIRIAL  =      4598.6874  VOLUME     =    174221.2201
                                                    Density    =         1.0238
 ------------------------------------------------------------------------------


 NSTEP =    35000   TIME(PS) =    2210.000  TEMP(K) =   302.30  PRESS =    51.5
 Etot   =    -41810.8369  EKtot   =     10820.4609  EPtot      =    -52631.2978
 BOND   =       346.1306  ANGLE   =      1002.7515  DIHED      =      2165.8124
 1-4 NB =       455.3679  1-4 EEL =      6104.4623  VDWAALS    =      6149.1547
 EELEC  =    -68891.8543  EHBOND  =         0.0000  RESTRAINT  =        36.8771
 EAMBER (non-restraint)  =    -52668.1749
 EKCMT  =      4694.1328  VIRIAL  =      4500.5506  VOLUME     =    174095.4943
                                                    Density    =         1.0245
 ------------------------------------------------------------------------------


 NSTEP =    35500   TIME(PS) =    2211.000  TEMP(K) =   299.87  PRESS =     0.1
 Etot   =    -42051.7234  EKtot   =     10733.7217  EPtot      =    -52785.4450
 BOND   =       343.9024  ANGLE   =       990.2057  DIHED      =      2193.7552
 1-4 NB =       464.3507  1-4 EEL =      6105.9890  VDWAALS    =      6238.1603
 EELEC  =    -69165.0708  EHBOND  =         0.0000  RESTRAINT  =        43.2625
 EAMBER (non-restraint)  =    -52828.7076
 EKCMT  =      4679.5951  VIRIAL  =      4679.1580  VOLUME     =    173886.1161
                                                    Density    =         1.0258
 ------------------------------------------------------------------------------


 NSTEP =    36000   TIME(PS) =    2212.000  TEMP(K) =   303.19  PRESS =  -225.1
 Etot   =    -41906.4653  EKtot   =     10852.6143  EPtot      =    -52759.0796
 BOND   =       342.2966  ANGLE   =      1008.5462  DIHED      =      2173.2027
 1-4 NB =       431.6474  1-4 EEL =      6138.2315  VDWAALS    =      6077.2691
 EELEC  =    -68969.6579  EHBOND  =         0.0000  RESTRAINT  =        39.3849
 EAMBER (non-restraint)  =    -52798.4644
 EKCMT  =      4704.7022  VIRIAL  =      5550.2071  VOLUME     =    173958.8007
                                                    Density    =         1.0253
 ------------------------------------------------------------------------------


 NSTEP =    36500   TIME(PS) =    2213.000  TEMP(K) =   302.12  PRESS =   -56.4
 Etot   =    -41893.2891  EKtot   =     10814.3389  EPtot      =    -52707.6280
 BOND   =       361.0578  ANGLE   =      1001.0385  DIHED      =      2213.2092
 1-4 NB =       445.1393  1-4 EEL =      6086.2428  VDWAALS    =      6086.0264
 EELEC  =    -68944.9951  EHBOND  =         0.0000  RESTRAINT  =        44.6530
 EAMBER (non-restraint)  =    -52752.2810
 EKCMT  =      4715.8929  VIRIAL  =      4928.0114  VOLUME     =    174074.3911
                                                    Density    =         1.0246
 ------------------------------------------------------------------------------


 NSTEP =    37000   TIME(PS) =    2214.000  TEMP(K) =   300.12  PRESS =   -51.0
 Etot   =    -42097.7313  EKtot   =     10742.6738  EPtot      =    -52840.4052
 BOND   =       344.2745  ANGLE   =      1018.8861  DIHED      =      2139.3629
 1-4 NB =       445.5591  1-4 EEL =      6097.5105  VDWAALS    =      6415.5412
 EELEC  =    -69337.0591  EHBOND  =         0.0000  RESTRAINT  =        35.5195
 EAMBER (non-restraint)  =    -52875.9246
 EKCMT  =      4666.8253  VIRIAL  =      4858.8468  VOLUME     =    174530.7326
                                                    Density    =         1.0220
 ------------------------------------------------------------------------------


 NSTEP =    37500   TIME(PS) =    2215.000  TEMP(K) =   299.36  PRESS =   112.8
 Etot   =    -42060.8632  EKtot   =     10715.4502  EPtot      =    -52776.3134
 BOND   =       351.7311  ANGLE   =       989.9898  DIHED      =      2169.8221
 1-4 NB =       461.5114  1-4 EEL =      6079.5104  VDWAALS    =      6285.3177
 EELEC  =    -69154.1480  EHBOND  =         0.0000  RESTRAINT  =        39.9519
 EAMBER (non-restraint)  =    -52816.2654
 EKCMT  =      4680.3651  VIRIAL  =      4255.3099  VOLUME     =    174479.2256
                                                    Density    =         1.0223
 ------------------------------------------------------------------------------


 NSTEP =    38000   TIME(PS) =    2216.000  TEMP(K) =   299.00  PRESS =    52.2
 Etot   =    -42129.2411  EKtot   =     10702.3428  EPtot      =    -52831.5839
 BOND   =       329.3403  ANGLE   =      1062.8789  DIHED      =      2159.6600
 1-4 NB =       441.6227  1-4 EEL =      6096.3749  VDWAALS    =      6226.2213
 EELEC  =    -69190.5742  EHBOND  =         0.0000  RESTRAINT  =        42.8922
 EAMBER (non-restraint)  =    -52874.4761
 EKCMT  =      4683.9697  VIRIAL  =      4487.2063  VOLUME     =    174547.7178
                                                    Density    =         1.0219
 ------------------------------------------------------------------------------


 NSTEP =    38500   TIME(PS) =    2217.000  TEMP(K) =   297.38  PRESS =   268.5
 Etot   =    -41767.4819  EKtot   =     10644.5674  EPtot      =    -52412.0493
 BOND   =       364.5126  ANGLE   =      1019.7049  DIHED      =      2160.7883
 1-4 NB =       453.5700  1-4 EEL =      6092.6426  VDWAALS    =      6239.7451
 EELEC  =    -68777.3372  EHBOND  =         0.0000  RESTRAINT  =        34.3244
 EAMBER (non-restraint)  =    -52446.3737
 EKCMT  =      4624.2650  VIRIAL  =      3616.0458  VOLUME     =    173899.8380
                                                    Density    =         1.0257
 ------------------------------------------------------------------------------


 NSTEP =    39000   TIME(PS) =    2218.000  TEMP(K) =   296.40  PRESS =  -150.5
 Etot   =    -42029.9760  EKtot   =     10609.2998  EPtot      =    -52639.2758
 BOND   =       348.5571  ANGLE   =      1012.6638  DIHED      =      2176.0389
 1-4 NB =       447.9309  1-4 EEL =      6118.3264  VDWAALS    =      6176.9393
 EELEC  =    -68959.6860  EHBOND  =         0.0000  RESTRAINT  =        39.9539
 EAMBER (non-restraint)  =    -52679.2297
 EKCMT  =      4592.9377  VIRIAL  =      5160.0974  VOLUME     =    174533.8902
                                                    Density    =         1.0219
 ------------------------------------------------------------------------------


 NSTEP =    39500   TIME(PS) =    2219.000  TEMP(K) =   302.61  PRESS =   104.8
 Etot   =    -41926.2706  EKtot   =     10831.7412  EPtot      =    -52758.0118
 BOND   =       325.0465  ANGLE   =      1044.5552  DIHED      =      2187.1299
 1-4 NB =       438.2587  1-4 EEL =      6077.4210  VDWAALS    =      6299.3179
 EELEC  =    -69166.3699  EHBOND  =         0.0000  RESTRAINT  =        36.6288
 EAMBER (non-restraint)  =    -52794.6406
 EKCMT  =      4714.5500  VIRIAL  =      4319.3269  VOLUME     =    174660.7686
                                                    Density    =         1.0212
 ------------------------------------------------------------------------------


 NSTEP =    40000   TIME(PS) =    2220.000  TEMP(K) =   297.82  PRESS =   134.8
 Etot   =    -41939.2798  EKtot   =     10660.3008  EPtot      =    -52599.5806
 BOND   =       359.6057  ANGLE   =      1068.0970  DIHED      =      2161.4951
 1-4 NB =       443.4256  1-4 EEL =      6076.2140  VDWAALS    =      6259.9375
 EELEC  =    -68997.8525  EHBOND  =         0.0000  RESTRAINT  =        29.4970
 EAMBER (non-restraint)  =    -52629.0776
 EKCMT  =      4610.6769  VIRIAL  =      4103.3412  VOLUME     =    174349.5143
                                                    Density    =         1.0230
 ------------------------------------------------------------------------------


 NSTEP =    40500   TIME(PS) =    2221.000  TEMP(K) =   301.84  PRESS =   -35.9
 Etot   =    -42134.6634  EKtot   =     10804.0215  EPtot      =    -52938.6849
 BOND   =       367.1507  ANGLE   =      1048.8522  DIHED      =      2167.1693
 1-4 NB =       441.7311  1-4 EEL =      6031.3220  VDWAALS    =      6161.9430
 EELEC  =    -69192.5595  EHBOND  =         0.0000  RESTRAINT  =        35.7063
 EAMBER (non-restraint)  =    -52974.3912
 EKCMT  =      4723.3163  VIRIAL  =      4858.5777  VOLUME     =    174297.5487
                                                    Density    =         1.0233
 ------------------------------------------------------------------------------


 NSTEP =    41000   TIME(PS) =    2222.000  TEMP(K) =   299.59  PRESS =    64.0
 Etot   =    -41943.6862  EKtot   =     10723.7012  EPtot      =    -52667.3874
 BOND   =       346.6534  ANGLE   =      1013.3569  DIHED      =      2182.1418
 1-4 NB =       449.1764  1-4 EEL =      6063.7016  VDWAALS    =      6318.8099
 EELEC  =    -69070.5007  EHBOND  =         0.0000  RESTRAINT  =        29.2734
 EAMBER (non-restraint)  =    -52696.6607
 EKCMT  =      4638.2079  VIRIAL  =      4396.7294  VOLUME     =    174675.4736
                                                    Density    =         1.0211
 ------------------------------------------------------------------------------


 NSTEP =    41500   TIME(PS) =    2223.000  TEMP(K) =   299.20  PRESS =  -211.2
 Etot   =    -42082.1773  EKtot   =     10709.6230  EPtot      =    -52791.8003
 BOND   =       380.9866  ANGLE   =      1005.6029  DIHED      =      2176.7632
 1-4 NB =       453.8630  1-4 EEL =      6071.6330  VDWAALS    =      6193.7473
 EELEC  =    -69106.4915  EHBOND  =         0.0000  RESTRAINT  =        32.0951
 EAMBER (non-restraint)  =    -52823.8954
 EKCMT  =      4737.7702  VIRIAL  =      5532.7173  VOLUME     =    174332.3891
                                                    Density    =         1.0231
 ------------------------------------------------------------------------------


 NSTEP =    42000   TIME(PS) =    2224.000  TEMP(K) =   301.22  PRESS =  -123.5
 Etot   =    -42074.0744  EKtot   =     10781.9043  EPtot      =    -52855.9787
 BOND   =       332.4060  ANGLE   =      1003.3986  DIHED      =      2164.6849
 1-4 NB =       442.2463  1-4 EEL =      6121.4048  VDWAALS    =      6144.1599
 EELEC  =    -69100.3453  EHBOND  =         0.0000  RESTRAINT  =        36.0660
 EAMBER (non-restraint)  =    -52892.0447
 EKCMT  =      4753.7102  VIRIAL  =      5218.7904  VOLUME     =    174425.2819
                                                    Density    =         1.0226
 ------------------------------------------------------------------------------


 NSTEP =    42500   TIME(PS) =    2225.000  TEMP(K) =   299.92  PRESS =     6.1
 Etot   =    -42081.8075  EKtot   =     10735.5811  EPtot      =    -52817.3886
 BOND   =       356.3625  ANGLE   =       987.7642  DIHED      =      2190.1720
 1-4 NB =       435.2379  1-4 EEL =      6090.5512  VDWAALS    =      6288.4382
 EELEC  =    -69199.9099  EHBOND  =         0.0000  RESTRAINT  =        33.9952
 EAMBER (non-restraint)  =    -52851.3838
 EKCMT  =      4676.7702  VIRIAL  =      4653.7347  VOLUME     =    174648.0648
                                                    Density    =         1.0213
 ------------------------------------------------------------------------------


 NSTEP =    43000   TIME(PS) =    2226.000  TEMP(K) =   299.60  PRESS =    41.5
 Etot   =    -41955.1964  EKtot   =     10723.9258  EPtot      =    -52679.1222
 BOND   =       372.6095  ANGLE   =      1006.7032  DIHED      =      2162.4639
 1-4 NB =       441.3776  1-4 EEL =      6056.0275  VDWAALS    =      6300.9723
 EELEC  =    -69054.5279  EHBOND  =         0.0000  RESTRAINT  =        35.2518
 EAMBER (non-restraint)  =    -52714.3739
 EKCMT  =      4701.5946  VIRIAL  =      4545.2664  VOLUME     =    174355.9577
                                                    Density    =         1.0230
 ------------------------------------------------------------------------------


 NSTEP =    43500   TIME(PS) =    2227.000  TEMP(K) =   297.64  PRESS =    76.4
 Etot   =    -42067.3611  EKtot   =     10653.6416  EPtot      =    -52721.0027
 BOND   =       380.9148  ANGLE   =       995.8658  DIHED      =      2151.7528
 1-4 NB =       432.4587  1-4 EEL =      6074.9836  VDWAALS    =      6151.4177
 EELEC  =    -68942.7449  EHBOND  =         0.0000  RESTRAINT  =        34.3489
 EAMBER (non-restraint)  =    -52755.3516
 EKCMT  =      4626.2900  VIRIAL  =      4338.9682  VOLUME     =    174226.0082
                                                    Density    =         1.0238
 ------------------------------------------------------------------------------


 NSTEP =    44000   TIME(PS) =    2228.000  TEMP(K) =   296.00  PRESS =   -45.7
 Etot   =    -42218.9723  EKtot   =     10595.0020  EPtot      =    -52813.9742
 BOND   =       338.8839  ANGLE   =       977.8725  DIHED      =      2184.3521
 1-4 NB =       445.1987  1-4 EEL =      6103.3069  VDWAALS    =      6083.3126
 EELEC  =    -68982.9757  EHBOND  =         0.0000  RESTRAINT  =        36.0749
 EAMBER (non-restraint)  =    -52850.0491
 EKCMT  =      4607.5590  VIRIAL  =      4779.1231  VOLUME     =    173966.9459
                                                    Density    =         1.0253
 ------------------------------------------------------------------------------


 NSTEP =    44500   TIME(PS) =    2229.000  TEMP(K) =   295.40  PRESS =   -37.3
 Etot   =    -42026.5417  EKtot   =     10573.4727  EPtot      =    -52600.0143
 BOND   =       341.5769  ANGLE   =      1035.4030  DIHED      =      2152.3847
 1-4 NB =       453.0914  1-4 EEL =      6087.4306  VDWAALS    =      6201.4301
 EELEC  =    -68909.6706  EHBOND  =         0.0000  RESTRAINT  =        38.3396
 EAMBER (non-restraint)  =    -52638.3539
 EKCMT  =      4613.8191  VIRIAL  =      4754.2482  VOLUME     =    174429.8667
                                                    Density    =         1.0226
 ------------------------------------------------------------------------------


 NSTEP =    45000   TIME(PS) =    2230.000  TEMP(K) =   298.27  PRESS =     8.7
 Etot   =    -42075.7532  EKtot   =     10676.4541  EPtot      =    -52752.2073
 BOND   =       359.2768  ANGLE   =       975.9425  DIHED      =      2164.3268
 1-4 NB =       461.0276  1-4 EEL =      6127.2080  VDWAALS    =      6328.3777
 EELEC  =    -69205.8558  EHBOND  =         0.0000  RESTRAINT  =        37.4891
 EAMBER (non-restraint)  =    -52789.6964
 EKCMT  =      4670.2317  VIRIAL  =      4637.3618  VOLUME     =    174152.1206
                                                    Density    =         1.0242
 ------------------------------------------------------------------------------


 NSTEP =    45500   TIME(PS) =    2231.000  TEMP(K) =   296.04  PRESS =  -115.4
 Etot   =    -42334.1984  EKtot   =     10596.3887  EPtot      =    -52930.5871
 BOND   =       334.4459  ANGLE   =      1014.2700  DIHED      =      2162.0655
 1-4 NB =       442.2354  1-4 EEL =      6070.3007  VDWAALS    =      6193.5925
 EELEC  =    -69177.5398  EHBOND  =         0.0000  RESTRAINT  =        30.0427
 EAMBER (non-restraint)  =    -52960.6298
 EKCMT  =      4652.8178  VIRIAL  =      5087.3325  VOLUME     =    174317.3419
                                                    Density    =         1.0232
 ------------------------------------------------------------------------------


 NSTEP =    46000   TIME(PS) =    2232.000  TEMP(K) =   294.83  PRESS =   -93.3
 Etot   =    -42096.7607  EKtot   =     10553.2168  EPtot      =    -52649.9775
 BOND   =       355.8554  ANGLE   =      1007.4027  DIHED      =      2167.6338
 1-4 NB =       455.9922  1-4 EEL =      6080.8492  VDWAALS    =      6272.6300
 EELEC  =    -69025.4234  EHBOND  =         0.0000  RESTRAINT  =        35.0827
 EAMBER (non-restraint)  =    -52685.0601
 EKCMT  =      4586.7613  VIRIAL  =      4938.5292  VOLUME     =    174561.2135
                                                    Density    =         1.0218
 ------------------------------------------------------------------------------


 NSTEP =    46500   TIME(PS) =    2233.000  TEMP(K) =   300.52  PRESS =   138.9
 Etot   =    -41992.6094  EKtot   =     10756.8477  EPtot      =    -52749.4570
 BOND   =       371.4870  ANGLE   =       958.7091  DIHED      =      2164.0496
 1-4 NB =       452.3214  1-4 EEL =      6066.5895  VDWAALS    =      6414.1608
 EELEC  =    -69223.9511  EHBOND  =         0.0000  RESTRAINT  =        47.1768
 EAMBER (non-restraint)  =    -52796.6338
 EKCMT  =      4613.9129  VIRIAL  =      4091.1018  VOLUME     =    174315.2781
                                                    Density    =         1.0232
 ------------------------------------------------------------------------------


 NSTEP =    47000   TIME(PS) =    2234.000  TEMP(K) =   303.78  PRESS =    29.8
 Etot   =    -41859.6955  EKtot   =     10873.7305  EPtot      =    -52733.4260
 BOND   =       361.6443  ANGLE   =      1027.6082  DIHED      =      2160.8817
 1-4 NB =       442.5337  1-4 EEL =      6069.2949  VDWAALS    =      6138.6553
 EELEC  =    -68968.7436  EHBOND  =         0.0000  RESTRAINT  =        34.6996
 EAMBER (non-restraint)  =    -52768.1256
 EKCMT  =      4695.0763  VIRIAL  =      4582.5801  VOLUME     =    174758.2788
                                                    Density    =         1.0206
 ------------------------------------------------------------------------------


 NSTEP =    47500   TIME(PS) =    2235.000  TEMP(K) =   301.35  PRESS =   124.6
 Etot   =    -41918.9556  EKtot   =     10786.7168  EPtot      =    -52705.6724
 BOND   =       352.1560  ANGLE   =       965.6186  DIHED      =      2185.5759
 1-4 NB =       445.9131  1-4 EEL =      6067.1513  VDWAALS    =      6189.5893
 EELEC  =    -68946.6539  EHBOND  =         0.0000  RESTRAINT  =        34.9773
 EAMBER (non-restraint)  =    -52740.6497
 EKCMT  =      4678.4134  VIRIAL  =      4209.5366  VOLUME     =    174304.6081
                                                    Density    =         1.0233
 ------------------------------------------------------------------------------


 NSTEP =    48000   TIME(PS) =    2236.000  TEMP(K) =   298.23  PRESS =   -18.7
 Etot   =    -42148.4840  EKtot   =     10674.9678  EPtot      =    -52823.4518
 BOND   =       356.4936  ANGLE   =       987.0476  DIHED      =      2154.8501
 1-4 NB =       426.0733  1-4 EEL =      6075.3293  VDWAALS    =      6278.6399
 EELEC  =    -69132.7662  EHBOND  =         0.0000  RESTRAINT  =        30.8807
 EAMBER (non-restraint)  =    -52854.3325
 EKCMT  =      4595.0128  VIRIAL  =      4665.4067  VOLUME     =    174211.2450
                                                    Density    =         1.0238
 ------------------------------------------------------------------------------


 NSTEP =    48500   TIME(PS) =    2237.000  TEMP(K) =   300.76  PRESS =   175.9
 Etot   =    -41732.5291  EKtot   =     10765.6289  EPtot      =    -52498.1580
 BOND   =       339.0176  ANGLE   =       988.9182  DIHED      =      2161.6137
 1-4 NB =       440.2551  1-4 EEL =      6082.2342  VDWAALS    =      6285.0753
 EELEC  =    -68830.6844  EHBOND  =         0.0000  RESTRAINT  =        35.4122
 EAMBER (non-restraint)  =    -52533.5702
 EKCMT  =      4674.1931  VIRIAL  =      4013.1940  VOLUME     =    174090.8358
                                                    Density    =         1.0246
 ------------------------------------------------------------------------------


 NSTEP =    49000   TIME(PS) =    2238.000  TEMP(K) =   298.80  PRESS =   -94.2
 Etot   =    -41965.8773  EKtot   =     10695.2695  EPtot      =    -52661.1468
 BOND   =       327.6225  ANGLE   =      1042.9139  DIHED      =      2157.4517
 1-4 NB =       459.6774  1-4 EEL =      6090.4661  VDWAALS    =      6177.5042
 EELEC  =    -68951.9576  EHBOND  =         0.0000  RESTRAINT  =        35.1751
 EAMBER (non-restraint)  =    -52696.3219
 EKCMT  =      4603.5568  VIRIAL  =      4956.6758  VOLUME     =    173679.7903
                                                    Density    =         1.0270
 ------------------------------------------------------------------------------


 NSTEP =    49500   TIME(PS) =    2239.000  TEMP(K) =   304.86  PRESS =   -38.6
 Etot   =    -41891.5397  EKtot   =     10912.3457  EPtot      =    -52803.8854
 BOND   =       315.2873  ANGLE   =      1010.2515  DIHED      =      2184.5312
 1-4 NB =       459.1639  1-4 EEL =      6098.9253  VDWAALS    =      6099.6896
 EELEC  =    -69010.1258  EHBOND  =         0.0000  RESTRAINT  =        38.3917
 EAMBER (non-restraint)  =    -52842.2771
 EKCMT  =      4775.1304  VIRIAL  =      4920.2450  VOLUME     =    174051.2471
                                                    Density    =         1.0248
 ------------------------------------------------------------------------------


 NSTEP =    50000   TIME(PS) =    2240.000  TEMP(K) =   299.36  PRESS =    91.1
 Etot   =    -42097.7220  EKtot   =     10715.4971  EPtot      =    -52813.2191
 BOND   =       368.7465  ANGLE   =      1018.4519  DIHED      =      2161.1263
 1-4 NB =       450.8290  1-4 EEL =      6062.1673  VDWAALS    =      6320.0283
 EELEC  =    -69227.9659  EHBOND  =         0.0000  RESTRAINT  =        33.3976
 EAMBER (non-restraint)  =    -52846.6167
 EKCMT  =      4690.2602  VIRIAL  =      4347.5370  VOLUME     =    174321.7084
                                                    Density    =         1.0232
 ------------------------------------------------------------------------------


      A V E R A G E S   O V E R     100 S T E P S


 NSTEP =    50000   TIME(PS) =    2240.000  TEMP(K) =   299.84  PRESS =    -4.5
 Etot   =    -41996.6665  EKtot   =     10732.4915  EPtot      =    -52729.1581
 BOND   =       356.0568  ANGLE   =      1015.8634  DIHED      =      2166.2024
 1-4 NB =       445.4626  1-4 EEL =      6082.4290  VDWAALS    =      6229.6283
 EELEC  =    -69060.2768  EHBOND  =         0.0000  RESTRAINT  =        35.4763
 EAMBER (non-restraint)  =    -52764.6344
 EKCMT  =      4668.4848  VIRIAL  =      4685.3488  VOLUME     =    174291.5171
                                                    Density    =         1.0234
 ------------------------------------------------------------------------------


      R M S  F L U C T U A T I O N S


 NSTEP =    50000   TIME(PS) =    2240.000  TEMP(K) =     2.33  PRESS =   153.3
 Etot   =       142.8667  EKtot   =        83.2650  EPtot      =       108.3489
 BOND   =        14.9935  ANGLE   =        27.3138  DIHED      =        13.7392
 1-4 NB =         9.3279  1-4 EEL =        21.7609  VDWAALS    =       102.1474
 EELEC  =       157.8106  EHBOND  =         0.0000  RESTRAINT  =         3.8925
 EAMBER (non-restraint)  =       104.4564
 EKCMT  =        49.2596  VIRIAL  =       578.4330  VOLUME     =       379.3763
                                                    Density    =         0.0022
 ------------------------------------------------------------------------------

--------------------------------------------------------------------------------
   5.  TIMINGS
--------------------------------------------------------------------------------

|  NonSetup CPU Time in Major Routines:
|
|     Routine           Sec        %
|     ------------------------------
|     Nonbond          88.73   86.79
|     Bond              0.00    0.00
|     Angle             0.00    0.00
|     Dihedral          0.00    0.00
|     Shake             0.30    0.30
|     RunMD            13.14   12.85
|     Other             0.06    0.05
|     ------------------------------
|     Total           102.23

|  PME Nonbond Pairlist CPU Time:
|
|     Routine              Sec        %
|     ---------------------------------
|     Set Up Cit           0.00    0.00
|     Build List           0.00    0.00
|     ---------------------------------
|     Total                0.00    0.00

|  PME Direct Force CPU Time:
|
|     Routine              Sec        %
|     ---------------------------------
|     NonBonded Calc       0.00    0.00
|     Exclude Masked       0.00    0.00
|     Other                0.03    0.03
|     ---------------------------------
|     Total                0.03    0.03

|  PME Reciprocal Force CPU Time:
|
|     Routine              Sec        %
|     ---------------------------------
|     1D bspline           0.00    0.00
|     Grid Charges         0.00    0.00
|     Scalar Sum           0.00    0.00
|     Gradient Sum         0.00    0.00
|     FFT                  0.00    0.00
|     ---------------------------------
|     Total                0.00    0.00

|  Final Performance Info:
|     -----------------------------------------------------
|     Average timings for last   20000 steps:
|     Elapsed(s) =      40.87 Per Step(ms) =       2.04
|         ns/day =      84.55   seconds/ns =    1021.83
|
|     Average timings for all steps:
|     Elapsed(s) =     102.23 Per Step(ms) =       2.04
|         ns/day =      84.51   seconds/ns =    1022.34
|     -----------------------------------------------------

|  Setup CPU time:            0.48 seconds
|  NonSetup CPU time:       102.23 seconds
|  Total CPU time:          102.70 seconds     0.03 hours

|  Setup wall time:           0    seconds
|  NonSetup wall time:      103    seconds
|  Total wall time:         103    seconds     0.03 hours
