
          -------------------------------------------------------
          Amber 16 PMEMD                              2016
          -------------------------------------------------------

| PMEMD implementation of SANDER, Release 16

| Run on 07/03/2017 at 16:25:30

|   Executable path: pmemd.cuda
| Working directory: /home/german/obp/run/wt_ctv/mhe/e
|          Hostname: Unknown
  [-O]verwriting output

File Assignments:
|   MDIN: 30equ.in                                                              
|  MDOUT: 30equ.out                                                             
| INPCRD: 29ewt_ctv.rst7                                                        
|   PARM: /home/german/obp/top_files/wt_ctv.prmtop                              
| RESTRT: 30ewt_ctv.rst7                                                        
|   REFC: refc                                                                  
|  MDVEL: mdvel                                                                 
|   MDEN: mden                                                                  
|  MDCRD: 30ewt_ctv.nc                                                          
| MDINFO: mdinfo                                                                
|  MDFRC: mdfrc                                                                 


 Here is the input file:

Equilibration without solute restrictions                                      
&cntrl                                                                         
imin = 0,                           ! No Minimization                          
nmropt = 0,                         ! No NMR restraints read                   
                                                                               
! Nature and format of the input                                               
ntx = 5,                            ! Coordinates and velocities will be read  
irest = 1,                          ! Do not run a new simulation              
                                                                               
! Nature and format of the output                                              
ntxo = 1,                           ! rstrt file in ASCII format               
ntpr = 500,                         ! inf in output every ntpr steps           
ntwr = 500,                         ! rstrt file every ntwr steps              
ntwx = 500,                         ! mdcrd file every ntwx steps              
ntwv = 0,                           ! mdvel without velocities                 
ntwe = 0,                           ! Energies and temperatures not written in 
idecomp = 0,                        ! No energy decomposition                  
iwrap = 1,                          ! Coordinates of the restart and mdcrd file
                                                                               
! Frozen or restrained atoms                                                   
ibelly = 0,                         ! No frozen atoms                          
ntr=0,                              ! Harmonic potential restraints            
                                                                               
! Molecular dynamics                                                           
nstlim = 50000,                     ! Number of MD-steps                       
dt = 0.002,                         ! Time step                                
                                                                               
! Temperature regulation                                                       
ntt = 3,                            ! Langevin thermostat                      
gamma_ln = 2,                       ! Gamma constant for Langevin              
!temp0 = 300.0,                     ! Reference T at which the system is to be 
tempi = 300.0,                      ! Initial T                                
ig = -1,                            ! Seed for the RNG                         
                                                                               
! P and V regulation                                                           
ntp = 0,                            ! No P control                             
ntb = 1,                            ! constant V                               
                                                                               
! SHAKE variables                                                              
ntc = 2,                            ! Bonds involving H are constrained        
ntf = 2,                            ! Bond interaction involving H are ommited.
                                                                               
cut = 9.0,                         ! Nonbonded cutoff                          
/                                                                              
&end                                                                           


Note: ig = -1. Setting random seed to   982599 based on wallclock time in 
      microseconds.
 
|--------------------- INFORMATION ----------------------
| GPU (CUDA) Version of PMEMD in use: NVIDIA GPU IN USE.
|                    Version 16.0.0
| 
|                      02/25/2016
| 
| Implementation by:
|                    Ross C. Walker     (SDSC)
|                    Scott Le Grand     (nVIDIA)
| 
| Precision model in use:
|      [SPFP] - Single Precision Forces, 64-bit Fixed Point
|               Accumulation. (Default)
| 
|--------------------------------------------------------
 
|----------------- CITATION INFORMATION -----------------
|
|    When publishing work that utilized the CUDA version
|    of AMBER, please cite the following in addition to
|    the regular AMBER citations:
|
|  - Romelia Salomon-Ferrer; Andreas W. Goetz; Duncan
|    Poole; Scott Le Grand; Ross C. Walker "Routine
|    microsecond molecular dynamics simulations with
|    AMBER - Part II: Particle Mesh Ewald", J. Chem.
|    Theory Comput., 2013, 9 (9), pp3878-3888,
|    DOI: 10.1021/ct400314y.
|
|  - Andreas W. Goetz; Mark J. Williamson; Dong Xu;
|    Duncan Poole; Scott Le Grand; Ross C. Walker
|    "Routine microsecond molecular dynamics simulations
|    with AMBER - Part I: Generalized Born", J. Chem.
|    Theory Comput., 2012, 8 (5), pp1542-1555.
|
|  - Scott Le Grand; Andreas W. Goetz; Ross C. Walker
|    "SPFP: Speed without compromise - a mixed precision
|    model for GPU accelerated molecular dynamics
|    simulations.", Comp. Phys. Comm., 2013, 184
|    pp374-380, DOI: 10.1016/j.cpc.2012.09.022
|
|--------------------------------------------------------
 
|------------------- GPU DEVICE INFO --------------------
|
|            CUDA_VISIBLE_DEVICES: 1
|   CUDA Capable Devices Detected:      1
|           CUDA Device ID in use:      0
|                CUDA Device Name: GeForce GTX 1060 6GB
|     CUDA Device Global Mem Size:   6072 MB
| CUDA Device Num Multiprocessors:     10
|           CUDA Device Core Freq:   1.76 GHz
|
|--------------------------------------------------------
 
 
| Conditional Compilation Defines Used:
| PUBFFT
| BINTRAJ
| CUDA
| EMIL

| Largest sphere to fit in unit cell has radius =    27.209

| New format PARM file being parsed.
| Version =    1.000 Date = 02/24/15 Time = 11:42:13

| Note: 1-4 EEL scale factors are being read from the topology file.

| Note: 1-4 VDW scale factors are being read from the topology file.
| Duplicated    0 dihedrals

| Duplicated    0 dihedrals

--------------------------------------------------------------------------------
   1.  RESOURCE   USE: 
--------------------------------------------------------------------------------

 getting new box info from bottom of inpcrd
 NATOM  =   17534 NTYPES =      18 NBONH =   16577 MBONA  =     961
 NTHETH =    2251 MTHETA =    1289 NPHIH =    4381 MPHIA  =    4388
 NHPARM =       0 NPARM  =       0 NNB   =   31496 NRES   =    5322
 NBONA  =     961 NTHETA =    1289 NPHIA =    4388 NUMBND =      69
 NUMANG =     147 NPTRA  =     245 NATYP =      40 NPHB   =       1
 IFBOX  =       1 NMXRS  =      26 IFCAP =       0 NEXTRA =       0
 NCOPY  =       0

| Coordinate Index Table dimensions:    11   11   10
| Direct force subcell size =     5.0368    5.2718    5.4417

     BOX TYPE: RECTILINEAR

--------------------------------------------------------------------------------
   2.  CONTROL  DATA  FOR  THE  RUN
--------------------------------------------------------------------------------

default_name                                                                    

General flags:
     imin    =       0, nmropt  =       0

Nature and format of input:
     ntx     =       5, irest   =       1, ntrx    =       1

Nature and format of output:
     ntxo    =       1, ntpr    =     500, ntrx    =       1, ntwr    =     500
     iwrap   =       1, ntwx    =     500, ntwv    =       0, ntwe    =       0
     ioutfm  =       1, ntwprt  =       0, idecomp =       0, rbornstat=      0

Potential function:
     ntf     =       2, ntb     =       1, igb     =       0, nsnb    =      25
     ipol    =       0, gbsa    =       0, iesp    =       0
     dielc   =   1.00000, cut     =   9.00000, intdiel =   1.00000

Frozen or restrained atoms:
     ibelly  =       0, ntr     =       0

Molecular dynamics:
     nstlim  =     50000, nscm    =      1000, nrespa  =         1
     t       =   0.00000, dt      =   0.00200, vlimit  =  -1.00000

Langevin dynamics temperature regulation:
     ig      =  982599
     temp0   = 300.00000, tempi   = 300.00000, gamma_ln=   2.00000

SHAKE:
     ntc     =       2, jfastw  =       0
     tol     =   0.00001

| Intermolecular bonds treatment:
|     no_intermolecular_bonds =       1

| Energy averages sample interval:
|     ene_avg_sampling =     500

Ewald parameters:
     verbose =       0, ew_type =       0, nbflag  =       1, use_pme =       1
     vdwmeth =       1, eedmeth =       1, netfrc  =       1
     Box X =   55.405   Box Y =   57.990   Box Z =   54.417
     Alpha =   90.000   Beta  =   90.000   Gamma =   90.000
     NFFT1 =   56       NFFT2 =   64       NFFT3 =   56
     Cutoff=    9.000   Tol   =0.100E-04
     Ewald Coefficient =  0.30768
     Interpolation order =    4

--------------------------------------------------------------------------------
   3.  ATOMIC COORDINATES AND VELOCITIES
--------------------------------------------------------------------------------

default_name                                                                    
 begin time read from input coords =  3040.000 ps

 
 Number of triangulated 3-point waters found:     5199

     Sum of charges from parm topology file =   0.00000093
     Forcing neutrality...

| Dynamic Memory, Types Used:
| Reals              574741
| Integers           607509

| Nonbonded Pairs Initial Allocation:     3997752

| GPU memory information (estimate):
| KB of GPU memory in use:    107017
| KB of CPU memory in use:     21596

--------------------------------------------------------------------------------
   4.  RESULTS
--------------------------------------------------------------------------------

 ---------------------------------------------------
 APPROXIMATING switch and d/dx switch using CUBIC SPLINE INTERPOLATION
 using   5000.0 points per unit in tabled values
 TESTING RELATIVE ERROR over r ranging from 0.0 to cutoff
| CHECK switch(x): max rel err =   0.2738E-14   at   2.422500
| CHECK d/dx switch(x): max rel err =   0.8314E-11   at   2.736960
 ---------------------------------------------------
|---------------------------------------------------
| APPROXIMATING direct energy using CUBIC SPLINE INTERPOLATION
|  with   50.0 points per unit in tabled values
| Relative Error Limit not exceeded for r .gt.   2.39
| APPROXIMATING direct force using CUBIC SPLINE INTERPOLATION
|  with   50.0 points per unit in tabled values
| Relative Error Limit not exceeded for r .gt.   2.84
|---------------------------------------------------

 NSTEP =      500   TIME(PS) =    3041.000  TEMP(K) =   302.87  PRESS =     0.0
 Etot   =    -41832.9080  EKtot   =     10841.0674  EPtot      =    -52673.9754
 BOND   =       358.1567  ANGLE   =      1016.7123  DIHED      =      2150.3922
 1-4 NB =       433.5091  1-4 EEL =      6072.4613  VDWAALS    =      6268.6390
 EELEC  =    -68973.8459  EHBOND  =         0.0000  RESTRAINT  =         0.0000
 ------------------------------------------------------------------------------


 NSTEP =     1000   TIME(PS) =    3042.000  TEMP(K) =   300.44  PRESS =     0.0
 Etot   =    -41980.8627  EKtot   =     10754.0283  EPtot      =    -52734.8910
 BOND   =       344.8483  ANGLE   =      1037.6538  DIHED      =      2130.7965
 1-4 NB =       449.1724  1-4 EEL =      6071.5112  VDWAALS    =      6402.0758
 EELEC  =    -69170.9490  EHBOND  =         0.0000  RESTRAINT  =         0.0000
 ------------------------------------------------------------------------------


 NSTEP =     1500   TIME(PS) =    3043.000  TEMP(K) =   302.93  PRESS =     0.0
 Etot   =    -41765.0775  EKtot   =     10843.2412  EPtot      =    -52608.3187
 BOND   =       360.4234  ANGLE   =      1077.8824  DIHED      =      2135.7149
 1-4 NB =       438.3811  1-4 EEL =      6106.9592  VDWAALS    =      6218.9634
 EELEC  =    -68946.6432  EHBOND  =         0.0000  RESTRAINT  =         0.0000
 ------------------------------------------------------------------------------


 NSTEP =     2000   TIME(PS) =    3044.000  TEMP(K) =   300.24  PRESS =     0.0
 Etot   =    -41784.2416  EKtot   =     10746.7314  EPtot      =    -52530.9731
 BOND   =       376.3416  ANGLE   =      1019.8796  DIHED      =      2153.3538
 1-4 NB =       452.0307  1-4 EEL =      6127.4046  VDWAALS    =      6185.9663
 EELEC  =    -68845.9497  EHBOND  =         0.0000  RESTRAINT  =         0.0000
 ------------------------------------------------------------------------------


 NSTEP =     2500   TIME(PS) =    3045.000  TEMP(K) =   301.67  PRESS =     0.0
 Etot   =    -41922.7608  EKtot   =     10798.0566  EPtot      =    -52720.8175
 BOND   =       347.3840  ANGLE   =      1057.5022  DIHED      =      2147.7055
 1-4 NB =       445.2214  1-4 EEL =      6054.9038  VDWAALS    =      6319.6086
 EELEC  =    -69093.1429  EHBOND  =         0.0000  RESTRAINT  =         0.0000
 ------------------------------------------------------------------------------


 NSTEP =     3000   TIME(PS) =    3046.000  TEMP(K) =   304.08  PRESS =     0.0
 Etot   =    -41966.3606  EKtot   =     10884.1494  EPtot      =    -52850.5100
 BOND   =       342.6653  ANGLE   =      1005.3163  DIHED      =      2161.0403
 1-4 NB =       437.9800  1-4 EEL =      6086.8899  VDWAALS    =      6210.8321
 EELEC  =    -69095.2340  EHBOND  =         0.0000  RESTRAINT  =         0.0000
 ------------------------------------------------------------------------------


 NSTEP =     3500   TIME(PS) =    3047.000  TEMP(K) =   299.03  PRESS =     0.0
 Etot   =    -42111.6046  EKtot   =     10703.6367  EPtot      =    -52815.2413
 BOND   =       356.6097  ANGLE   =      1018.5151  DIHED      =      2165.5869
 1-4 NB =       452.1306  1-4 EEL =      6129.9133  VDWAALS    =      6291.5360
 EELEC  =    -69229.5329  EHBOND  =         0.0000  RESTRAINT  =         0.0000
 ------------------------------------------------------------------------------


 NSTEP =     4000   TIME(PS) =    3048.000  TEMP(K) =   297.29  PRESS =     0.0
 Etot   =    -42150.6304  EKtot   =     10641.1592  EPtot      =    -52791.7896
 BOND   =       343.5928  ANGLE   =      1009.3885  DIHED      =      2140.4582
 1-4 NB =       457.4981  1-4 EEL =      6110.1969  VDWAALS    =      6175.8265
 EELEC  =    -69028.7507  EHBOND  =         0.0000  RESTRAINT  =         0.0000
 ------------------------------------------------------------------------------


 NSTEP =     4500   TIME(PS) =    3049.000  TEMP(K) =   298.94  PRESS =     0.0
 Etot   =    -42133.0649  EKtot   =     10700.4180  EPtot      =    -52833.4829
 BOND   =       338.1203  ANGLE   =      1021.9295  DIHED      =      2156.5423
 1-4 NB =       468.2409  1-4 EEL =      6095.4788  VDWAALS    =      6108.0176
 EELEC  =    -69021.8123  EHBOND  =         0.0000  RESTRAINT  =         0.0000
 ------------------------------------------------------------------------------


 NSTEP =     5000   TIME(PS) =    3050.000  TEMP(K) =   304.34  PRESS =     0.0
 Etot   =    -41645.3692  EKtot   =     10893.7305  EPtot      =    -52539.0997
 BOND   =       331.8447  ANGLE   =      1044.9497  DIHED      =      2162.8890
 1-4 NB =       447.5618  1-4 EEL =      6067.5936  VDWAALS    =      6102.3047
 EELEC  =    -68696.2432  EHBOND  =         0.0000  RESTRAINT  =         0.0000
 ------------------------------------------------------------------------------


 NSTEP =     5500   TIME(PS) =    3051.000  TEMP(K) =   299.73  PRESS =     0.0
 Etot   =    -42108.5584  EKtot   =     10728.7090  EPtot      =    -52837.2674
 BOND   =       374.9847  ANGLE   =       992.1031  DIHED      =      2149.1817
 1-4 NB =       455.4194  1-4 EEL =      6113.1517  VDWAALS    =      6182.4900
 EELEC  =    -69104.5980  EHBOND  =         0.0000  RESTRAINT  =         0.0000
 ------------------------------------------------------------------------------


 NSTEP =     6000   TIME(PS) =    3052.000  TEMP(K) =   298.26  PRESS =     0.0
 Etot   =    -42103.0553  EKtot   =     10676.0859  EPtot      =    -52779.1412
 BOND   =       361.4042  ANGLE   =       996.9400  DIHED      =      2161.0762
 1-4 NB =       453.5275  1-4 EEL =      6099.3128  VDWAALS    =      6055.1319
 EELEC  =    -68906.5338  EHBOND  =         0.0000  RESTRAINT  =         0.0000
 ------------------------------------------------------------------------------


 NSTEP =     6500   TIME(PS) =    3053.000  TEMP(K) =   298.87  PRESS =     0.0
 Etot   =    -42103.7280  EKtot   =     10697.8857  EPtot      =    -52801.6138
 BOND   =       332.1791  ANGLE   =      1002.0467  DIHED      =      2153.6019
 1-4 NB =       452.0137  1-4 EEL =      6105.1512  VDWAALS    =      6267.3282
 EELEC  =    -69113.9345  EHBOND  =         0.0000  RESTRAINT  =         0.0000
 ------------------------------------------------------------------------------


 NSTEP =     7000   TIME(PS) =    3054.000  TEMP(K) =   301.45  PRESS =     0.0
 Etot   =    -41869.4552  EKtot   =     10790.2373  EPtot      =    -52659.6925
 BOND   =       348.0008  ANGLE   =      1028.2524  DIHED      =      2173.7078
 1-4 NB =       431.4170  1-4 EEL =      6077.0354  VDWAALS    =      6342.0838
 EELEC  =    -69060.1897  EHBOND  =         0.0000  RESTRAINT  =         0.0000
 ------------------------------------------------------------------------------


 NSTEP =     7500   TIME(PS) =    3055.000  TEMP(K) =   304.34  PRESS =     0.0
 Etot   =    -41809.3761  EKtot   =     10893.4902  EPtot      =    -52702.8663
 BOND   =       363.1872  ANGLE   =       997.0934  DIHED      =      2140.0283
 1-4 NB =       439.5178  1-4 EEL =      6049.4396  VDWAALS    =      6183.2118
 EELEC  =    -68875.3444  EHBOND  =         0.0000  RESTRAINT  =         0.0000
 ------------------------------------------------------------------------------


 NSTEP =     8000   TIME(PS) =    3056.000  TEMP(K) =   299.66  PRESS =     0.0
 Etot   =    -41976.2938  EKtot   =     10726.1084  EPtot      =    -52702.4022
 BOND   =       342.5626  ANGLE   =      1013.4636  DIHED      =      2171.3576
 1-4 NB =       446.4570  1-4 EEL =      6078.4370  VDWAALS    =      6081.4493
 EELEC  =    -68836.1293  EHBOND  =         0.0000  RESTRAINT  =         0.0000
 ------------------------------------------------------------------------------


 NSTEP =     8500   TIME(PS) =    3057.000  TEMP(K) =   301.43  PRESS =     0.0
 Etot   =    -41880.4815  EKtot   =     10789.4014  EPtot      =    -52669.8829
 BOND   =       359.6470  ANGLE   =      1015.8299  DIHED      =      2142.1310
 1-4 NB =       440.5586  1-4 EEL =      6075.7273  VDWAALS    =      6163.0530
 EELEC  =    -68866.8298  EHBOND  =         0.0000  RESTRAINT  =         0.0000
 ------------------------------------------------------------------------------


 NSTEP =     9000   TIME(PS) =    3058.000  TEMP(K) =   299.71  PRESS =     0.0
 Etot   =    -41778.7229  EKtot   =     10727.9980  EPtot      =    -52506.7209
 BOND   =       335.8932  ANGLE   =      1055.1433  DIHED      =      2154.9609
 1-4 NB =       444.8542  1-4 EEL =      6089.4124  VDWAALS    =      6187.1032
 EELEC  =    -68774.0881  EHBOND  =         0.0000  RESTRAINT  =         0.0000
 ------------------------------------------------------------------------------


 NSTEP =     9500   TIME(PS) =    3059.000  TEMP(K) =   299.75  PRESS =     0.0
 Etot   =    -41935.1344  EKtot   =     10729.5137  EPtot      =    -52664.6481
 BOND   =       377.6723  ANGLE   =      1051.5412  DIHED      =      2167.2574
 1-4 NB =       446.6982  1-4 EEL =      6095.4482  VDWAALS    =      6230.3745
 EELEC  =    -69033.6398  EHBOND  =         0.0000  RESTRAINT  =         0.0000
 ------------------------------------------------------------------------------


 NSTEP =    10000   TIME(PS) =    3060.000  TEMP(K) =   302.72  PRESS =     0.0
 Etot   =    -41953.7338  EKtot   =     10835.7041  EPtot      =    -52789.4379
 BOND   =       338.1817  ANGLE   =      1012.0620  DIHED      =      2167.0223
 1-4 NB =       433.2603  1-4 EEL =      6071.5887  VDWAALS    =      6198.0723
 EELEC  =    -69009.6253  EHBOND  =         0.0000  RESTRAINT  =         0.0000
 ------------------------------------------------------------------------------


 NSTEP =    10500   TIME(PS) =    3061.000  TEMP(K) =   301.79  PRESS =     0.0
 Etot   =    -41918.3175  EKtot   =     10802.4180  EPtot      =    -52720.7355
 BOND   =       351.9295  ANGLE   =       989.9569  DIHED      =      2177.9020
 1-4 NB =       435.7614  1-4 EEL =      6050.0177  VDWAALS    =      6283.7730
 EELEC  =    -69010.0760  EHBOND  =         0.0000  RESTRAINT  =         0.0000
 ------------------------------------------------------------------------------


 NSTEP =    11000   TIME(PS) =    3062.000  TEMP(K) =   300.86  PRESS =     0.0
 Etot   =    -41720.8786  EKtot   =     10769.0732  EPtot      =    -52489.9518
 BOND   =       362.5882  ANGLE   =      1046.9461  DIHED      =      2172.7673
 1-4 NB =       440.7239  1-4 EEL =      6105.2690  VDWAALS    =      6233.5197
 EELEC  =    -68851.7660  EHBOND  =         0.0000  RESTRAINT  =         0.0000
 ------------------------------------------------------------------------------


 NSTEP =    11500   TIME(PS) =    3063.000  TEMP(K) =   300.37  PRESS =     0.0
 Etot   =    -41839.5720  EKtot   =     10751.6797  EPtot      =    -52591.2517
 BOND   =       360.1799  ANGLE   =      1015.0811  DIHED      =      2165.3846
 1-4 NB =       445.7822  1-4 EEL =      6122.4593  VDWAALS    =      6301.6237
 EELEC  =    -69001.7624  EHBOND  =         0.0000  RESTRAINT  =         0.0000
 ------------------------------------------------------------------------------


 NSTEP =    12000   TIME(PS) =    3064.000  TEMP(K) =   300.74  PRESS =     0.0
 Etot   =    -42012.6868  EKtot   =     10764.7998  EPtot      =    -52777.4867
 BOND   =       368.2365  ANGLE   =      1029.6451  DIHED      =      2138.5990
 1-4 NB =       427.7675  1-4 EEL =      6083.6544  VDWAALS    =      6236.9371
 EELEC  =    -69062.3262  EHBOND  =         0.0000  RESTRAINT  =         0.0000
 ------------------------------------------------------------------------------


 NSTEP =    12500   TIME(PS) =    3065.000  TEMP(K) =   302.68  PRESS =     0.0
 Etot   =    -41966.6789  EKtot   =     10834.0938  EPtot      =    -52800.7726
 BOND   =       349.4616  ANGLE   =      1042.3884  DIHED      =      2140.8078
 1-4 NB =       435.2792  1-4 EEL =      6109.8810  VDWAALS    =      6148.9768
 EELEC  =    -69027.5674  EHBOND  =         0.0000  RESTRAINT  =         0.0000
 ------------------------------------------------------------------------------


 NSTEP =    13000   TIME(PS) =    3066.000  TEMP(K) =   299.35  PRESS =     0.0
 Etot   =    -41949.5081  EKtot   =     10715.1865  EPtot      =    -52664.6946
 BOND   =       378.1245  ANGLE   =      1019.9322  DIHED      =      2163.3439
 1-4 NB =       434.0236  1-4 EEL =      6099.9816  VDWAALS    =      6233.7031
 EELEC  =    -68993.8035  EHBOND  =         0.0000  RESTRAINT  =         0.0000
 ------------------------------------------------------------------------------


 NSTEP =    13500   TIME(PS) =    3067.000  TEMP(K) =   301.18  PRESS =     0.0
 Etot   =    -41977.3389  EKtot   =     10780.3965  EPtot      =    -52757.7354
 BOND   =       349.8548  ANGLE   =      1023.9213  DIHED      =      2176.3698
 1-4 NB =       435.8780  1-4 EEL =      6084.5017  VDWAALS    =      6343.3234
 EELEC  =    -69171.5845  EHBOND  =         0.0000  RESTRAINT  =         0.0000
 ------------------------------------------------------------------------------


 NSTEP =    14000   TIME(PS) =    3068.000  TEMP(K) =   299.53  PRESS =     0.0
 Etot   =    -41973.7796  EKtot   =     10721.4082  EPtot      =    -52695.1878
 BOND   =       350.4601  ANGLE   =      1044.2411  DIHED      =      2162.3385
 1-4 NB =       446.5358  1-4 EEL =      6090.7909  VDWAALS    =      6202.6116
 EELEC  =    -68992.1658  EHBOND  =         0.0000  RESTRAINT  =         0.0000
 ------------------------------------------------------------------------------


 NSTEP =    14500   TIME(PS) =    3069.000  TEMP(K) =   301.50  PRESS =     0.0
 Etot   =    -41885.9619  EKtot   =     10792.0898  EPtot      =    -52678.0517
 BOND   =       359.1473  ANGLE   =      1044.2522  DIHED      =      2151.7605
 1-4 NB =       440.9895  1-4 EEL =      6063.6954  VDWAALS    =      6200.2115
 EELEC  =    -68938.1082  EHBOND  =         0.0000  RESTRAINT  =         0.0000
 ------------------------------------------------------------------------------


 NSTEP =    15000   TIME(PS) =    3070.000  TEMP(K) =   300.27  PRESS =     0.0
 Etot   =    -41903.9790  EKtot   =     10747.8389  EPtot      =    -52651.8178
 BOND   =       359.4645  ANGLE   =      1098.2030  DIHED      =      2172.0701
 1-4 NB =       426.9971  1-4 EEL =      6088.6478  VDWAALS    =      6280.6003
 EELEC  =    -69077.8007  EHBOND  =         0.0000  RESTRAINT  =         0.0000
 ------------------------------------------------------------------------------


 NSTEP =    15500   TIME(PS) =    3071.000  TEMP(K) =   299.02  PRESS =     0.0
 Etot   =    -41863.2516  EKtot   =     10703.3750  EPtot      =    -52566.6266
 BOND   =       355.9222  ANGLE   =      1009.0816  DIHED      =      2162.8942
 1-4 NB =       466.0683  1-4 EEL =      6112.1176  VDWAALS    =      6205.6547
 EELEC  =    -68878.3654  EHBOND  =         0.0000  RESTRAINT  =         0.0000
 ------------------------------------------------------------------------------


 NSTEP =    16000   TIME(PS) =    3072.000  TEMP(K) =   298.03  PRESS =     0.0
 Etot   =    -41883.3564  EKtot   =     10667.8320  EPtot      =    -52551.1885
 BOND   =       308.4156  ANGLE   =      1060.9472  DIHED      =      2137.7227
 1-4 NB =       445.9076  1-4 EEL =      6100.0076  VDWAALS    =      6157.9570
 EELEC  =    -68762.1462  EHBOND  =         0.0000  RESTRAINT  =         0.0000
 ------------------------------------------------------------------------------


 NSTEP =    16500   TIME(PS) =    3073.000  TEMP(K) =   303.56  PRESS =     0.0
 Etot   =    -41762.4062  EKtot   =     10865.5977  EPtot      =    -52628.0038
 BOND   =       385.5928  ANGLE   =      1026.4039  DIHED      =      2171.1732
 1-4 NB =       446.5186  1-4 EEL =      6121.6161  VDWAALS    =      6356.0871
 EELEC  =    -69135.3955  EHBOND  =         0.0000  RESTRAINT  =         0.0000
 ------------------------------------------------------------------------------


 NSTEP =    17000   TIME(PS) =    3074.000  TEMP(K) =   301.12  PRESS =     0.0
 Etot   =    -41955.9013  EKtot   =     10778.3379  EPtot      =    -52734.2392
 BOND   =       359.8997  ANGLE   =      1022.1185  DIHED      =      2162.6908
 1-4 NB =       438.0390  1-4 EEL =      6053.5544  VDWAALS    =      6046.5058
 EELEC  =    -68817.0474  EHBOND  =         0.0000  RESTRAINT  =         0.0000
 ------------------------------------------------------------------------------


 NSTEP =    17500   TIME(PS) =    3075.000  TEMP(K) =   299.96  PRESS =     0.0
 Etot   =    -41964.8755  EKtot   =     10736.7129  EPtot      =    -52701.5884
 BOND   =       333.2092  ANGLE   =      1039.9459  DIHED      =      2169.0723
 1-4 NB =       452.4220  1-4 EEL =      6067.8835  VDWAALS    =      6327.8057
 EELEC  =    -69091.9269  EHBOND  =         0.0000  RESTRAINT  =         0.0000
 ------------------------------------------------------------------------------


 NSTEP =    18000   TIME(PS) =    3076.000  TEMP(K) =   293.65  PRESS =     0.0
 Etot   =    -42306.3355  EKtot   =     10510.8477  EPtot      =    -52817.1832
 BOND   =       375.8307  ANGLE   =      1019.4778  DIHED      =      2177.0110
 1-4 NB =       445.6259  1-4 EEL =      6083.4928  VDWAALS    =      6129.2059
 EELEC  =    -69047.8272  EHBOND  =         0.0000  RESTRAINT  =         0.0000
 ------------------------------------------------------------------------------


 NSTEP =    18500   TIME(PS) =    3077.000  TEMP(K) =   298.62  PRESS =     0.0
 Etot   =    -41970.7575  EKtot   =     10688.8359  EPtot      =    -52659.5935
 BOND   =       350.9601  ANGLE   =      1032.3047  DIHED      =      2178.1650
 1-4 NB =       445.1684  1-4 EEL =      6115.1086  VDWAALS    =      6100.1469
 EELEC  =    -68881.4471  EHBOND  =         0.0000  RESTRAINT  =         0.0000
 ------------------------------------------------------------------------------


 NSTEP =    19000   TIME(PS) =    3078.000  TEMP(K) =   297.43  PRESS =     0.0
 Etot   =    -42100.8704  EKtot   =     10646.1289  EPtot      =    -52746.9993
 BOND   =       370.1451  ANGLE   =      1005.7250  DIHED      =      2153.9939
 1-4 NB =       447.1957  1-4 EEL =      6089.7287  VDWAALS    =      6326.5270
 EELEC  =    -69140.3148  EHBOND  =         0.0000  RESTRAINT  =         0.0000
 ------------------------------------------------------------------------------


 NSTEP =    19500   TIME(PS) =    3079.000  TEMP(K) =   300.11  PRESS =     0.0
 Etot   =    -41822.1029  EKtot   =     10742.2891  EPtot      =    -52564.3920
 BOND   =       374.4197  ANGLE   =      1064.5258  DIHED      =      2145.2329
 1-4 NB =       437.4509  1-4 EEL =      6044.1381  VDWAALS    =      6261.5905
 EELEC  =    -68891.7499  EHBOND  =         0.0000  RESTRAINT  =         0.0000
 ------------------------------------------------------------------------------


 NSTEP =    20000   TIME(PS) =    3080.000  TEMP(K) =   301.86  PRESS =     0.0
 Etot   =    -41759.9342  EKtot   =     10804.9492  EPtot      =    -52564.8835
 BOND   =       348.7085  ANGLE   =      1051.3719  DIHED      =      2144.3496
 1-4 NB =       423.4406  1-4 EEL =      6069.8848  VDWAALS    =      6011.9482
 EELEC  =    -68614.5870  EHBOND  =         0.0000  RESTRAINT  =         0.0000
 ------------------------------------------------------------------------------


 NSTEP =    20500   TIME(PS) =    3081.000  TEMP(K) =   299.23  PRESS =     0.0
 Etot   =    -41860.5014  EKtot   =     10710.8398  EPtot      =    -52571.3412
 BOND   =       370.6460  ANGLE   =      1059.6019  DIHED      =      2143.8748
 1-4 NB =       443.0731  1-4 EEL =      6056.1956  VDWAALS    =      6294.4086
 EELEC  =    -68939.1412  EHBOND  =         0.0000  RESTRAINT  =         0.0000
 ------------------------------------------------------------------------------


 NSTEP =    21000   TIME(PS) =    3082.000  TEMP(K) =   300.32  PRESS =     0.0
 Etot   =    -41904.3981  EKtot   =     10749.8086  EPtot      =    -52654.2067
 BOND   =       365.2982  ANGLE   =      1066.8241  DIHED      =      2130.5550
 1-4 NB =       451.7313  1-4 EEL =      6052.6893  VDWAALS    =      6301.4216
 EELEC  =    -69022.7263  EHBOND  =         0.0000  RESTRAINT  =         0.0000
 ------------------------------------------------------------------------------


 NSTEP =    21500   TIME(PS) =    3083.000  TEMP(K) =   298.76  PRESS =     0.0
 Etot   =    -41988.9837  EKtot   =     10693.7500  EPtot      =    -52682.7337
 BOND   =       344.6657  ANGLE   =      1017.4327  DIHED      =      2144.9479
 1-4 NB =       455.7312  1-4 EEL =      6052.2971  VDWAALS    =      6346.6316
 EELEC  =    -69044.4398  EHBOND  =         0.0000  RESTRAINT  =         0.0000
 ------------------------------------------------------------------------------


 NSTEP =    22000   TIME(PS) =    3084.000  TEMP(K) =   300.27  PRESS =     0.0
 Etot   =    -41919.4602  EKtot   =     10748.1221  EPtot      =    -52667.5823
 BOND   =       367.5771  ANGLE   =      1045.4059  DIHED      =      2175.9505
 1-4 NB =       455.2154  1-4 EEL =      6042.4371  VDWAALS    =      6196.2632
 EELEC  =    -68950.4316  EHBOND  =         0.0000  RESTRAINT  =         0.0000
 ------------------------------------------------------------------------------


 NSTEP =    22500   TIME(PS) =    3085.000  TEMP(K) =   302.36  PRESS =     0.0
 Etot   =    -41725.4790  EKtot   =     10822.7461  EPtot      =    -52548.2251
 BOND   =       347.4527  ANGLE   =      1067.4253  DIHED      =      2151.6139
 1-4 NB =       456.7911  1-4 EEL =      6087.6386  VDWAALS    =      6151.5728
 EELEC  =    -68810.7193  EHBOND  =         0.0000  RESTRAINT  =         0.0000
 ------------------------------------------------------------------------------


 NSTEP =    23000   TIME(PS) =    3086.000  TEMP(K) =   303.41  PRESS =     0.0
 Etot   =    -41888.6213  EKtot   =     10860.3086  EPtot      =    -52748.9299
 BOND   =       366.3143  ANGLE   =      1019.0920  DIHED      =      2162.5301
 1-4 NB =       454.6890  1-4 EEL =      6072.7721  VDWAALS    =      6276.1062
 EELEC  =    -69100.4336  EHBOND  =         0.0000  RESTRAINT  =         0.0000
 ------------------------------------------------------------------------------


 NSTEP =    23500   TIME(PS) =    3087.000  TEMP(K) =   301.47  PRESS =     0.0
 Etot   =    -41985.1197  EKtot   =     10790.9170  EPtot      =    -52776.0367
 BOND   =       323.3573  ANGLE   =      1003.5092  DIHED      =      2159.7265
 1-4 NB =       436.0901  1-4 EEL =      6091.2394  VDWAALS    =      6446.3491
 EELEC  =    -69236.3083  EHBOND  =         0.0000  RESTRAINT  =         0.0000
 ------------------------------------------------------------------------------


 NSTEP =    24000   TIME(PS) =    3088.000  TEMP(K) =   299.91  PRESS =     0.0
 Etot   =    -41947.8933  EKtot   =     10734.9277  EPtot      =    -52682.8210
 BOND   =       355.7460  ANGLE   =      1021.5206  DIHED      =      2160.8552
 1-4 NB =       434.8462  1-4 EEL =      6099.5919  VDWAALS    =      6210.7282
 EELEC  =    -68966.1091  EHBOND  =         0.0000  RESTRAINT  =         0.0000
 ------------------------------------------------------------------------------


 NSTEP =    24500   TIME(PS) =    3089.000  TEMP(K) =   300.90  PRESS =     0.0
 Etot   =    -41914.3536  EKtot   =     10770.6768  EPtot      =    -52685.0304
 BOND   =       344.6141  ANGLE   =      1002.9528  DIHED      =      2155.9256
 1-4 NB =       439.3795  1-4 EEL =      6069.8849  VDWAALS    =      6146.0756
 EELEC  =    -68843.8629  EHBOND  =         0.0000  RESTRAINT  =         0.0000
 ------------------------------------------------------------------------------


 NSTEP =    25000   TIME(PS) =    3090.000  TEMP(K) =   297.84  PRESS =     0.0
 Etot   =    -42048.0990  EKtot   =     10661.0049  EPtot      =    -52709.1039
 BOND   =       361.8481  ANGLE   =      1015.9111  DIHED      =      2147.1929
 1-4 NB =       432.6589  1-4 EEL =      6078.4759  VDWAALS    =      6234.0086
 EELEC  =    -68979.1993  EHBOND  =         0.0000  RESTRAINT  =         0.0000
 ------------------------------------------------------------------------------


 NSTEP =    25500   TIME(PS) =    3091.000  TEMP(K) =   296.34  PRESS =     0.0
 Etot   =    -42104.0894  EKtot   =     10607.1113  EPtot      =    -52711.2007
 BOND   =       341.2753  ANGLE   =      1007.8378  DIHED      =      2146.3525
 1-4 NB =       450.1894  1-4 EEL =      6106.7155  VDWAALS    =      6190.1054
 EELEC  =    -68953.6766  EHBOND  =         0.0000  RESTRAINT  =         0.0000
 ------------------------------------------------------------------------------


 NSTEP =    26000   TIME(PS) =    3092.000  TEMP(K) =   301.93  PRESS =     0.0
 Etot   =    -41921.3494  EKtot   =     10807.2998  EPtot      =    -52728.6492
 BOND   =       365.2087  ANGLE   =       996.6088  DIHED      =      2184.1774
 1-4 NB =       447.6520  1-4 EEL =      6105.6100  VDWAALS    =      6306.3073
 EELEC  =    -69134.2134  EHBOND  =         0.0000  RESTRAINT  =         0.0000
 ------------------------------------------------------------------------------


 NSTEP =    26500   TIME(PS) =    3093.000  TEMP(K) =   303.97  PRESS =     0.0
 Etot   =    -41698.7466  EKtot   =     10880.4639  EPtot      =    -52579.2105
 BOND   =       368.8359  ANGLE   =      1060.8807  DIHED      =      2152.7923
 1-4 NB =       440.1294  1-4 EEL =      6041.8429  VDWAALS    =      6287.5790
 EELEC  =    -68931.2707  EHBOND  =         0.0000  RESTRAINT  =         0.0000
 ------------------------------------------------------------------------------


 NSTEP =    27000   TIME(PS) =    3094.000  TEMP(K) =   297.88  PRESS =     0.0
 Etot   =    -42034.4751  EKtot   =     10662.3701  EPtot      =    -52696.8453
 BOND   =       350.6454  ANGLE   =      1022.2953  DIHED      =      2159.7655
 1-4 NB =       440.5429  1-4 EEL =      6063.4956  VDWAALS    =      6331.0928
 EELEC  =    -69064.6826  EHBOND  =         0.0000  RESTRAINT  =         0.0000
 ------------------------------------------------------------------------------


 NSTEP =    27500   TIME(PS) =    3095.000  TEMP(K) =   302.90  PRESS =     0.0
 Etot   =    -41909.9586  EKtot   =     10842.1191  EPtot      =    -52752.0777
 BOND   =       367.7211  ANGLE   =      1044.3418  DIHED      =      2163.5539
 1-4 NB =       436.0332  1-4 EEL =      6057.3306  VDWAALS    =      6323.3682
 EELEC  =    -69144.4264  EHBOND  =         0.0000  RESTRAINT  =         0.0000
 ------------------------------------------------------------------------------


 NSTEP =    28000   TIME(PS) =    3096.000  TEMP(K) =   300.11  PRESS =     0.0
 Etot   =    -41841.0410  EKtot   =     10742.3281  EPtot      =    -52583.3691
 BOND   =       364.2812  ANGLE   =       996.6917  DIHED      =      2152.1123
 1-4 NB =       451.6486  1-4 EEL =      6093.4263  VDWAALS    =      6204.9837
 EELEC  =    -68846.5129  EHBOND  =         0.0000  RESTRAINT  =         0.0000
 ------------------------------------------------------------------------------


 NSTEP =    28500   TIME(PS) =    3097.000  TEMP(K) =   300.18  PRESS =     0.0
 Etot   =    -42049.5620  EKtot   =     10744.6787  EPtot      =    -52794.2407
 BOND   =       329.7023  ANGLE   =      1044.5632  DIHED      =      2146.4049
 1-4 NB =       447.3271  1-4 EEL =      6079.4354  VDWAALS    =      6282.6615
 EELEC  =    -69124.3352  EHBOND  =         0.0000  RESTRAINT  =         0.0000
 ------------------------------------------------------------------------------


 NSTEP =    29000   TIME(PS) =    3098.000  TEMP(K) =   301.67  PRESS =     0.0
 Etot   =    -41747.6934  EKtot   =     10798.2158  EPtot      =    -52545.9092
 BOND   =       345.2758  ANGLE   =       982.5762  DIHED      =      2172.1198
 1-4 NB =       453.7857  1-4 EEL =      6110.3186  VDWAALS    =      6069.7893
 EELEC  =    -68679.7746  EHBOND  =         0.0000  RESTRAINT  =         0.0000
 ------------------------------------------------------------------------------


 NSTEP =    29500   TIME(PS) =    3099.000  TEMP(K) =   301.81  PRESS =     0.0
 Etot   =    -41905.6467  EKtot   =     10803.0537  EPtot      =    -52708.7004
 BOND   =       335.5746  ANGLE   =      1013.2796  DIHED      =      2159.8024
 1-4 NB =       438.5826  1-4 EEL =      6118.1867  VDWAALS    =      6063.6921
 EELEC  =    -68837.8184  EHBOND  =         0.0000  RESTRAINT  =         0.0000
 ------------------------------------------------------------------------------


 NSTEP =    30000   TIME(PS) =    3100.000  TEMP(K) =   302.75  PRESS =     0.0
 Etot   =    -41702.2977  EKtot   =     10836.5645  EPtot      =    -52538.8622
 BOND   =       347.4210  ANGLE   =      1037.0039  DIHED      =      2161.6096
 1-4 NB =       446.5244  1-4 EEL =      6094.3304  VDWAALS    =      6165.7297
 EELEC  =    -68791.4812  EHBOND  =         0.0000  RESTRAINT  =         0.0000
 ------------------------------------------------------------------------------


 NSTEP =    30500   TIME(PS) =    3101.000  TEMP(K) =   303.00  PRESS =     0.0
 Etot   =    -41843.1434  EKtot   =     10845.7881  EPtot      =    -52688.9315
 BOND   =       360.7367  ANGLE   =      1017.3726  DIHED      =      2170.4272
 1-4 NB =       442.3038  1-4 EEL =      6114.5577  VDWAALS    =      6060.4511
 EELEC  =    -68854.7807  EHBOND  =         0.0000  RESTRAINT  =         0.0000
 ------------------------------------------------------------------------------


 NSTEP =    31000   TIME(PS) =    3102.000  TEMP(K) =   301.06  PRESS =     0.0
 Etot   =    -41952.1711  EKtot   =     10776.3916  EPtot      =    -52728.5627
 BOND   =       372.9974  ANGLE   =       998.6126  DIHED      =      2140.0012
 1-4 NB =       447.6419  1-4 EEL =      6084.2989  VDWAALS    =      6243.4291
 EELEC  =    -69015.5439  EHBOND  =         0.0000  RESTRAINT  =         0.0000
 ------------------------------------------------------------------------------


 NSTEP =    31500   TIME(PS) =    3103.000  TEMP(K) =   303.31  PRESS =     0.0
 Etot   =    -41784.0593  EKtot   =     10856.6035  EPtot      =    -52640.6629
 BOND   =       361.7824  ANGLE   =       994.9712  DIHED      =      2161.9235
 1-4 NB =       435.3422  1-4 EEL =      6115.0753  VDWAALS    =      6165.7856
 EELEC  =    -68875.5430  EHBOND  =         0.0000  RESTRAINT  =         0.0000
 ------------------------------------------------------------------------------


 NSTEP =    32000   TIME(PS) =    3104.000  TEMP(K) =   304.03  PRESS =     0.0
 Etot   =    -41871.9598  EKtot   =     10882.5762  EPtot      =    -52754.5360
 BOND   =       329.4165  ANGLE   =      1026.2122  DIHED      =      2180.6762
 1-4 NB =       450.9575  1-4 EEL =      6117.6411  VDWAALS    =      6253.5886
 EELEC  =    -69113.0279  EHBOND  =         0.0000  RESTRAINT  =         0.0000
 ------------------------------------------------------------------------------


 NSTEP =    32500   TIME(PS) =    3105.000  TEMP(K) =   298.21  PRESS =     0.0
 Etot   =    -42228.5082  EKtot   =     10674.1045  EPtot      =    -52902.6127
 BOND   =       347.4435  ANGLE   =       997.3219  DIHED      =      2190.1422
 1-4 NB =       454.4138  1-4 EEL =      6064.2849  VDWAALS    =      6136.2587
 EELEC  =    -69092.4777  EHBOND  =         0.0000  RESTRAINT  =         0.0000
 ------------------------------------------------------------------------------


 NSTEP =    33000   TIME(PS) =    3106.000  TEMP(K) =   303.75  PRESS =     0.0
 Etot   =    -41976.6656  EKtot   =     10872.5596  EPtot      =    -52849.2252
 BOND   =       357.0772  ANGLE   =       991.9433  DIHED      =      2144.9758
 1-4 NB =       446.0061  1-4 EEL =      6159.7681  VDWAALS    =      6136.9184
 EELEC  =    -69085.9142  EHBOND  =         0.0000  RESTRAINT  =         0.0000
 ------------------------------------------------------------------------------


 NSTEP =    33500   TIME(PS) =    3107.000  TEMP(K) =   296.55  PRESS =     0.0
 Etot   =    -41943.3870  EKtot   =     10614.7627  EPtot      =    -52558.1497
 BOND   =       377.0941  ANGLE   =      1036.2613  DIHED      =      2173.9378
 1-4 NB =       444.1178  1-4 EEL =      6093.4207  VDWAALS    =      6108.8774
 EELEC  =    -68791.8589  EHBOND  =         0.0000  RESTRAINT  =         0.0000
 ------------------------------------------------------------------------------


 NSTEP =    34000   TIME(PS) =    3108.000  TEMP(K) =   301.05  PRESS =     0.0
 Etot   =    -41879.0132  EKtot   =     10775.9053  EPtot      =    -52654.9185
 BOND   =       372.4520  ANGLE   =      1013.1315  DIHED      =      2180.7993
 1-4 NB =       418.4901  1-4 EEL =      6107.6677  VDWAALS    =      6243.2245
 EELEC  =    -68990.6835  EHBOND  =         0.0000  RESTRAINT  =         0.0000
 ------------------------------------------------------------------------------


 NSTEP =    34500   TIME(PS) =    3109.000  TEMP(K) =   298.95  PRESS =     0.0
 Etot   =    -41739.8503  EKtot   =     10700.7520  EPtot      =    -52440.6022
 BOND   =       356.2358  ANGLE   =      1017.4289  DIHED      =      2132.7522
 1-4 NB =       445.0561  1-4 EEL =      6102.6509  VDWAALS    =      5982.1632
 EELEC  =    -68476.8893  EHBOND  =         0.0000  RESTRAINT  =         0.0000
 ------------------------------------------------------------------------------


 NSTEP =    35000   TIME(PS) =    3110.000  TEMP(K) =   302.62  PRESS =     0.0
 Etot   =    -41835.8883  EKtot   =     10832.0059  EPtot      =    -52667.8942
 BOND   =       361.0854  ANGLE   =      1003.3927  DIHED      =      2141.7940
 1-4 NB =       435.5846  1-4 EEL =      6106.0941  VDWAALS    =      6161.3229
 EELEC  =    -68877.1678  EHBOND  =         0.0000  RESTRAINT  =         0.0000
 ------------------------------------------------------------------------------


 NSTEP =    35500   TIME(PS) =    3111.000  TEMP(K) =   301.28  PRESS =     0.0
 Etot   =    -41874.0266  EKtot   =     10784.2295  EPtot      =    -52658.2561
 BOND   =       367.2666  ANGLE   =      1028.6924  DIHED      =      2151.6818
 1-4 NB =       437.1437  1-4 EEL =      6092.9876  VDWAALS    =      6347.1387
 EELEC  =    -69083.1669  EHBOND  =         0.0000  RESTRAINT  =         0.0000
 ------------------------------------------------------------------------------


 NSTEP =    36000   TIME(PS) =    3112.000  TEMP(K) =   302.28  PRESS =     0.0
 Etot   =    -41861.2402  EKtot   =     10819.9521  EPtot      =    -52681.1923
 BOND   =       329.9267  ANGLE   =      1015.9118  DIHED      =      2158.6323
 1-4 NB =       449.6215  1-4 EEL =      6133.8718  VDWAALS    =      6234.5894
 EELEC  =    -69003.7459  EHBOND  =         0.0000  RESTRAINT  =         0.0000
 ------------------------------------------------------------------------------


 NSTEP =    36500   TIME(PS) =    3113.000  TEMP(K) =   299.42  PRESS =     0.0
 Etot   =    -41794.8550  EKtot   =     10717.3486  EPtot      =    -52512.2036
 BOND   =       351.2416  ANGLE   =      1033.4702  DIHED      =      2158.6643
 1-4 NB =       440.2090  1-4 EEL =      6112.0589  VDWAALS    =      6262.5295
 EELEC  =    -68870.3772  EHBOND  =         0.0000  RESTRAINT  =         0.0000
 ------------------------------------------------------------------------------


 NSTEP =    37000   TIME(PS) =    3114.000  TEMP(K) =   300.37  PRESS =     0.0
 Etot   =    -41972.5054  EKtot   =     10751.3760  EPtot      =    -52723.8814
 BOND   =       350.5318  ANGLE   =       980.8152  DIHED      =      2166.4031
 1-4 NB =       440.6752  1-4 EEL =      6132.2638  VDWAALS    =      6283.4874
 EELEC  =    -69078.0579  EHBOND  =         0.0000  RESTRAINT  =         0.0000
 ------------------------------------------------------------------------------


 NSTEP =    37500   TIME(PS) =    3115.000  TEMP(K) =   300.43  PRESS =     0.0
 Etot   =    -42014.8159  EKtot   =     10753.6924  EPtot      =    -52768.5083
 BOND   =       351.0516  ANGLE   =       951.3020  DIHED      =      2164.7134
 1-4 NB =       450.7818  1-4 EEL =      6096.8016  VDWAALS    =      6405.2036
 EELEC  =    -69188.3623  EHBOND  =         0.0000  RESTRAINT  =         0.0000
 ------------------------------------------------------------------------------


 NSTEP =    38000   TIME(PS) =    3116.000  TEMP(K) =   303.09  PRESS =     0.0
 Etot   =    -42020.8570  EKtot   =     10848.8232  EPtot      =    -52869.6803
 BOND   =       363.6791  ANGLE   =      1018.4928  DIHED      =      2152.7655
 1-4 NB =       447.3948  1-4 EEL =      6122.8108  VDWAALS    =      6217.8953
 EELEC  =    -69192.7186  EHBOND  =         0.0000  RESTRAINT  =         0.0000
 ------------------------------------------------------------------------------


 NSTEP =    38500   TIME(PS) =    3117.000  TEMP(K) =   299.75  PRESS =     0.0
 Etot   =    -42160.6534  EKtot   =     10729.2139  EPtot      =    -52889.8673
 BOND   =       344.2356  ANGLE   =      1014.0774  DIHED      =      2169.4925
 1-4 NB =       447.4069  1-4 EEL =      6080.3820  VDWAALS    =      6199.2094
 EELEC  =    -69144.6710  EHBOND  =         0.0000  RESTRAINT  =         0.0000
 ------------------------------------------------------------------------------


 NSTEP =    39000   TIME(PS) =    3118.000  TEMP(K) =   298.27  PRESS =     0.0
 Etot   =    -41970.9135  EKtot   =     10676.2139  EPtot      =    -52647.1274
 BOND   =       333.6691  ANGLE   =      1049.1059  DIHED      =      2163.3114
 1-4 NB =       446.9081  1-4 EEL =      6092.2015  VDWAALS    =      6320.5616
 EELEC  =    -69052.8849  EHBOND  =         0.0000  RESTRAINT  =         0.0000
 ------------------------------------------------------------------------------


 NSTEP =    39500   TIME(PS) =    3119.000  TEMP(K) =   299.77  PRESS =     0.0
 Etot   =    -42007.7366  EKtot   =     10730.0684  EPtot      =    -52737.8050
 BOND   =       332.7363  ANGLE   =      1028.4294  DIHED      =      2157.7864
 1-4 NB =       456.7773  1-4 EEL =      6107.9983  VDWAALS    =      6234.5287
 EELEC  =    -69056.0615  EHBOND  =         0.0000  RESTRAINT  =         0.0000
 ------------------------------------------------------------------------------


 NSTEP =    40000   TIME(PS) =    3120.000  TEMP(K) =   303.44  PRESS =     0.0
 Etot   =    -41794.5046  EKtot   =     10861.4121  EPtot      =    -52655.9167
 BOND   =       345.0296  ANGLE   =      1038.0079  DIHED      =      2171.6269
 1-4 NB =       452.3719  1-4 EEL =      6127.0748  VDWAALS    =      6258.5264
 EELEC  =    -69048.5541  EHBOND  =         0.0000  RESTRAINT  =         0.0000
 ------------------------------------------------------------------------------


 NSTEP =    40500   TIME(PS) =    3121.000  TEMP(K) =   302.43  PRESS =     0.0
 Etot   =    -41964.8285  EKtot   =     10825.1572  EPtot      =    -52789.9857
 BOND   =       350.1340  ANGLE   =      1014.3670  DIHED      =      2158.4233
 1-4 NB =       458.8823  1-4 EEL =      6134.7917  VDWAALS    =      6383.7997
 EELEC  =    -69290.3837  EHBOND  =         0.0000  RESTRAINT  =         0.0000
 ------------------------------------------------------------------------------


 NSTEP =    41000   TIME(PS) =    3122.000  TEMP(K) =   302.43  PRESS =     0.0
 Etot   =    -41893.8150  EKtot   =     10825.2549  EPtot      =    -52719.0699
 BOND   =       354.2820  ANGLE   =      1043.5124  DIHED      =      2140.8710
 1-4 NB =       441.0664  1-4 EEL =      6108.9041  VDWAALS    =      6413.6725
 EELEC  =    -69221.3784  EHBOND  =         0.0000  RESTRAINT  =         0.0000
 ------------------------------------------------------------------------------


 NSTEP =    41500   TIME(PS) =    3123.000  TEMP(K) =   297.95  PRESS =     0.0
 Etot   =    -42188.1101  EKtot   =     10664.8545  EPtot      =    -52852.9645
 BOND   =       339.4435  ANGLE   =       997.8399  DIHED      =      2127.4100
 1-4 NB =       446.1084  1-4 EEL =      6107.2884  VDWAALS    =      6243.3471
 EELEC  =    -69114.4018  EHBOND  =         0.0000  RESTRAINT  =         0.0000
 ------------------------------------------------------------------------------


 NSTEP =    42000   TIME(PS) =    3124.000  TEMP(K) =   299.75  PRESS =     0.0
 Etot   =    -41830.0103  EKtot   =     10729.2529  EPtot      =    -52559.2632
 BOND   =       363.2526  ANGLE   =      1039.5490  DIHED      =      2172.0619
 1-4 NB =       454.7842  1-4 EEL =      6087.6846  VDWAALS    =      6198.2216
 EELEC  =    -68874.8171  EHBOND  =         0.0000  RESTRAINT  =         0.0000
 ------------------------------------------------------------------------------


 NSTEP =    42500   TIME(PS) =    3125.000  TEMP(K) =   302.89  PRESS =     0.0
 Etot   =    -41994.8637  EKtot   =     10841.8506  EPtot      =    -52836.7143
 BOND   =       342.7447  ANGLE   =      1028.2187  DIHED      =      2149.9346
 1-4 NB =       437.7466  1-4 EEL =      6088.5781  VDWAALS    =      6400.9020
 EELEC  =    -69284.8391  EHBOND  =         0.0000  RESTRAINT  =         0.0000
 ------------------------------------------------------------------------------


 NSTEP =    43000   TIME(PS) =    3126.000  TEMP(K) =   298.25  PRESS =     0.0
 Etot   =    -42112.4621  EKtot   =     10675.5830  EPtot      =    -52788.0451
 BOND   =       362.4771  ANGLE   =      1008.8825  DIHED      =      2153.5881
 1-4 NB =       438.4795  1-4 EEL =      6133.6886  VDWAALS    =      6347.0139
 EELEC  =    -69232.1749  EHBOND  =         0.0000  RESTRAINT  =         0.0000
 ------------------------------------------------------------------------------


 NSTEP =    43500   TIME(PS) =    3127.000  TEMP(K) =   303.77  PRESS =     0.0
 Etot   =    -41736.1263  EKtot   =     10873.2773  EPtot      =    -52609.4036
 BOND   =       384.1370  ANGLE   =      1062.0227  DIHED      =      2149.5984
 1-4 NB =       435.9069  1-4 EEL =      6082.1511  VDWAALS    =      6318.2037
 EELEC  =    -69041.4235  EHBOND  =         0.0000  RESTRAINT  =         0.0000
 ------------------------------------------------------------------------------


 NSTEP =    44000   TIME(PS) =    3128.000  TEMP(K) =   300.59  PRESS =     0.0
 Etot   =    -41858.2129  EKtot   =     10759.5723  EPtot      =    -52617.7851
 BOND   =       338.5584  ANGLE   =      1043.6249  DIHED      =      2159.5531
 1-4 NB =       436.3419  1-4 EEL =      6088.5048  VDWAALS    =      6148.8201
 EELEC  =    -68833.1885  EHBOND  =         0.0000  RESTRAINT  =         0.0000
 ------------------------------------------------------------------------------


 NSTEP =    44500   TIME(PS) =    3129.000  TEMP(K) =   299.99  PRESS =     0.0
 Etot   =    -41910.7985  EKtot   =     10738.0039  EPtot      =    -52648.8024
 BOND   =       389.5300  ANGLE   =      1024.9403  DIHED      =      2142.2919
 1-4 NB =       448.3672  1-4 EEL =      6113.6041  VDWAALS    =      6414.8020
 EELEC  =    -69182.3378  EHBOND  =         0.0000  RESTRAINT  =         0.0000
 ------------------------------------------------------------------------------


 NSTEP =    45000   TIME(PS) =    3130.000  TEMP(K) =   299.65  PRESS =     0.0
 Etot   =    -41904.1941  EKtot   =     10725.6006  EPtot      =    -52629.7947
 BOND   =       381.1969  ANGLE   =       970.3457  DIHED      =      2147.1231
 1-4 NB =       434.4576  1-4 EEL =      6075.3314  VDWAALS    =      6039.8646
 EELEC  =    -68678.1140  EHBOND  =         0.0000  RESTRAINT  =         0.0000
 ------------------------------------------------------------------------------


 NSTEP =    45500   TIME(PS) =    3131.000  TEMP(K) =   301.42  PRESS =     0.0
 Etot   =    -41912.9190  EKtot   =     10789.0186  EPtot      =    -52701.9375
 BOND   =       337.8983  ANGLE   =      1011.1155  DIHED      =      2177.2623
 1-4 NB =       439.2708  1-4 EEL =      6113.2007  VDWAALS    =      6175.4958
 EELEC  =    -68956.1809  EHBOND  =         0.0000  RESTRAINT  =         0.0000
 ------------------------------------------------------------------------------


 NSTEP =    46000   TIME(PS) =    3132.000  TEMP(K) =   299.30  PRESS =     0.0
 Etot   =    -41800.5419  EKtot   =     10713.2002  EPtot      =    -52513.7421
 BOND   =       362.6549  ANGLE   =      1017.9682  DIHED      =      2150.5233
 1-4 NB =       446.0462  1-4 EEL =      6110.4899  VDWAALS    =      6109.3880
 EELEC  =    -68710.8126  EHBOND  =         0.0000  RESTRAINT  =         0.0000
 ------------------------------------------------------------------------------


 NSTEP =    46500   TIME(PS) =    3133.000  TEMP(K) =   301.93  PRESS =     0.0
 Etot   =    -41925.4653  EKtot   =     10807.5117  EPtot      =    -52732.9771
 BOND   =       337.1895  ANGLE   =      1017.2322  DIHED      =      2182.3090
 1-4 NB =       454.2095  1-4 EEL =      6094.7458  VDWAALS    =      6251.6773
 EELEC  =    -69070.3403  EHBOND  =         0.0000  RESTRAINT  =         0.0000
 ------------------------------------------------------------------------------


 NSTEP =    47000   TIME(PS) =    3134.000  TEMP(K) =   304.46  PRESS =     0.0
 Etot   =    -41771.1538  EKtot   =     10898.0244  EPtot      =    -52669.1782
 BOND   =       345.7984  ANGLE   =      1030.2672  DIHED      =      2136.4356
 1-4 NB =       439.3134  1-4 EEL =      6103.1723  VDWAALS    =      6246.5680
 EELEC  =    -68970.7330  EHBOND  =         0.0000  RESTRAINT  =         0.0000
 ------------------------------------------------------------------------------


 NSTEP =    47500   TIME(PS) =    3135.000  TEMP(K) =   299.64  PRESS =     0.0
 Etot   =    -41822.7444  EKtot   =     10725.5244  EPtot      =    -52548.2688
 BOND   =       357.8933  ANGLE   =      1089.1999  DIHED      =      2169.2794
 1-4 NB =       448.8793  1-4 EEL =      6082.6226  VDWAALS    =      6272.6715
 EELEC  =    -68968.8148  EHBOND  =         0.0000  RESTRAINT  =         0.0000
 ------------------------------------------------------------------------------


 NSTEP =    48000   TIME(PS) =    3136.000  TEMP(K) =   297.77  PRESS =     0.0
 Etot   =    -42233.8688  EKtot   =     10658.6279  EPtot      =    -52892.4967
 BOND   =       365.3814  ANGLE   =       984.4641  DIHED      =      2141.7131
 1-4 NB =       446.0083  1-4 EEL =      6108.1887  VDWAALS    =      6434.0187
 EELEC  =    -69372.2709  EHBOND  =         0.0000  RESTRAINT  =         0.0000
 ------------------------------------------------------------------------------


 NSTEP =    48500   TIME(PS) =    3137.000  TEMP(K) =   299.46  PRESS =     0.0
 Etot   =    -42102.0487  EKtot   =     10718.7988  EPtot      =    -52820.8476
 BOND   =       325.0298  ANGLE   =       996.0732  DIHED      =      2152.1040
 1-4 NB =       448.6281  1-4 EEL =      6129.4382  VDWAALS    =      6129.2732
 EELEC  =    -69001.3941  EHBOND  =         0.0000  RESTRAINT  =         0.0000
 ------------------------------------------------------------------------------


 NSTEP =    49000   TIME(PS) =    3138.000  TEMP(K) =   299.27  PRESS =     0.0
 Etot   =    -42104.4020  EKtot   =     10711.9883  EPtot      =    -52816.3903
 BOND   =       339.7522  ANGLE   =       995.3858  DIHED      =      2155.8078
 1-4 NB =       446.0069  1-4 EEL =      6061.6454  VDWAALS    =      6330.9407
 EELEC  =    -69145.9292  EHBOND  =         0.0000  RESTRAINT  =         0.0000
 ------------------------------------------------------------------------------


 NSTEP =    49500   TIME(PS) =    3139.000  TEMP(K) =   299.24  PRESS =     0.0
 Etot   =    -42038.5798  EKtot   =     10711.0537  EPtot      =    -52749.6335
 BOND   =       361.8461  ANGLE   =      1040.8723  DIHED      =      2166.9213
 1-4 NB =       451.1586  1-4 EEL =      6101.8452  VDWAALS    =      6386.4850
 EELEC  =    -69258.7620  EHBOND  =         0.0000  RESTRAINT  =         0.0000
 ------------------------------------------------------------------------------


 NSTEP =    50000   TIME(PS) =    3140.000  TEMP(K) =   300.82  PRESS =     0.0
 Etot   =    -41863.3921  EKtot   =     10767.5078  EPtot      =    -52630.8999
 BOND   =       362.5993  ANGLE   =      1016.2381  DIHED      =      2149.0144
 1-4 NB =       448.5978  1-4 EEL =      6095.3851  VDWAALS    =      6191.1733
 EELEC  =    -68893.9080  EHBOND  =         0.0000  RESTRAINT  =         0.0000
 ------------------------------------------------------------------------------


      A V E R A G E S   O V E R     100 S T E P S


 NSTEP =    50000   TIME(PS) =    3140.000  TEMP(K) =   300.65  PRESS =     0.0
 Etot   =    -41929.4297  EKtot   =     10761.5599  EPtot      =    -52690.9897
 BOND   =       354.1720  ANGLE   =      1023.7350  DIHED      =      2157.5505
 1-4 NB =       444.4511  1-4 EEL =      6092.9353  VDWAALS    =      6230.8368
 EELEC  =    -68994.6704  EHBOND  =         0.0000  RESTRAINT  =         0.0000
 ------------------------------------------------------------------------------


      R M S  F L U C T U A T I O N S


 NSTEP =    50000   TIME(PS) =    3140.000  TEMP(K) =     2.04  PRESS =     0.0
 Etot   =       129.2871  EKtot   =        72.8757  EPtot      =       101.7012
 BOND   =        15.2545  ANGLE   =        25.0193  DIHED      =        13.5201
 1-4 NB =         8.5104  1-4 EEL =        23.9530  VDWAALS    =       100.0518
 EELEC  =       157.5217  EHBOND  =         0.0000  RESTRAINT  =         0.0000
 ------------------------------------------------------------------------------

--------------------------------------------------------------------------------
   5.  TIMINGS
--------------------------------------------------------------------------------

|  NonSetup CPU Time in Major Routines:
|
|     Routine           Sec        %
|     ------------------------------
|     Nonbond           4.68    7.21
|     Bond              0.00    0.00
|     Angle             0.00    0.00
|     Dihedral          0.00    0.00
|     Shake             0.28    0.43
|     RunMD            59.96   92.26
|     Other             0.07    0.10
|     ------------------------------
|     Total            65.00

|  PME Nonbond Pairlist CPU Time:
|
|     Routine              Sec        %
|     ---------------------------------
|     Set Up Cit           0.00    0.00
|     Build List           0.00    0.00
|     ---------------------------------
|     Total                0.00    0.00

|  PME Direct Force CPU Time:
|
|     Routine              Sec        %
|     ---------------------------------
|     NonBonded Calc       0.00    0.00
|     Exclude Masked       0.00    0.00
|     Other                0.04    0.06
|     ---------------------------------
|     Total                0.04    0.06

|  PME Reciprocal Force CPU Time:
|
|     Routine              Sec        %
|     ---------------------------------
|     1D bspline           0.00    0.00
|     Grid Charges         0.00    0.00
|     Scalar Sum           0.00    0.00
|     Gradient Sum         0.00    0.00
|     FFT                  0.00    0.00
|     ---------------------------------
|     Total                0.00    0.00

|  Final Performance Info:
|     -----------------------------------------------------
|     Average timings for last    3000 steps:
|     Elapsed(s) =       3.90 Per Step(ms) =       1.30
|         ns/day =     132.98   seconds/ns =     649.73
|
|     Average timings for all steps:
|     Elapsed(s) =      65.01 Per Step(ms) =       1.30
|         ns/day =     132.91   seconds/ns =     650.07
|     -----------------------------------------------------

|  Setup CPU time:            0.46 seconds
|  NonSetup CPU time:        65.00 seconds
|  Total CPU time:           65.45 seconds     0.02 hours

|  Setup wall time:           0    seconds
|  NonSetup wall time:       65    seconds
|  Total wall time:          65    seconds     0.02 hours
