
          -------------------------------------------------------
          Amber 16 PMEMD                              2016
          -------------------------------------------------------

| PMEMD implementation of SANDER, Release 16

| Run on 07/03/2017 at 19:46:58

|   Executable path: pmemd
| Working directory: /home/german/obp/run/mu_apo/mhe/m
|          Hostname: Unknown
  [-O]verwriting output

File Assignments:
|   MDIN: min.in                                                                
|  MDOUT: min.out                                                               
| INPCRD: mu_apo.rst7                                                           
|   PARM: /home/german/obp/top_files/mu_apo.prmtop                              
| RESTRT: mmu_apo.rst7                                                          
|   REFC: mu_apo.rst7                                                           
|  MDVEL: mdvel                                                                 
|   MDEN: mden                                                                  
|  MDCRD: mmu_apo.crd                                                           
| MDINFO: mdinfo                                                                
|  MDFRC: mdfrc                                                                 


 Here is the input file:

Minimization with Cartesian restraints                                         
&cntrl                                                                         
imin=1,                                                                        
ntmin=1,                                ! Steepest Descent, then Conjugate Grad
ncyc=100,                               ! 100 steps of Steepest Descent        
maxcyc=500,                             ! 400 steps of Conjugate Gradient      
ntpr=5,                                                                        
ntr=1,                                  ! Use restraints                       
restraint_wt=100.0,                     ! 100 Kcal/mol                         
restraintmask=':1-119',                 ! Apply restraints on whole molecule. M
&end                                                                           


Note: ig = -1. Setting random seed to   653158 based on wallclock time in 
      microseconds.
 
 
| Conditional Compilation Defines Used:
| PUBFFT
| BINTRAJ
| EMIL

| Largest sphere to fit in unit cell has radius =    28.577

| New format PARM file being parsed.
| Version =    1.000 Date = 02/24/15 Time = 11:47:26

| Note: 1-4 EEL scale factors are being read from the topology file.

| Note: 1-4 VDW scale factors are being read from the topology file.
| Duplicated    0 dihedrals

| Duplicated    0 dihedrals

--------------------------------------------------------------------------------
   1.  RESOURCE   USE: 
--------------------------------------------------------------------------------

 getting new box info from bottom of inpcrd
 NATOM  =   18031 NTYPES =      17 NBONH =   17092 MBONA  =     943
 NTHETH =    2205 MTHETA =    1267 NPHIH =    4292 MPHIA  =    4346
 NHPARM =       0 NPARM  =       0 NNB   =   32012 NRES   =    5500
 NBONA  =     943 NTHETA =    1267 NPHIA =    4346 NUMBND =      60
 NUMANG =     134 NPTRA  =     240 NATYP =      33 NPHB   =       1
 IFBOX  =       1 NMXRS  =      24 IFCAP =       0 NEXTRA =       0
 NCOPY  =       0

| Coordinate Index Table dimensions:    13   15   12
| Direct force subcell size =     4.6400    4.5373    4.7628

     BOX TYPE: RECTILINEAR

--------------------------------------------------------------------------------
   2.  CONTROL  DATA  FOR  THE  RUN
--------------------------------------------------------------------------------

default_name                                                                    

General flags:
     imin    =       1, nmropt  =       0

Nature and format of input:
     ntx     =       1, irest   =       0, ntrx    =       1

Nature and format of output:
     ntxo    =       2, ntpr    =       5, ntrx    =       1, ntwr    =       1
     iwrap   =       0, ntwx    =       0, ntwv    =       0, ntwe    =       0
     ioutfm  =       1, ntwprt  =       0, idecomp =       0, rbornstat=      0

Potential function:
     ntf     =       1, ntb     =       1, igb     =       0, nsnb    =      25
     ipol    =       0, gbsa    =       0, iesp    =       0
     dielc   =   1.00000, cut     =   8.00000, intdiel =   1.00000

Frozen or restrained atoms:
     ibelly  =       0, ntr     =       1
     restraint_wt = 100.00000

Energy minimization:
     maxcyc  =     500, ncyc    =     100, ntmin   =       1
     dx0     =   0.01000, drms    =   0.00010

| Intermolecular bonds treatment:
|     no_intermolecular_bonds =       1

| Energy averages sample interval:
|     ene_avg_sampling =       1

Ewald parameters:
     verbose =       0, ew_type =       0, nbflag  =       1, use_pme =       1
     vdwmeth =       1, eedmeth =       1, netfrc  =       0
     Box X =   60.320   Box Y =   68.060   Box Z =   57.153
     Alpha =   90.000   Beta  =   90.000   Gamma =   90.000
     NFFT1 =   64       NFFT2 =   72       NFFT3 =   60
     Cutoff=    8.000   Tol   =0.100E-04
     Ewald Coefficient =  0.34864
     Interpolation order =    4

    LOADING THE CONSTRAINED ATOMS AS GROUPS


   5.  REFERENCE ATOM COORDINATES

  default_name                                                                    
     Mask :1-119; matches  1894 atoms

--------------------------------------------------------------------------------
   3.  ATOMIC COORDINATES AND VELOCITIES
--------------------------------------------------------------------------------

default_name                                                                    
 begin time read from input coords =     0.000 ps

 
 Number of triangulated 3-point waters found:     5378

     Sum of charges from parm topology file =  -0.00000006
     Forcing neutrality...

| Dynamic Memory, Types Used:
| Reals              594507
| Integers           587561

| Nonbonded Pairs Initial Allocation:     3011627

--------------------------------------------------------------------------------
   4.  RESULTS
--------------------------------------------------------------------------------

 ---------------------------------------------------
 APPROXIMATING switch and d/dx switch using CUBIC SPLINE INTERPOLATION
 using   5000.0 points per unit in tabled values
 TESTING RELATIVE ERROR over r ranging from 0.0 to cutoff
| CHECK switch(x): max rel err =   0.2738E-14   at   2.422500
| CHECK d/dx switch(x): max rel err =   0.8332E-11   at   2.782960
 ---------------------------------------------------
|---------------------------------------------------
| APPROXIMATING direct energy using CUBIC SPLINE INTERPOLATION
|  with   50.0 points per unit in tabled values
| Relative Error Limit not exceeded for r .gt.   2.47
| APPROXIMATING direct force using CUBIC SPLINE INTERPOLATION
|  with   50.0 points per unit in tabled values
| Relative Error Limit not exceeded for r .gt.   2.89
|---------------------------------------------------


   NSTEP       ENERGY          RMS            GMAX         NAME    NUMBER
      1      -4.3944E+04     5.0927E+01     4.2012E+03     SG        688

 BOND    =      152.1428  ANGLE   =      270.9629  DIHED      =     2104.2624
 VDWAALS =     6773.1296  EEL     =   -60141.7503  HBOND      =        0.0000
 1-4 VDW =      443.5830  1-4 EEL =     6454.1295  RESTRAINT  =        0.0000


   NSTEP       ENERGY          RMS            GMAX         NAME    NUMBER
      5      -4.4601E+04     3.7751E+01     3.0121E+03     SG        688

 BOND    =      149.9305  ANGLE   =      270.0160  DIHED      =     2104.2031
 VDWAALS =     6159.0895  EEL     =   -60182.7327  HBOND      =        0.0000
 1-4 VDW =      443.5309  1-4 EEL =     6454.1241  RESTRAINT  =        0.3884
 EAMBER  =   -44601.8386


   NSTEP       ENERGY          RMS            GMAX         NAME    NUMBER
     10      -4.5752E+04     1.9172E+01     1.2807E+03     SG       1522

 BOND    =      146.8293  ANGLE   =      266.4641  DIHED      =     2103.8301
 VDWAALS =     5198.2791  EEL     =   -60370.4404  HBOND      =        0.0000
 1-4 VDW =      443.3357  1-4 EEL =     6453.9770  RESTRAINT  =        5.3417
 EAMBER  =   -45757.7252


   NSTEP       ENERGY          RMS            GMAX         NAME    NUMBER
     15      -4.7141E+04     9.7748E+00     3.1208E+02     SG       1522

 BOND    =      252.5996  ANGLE   =      252.6576  DIHED      =     2101.7133
 VDWAALS =     4550.4356  EEL     =   -61222.1501  HBOND      =        0.0000
 1-4 VDW =      442.6247  1-4 EEL =     6452.5299  RESTRAINT  =       28.1204
 EAMBER  =   -47169.5894


   NSTEP       ENERGY          RMS            GMAX         NAME    NUMBER
     20      -4.8970E+04     4.9224E+00     4.6445E+01     SG       1522

 BOND    =     1176.9744  ANGLE   =      225.0446  DIHED      =     2096.0465
 VDWAALS =     4201.5088  EEL     =   -63633.9805  HBOND      =        0.0000
 1-4 VDW =      440.8276  1-4 EEL =     6443.1651  RESTRAINT  =       80.3000
 EAMBER  =   -49050.4135


   NSTEP       ENERGY          RMS            GMAX         NAME    NUMBER
     25      -5.1119E+04     2.5994E+00     2.6943E+01     Na+      1896

 BOND    =     2616.3246  ANGLE   =      200.3922  DIHED      =     2091.6873
 VDWAALS =     4009.8674  EEL     =   -67039.3504  HBOND      =        0.0000
 1-4 VDW =      437.8485  1-4 EEL =     6410.7951  RESTRAINT  =      153.4276
 EAMBER  =   -51272.4354


   NSTEP       ENERGY          RMS            GMAX         NAME    NUMBER
     30      -5.3008E+04     3.3712E+00     7.4135E+01     CD        394

 BOND    =     3166.8164  ANGLE   =      199.0822  DIHED      =     2090.4297
 VDWAALS =     4052.2548  EEL     =   -69533.0926  HBOND      =        0.0000
 1-4 VDW =      436.2183  1-4 EEL =     6402.1605  RESTRAINT  =      178.1674
 EAMBER  =   -53186.1307


   NSTEP       ENERGY          RMS            GMAX         NAME    NUMBER
     35      -5.3429E+04     6.5517E+00     1.9824E+02     CD        394

 BOND    =     3948.0869  ANGLE   =      207.3438  DIHED      =     2090.1815
 VDWAALS =     4090.9009  EEL     =   -70787.8430  HBOND      =        0.0000
 1-4 VDW =      435.7499  1-4 EEL =     6403.8780  RESTRAINT  =      182.6538
 EAMBER  =   -53611.7019


   NSTEP       ENERGY          RMS            GMAX         NAME    NUMBER
     40      -5.3982E+04     6.8097E+00     1.3279E+02     CD        394

 BOND    =     4104.7039  ANGLE   =      202.9442  DIHED      =     2089.9206
 VDWAALS =     4142.5286  EEL     =   -71541.0245  HBOND      =        0.0000
 1-4 VDW =      435.7249  1-4 EEL =     6401.6313  RESTRAINT  =      181.5134
 EAMBER  =   -54163.5711


   NSTEP       ENERGY          RMS            GMAX         NAME    NUMBER
     45      -5.4794E+04     2.3996E+00     2.7792E+01     Na+      1897

 BOND    =     2719.2989  ANGLE   =      195.4353  DIHED      =     2089.9417
 VDWAALS =     4206.2500  EEL     =   -71020.1734  HBOND      =        0.0000
 1-4 VDW =      435.9617  1-4 EEL =     6400.2624  RESTRAINT  =      179.3710
 EAMBER  =   -54973.0234


   NSTEP       ENERGY          RMS            GMAX         NAME    NUMBER
     50      -5.5189E+04     1.8306E+00     2.5691E+01     Na+      1896

 BOND    =     2824.5754  ANGLE   =      195.6400  DIHED      =     2089.8899
 VDWAALS =     4256.2371  EEL     =   -71570.8234  HBOND      =        0.0000
 1-4 VDW =      435.9261  1-4 EEL =     6400.3616  RESTRAINT  =      179.4596
 EAMBER  =   -55368.1932


   NSTEP       ENERGY          RMS            GMAX         NAME    NUMBER
     55      -5.5553E+04     1.9109E+00     3.7202E+01     CG       1387

 BOND    =     2841.3108  ANGLE   =      196.0288  DIHED      =     2089.7732
 VDWAALS =     4313.0884  EEL     =   -72008.5910  HBOND      =        0.0000
 1-4 VDW =      435.8223  1-4 EEL =     6400.1216  RESTRAINT  =      179.3157
 EAMBER  =   -55732.4460


   NSTEP       ENERGY          RMS            GMAX         NAME    NUMBER
     60      -5.5810E+04     3.2494E+00     2.7499E+01     CD        394

 BOND    =     2707.7211  ANGLE   =      195.7544  DIHED      =     2089.7584
 VDWAALS =     4370.6229  EEL     =   -72189.5076  HBOND      =        0.0000
 1-4 VDW =      435.8251  1-4 EEL =     6400.1822  RESTRAINT  =      179.2293
 EAMBER  =   -55989.6436


   NSTEP       ENERGY          RMS            GMAX         NAME    NUMBER
     65      -5.6089E+04     3.5080E+00     2.7705E+01     NE2       396

 BOND    =     2709.9474  ANGLE   =      195.9303  DIHED      =     2089.6941
 VDWAALS =     4429.3450  EEL     =   -72529.1805  HBOND      =        0.0000
 1-4 VDW =      435.7938  1-4 EEL =     6400.1405  RESTRAINT  =      179.2595
 EAMBER  =   -56268.3294


   NSTEP       ENERGY          RMS            GMAX         NAME    NUMBER
     70      -5.6324E+04     3.8971E+00     2.9669E+01     NE2       396

 BOND    =     2702.2534  ANGLE   =      196.2107  DIHED      =     2089.6863
 VDWAALS =     4487.6316  EEL     =   -72814.9462  HBOND      =        0.0000
 1-4 VDW =      435.7712  1-4 EEL =     6400.1153  RESTRAINT  =      179.3656
 EAMBER  =   -56503.2778


   NSTEP       ENERGY          RMS            GMAX         NAME    NUMBER
     75      -5.6541E+04     3.6431E+00     2.2545E+01     NE2       396

 BOND    =     2739.5263  ANGLE   =      196.2481  DIHED      =     2089.6534
 VDWAALS =     4537.2672  EEL     =   -73119.1914  HBOND      =        0.0000
 1-4 VDW =      435.7621  1-4 EEL =     6400.0943  RESTRAINT  =      179.2986
 EAMBER  =   -56720.6400


   NSTEP       ENERGY          RMS            GMAX         NAME    NUMBER
     80      -5.6852E+04     1.0658E+00     1.6571E+01     Na+      1896

 BOND    =     3201.1434  ANGLE   =      196.5200  DIHED      =     2089.6327
 VDWAALS =     4591.4122  EEL     =   -73945.4690  HBOND      =        0.0000
 1-4 VDW =      435.7745  1-4 EEL =     6400.1376  RESTRAINT  =      179.3334
 EAMBER  =   -57030.8487


   NSTEP       ENERGY          RMS            GMAX         NAME    NUMBER
     85      -5.6939E+04     3.9190E+00     2.4717E+01     CD        752

 BOND    =     2758.8358  ANGLE   =      196.4585  DIHED      =     2089.6275
 VDWAALS =     4654.2397  EEL     =   -73653.6529  HBOND      =        0.0000
 1-4 VDW =      435.7991  1-4 EEL =     6400.2875  RESTRAINT  =      179.2645
 EAMBER  =   -57118.4047


   NSTEP       ENERGY          RMS            GMAX         NAME    NUMBER
     90      -5.7241E+04     1.1889E+00     1.1435E+01     Na+      1896

 BOND    =     3298.8507  ANGLE   =      196.5090  DIHED      =     2089.6087
 VDWAALS =     4711.4651  EEL     =   -74553.0188  HBOND      =        0.0000
 1-4 VDW =      435.8479  1-4 EEL =     6400.4158  RESTRAINT  =      179.1138
 EAMBER  =   -57420.3217


   NSTEP       ENERGY          RMS            GMAX         NAME    NUMBER
     95      -5.7394E+04     9.4117E-01     1.0238E+01     Na+      1895

 BOND    =     3248.3229  ANGLE   =      196.3669  DIHED      =     2089.6034
 VDWAALS =     4761.7019  EEL     =   -74705.2083  HBOND      =        0.0000
 1-4 VDW =      435.8888  1-4 EEL =     6400.5536  RESTRAINT  =      178.9928
 EAMBER  =   -57572.7709


   NSTEP       ENERGY          RMS            GMAX         NAME    NUMBER
    100      -5.7561E+04     9.3405E-01     9.7706E+00     Na+      1895

 BOND    =     3275.6128  ANGLE   =      196.2833  DIHED      =     2089.5930
 VDWAALS =     4821.2963  EEL     =   -74959.7376  HBOND      =        0.0000
 1-4 VDW =      435.9293  1-4 EEL =     6400.6729  RESTRAINT  =      178.8624
 EAMBER  =   -57740.3500


   NSTEP       ENERGY          RMS            GMAX         NAME    NUMBER
    105      -5.7661E+04     1.0699E+00     9.5076E+00     Na+      1895

 BOND    =     3332.7478  ANGLE   =      196.2734  DIHED      =     2089.5897
 VDWAALS =     4858.9911  EEL     =   -75154.0374  HBOND      =        0.0000
 1-4 VDW =      435.9510  1-4 EEL =     6400.7305  RESTRAINT  =      178.8106
 EAMBER  =   -57839.7538


   NSTEP       ENERGY          RMS            GMAX         NAME    NUMBER
    110      -5.8917E+04     6.8691E+00     1.4986E+02     O        7799

 BOND    =     4659.5843  ANGLE   =      199.1749  DIHED      =     2089.8095
 VDWAALS =     5974.1786  EEL     =   -78858.0439  HBOND      =        0.0000
 1-4 VDW =      436.4455  1-4 EEL =     6401.9994  RESTRAINT  =      180.0606
 EAMBER  =   -59096.8517


   NSTEP       ENERGY          RMS            GMAX         NAME    NUMBER
    115      -5.9538E+04     1.1236E+00     1.7179E+01     O        6221

 BOND    =     3541.6030  ANGLE   =      194.8242  DIHED      =     2089.7140
 VDWAALS =     6142.0077  EEL     =   -78523.1828  HBOND      =        0.0000
 1-4 VDW =      436.5305  1-4 EEL =     6401.6404  RESTRAINT  =      179.1589
 EAMBER  =   -59716.8630


   NSTEP       ENERGY          RMS            GMAX         NAME    NUMBER
    120      -5.9942E+04     7.8678E+00     2.0446E+02     H1       1899

 BOND    =     4860.8144  ANGLE   =      203.6572  DIHED      =     2090.2400
 VDWAALS =     7042.1747  EEL     =   -81163.2587  HBOND      =        0.0000
 1-4 VDW =      435.9299  1-4 EEL =     6397.3017  RESTRAINT  =      191.3152
 EAMBER  =   -60133.1409


   NSTEP       ENERGY          RMS            GMAX         NAME    NUMBER
    125      -6.0583E+04     1.5915E+00     5.4611E+01     CD        752

 BOND    =     3820.5850  ANGLE   =      199.7171  DIHED      =     2090.0128
 VDWAALS =     7247.5743  EEL     =   -80963.4536  HBOND      =        0.0000
 1-4 VDW =      435.6963  1-4 EEL =     6397.1485  RESTRAINT  =      189.8241
 EAMBER  =   -60772.7197


   NSTEP       ENERGY          RMS            GMAX         NAME    NUMBER
    130      -6.0585E+04     1.5526E+00     5.1482E+01     CD        752

 BOND    =     3821.4939  ANGLE   =      199.6739  DIHED      =     2090.0078
 VDWAALS =     7247.4630  EEL     =   -80966.1430  HBOND      =        0.0000
 1-4 VDW =      435.6954  1-4 EEL =     6397.1596  RESTRAINT  =      189.7396
 EAMBER  =   -60774.6495


   NSTEP       ENERGY          RMS            GMAX         NAME    NUMBER
    135      -6.0771E+04     2.1826E+00     1.2508E+02     CD        752

 BOND    =     3784.4040  ANGLE   =      195.6982  DIHED      =     2089.5007
 VDWAALS =     7227.6769  EEL     =   -81085.7195  HBOND      =        0.0000
 1-4 VDW =      436.1610  1-4 EEL =     6401.5770  RESTRAINT  =      179.9562
 EAMBER  =   -60950.7016


   NSTEP       ENERGY          RMS            GMAX         NAME    NUMBER
    140      -6.1018E+04     1.9780E+00     1.2005E+02     CD        752

 BOND    =     3918.4515  ANGLE   =      195.0652  DIHED      =     2089.8392
 VDWAALS =     7284.8349  EEL     =   -81540.1300  HBOND      =        0.0000
 1-4 VDW =      438.2560  1-4 EEL =     6406.2536  RESTRAINT  =      189.6139
 EAMBER  =   -61207.4296


   NSTEP       ENERGY          RMS            GMAX         NAME    NUMBER
    145      -6.1193E+04     2.0505E+00     9.1586E+01     CD       1249

 BOND    =     3906.0701  ANGLE   =      196.8535  DIHED      =     2090.0508
 VDWAALS =     7347.8782  EEL     =   -81772.3586  HBOND      =        0.0000
 1-4 VDW =      439.0496  1-4 EEL =     6405.5946  RESTRAINT  =      194.0843
 EAMBER  =   -61386.8619


   NSTEP       ENERGY          RMS            GMAX         NAME    NUMBER
    150      -6.1443E+04     1.3752E+00     3.4175E+01     OE1       522

 BOND    =     3880.0553  ANGLE   =      195.7210  DIHED      =     2089.7189
 VDWAALS =     7539.5685  EEL     =   -82181.2041  HBOND      =        0.0000
 1-4 VDW =      437.2812  1-4 EEL =     6403.6888  RESTRAINT  =      192.0890
 EAMBER  =   -61635.1705


   NSTEP       ENERGY          RMS            GMAX         NAME    NUMBER
    155      -6.1446E+04     1.3363E+00     3.2529E+01     OE1       522

 BOND    =     3880.7376  ANGLE   =      195.6675  DIHED      =     2089.7158
 VDWAALS =     7539.1632  EEL     =   -82184.0469  HBOND      =        0.0000
 1-4 VDW =      437.2806  1-4 EEL =     6403.6730  RESTRAINT  =      191.9385
 EAMBER  =   -61637.8092


   NSTEP       ENERGY          RMS            GMAX         NAME    NUMBER
    160      -6.1696E+04     3.5622E+00     3.5505E+02     CD        521

 BOND    =     4070.4938  ANGLE   =      203.8206  DIHED      =     2089.7007
 VDWAALS =     7445.8876  EEL     =   -82530.8537  HBOND      =        0.0000
 1-4 VDW =      436.3559  1-4 EEL =     6399.7070  RESTRAINT  =      189.3216
 EAMBER  =   -61884.8882


   NSTEP       ENERGY          RMS            GMAX         NAME    NUMBER
    165      -6.1835E+04     1.0356E+00     5.7267E+01     CD        521

 BOND    =     3934.2480  ANGLE   =      197.4434  DIHED      =     2089.4260
 VDWAALS =     7476.4993  EEL     =   -82554.5286  HBOND      =        0.0000
 1-4 VDW =      435.4843  1-4 EEL =     6399.4005  RESTRAINT  =      186.5592
 EAMBER  =   -62022.0271


   NSTEP       ENERGY          RMS            GMAX         NAME    NUMBER
    170      -6.2022E+04     1.3774E+00     8.1869E+01     HB3       572

 BOND    =     3964.7873  ANGLE   =      206.9399  DIHED      =     2089.8765
 VDWAALS =     7709.6114  EEL     =   -83023.2233  HBOND      =        0.0000
 1-4 VDW =      435.6755  1-4 EEL =     6399.6534  RESTRAINT  =      194.4504
 EAMBER  =   -62216.6792


   NSTEP       ENERGY          RMS            GMAX         NAME    NUMBER
    175      -6.2174E+04     1.3719E+00     6.0497E+01     H2       4486

 BOND    =     4143.4038  ANGLE   =      199.8704  DIHED      =     2089.8225
 VDWAALS =     8053.4979  EEL     =   -83689.9372  HBOND      =        0.0000
 1-4 VDW =      436.5200  1-4 EEL =     6399.8397  RESTRAINT  =      193.3653
 EAMBER  =   -62366.9829


   NSTEP       ENERGY          RMS            GMAX         NAME    NUMBER
    180      -6.2176E+04     1.3192E+00     5.4981E+01     H2       4486

 BOND    =     4139.0912  ANGLE   =      199.7761  DIHED      =     2089.8129
 VDWAALS =     8053.2677  EEL     =   -83687.8363  HBOND      =        0.0000
 1-4 VDW =      436.5138  1-4 EEL =     6399.8506  RESTRAINT  =      193.0987
 EAMBER  =   -62369.5238


   NSTEP       ENERGY          RMS            GMAX         NAME    NUMBER
    185      -6.2300E+04     1.2494E+00     9.4482E+01     CG        471

 BOND    =     3988.1644  ANGLE   =      196.7933  DIHED      =     2089.2738
 VDWAALS =     8039.2027  EEL     =   -83630.5865  HBOND      =        0.0000
 1-4 VDW =      435.8633  1-4 EEL =     6400.8841  RESTRAINT  =      180.5258
 EAMBER  =   -62480.4049


   NSTEP       ENERGY          RMS            GMAX         NAME    NUMBER
    190      -6.2389E+04     1.0368E+00     4.3488E+01     CG        471

 BOND    =     4104.0192  ANGLE   =      198.7721  DIHED      =     2089.6695
 VDWAALS =     8090.4333  EEL     =   -83900.6164  HBOND      =        0.0000
 1-4 VDW =      435.7328  1-4 EEL =     6400.5635  RESTRAINT  =      192.8529
 EAMBER  =   -62581.4262


   NSTEP       ENERGY          RMS            GMAX         NAME    NUMBER
    195      -6.2488E+04     3.0692E+00     1.8573E+02     CD         63

 BOND    =     4087.4075  ANGLE   =      212.1742  DIHED      =     2091.1553
 VDWAALS =     8273.6964  EEL     =   -84199.6792  HBOND      =        0.0000
 1-4 VDW =      437.7776  1-4 EEL =     6401.6642  RESTRAINT  =      207.6715
 EAMBER  =   -62695.8039


   NSTEP       ENERGY          RMS            GMAX         NAME    NUMBER
    200      -6.2637E+04     1.6779E+00     8.9756E+01     CD         63

 BOND    =     4093.7721  ANGLE   =      201.1559  DIHED      =     2090.0695
 VDWAALS =     8349.5573  EEL     =   -84415.1550  HBOND      =        0.0000
 1-4 VDW =      437.4947  1-4 EEL =     6402.4940  RESTRAINT  =      203.7588
 EAMBER  =   -62840.6114


   NSTEP       ENERGY          RMS            GMAX         NAME    NUMBER
    205      -6.2641E+04     1.5971E+00     8.3515E+01     OD1       472

 BOND    =     4091.3590  ANGLE   =      200.8963  DIHED      =     2090.0544
 VDWAALS =     8349.8431  EEL     =   -84415.9165  HBOND      =        0.0000
 1-4 VDW =      437.4729  1-4 EEL =     6402.4658  RESTRAINT  =      203.2969
 EAMBER  =   -62843.8250


   NSTEP       ENERGY          RMS            GMAX         NAME    NUMBER
    210      -6.2729E+04     1.0502E+00     7.7039E+01     CG        471

 BOND    =     4187.2970  ANGLE   =      198.9854  DIHED      =     2089.6941
 VDWAALS =     8374.7824  EEL     =   -84598.3376  HBOND      =        0.0000
 1-4 VDW =      436.1568  1-4 EEL =     6400.6269  RESTRAINT  =      181.6121
 EAMBER  =   -62910.7950


   NSTEP       ENERGY          RMS            GMAX         NAME    NUMBER
    215      -6.2798E+04     1.0039E+00     4.2320E+01     OE1       522

 BOND    =     4145.9633  ANGLE   =      199.0470  DIHED      =     2089.8598
 VDWAALS =     8427.2869  EEL     =   -84686.0042  HBOND      =        0.0000
 1-4 VDW =      435.0692  1-4 EEL =     6400.0128  RESTRAINT  =      190.9158
 EAMBER  =   -62988.7653


   NSTEP       ENERGY          RMS            GMAX         NAME    NUMBER
    220      -6.2949E+04     1.5937E+00     1.1104E+02     CG        573

 BOND    =     4211.5263  ANGLE   =      203.0261  DIHED      =     2090.2332
 VDWAALS =     8639.5800  EEL     =   -85120.0852  HBOND      =        0.0000
 1-4 VDW =      436.9218  1-4 EEL =     6401.3212  RESTRAINT  =      188.2074
 EAMBER  =   -63137.4765


   NSTEP       ENERGY          RMS            GMAX         NAME    NUMBER
    225      -6.3042E+04     1.2835E+00     5.8624E+01     CB        570

 BOND    =     4250.1393  ANGLE   =      202.3838  DIHED      =     2090.0376
 VDWAALS =     8811.6522  EEL     =   -85424.3531  HBOND      =        0.0000
 1-4 VDW =      437.1654  1-4 EEL =     6400.7545  RESTRAINT  =      189.9629
 EAMBER  =   -63232.2203


   NSTEP       ENERGY          RMS            GMAX         NAME    NUMBER
    230      -6.3045E+04     1.2314E+00     5.5442E+01     CB        570

 BOND    =     4247.5571  ANGLE   =      202.0961  DIHED      =     2090.0076
 VDWAALS =     8811.3880  EEL     =   -85423.6570  HBOND      =        0.0000
 1-4 VDW =      437.1503  1-4 EEL =     6400.7585  RESTRAINT  =      189.6427
 EAMBER  =   -63234.6994


   NSTEP       ENERGY          RMS            GMAX         NAME    NUMBER
    235      -6.3166E+04     1.1101E+00     3.9193E+01     CD        521

 BOND    =     4212.7845  ANGLE   =      198.6176  DIHED      =     2089.8366
 VDWAALS =     8802.5417  EEL     =   -85487.9505  HBOND      =        0.0000
 1-4 VDW =      435.4432  1-4 EEL =     6400.7753  RESTRAINT  =      181.8774
 EAMBER  =   -63347.9516


   NSTEP       ENERGY          RMS            GMAX         NAME    NUMBER
    240      -6.3236E+04     1.0326E+00     5.8716E+01     C        1775

 BOND    =     4252.5983  ANGLE   =      200.9734  DIHED      =     2090.0650
 VDWAALS =     8844.1476  EEL     =   -85648.8030  HBOND      =        0.0000
 1-4 VDW =      435.0361  1-4 EEL =     6399.7710  RESTRAINT  =      190.3168
 EAMBER  =   -63426.2115


   NSTEP       ENERGY          RMS            GMAX         NAME    NUMBER
    245      -6.3326E+04     1.1194E+00     6.9760E+01     CB        570

 BOND    =     4257.6810  ANGLE   =      199.0825  DIHED      =     2089.5216
 VDWAALS =     8918.8610  EEL     =   -85818.3432  HBOND      =        0.0000
 1-4 VDW =      437.2131  1-4 EEL =     6401.2419  RESTRAINT  =      189.1079
 EAMBER  =   -63514.7421


   NSTEP       ENERGY          RMS            GMAX         NAME    NUMBER
    250      -6.3391E+04     1.6149E+00     1.1087E+02     CG        471

 BOND    =     4257.3661  ANGLE   =      203.7586  DIHED      =     2091.2862
 VDWAALS =     8979.8318  EEL     =   -85957.9948  HBOND      =        0.0000
 1-4 VDW =      437.2084  1-4 EEL =     6402.7480  RESTRAINT  =      194.7196
 EAMBER  =   -63585.7957


   NSTEP       ENERGY          RMS            GMAX         NAME    NUMBER
    255      -6.3395E+04     1.4994E+00     1.0325E+02     CG        471

 BOND    =     4254.7841  ANGLE   =      203.0933  DIHED      =     2091.2122
 VDWAALS =     8980.1857  EEL     =   -85958.7424  HBOND      =        0.0000
 1-4 VDW =      437.1925  1-4 EEL =     6402.7292  RESTRAINT  =      194.1964
 EAMBER  =   -63589.5453


   NSTEP       ENERGY          RMS            GMAX         NAME    NUMBER
    260      -6.3457E+04     8.2100E-01     6.0773E+01     OD2       473

 BOND    =     4298.6336  ANGLE   =      198.3189  DIHED      =     2089.8135
 VDWAALS =     9000.7670  EEL     =   -86062.1125  HBOND      =        0.0000
 1-4 VDW =      436.3092  1-4 EEL =     6401.2204  RESTRAINT  =      180.5402
 EAMBER  =   -63637.0500


   NSTEP       ENERGY          RMS            GMAX         NAME    NUMBER
    265      -6.3498E+04     9.1254E-01     5.0152E+01     CG        573

 BOND    =     4274.7373  ANGLE   =      200.5338  DIHED      =     2089.8930
 VDWAALS =     9044.4802  EEL     =   -86130.4490  HBOND      =        0.0000
 1-4 VDW =      435.2833  1-4 EEL =     6399.8484  RESTRAINT  =      187.6660
 EAMBER  =   -63685.6730


   NSTEP       ENERGY          RMS            GMAX         NAME    NUMBER
    270      -6.3679E+04     1.4666E+00     8.3019E+01     CB        468

 BOND    =     4370.5242  ANGLE   =      206.2343  DIHED      =     2092.6930
 VDWAALS =     9271.6697  EEL     =   -86650.6017  HBOND      =        0.0000
 1-4 VDW =      435.6564  1-4 EEL =     6399.9720  RESTRAINT  =      194.4164
 EAMBER  =   -63873.8521


   NSTEP       ENERGY          RMS            GMAX         NAME    NUMBER
    275      -6.3849E+04     1.4045E+00     6.2329E+01     C        1775

 BOND    =     4411.4808  ANGLE   =      202.5792  DIHED      =     2089.9397
 VDWAALS =     9636.9281  EEL     =   -87216.2849  HBOND      =        0.0000
 1-4 VDW =      436.2882  1-4 EEL =     6399.3350  RESTRAINT  =      190.8494
 EAMBER  =   -64039.7338


   NSTEP       ENERGY          RMS            GMAX         NAME    NUMBER
    280      -6.3852E+04     1.3529E+00     5.7031E+01     Na+      1895

 BOND    =     4410.1902  ANGLE   =      202.3447  DIHED      =     2089.9186
 VDWAALS =     9636.6706  EEL     =   -87217.0761  HBOND      =        0.0000
 1-4 VDW =      436.2735  1-4 EEL =     6399.3612  RESTRAINT  =      190.5914
 EAMBER  =   -64042.3174


   NSTEP       ENERGY          RMS            GMAX         NAME    NUMBER
    285      -6.4024E+04     1.3590E+00     8.7994E+01     CG        471

 BOND    =     4396.7562  ANGLE   =      202.2943  DIHED      =     2089.9977
 VDWAALS =     9602.3946  EEL     =   -87337.2683  HBOND      =        0.0000
 1-4 VDW =      435.5810  1-4 EEL =     6400.8484  RESTRAINT  =      185.6044
 EAMBER  =   -64209.3961


   NSTEP       ENERGY          RMS            GMAX         NAME    NUMBER
    290      -6.4101E+04     9.5280E-01     5.9426E+01     C        1775

 BOND    =     4413.3550  ANGLE   =      201.3334  DIHED      =     2089.9939
 VDWAALS =     9625.2600  EEL     =   -87454.9941  HBOND      =        0.0000
 1-4 VDW =      435.6573  1-4 EEL =     6400.7093  RESTRAINT  =      187.4823
 EAMBER  =   -64288.6853


   NSTEP       ENERGY          RMS            GMAX         NAME    NUMBER
    295      -6.4161E+04     5.1675E-01     2.4189E+01     CG        471

 BOND    =     4409.3692  ANGLE   =      197.1149  DIHED      =     2089.5734
 VDWAALS =     9649.5226  EEL     =   -87525.3425  HBOND      =        0.0000
 1-4 VDW =      436.5394  1-4 EEL =     6401.1404  RESTRAINT  =      181.5226
 EAMBER  =   -64342.0826


   NSTEP       ENERGY          RMS            GMAX         NAME    NUMBER
    300      -6.4207E+04     1.0710E+00     5.8608E+01     CG        573

 BOND    =     4421.3633  ANGLE   =      203.0203  DIHED      =     2090.5237
 VDWAALS =     9703.1635  EEL     =   -87652.5621  HBOND      =        0.0000
 1-4 VDW =      436.4758  1-4 EEL =     6401.2351  RESTRAINT  =      190.0865
 EAMBER  =   -64396.7804


   NSTEP       ENERGY          RMS            GMAX         NAME    NUMBER
    305      -6.4209E+04     9.9879E-01     5.0116E+01     CG        573

 BOND    =     4419.9424  ANGLE   =      202.5586  DIHED      =     2090.4431
 VDWAALS =     9703.3896  EEL     =   -87652.8810  HBOND      =        0.0000
 1-4 VDW =      436.4647  1-4 EEL =     6401.2155  RESTRAINT  =      189.6311
 EAMBER  =   -64398.8670


   NSTEP       ENERGY          RMS            GMAX         NAME    NUMBER
    310      -6.4251E+04     4.6531E-01     2.3823E+01     CG        573

 BOND    =     4443.6684  ANGLE   =      197.8352  DIHED      =     2089.5036
 VDWAALS =     9713.8278  EEL     =   -87712.5275  HBOND      =        0.0000
 1-4 VDW =      436.1399  1-4 EEL =     6401.2637  RESTRAINT  =      179.6567
 EAMBER  =   -64430.2890


   NSTEP       ENERGY          RMS            GMAX         NAME    NUMBER
    315      -6.4283E+04     8.3386E-01     4.0699E+01     CD       1467

 BOND    =     4432.9447  ANGLE   =      198.3103  DIHED      =     2089.8290
 VDWAALS =     9753.4851  EEL     =   -87780.6629  HBOND      =        0.0000
 1-4 VDW =      435.7780  1-4 EEL =     6401.4699  RESTRAINT  =      185.9001
 EAMBER  =   -64468.8458


   NSTEP       ENERGY          RMS            GMAX         NAME    NUMBER
    320      -6.4445E+04     1.4805E+00     5.4512E+01     C        1775

 BOND    =     4550.9860  ANGLE   =      209.1003  DIHED      =     2092.9876
 VDWAALS =     9990.7852  EEL     =   -88325.8931  HBOND      =        0.0000
 1-4 VDW =      436.4438  1-4 EEL =     6401.4180  RESTRAINT  =      199.0859
 EAMBER  =   -64644.1720


   NSTEP       ENERGY          RMS            GMAX         NAME    NUMBER
    325      -6.4623E+04     1.5555E+00     9.9208E+01     C        1775

 BOND    =     4606.1491  ANGLE   =      205.6708  DIHED      =     2089.7644
 VDWAALS =    10358.6207  EEL     =   -88912.0680  HBOND      =        0.0000
 1-4 VDW =      437.1708  1-4 EEL =     6400.5638  RESTRAINT  =      191.2827
 EAMBER  =   -64814.1283


   NSTEP       ENERGY          RMS            GMAX         NAME    NUMBER
    330      -6.4626E+04     1.5025E+00     9.2027E+01     C        1775

 BOND    =     4603.1203  ANGLE   =      205.3077  DIHED      =     2089.7412
 VDWAALS =    10358.4669  EEL     =   -88910.9537  HBOND      =        0.0000
 1-4 VDW =      437.1476  1-4 EEL =     6400.5731  RESTRAINT  =      191.0154
 EAMBER  =   -64816.5969


   NSTEP       ENERGY          RMS            GMAX         NAME    NUMBER
    335      -6.4776E+04     1.3017E+00     6.6055E+01     CG        573

 BOND    =     4558.0005  ANGLE   =      198.0584  DIHED      =     2090.5993
 VDWAALS =    10322.2009  EEL     =   -88964.6818  HBOND      =        0.0000
 1-4 VDW =      435.8742  1-4 EEL =     6400.3383  RESTRAINT  =      183.4477
 EAMBER  =   -64959.6102


   NSTEP       ENERGY          RMS            GMAX         NAME    NUMBER
    340      -6.4847E+04     9.0492E-01     4.4966E+01     CG        573

 BOND    =     4580.6306  ANGLE   =      198.0997  DIHED      =     2090.1235
 VDWAALS =    10328.8123  EEL     =   -89067.0854  HBOND      =        0.0000
 1-4 VDW =      435.4215  1-4 EEL =     6400.2747  RESTRAINT  =      186.9107
 EAMBER  =   -65033.7232


   NSTEP       ENERGY          RMS            GMAX         NAME    NUMBER
    345      -6.4899E+04     5.3719E-01     2.2838E+01     CA        568

 BOND    =     4566.6890  ANGLE   =      199.1721  DIHED      =     2089.0231
 VDWAALS =    10347.3951  EEL     =   -89119.9247  HBOND      =        0.0000
 1-4 VDW =      436.2163  1-4 EEL =     6400.8611  RESTRAINT  =      181.3733
 EAMBER  =   -65080.5679


   NSTEP       ENERGY          RMS            GMAX         NAME    NUMBER
    350      -6.4926E+04     7.7489E-01     5.6887E+01     CG        573

 BOND    =     4573.6453  ANGLE   =      196.9629  DIHED      =     2089.5950
 VDWAALS =    10377.3636  EEL     =   -89183.2127  HBOND      =        0.0000
 1-4 VDW =      436.6198  1-4 EEL =     6400.8298  RESTRAINT  =      182.2822
 EAMBER  =   -65108.1963


   NSTEP       ENERGY          RMS            GMAX         NAME    NUMBER
    355      -6.4928E+04     6.8065E-01     4.5040E+01     CG        573

 BOND    =     4572.3252  ANGLE   =      196.7802  DIHED      =     2089.5665
 VDWAALS =    10377.5969  EEL     =   -89183.6060  HBOND      =        0.0000
 1-4 VDW =      436.6027  1-4 EEL =     6400.8315  RESTRAINT  =      182.0398
 EAMBER  =   -65109.9030


   NSTEP       ENERGY          RMS            GMAX         NAME    NUMBER
    360      -6.4954E+04     6.2580E-01     3.6126E+01     CG        573

 BOND    =     4586.6197  ANGLE   =      199.4803  DIHED      =     2089.6219
 VDWAALS =    10386.4476  EEL     =   -89233.3289  HBOND      =        0.0000
 1-4 VDW =      436.0419  1-4 EEL =     6401.9656  RESTRAINT  =      179.5666
 EAMBER  =   -65133.1519


   NSTEP       ENERGY          RMS            GMAX         NAME    NUMBER
    365      -6.5000E+04     8.2916E-01     5.4969E+01     OD2       473

 BOND    =     4585.1514  ANGLE   =      197.4321  DIHED      =     2089.7243
 VDWAALS =    10426.2261  EEL     =   -89318.6508  HBOND      =        0.0000
 1-4 VDW =      435.4864  1-4 EEL =     6400.8962  RESTRAINT  =      184.2156
 EAMBER  =   -65183.7345


   NSTEP       ENERGY          RMS            GMAX         NAME    NUMBER
    370      -6.5092E+04     1.3059E+00     6.1804E+01     CB        468

 BOND    =     4629.2680  ANGLE   =      201.7597  DIHED      =     2090.6166
 VDWAALS =    10564.7006  EEL     =   -89601.8889  HBOND      =        0.0000
 1-4 VDW =      436.2793  1-4 EEL =     6398.1998  RESTRAINT  =      189.0062
 EAMBER  =   -65281.0650


   NSTEP       ENERGY          RMS            GMAX         NAME    NUMBER
    375      -6.5255E+04     1.1329E+00     4.8476E+01     CB        468

 BOND    =     4668.0056  ANGLE   =      204.1991  DIHED      =     2090.6090
 VDWAALS =    10789.4752  EEL     =   -90030.7064  HBOND      =        0.0000
 1-4 VDW =      436.5026  1-4 EEL =     6399.6562  RESTRAINT  =      187.5434
 EAMBER  =   -65442.2586


   NSTEP       ENERGY          RMS            GMAX         NAME    NUMBER
    380      -6.5257E+04     1.0773E+00     4.6327E+01     CB        468

 BOND    =     4666.1134  ANGLE   =      203.8505  DIHED      =     2090.5513
 VDWAALS =    10789.4548  EEL     =   -90030.4488  HBOND      =        0.0000
 1-4 VDW =      436.4812  1-4 EEL =     6399.6784  RESTRAINT  =      187.2520
 EAMBER  =   -65444.3193


   NSTEP       ENERGY          RMS            GMAX         NAME    NUMBER
    385      -6.5335E+04     1.1550E+00     7.8197E+01     CD       1467

 BOND    =     4680.4806  ANGLE   =      197.7073  DIHED      =     2090.6597
 VDWAALS =    10782.3473  EEL     =   -90105.5569  HBOND      =        0.0000
 1-4 VDW =      435.9188  1-4 EEL =     6400.7635  RESTRAINT  =      182.4204
 EAMBER  =   -65517.6798


   NSTEP       ENERGY          RMS            GMAX         NAME    NUMBER
    390      -6.5377E+04     7.5885E-01     4.1558E+01     CG        471

 BOND    =     4678.6618  ANGLE   =      199.1320  DIHED      =     2089.8908
 VDWAALS =    10797.0068  EEL     =   -90163.4083  HBOND      =        0.0000
 1-4 VDW =      435.8785  1-4 EEL =     6401.5542  RESTRAINT  =      184.1104
 EAMBER  =   -65561.2843


   NSTEP       ENERGY          RMS            GMAX         NAME    NUMBER
    395      -6.5417E+04     4.1895E-01     1.3944E+01     CD        521

 BOND    =     4671.2780  ANGLE   =      197.6045  DIHED      =     2089.5391
 VDWAALS =    10820.8574  EEL     =   -90213.5707  HBOND      =        0.0000
 1-4 VDW =      436.2462  1-4 EEL =     6402.0679  RESTRAINT  =      179.0842
 EAMBER  =   -65595.9778


   NSTEP       ENERGY          RMS            GMAX         NAME    NUMBER
    400      -6.5439E+04     9.0761E-01     3.7193E+01     CG        573

 BOND    =     4699.7106  ANGLE   =      197.7791  DIHED      =     2089.8929
 VDWAALS =    10844.5593  EEL     =   -90291.1983  HBOND      =        0.0000
 1-4 VDW =      436.4074  1-4 EEL =     6400.7224  RESTRAINT  =      183.1664
 EAMBER  =   -65622.1266


   NSTEP       ENERGY          RMS            GMAX         NAME    NUMBER
    405      -6.5442E+04     7.7791E-01     2.9364E+01     CG        573

 BOND    =     4694.9316  ANGLE   =      197.4474  DIHED      =     2089.8274
 VDWAALS =    10844.6775  EEL     =   -90288.6068  HBOND      =        0.0000
 1-4 VDW =      436.4080  1-4 EEL =     6400.7515  RESTRAINT  =      182.8488
 EAMBER  =   -65624.5634


   NSTEP       ENERGY          RMS            GMAX         NAME    NUMBER
    410      -6.5466E+04     5.4096E-01     3.3376E+01     CG        573

 BOND    =     4684.1818  ANGLE   =      199.1594  DIHED      =     2089.5989
 VDWAALS =    10850.2510  EEL     =   -90306.3831  HBOND      =        0.0000
 1-4 VDW =      436.0213  1-4 EEL =     6401.8313  RESTRAINT  =      179.1658
 EAMBER  =   -65645.3394


   NSTEP       ENERGY          RMS            GMAX         NAME    NUMBER
    415      -6.5489E+04     7.2133E-01     3.8686E+01     CG        573

 BOND    =     4692.6750  ANGLE   =      198.4719  DIHED      =     2089.6040
 VDWAALS =    10870.0710  EEL     =   -90359.9702  HBOND      =        0.0000
 1-4 VDW =      435.8273  1-4 EEL =     6401.3816  RESTRAINT  =      183.3548
 EAMBER  =   -65671.9393


   NSTEP       ENERGY          RMS            GMAX         NAME    NUMBER
    420      -6.5566E+04     1.1392E+00     7.2998E+01     CG        471

 BOND    =     4732.7421  ANGLE   =      198.3515  DIHED      =     2090.9697
 VDWAALS =    10980.5844  EEL     =   -90586.1083  HBOND      =        0.0000
 1-4 VDW =      436.0231  1-4 EEL =     6400.7324  RESTRAINT  =      181.2028
 EAMBER  =   -65746.7052


   NSTEP       ENERGY          RMS            GMAX         NAME    NUMBER
    425      -6.5615E+04     9.9179E-01     4.9022E+01     CB        468

 BOND    =     4723.0572  ANGLE   =      202.8269  DIHED      =     2090.3236
 VDWAALS =    11060.5662  EEL     =   -90713.4909  HBOND      =        0.0000
 1-4 VDW =      436.3391  1-4 EEL =     6400.2919  RESTRAINT  =      184.6866
 EAMBER  =   -65800.0861


   NSTEP       ENERGY          RMS            GMAX         NAME    NUMBER
    430      -6.5618E+04     9.3086E-01     4.5483E+01     CB        468

 BOND    =     4722.2376  ANGLE   =      202.4127  DIHED      =     2090.2700
 VDWAALS =    11060.5085  EEL     =   -90714.0790  HBOND      =        0.0000
 1-4 VDW =      436.3322  1-4 EEL =     6400.3040  RESTRAINT  =      184.4252
 EAMBER  =   -65802.0140


   NSTEP       ENERGY          RMS            GMAX         NAME    NUMBER
    435      -6.5687E+04     9.3125E-01     4.8138E+01     CG        471

 BOND    =     4743.3531  ANGLE   =      197.9485  DIHED      =     2090.2468
 VDWAALS =    11057.7697  EEL     =   -90794.4624  HBOND      =        0.0000
 1-4 VDW =      435.8839  1-4 EEL =     6400.4607  RESTRAINT  =      182.0795
 EAMBER  =   -65868.7997


   NSTEP       ENERGY          RMS            GMAX         NAME    NUMBER
    440      -6.5722E+04     6.7197E-01     3.9868E+01     C        1775

 BOND    =     4737.4087  ANGLE   =      199.2787  DIHED      =     2089.9067
 VDWAALS =    11074.1621  EEL     =   -90843.7459  HBOND      =        0.0000
 1-4 VDW =      435.7874  1-4 EEL =     6400.8730  RESTRAINT  =      184.0582
 EAMBER  =   -65906.3293


   NSTEP       ENERGY          RMS            GMAX         NAME    NUMBER
    445      -6.5756E+04     4.3412E-01     2.5306E+01     CG        573

 BOND    =     4737.2336  ANGLE   =      196.8597  DIHED      =     2089.3150
 VDWAALS =    11100.9759  EEL     =   -90898.0145  HBOND      =        0.0000
 1-4 VDW =      436.3570  1-4 EEL =     6401.7376  RESTRAINT  =      179.0857
 EAMBER  =   -65935.5357


   NSTEP       ENERGY          RMS            GMAX         NAME    NUMBER
    450      -6.5775E+04     9.0955E-01     5.8103E+01     CG        573

 BOND    =     4758.8260  ANGLE   =      197.4263  DIHED      =     2090.1404
 VDWAALS =    11126.3291  EEL     =   -90967.6140  HBOND      =        0.0000
 1-4 VDW =      436.4055  1-4 EEL =     6400.8756  RESTRAINT  =      182.3474
 EAMBER  =   -65957.6110


   NSTEP       ENERGY          RMS            GMAX         NAME    NUMBER
    455      -6.5778E+04     7.8604E-01     4.4372E+01     CG        573

 BOND    =     4756.2021  ANGLE   =      197.0165  DIHED      =     2090.0444
 VDWAALS =    11126.4841  EEL     =   -90967.1607  HBOND      =        0.0000
 1-4 VDW =      436.4080  1-4 EEL =     6400.8955  RESTRAINT  =      181.9646
 EAMBER  =   -65960.1100


   NSTEP       ENERGY          RMS            GMAX         NAME    NUMBER
    460      -6.5799E+04     3.6530E-01     2.1346E+01     CG        573

 BOND    =     4743.8752  ANGLE   =      198.1668  DIHED      =     2089.5642
 VDWAALS =    11129.8931  EEL     =   -90977.0530  HBOND      =        0.0000
 1-4 VDW =      436.1065  1-4 EEL =     6401.7305  RESTRAINT  =      178.6035
 EAMBER  =   -65977.7168


   NSTEP       ENERGY          RMS            GMAX         NAME    NUMBER
    465      -6.5822E+04     6.9428E-01     4.7063E+01     C        1775

 BOND    =     4761.9963  ANGLE   =      198.8523  DIHED      =     2089.5081
 VDWAALS =    11151.2061  EEL     =   -91044.5414  HBOND      =        0.0000
 1-4 VDW =      435.8377  1-4 EEL =     6401.1247  RESTRAINT  =      183.7266
 EAMBER  =   -66006.0162


   NSTEP       ENERGY          RMS            GMAX         NAME    NUMBER
    470      -6.5887E+04     9.0713E-01     4.7828E+01     OD2       473

 BOND    =     4777.8758  ANGLE   =      198.3154  DIHED      =     2090.6361
 VDWAALS =    11239.9073  EEL     =   -91210.7377  HBOND      =        0.0000
 1-4 VDW =      435.9352  1-4 EEL =     6400.4977  RESTRAINT  =      180.8009
 EAMBER  =   -66067.5703


   NSTEP       ENERGY          RMS            GMAX         NAME    NUMBER
    475      -6.5929E+04     8.7289E-01     3.8604E+01     CB        468

 BOND    =     4786.7533  ANGLE   =      201.3258  DIHED      =     2089.9664
 VDWAALS =    11321.7867  EEL     =   -91348.5539  HBOND      =        0.0000
 1-4 VDW =      436.2744  1-4 EEL =     6400.5458  RESTRAINT  =      182.6995
 EAMBER  =   -66111.9015


   NSTEP       ENERGY          RMS            GMAX         NAME    NUMBER
    480      -6.5931E+04     8.1289E-01     3.5357E+01     CB        468

 BOND    =     4785.8711  ANGLE   =      200.9632  DIHED      =     2089.9348
 VDWAALS =    11321.8337  EEL     =   -91349.1315  HBOND      =        0.0000
 1-4 VDW =      436.2659  1-4 EEL =     6400.5383  RESTRAINT  =      182.4847
 EAMBER  =   -66113.7245


   NSTEP       ENERGY          RMS            GMAX         NAME    NUMBER
    485      -6.5993E+04     8.2014E-01     4.4278E+01     CB        468

 BOND    =     4805.2266  ANGLE   =      197.9736  DIHED      =     2090.0347
 VDWAALS =    11321.6745  EEL     =   -91426.5968  HBOND      =        0.0000
 1-4 VDW =      435.9942  1-4 EEL =     6400.5555  RESTRAINT  =      182.0841
 EAMBER  =   -66175.1376


   NSTEP       ENERGY          RMS            GMAX         NAME    NUMBER
    490      -6.6025E+04     6.0587E-01     4.4128E+01     C        1775

 BOND    =     4800.6090  ANGLE   =      198.6364  DIHED      =     2089.6970
 VDWAALS =    11339.0060  EEL     =   -91472.4120  HBOND      =        0.0000
 1-4 VDW =      435.8429  1-4 EEL =     6400.8863  RESTRAINT  =      182.5701
 EAMBER  =   -66207.7344


   NSTEP       ENERGY          RMS            GMAX         NAME    NUMBER
    495      -6.6049E+04     4.1579E-01     2.4907E+01     CG        573

 BOND    =     4796.6425  ANGLE   =      197.0323  DIHED      =     2089.3883
 VDWAALS =    11361.4217  EEL     =   -91510.3835  HBOND      =        0.0000
 1-4 VDW =      436.3409  1-4 EEL =     6401.6607  RESTRAINT  =      178.8972
 EAMBER  =   -66227.8971


   NSTEP       ENERGY          RMS            GMAX         NAME    NUMBER
    500      -6.6063E+04     7.1497E-01     4.5381E+01     CG        573

 BOND    =     4815.8156  ANGLE   =      196.6923  DIHED      =     2089.7065
 VDWAALS =    11381.9213  EEL     =   -91566.4935  HBOND      =        0.0000
 1-4 VDW =      436.5475  1-4 EEL =     6400.9912  RESTRAINT  =      181.6749
 EAMBER  =   -66244.8192


  Maximum number of minimization cycles reached.


                    FINAL RESULTS



   NSTEP       ENERGY          RMS            GMAX         NAME    NUMBER
    500      -6.6063E+04     7.1497E-01     4.5381E+01     CG        573

 BOND    =     4815.8156  ANGLE   =      196.6923  DIHED      =     2089.7065
 VDWAALS =    11381.9213  EEL     =   -91566.4935  HBOND      =        0.0000
 1-4 VDW =      436.5475  1-4 EEL =     6400.9912  RESTRAINT  =      181.6749
 EAMBER  =   -66244.8192
--------------------------------------------------------------------------------
   5.  TIMINGS
--------------------------------------------------------------------------------

|  NonSetup CPU Time in Major Routines:
|
|     Routine           Sec        %
|     ------------------------------
|     Nonbond          27.10   96.13
|     Bond              0.10    0.35
|     Angle             0.11    0.38
|     Dihedral          0.78    2.77
|     Shake             0.00    0.00
|     Other             0.10    0.37
|     ------------------------------
|     Total            28.20

|  PME Nonbond Pairlist CPU Time:
|
|     Routine              Sec        %
|     ---------------------------------
|     Set Up Cit           0.00    0.01
|     Build List           0.72    2.54
|     ---------------------------------
|     Total                0.72    2.55

|  PME Direct Force CPU Time:
|
|     Routine              Sec        %
|     ---------------------------------
|     NonBonded Calc      19.36   68.68
|     Exclude Masked       0.42    1.50
|     Other                0.04    0.14
|     ---------------------------------
|     Total               19.83   70.32

|  PME Reciprocal Force CPU Time:
|
|     Routine              Sec        %
|     ---------------------------------
|     1D bspline           0.26    0.91
|     Grid Charges         0.52    1.86
|     Scalar Sum           1.33    4.72
|     Gradient Sum         1.02    3.60
|     FFT                  3.39   12.02
|     ---------------------------------
|     Total                6.52   23.11

|  Setup CPU time:            0.08 seconds
|  NonSetup CPU time:        28.20 seconds
|  Total CPU time:           28.28 seconds     0.01 hours

|  Setup wall time:           0    seconds
|  NonSetup wall time:       28    seconds
|  Total wall time:          28    seconds     0.01 hours
