
          -------------------------------------------------------
          Amber 16 PMEMD                              2016
          -------------------------------------------------------

| PMEMD implementation of SANDER, Release 16

| Run on 07/03/2017 at 19:49:29

|   Executable path: pmemd
| Working directory: /home/german/obp/run/mu_apo/mhe/m
|          Hostname: Unknown
  [-O]verwriting output

File Assignments:
|   MDIN: mmin.in                                                               
|  MDOUT: mmin.out                                                              
| INPCRD: mmu_apo.rst7                                                          
|   PARM: /home/german/obp/top_files/mu_apo.prmtop                              
| RESTRT: mmmu_apo.rst7                                                         
|   REFC: mu_apo.rst7                                                           
|  MDVEL: mdvel                                                                 
|   MDEN: mden                                                                  
|  MDCRD: mmmu_apo.crd                                                          
| MDINFO: mdinfo                                                                
|  MDFRC: mdfrc                                                                 


 Here is the input file:

Minimization with Cartesian restraints                                         
&cntrl                                                                         
imin=1,                                                                        
ntmin=1,                                ! Steepest Descent, then Conjugate Grad
ncyc=100,                               ! 100 steps of Steepest Descent        
maxcyc=500,                             ! 400 steps of Conjugate Gradient      
ntpr=5,                                                                        
&end                                                                           


Note: ig = -1. Setting random seed to   948133 based on wallclock time in 
      microseconds.
 
 
| Conditional Compilation Defines Used:
| PUBFFT
| BINTRAJ
| EMIL

| Largest sphere to fit in unit cell has radius =    28.577

| New format PARM file being parsed.
| Version =    1.000 Date = 02/24/15 Time = 11:47:26

| Note: 1-4 EEL scale factors are being read from the topology file.

| Note: 1-4 VDW scale factors are being read from the topology file.
| Duplicated    0 dihedrals

| Duplicated    0 dihedrals

--------------------------------------------------------------------------------
   1.  RESOURCE   USE: 
--------------------------------------------------------------------------------

 getting box info from netcdf restart file
 NATOM  =   18031 NTYPES =      17 NBONH =   17092 MBONA  =     943
 NTHETH =    2205 MTHETA =    1267 NPHIH =    4292 MPHIA  =    4346
 NHPARM =       0 NPARM  =       0 NNB   =   32012 NRES   =    5500
 NBONA  =     943 NTHETA =    1267 NPHIA =    4346 NUMBND =      60
 NUMANG =     134 NPTRA  =     240 NATYP =      33 NPHB   =       1
 IFBOX  =       1 NMXRS  =      24 IFCAP =       0 NEXTRA =       0
 NCOPY  =       0

| Coordinate Index Table dimensions:    13   15   12
| Direct force subcell size =     4.6400    4.5373    4.7628

     BOX TYPE: RECTILINEAR

--------------------------------------------------------------------------------
   2.  CONTROL  DATA  FOR  THE  RUN
--------------------------------------------------------------------------------

default_name                                                                    

General flags:
     imin    =       1, nmropt  =       0

Nature and format of input:
     ntx     =       1, irest   =       0, ntrx    =       1

Nature and format of output:
     ntxo    =       2, ntpr    =       5, ntrx    =       1, ntwr    =       1
     iwrap   =       0, ntwx    =       0, ntwv    =       0, ntwe    =       0
     ioutfm  =       1, ntwprt  =       0, idecomp =       0, rbornstat=      0

Potential function:
     ntf     =       1, ntb     =       1, igb     =       0, nsnb    =      25
     ipol    =       0, gbsa    =       0, iesp    =       0
     dielc   =   1.00000, cut     =   8.00000, intdiel =   1.00000

Frozen or restrained atoms:
     ibelly  =       0, ntr     =       0

Energy minimization:
     maxcyc  =     500, ncyc    =     100, ntmin   =       1
     dx0     =   0.01000, drms    =   0.00010

| Intermolecular bonds treatment:
|     no_intermolecular_bonds =       1

| Energy averages sample interval:
|     ene_avg_sampling =       1

Ewald parameters:
     verbose =       0, ew_type =       0, nbflag  =       1, use_pme =       1
     vdwmeth =       1, eedmeth =       1, netfrc  =       0
     Box X =   60.320   Box Y =   68.060   Box Z =   57.153
     Alpha =   90.000   Beta  =   90.000   Gamma =   90.000
     NFFT1 =   64       NFFT2 =   72       NFFT3 =   60
     Cutoff=    8.000   Tol   =0.100E-04
     Ewald Coefficient =  0.34864
     Interpolation order =    4

--------------------------------------------------------------------------------
   3.  ATOMIC COORDINATES AND VELOCITIES
--------------------------------------------------------------------------------

default_name                                                                    
 begin time read from input coords =     0.000 ps

 
 Number of triangulated 3-point waters found:     5378

     Sum of charges from parm topology file =  -0.00000006
     Forcing neutrality...

| Dynamic Memory, Types Used:
| Reals              522383
| Integers           569530

| Nonbonded Pairs Initial Allocation:     3011627

--------------------------------------------------------------------------------
   4.  RESULTS
--------------------------------------------------------------------------------

 ---------------------------------------------------
 APPROXIMATING switch and d/dx switch using CUBIC SPLINE INTERPOLATION
 using   5000.0 points per unit in tabled values
 TESTING RELATIVE ERROR over r ranging from 0.0 to cutoff
| CHECK switch(x): max rel err =   0.2738E-14   at   2.422500
| CHECK d/dx switch(x): max rel err =   0.8332E-11   at   2.782960
 ---------------------------------------------------
|---------------------------------------------------
| APPROXIMATING direct energy using CUBIC SPLINE INTERPOLATION
|  with   50.0 points per unit in tabled values
| Relative Error Limit not exceeded for r .gt.   2.47
| APPROXIMATING direct force using CUBIC SPLINE INTERPOLATION
|  with   50.0 points per unit in tabled values
| Relative Error Limit not exceeded for r .gt.   2.89
|---------------------------------------------------


   NSTEP       ENERGY          RMS            GMAX         NAME    NUMBER
      1      -6.6245E+04     1.3063E+00     6.5276E+01     SG       1522

 BOND    =     4815.8156  ANGLE   =      196.6923  DIHED      =     2089.7065
 VDWAALS =    11381.9213  EEL     =   -91566.4935  HBOND      =        0.0000
 1-4 VDW =      436.5475  1-4 EEL =     6400.9912  RESTRAINT  =        0.0000


   NSTEP       ENERGY          RMS            GMAX         NAME    NUMBER
      5      -6.6263E+04     1.1000E+00     5.4567E+01     SG       1522

 BOND    =     4811.7416  ANGLE   =      196.3744  DIHED      =     2089.3416
 VDWAALS =    11372.5649  EEL     =   -91567.7892  HBOND      =        0.0000
 1-4 VDW =      436.3957  1-4 EEL =     6398.6658  RESTRAINT  =        0.0000


   NSTEP       ENERGY          RMS            GMAX         NAME    NUMBER
     10      -6.6303E+04     8.1873E-01     3.3161E+01     SG       1522

 BOND    =     4806.9956  ANGLE   =      196.9419  DIHED      =     2088.7195
 VDWAALS =    11352.2747  EEL     =   -91574.0503  HBOND      =        0.0000
 1-4 VDW =      435.8302  1-4 EEL =     6390.2673  RESTRAINT  =        0.0000


   NSTEP       ENERGY          RMS            GMAX         NAME    NUMBER
     15      -6.6375E+04     5.6277E-01     1.2865E+01     SG       1522

 BOND    =     4806.2942  ANGLE   =      199.2493  DIHED      =     2088.1608
 VDWAALS =    11329.3684  EEL     =   -91597.5770  HBOND      =        0.0000
 1-4 VDW =      434.1233  1-4 EEL =     6365.7522  RESTRAINT  =        0.0000


   NSTEP       ENERGY          RMS            GMAX         NAME    NUMBER
     20      -6.6474E+04     1.4410E+00     1.4780E+02     CG        573

 BOND    =     4831.4036  ANGLE   =      205.8501  DIHED      =     2085.6257
 VDWAALS =    11325.0573  EEL     =   -91672.1148  HBOND      =        0.0000
 1-4 VDW =      428.4546  1-4 EEL =     6321.3925  RESTRAINT  =        0.0000


   NSTEP       ENERGY          RMS            GMAX         NAME    NUMBER
     25      -6.6504E+04     1.1256E+00     1.0857E+02     CG        573

 BOND    =     4821.5234  ANGLE   =      207.0483  DIHED      =     2084.5540
 VDWAALS =    11327.8421  EEL     =   -91686.6526  HBOND      =        0.0000
 1-4 VDW =      426.6074  1-4 EEL =     6315.3454  RESTRAINT  =        0.0000


   NSTEP       ENERGY          RMS            GMAX         NAME    NUMBER
     30      -6.6525E+04     1.1018E+00     9.4564E+01     CG        573

 BOND    =     4822.8583  ANGLE   =      207.8238  DIHED      =     2083.6834
 VDWAALS =    11332.1590  EEL     =   -91707.4523  HBOND      =        0.0000
 1-4 VDW =      424.8911  1-4 EEL =     6310.6889  RESTRAINT  =        0.0000


   NSTEP       ENERGY          RMS            GMAX         NAME    NUMBER
     35      -6.6552E+04     3.4641E-01     6.0777E+00     CG        573

 BOND    =     4819.9936  ANGLE   =      207.6464  DIHED      =     2082.9607
 VDWAALS =    11336.5308  EEL     =   -91730.0426  HBOND      =        0.0000
 1-4 VDW =      423.4664  1-4 EEL =     6307.1208  RESTRAINT  =        0.0000


   NSTEP       ENERGY          RMS            GMAX         NAME    NUMBER
     40      -6.6560E+04     1.2027E+00     8.1574E+01     CG        573

 BOND    =     4827.7560  ANGLE   =      209.2739  DIHED      =     2082.1428
 VDWAALS =    11341.5028  EEL     =   -91746.4663  HBOND      =        0.0000
 1-4 VDW =      421.8552  1-4 EEL =     6303.7886  RESTRAINT  =        0.0000


   NSTEP       ENERGY          RMS            GMAX         NAME    NUMBER
     45      -6.6577E+04     1.2548E+00     4.1809E+01     C        1775

 BOND    =     4830.2498  ANGLE   =      209.9880  DIHED      =     2081.3945
 VDWAALS =    11347.0467  EEL     =   -91767.0915  HBOND      =        0.0000
 1-4 VDW =      420.3261  1-4 EEL =     6300.8310  RESTRAINT  =        0.0000


   NSTEP       ENERGY          RMS            GMAX         NAME    NUMBER
     50      -6.6605E+04     4.1906E-01     1.1373E+01     C        1775

 BOND    =     4826.5172  ANGLE   =      209.8923  DIHED      =     2080.7073
 VDWAALS =    11352.2188  EEL     =   -91791.6532  HBOND      =        0.0000
 1-4 VDW =      419.0840  1-4 EEL =     6298.2364  RESTRAINT  =        0.0000


   NSTEP       ENERGY          RMS            GMAX         NAME    NUMBER
     55      -6.6619E+04     2.8378E-01     5.0305E+00     OE2      1167

 BOND    =     4826.3384  ANGLE   =      210.5009  DIHED      =     2080.1605
 VDWAALS =    11356.6775  EEL     =   -91806.7567  HBOND      =        0.0000
 1-4 VDW =      418.0172  1-4 EEL =     6296.3859  RESTRAINT  =        0.0000


   NSTEP       ENERGY          RMS            GMAX         NAME    NUMBER
     60      -6.6635E+04     2.8315E-01     4.8116E+00     OE2      1167

 BOND    =     4828.3266  ANGLE   =      211.2392  DIHED      =     2079.4847
 VDWAALS =    11362.5564  EEL     =   -91827.2077  HBOND      =        0.0000
 1-4 VDW =      416.7371  1-4 EEL =     6294.1858  RESTRAINT  =        0.0000


   NSTEP       ENERGY          RMS            GMAX         NAME    NUMBER
     65      -6.6649E+04     5.7455E-01     1.9745E+01     C        1775

 BOND    =     4834.1372  ANGLE   =      212.0615  DIHED      =     2078.7737
 VDWAALS =    11369.0612  EEL     =   -91850.8757  HBOND      =        0.0000
 1-4 VDW =      415.4536  1-4 EEL =     6291.9815  RESTRAINT  =        0.0000


   NSTEP       ENERGY          RMS            GMAX         NAME    NUMBER
     70      -6.6664E+04     3.5407E-01     9.5450E+00     C        1775

 BOND    =     4833.1132  ANGLE   =      212.6428  DIHED      =     2078.2274
 VDWAALS =    11374.3413  EEL     =   -91867.2149  HBOND      =        0.0000
 1-4 VDW =      414.4493  1-4 EEL =     6290.4276  RESTRAINT  =        0.0000


   NSTEP       ENERGY          RMS            GMAX         NAME    NUMBER
     75      -6.6678E+04     3.8324E-01     1.1422E+01     C        1775

 BOND    =     4835.4259  ANGLE   =      213.3361  DIHED      =     2077.6204
 VDWAALS =    11380.4407  EEL     =   -91887.0722  HBOND      =        0.0000
 1-4 VDW =      413.3909  1-4 EEL =     6288.7622  RESTRAINT  =        0.0000


   NSTEP       ENERGY          RMS            GMAX         NAME    NUMBER
     80      -6.6689E+04     6.5882E-01     2.4327E+01     C        1775

 BOND    =     4840.9686  ANGLE   =      214.0745  DIHED      =     2077.0495
 VDWAALS =    11386.3833  EEL     =   -91907.1900  HBOND      =        0.0000
 1-4 VDW =      412.4535  1-4 EEL =     6287.2617  RESTRAINT  =        0.0000


   NSTEP       ENERGY          RMS            GMAX         NAME    NUMBER
     85      -6.6702E+04     6.7617E-01     2.5372E+01     C        1775

 BOND    =     4843.1447  ANGLE   =      214.7350  DIHED      =     2076.4920
 VDWAALS =    11392.3930  EEL     =   -91926.0281  HBOND      =        0.0000
 1-4 VDW =      411.5446  1-4 EEL =     6285.8917  RESTRAINT  =        0.0000


   NSTEP       ENERGY          RMS            GMAX         NAME    NUMBER
     90      -6.6714E+04     7.2263E-01     2.7547E+01     C        1775

 BOND    =     4845.8211  ANGLE   =      215.4116  DIHED      =     2075.9362
 VDWAALS =    11398.5568  EEL     =   -91945.1842  HBOND      =        0.0000
 1-4 VDW =      410.6751  1-4 EEL =     6284.5948  RESTRAINT  =        0.0000


   NSTEP       ENERGY          RMS            GMAX         NAME    NUMBER
     95      -6.6726E+04     7.9269E-01     3.0594E+01     C        1775

 BOND    =     4848.8559  ANGLE   =      216.0774  DIHED      =     2075.4027
 VDWAALS =    11404.6390  EEL     =   -91963.8797  HBOND      =        0.0000
 1-4 VDW =      409.8734  1-4 EEL =     6283.4106  RESTRAINT  =        0.0000


   NSTEP       ENERGY          RMS            GMAX         NAME    NUMBER
    100      -6.6737E+04     7.4927E-01     2.8840E+01     C        1775

 BOND    =     4849.6435  ANGLE   =      216.5306  DIHED      =     2074.9544
 VDWAALS =    11409.9194  EEL     =   -91979.2858  HBOND      =        0.0000
 1-4 VDW =      409.2093  1-4 EEL =     6282.4642  RESTRAINT  =        0.0000


   NSTEP       ENERGY          RMS            GMAX         NAME    NUMBER
    105      -6.6753E+04     2.4921E-01     4.4657E+00     CD2       194

 BOND    =     4844.4334  ANGLE   =      216.9230  DIHED      =     2074.4209
 VDWAALS =    11416.5459  EEL     =   -91995.4615  HBOND      =        0.0000
 1-4 VDW =      408.3716  1-4 EEL =     6281.4154  RESTRAINT  =        0.0000


   NSTEP       ENERGY          RMS            GMAX         NAME    NUMBER
    110      -6.6989E+04     2.2587E+00     2.4961E+02     OD1       380

 BOND    =     5004.1734  ANGLE   =      250.8013  DIHED      =     2066.0817
 VDWAALS =    11733.7781  EEL     =   -92672.5387  HBOND      =        0.0000
 1-4 VDW =      383.4548  1-4 EEL =     6245.7243  RESTRAINT  =        0.0000


   NSTEP       ENERGY          RMS            GMAX         NAME    NUMBER
    115      -6.7108E+04     1.0595E+00     1.0083E+02     CG        379

 BOND    =     4983.5817  ANGLE   =      296.4026  DIHED      =     2067.1018
 VDWAALS =    11844.9948  EEL     =   -92907.1855  HBOND      =        0.0000
 1-4 VDW =      376.7597  1-4 EEL =     6230.2127  RESTRAINT  =        0.0000


   NSTEP       ENERGY          RMS            GMAX         NAME    NUMBER
    120      -6.7159E+04     1.0785E+00     7.6045E+01     H2      12991

 BOND    =     4978.8759  ANGLE   =      313.0093  DIHED      =     2067.5462
 VDWAALS =    11893.5223  EEL     =   -93014.5029  HBOND      =        0.0000
 1-4 VDW =      377.7239  1-4 EEL =     6224.3959  RESTRAINT  =        0.0000


   NSTEP       ENERGY          RMS            GMAX         NAME    NUMBER
    125      -6.7230E+04     9.0446E-01     7.3039E+01     H2      12991

 BOND    =     5014.3490  ANGLE   =      314.6976  DIHED      =     2068.8964
 VDWAALS =    12054.4844  EEL     =   -93269.3213  HBOND      =        0.0000
 1-4 VDW =      373.4344  1-4 EEL =     6213.1145  RESTRAINT  =        0.0000


   NSTEP       ENERGY          RMS            GMAX         NAME    NUMBER
    130      -6.7232E+04     8.2709E-01     6.2225E+01     H2      12991

 BOND    =     5011.7179  ANGLE   =      314.5294  DIHED      =     2068.8388
 VDWAALS =    12054.3574  EEL     =   -93268.5542  HBOND      =        0.0000
 1-4 VDW =      373.4394  1-4 EEL =     6213.1824  RESTRAINT  =        0.0000


   NSTEP       ENERGY          RMS            GMAX         NAME    NUMBER
    135      -6.7283E+04     8.7664E-01     5.3676E+01     CB        376

 BOND    =     4997.0405  ANGLE   =      309.7472  DIHED      =     2063.8491
 VDWAALS =    12028.6913  EEL     =   -93276.0041  HBOND      =        0.0000
 1-4 VDW =      375.5593  1-4 EEL =     6217.8419  RESTRAINT  =        0.0000


   NSTEP       ENERGY          RMS            GMAX         NAME    NUMBER
    140      -6.7339E+04     9.7112E-01     6.7244E+01     CD        521

 BOND    =     5006.5218  ANGLE   =      288.7858  DIHED      =     2056.0486
 VDWAALS =    12028.5860  EEL     =   -93326.1257  HBOND      =        0.0000
 1-4 VDW =      380.2539  1-4 EEL =     6227.3369  RESTRAINT  =        0.0000


   NSTEP       ENERGY          RMS            GMAX         NAME    NUMBER
    145      -6.7409E+04     7.0146E-01     4.5461E+01     CB        376

 BOND    =     4989.1564  ANGLE   =      254.8834  DIHED      =     2047.1366
 VDWAALS =    12026.8329  EEL     =   -93356.6658  HBOND      =        0.0000
 1-4 VDW =      386.9073  1-4 EEL =     6243.2262  RESTRAINT  =        0.0000


   NSTEP       ENERGY          RMS            GMAX         NAME    NUMBER
    150      -6.7439E+04     6.0940E-01     3.5928E+01     H2      12991

 BOND    =     4992.8501  ANGLE   =      247.6442  DIHED      =     2043.7570
 VDWAALS =    12016.8338  EEL     =   -93384.0293  HBOND      =        0.0000
 1-4 VDW =      392.5206  1-4 EEL =     6251.3963  RESTRAINT  =        0.0000


   NSTEP       ENERGY          RMS            GMAX         NAME    NUMBER
    155      -6.7441E+04     5.2601E-01     2.8709E+01     O       12989

 BOND    =     4990.5324  ANGLE   =      247.4090  DIHED      =     2043.6865
 VDWAALS =    12016.9013  EEL     =   -93383.0858  HBOND      =        0.0000
 1-4 VDW =      392.4868  1-4 EEL =     6251.3229  RESTRAINT  =        0.0000


   NSTEP       ENERGY          RMS            GMAX         NAME    NUMBER
    160      -6.7463E+04     6.0000E-01     6.1377E+01     O       12989

 BOND    =     4986.4028  ANGLE   =      244.3595  DIHED      =     2042.8844
 VDWAALS =    12014.5247  EEL     =   -93391.6672  HBOND      =        0.0000
 1-4 VDW =      391.4229  1-4 EEL =     6249.3636  RESTRAINT  =        0.0000


   NSTEP       ENERGY          RMS            GMAX         NAME    NUMBER
    165      -6.7494E+04     4.7884E-01     2.2897E+01     CB        376

 BOND    =     4997.3190  ANGLE   =      246.2552  DIHED      =     2043.2765
 VDWAALS =    12016.3386  EEL     =   -93432.0322  HBOND      =        0.0000
 1-4 VDW =      388.0595  1-4 EEL =     6247.1037  RESTRAINT  =        0.0000


   NSTEP       ENERGY          RMS            GMAX         NAME    NUMBER
    170      -6.7520E+04     5.6049E-01     3.1618E+01     O       12989

 BOND    =     4995.0503  ANGLE   =      246.5480  DIHED      =     2046.3129
 VDWAALS =    12039.6919  EEL     =   -93478.9198  HBOND      =        0.0000
 1-4 VDW =      385.2815  1-4 EEL =     6245.7442  RESTRAINT  =        0.0000


   NSTEP       ENERGY          RMS            GMAX         NAME    NUMBER
    175      -6.7556E+04     5.5698E-01     2.7317E+01     CB        376

 BOND    =     5004.6418  ANGLE   =      255.5267  DIHED      =     2044.5161
 VDWAALS =    12076.3684  EEL     =   -93566.9593  HBOND      =        0.0000
 1-4 VDW =      386.0821  1-4 EEL =     6243.8223  RESTRAINT  =        0.0000


   NSTEP       ENERGY          RMS            GMAX         NAME    NUMBER
    180      -6.7558E+04     4.9828E-01     2.1895E+01     CB        376

 BOND    =     5003.8700  ANGLE   =      255.1563  DIHED      =     2044.4420
 VDWAALS =    12076.3644  EEL     =   -93567.4806  HBOND      =        0.0000
 1-4 VDW =      386.0184  1-4 EEL =     6243.8573  RESTRAINT  =        0.0000


   NSTEP       ENERGY          RMS            GMAX         NAME    NUMBER
    185      -6.7581E+04     5.4201E-01     3.5900E+01     CG        379

 BOND    =     5005.9027  ANGLE   =      243.3396  DIHED      =     2044.9501
 VDWAALS =    12080.7266  EEL     =   -93586.6215  HBOND      =        0.0000
 1-4 VDW =      385.1529  1-4 EEL =     6245.4503  RESTRAINT  =        0.0000


   NSTEP       ENERGY          RMS            GMAX         NAME    NUMBER
    190      -6.7600E+04     5.2527E-01     2.9861E+01     O       12989

 BOND    =     5012.5805  ANGLE   =      239.4449  DIHED      =     2042.6167
 VDWAALS =    12094.7206  EEL     =   -93620.9696  HBOND      =        0.0000
 1-4 VDW =      386.9160  1-4 EEL =     6244.7756  RESTRAINT  =        0.0000


   NSTEP       ENERGY          RMS            GMAX         NAME    NUMBER
    195      -6.7624E+04     4.2795E-01     2.5942E+01     CG        379

 BOND    =     5005.5875  ANGLE   =      239.9768  DIHED      =     2040.1560
 VDWAALS =    12115.7353  EEL     =   -93662.3478  HBOND      =        0.0000
 1-4 VDW =      390.4057  1-4 EEL =     6246.1165  RESTRAINT  =        0.0000


   NSTEP       ENERGY          RMS            GMAX         NAME    NUMBER
    200      -6.7641E+04     5.5217E-01     2.5018E+01     O       12989

 BOND    =     5014.6468  ANGLE   =      242.2387  DIHED      =     2038.6885
 VDWAALS =    12135.9839  EEL     =   -93712.8190  HBOND      =        0.0000
 1-4 VDW =      391.2993  1-4 EEL =     6248.9623  RESTRAINT  =        0.0000


   NSTEP       ENERGY          RMS            GMAX         NAME    NUMBER
    205      -6.7643E+04     4.5728E-01     2.0102E+01     O       12989

 BOND    =     5013.6521  ANGLE   =      241.6843  DIHED      =     2038.6977
 VDWAALS =    12136.1413  EEL     =   -93713.2226  HBOND      =        0.0000
 1-4 VDW =      391.2491  1-4 EEL =     6248.8686  RESTRAINT  =        0.0000


   NSTEP       ENERGY          RMS            GMAX         NAME    NUMBER
    210      -6.7660E+04     4.9645E-01     2.9865E+01     CG        379

 BOND    =     5013.0738  ANGLE   =      234.9570  DIHED      =     2038.8280
 VDWAALS =    12138.9574  EEL     =   -93722.4368  HBOND      =        0.0000
 1-4 VDW =      389.7768  1-4 EEL =     6247.1035  RESTRAINT  =        0.0000


   NSTEP       ENERGY          RMS            GMAX         NAME    NUMBER
    215      -6.7681E+04     4.3750E-01     2.3479E+01     OD2       381

 BOND    =     5022.5888  ANGLE   =      238.8186  DIHED      =     2039.4641
 VDWAALS =    12141.1771  EEL     =   -93756.0963  HBOND      =        0.0000
 1-4 VDW =      387.1445  1-4 EEL =     6245.6582  RESTRAINT  =        0.0000


   NSTEP       ENERGY          RMS            GMAX         NAME    NUMBER
    220      -6.7699E+04     5.5193E-01     2.9304E+01     CG        379

 BOND    =     5021.0168  ANGLE   =      243.0348  DIHED      =     2039.3333
 VDWAALS =    12159.6909  EEL     =   -93792.4360  HBOND      =        0.0000
 1-4 VDW =      385.1915  1-4 EEL =     6245.5430  RESTRAINT  =        0.0000


   NSTEP       ENERGY          RMS            GMAX         NAME    NUMBER
    225      -6.7726E+04     5.6490E-01     3.4391E+01     CB        376

 BOND    =     5036.0677  ANGLE   =      248.5890  DIHED      =     2038.7042
 VDWAALS =    12194.7359  EEL     =   -93872.8480  HBOND      =        0.0000
 1-4 VDW =      384.4861  1-4 EEL =     6244.6516  RESTRAINT  =        0.0000


   NSTEP       ENERGY          RMS            GMAX         NAME    NUMBER
    230      -6.7727E+04     4.9156E-01     2.8197E+01     CB        376

 BOND    =     5034.6092  ANGLE   =      248.2179  DIHED      =     2038.6691
 VDWAALS =    12194.7207  EEL     =   -93872.8009  HBOND      =        0.0000
 1-4 VDW =      384.4873  1-4 EEL =     6244.6630  RESTRAINT  =        0.0000


   NSTEP       ENERGY          RMS            GMAX         NAME    NUMBER
    235      -6.7751E+04     5.7662E-01     3.7841E+01     CG        379

 BOND    =     5031.9127  ANGLE   =      243.4666  DIHED      =     2038.2918
 VDWAALS =    12197.6707  EEL     =   -93892.1717  HBOND      =        0.0000
 1-4 VDW =      384.9930  1-4 EEL =     6244.8890  RESTRAINT  =        0.0000


   NSTEP       ENERGY          RMS            GMAX         NAME    NUMBER
    240      -6.7772E+04     5.7160E-01     3.2523E+01     OD2       381

 BOND    =     5037.8091  ANGLE   =      235.6469  DIHED      =     2036.4456
 VDWAALS =    12220.1514  EEL     =   -93933.2399  HBOND      =        0.0000
 1-4 VDW =      387.1201  1-4 EEL =     6244.2098  RESTRAINT  =        0.0000


   NSTEP       ENERGY          RMS            GMAX         NAME    NUMBER
    245      -6.7784E+04     4.3967E-01     2.7287E+01     O       12989

 BOND    =     5033.8441  ANGLE   =      237.3328  DIHED      =     2035.6167
 VDWAALS =    12227.5227  EEL     =   -93951.2580  HBOND      =        0.0000
 1-4 VDW =      387.8502  1-4 EEL =     6244.9118  RESTRAINT  =        0.0000


   NSTEP       ENERGY          RMS            GMAX         NAME    NUMBER
    250      -6.7805E+04     5.4701E-01     2.6096E+01     O       12989

 BOND    =     5044.9645  ANGLE   =      241.3968  DIHED      =     2034.6850
 VDWAALS =    12245.9945  EEL     =   -94006.7915  HBOND      =        0.0000
 1-4 VDW =      388.0950  1-4 EEL =     6246.3398  RESTRAINT  =        0.0000


   NSTEP       ENERGY          RMS            GMAX         NAME    NUMBER
    255      -6.7807E+04     4.5328E-01     2.2018E+01     O       12989

 BOND    =     5043.6241  ANGLE   =      241.0857  DIHED      =     2034.6824
 VDWAALS =    12246.1531  EEL     =   -94006.9167  HBOND      =        0.0000
 1-4 VDW =      388.0736  1-4 EEL =     6246.2608  RESTRAINT  =        0.0000


   NSTEP       ENERGY          RMS            GMAX         NAME    NUMBER
    260      -6.7818E+04     3.7738E-01     2.3186E+01     O       12989

 BOND    =     5038.0991  ANGLE   =      235.5067  DIHED      =     2034.8626
 VDWAALS =    12250.6618  EEL     =   -94009.4857  HBOND      =        0.0000
 1-4 VDW =      387.4786  1-4 EEL =     6244.6492  RESTRAINT  =        0.0000


   NSTEP       ENERGY          RMS            GMAX         NAME    NUMBER
    265      -6.7829E+04     3.2630E-01     1.0100E+01     HZ1      1312

 BOND    =     5046.9985  ANGLE   =      237.3446  DIHED      =     2034.9589
 VDWAALS =    12258.0217  EEL     =   -94036.7456  HBOND      =        0.0000
 1-4 VDW =      386.6733  1-4 EEL =     6243.3671  RESTRAINT  =        0.0000


   NSTEP       ENERGY          RMS            GMAX         NAME    NUMBER
    270      -6.7885E+04     9.8151E-01     6.1170E+01     CG        379

 BOND    =     5079.7834  ANGLE   =      257.7329  DIHED      =     2036.0680
 VDWAALS =    12342.9579  EEL     =   -94226.2253  HBOND      =        0.0000
 1-4 VDW =      382.3886  1-4 EEL =     6242.3408  RESTRAINT  =        0.0000


   NSTEP       ENERGY          RMS            GMAX         NAME    NUMBER
    275      -6.7952E+04     1.1181E+00     5.9663E+01     H1      13002

 BOND    =     5106.3016  ANGLE   =      264.9704  DIHED      =     2033.4399
 VDWAALS =    12468.2459  EEL     =   -94444.7166  HBOND      =        0.0000
 1-4 VDW =      381.1020  1-4 EEL =     6238.4618  RESTRAINT  =        0.0000


   NSTEP       ENERGY          RMS            GMAX         NAME    NUMBER
    280      -6.7955E+04     1.0115E+00     5.1378E+01     H1      13002

 BOND    =     5103.9793  ANGLE   =      264.5808  DIHED      =     2033.3866
 VDWAALS =    12468.1305  EEL     =   -94444.6471  HBOND      =        0.0000
 1-4 VDW =      381.0968  1-4 EEL =     6238.4779  RESTRAINT  =        0.0000


   NSTEP       ENERGY          RMS            GMAX         NAME    NUMBER
    285      -6.8012E+04     9.1437E-01     5.8578E+01     CG        379

 BOND    =     5103.5096  ANGLE   =      254.0900  DIHED      =     2032.8599
 VDWAALS =    12459.2727  EEL     =   -94484.2468  HBOND      =        0.0000
 1-4 VDW =      382.1143  1-4 EEL =     6240.6923  RESTRAINT  =        0.0000


   NSTEP       ENERGY          RMS            GMAX         NAME    NUMBER
    290      -6.8051E+04     6.8748E-01     3.4105E+01     CG        379

 BOND    =     5096.6949  ANGLE   =      241.2971  DIHED      =     2029.7702
 VDWAALS =    12463.8074  EEL     =   -94507.7008  HBOND      =        0.0000
 1-4 VDW =      384.5016  1-4 EEL =     6240.3890  RESTRAINT  =        0.0000


   NSTEP       ENERGY          RMS            GMAX         NAME    NUMBER
    295      -6.8066E+04     2.8027E-01     1.1459E+01     O       12989

 BOND    =     5092.7337  ANGLE   =      237.3295  DIHED      =     2028.8847
 VDWAALS =    12472.0174  EEL     =   -94522.7369  HBOND      =        0.0000
 1-4 VDW =      385.5742  1-4 EEL =     6239.8815  RESTRAINT  =        0.0000


   NSTEP       ENERGY          RMS            GMAX         NAME    NUMBER
    300      -6.8076E+04     4.2347E-01     1.6486E+01     CD        521

 BOND    =     5094.9949  ANGLE   =      240.8719  DIHED      =     2028.3643
 VDWAALS =    12481.2081  EEL     =   -94547.1797  HBOND      =        0.0000
 1-4 VDW =      385.7485  1-4 EEL =     6240.4269  RESTRAINT  =        0.0000


   NSTEP       ENERGY          RMS            GMAX         NAME    NUMBER
    305      -6.8077E+04     2.8983E-01     8.9933E+00     O       12989

 BOND    =     5094.0444  ANGLE   =      240.1334  DIHED      =     2028.3620
 VDWAALS =    12481.3701  EEL     =   -94547.2512  HBOND      =        0.0000
 1-4 VDW =      385.7540  1-4 EEL =     6240.4512  RESTRAINT  =        0.0000


   NSTEP       ENERGY          RMS            GMAX         NAME    NUMBER
    310      -6.8085E+04     2.7809E-01     1.2368E+01     CD        521

 BOND    =     5094.7850  ANGLE   =      236.2117  DIHED      =     2028.7302
 VDWAALS =    12484.8313  EEL     =   -94555.3228  HBOND      =        0.0000
 1-4 VDW =      385.5405  1-4 EEL =     6240.4669  RESTRAINT  =        0.0000


   NSTEP       ENERGY          RMS            GMAX         NAME    NUMBER
    315      -6.8097E+04     3.7694E-01     1.8740E+01     O       12989

 BOND    =     5099.4309  ANGLE   =      239.4960  DIHED      =     2028.8149
 VDWAALS =    12493.7016  EEL     =   -94582.7376  HBOND      =        0.0000
 1-4 VDW =      385.3377  1-4 EEL =     6239.0568  RESTRAINT  =        0.0000


   NSTEP       ENERGY          RMS            GMAX         NAME    NUMBER
    320      -6.8143E+04     9.2879E-01     3.9749E+01     CD        521

 BOND    =     5122.7985  ANGLE   =      256.9287  DIHED      =     2028.5659
 VDWAALS =    12567.8271  EEL     =   -94736.6908  HBOND      =        0.0000
 1-4 VDW =      383.1972  1-4 EEL =     6234.6521  RESTRAINT  =        0.0000


   NSTEP       ENERGY          RMS            GMAX         NAME    NUMBER
    325      -6.8211E+04     8.3960E-01     2.8745E+01     H2      12991

 BOND    =     5146.4736  ANGLE   =      253.7332  DIHED      =     2027.5919
 VDWAALS =    12685.9816  EEL     =   -94942.0905  HBOND      =        0.0000
 1-4 VDW =      381.5354  1-4 EEL =     6236.1139  RESTRAINT  =        0.0000


   NSTEP       ENERGY          RMS            GMAX         NAME    NUMBER
    330      -6.8213E+04     7.7658E-01     2.6199E+01     CB        376

 BOND    =     5145.2834  ANGLE   =      253.2304  DIHED      =     2027.4821
 VDWAALS =    12685.6188  EEL     =   -94942.1232  HBOND      =        0.0000
 1-4 VDW =      381.5611  1-4 EEL =     6236.0973  RESTRAINT  =        0.0000


   NSTEP       ENERGY          RMS            GMAX         NAME    NUMBER
    335      -6.8254E+04     5.7884E-01     2.3926E+01     O       12989

 BOND    =     5139.8671  ANGLE   =      245.6664  DIHED      =     2025.6701
 VDWAALS =    12674.2639  EEL     =   -94957.5237  HBOND      =        0.0000
 1-4 VDW =      383.2738  1-4 EEL =     6234.4041  RESTRAINT  =        0.0000


   NSTEP       ENERGY          RMS            GMAX         NAME    NUMBER
    340      -6.8280E+04     5.4001E-01     2.9522E+01     CG        379

 BOND    =     5143.2184  ANGLE   =      237.7105  DIHED      =     2024.1016
 VDWAALS =    12675.5127  EEL     =   -94981.9514  HBOND      =        0.0000
 1-4 VDW =      385.2465  1-4 EEL =     6236.3164  RESTRAINT  =        0.0000


   NSTEP       ENERGY          RMS            GMAX         NAME    NUMBER
    345      -6.8293E+04     3.3179E-01     1.5559E+01     CD        521

 BOND    =     5138.1403  ANGLE   =      234.3396  DIHED      =     2022.9322
 VDWAALS =    12684.9126  EEL     =   -94997.4886  HBOND      =        0.0000
 1-4 VDW =      385.9977  1-4 EEL =     6237.9971  RESTRAINT  =        0.0000


   NSTEP       ENERGY          RMS            GMAX         NAME    NUMBER
    350      -6.8301E+04     3.2667E-01     2.1658E+01     CD        521

 BOND    =     5140.0436  ANGLE   =      238.5926  DIHED      =     2022.2163
 VDWAALS =    12690.6793  EEL     =   -95017.0252  HBOND      =        0.0000
 1-4 VDW =      386.5967  1-4 EEL =     6237.9158  RESTRAINT  =        0.0000


   NSTEP       ENERGY          RMS            GMAX         NAME    NUMBER
    355      -6.8302E+04     2.2439E-01     6.0380E+00     O       12989

 BOND    =     5139.1057  ANGLE   =      238.1327  DIHED      =     2022.1869
 VDWAALS =    12690.7066  EEL     =   -95016.8320  HBOND      =        0.0000
 1-4 VDW =      386.5568  1-4 EEL =     6237.9023  RESTRAINT  =        0.0000


   NSTEP       ENERGY          RMS            GMAX         NAME    NUMBER
    360      -6.8308E+04     3.1232E-01     1.5431E+01     CD        521

 BOND    =     5139.0082  ANGLE   =      235.5004  DIHED      =     2022.4604
 VDWAALS =    12692.3352  EEL     =   -95021.8488  HBOND      =        0.0000
 1-4 VDW =      386.3248  1-4 EEL =     6237.7827  RESTRAINT  =        0.0000


   NSTEP       ENERGY          RMS            GMAX         NAME    NUMBER
    365      -6.8322E+04     3.6392E-01     1.2410E+01     CA        374

 BOND    =     5146.6844  ANGLE   =      237.8195  DIHED      =     2022.7270
 VDWAALS =    12700.8142  EEL     =   -95051.2985  HBOND      =        0.0000
 1-4 VDW =      384.9976  1-4 EEL =     6236.7041  RESTRAINT  =        0.0000


   NSTEP       ENERGY          RMS            GMAX         NAME    NUMBER
    370      -6.8342E+04     5.9207E-01     2.9576E+01     CD       1165

 BOND    =     5154.1378  ANGLE   =      243.6066  DIHED      =     2021.9573
 VDWAALS =    12728.7809  EEL     =   -95109.8182  HBOND      =        0.0000
 1-4 VDW =      382.7961  1-4 EEL =     6236.5760  RESTRAINT  =        0.0000


   NSTEP       ENERGY          RMS            GMAX         NAME    NUMBER
    375      -6.8372E+04     5.2066E-01     1.8838E+01     H2      12991

 BOND    =     5165.6403  ANGLE   =      248.2982  DIHED      =     2020.7521
 VDWAALS =    12771.7813  EEL     =   -95195.8767  HBOND      =        0.0000
 1-4 VDW =      381.7148  1-4 EEL =     6235.7912  RESTRAINT  =        0.0000


   NSTEP       ENERGY          RMS            GMAX         NAME    NUMBER
    380      -6.8373E+04     4.6419E-01     1.5728E+01     H2      12991

 BOND    =     5164.4356  ANGLE   =      247.8514  DIHED      =     2020.6879
 VDWAALS =    12771.6313  EEL     =   -95195.6277  HBOND      =        0.0000
 1-4 VDW =      381.7219  1-4 EEL =     6235.8076  RESTRAINT  =        0.0000


   NSTEP       ENERGY          RMS            GMAX         NAME    NUMBER
    385      -6.8397E+04     4.6775E-01     2.2278E+01     O       12989

 BOND    =     5160.7427  ANGLE   =      240.9724  DIHED      =     2020.5197
 VDWAALS =    12772.0585  EEL     =   -95209.9028  HBOND      =        0.0000
 1-4 VDW =      383.0516  1-4 EEL =     6235.8063  RESTRAINT  =        0.0000


   NSTEP       ENERGY          RMS            GMAX         NAME    NUMBER
    390      -6.8410E+04     3.9208E-01     1.9512E+01     H2      12991

 BOND    =     5167.3928  ANGLE   =      237.1649  DIHED      =     2019.6786
 VDWAALS =    12777.8228  EEL     =   -95232.3331  HBOND      =        0.0000
 1-4 VDW =      384.3618  1-4 EEL =     6236.2711  RESTRAINT  =        0.0000


   NSTEP       ENERGY          RMS            GMAX         NAME    NUMBER
    395      -6.8419E+04     2.6871E-01     1.4442E+01     CD        521

 BOND    =     5161.6269  ANGLE   =      236.5979  DIHED      =     2018.5179
 VDWAALS =    12787.2543  EEL     =   -95245.6456  HBOND      =        0.0000
 1-4 VDW =      385.4984  1-4 EEL =     6236.8180  RESTRAINT  =        0.0000


   NSTEP       ENERGY          RMS            GMAX         NAME    NUMBER
    400      -6.8424E+04     3.1405E-01     1.6265E+01     CD        521

 BOND    =     5164.2609  ANGLE   =      239.5289  DIHED      =     2018.0938
 VDWAALS =    12792.7100  EEL     =   -95262.4328  HBOND      =        0.0000
 1-4 VDW =      385.9706  1-4 EEL =     6237.4444  RESTRAINT  =        0.0000


   NSTEP       ENERGY          RMS            GMAX         NAME    NUMBER
    405      -6.8426E+04     2.2824E-01     6.3789E+00     CA        374

 BOND    =     5163.0466  ANGLE   =      238.9872  DIHED      =     2018.0564
 VDWAALS =    12792.9083  EEL     =   -95262.0030  HBOND      =        0.0000
 1-4 VDW =      385.9119  1-4 EEL =     6237.4163  RESTRAINT  =        0.0000


   NSTEP       ENERGY          RMS            GMAX         NAME    NUMBER
    410      -6.8432E+04     2.9013E-01     1.8086E+01     CG        379

 BOND    =     5164.6598  ANGLE   =      235.6246  DIHED      =     2018.2531
 VDWAALS =    12794.6043  EEL     =   -95267.4704  HBOND      =        0.0000
 1-4 VDW =      385.6587  1-4 EEL =     6237.1671  RESTRAINT  =        0.0000


   NSTEP       ENERGY          RMS            GMAX         NAME    NUMBER
    415      -6.8443E+04     3.5332E-01     1.2289E+01     CA        374

 BOND    =     5168.7004  ANGLE   =      238.2527  DIHED      =     2018.7428
 VDWAALS =    12800.3598  EEL     =   -95288.9368  HBOND      =        0.0000
 1-4 VDW =      384.2578  1-4 EEL =     6235.9977  RESTRAINT  =        0.0000


   NSTEP       ENERGY          RMS            GMAX         NAME    NUMBER
    420      -6.8458E+04     5.3780E-01     2.6347E+01     CD       1165

 BOND    =     5176.1807  ANGLE   =      242.7866  DIHED      =     2018.0416
 VDWAALS =    12820.6780  EEL     =   -95334.1043  HBOND      =        0.0000
 1-4 VDW =      382.5784  1-4 EEL =     6235.8598  RESTRAINT  =        0.0000


   NSTEP       ENERGY          RMS            GMAX         NAME    NUMBER
    425      -6.8483E+04     5.0977E-01     2.0320E+01     CB        376

 BOND    =     5185.6314  ANGLE   =      246.8421  DIHED      =     2017.1478
 VDWAALS =    12852.5649  EEL     =   -95402.1577  HBOND      =        0.0000
 1-4 VDW =      381.9206  1-4 EEL =     6235.5004  RESTRAINT  =        0.0000


   NSTEP       ENERGY          RMS            GMAX         NAME    NUMBER
    430      -6.8484E+04     4.4719E-01     1.6132E+01     CB        376

 BOND    =     5184.1301  ANGLE   =      246.4047  DIHED      =     2017.1056
 VDWAALS =    12852.4145  EEL     =   -95401.6384  HBOND      =        0.0000
 1-4 VDW =      381.9117  1-4 EEL =     6235.5076  RESTRAINT  =        0.0000


   NSTEP       ENERGY          RMS            GMAX         NAME    NUMBER
    435      -6.8505E+04     5.2833E-01     2.5137E+01     CG        379

 BOND    =     5179.6085  ANGLE   =      240.8372  DIHED      =     2017.0075
 VDWAALS =    12853.9516  EEL     =   -95415.1613  HBOND      =        0.0000
 1-4 VDW =      383.2449  1-4 EEL =     6235.6449  RESTRAINT  =        0.0000


   NSTEP       ENERGY          RMS            GMAX         NAME    NUMBER
    440      -6.8519E+04     2.8795E-01     1.3834E+01     O       12989

 BOND    =     5178.7629  ANGLE   =      236.0714  DIHED      =     2015.8069
 VDWAALS =    12862.7896  EEL     =   -95433.8952  HBOND      =        0.0000
 1-4 VDW =      384.5976  1-4 EEL =     6236.4754  RESTRAINT  =        0.0000


   NSTEP       ENERGY          RMS            GMAX         NAME    NUMBER
    445      -6.8524E+04     2.6934E-01     1.1024E+01     CD        521

 BOND    =     5181.2499  ANGLE   =      236.4701  DIHED      =     2015.2562
 VDWAALS =    12868.2421  EEL     =   -95446.7593  HBOND      =        0.0000
 1-4 VDW =      384.8336  1-4 EEL =     6236.5788  RESTRAINT  =        0.0000


   NSTEP       ENERGY          RMS            GMAX         NAME    NUMBER
    450      -6.8532E+04     3.1443E-01     1.1560E+01     O       12989

 BOND    =     5184.7889  ANGLE   =      239.6781  DIHED      =     2014.8442
 VDWAALS =    12875.3985  EEL     =   -95469.6338  HBOND      =        0.0000
 1-4 VDW =      385.1554  1-4 EEL =     6237.2751  RESTRAINT  =        0.0000


   NSTEP       ENERGY          RMS            GMAX         NAME    NUMBER
    455      -6.8534E+04     2.2055E-01     7.9409E+00     O       12989

 BOND    =     5183.9475  ANGLE   =      239.0566  DIHED      =     2014.8364
 VDWAALS =    12875.6649  EEL     =   -95469.5605  HBOND      =        0.0000
 1-4 VDW =      385.0844  1-4 EEL =     6237.2121  RESTRAINT  =        0.0000


   NSTEP       ENERGY          RMS            GMAX         NAME    NUMBER
    460      -6.8538E+04     2.4838E-01     1.5451E+01     CG        573

 BOND    =     5184.1499  ANGLE   =      235.8644  DIHED      =     2014.9519
 VDWAALS =    12878.7314  EEL     =   -95474.0976  HBOND      =        0.0000
 1-4 VDW =      385.1238  1-4 EEL =     6236.8946  RESTRAINT  =        0.0000


   NSTEP       ENERGY          RMS            GMAX         NAME    NUMBER
    465      -6.8548E+04     3.1188E-01     1.1133E+01     O       12989

 BOND    =     5189.2601  ANGLE   =      238.0988  DIHED      =     2015.4155
 VDWAALS =    12885.3435  EEL     =   -95496.5584  HBOND      =        0.0000
 1-4 VDW =      384.5092  1-4 EEL =     6236.1788  RESTRAINT  =        0.0000


   NSTEP       ENERGY          RMS            GMAX         NAME    NUMBER
    470      -6.8593E+04     1.0556E+00     5.4289E+01     CD        521

 BOND    =     5219.5631  ANGLE   =      250.9607  DIHED      =     2014.9292
 VDWAALS =    12953.2119  EEL     =   -95648.7754  HBOND      =        0.0000
 1-4 VDW =      382.0763  1-4 EEL =     6234.6587  RESTRAINT  =        0.0000


   NSTEP       ENERGY          RMS            GMAX         NAME    NUMBER
    475      -6.8641E+04     5.4660E-01     1.8770E+01     H1      11883

 BOND    =     5226.4470  ANGLE   =      248.1793  DIHED      =     2012.8233
 VDWAALS =    13012.1732  EEL     =   -95755.8266  HBOND      =        0.0000
 1-4 VDW =      381.3620  1-4 EEL =     6233.8095  RESTRAINT  =        0.0000


   NSTEP       ENERGY          RMS            GMAX         NAME    NUMBER
    480      -6.8643E+04     4.8706E-01     1.7035E+01     H1      11823

 BOND    =     5224.8771  ANGLE   =      248.0121  DIHED      =     2012.7623
 VDWAALS =    13012.0124  EEL     =   -95755.5155  HBOND      =        0.0000
 1-4 VDW =      381.3654  1-4 EEL =     6233.8500  RESTRAINT  =        0.0000


   NSTEP       ENERGY          RMS            GMAX         NAME    NUMBER
    485      -6.8681E+04     5.3118E-01     3.3075E+01     CG        379

 BOND    =     5223.6287  ANGLE   =      240.2800  DIHED      =     2011.5657
 VDWAALS =    13008.9907  EEL     =   -95784.4224  HBOND      =        0.0000
 1-4 VDW =      383.3440  1-4 EEL =     6235.2599  RESTRAINT  =        0.0000


   NSTEP       ENERGY          RMS            GMAX         NAME    NUMBER
    490      -6.8694E+04     2.8668E-01     1.4492E+01     CG        573

 BOND    =     5221.3732  ANGLE   =      236.8955  DIHED      =     2011.0714
 VDWAALS =    13014.1581  EEL     =   -95798.3630  HBOND      =        0.0000
 1-4 VDW =      384.5079  1-4 EEL =     6236.0374  RESTRAINT  =        0.0000


   NSTEP       ENERGY          RMS            GMAX         NAME    NUMBER
    495      -6.8701E+04     3.1005E-01     1.2294E+01     CD        521

 BOND    =     5220.7066  ANGLE   =      236.8868  DIHED      =     2010.4591
 VDWAALS =    13019.2043  EEL     =   -95809.0223  HBOND      =        0.0000
 1-4 VDW =      384.7624  1-4 EEL =     6236.2395  RESTRAINT  =        0.0000


   NSTEP       ENERGY          RMS            GMAX         NAME    NUMBER
    500      -6.8708E+04     3.6279E-01     1.5812E+01     O       11822

 BOND    =     5227.4050  ANGLE   =      240.6646  DIHED      =     2010.1587
 VDWAALS =    13024.5176  EEL     =   -95831.9619  HBOND      =        0.0000
 1-4 VDW =      385.0479  1-4 EEL =     6236.1486  RESTRAINT  =        0.0000


  Maximum number of minimization cycles reached.


                    FINAL RESULTS



   NSTEP       ENERGY          RMS            GMAX         NAME    NUMBER
    500      -6.8708E+04     3.6279E-01     1.5812E+01     O       11822

 BOND    =     5227.4050  ANGLE   =      240.6646  DIHED      =     2010.1587
 VDWAALS =    13024.5176  EEL     =   -95831.9619  HBOND      =        0.0000
 1-4 VDW =      385.0479  1-4 EEL =     6236.1486  RESTRAINT  =        0.0000
--------------------------------------------------------------------------------
   5.  TIMINGS
--------------------------------------------------------------------------------

|  NonSetup CPU Time in Major Routines:
|
|     Routine           Sec        %
|     ------------------------------
|     Nonbond          27.63   95.90
|     Bond              0.11    0.37
|     Angle             0.11    0.37
|     Dihedral          0.71    2.46
|     Shake             0.00    0.00
|     Other             0.26    0.89
|     ------------------------------
|     Total            28.81

|  PME Nonbond Pairlist CPU Time:
|
|     Routine              Sec        %
|     ---------------------------------
|     Set Up Cit           0.00    0.00
|     Build List           0.38    1.33
|     ---------------------------------
|     Total                0.38    1.33

|  PME Direct Force CPU Time:
|
|     Routine              Sec        %
|     ---------------------------------
|     NonBonded Calc      19.59   68.00
|     Exclude Masked       0.40    1.39
|     Other                0.18    0.64
|     ---------------------------------
|     Total               20.17   70.02

|  PME Reciprocal Force CPU Time:
|
|     Routine              Sec        %
|     ---------------------------------
|     1D bspline           0.46    1.61
|     Grid Charges         0.74    2.58
|     Scalar Sum           1.24    4.32
|     Gradient Sum         1.02    3.54
|     FFT                  3.58   12.44
|     ---------------------------------
|     Total                7.06   24.49

|  Setup CPU time:            0.06 seconds
|  NonSetup CPU time:        28.81 seconds
|  Total CPU time:           28.87 seconds     0.01 hours

|  Setup wall time:           0    seconds
|  NonSetup wall time:       29    seconds
|  Total wall time:          29    seconds     0.01 hours
