
          -------------------------------------------------------
          Amber 16 PMEMD                              2016
          -------------------------------------------------------

| PMEMD implementation of SANDER, Release 16

| Run on 07/04/2017 at 00:21:54

|   Executable path: pmemd
| Working directory: /home/german/obp/run/mu_eol/mhe/m
|          Hostname: Unknown
  [-O]verwriting output

File Assignments:
|   MDIN: min.in                                                                
|  MDOUT: min.out                                                               
| INPCRD: mu_eol.rst7                                                           
|   PARM: /home/german/obp/top_files/mu_eol.prmtop                              
| RESTRT: mmu_eol.rst7                                                          
|   REFC: mu_eol.rst7                                                           
|  MDVEL: mdvel                                                                 
|   MDEN: mden                                                                  
|  MDCRD: mmu_eol.crd                                                           
| MDINFO: mdinfo                                                                
|  MDFRC: mdfrc                                                                 


 Here is the input file:

Minimization with Cartesian restraints                                         
&cntrl                                                                         
imin=1,                                                                        
ntmin=1,                                ! Steepest Descent, then Conjugate Grad
ncyc=100,                               ! 100 steps of Steepest Descent        
maxcyc=500,                             ! 400 steps of Conjugate Gradient      
ntpr=5,                                                                        
ntr=1,                                  ! Use restraints                       
restraint_wt=100.0,                     ! 100 Kcal/mol                         
restraintmask=':1-120',                 ! Apply restraints on whole molecule. M
&end                                                                           


Note: ig = -1. Setting random seed to   708315 based on wallclock time in 
      microseconds.
 
 
| Conditional Compilation Defines Used:
| PUBFFT
| BINTRAJ
| EMIL

| Largest sphere to fit in unit cell has radius =    29.151

| New format PARM file being parsed.
| Version =    1.000 Date = 02/20/15 Time = 17:35:03

| Note: 1-4 EEL scale factors are being read from the topology file.

| Note: 1-4 VDW scale factors are being read from the topology file.
| Duplicated    0 dihedrals

| Duplicated    0 dihedrals

--------------------------------------------------------------------------------
   1.  RESOURCE   USE: 
--------------------------------------------------------------------------------

 getting new box info from bottom of inpcrd
 NATOM  =   18178 NTYPES =      18 NBONH =   17227 MBONA  =     955
 NTHETH =    2228 MTHETA =    1282 NPHIH =    4328 MPHIA  =    4367
 NHPARM =       0 NPARM  =       0 NNB   =   32287 NRES   =    5542
 NBONA  =     955 NTHETA =    1282 NPHIA =    4367 NUMBND =      72
 NUMANG =     151 NPTRA  =     245 NATYP =      42 NPHB   =       1
 IFBOX  =       1 NMXRS  =      24 IFCAP =       0 NEXTRA =       0
 NCOPY  =       0

| Coordinate Index Table dimensions:    13   14   12
| Direct force subcell size =     4.6400    4.7864    4.8585

     BOX TYPE: RECTILINEAR

--------------------------------------------------------------------------------
   2.  CONTROL  DATA  FOR  THE  RUN
--------------------------------------------------------------------------------

default_name                                                                    

General flags:
     imin    =       1, nmropt  =       0

Nature and format of input:
     ntx     =       1, irest   =       0, ntrx    =       1

Nature and format of output:
     ntxo    =       2, ntpr    =       5, ntrx    =       1, ntwr    =       1
     iwrap   =       0, ntwx    =       0, ntwv    =       0, ntwe    =       0
     ioutfm  =       1, ntwprt  =       0, idecomp =       0, rbornstat=      0

Potential function:
     ntf     =       1, ntb     =       1, igb     =       0, nsnb    =      25
     ipol    =       0, gbsa    =       0, iesp    =       0
     dielc   =   1.00000, cut     =   8.00000, intdiel =   1.00000

Frozen or restrained atoms:
     ibelly  =       0, ntr     =       1
     restraint_wt = 100.00000

Energy minimization:
     maxcyc  =     500, ncyc    =     100, ntmin   =       1
     dx0     =   0.01000, drms    =   0.00010

| Intermolecular bonds treatment:
|     no_intermolecular_bonds =       1

| Energy averages sample interval:
|     ene_avg_sampling =       1

Ewald parameters:
     verbose =       0, ew_type =       0, nbflag  =       1, use_pme =       1
     vdwmeth =       1, eedmeth =       1, netfrc  =       0
     Box X =   60.320   Box Y =   67.010   Box Z =   58.302
     Alpha =   90.000   Beta  =   90.000   Gamma =   90.000
     NFFT1 =   64       NFFT2 =   72       NFFT3 =   60
     Cutoff=    8.000   Tol   =0.100E-04
     Ewald Coefficient =  0.34864
     Interpolation order =    4

    LOADING THE CONSTRAINED ATOMS AS GROUPS


   5.  REFERENCE ATOM COORDINATES

  default_name                                                                    
     Mask :1-120; matches  1918 atoms

--------------------------------------------------------------------------------
   3.  ATOMIC COORDINATES AND VELOCITIES
--------------------------------------------------------------------------------

default_name                                                                    
 begin time read from input coords =     0.000 ps

 
 Number of triangulated 3-point waters found:     5419

     Sum of charges from parm topology file =  -0.00000006
     Forcing neutrality...

| Dynamic Memory, Types Used:
| Reals              598481
| Integers           592354

| Nonbonded Pairs Initial Allocation:     3036180

--------------------------------------------------------------------------------
   4.  RESULTS
--------------------------------------------------------------------------------

 ---------------------------------------------------
 APPROXIMATING switch and d/dx switch using CUBIC SPLINE INTERPOLATION
 using   5000.0 points per unit in tabled values
 TESTING RELATIVE ERROR over r ranging from 0.0 to cutoff
| CHECK switch(x): max rel err =   0.2738E-14   at   2.422500
| CHECK d/dx switch(x): max rel err =   0.8332E-11   at   2.782960
 ---------------------------------------------------
|---------------------------------------------------
| APPROXIMATING direct energy using CUBIC SPLINE INTERPOLATION
|  with   50.0 points per unit in tabled values
| Relative Error Limit not exceeded for r .gt.   2.47
| APPROXIMATING direct force using CUBIC SPLINE INTERPOLATION
|  with   50.0 points per unit in tabled values
| Relative Error Limit not exceeded for r .gt.   2.89
|---------------------------------------------------


   NSTEP       ENERGY          RMS            GMAX         NAME    NUMBER
      1      -4.4182E+04     5.3520E+01     4.1185E+03     SG       1399

 BOND    =      154.7062  ANGLE   =      272.8546  DIHED      =     2107.9067
 VDWAALS =     7223.4321  EEL     =   -60869.1635  HBOND      =        0.0000
 1-4 VDW =      451.0778  1-4 EEL =     6476.7412  RESTRAINT  =        0.0000


   NSTEP       ENERGY          RMS            GMAX         NAME    NUMBER
      5      -4.4882E+04     4.0303E+01     3.0466E+03     SG       1399

 BOND    =      152.5537  ANGLE   =      271.9291  DIHED      =     2107.8583
 VDWAALS =     6565.7574  EEL     =   -60908.3873  HBOND      =        0.0000
 1-4 VDW =      451.0382  1-4 EEL =     6476.7308  RESTRAINT  =        0.3910
 EAMBER  =   -44882.5199


   NSTEP       ENERGY          RMS            GMAX         NAME    NUMBER
     10      -4.6129E+04     2.0768E+01     1.3736E+03     SG       1399

 BOND    =      149.4077  ANGLE   =      268.6684  DIHED      =     2107.5688
 VDWAALS =     5497.0402  EEL     =   -61084.7403  HBOND      =        0.0000
 1-4 VDW =      450.8917  1-4 EEL =     6476.5906  RESTRAINT  =        5.4557
 EAMBER  =   -46134.5730


   NSTEP       ENERGY          RMS            GMAX         NAME    NUMBER
     15      -4.7610E+04     1.0176E+01     3.4366E+02     SG       1399

 BOND    =      245.2455  ANGLE   =      256.1843  DIHED      =     2105.7705
 VDWAALS =     4732.2478  EEL     =   -61905.2276  HBOND      =        0.0000
 1-4 VDW =      450.3417  1-4 EEL =     6475.2729  RESTRAINT  =       30.1414
 EAMBER  =   -47640.1648


   NSTEP       ENERGY          RMS            GMAX         NAME    NUMBER
     20      -4.9507E+04     5.0605E+00     5.3233E+01     SG       1399

 BOND    =     1159.9098  ANGLE   =      230.3944  DIHED      =     2100.3950
 VDWAALS =     4328.6025  EEL     =   -64329.2732  HBOND      =        0.0000
 1-4 VDW =      448.8973  1-4 EEL =     6466.2677  RESTRAINT  =       88.2292
 EAMBER  =   -49594.8065


   NSTEP       ENERGY          RMS            GMAX         NAME    NUMBER
     25      -5.1689E+04     2.5968E+00     3.4624E+01     Na+      1920

 BOND    =     2663.0664  ANGLE   =      205.9086  DIHED      =     2096.1716
 VDWAALS =     4110.9618  EEL     =   -67815.1399  HBOND      =        0.0000
 1-4 VDW =      445.9813  1-4 EEL =     6433.6928  RESTRAINT  =      170.6027
 EAMBER  =   -51859.3574


   NSTEP       ENERGY          RMS            GMAX         NAME    NUMBER
     30      -5.3562E+04     4.4741E+00     1.2102E+02     CD        394

 BOND    =     3411.0897  ANGLE   =      208.6962  DIHED      =     2095.1342
 VDWAALS =     4154.2563  EEL     =   -70501.7046  HBOND      =        0.0000
 1-4 VDW =      444.1622  1-4 EEL =     6426.0449  RESTRAINT  =      200.5290
 EAMBER  =   -53762.3211


   NSTEP       ENERGY          RMS            GMAX         NAME    NUMBER
     35      -5.3992E+04     6.5543E+00     2.1978E+02     CD        394

 BOND    =     3949.6537  ANGLE   =      218.5449  DIHED      =     2095.0301
 VDWAALS =     4184.9627  EEL     =   -71517.3823  HBOND      =        0.0000
 1-4 VDW =      443.7670  1-4 EEL =     6427.8960  RESTRAINT  =      205.9272
 EAMBER  =   -54197.5278


   NSTEP       ENERGY          RMS            GMAX         NAME    NUMBER
     40      -5.4522E+04     6.9832E+00     2.2667E+02     CG       1387

 BOND    =     4091.4535  ANGLE   =      215.6727  DIHED      =     2094.4423
 VDWAALS =     4234.8257  EEL     =   -72231.7729  HBOND      =        0.0000
 1-4 VDW =      443.6206  1-4 EEL =     6424.7423  RESTRAINT  =      205.2364
 EAMBER  =   -54727.0158


   NSTEP       ENERGY          RMS            GMAX         NAME    NUMBER
     45      -5.5317E+04     2.4557E+00     3.6416E+01     CD        394

 BOND    =     2755.8159  ANGLE   =      199.9450  DIHED      =     2094.6773
 VDWAALS =     4299.4055  EEL     =   -71733.2127  HBOND      =        0.0000
 1-4 VDW =      444.1532  1-4 EEL =     6422.5175  RESTRAINT  =      199.5113
 EAMBER  =   -55516.6983


   NSTEP       ENERGY          RMS            GMAX         NAME    NUMBER
     50      -5.5707E+04     1.8603E+00     2.6825E+01     CG       1387

 BOND    =     2862.6504  ANGLE   =      199.9296  DIHED      =     2094.7245
 VDWAALS =     4350.0193  EEL     =   -72280.9040  HBOND      =        0.0000
 1-4 VDW =      444.2140  1-4 EEL =     6422.8804  RESTRAINT  =      199.0906
 EAMBER  =   -55906.4857


   NSTEP       ENERGY          RMS            GMAX         NAME    NUMBER
     55      -5.6057E+04     2.0739E+00     4.0770E+01     CG       1387

 BOND    =     2858.8916  ANGLE   =      199.7374  DIHED      =     2094.6580
 VDWAALS =     4406.4222  EEL     =   -72682.4438  HBOND      =        0.0000
 1-4 VDW =      444.2582  1-4 EEL =     6422.7611  RESTRAINT  =      198.3378
 EAMBER  =   -56255.7152


   NSTEP       ENERGY          RMS            GMAX         NAME    NUMBER
     60      -5.6304E+04     3.2107E+00     4.0658E+01     CD        394

 BOND    =     2751.1168  ANGLE   =      199.0631  DIHED      =     2094.6949
 VDWAALS =     4460.9201  EEL     =   -72874.9379  HBOND      =        0.0000
 1-4 VDW =      444.3952  1-4 EEL =     6422.8114  RESTRAINT  =      197.7835
 EAMBER  =   -56501.9365


   NSTEP       ENERGY          RMS            GMAX         NAME    NUMBER
     65      -5.6577E+04     3.5389E+00     8.2594E+01     CG       1387

 BOND    =     2757.9330  ANGLE   =      199.2149  DIHED      =     2094.8359
 VDWAALS =     4518.8820  EEL     =   -73213.9567  HBOND      =        0.0000
 1-4 VDW =      444.5606  1-4 EEL =     6423.4096  RESTRAINT  =      198.0183
 EAMBER  =   -56775.1207


   NSTEP       ENERGY          RMS            GMAX         NAME    NUMBER
     70      -5.6816E+04     3.4242E+00     5.4596E+01     CG       1387

 BOND    =     2780.0083  ANGLE   =      199.3161  DIHED      =     2094.7080
 VDWAALS =     4568.9281  EEL     =   -73523.7812  HBOND      =        0.0000
 1-4 VDW =      444.4986  1-4 EEL =     6423.1402  RESTRAINT  =      197.3225
 EAMBER  =   -57013.1818


   NSTEP       ENERGY          RMS            GMAX         NAME    NUMBER
     75      -5.7115E+04     1.0971E+00     1.4122E+01     Na+      1919

 BOND    =     3218.2436  ANGLE   =      199.3532  DIHED      =     2094.8142
 VDWAALS =     4615.4517  EEL     =   -74307.8753  HBOND      =        0.0000
 1-4 VDW =      444.5564  1-4 EEL =     6423.5425  RESTRAINT  =      197.2806
 EAMBER  =   -57311.9137


   NSTEP       ENERGY          RMS            GMAX         NAME    NUMBER
     80      -5.7225E+04     3.7866E+00     5.2831E+01     CG       1387

 BOND    =     2788.1856  ANGLE   =      199.2233  DIHED      =     2094.7642
 VDWAALS =     4675.1574  EEL     =   -74047.0281  HBOND      =        0.0000
 1-4 VDW =      444.5776  1-4 EEL =     6423.4216  RESTRAINT  =      197.0658
 EAMBER  =   -57421.6985


   NSTEP       ENERGY          RMS            GMAX         NAME    NUMBER
     85      -5.7416E+04     3.9798E+00     1.3200E+02     CG       1387

 BOND    =     2820.2087  ANGLE   =      199.7283  DIHED      =     2094.9955
 VDWAALS =     4731.3982  EEL     =   -74329.4261  HBOND      =        0.0000
 1-4 VDW =      444.7558  1-4 EEL =     6424.1890  RESTRAINT  =      198.0244
 EAMBER  =   -57614.1506


   NSTEP       ENERGY          RMS            GMAX         NAME    NUMBER
     90      -5.7712E+04     1.2792E+00     1.0542E+01     Na+      1919

 BOND    =     3361.4139  ANGLE   =      199.1629  DIHED      =     2094.8866
 VDWAALS =     4780.2224  EEL     =   -75213.1661  HBOND      =        0.0000
 1-4 VDW =      444.6131  1-4 EEL =     6423.7921  RESTRAINT  =      197.0456
 EAMBER  =   -57909.0752


   NSTEP       ENERGY          RMS            GMAX         NAME    NUMBER
     95      -5.7864E+04     9.3754E-01     9.7514E+00     Na+      1919

 BOND    =     3284.9648  ANGLE   =      199.0758  DIHED      =     2094.8908
 VDWAALS =     4826.3256  EEL     =   -75335.1113  HBOND      =        0.0000
 1-4 VDW =      444.6188  1-4 EEL =     6423.8107  RESTRAINT  =      197.0062
 EAMBER  =   -58061.4247


   NSTEP       ENERGY          RMS            GMAX         NAME    NUMBER
    100      -5.8038E+04     9.1996E-01     8.8651E+00     Na+      1919

 BOND    =     3308.7303  ANGLE   =      199.0184  DIHED      =     2094.9111
 VDWAALS =     4883.2538  EEL     =   -75588.9536  HBOND      =        0.0000
 1-4 VDW =      444.6217  1-4 EEL =     6423.8593  RESTRAINT  =      196.9905
 EAMBER  =   -58234.5589


   NSTEP       ENERGY          RMS            GMAX         NAME    NUMBER
    105      -5.8149E+04     1.1418E+00     9.1256E+00     CG       1387

 BOND    =     3392.5622  ANGLE   =      199.0133  DIHED      =     2094.9241
 VDWAALS =     4922.6008  EEL     =   -75823.2834  HBOND      =        0.0000
 1-4 VDW =      444.6149  1-4 EEL =     6423.8832  RESTRAINT  =      196.9809
 EAMBER  =   -58345.6849


   NSTEP       ENERGY          RMS            GMAX         NAME    NUMBER
    110      -5.9450E+04     6.3017E+00     2.1034E+02     O       14582

 BOND    =     4599.0908  ANGLE   =      199.9234  DIHED      =     2095.1210
 VDWAALS =     5925.8711  EEL     =   -79335.8904  HBOND      =        0.0000
 1-4 VDW =      444.4345  1-4 EEL =     6423.9060  RESTRAINT  =      197.3641
 EAMBER  =   -59647.5435


   NSTEP       ENERGY          RMS            GMAX         NAME    NUMBER
    115      -6.0098E+04     1.2512E+00     5.0046E+01     H1      14583

 BOND    =     3608.0487  ANGLE   =      198.0000  DIHED      =     2094.7870
 VDWAALS =     6224.6910  EEL     =   -79289.9151  HBOND      =        0.0000
 1-4 VDW =      444.4776  1-4 EEL =     6423.9454  RESTRAINT  =      197.4738
 EAMBER  =   -60295.9654


   NSTEP       ENERGY          RMS            GMAX         NAME    NUMBER
    120      -6.0581E+04     4.8481E+00     3.2636E+02     H2      13174

 BOND    =     3911.2569  ANGLE   =      197.8032  DIHED      =     2093.7957
 VDWAALS =     7544.1745  EEL     =   -81398.3959  HBOND      =        0.0000
 1-4 VDW =      444.5260  1-4 EEL =     6424.3485  RESTRAINT  =      201.0094
 EAMBER  =   -60782.4911


   NSTEP       ENERGY          RMS            GMAX         NAME    NUMBER
    125      -6.0880E+04     1.9094E+00     6.5353E+01     H2      13174

 BOND    =     3835.9140  ANGLE   =      197.7236  DIHED      =     2094.2397
 VDWAALS =     7438.7287  EEL     =   -81514.4436  HBOND      =        0.0000
 1-4 VDW =      444.5195  1-4 EEL =     6424.3293  RESTRAINT  =      198.5643
 EAMBER  =   -61078.9888


   NSTEP       ENERGY          RMS            GMAX         NAME    NUMBER
    130      -6.0884E+04     1.8270E+00     6.1923E+01     H2      13174

 BOND    =     3838.5670  ANGLE   =      197.7080  DIHED      =     2094.2371
 VDWAALS =     7438.6000  EEL     =   -81520.5756  HBOND      =        0.0000
 1-4 VDW =      444.5172  1-4 EEL =     6424.3153  RESTRAINT  =      198.5379
 EAMBER  =   -61082.6309


   NSTEP       ENERGY          RMS            GMAX         NAME    NUMBER
    135      -6.1194E+04     1.9415E+00     6.7825E+01     O       13172

 BOND    =     3768.0920  ANGLE   =      197.3568  DIHED      =     2094.7442
 VDWAALS =     7290.9793  EEL     =   -81611.0984  HBOND      =        0.0000
 1-4 VDW =      444.7181  1-4 EEL =     6424.0561  RESTRAINT  =      197.2980
 EAMBER  =   -61391.1517


   NSTEP       ENERGY          RMS            GMAX         NAME    NUMBER
    140      -6.1563E+04     1.6706E+00     9.5156E+01     CG       1387

 BOND    =     3817.0960  ANGLE   =      198.5830  DIHED      =     2095.4980
 VDWAALS =     7108.6398  EEL     =   -81858.1232  HBOND      =        0.0000
 1-4 VDW =      445.3788  1-4 EEL =     6424.0749  RESTRAINT  =      206.0320
 EAMBER  =   -61768.8526


   NSTEP       ENERGY          RMS            GMAX         NAME    NUMBER
    145      -6.1813E+04     1.6282E+00     5.8863E+01     O       13616

 BOND    =     3992.6367  ANGLE   =      202.1337  DIHED      =     2094.3319
 VDWAALS =     7163.9777  EEL     =   -82341.9194  HBOND      =        0.0000
 1-4 VDW =      444.5499  1-4 EEL =     6422.8342  RESTRAINT  =      208.4559
 EAMBER  =   -62021.4554


   NSTEP       ENERGY          RMS            GMAX         NAME    NUMBER
    150      -6.1988E+04     1.2489E+00     5.5588E+01     OG       1694

 BOND    =     3952.2737  ANGLE   =      205.3743  DIHED      =     2094.0196
 VDWAALS =     7335.5191  EEL     =   -82672.8759  HBOND      =        0.0000
 1-4 VDW =      444.1603  1-4 EEL =     6422.1551  RESTRAINT  =      230.9102
 EAMBER  =   -62219.3738


   NSTEP       ENERGY          RMS            GMAX         NAME    NUMBER
    155      -6.1991E+04     1.2208E+00     5.5189E+01     OG       1694

 BOND    =     3948.3641  ANGLE   =      205.2472  DIHED      =     2094.0100
 VDWAALS =     7335.6530  EEL     =   -82670.7476  HBOND      =        0.0000
 1-4 VDW =      444.1602  1-4 EEL =     6422.1673  RESTRAINT  =      230.4648
 EAMBER  =   -62221.1457


   NSTEP       ENERGY          RMS            GMAX         NAME    NUMBER
    160      -6.2193E+04     1.5249E+00     7.8950E+01     O       13616

 BOND    =     3970.4539  ANGLE   =      202.4913  DIHED      =     2096.0607
 VDWAALS =     7426.1777  EEL     =   -82964.6638  HBOND      =        0.0000
 1-4 VDW =      445.3707  1-4 EEL =     6424.1501  RESTRAINT  =      207.1540
 EAMBER  =   -62399.9595


   NSTEP       ENERGY          RMS            GMAX         NAME    NUMBER
    165      -6.2307E+04     1.5576E+00     7.4981E+01     CG       1387

 BOND    =     4042.4061  ANGLE   =      201.8698  DIHED      =     2096.0698
 VDWAALS =     7537.7645  EEL     =   -83275.1132  HBOND      =        0.0000
 1-4 VDW =      445.3865  1-4 EEL =     6423.9900  RESTRAINT  =      220.8117
 EAMBER  =   -62527.6266


   NSTEP       ENERGY          RMS            GMAX         NAME    NUMBER
    170      -6.2541E+04     1.7409E+00     7.7820E+01     H2      13618

 BOND    =     4140.2287  ANGLE   =      208.9158  DIHED      =     2094.9695
 VDWAALS =     7858.1108  EEL     =   -83936.2260  HBOND      =        0.0000
 1-4 VDW =      445.3253  1-4 EEL =     6423.2022  RESTRAINT  =      224.3586
 EAMBER  =   -62765.4737


   NSTEP       ENERGY          RMS            GMAX         NAME    NUMBER
    175      -6.2669E+04     1.3415E+00     5.2115E+01     HG       1695

 BOND    =     4119.6982  ANGLE   =      205.6464  DIHED      =     2094.4603
 VDWAALS =     7991.7656  EEL     =   -84169.7034  HBOND      =        0.0000
 1-4 VDW =      445.3522  1-4 EEL =     6424.0273  RESTRAINT  =      219.6757
 EAMBER  =   -62888.7534


   NSTEP       ENERGY          RMS            GMAX         NAME    NUMBER
    180      -6.2672E+04     1.2757E+00     5.0631E+01     HG       1695

 BOND    =     4114.6420  ANGLE   =      205.3674  DIHED      =     2094.4422
 VDWAALS =     7991.7618  EEL     =   -84166.6687  HBOND      =        0.0000
 1-4 VDW =      445.3397  1-4 EEL =     6424.0354  RESTRAINT  =      219.2382
 EAMBER  =   -62891.0803


   NSTEP       ENERGY          RMS            GMAX         NAME    NUMBER
    185      -6.2759E+04     1.0244E+00     7.6499E+01     CG       1387

 BOND    =     4083.9345  ANGLE   =      199.1546  DIHED      =     2094.1930
 VDWAALS =     8010.1654  EEL     =   -84215.0410  HBOND      =        0.0000
 1-4 VDW =      444.5982  1-4 EEL =     6423.4071  RESTRAINT  =      200.1532
 EAMBER  =   -62959.5883


   NSTEP       ENERGY          RMS            GMAX         NAME    NUMBER
    190      -6.2832E+04     1.1469E+00     5.1215E+01     CG       1387

 BOND    =     4111.9635  ANGLE   =      202.3820  DIHED      =     2094.9965
 VDWAALS =     8058.2469  EEL     =   -84383.9614  HBOND      =        0.0000
 1-4 VDW =      444.1235  1-4 EEL =     6423.8420  RESTRAINT  =      216.0744
 EAMBER  =   -63048.4071


   NSTEP       ENERGY          RMS            GMAX         NAME    NUMBER
    195      -6.3068E+04     2.4791E+00     1.3119E+02     CG       1387

 BOND    =     4296.7454  ANGLE   =      217.5833  DIHED      =     2096.5063
 VDWAALS =     8354.9640  EEL     =   -85133.2454  HBOND      =        0.0000
 1-4 VDW =      446.8912  1-4 EEL =     6421.7849  RESTRAINT  =      230.9949
 EAMBER  =   -63298.7702


   NSTEP       ENERGY          RMS            GMAX         NAME    NUMBER
    200      -6.3257E+04     1.7440E+00     7.8961E+01     CD        327

 BOND    =     4128.2214  ANGLE   =      209.7773  DIHED      =     2094.3247
 VDWAALS =     8581.2379  EEL     =   -85360.3766  HBOND      =        0.0000
 1-4 VDW =      446.3026  1-4 EEL =     6422.7140  RESTRAINT  =      220.4615
 EAMBER  =   -63477.7987


   NSTEP       ENERGY          RMS            GMAX         NAME    NUMBER
    205      -6.3260E+04     1.6807E+00     7.5123E+01     CD        327

 BOND    =     4130.9813  ANGLE   =      209.4681  DIHED      =     2094.3119
 VDWAALS =     8581.1616  EEL     =   -85365.4417  HBOND      =        0.0000
 1-4 VDW =      446.2807  1-4 EEL =     6422.7137  RESTRAINT  =      220.1113
 EAMBER  =   -63480.5242


   NSTEP       ENERGY          RMS            GMAX         NAME    NUMBER
    210      -6.3401E+04     2.0682E+00     1.2335E+02     CG       1387

 BOND    =     4187.2727  ANGLE   =      208.1739  DIHED      =     2094.6491
 VDWAALS =     8617.2544  EEL     =   -85586.7869  HBOND      =        0.0000
 1-4 VDW =      444.1972  1-4 EEL =     6424.0227  RESTRAINT  =      209.9391
 EAMBER  =   -63611.2169


   NSTEP       ENERGY          RMS            GMAX         NAME    NUMBER
    215      -6.3499E+04     1.2700E+00     5.1064E+01     CG       1387

 BOND    =     4215.9599  ANGLE   =      201.8808  DIHED      =     2095.1003
 VDWAALS =     8657.9051  EEL     =   -85749.2973  HBOND      =        0.0000
 1-4 VDW =      444.3295  1-4 EEL =     6423.7453  RESTRAINT  =      211.4818
 EAMBER  =   -63710.3764


   NSTEP       ENERGY          RMS            GMAX         NAME    NUMBER
    220      -6.3623E+04     1.1319E+00     8.3989E+01     CD        327

 BOND    =     4266.7611  ANGLE   =      198.9430  DIHED      =     2094.4713
 VDWAALS =     8820.6045  EEL     =   -86074.4372  HBOND      =        0.0000
 1-4 VDW =      445.1074  1-4 EEL =     6423.9992  RESTRAINT  =      201.1581
 EAMBER  =   -63824.5507


   NSTEP       ENERGY          RMS            GMAX         NAME    NUMBER
    225      -6.3679E+04     9.7419E-01     5.9461E+01     OE1       328

 BOND    =     4294.0543  ANGLE   =      201.3904  DIHED      =     2094.2372
 VDWAALS =     8939.5611  EEL     =   -86279.0531  HBOND      =        0.0000
 1-4 VDW =      444.5710  1-4 EEL =     6424.6262  RESTRAINT  =      201.5432
 EAMBER  =   -63880.6128


   NSTEP       ENERGY          RMS            GMAX         NAME    NUMBER
    230      -6.3681E+04     9.1720E-01     5.7255E+01     OE1       328

 BOND    =     4288.4414  ANGLE   =      201.2371  DIHED      =     2094.2153
 VDWAALS =     8939.1315  EEL     =   -86274.7857  HBOND      =        0.0000
 1-4 VDW =      444.5714  1-4 EEL =     6424.5927  RESTRAINT  =      201.2768
 EAMBER  =   -63882.5963


   NSTEP       ENERGY          RMS            GMAX         NAME    NUMBER
    235      -6.3750E+04     9.6838E-01     5.0441E+01     OE1       328

 BOND    =     4323.8793  ANGLE   =      199.4306  DIHED      =     2094.5732
 VDWAALS =     8925.3702  EEL     =   -86361.6893  HBOND      =        0.0000
 1-4 VDW =      444.9572  1-4 EEL =     6422.8305  RESTRAINT  =      200.3459
 EAMBER  =   -63950.6482


   NSTEP       ENERGY          RMS            GMAX         NAME    NUMBER
    240      -6.3837E+04     1.1858E+00     5.4061E+01     O        1922

 BOND    =     4342.1213  ANGLE   =      204.3338  DIHED      =     2094.3985
 VDWAALS =     8946.2680  EEL     =   -86494.7857  HBOND      =        0.0000
 1-4 VDW =      444.9769  1-4 EEL =     6422.9328  RESTRAINT  =      202.3122
 EAMBER  =   -64039.7543


   NSTEP       ENERGY          RMS            GMAX         NAME    NUMBER
    245      -6.3917E+04     8.1354E-01     5.7781E+01     CD        327

 BOND    =     4322.1168  ANGLE   =      201.3152  DIHED      =     2094.3144
 VDWAALS =     9011.0581  EEL     =   -86614.1967  HBOND      =        0.0000
 1-4 VDW =      444.1382  1-4 EEL =     6423.5191  RESTRAINT  =      200.9216
 EAMBER  =   -64117.7348


   NSTEP       ENERGY          RMS            GMAX         NAME    NUMBER
    250      -6.4084E+04     2.2570E+00     9.7753E+01     OG       1694

 BOND    =     4413.6237  ANGLE   =      218.7205  DIHED      =     2095.8258
 VDWAALS =     9269.4791  EEL     =   -87176.4529  HBOND      =        0.0000
 1-4 VDW =      445.3609  1-4 EEL =     6425.3626  RESTRAINT  =      224.2223
 EAMBER  =   -64308.0803


   NSTEP       ENERGY          RMS            GMAX         NAME    NUMBER
    255      -6.4090E+04     2.1556E+00     9.4002E+01     OG       1694

 BOND    =     4408.0242  ANGLE   =      217.8714  DIHED      =     2095.7462
 VDWAALS =     9269.2876  EEL     =   -87175.2049  HBOND      =        0.0000
 1-4 VDW =      445.3419  1-4 EEL =     6425.3115  RESTRAINT  =      223.4885
 EAMBER  =   -64313.6221


   NSTEP       ENERGY          RMS            GMAX         NAME    NUMBER
    260      -6.4207E+04     8.4386E-01     4.6963E+01     CD        327

 BOND    =     4355.9551  ANGLE   =      201.3236  DIHED      =     2094.2967
 VDWAALS =     9280.3995  EEL     =   -87206.2228  HBOND      =        0.0000
 1-4 VDW =      444.9985  1-4 EEL =     6423.2971  RESTRAINT  =      198.5639
 EAMBER  =   -64405.9524


   NSTEP       ENERGY          RMS            GMAX         NAME    NUMBER
    265      -6.4241E+04     7.4363E-01     2.4883E+01     H2       1924

 BOND    =     4375.1658  ANGLE   =      200.2365  DIHED      =     2094.3658
 VDWAALS =     9308.7233  EEL     =   -87288.6439  HBOND      =        0.0000
 1-4 VDW =      444.7437  1-4 EEL =     6423.1692  RESTRAINT  =      200.8898
 EAMBER  =   -64442.2395


   NSTEP       ENERGY          RMS            GMAX         NAME    NUMBER
    270      -6.4343E+04     9.6189E-01     5.4888E+01     CD        327

 BOND    =     4407.6987  ANGLE   =      202.3655  DIHED      =     2094.9089
 VDWAALS =     9461.8272  EEL     =   -87585.4465  HBOND      =        0.0000
 1-4 VDW =      444.1799  1-4 EEL =     6423.5347  RESTRAINT  =      207.8956
 EAMBER  =   -64550.9315


   NSTEP       ENERGY          RMS            GMAX         NAME    NUMBER
    275      -6.4425E+04     1.2921E+00     7.6139E+01     N        1698

 BOND    =     4429.4658  ANGLE   =      207.1119  DIHED      =     2094.2014
 VDWAALS =     9661.0755  EEL     =   -87890.9826  HBOND      =        0.0000
 1-4 VDW =      444.4572  1-4 EEL =     6424.3456  RESTRAINT  =      205.8047
 EAMBER  =   -64630.3251


   NSTEP       ENERGY          RMS            GMAX         NAME    NUMBER
    280      -6.4427E+04     1.2168E+00     6.9703E+01     N        1698

 BOND    =     4427.9351  ANGLE   =      206.6144  DIHED      =     2094.1693
 VDWAALS =     9660.7007  EEL     =   -87891.0387  HBOND      =        0.0000
 1-4 VDW =      444.4566  1-4 EEL =     6424.2991  RESTRAINT  =      205.4825
 EAMBER  =   -64632.8634


   NSTEP       ENERGY          RMS            GMAX         NAME    NUMBER
    285      -6.4500E+04     8.5494E-01     3.3585E+01     CD        327

 BOND    =     4428.9422  ANGLE   =      199.1547  DIHED      =     2094.5996
 VDWAALS =     9643.9468  EEL     =   -87932.2112  HBOND      =        0.0000
 1-4 VDW =      444.4216  1-4 EEL =     6423.1814  RESTRAINT  =      198.1734
 EAMBER  =   -64697.9649


   NSTEP       ENERGY          RMS            GMAX         NAME    NUMBER
    290      -6.4551E+04     9.3328E-01     4.2402E+01     C        1696

 BOND    =     4446.0468  ANGLE   =      200.8732  DIHED      =     2094.6770
 VDWAALS =     9647.8027  EEL     =   -88010.3605  HBOND      =        0.0000
 1-4 VDW =      445.0438  1-4 EEL =     6423.1186  RESTRAINT  =      201.3469
 EAMBER  =   -64752.7983


   NSTEP       ENERGY          RMS            GMAX         NAME    NUMBER
    295      -6.4621E+04     7.7608E-01     3.1747E+01     OE1       328

 BOND    =     4444.1078  ANGLE   =      201.2718  DIHED      =     2094.1841
 VDWAALS =     9687.2676  EEL     =   -88116.6774  HBOND      =        0.0000
 1-4 VDW =      444.7828  1-4 EEL =     6423.9451  RESTRAINT  =      200.1419
 EAMBER  =   -64821.1182


   NSTEP       ENERGY          RMS            GMAX         NAME    NUMBER
    300      -6.4675E+04     1.2233E+00     8.1683E+01     CD        327

 BOND    =     4465.6070  ANGLE   =      202.8439  DIHED      =     2094.7036
 VDWAALS =     9763.0248  EEL     =   -88273.5288  HBOND      =        0.0000
 1-4 VDW =      444.2143  1-4 EEL =     6423.8295  RESTRAINT  =      204.5707
 EAMBER  =   -64879.3057


   NSTEP       ENERGY          RMS            GMAX         NAME    NUMBER
    305      -6.4677E+04     1.1431E+00     7.2074E+01     CD        327

 BOND    =     4464.0427  ANGLE   =      202.5239  DIHED      =     2094.6555
 VDWAALS =     9762.9922  EEL     =   -88273.9122  HBOND      =        0.0000
 1-4 VDW =      444.2163  1-4 EEL =     6423.7896  RESTRAINT  =      204.2365
 EAMBER  =   -64881.6921


   NSTEP       ENERGY          RMS            GMAX         NAME    NUMBER
    310      -6.4727E+04     6.2032E-01     2.3105E+01     C        1696

 BOND    =     4462.0894  ANGLE   =      200.8914  DIHED      =     2094.3954
 VDWAALS =     9774.8126  EEL     =   -88324.8686  HBOND      =        0.0000
 1-4 VDW =      444.8249  1-4 EEL =     6423.2972  RESTRAINT  =      197.8054
 EAMBER  =   -64924.5577


   NSTEP       ENERGY          RMS            GMAX         NAME    NUMBER
    315      -6.4770E+04     9.0960E-01     4.7918E+01     C        1696

 BOND    =     4484.8486  ANGLE   =      201.7527  DIHED      =     2094.6274
 VDWAALS =     9827.6530  EEL     =   -88451.1684  HBOND      =        0.0000
 1-4 VDW =      445.1004  1-4 EEL =     6423.7946  RESTRAINT  =      203.1360
 EAMBER  =   -64973.3915


   NSTEP       ENERGY          RMS            GMAX         NAME    NUMBER
    320      -6.4855E+04     8.9264E-01     5.0144E+01     CD       1467

 BOND    =     4508.1287  ANGLE   =      199.5946  DIHED      =     2094.1702
 VDWAALS =     9983.8252  EEL     =   -88708.0572  HBOND      =        0.0000
 1-4 VDW =      444.5184  1-4 EEL =     6423.3506  RESTRAINT  =      198.9722
 EAMBER  =   -65054.4695


   NSTEP       ENERGY          RMS            GMAX         NAME    NUMBER
    325      -6.4899E+04     1.1225E+00     7.2190E+01     N        1698

 BOND    =     4515.7309  ANGLE   =      205.1249  DIHED      =     2094.2426
 VDWAALS =    10079.6219  EEL     =   -88864.4845  HBOND      =        0.0000
 1-4 VDW =      444.6133  1-4 EEL =     6423.2551  RESTRAINT  =      202.6740
 EAMBER  =   -65101.8958


   NSTEP       ENERGY          RMS            GMAX         NAME    NUMBER
    330      -6.4902E+04     1.0384E+00     6.4089E+01     N        1698

 BOND    =     4514.7388  ANGLE   =      204.6039  DIHED      =     2094.1964
 VDWAALS =    10079.2944  EEL     =   -88865.0385  HBOND      =        0.0000
 1-4 VDW =      444.6154  1-4 EEL =     6423.2250  RESTRAINT  =      202.3424
 EAMBER  =   -65104.3647


   NSTEP       ENERGY          RMS            GMAX         NAME    NUMBER
    335      -6.4957E+04     7.0283E-01     2.8729E+01     CA       1689

 BOND    =     4521.7959  ANGLE   =      198.6943  DIHED      =     2094.5708
 VDWAALS =    10066.8114  EEL     =   -88904.7832  HBOND      =        0.0000
 1-4 VDW =      444.5131  1-4 EEL =     6423.8366  RESTRAINT  =      197.2784
 EAMBER  =   -65154.5612


   NSTEP       ENERGY          RMS            GMAX         NAME    NUMBER
    340      -6.5006E+04     8.8604E-01     4.8601E+01     C        1696

 BOND    =     4535.1276  ANGLE   =      201.5396  DIHED      =     2094.6995
 VDWAALS =    10068.9874  EEL     =   -88977.6510  HBOND      =        0.0000
 1-4 VDW =      445.0297  1-4 EEL =     6424.5418  RESTRAINT  =      202.0870
 EAMBER  =   -65207.7254


   NSTEP       ENERGY          RMS            GMAX         NAME    NUMBER
    345      -6.5063E+04     7.3805E-01     3.0283E+01     CD        327

 BOND    =     4535.3879  ANGLE   =      200.5257  DIHED      =     2094.3205
 VDWAALS =    10110.9047  EEL     =   -89070.6631  HBOND      =        0.0000
 1-4 VDW =      444.5233  1-4 EEL =     6423.1055  RESTRAINT  =      198.5856
 EAMBER  =   -65261.8955


   NSTEP       ENERGY          RMS            GMAX         NAME    NUMBER
    350      -6.5102E+04     1.1269E+00     9.9884E+01     CD        327

 BOND    =     4553.3154  ANGLE   =      202.3262  DIHED      =     2094.8172
 VDWAALS =    10170.5253  EEL     =   -89192.2829  HBOND      =        0.0000
 1-4 VDW =      444.2318  1-4 EEL =     6422.4350  RESTRAINT  =      202.8822
 EAMBER  =   -65304.6320


   NSTEP       ENERGY          RMS            GMAX         NAME    NUMBER
    355      -6.5104E+04     1.0398E+00     8.6748E+01     CD        327

 BOND    =     4552.0480  ANGLE   =      202.0141  DIHED      =     2094.7582
 VDWAALS =    10170.5273  EEL     =   -89192.8762  HBOND      =        0.0000
 1-4 VDW =      444.2388  1-4 EEL =     6422.4281  RESTRAINT  =      202.5707
 EAMBER  =   -65306.8618


   NSTEP       ENERGY          RMS            GMAX         NAME    NUMBER
    360      -6.5148E+04     6.3129E-01     2.6916E+01     OE2       329

 BOND    =     4546.8310  ANGLE   =      201.6654  DIHED      =     2094.5489
 VDWAALS =    10183.1463  EEL     =   -89239.8394  HBOND      =        0.0000
 1-4 VDW =      444.8532  1-4 EEL =     6423.3514  RESTRAINT  =      197.7764
 EAMBER  =   -65345.4432


   NSTEP       ENERGY          RMS            GMAX         NAME    NUMBER
    365      -6.5187E+04     8.2390E-01     5.1946E+01     C        1696

 BOND    =     4570.4319  ANGLE   =      201.3813  DIHED      =     2094.6766
 VDWAALS =    10229.4178  EEL     =   -89355.3905  HBOND      =        0.0000
 1-4 VDW =      444.9334  1-4 EEL =     6424.8753  RESTRAINT  =      202.5509
 EAMBER  =   -65389.6743


   NSTEP       ENERGY          RMS            GMAX         NAME    NUMBER
    370      -6.5255E+04     7.5239E-01     5.5013E+01     CD       1467

 BOND    =     4583.4261  ANGLE   =      199.4584  DIHED      =     2094.0234
 VDWAALS =    10355.6203  EEL     =   -89553.2557  HBOND      =        0.0000
 1-4 VDW =      444.5497  1-4 EEL =     6423.1344  RESTRAINT  =      198.0469
 EAMBER  =   -65453.0434


   NSTEP       ENERGY          RMS            GMAX         NAME    NUMBER
    375      -6.5287E+04     1.0136E+00     5.9584E+01     N        1698

 BOND    =     4594.9126  ANGLE   =      203.4714  DIHED      =     2094.2270
 VDWAALS =    10430.0124  EEL     =   -89679.5902  HBOND      =        0.0000
 1-4 VDW =      444.6888  1-4 EEL =     6423.0540  RESTRAINT  =      201.7324
 EAMBER  =   -65489.2241


   NSTEP       ENERGY          RMS            GMAX         NAME    NUMBER
    380      -6.5290E+04     9.2497E-01     5.1743E+01     N        1698

 BOND    =     4593.8149  ANGLE   =      203.0057  DIHED      =     2094.1807
 VDWAALS =    10429.7541  EEL     =   -89680.0545  HBOND      =        0.0000
 1-4 VDW =      444.6912  1-4 EEL =     6423.0338  RESTRAINT  =      201.4054
 EAMBER  =   -65491.5739


   NSTEP       ENERGY          RMS            GMAX         NAME    NUMBER
    385      -6.5335E+04     6.2137E-01     2.6242E+01     CA       1689

 BOND    =     4598.9129  ANGLE   =      198.6840  DIHED      =     2094.5027
 VDWAALS =    10421.1258  EEL     =   -89713.6411  HBOND      =        0.0000
 1-4 VDW =      444.5470  1-4 EEL =     6424.0059  RESTRAINT  =      196.9826
 EAMBER  =   -65531.8628


   NSTEP       ENERGY          RMS            GMAX         NAME    NUMBER
    390      -6.5376E+04     7.7855E-01     4.5717E+01     C        1696

 BOND    =     4610.9669  ANGLE   =      201.3254  DIHED      =     2094.6124
 VDWAALS =    10424.7668  EEL     =   -89779.2431  HBOND      =        0.0000
 1-4 VDW =      444.8913  1-4 EEL =     6424.8749  RESTRAINT  =      201.7193
 EAMBER  =   -65577.8054


   NSTEP       ENERGY          RMS            GMAX         NAME    NUMBER
    395      -6.5424E+04     6.9672E-01     3.2773E+01     CD        327

 BOND    =     4612.7505  ANGLE   =      200.2023  DIHED      =     2094.2733
 VDWAALS =    10465.1558  EEL     =   -89861.5132  HBOND      =        0.0000
 1-4 VDW =      444.4712  1-4 EEL =     6422.5647  RESTRAINT  =      198.1315
 EAMBER  =   -65622.0954


   NSTEP       ENERGY          RMS            GMAX         NAME    NUMBER
    400      -6.5457E+04     1.0584E+00     9.8309E+01     CD        327

 BOND    =     4628.5969  ANGLE   =      202.2933  DIHED      =     2095.0447
 VDWAALS =    10520.1508  EEL     =   -89972.5850  HBOND      =        0.0000
 1-4 VDW =      444.3258  1-4 EEL =     6422.2076  RESTRAINT  =      202.5227
 EAMBER  =   -65659.9659


   NSTEP       ENERGY          RMS            GMAX         NAME    NUMBER
    405      -6.5460E+04     9.7010E-01     8.4410E+01     CD        327

 BOND    =     4627.3729  ANGLE   =      201.9552  DIHED      =     2094.9694
 VDWAALS =    10520.1439  EEL     =   -89973.0770  HBOND      =        0.0000
 1-4 VDW =      444.3330  1-4 EEL =     6422.2068  RESTRAINT  =      202.2046
 EAMBER  =   -65662.0959


   NSTEP       ENERGY          RMS            GMAX         NAME    NUMBER
    410      -6.5499E+04     6.3684E-01     3.0543E+01     OE2       329

 BOND    =     4621.9693  ANGLE   =      201.9665  DIHED      =     2094.6029
 VDWAALS =    10532.4618  EEL     =   -90015.9976  HBOND      =        0.0000
 1-4 VDW =      444.8195  1-4 EEL =     6423.4559  RESTRAINT  =      197.8553
 EAMBER  =   -65696.7217


   NSTEP       ENERGY          RMS            GMAX         NAME    NUMBER
    415      -6.5532E+04     7.2658E-01     4.7069E+01     C        1696

 BOND    =     4642.8476  ANGLE   =      200.9203  DIHED      =     2094.6024
 VDWAALS =    10568.9552  EEL     =   -90110.7435  HBOND      =        0.0000
 1-4 VDW =      444.7541  1-4 EEL =     6424.8511  RESTRAINT  =      201.6352
 EAMBER  =   -65733.8129


   NSTEP       ENERGY          RMS            GMAX         NAME    NUMBER
    420      -6.5589E+04     6.5101E-01     4.9539E+01     CD       1467

 BOND    =     4651.9216  ANGLE   =      199.3296  DIHED      =     2094.0231
 VDWAALS =    10670.7345  EEL     =   -90270.2836  HBOND      =        0.0000
 1-4 VDW =      444.6059  1-4 EEL =     6423.0264  RESTRAINT  =      197.5541
 EAMBER  =   -65786.6425


   NSTEP       ENERGY          RMS            GMAX         NAME    NUMBER
    425      -6.5615E+04     9.4885E-01     5.5580E+01     CD       1467

 BOND    =     4663.5275  ANGLE   =      202.3351  DIHED      =     2094.2282
 VDWAALS =    10730.3834  EEL     =   -90374.5283  HBOND      =        0.0000
 1-4 VDW =      444.7264  1-4 EEL =     6423.1520  RESTRAINT  =      200.9078
 EAMBER  =   -65816.1756


   NSTEP       ENERGY          RMS            GMAX         NAME    NUMBER
    430      -6.5618E+04     8.5407E-01     4.4032E+01     CD       1467

 BOND    =     4662.3766  ANGLE   =      201.9195  DIHED      =     2094.1848
 VDWAALS =    10730.1826  EEL     =   -90374.9879  HBOND      =        0.0000
 1-4 VDW =      444.7289  1-4 EEL =     6423.1269  RESTRAINT  =      200.5872
 EAMBER  =   -65818.4686


   NSTEP       ENERGY          RMS            GMAX         NAME    NUMBER
    435      -6.5655E+04     5.5832E-01     2.2304E+01     CA       1689

 BOND    =     4664.2453  ANGLE   =      198.7768  DIHED      =     2094.3809
 VDWAALS =    10724.0976  EEL     =   -90401.6337  HBOND      =        0.0000
 1-4 VDW =      444.5496  1-4 EEL =     6423.9054  RESTRAINT  =      196.7473
 EAMBER  =   -65851.6782


   NSTEP       ENERGY          RMS            GMAX         NAME    NUMBER
    440      -6.5691E+04     7.0183E-01     4.2604E+01     C        1696

 BOND    =     4675.7266  ANGLE   =      201.1400  DIHED      =     2094.5115
 VDWAALS =    10727.1782  EEL     =   -90460.0677  HBOND      =        0.0000
 1-4 VDW =      444.7311  1-4 EEL =     6424.8035  RESTRAINT  =      201.2362
 EAMBER  =   -65891.9768


   NSTEP       ENERGY          RMS            GMAX         NAME    NUMBER
    445      -6.5733E+04     6.8388E-01     3.5801E+01     CD        327

 BOND    =     4678.8013  ANGLE   =      199.9983  DIHED      =     2094.3064
 VDWAALS =    10761.8790  EEL     =   -90532.9348  HBOND      =        0.0000
 1-4 VDW =      444.4883  1-4 EEL =     6422.4797  RESTRAINT  =      197.8685
 EAMBER  =   -65930.9818


   NSTEP       ENERGY          RMS            GMAX         NAME    NUMBER
    450      -6.5765E+04     1.0400E+00     9.6762E+01     CD        327

 BOND    =     4691.5864  ANGLE   =      202.6036  DIHED      =     2095.2895
 VDWAALS =    10811.5975  EEL     =   -90634.9678  HBOND      =        0.0000
 1-4 VDW =      444.4104  1-4 EEL =     6422.1417  RESTRAINT  =      202.3287
 EAMBER  =   -65967.3387


   NSTEP       ENERGY          RMS            GMAX         NAME    NUMBER
    455      -6.5767E+04     9.5010E-01     8.2770E+01     CD        327

 BOND    =     4690.4997  ANGLE   =      202.2215  DIHED      =     2095.1999
 VDWAALS =    10811.5657  EEL     =   -90635.4989  HBOND      =        0.0000
 1-4 VDW =      444.4168  1-4 EEL =     6422.1466  RESTRAINT  =      202.0026
 EAMBER  =   -65969.4487


   NSTEP       ENERGY          RMS            GMAX         NAME    NUMBER
    460      -6.5804E+04     6.3692E-01     3.5955E+01     CD        327

 BOND    =     4687.8431  ANGLE   =      201.8953  DIHED      =     2094.6416
 VDWAALS =    10822.4264  EEL     =   -90676.6182  HBOND      =        0.0000
 1-4 VDW =      444.7512  1-4 EEL =     6423.5132  RESTRAINT  =      197.6921
 EAMBER  =   -66001.5474


   NSTEP       ENERGY          RMS            GMAX         NAME    NUMBER
    465      -6.5833E+04     6.6182E-01     4.2826E+01     C        1696

 BOND    =     4704.1403  ANGLE   =      200.7912  DIHED      =     2094.5527
 VDWAALS =    10851.3390  EEL     =   -90754.3393  HBOND      =        0.0000
 1-4 VDW =      444.6272  1-4 EEL =     6424.7100  RESTRAINT  =      200.8659
 EAMBER  =   -66034.1789


   NSTEP       ENERGY          RMS            GMAX         NAME    NUMBER
    470      -6.5883E+04     5.6584E-01     4.0651E+01     CD       1467

 BOND    =     4711.8110  ANGLE   =      199.1809  DIHED      =     2094.0639
 VDWAALS =    10933.0795  EEL     =   -90885.6080  HBOND      =        0.0000
 1-4 VDW =      444.6618  1-4 EEL =     6423.0951  RESTRAINT  =      197.0259
 EAMBER  =   -66079.7158


   NSTEP       ENERGY          RMS            GMAX         NAME    NUMBER
    475      -6.5905E+04     8.9823E-01     6.5229E+01     CD       1467

 BOND    =     4722.6225  ANGLE   =      201.5918  DIHED      =     2094.2377
 VDWAALS =    10981.9539  EEL     =   -90973.0569  HBOND      =        0.0000
 1-4 VDW =      444.7307  1-4 EEL =     6423.2456  RESTRAINT  =      199.9188
 EAMBER  =   -66104.6747


   NSTEP       ENERGY          RMS            GMAX         NAME    NUMBER
    480      -6.5907E+04     7.9748E-01     5.0599E+01     CD       1467

 BOND    =     4721.4004  ANGLE   =      201.2225  DIHED      =     2094.1999
 VDWAALS =    10981.7833  EEL     =   -90973.4552  HBOND      =        0.0000
 1-4 VDW =      444.7334  1-4 EEL =     6423.2203  RESTRAINT  =      199.6164
 EAMBER  =   -66106.8954


   NSTEP       ENERGY          RMS            GMAX         NAME    NUMBER
    485      -6.5938E+04     5.0016E-01     1.7065E+01     CA       1689

 BOND    =     4722.0724  ANGLE   =      198.8089  DIHED      =     2094.2787
 VDWAALS =    10977.5211  EEL     =   -90995.5423  HBOND      =        0.0000
 1-4 VDW =      444.5699  1-4 EEL =     6423.7793  RESTRAINT  =      196.3675
 EAMBER  =   -66134.5120


   NSTEP       ENERGY          RMS            GMAX         NAME    NUMBER
    490      -6.5970E+04     6.4068E-01     3.9664E+01     C        1696

 BOND    =     4732.6568  ANGLE   =      200.9685  DIHED      =     2094.4435
 VDWAALS =    10980.9898  EEL     =   -91048.8133  HBOND      =        0.0000
 1-4 VDW =      444.6352  1-4 EEL =     6424.6674  RESTRAINT  =      200.4681
 EAMBER  =   -66170.4521


   NSTEP       ENERGY          RMS            GMAX         NAME    NUMBER
    495      -6.6007E+04     6.4588E-01     3.6517E+01     CD        327

 BOND    =     4736.1289  ANGLE   =      199.6962  DIHED      =     2094.3569
 VDWAALS =    11011.8640  EEL     =   -91113.5071  HBOND      =        0.0000
 1-4 VDW =      444.5517  1-4 EEL =     6422.5694  RESTRAINT  =      197.2780
 EAMBER  =   -66204.3401


   NSTEP       ENERGY          RMS            GMAX         NAME    NUMBER
    500      -6.6037E+04     1.0232E+00     9.2495E+01     CD        327

 BOND    =     4748.7079  ANGLE   =      202.6616  DIHED      =     2095.4525
 VDWAALS =    11060.4095  EEL     =   -91212.9231  HBOND      =        0.0000
 1-4 VDW =      444.4939  1-4 EEL =     6422.1087  RESTRAINT  =      201.9027
 EAMBER  =   -66239.0890


  Maximum number of minimization cycles reached.


                    FINAL RESULTS



   NSTEP       ENERGY          RMS            GMAX         NAME    NUMBER
    500      -6.6037E+04     1.0232E+00     9.2495E+01     CD        327

 BOND    =     4748.7079  ANGLE   =      202.6616  DIHED      =     2095.4525
 VDWAALS =    11060.4095  EEL     =   -91212.9231  HBOND      =        0.0000
 1-4 VDW =      444.4939  1-4 EEL =     6422.1087  RESTRAINT  =      201.9027
 EAMBER  =   -66239.0890
--------------------------------------------------------------------------------
   5.  TIMINGS
--------------------------------------------------------------------------------

|  NonSetup CPU Time in Major Routines:
|
|     Routine           Sec        %
|     ------------------------------
|     Nonbond          27.04   96.00
|     Bond              0.13    0.47
|     Angle             0.14    0.48
|     Dihedral          0.76    2.71
|     Shake             0.00    0.00
|     Other             0.10    0.34
|     ------------------------------
|     Total            28.17

|  PME Nonbond Pairlist CPU Time:
|
|     Routine              Sec        %
|     ---------------------------------
|     Set Up Cit           0.01    0.03
|     Build List           0.54    1.92
|     ---------------------------------
|     Total                0.55    1.95

|  PME Direct Force CPU Time:
|
|     Routine              Sec        %
|     ---------------------------------
|     NonBonded Calc      19.36   68.74
|     Exclude Masked       0.39    1.39
|     Other                0.10    0.37
|     ---------------------------------
|     Total               19.86   70.51

|  PME Reciprocal Force CPU Time:
|
|     Routine              Sec        %
|     ---------------------------------
|     1D bspline           0.17    0.61
|     Grid Charges         0.61    2.16
|     Scalar Sum           1.24    4.39
|     Gradient Sum         1.07    3.81
|     FFT                  3.50   12.44
|     ---------------------------------
|     Total                6.59   23.40

|  Setup CPU time:            0.10 seconds
|  NonSetup CPU time:        28.17 seconds
|  Total CPU time:           28.26 seconds     0.01 hours

|  Setup wall time:           0    seconds
|  NonSetup wall time:       28    seconds
|  Total wall time:          28    seconds     0.01 hours
