
          -------------------------------------------------------
          Amber 16 PMEMD                              2016
          -------------------------------------------------------

| PMEMD implementation of SANDER, Release 16

| Run on 07/04/2017 at 00:23:06

|   Executable path: pmemd
| Working directory: /home/german/obp/run/mu_eol/mhe/m
|          Hostname: Unknown
  [-O]verwriting output

File Assignments:
|   MDIN: mmin.in                                                               
|  MDOUT: mmin.out                                                              
| INPCRD: mmu_eol.rst7                                                          
|   PARM: /home/german/obp/top_files/mu_eol.prmtop                              
| RESTRT: mmmu_eol.rst7                                                         
|   REFC: mu_eol.rst7                                                           
|  MDVEL: mdvel                                                                 
|   MDEN: mden                                                                  
|  MDCRD: mmmu_eol.crd                                                          
| MDINFO: mdinfo                                                                
|  MDFRC: mdfrc                                                                 


 Here is the input file:

Minimization with Cartesian restraints                                         
&cntrl                                                                         
imin=1,                                                                        
ntmin=1,                                ! Steepest Descent, then Conjugate Grad
ncyc=100,                               ! 100 steps of Steepest Descent        
maxcyc=500,                             ! 400 steps of Conjugate Gradient      
ntpr=5,                                                                        
&end                                                                           


Note: ig = -1. Setting random seed to   454213 based on wallclock time in 
      microseconds.
 
 
| Conditional Compilation Defines Used:
| PUBFFT
| BINTRAJ
| EMIL

| Largest sphere to fit in unit cell has radius =    29.151

| New format PARM file being parsed.
| Version =    1.000 Date = 02/20/15 Time = 17:35:03

| Note: 1-4 EEL scale factors are being read from the topology file.

| Note: 1-4 VDW scale factors are being read from the topology file.
| Duplicated    0 dihedrals

| Duplicated    0 dihedrals

--------------------------------------------------------------------------------
   1.  RESOURCE   USE: 
--------------------------------------------------------------------------------

 getting box info from netcdf restart file
 NATOM  =   18178 NTYPES =      18 NBONH =   17227 MBONA  =     955
 NTHETH =    2228 MTHETA =    1282 NPHIH =    4328 MPHIA  =    4367
 NHPARM =       0 NPARM  =       0 NNB   =   32287 NRES   =    5542
 NBONA  =     955 NTHETA =    1282 NPHIA =    4367 NUMBND =      72
 NUMANG =     151 NPTRA  =     245 NATYP =      42 NPHB   =       1
 IFBOX  =       1 NMXRS  =      24 IFCAP =       0 NEXTRA =       0
 NCOPY  =       0

| Coordinate Index Table dimensions:    13   14   12
| Direct force subcell size =     4.6400    4.7864    4.8585

     BOX TYPE: RECTILINEAR

--------------------------------------------------------------------------------
   2.  CONTROL  DATA  FOR  THE  RUN
--------------------------------------------------------------------------------

default_name                                                                    

General flags:
     imin    =       1, nmropt  =       0

Nature and format of input:
     ntx     =       1, irest   =       0, ntrx    =       1

Nature and format of output:
     ntxo    =       2, ntpr    =       5, ntrx    =       1, ntwr    =       1
     iwrap   =       0, ntwx    =       0, ntwv    =       0, ntwe    =       0
     ioutfm  =       1, ntwprt  =       0, idecomp =       0, rbornstat=      0

Potential function:
     ntf     =       1, ntb     =       1, igb     =       0, nsnb    =      25
     ipol    =       0, gbsa    =       0, iesp    =       0
     dielc   =   1.00000, cut     =   8.00000, intdiel =   1.00000

Frozen or restrained atoms:
     ibelly  =       0, ntr     =       0

Energy minimization:
     maxcyc  =     500, ncyc    =     100, ntmin   =       1
     dx0     =   0.01000, drms    =   0.00010

| Intermolecular bonds treatment:
|     no_intermolecular_bonds =       1

| Energy averages sample interval:
|     ene_avg_sampling =       1

Ewald parameters:
     verbose =       0, ew_type =       0, nbflag  =       1, use_pme =       1
     vdwmeth =       1, eedmeth =       1, netfrc  =       0
     Box X =   60.320   Box Y =   67.010   Box Z =   58.302
     Alpha =   90.000   Beta  =   90.000   Gamma =   90.000
     NFFT1 =   64       NFFT2 =   72       NFFT3 =   60
     Cutoff=    8.000   Tol   =0.100E-04
     Ewald Coefficient =  0.34864
     Interpolation order =    4

--------------------------------------------------------------------------------
   3.  ATOMIC COORDINATES AND VELOCITIES
--------------------------------------------------------------------------------

default_name                                                                    
 begin time read from input coords =     0.000 ps

 
 Number of triangulated 3-point waters found:     5419

     Sum of charges from parm topology file =  -0.00000006
     Forcing neutrality...

| Dynamic Memory, Types Used:
| Reals              525769
| Integers           574176

| Nonbonded Pairs Initial Allocation:     3036180

--------------------------------------------------------------------------------
   4.  RESULTS
--------------------------------------------------------------------------------

 ---------------------------------------------------
 APPROXIMATING switch and d/dx switch using CUBIC SPLINE INTERPOLATION
 using   5000.0 points per unit in tabled values
 TESTING RELATIVE ERROR over r ranging from 0.0 to cutoff
| CHECK switch(x): max rel err =   0.2738E-14   at   2.422500
| CHECK d/dx switch(x): max rel err =   0.8332E-11   at   2.782960
 ---------------------------------------------------
|---------------------------------------------------
| APPROXIMATING direct energy using CUBIC SPLINE INTERPOLATION
|  with   50.0 points per unit in tabled values
| Relative Error Limit not exceeded for r .gt.   2.47
| APPROXIMATING direct force using CUBIC SPLINE INTERPOLATION
|  with   50.0 points per unit in tabled values
| Relative Error Limit not exceeded for r .gt.   2.89
|---------------------------------------------------


   NSTEP       ENERGY          RMS            GMAX         NAME    NUMBER
      1      -6.6239E+04     1.4985E+00     8.2713E+01     CD        327

 BOND    =     4748.7079  ANGLE   =      202.6616  DIHED      =     2095.4525
 VDWAALS =    11060.4095  EEL     =   -91212.9231  HBOND      =        0.0000
 1-4 VDW =      444.4939  1-4 EEL =     6422.1087  RESTRAINT  =        0.0000


   NSTEP       ENERGY          RMS            GMAX         NAME    NUMBER
      5      -6.6260E+04     1.2409E+00     5.7206E+01     SG       1399

 BOND    =     4745.6829  ANGLE   =      201.8039  DIHED      =     2095.0151
 VDWAALS =    11050.0243  EEL     =   -91216.4246  HBOND      =        0.0000
 1-4 VDW =      444.4129  1-4 EEL =     6419.9798  RESTRAINT  =        0.0000


   NSTEP       ENERGY          RMS            GMAX         NAME    NUMBER
     10      -6.6305E+04     9.2039E-01     3.6514E+01     SG       1668

 BOND    =     4744.4314  ANGLE   =      201.2001  DIHED      =     2094.1594
 VDWAALS =    11026.9174  EEL     =   -91228.1167  HBOND      =        0.0000
 1-4 VDW =      444.0723  1-4 EEL =     6412.3074  RESTRAINT  =        0.0000


   NSTEP       ENERGY          RMS            GMAX         NAME    NUMBER
     15      -6.6386E+04     6.3102E-01     1.5960E+01     HG13     1131

 BOND    =     4745.4122  ANGLE   =      202.4708  DIHED      =     2093.6565
 VDWAALS =    11001.0355  EEL     =   -91261.0281  HBOND      =        0.0000
 1-4 VDW =      442.8617  1-4 EEL =     6389.8710  RESTRAINT  =        0.0000


   NSTEP       ENERGY          RMS            GMAX         NAME    NUMBER
     20      -6.6514E+04     6.4832E-01     5.1226E+01     CD        327

 BOND    =     4757.0872  ANGLE   =      205.7475  DIHED      =     2091.7164
 VDWAALS =    10999.0622  EEL     =   -91351.2143  HBOND      =        0.0000
 1-4 VDW =      437.9872  1-4 EEL =     6345.9947  RESTRAINT  =        0.0000


   NSTEP       ENERGY          RMS            GMAX         NAME    NUMBER
     25      -6.6544E+04     1.1333E+00     1.0244E+02     CD        327

 BOND    =     4763.6988  ANGLE   =      207.0959  DIHED      =     2090.4046
 VDWAALS =    11005.5434  EEL     =   -91383.7090  HBOND      =        0.0000
 1-4 VDW =      435.7620  1-4 EEL =     6337.3522  RESTRAINT  =        0.0000


   NSTEP       ENERGY          RMS            GMAX         NAME    NUMBER
     30      -6.6568E+04     1.0969E+00     9.1141E+01     CD        327

 BOND    =     4764.7435  ANGLE   =      207.4026  DIHED      =     2089.5027
 VDWAALS =    11011.2523  EEL     =   -91407.4951  HBOND      =        0.0000
 1-4 VDW =      434.1998  1-4 EEL =     6332.8698  RESTRAINT  =        0.0000


   NSTEP       ENERGY          RMS            GMAX         NAME    NUMBER
     35      -6.6597E+04     3.4604E-01     5.8890E+00     N        1698

 BOND    =     4761.6329  ANGLE   =      207.4517  DIHED      =     2088.6555
 VDWAALS =    11017.2310  EEL     =   -91433.5957  HBOND      =        0.0000
 1-4 VDW =      432.7171  1-4 EEL =     6329.1791  RESTRAINT  =        0.0000


   NSTEP       ENERGY          RMS            GMAX         NAME    NUMBER
     40      -6.6607E+04     1.1983E+00     6.3212E+01     CD        327

 BOND    =     4769.8098  ANGLE   =      208.1646  DIHED      =     2087.7920
 VDWAALS =    11023.5191  EEL     =   -91453.6313  HBOND      =        0.0000
 1-4 VDW =      431.2566  1-4 EEL =     6325.8610  RESTRAINT  =        0.0000


   NSTEP       ENERGY          RMS            GMAX         NAME    NUMBER
     45      -6.6626E+04     1.2325E+00     5.8132E+01     C        1696

 BOND    =     4772.1321  ANGLE   =      208.6402  DIHED      =     2086.9645
 VDWAALS =    11030.2478  EEL     =   -91477.0785  HBOND      =        0.0000
 1-4 VDW =      429.8381  1-4 EEL =     6322.9149  RESTRAINT  =        0.0000


   NSTEP       ENERGY          RMS            GMAX         NAME    NUMBER
     50      -6.6656E+04     3.7213E-01     1.2445E+01     C        1696

 BOND    =     4768.7196  ANGLE   =      209.0155  DIHED      =     2086.0880
 VDWAALS =    11036.9920  EEL     =   -91505.8528  HBOND      =        0.0000
 1-4 VDW =      428.4920  1-4 EEL =     6320.3279  RESTRAINT  =        0.0000


   NSTEP       ENERGY          RMS            GMAX         NAME    NUMBER
     55      -6.6672E+04     2.9938E-01     4.9911E+00     OD1       380

 BOND    =     4769.5227  ANGLE   =      209.4247  DIHED      =     2085.4355
 VDWAALS =    11042.6161  EEL     =   -91524.5113  HBOND      =        0.0000
 1-4 VDW =      427.4503  1-4 EEL =     6318.3990  RESTRAINT  =        0.0000


   NSTEP       ENERGY          RMS            GMAX         NAME    NUMBER
     60      -6.6689E+04     2.9336E-01     5.1441E+00     C        1696

 BOND    =     4771.6236  ANGLE   =      209.9829  DIHED      =     2084.6733
 VDWAALS =    11049.3701  EEL     =   -91547.0904  HBOND      =        0.0000
 1-4 VDW =      426.2726  1-4 EEL =     6316.3012  RESTRAINT  =        0.0000


   NSTEP       ENERGY          RMS            GMAX         NAME    NUMBER
     65      -6.6706E+04     2.9598E-01     6.8221E+00     C        1696

 BOND    =     4773.8908  ANGLE   =      210.5650  DIHED      =     2083.9228
 VDWAALS =    11056.2199  EEL     =   -91569.7960  HBOND      =        0.0000
 1-4 VDW =      425.1491  1-4 EEL =     6314.3674  RESTRAINT  =        0.0000


   NSTEP       ENERGY          RMS            GMAX         NAME    NUMBER
     70      -6.6721E+04     5.9379E-01     3.3563E+01     C        1696

 BOND    =     4780.2777  ANGLE   =      211.4490  DIHED      =     2083.1056
 VDWAALS =    11063.7451  EEL     =   -91596.0372  HBOND      =        0.0000
 1-4 VDW =      423.9984  1-4 EEL =     6312.4470  RESTRAINT  =        0.0000


   NSTEP       ENERGY          RMS            GMAX         NAME    NUMBER
     75      -6.6737E+04     3.6297E-01     1.6227E+01     C        1696

 BOND    =     4779.1272  ANGLE   =      211.7550  DIHED      =     2082.4984
 VDWAALS =    11069.8419  EEL     =   -91614.1643  HBOND      =        0.0000
 1-4 VDW =      423.1270  1-4 EEL =     6311.0285  RESTRAINT  =        0.0000


   NSTEP       ENERGY          RMS            GMAX         NAME    NUMBER
     80      -6.6752E+04     3.8661E-01     1.9464E+01     C        1696

 BOND    =     4781.6402  ANGLE   =      212.3553  DIHED      =     2081.7947
 VDWAALS =    11076.9537  EEL     =   -91636.6237  HBOND      =        0.0000
 1-4 VDW =      422.1757  1-4 EEL =     6309.5088  RESTRAINT  =        0.0000


   NSTEP       ENERGY          RMS            GMAX         NAME    NUMBER
     85      -6.6764E+04     6.8364E-01     4.4226E+01     C        1696

 BOND    =     4788.0227  ANGLE   =      213.2305  DIHED      =     2081.0962
 VDWAALS =    11083.9191  EEL     =   -91660.0854  HBOND      =        0.0000
 1-4 VDW =      421.2895  1-4 EEL =     6308.1160  RESTRAINT  =        0.0000


   NSTEP       ENERGY          RMS            GMAX         NAME    NUMBER
     90      -6.6778E+04     6.9494E-01     4.6588E+01     C        1696

 BOND    =     4790.2927  ANGLE   =      213.8137  DIHED      =     2080.4555
 VDWAALS =    11090.7067  EEL     =   -91681.0337  HBOND      =        0.0000
 1-4 VDW =      420.4809  1-4 EEL =     6306.8653  RESTRAINT  =        0.0000


   NSTEP       ENERGY          RMS            GMAX         NAME    NUMBER
     95      -6.6792E+04     7.3319E-01     5.1235E+01     C        1696

 BOND    =     4793.0472  ANGLE   =      214.4455  DIHED      =     2079.8106
 VDWAALS =    11097.6798  EEL     =   -91702.5011  HBOND      =        0.0000
 1-4 VDW =      419.6975  1-4 EEL =     6305.6675  RESTRAINT  =        0.0000


   NSTEP       ENERGY          RMS            GMAX         NAME    NUMBER
    100      -6.6805E+04     8.0093E-01     5.7924E+01     C        1696

 BOND    =     4796.2910  ANGLE   =      215.1117  DIHED      =     2079.1824
 VDWAALS =    11104.6146  EEL     =   -91723.7404  HBOND      =        0.0000
 1-4 VDW =      418.9627  1-4 EEL =     6304.5542  RESTRAINT  =        0.0000


   NSTEP       ENERGY          RMS            GMAX         NAME    NUMBER
    105      -6.6892E+04     5.9819E-01     4.3848E+01     C        1696

 BOND    =     4802.5848  ANGLE   =      217.9499  DIHED      =     2075.7585
 VDWAALS =    11150.9108  EEL     =   -91851.7157  HBOND      =        0.0000
 1-4 VDW =      414.4965  1-4 EEL =     6297.8527  RESTRAINT  =        0.0000


   NSTEP       ENERGY          RMS            GMAX         NAME    NUMBER
    110      -6.7210E+04     1.0380E+00     5.9565E+01     OD1       380

 BOND    =     4934.9165  ANGLE   =      267.0662  DIHED      =     2073.6434
 VDWAALS =    11565.1579  EEL     =   -92694.7697  HBOND      =        0.0000
 1-4 VDW =      387.8534  1-4 EEL =     6256.2994  RESTRAINT  =        0.0000


   NSTEP       ENERGY          RMS            GMAX         NAME    NUMBER
    115      -6.7271E+04     8.7739E-01     5.4766E+01     CD         63

 BOND    =     4922.6350  ANGLE   =      310.8760  DIHED      =     2077.0724
 VDWAALS =    11652.9416  EEL     =   -92866.2570  HBOND      =        0.0000
 1-4 VDW =      386.8770  1-4 EEL =     6244.9676  RESTRAINT  =        0.0000


   NSTEP       ENERGY          RMS            GMAX         NAME    NUMBER
    120      -6.7364E+04     9.5317E-01     3.5986E+01     CD         63

 BOND    =     4941.3995  ANGLE   =      319.0787  DIHED      =     2076.9196
 VDWAALS =    11725.3923  EEL     =   -93050.4115  HBOND      =        0.0000
 1-4 VDW =      390.1507  1-4 EEL =     6233.9421  RESTRAINT  =        0.0000


   NSTEP       ENERGY          RMS            GMAX         NAME    NUMBER
    125      -6.7430E+04     9.2282E-01     2.9834E+01     H1       9765

 BOND    =     4954.9984  ANGLE   =      298.9382  DIHED      =     2071.0289
 VDWAALS =    11785.2872  EEL     =   -93165.5069  HBOND      =        0.0000
 1-4 VDW =      390.4454  1-4 EEL =     6235.2753  RESTRAINT  =        0.0000


   NSTEP       ENERGY          RMS            GMAX         NAME    NUMBER
    130      -6.7432E+04     8.5863E-01     2.6849E+01     CB         57

 BOND    =     4955.0608  ANGLE   =      298.6381  DIHED      =     2070.9175
 VDWAALS =    11785.2784  EEL     =   -93167.4965  HBOND      =        0.0000
 1-4 VDW =      390.4405  1-4 EEL =     6235.3622  RESTRAINT  =        0.0000


   NSTEP       ENERGY          RMS            GMAX         NAME    NUMBER
    135      -6.7482E+04     7.9831E-01     3.9756E+01     CD         63

 BOND    =     4965.0577  ANGLE   =      294.9528  DIHED      =     2064.2784
 VDWAALS =    11776.7416  EEL     =   -93217.9551  HBOND      =        0.0000
 1-4 VDW =      390.7342  1-4 EEL =     6244.1043  RESTRAINT  =        0.0000


   NSTEP       ENERGY          RMS            GMAX         NAME    NUMBER
    140      -6.7513E+04     7.0798E-01     3.9123E+01     CD         63

 BOND    =     4946.7990  ANGLE   =      280.4119  DIHED      =     2059.4988
 VDWAALS =    11787.4642  EEL     =   -93231.0029  HBOND      =        0.0000
 1-4 VDW =      390.5967  1-4 EEL =     6253.5571  RESTRAINT  =        0.0000


   NSTEP       ENERGY          RMS            GMAX         NAME    NUMBER
    145      -6.7557E+04     7.2935E-01     4.0334E+01     OD1       380

 BOND    =     4953.0251  ANGLE   =      258.5371  DIHED      =     2055.4882
 VDWAALS =    11807.3292  EEL     =   -93287.2608  HBOND      =        0.0000
 1-4 VDW =      393.0445  1-4 EEL =     6262.4375  RESTRAINT  =        0.0000


   NSTEP       ENERGY          RMS            GMAX         NAME    NUMBER
    150      -6.7605E+04     8.0308E-01     4.7517E+01     OE1        64

 BOND    =     4947.3815  ANGLE   =      260.3823  DIHED      =     2052.0998
 VDWAALS =    11825.4689  EEL     =   -93357.8096  HBOND      =        0.0000
 1-4 VDW =      399.8511  1-4 EEL =     6267.2752  RESTRAINT  =        0.0000


   NSTEP       ENERGY          RMS            GMAX         NAME    NUMBER
    155      -6.7607E+04     7.1870E-01     4.1313E+01     OE1        64

 BOND    =     4948.9035  ANGLE   =      259.8799  DIHED      =     2052.0500
 VDWAALS =    11825.3764  EEL     =   -93360.6677  HBOND      =        0.0000
 1-4 VDW =      399.8210  1-4 EEL =     6267.2685  RESTRAINT  =        0.0000


   NSTEP       ENERGY          RMS            GMAX         NAME    NUMBER
    160      -6.7634E+04     9.6421E-01     8.4536E+01     CD         63

 BOND    =     4956.9546  ANGLE   =      247.3525  DIHED      =     2051.3409
 VDWAALS =    11820.1069  EEL     =   -93374.1165  HBOND      =        0.0000
 1-4 VDW =      397.9885  1-4 EEL =     6266.3272  RESTRAINT  =        0.0000


   NSTEP       ENERGY          RMS            GMAX         NAME    NUMBER
    165      -6.7652E+04     5.2049E-01     2.4617E+01     CD         63

 BOND    =     4948.2783  ANGLE   =      248.6803  DIHED      =     2051.0035
 VDWAALS =    11821.7377  EEL     =   -93384.5875  HBOND      =        0.0000
 1-4 VDW =      397.6691  1-4 EEL =     6265.0878  RESTRAINT  =        0.0000


   NSTEP       ENERGY          RMS            GMAX         NAME    NUMBER
    170      -6.7682E+04     6.4379E-01     2.5466E+01     CD        327

 BOND    =     4953.7313  ANGLE   =      250.6927  DIHED      =     2051.2037
 VDWAALS =    11843.0520  EEL     =   -93439.1348  HBOND      =        0.0000
 1-4 VDW =      397.6700  1-4 EEL =     6260.9856  RESTRAINT  =        0.0000


   NSTEP       ENERGY          RMS            GMAX         NAME    NUMBER
    175      -6.7709E+04     6.9933E-01     2.6938E+01     OE1        64

 BOND    =     4974.8946  ANGLE   =      250.9351  DIHED      =     2051.0310
 VDWAALS =    11878.1663  EEL     =   -93521.3111  HBOND      =        0.0000
 1-4 VDW =      398.2639  1-4 EEL =     6259.4226  RESTRAINT  =        0.0000


   NSTEP       ENERGY          RMS            GMAX         NAME    NUMBER
    180      -6.7711E+04     6.2654E-01     2.4685E+01     OE1        64

 BOND    =     4973.6508  ANGLE   =      250.6088  DIHED      =     2050.9939
 VDWAALS =    11878.0139  EEL     =   -93521.5492  HBOND      =        0.0000
 1-4 VDW =      398.2223  1-4 EEL =     6259.4714  RESTRAINT  =        0.0000


   NSTEP       ENERGY          RMS            GMAX         NAME    NUMBER
    185      -6.7738E+04     5.4233E-01     2.6917E+01     CD         63

 BOND    =     4973.6699  ANGLE   =      250.0123  DIHED      =     2049.8466
 VDWAALS =    11876.3619  EEL     =   -93546.1255  HBOND      =        0.0000
 1-4 VDW =      396.6665  1-4 EEL =     6261.7774  RESTRAINT  =        0.0000


   NSTEP       ENERGY          RMS            GMAX         NAME    NUMBER
    190      -6.7757E+04     5.3967E-01     2.2691E+01     CD       1467

 BOND    =     4977.3848  ANGLE   =      245.4038  DIHED      =     2048.2290
 VDWAALS =    11886.7605  EEL     =   -93575.8907  HBOND      =        0.0000
 1-4 VDW =      395.9428  1-4 EEL =     6264.9457  RESTRAINT  =        0.0000


   NSTEP       ENERGY          RMS            GMAX         NAME    NUMBER
    195      -6.7779E+04     5.3478E-01     3.5792E+01     CD       1467

 BOND    =     4978.7871  ANGLE   =      241.6535  DIHED      =     2046.8419
 VDWAALS =    11911.0895  EEL     =   -93621.4260  HBOND      =        0.0000
 1-4 VDW =      397.0524  1-4 EEL =     6266.9522  RESTRAINT  =        0.0000


   NSTEP       ENERGY          RMS            GMAX         NAME    NUMBER
    200      -6.7797E+04     6.3519E-01     3.7033E+01     CD       1467

 BOND    =     4984.4576  ANGLE   =      248.3621  DIHED      =     2046.2952
 VDWAALS =    11932.7343  EEL     =   -93674.0266  HBOND      =        0.0000
 1-4 VDW =      398.0879  1-4 EEL =     6267.0733  RESTRAINT  =        0.0000


   NSTEP       ENERGY          RMS            GMAX         NAME    NUMBER
    205      -6.7799E+04     5.4602E-01     2.5523E+01     CD       1467

 BOND    =     4983.3090  ANGLE   =      247.8842  DIHED      =     2046.2924
 VDWAALS =    11932.7015  EEL     =   -93674.0621  HBOND      =        0.0000
 1-4 VDW =      398.0558  1-4 EEL =     6266.9999  RESTRAINT  =        0.0000


   NSTEP       ENERGY          RMS            GMAX         NAME    NUMBER
    210      -6.7819E+04     4.4855E-01     2.7651E+01     CD       1467

 BOND    =     4986.1907  ANGLE   =      239.6123  DIHED      =     2046.6621
 VDWAALS =    11931.6483  EEL     =   -93684.8702  HBOND      =        0.0000
 1-4 VDW =      396.4252  1-4 EEL =     6265.3238  RESTRAINT  =        0.0000


   NSTEP       ENERGY          RMS            GMAX         NAME    NUMBER
    215      -6.7839E+04     3.9329E-01     1.4050E+01     CA        374

 BOND    =     4985.2513  ANGLE   =      244.9004  DIHED      =     2047.1999
 VDWAALS =    11936.1963  EEL     =   -93711.4206  HBOND      =        0.0000
 1-4 VDW =      396.1050  1-4 EEL =     6263.1475  RESTRAINT  =        0.0000


   NSTEP       ENERGY          RMS            GMAX         NAME    NUMBER
    220      -6.7860E+04     6.1924E-01     2.6583E+01     CD        327

 BOND    =     4992.0269  ANGLE   =      247.1878  DIHED      =     2047.2503
 VDWAALS =    11957.9188  EEL     =   -93761.8621  HBOND      =        0.0000
 1-4 VDW =      396.8397  1-4 EEL =     6260.9805  RESTRAINT  =        0.0000


   NSTEP       ENERGY          RMS            GMAX         NAME    NUMBER
    225      -6.7909E+04     7.2572E-01     2.7592E+01     N         384

 BOND    =     5008.7845  ANGLE   =      245.9315  DIHED      =     2046.7969
 VDWAALS =    12007.5537  EEL     =   -93875.5302  HBOND      =        0.0000
 1-4 VDW =      397.0850  1-4 EEL =     6260.7169  RESTRAINT  =        0.0000


   NSTEP       ENERGY          RMS            GMAX         NAME    NUMBER
    230      -6.7910E+04     6.6315E-01     2.4120E+01     N         384

 BOND    =     5007.4830  ANGLE   =      245.6477  DIHED      =     2046.7729
 VDWAALS =    12007.4101  EEL     =   -93875.5896  HBOND      =        0.0000
 1-4 VDW =      397.0548  1-4 EEL =     6260.7316  RESTRAINT  =        0.0000


   NSTEP       ENERGY          RMS            GMAX         NAME    NUMBER
    235      -6.7937E+04     5.2862E-01     2.6661E+01     CD        327

 BOND    =     5004.6091  ANGLE   =      246.7093  DIHED      =     2046.0174
 VDWAALS =    12005.8331  EEL     =   -93897.4861  HBOND      =        0.0000
 1-4 VDW =      395.5793  1-4 EEL =     6261.5688  RESTRAINT  =        0.0000


   NSTEP       ENERGY          RMS            GMAX         NAME    NUMBER
    240      -6.7954E+04     5.2915E-01     2.4023E+01     CD       1467

 BOND    =     5008.8585  ANGLE   =      243.8264  DIHED      =     2045.1468
 VDWAALS =    12015.8708  EEL     =   -93926.0883  HBOND      =        0.0000
 1-4 VDW =      394.8621  1-4 EEL =     6263.2320  RESTRAINT  =        0.0000


   NSTEP       ENERGY          RMS            GMAX         NAME    NUMBER
    245      -6.7976E+04     5.4185E-01     4.0437E+01     CD       1467

 BOND    =     5011.8993  ANGLE   =      240.1066  DIHED      =     2043.6457
 VDWAALS =    12043.2141  EEL     =   -93975.1163  HBOND      =        0.0000
 1-4 VDW =      395.6051  1-4 EEL =     6264.6428  RESTRAINT  =        0.0000


   NSTEP       ENERGY          RMS            GMAX         NAME    NUMBER
    250      -6.7990E+04     5.1154E-01     2.8036E+01     CD       1467

 BOND    =     5015.4297  ANGLE   =      246.5221  DIHED      =     2043.3252
 VDWAALS =    12061.4053  EEL     =   -94018.3267  HBOND      =        0.0000
 1-4 VDW =      396.2773  1-4 EEL =     6265.1632  RESTRAINT  =        0.0000


   NSTEP       ENERGY          RMS            GMAX         NAME    NUMBER
    255      -6.7992E+04     4.3359E-01     1.8398E+01     N         384

 BOND    =     5014.4000  ANGLE   =      246.0486  DIHED      =     2043.3295
 VDWAALS =    12061.4392  EEL     =   -94018.3020  HBOND      =        0.0000
 1-4 VDW =      396.2495  1-4 EEL =     6265.0796  RESTRAINT  =        0.0000


   NSTEP       ENERGY          RMS            GMAX         NAME    NUMBER
    260      -6.8009E+04     4.4308E-01     2.6534E+01     CD       1467

 BOND    =     5018.3031  ANGLE   =      239.3341  DIHED      =     2043.8675
 VDWAALS =    12061.7873  EEL     =   -94030.8127  HBOND      =        0.0000
 1-4 VDW =      394.7713  1-4 EEL =     6263.4157  RESTRAINT  =        0.0000


   NSTEP       ENERGY          RMS            GMAX         NAME    NUMBER
    265      -6.8030E+04     4.1050E-01     1.7000E+01     CA        374

 BOND    =     5018.0214  ANGLE   =      245.0408  DIHED      =     2044.4628
 VDWAALS =    12069.0568  EEL     =   -94062.0743  HBOND      =        0.0000
 1-4 VDW =      394.4798  1-4 EEL =     6261.3064  RESTRAINT  =        0.0000


   NSTEP       ENERGY          RMS            GMAX         NAME    NUMBER
    270      -6.8047E+04     5.5865E-01     2.9858E+01     CD        327

 BOND    =     5025.4215  ANGLE   =      245.7755  DIHED      =     2044.6316
 VDWAALS =    12091.6610  EEL     =   -94109.5125  HBOND      =        0.0000
 1-4 VDW =      395.2006  1-4 EEL =     6259.7098  RESTRAINT  =        0.0000


   NSTEP       ENERGY          RMS            GMAX         NAME    NUMBER
    275      -6.8089E+04     6.9396E-01     3.0647E+01     N         384

 BOND    =     5041.9037  ANGLE   =      245.8904  DIHED      =     2044.4189
 VDWAALS =    12142.8500  EEL     =   -94219.0091  HBOND      =        0.0000
 1-4 VDW =      395.5115  1-4 EEL =     6259.0324  RESTRAINT  =        0.0000


   NSTEP       ENERGY          RMS            GMAX         NAME    NUMBER
    280      -6.8091E+04     6.3062E-01     2.6540E+01     N         384

 BOND    =     5040.5288  ANGLE   =      245.5913  DIHED      =     2044.3980
 VDWAALS =    12142.7011  EEL     =   -94218.9246  HBOND      =        0.0000
 1-4 VDW =      395.4831  1-4 EEL =     6259.0576  RESTRAINT  =        0.0000


   NSTEP       ENERGY          RMS            GMAX         NAME    NUMBER
    285      -6.8115E+04     4.8711E-01     2.6615E+01     CD       1467

 BOND    =     5036.8159  ANGLE   =      246.5021  DIHED      =     2043.6475
 VDWAALS =    12141.4666  EEL     =   -94237.8590  HBOND      =        0.0000
 1-4 VDW =      394.1873  1-4 EEL =     6259.8595  RESTRAINT  =        0.0000


   NSTEP       ENERGY          RMS            GMAX         NAME    NUMBER
    290      -6.8131E+04     4.9807E-01     2.8407E+01     CD       1467

 BOND    =     5041.7547  ANGLE   =      244.1235  DIHED      =     2042.7799
 VDWAALS =    12150.7323  EEL     =   -94265.7022  HBOND      =        0.0000
 1-4 VDW =      393.6028  1-4 EEL =     6261.4592  RESTRAINT  =        0.0000


   NSTEP       ENERGY          RMS            GMAX         NAME    NUMBER
    295      -6.8150E+04     5.0340E-01     3.5243E+01     CD       1467

 BOND    =     5042.9758  ANGLE   =      240.3262  DIHED      =     2041.7338
 VDWAALS =    12175.0597  EEL     =   -94306.8943  HBOND      =        0.0000
 1-4 VDW =      394.3352  1-4 EEL =     6262.7633  RESTRAINT  =        0.0000


   NSTEP       ENERGY          RMS            GMAX         NAME    NUMBER
    300      -6.8161E+04     4.4789E-01     1.9964E+01     CD        327

 BOND    =     5045.9306  ANGLE   =      245.8670  DIHED      =     2041.5048
 VDWAALS =    12189.8431  EEL     =   -94342.5789  HBOND      =        0.0000
 1-4 VDW =      394.8376  1-4 EEL =     6263.3887  RESTRAINT  =        0.0000


   NSTEP       ENERGY          RMS            GMAX         NAME    NUMBER
    305      -6.8163E+04     3.7358E-01     1.4656E+01     N         384

 BOND    =     5044.7998  ANGLE   =      245.4024  DIHED      =     2041.5083
 VDWAALS =    12189.9059  EEL     =   -94342.3948  HBOND      =        0.0000
 1-4 VDW =      394.8167  1-4 EEL =     6263.3049  RESTRAINT  =        0.0000


   NSTEP       ENERGY          RMS            GMAX         NAME    NUMBER
    310      -6.8177E+04     5.2748E-01     3.7383E+01     CD       1467

 BOND    =     5049.7821  ANGLE   =      240.5325  DIHED      =     2041.8110
 VDWAALS =    12191.0920  EEL     =   -94355.4390  HBOND      =        0.0000
 1-4 VDW =      393.4520  1-4 EEL =     6261.5815  RESTRAINT  =        0.0000


   NSTEP       ENERGY          RMS            GMAX         NAME    NUMBER
    315      -6.8188E+04     4.8518E-01     2.6469E+01     CD       1467

 BOND    =     5052.0238  ANGLE   =      244.1410  DIHED      =     2042.2378
 VDWAALS =    12193.9076  EEL     =   -94374.3828  HBOND      =        0.0000
 1-4 VDW =      393.1332  1-4 EEL =     6260.7300  RESTRAINT  =        0.0000


   NSTEP       ENERGY          RMS            GMAX         NAME    NUMBER
    320      -6.8213E+04     4.4724E-01     1.9725E+01     CD       1467

 BOND    =     5055.6831  ANGLE   =      246.0852  DIHED      =     2042.8927
 VDWAALS =    12218.8554  EEL     =   -94428.4449  HBOND      =        0.0000
 1-4 VDW =      393.8291  1-4 EEL =     6258.5750  RESTRAINT  =        0.0000


   NSTEP       ENERGY          RMS            GMAX         NAME    NUMBER
    325      -6.8232E+04     7.3267E-01     2.9250E+01     N         384

 BOND    =     5069.2268  ANGLE   =      247.7671  DIHED      =     2043.2821
 VDWAALS =    12252.2714  EEL     =   -94497.3730  HBOND      =        0.0000
 1-4 VDW =      394.5771  1-4 EEL =     6257.8578  RESTRAINT  =        0.0000


   NSTEP       ENERGY          RMS            GMAX         NAME    NUMBER
    330      -6.8235E+04     6.5262E-01     2.4785E+01     N         384

 BOND    =     5067.3093  ANGLE   =      247.3662  DIHED      =     2043.2391
 VDWAALS =    12252.1015  EEL     =   -94497.0129  HBOND      =        0.0000
 1-4 VDW =      394.5316  1-4 EEL =     6257.8852  RESTRAINT  =        0.0000


   NSTEP       ENERGY          RMS            GMAX         NAME    NUMBER
    335      -6.8259E+04     4.4148E-01     2.3565E+01     CD       1467

 BOND    =     5063.3660  ANGLE   =      246.7533  DIHED      =     2042.3901
 VDWAALS =    12251.3113  EEL     =   -94514.4199  HBOND      =        0.0000
 1-4 VDW =      393.1189  1-4 EEL =     6258.7215  RESTRAINT  =        0.0000


   NSTEP       ENERGY          RMS            GMAX         NAME    NUMBER
    340      -6.8275E+04     4.8349E-01     2.7921E+01     CD       1467

 BOND    =     5068.5519  ANGLE   =      245.0690  DIHED      =     2041.5757
 VDWAALS =    12260.5500  EEL     =   -94543.0486  HBOND      =        0.0000
 1-4 VDW =      392.4782  1-4 EEL =     6260.2923  RESTRAINT  =        0.0000


   NSTEP       ENERGY          RMS            GMAX         NAME    NUMBER
    345      -6.8291E+04     4.8854E-01     2.9436E+01     CD       1467

 BOND    =     5069.6639  ANGLE   =      241.6865  DIHED      =     2040.6322
 VDWAALS =    12282.5177  EEL     =   -94580.6258  HBOND      =        0.0000
 1-4 VDW =      393.1560  1-4 EEL =     6261.6739  RESTRAINT  =        0.0000


   NSTEP       ENERGY          RMS            GMAX         NAME    NUMBER
    350      -6.8301E+04     4.2647E-01     1.9697E+01     CD        327

 BOND    =     5071.4018  ANGLE   =      246.2182  DIHED      =     2040.4025
 VDWAALS =    12294.9192  EEL     =   -94610.0894  HBOND      =        0.0000
 1-4 VDW =      393.5704  1-4 EEL =     6262.2464  RESTRAINT  =        0.0000


   NSTEP       ENERGY          RMS            GMAX         NAME    NUMBER
    355      -6.8303E+04     3.4805E-01     1.3853E+01     N         384

 BOND    =     5070.1659  ANGLE   =      245.7751  DIHED      =     2040.4176
 VDWAALS =    12294.9603  EEL     =   -94609.7790  HBOND      =        0.0000
 1-4 VDW =      393.5503  1-4 EEL =     6262.1638  RESTRAINT  =        0.0000


   NSTEP       ENERGY          RMS            GMAX         NAME    NUMBER
    360      -6.8316E+04     4.9033E-01     2.9574E+01     CD       1467

 BOND    =     5074.6244  ANGLE   =      242.0518  DIHED      =     2040.8661
 VDWAALS =    12295.9756  EEL     =   -94622.4705  HBOND      =        0.0000
 1-4 VDW =      392.3790  1-4 EEL =     6260.5178  RESTRAINT  =        0.0000


   NSTEP       ENERGY          RMS            GMAX         NAME    NUMBER
    365      -6.8326E+04     4.7810E-01     2.6709E+01     CD       1467

 BOND    =     5077.6205  ANGLE   =      245.1427  DIHED      =     2041.3175
 VDWAALS =    12298.6950  EEL     =   -94640.7704  HBOND      =        0.0000
 1-4 VDW =      392.0307  1-4 EEL =     6259.5847  RESTRAINT  =        0.0000


   NSTEP       ENERGY          RMS            GMAX         NAME    NUMBER
    370      -6.8350E+04     4.1816E-01     1.9517E+01     CD       1467

 BOND    =     5081.0239  ANGLE   =      246.5947  DIHED      =     2042.0230
 VDWAALS =    12322.4082  EEL     =   -94692.0154  HBOND      =        0.0000
 1-4 VDW =      392.6773  1-4 EEL =     6257.4787  RESTRAINT  =        0.0000


   NSTEP       ENERGY          RMS            GMAX         NAME    NUMBER
    375      -6.8369E+04     7.3160E-01     2.5393E+01     CD       1467

 BOND    =     5093.5364  ANGLE   =      249.2828  DIHED      =     2042.5803
 VDWAALS =    12354.9894  EEL     =   -94759.3555  HBOND      =        0.0000
 1-4 VDW =      393.5198  1-4 EEL =     6256.8765  RESTRAINT  =        0.0000


   NSTEP       ENERGY          RMS            GMAX         NAME    NUMBER
    380      -6.8371E+04     6.4865E-01     1.9527E+01     N         384

 BOND    =     5091.7453  ANGLE   =      248.8535  DIHED      =     2042.5175
 VDWAALS =    12354.8242  EEL     =   -94759.0389  HBOND      =        0.0000
 1-4 VDW =      393.4678  1-4 EEL =     6256.9019  RESTRAINT  =        0.0000


   NSTEP       ENERGY          RMS            GMAX         NAME    NUMBER
    385      -6.8393E+04     4.0561E-01     2.0573E+01     CD       1467

 BOND    =     5088.4122  ANGLE   =      246.9542  DIHED      =     2041.4319
 VDWAALS =    12354.1988  EEL     =   -94774.0338  HBOND      =        0.0000
 1-4 VDW =      392.0667  1-4 EEL =     6257.6435  RESTRAINT  =        0.0000


   NSTEP       ENERGY          RMS            GMAX         NAME    NUMBER
    390      -6.8408E+04     4.5646E-01     2.6019E+01     CD       1467

 BOND    =     5092.4671  ANGLE   =      245.6301  DIHED      =     2040.4736
 VDWAALS =    12362.5514  EEL     =   -94799.3036  HBOND      =        0.0000
 1-4 VDW =      391.5068  1-4 EEL =     6258.9256  RESTRAINT  =        0.0000


   NSTEP       ENERGY          RMS            GMAX         NAME    NUMBER
    395      -6.8423E+04     4.7359E-01     2.8551E+01     CD        327

 BOND    =     5094.1116  ANGLE   =      242.8837  DIHED      =     2039.3609
 VDWAALS =    12382.9595  EEL     =   -94834.3673  HBOND      =        0.0000
 1-4 VDW =      392.1779  1-4 EEL =     6260.1991  RESTRAINT  =        0.0000


   NSTEP       ENERGY          RMS            GMAX         NAME    NUMBER
    400      -6.8431E+04     3.9957E-01     1.9021E+01     CD        327

 BOND    =     5094.6618  ANGLE   =      246.3918  DIHED      =     2038.8909
 VDWAALS =    12393.7327  EEL     =   -94857.9887  HBOND      =        0.0000
 1-4 VDW =      392.5020  1-4 EEL =     6260.6392  RESTRAINT  =        0.0000


   NSTEP       ENERGY          RMS            GMAX         NAME    NUMBER
    405      -6.8433E+04     3.1617E-01     1.2048E+01     N         384

 BOND    =     5093.5411  ANGLE   =      245.9771  DIHED      =     2038.9055
 VDWAALS =    12393.7704  EEL     =   -94857.7866  HBOND      =        0.0000
 1-4 VDW =      392.4801  1-4 EEL =     6260.5566  RESTRAINT  =        0.0000


   NSTEP       ENERGY          RMS            GMAX         NAME    NUMBER
    410      -6.8444E+04     3.8948E-01     1.8854E+01     N         384

 BOND    =     5096.7174  ANGLE   =      242.7462  DIHED      =     2039.2755
 VDWAALS =    12394.8754  EEL     =   -94868.4382  HBOND      =        0.0000
 1-4 VDW =      391.5756  1-4 EEL =     6259.0827  RESTRAINT  =        0.0000


   NSTEP       ENERGY          RMS            GMAX         NAME    NUMBER
    415      -6.8460E+04     3.4267E-01     1.6112E+01     C         382

 BOND    =     5097.8095  ANGLE   =      246.3075  DIHED      =     2039.8236
 VDWAALS =    12401.5134  EEL     =   -94893.9604  HBOND      =        0.0000
 1-4 VDW =      391.1818  1-4 EEL =     6257.3788  RESTRAINT  =        0.0000


   NSTEP       ENERGY          RMS            GMAX         NAME    NUMBER
    420      -6.8475E+04     4.9231E-01     3.4506E+01     CD       1467

 BOND    =     5105.4028  ANGLE   =      247.1846  DIHED      =     2040.1805
 VDWAALS =    12422.4432  EEL     =   -94937.5448  HBOND      =        0.0000
 1-4 VDW =      391.8969  1-4 EEL =     6255.6519  RESTRAINT  =        0.0000


   NSTEP       ENERGY          RMS            GMAX         NAME    NUMBER
    425      -6.8511E+04     7.1856E-01     2.8461E+01     CD       1467

 BOND    =     5120.4975  ANGLE   =      250.0484  DIHED      =     2039.9978
 VDWAALS =    12465.7501  EEL     =   -95034.2808  HBOND      =        0.0000
 1-4 VDW =      392.5391  1-4 EEL =     6254.9475  RESTRAINT  =        0.0000


   NSTEP       ENERGY          RMS            GMAX         NAME    NUMBER
    430      -6.8512E+04     6.5111E-01     2.1916E+01     CD       1467

 BOND    =     5118.9204  ANGLE   =      249.7056  DIHED      =     2039.9519
 VDWAALS =    12465.6401  EEL     =   -95033.8527  HBOND      =        0.0000
 1-4 VDW =      392.4984  1-4 EEL =     6254.9682  RESTRAINT  =        0.0000


   NSTEP       ENERGY          RMS            GMAX         NAME    NUMBER
    435      -6.8533E+04     3.7866E-01     1.8247E+01     CD       1467

 BOND    =     5115.0705  ANGLE   =      247.2535  DIHED      =     2038.9291
 VDWAALS =    12465.6215  EEL     =   -95046.8596  HBOND      =        0.0000
 1-4 VDW =      391.1434  1-4 EEL =     6255.5915  RESTRAINT  =        0.0000


   NSTEP       ENERGY          RMS            GMAX         NAME    NUMBER
    440      -6.8546E+04     4.3027E-01     2.3004E+01     CD       1467

 BOND    =     5118.9604  ANGLE   =      246.4016  DIHED      =     2038.0745
 VDWAALS =    12473.3876  EEL     =   -95070.4986  HBOND      =        0.0000
 1-4 VDW =      390.5849  1-4 EEL =     6256.7812  RESTRAINT  =        0.0000


   NSTEP       ENERGY          RMS            GMAX         NAME    NUMBER
    445      -6.8559E+04     4.6111E-01     3.0965E+01     CD        327

 BOND    =     5120.5609  ANGLE   =      243.6655  DIHED      =     2036.9714
 VDWAALS =    12492.2581  EEL     =   -95102.2049  HBOND      =        0.0000
 1-4 VDW =      391.2278  1-4 EEL =     6258.0400  RESTRAINT  =        0.0000


   NSTEP       ENERGY          RMS            GMAX         NAME    NUMBER
    450      -6.8567E+04     3.5374E-01     1.6037E+01     CD        327

 BOND    =     5120.0542  ANGLE   =      246.4742  DIHED      =     2036.4694
 VDWAALS =    12500.9183  EEL     =   -95120.5954  HBOND      =        0.0000
 1-4 VDW =      391.5146  1-4 EEL =     6258.4110  RESTRAINT  =        0.0000


   NSTEP       ENERGY          RMS            GMAX         NAME    NUMBER
    455      -6.8568E+04     2.7375E-01     9.6972E+00     N         384

 BOND    =     5118.9393  ANGLE   =      246.0703  DIHED      =     2036.4878
 VDWAALS =    12500.9727  EEL     =   -95120.3553  HBOND      =        0.0000
 1-4 VDW =      391.4907  1-4 EEL =     6258.3318  RESTRAINT  =        0.0000


   NSTEP       ENERGY          RMS            GMAX         NAME    NUMBER
    460      -6.8578E+04     3.6753E-01     1.9500E+01     N         384

 BOND    =     5121.8329  ANGLE   =      243.5210  DIHED      =     2036.8258
 VDWAALS =    12501.9995  EEL     =   -95129.7818  HBOND      =        0.0000
 1-4 VDW =      390.6870  1-4 EEL =     6256.9188  RESTRAINT  =        0.0000


   NSTEP       ENERGY          RMS            GMAX         NAME    NUMBER
    465      -6.8592E+04     3.2929E-01     1.5653E+01     C         382

 BOND    =     5122.9198  ANGLE   =      246.5672  DIHED      =     2037.2978
 VDWAALS =    12507.9008  EEL     =   -95152.9241  HBOND      =        0.0000
 1-4 VDW =      390.3822  1-4 EEL =     6255.4216  RESTRAINT  =        0.0000


   NSTEP       ENERGY          RMS            GMAX         NAME    NUMBER
    470      -6.8606E+04     4.7983E-01     3.3481E+01     CD       1467

 BOND    =     5130.5681  ANGLE   =      247.1491  DIHED      =     2037.5532
 VDWAALS =    12526.7804  EEL     =   -95193.2684  HBOND      =        0.0000
 1-4 VDW =      391.1087  1-4 EEL =     6253.7990  RESTRAINT  =        0.0000


   NSTEP       ENERGY          RMS            GMAX         NAME    NUMBER
    475      -6.8642E+04     7.4922E-01     3.4775E+01     CD       1467

 BOND    =     5146.8191  ANGLE   =      250.0762  DIHED      =     2037.2200
 VDWAALS =    12567.3564  EEL     =   -95287.8581  HBOND      =        0.0000
 1-4 VDW =      391.7044  1-4 EEL =     6252.9570  RESTRAINT  =        0.0000


   NSTEP       ENERGY          RMS            GMAX         NAME    NUMBER
    480      -6.8643E+04     6.7858E-01     2.7541E+01     CD       1467

 BOND    =     5145.0501  ANGLE   =      249.7485  DIHED      =     2037.1793
 VDWAALS =    12567.2678  EEL     =   -95287.2505  HBOND      =        0.0000
 1-4 VDW =      391.6675  1-4 EEL =     6252.9759  RESTRAINT  =        0.0000


   NSTEP       ENERGY          RMS            GMAX         NAME    NUMBER
    485      -6.8663E+04     3.4873E-01     1.6370E+01     CD       1467

 BOND    =     5139.5414  ANGLE   =      247.0691  DIHED      =     2036.2158
 VDWAALS =    12567.7256  EEL     =   -95297.1617  HBOND      =        0.0000
 1-4 VDW =      390.4315  1-4 EEL =     6253.4507  RESTRAINT  =        0.0000


   NSTEP       ENERGY          RMS            GMAX         NAME    NUMBER
    490      -6.8674E+04     4.1558E-01     2.0764E+01     CD       1467

 BOND    =     5143.5558  ANGLE   =      246.9410  DIHED      =     2035.5359
 VDWAALS =    12575.2243  EEL     =   -95320.0920  HBOND      =        0.0000
 1-4 VDW =      389.8477  1-4 EEL =     6254.5778  RESTRAINT  =        0.0000


   NSTEP       ENERGY          RMS            GMAX         NAME    NUMBER
    495      -6.8687E+04     4.4426E-01     3.0925E+01     CD        327

 BOND    =     5145.2110  ANGLE   =      244.3021  DIHED      =     2034.5257
 VDWAALS =    12593.9535  EEL     =   -95351.1409  HBOND      =        0.0000
 1-4 VDW =      390.4307  1-4 EEL =     6255.8204  RESTRAINT  =        0.0000


   NSTEP       ENERGY          RMS            GMAX         NAME    NUMBER
    500      -6.8694E+04     3.2421E-01     1.4682E+01     CD        327

 BOND    =     5144.1881  ANGLE   =      246.9731  DIHED      =     2033.9446
 VDWAALS =    12603.0247  EEL     =   -95369.0394  HBOND      =        0.0000
 1-4 VDW =      390.7535  1-4 EEL =     6256.2425  RESTRAINT  =        0.0000


  Maximum number of minimization cycles reached.


                    FINAL RESULTS



   NSTEP       ENERGY          RMS            GMAX         NAME    NUMBER
    500      -6.8694E+04     3.2421E-01     1.4682E+01     CD        327

 BOND    =     5144.1881  ANGLE   =      246.9731  DIHED      =     2033.9446
 VDWAALS =    12603.0247  EEL     =   -95369.0394  HBOND      =        0.0000
 1-4 VDW =      390.7535  1-4 EEL =     6256.2425  RESTRAINT  =        0.0000
--------------------------------------------------------------------------------
   5.  TIMINGS
--------------------------------------------------------------------------------

|  NonSetup CPU Time in Major Routines:
|
|     Routine           Sec        %
|     ------------------------------
|     Nonbond          27.89   95.93
|     Bond              0.08    0.28
|     Angle             0.10    0.36
|     Dihedral          0.78    2.70
|     Shake             0.00    0.00
|     Other             0.22    0.74
|     ------------------------------
|     Total            29.08

|  PME Nonbond Pairlist CPU Time:
|
|     Routine              Sec        %
|     ---------------------------------
|     Set Up Cit           0.00    0.01
|     Build List           0.41    1.42
|     ---------------------------------
|     Total                0.42    1.43

|  PME Direct Force CPU Time:
|
|     Routine              Sec        %
|     ---------------------------------
|     NonBonded Calc      19.64   67.55
|     Exclude Masked       0.40    1.39
|     Other                0.14    0.50
|     ---------------------------------
|     Total               20.19   69.43

|  PME Reciprocal Force CPU Time:
|
|     Routine              Sec        %
|     ---------------------------------
|     1D bspline           0.52    1.80
|     Grid Charges         0.77    2.66
|     Scalar Sum           1.22    4.21
|     Gradient Sum         1.10    3.80
|     FFT                  3.64   12.52
|     ---------------------------------
|     Total                7.26   24.98

|  Setup CPU time:            0.06 seconds
|  NonSetup CPU time:        29.08 seconds
|  Total CPU time:           29.14 seconds     0.01 hours

|  Setup wall time:           1    seconds
|  NonSetup wall time:       29    seconds
|  Total wall time:          30    seconds     0.01 hours
