
          -------------------------------------------------------
          Amber 16 PMEMD                              2016
          -------------------------------------------------------

| PMEMD implementation of SANDER, Release 16

| Run on 07/03/2017 at 18:53:29

|   Executable path: pmemd.cuda
| Working directory: /home/german/obp/run/wt_eol/mhe/e
|          Hostname: Unknown
  [-O]verwriting output

File Assignments:
|   MDIN: 12equ.in                                                              
|  MDOUT: 12equ.out                                                             
| INPCRD: 11ewt_eol.rst7                                                        
|   PARM: /home/german/obp/top_files/wt_eol.prmtop                              
| RESTRT: 12ewt_eol.rst7                                                        
|   REFC: 11ewt_eol.rst7                                                        
|  MDVEL: mdvel                                                                 
|   MDEN: mden                                                                  
|  MDCRD: 12ewt_eol.nc                                                          
| MDINFO: mdinfo                                                                
|  MDFRC: mdfrc                                                                 


 Here is the input file:

Equilibration with solute restrictions                                         
&cntrl                                                                         
imin = 0,                           ! No Minimization                          
nmropt = 0,                         ! No NMR restraints read                   
                                                                               
! Nature and format of the input                                               
ntx = 5,                            ! Coordinates but no velocities will be rea
irest = 1,                          ! Do not run a new simulation              
                                                                               
! Nature and format of the output                                              
ntxo = 1,                           ! rstrt file in ASCII format               
ntpr = 500,                         ! inf in output every ntpr steps           
ntwr = 500,                         ! rstrt file every ntwr steps              
ntwx = 500,                         ! mdcrd file every ntwx steps              
ntwv = 0,                           ! mdvel without velocities                 
ntwe = 0,                           ! Energies and temperatures not written in 
idecomp = 0,                        ! No energy decomposition                  
iwrap = 1,                          ! Coordinates of the restart and mdcrd file
                                                                               
! Frozen or restrained atoms                                                   
ibelly = 0,                         ! No frozen atoms                          
ntr=1,                              ! Harmonic potential restraints            
restraint_wt = 4.0,                ! The weight for the positional restraints  
restraintmask = ':1-120@N,CA,C,O',  ! restrained residues                      
                                                                               
! Molecular dynamics                                                           
nstlim = 50000,                     ! Number of MD-steps                       
dt = 0.002,                         ! Time step                                
                                                                               
! Temperature regulation                                                       
ntt = 3,                            ! Langevin thermostat                      
gamma_ln = 5,                       ! Gamma constant for Langevin              
!temp0 = 300.0,                     ! Reference T at which the system is to be 
tempi = 300.0,                      ! Initial T                                
ig = -1,                            ! Seed for the RNG                         
                                                                               
! P and V regulation                                                           
ntp = 1,                            ! Constant P. Isotropic scaling            
barostat = 1,                       ! Berendsen barostat                       
taup = 1,                           ! Pressure relaxation time                 
nrespa = 1,                         ! Evaluate at each step                    
ntb = 2,                            ! Periodic box for constant P              
                                                                               
! SHAKE variables                                                              
ntc = 2,                            ! Bonds involving H are constrained        
ntf = 2,                            ! Bond interaction involving H are ommited.
                                                                               
cut = 10.0,                         ! Nonbonded cutoff                         
/                                                                              
&end                                                                           


Note: ig = -1. Setting random seed to   656313 based on wallclock time in 
      microseconds.
 
|--------------------- INFORMATION ----------------------
| GPU (CUDA) Version of PMEMD in use: NVIDIA GPU IN USE.
|                    Version 16.0.0
| 
|                      02/25/2016
| 
| Implementation by:
|                    Ross C. Walker     (SDSC)
|                    Scott Le Grand     (nVIDIA)
| 
| Precision model in use:
|      [SPFP] - Single Precision Forces, 64-bit Fixed Point
|               Accumulation. (Default)
| 
|--------------------------------------------------------
 
|----------------- CITATION INFORMATION -----------------
|
|    When publishing work that utilized the CUDA version
|    of AMBER, please cite the following in addition to
|    the regular AMBER citations:
|
|  - Romelia Salomon-Ferrer; Andreas W. Goetz; Duncan
|    Poole; Scott Le Grand; Ross C. Walker "Routine
|    microsecond molecular dynamics simulations with
|    AMBER - Part II: Particle Mesh Ewald", J. Chem.
|    Theory Comput., 2013, 9 (9), pp3878-3888,
|    DOI: 10.1021/ct400314y.
|
|  - Andreas W. Goetz; Mark J. Williamson; Dong Xu;
|    Duncan Poole; Scott Le Grand; Ross C. Walker
|    "Routine microsecond molecular dynamics simulations
|    with AMBER - Part I: Generalized Born", J. Chem.
|    Theory Comput., 2012, 8 (5), pp1542-1555.
|
|  - Scott Le Grand; Andreas W. Goetz; Ross C. Walker
|    "SPFP: Speed without compromise - a mixed precision
|    model for GPU accelerated molecular dynamics
|    simulations.", Comp. Phys. Comm., 2013, 184
|    pp374-380, DOI: 10.1016/j.cpc.2012.09.022
|
|--------------------------------------------------------
 
|------------------- GPU DEVICE INFO --------------------
|
|            CUDA_VISIBLE_DEVICES: 1
|   CUDA Capable Devices Detected:      1
|           CUDA Device ID in use:      0
|                CUDA Device Name: GeForce GTX 1060 6GB
|     CUDA Device Global Mem Size:   6072 MB
| CUDA Device Num Multiprocessors:     10
|           CUDA Device Core Freq:   1.76 GHz
|
|--------------------------------------------------------
 
 
| Conditional Compilation Defines Used:
| PUBFFT
| BINTRAJ
| CUDA
| EMIL

| Largest sphere to fit in unit cell has radius =    26.357

| New format PARM file being parsed.
| Version =    1.000 Date = 02/20/15 Time = 17:35:00

| Note: 1-4 EEL scale factors are being read from the topology file.

| Note: 1-4 VDW scale factors are being read from the topology file.
| Duplicated    0 dihedrals

| Duplicated    0 dihedrals

--------------------------------------------------------------------------------
   1.  RESOURCE   USE: 
--------------------------------------------------------------------------------

 getting new box info from bottom of inpcrd
 NATOM  =   17712 NTYPES =      18 NBONH =   16754 MBONA  =     963
 NTHETH =    2242 MTHETA =    1293 NPHIH =    4367 MPHIA  =    4396
 NHPARM =       0 NPARM  =       0 NNB   =   31725 NRES   =    5382
 NBONA  =     963 NTHETA =    1293 NPHIA =    4396 NUMBND =      72
 NUMANG =     151 NPTRA  =     245 NATYP =      42 NPHB   =       1
 IFBOX  =       1 NMXRS  =      24 IFCAP =       0 NEXTRA =       0
 NCOPY  =       0

| Coordinate Index Table dimensions:    10   10    9
| Direct force subcell size =     5.6805    5.8796    5.8570

     BOX TYPE: RECTILINEAR

--------------------------------------------------------------------------------
   2.  CONTROL  DATA  FOR  THE  RUN
--------------------------------------------------------------------------------

default_name                                                                    

General flags:
     imin    =       0, nmropt  =       0

Nature and format of input:
     ntx     =       5, irest   =       1, ntrx    =       1

Nature and format of output:
     ntxo    =       1, ntpr    =     500, ntrx    =       1, ntwr    =     500
     iwrap   =       1, ntwx    =     500, ntwv    =       0, ntwe    =       0
     ioutfm  =       1, ntwprt  =       0, idecomp =       0, rbornstat=      0

Potential function:
     ntf     =       2, ntb     =       2, igb     =       0, nsnb    =      25
     ipol    =       0, gbsa    =       0, iesp    =       0
     dielc   =   1.00000, cut     =  10.00000, intdiel =   1.00000

Frozen or restrained atoms:
     ibelly  =       0, ntr     =       1
     restraint_wt =   4.00000

Molecular dynamics:
     nstlim  =     50000, nscm    =         0, nrespa  =         1
     t       =   0.00000, dt      =   0.00200, vlimit  =  -1.00000

Langevin dynamics temperature regulation:
     ig      =  656313
     temp0   = 300.00000, tempi   = 300.00000, gamma_ln=   5.00000

Pressure regulation:
     ntp     =       1
     pres0   =   1.00000, comp    =  44.60000, taup    =   1.00000

SHAKE:
     ntc     =       2, jfastw  =       0
     tol     =   0.00001

| Intermolecular bonds treatment:
|     no_intermolecular_bonds =       1

| Energy averages sample interval:
|     ene_avg_sampling =     500

Ewald parameters:
     verbose =       0, ew_type =       0, nbflag  =       1, use_pme =       1
     vdwmeth =       1, eedmeth =       1, netfrc  =       1
     Box X =   56.805   Box Y =   58.796   Box Z =   52.713
     Alpha =   90.000   Beta  =   90.000   Gamma =   90.000
     NFFT1 =   64       NFFT2 =   64       NFFT3 =   56
     Cutoff=   10.000   Tol   =0.100E-04
     Ewald Coefficient =  0.27511
     Interpolation order =    4

    LOADING THE CONSTRAINED ATOMS AS GROUPS


   5.  REFERENCE ATOM COORDINATES

  default_name                                                                    
     Mask :1-120@N,CA,C,O; matches   476 atoms

--------------------------------------------------------------------------------
   3.  ATOMIC COORDINATES AND VELOCITIES
--------------------------------------------------------------------------------

default_name                                                                    
 begin time read from input coords =  1240.000 ps

 
 Number of triangulated 3-point waters found:     5259

     Sum of charges from parm topology file =  -0.00000007
     Forcing neutrality...

| Dynamic Memory, Types Used:
| Reals              899290
| Integers           629334

| Nonbonded Pairs Initial Allocation:     5357437

| GPU memory information (estimate):
| KB of GPU memory in use:    114971
| KB of CPU memory in use:     23987

--------------------------------------------------------------------------------
   4.  RESULTS
--------------------------------------------------------------------------------

 ---------------------------------------------------
 APPROXIMATING switch and d/dx switch using CUBIC SPLINE INTERPOLATION
 using   5000.0 points per unit in tabled values
 TESTING RELATIVE ERROR over r ranging from 0.0 to cutoff
| CHECK switch(x): max rel err =   0.2738E-14   at   2.422500
| CHECK d/dx switch(x): max rel err =   0.8314E-11   at   2.736960
 ---------------------------------------------------
|---------------------------------------------------
| APPROXIMATING direct energy using CUBIC SPLINE INTERPOLATION
|  with   50.0 points per unit in tabled values
| Relative Error Limit not exceeded for r .gt.   2.33
| APPROXIMATING direct force using CUBIC SPLINE INTERPOLATION
|  with   50.0 points per unit in tabled values
| Relative Error Limit not exceeded for r .gt.   2.80
|---------------------------------------------------

 NSTEP =      500   TIME(PS) =    1241.000  TEMP(K) =   300.60  PRESS =   -89.0
 Etot   =    -42601.0398  EKtot   =     10866.2783  EPtot      =    -53467.3181
 BOND   =       329.0423  ANGLE   =      1006.2200  DIHED      =      2178.2629
 1-4 NB =       452.2737  1-4 EEL =      6177.9359  VDWAALS    =      6393.4177
 EELEC  =    -70072.2410  EHBOND  =         0.0000  RESTRAINT  =        67.7704
 EAMBER (non-restraint)  =    -53535.0885
 EKCMT  =      4705.3799  VIRIAL  =      5043.1677  VOLUME     =    175830.8640
                                                    Density    =         1.0248
 ------------------------------------------------------------------------------


 NSTEP =     1000   TIME(PS) =    1242.000  TEMP(K) =   299.20  PRESS =   200.0
 Etot   =    -42575.8887  EKtot   =     10815.8818  EPtot      =    -53391.7705
 BOND   =       340.1104  ANGLE   =      1023.7402  DIHED      =      2168.9670
 1-4 NB =       452.8990  1-4 EEL =      6232.7838  VDWAALS    =      6477.5558
 EELEC  =    -70160.5186  EHBOND  =         0.0000  RESTRAINT  =        72.6918
 EAMBER (non-restraint)  =    -53464.4624
 EKCMT  =      4645.3047  VIRIAL  =      3885.4365  VOLUME     =    175967.8760
                                                    Density    =         1.0240
 ------------------------------------------------------------------------------


 NSTEP =     1500   TIME(PS) =    1243.000  TEMP(K) =   296.37  PRESS =   224.3
 Etot   =    -42786.2834  EKtot   =     10713.4668  EPtot      =    -53499.7502
 BOND   =       361.5675  ANGLE   =       996.2994  DIHED      =      2151.5632
 1-4 NB =       446.2908  1-4 EEL =      6217.7490  VDWAALS    =      6524.6248
 EELEC  =    -70279.9622  EHBOND  =         0.0000  RESTRAINT  =        82.1173
 EAMBER (non-restraint)  =    -53581.8675
 EKCMT  =      4617.2534  VIRIAL  =      3766.3733  VOLUME     =    175665.4511
                                                    Density    =         1.0257
 ------------------------------------------------------------------------------


 NSTEP =     2000   TIME(PS) =    1244.000  TEMP(K) =   299.00  PRESS =   155.8
 Etot   =    -42291.6856  EKtot   =     10808.6064  EPtot      =    -53100.2921
 BOND   =       355.9345  ANGLE   =      1023.6916  DIHED      =      2172.6942
 1-4 NB =       446.2690  1-4 EEL =      6179.9030  VDWAALS    =      6329.8877
 EELEC  =    -69687.2820  EHBOND  =         0.0000  RESTRAINT  =        78.6098
 EAMBER (non-restraint)  =    -53178.9019
 EKCMT  =      4712.8206  VIRIAL  =      4121.5739  VOLUME     =    175762.5644
                                                    Density    =         1.0252
 ------------------------------------------------------------------------------


 NSTEP =     2500   TIME(PS) =    1245.000  TEMP(K) =   298.37  PRESS =  -166.2
 Etot   =    -42399.8967  EKtot   =     10785.7744  EPtot      =    -53185.6711
 BOND   =       350.5642  ANGLE   =       989.1297  DIHED      =      2171.0023
 1-4 NB =       458.1399  1-4 EEL =      6176.9195  VDWAALS    =      6233.9354
 EELEC  =    -69649.4462  EHBOND  =         0.0000  RESTRAINT  =        84.0841
 EAMBER (non-restraint)  =    -53269.7552
 EKCMT  =      4733.1452  VIRIAL  =      5364.3162  VOLUME     =    175902.8546
                                                    Density    =         1.0243
 ------------------------------------------------------------------------------


 NSTEP =     3000   TIME(PS) =    1246.000  TEMP(K) =   301.78  PRESS =   156.7
 Etot   =    -42365.3479  EKtot   =     10909.1748  EPtot      =    -53274.5228
 BOND   =       316.5792  ANGLE   =      1009.1242  DIHED      =      2163.0774
 1-4 NB =       450.2613  1-4 EEL =      6223.1263  VDWAALS    =      6324.7119
 EELEC  =    -69841.6770  EHBOND  =         0.0000  RESTRAINT  =        80.2740
 EAMBER (non-restraint)  =    -53354.7967
 EKCMT  =      4721.3747  VIRIAL  =      4125.7877  VOLUME     =    176072.1603
                                                    Density    =         1.0234
 ------------------------------------------------------------------------------


 NSTEP =     3500   TIME(PS) =    1247.000  TEMP(K) =   300.66  PRESS =  -122.1
 Etot   =    -42374.8888  EKtot   =     10868.5410  EPtot      =    -53243.4298
 BOND   =       339.5429  ANGLE   =       991.0384  DIHED      =      2153.0271
 1-4 NB =       451.3587  1-4 EEL =      6235.8078  VDWAALS    =      6273.5159
 EELEC  =    -69764.6956  EHBOND  =         0.0000  RESTRAINT  =        76.9750
 EAMBER (non-restraint)  =    -53320.4048
 EKCMT  =      4759.1955  VIRIAL  =      5222.9079  VOLUME     =    175916.8575
                                                    Density    =         1.0243
 ------------------------------------------------------------------------------


 NSTEP =     4000   TIME(PS) =    1248.000  TEMP(K) =   297.18  PRESS =    30.1
 Etot   =    -42609.8497  EKtot   =     10742.7344  EPtot      =    -53352.5841
 BOND   =       353.1063  ANGLE   =       995.2166  DIHED      =      2152.8038
 1-4 NB =       433.9013  1-4 EEL =      6220.8517  VDWAALS    =      6306.6327
 EELEC  =    -69900.5154  EHBOND  =         0.0000  RESTRAINT  =        85.4189
 EAMBER (non-restraint)  =    -53438.0030
 EKCMT  =      4670.7682  VIRIAL  =      4556.4117  VOLUME     =    175905.1713
                                                    Density    =         1.0243
 ------------------------------------------------------------------------------


 NSTEP =     4500   TIME(PS) =    1249.000  TEMP(K) =   302.16  PRESS =  -266.7
 Etot   =    -42509.9542  EKtot   =     10922.8125  EPtot      =    -53432.7667
 BOND   =       340.0653  ANGLE   =      1002.6090  DIHED      =      2190.1974
 1-4 NB =       448.2496  1-4 EEL =      6186.0083  VDWAALS    =      6234.8516
 EELEC  =    -69908.7543  EHBOND  =         0.0000  RESTRAINT  =        74.0063
 EAMBER (non-restraint)  =    -53506.7731
 EKCMT  =      4752.9431  VIRIAL  =      5768.4090  VOLUME     =    176362.9814
                                                    Density    =         1.0217
 ------------------------------------------------------------------------------


 NSTEP =     5000   TIME(PS) =    1250.000  TEMP(K) =   300.11  PRESS =   -88.8
 Etot   =    -42305.8166  EKtot   =     10848.7168  EPtot      =    -53154.5334
 BOND   =       351.9166  ANGLE   =       993.0588  DIHED      =      2150.7166
 1-4 NB =       453.6610  1-4 EEL =      6210.8307  VDWAALS    =      6178.8345
 EELEC  =    -69569.2318  EHBOND  =         0.0000  RESTRAINT  =        75.6802
 EAMBER (non-restraint)  =    -53230.2136
 EKCMT  =      4727.7021  VIRIAL  =      5065.0782  VOLUME     =    175880.3030
                                                    Density    =         1.0245
 ------------------------------------------------------------------------------


 NSTEP =     5500   TIME(PS) =    1251.000  TEMP(K) =   298.69  PRESS =   143.4
 Etot   =    -42259.7972  EKtot   =     10797.4307  EPtot      =    -53057.2279
 BOND   =       364.2160  ANGLE   =       975.7129  DIHED      =      2180.2909
 1-4 NB =       455.8441  1-4 EEL =      6202.4360  VDWAALS    =      6195.6383
 EELEC  =    -69513.1265  EHBOND  =         0.0000  RESTRAINT  =        81.7604
 EAMBER (non-restraint)  =    -53138.9883
 EKCMT  =      4689.4939  VIRIAL  =      4145.9205  VOLUME     =    175529.7894
                                                    Density    =         1.0265
 ------------------------------------------------------------------------------


 NSTEP =     6000   TIME(PS) =    1252.000  TEMP(K) =   297.67  PRESS =   -68.0
 Etot   =    -42348.3395  EKtot   =     10760.4619  EPtot      =    -53108.8014
 BOND   =       389.8475  ANGLE   =      1017.6729  DIHED      =      2161.7089
 1-4 NB =       466.5443  1-4 EEL =      6206.9969  VDWAALS    =      6163.7576
 EELEC  =    -69591.5668  EHBOND  =         0.0000  RESTRAINT  =        76.2373
 EAMBER (non-restraint)  =    -53185.0387
 EKCMT  =      4703.1383  VIRIAL  =      4961.1036  VOLUME     =    175708.7124
                                                    Density    =         1.0255
 ------------------------------------------------------------------------------


 NSTEP =     6500   TIME(PS) =    1253.000  TEMP(K) =   301.54  PRESS =   232.1
 Etot   =    -42297.8005  EKtot   =     10900.2422  EPtot      =    -53198.0427
 BOND   =       332.6489  ANGLE   =      1020.6841  DIHED      =      2161.6093
 1-4 NB =       457.9185  1-4 EEL =      6176.9250  VDWAALS    =      6349.3661
 EELEC  =    -69771.6991  EHBOND  =         0.0000  RESTRAINT  =        74.5045
 EAMBER (non-restraint)  =    -53272.5472
 EKCMT  =      4690.6100  VIRIAL  =      3806.1139  VOLUME     =    176465.1871
                                                    Density    =         1.0211
 ------------------------------------------------------------------------------


 NSTEP =     7000   TIME(PS) =    1254.000  TEMP(K) =   300.16  PRESS =   273.9
 Etot   =    -42398.1957  EKtot   =     10850.5850  EPtot      =    -53248.7807
 BOND   =       351.0982  ANGLE   =      1044.2825  DIHED      =      2163.8236
 1-4 NB =       452.6654  1-4 EEL =      6212.0193  VDWAALS    =      6429.4522
 EELEC  =    -69976.3035  EHBOND  =         0.0000  RESTRAINT  =        74.1817
 EAMBER (non-restraint)  =    -53322.9624
 EKCMT  =      4737.3336  VIRIAL  =      3691.3197  VOLUME     =    176894.3834
                                                    Density    =         1.0186
 ------------------------------------------------------------------------------


 NSTEP =     7500   TIME(PS) =    1255.000  TEMP(K) =   297.58  PRESS =   154.4
 Etot   =    -42394.1944  EKtot   =     10757.3682  EPtot      =    -53151.5626
 BOND   =       360.0644  ANGLE   =      1015.0233  DIHED      =      2150.1905
 1-4 NB =       459.2257  1-4 EEL =      6225.8860  VDWAALS    =      6202.1190
 EELEC  =    -69640.7318  EHBOND  =         0.0000  RESTRAINT  =        76.6603
 EAMBER (non-restraint)  =    -53228.2229
 EKCMT  =      4722.3753  VIRIAL  =      4132.4815  VOLUME     =    176923.6629
                                                    Density    =         1.0184
 ------------------------------------------------------------------------------


 NSTEP =     8000   TIME(PS) =    1256.000  TEMP(K) =   298.10  PRESS =   -84.8
 Etot   =    -42451.8544  EKtot   =     10775.9502  EPtot      =    -53227.8046
 BOND   =       369.4788  ANGLE   =       993.6206  DIHED      =      2163.8324
 1-4 NB =       449.8592  1-4 EEL =      6241.5618  VDWAALS    =      6184.1622
 EELEC  =    -69715.2037  EHBOND  =         0.0000  RESTRAINT  =        84.8841
 EAMBER (non-restraint)  =    -53312.6887
 EKCMT  =      4678.4983  VIRIAL  =      5000.7118  VOLUME     =    176082.3457
                                                    Density    =         1.0233
 ------------------------------------------------------------------------------


 NSTEP =     8500   TIME(PS) =    1257.000  TEMP(K) =   302.62  PRESS =  -296.4
 Etot   =    -42441.5070  EKtot   =     10939.3906  EPtot      =    -53380.8976
 BOND   =       374.5523  ANGLE   =       972.7618  DIHED      =      2176.3654
 1-4 NB =       451.8698  1-4 EEL =      6195.0496  VDWAALS    =      6236.2710
 EELEC  =    -69860.5443  EHBOND  =         0.0000  RESTRAINT  =        72.7768
 EAMBER (non-restraint)  =    -53453.6744
 EKCMT  =      4741.2347  VIRIAL  =      5868.6356  VOLUME     =    176194.5085
                                                    Density    =         1.0226
 ------------------------------------------------------------------------------


 NSTEP =     9000   TIME(PS) =    1258.000  TEMP(K) =   299.39  PRESS =   308.0
 Etot   =    -42368.9197  EKtot   =     10822.5791  EPtot      =    -53191.4988
 BOND   =       369.3061  ANGLE   =      1004.9964  DIHED      =      2181.4616
 1-4 NB =       449.3102  1-4 EEL =      6213.5884  VDWAALS    =      6407.1076
 EELEC  =    -69892.1298  EHBOND  =         0.0000  RESTRAINT  =        74.8606
 EAMBER (non-restraint)  =    -53266.3594
 EKCMT  =      4730.4075  VIRIAL  =      3555.2675  VOLUME     =    176723.3998
                                                    Density    =         1.0196
 ------------------------------------------------------------------------------


 NSTEP =     9500   TIME(PS) =    1259.000  TEMP(K) =   298.83  PRESS =    29.9
 Etot   =    -42522.7257  EKtot   =     10802.4170  EPtot      =    -53325.1427
 BOND   =       338.2563  ANGLE   =      1009.1397  DIHED      =      2160.7081
 1-4 NB =       442.8165  1-4 EEL =      6173.8555  VDWAALS    =      6351.5710
 EELEC  =    -69872.2603  EHBOND  =         0.0000  RESTRAINT  =        70.7706
 EAMBER (non-restraint)  =    -53395.9132
 EKCMT  =      4793.0821  VIRIAL  =      4678.9694  VOLUME     =    176803.4856
                                                    Density    =         1.0191
 ------------------------------------------------------------------------------


 NSTEP =    10000   TIME(PS) =    1260.000  TEMP(K) =   301.08  PRESS =    27.3
 Etot   =    -42596.4485  EKtot   =     10883.6484  EPtot      =    -53480.0969
 BOND   =       341.1009  ANGLE   =       979.8142  DIHED      =      2161.5981
 1-4 NB =       463.5597  1-4 EEL =      6204.9485  VDWAALS    =      6279.7193
 EELEC  =    -69987.3557  EHBOND  =         0.0000  RESTRAINT  =        76.5181
 EAMBER (non-restraint)  =    -53556.6150
 EKCMT  =      4800.6525  VIRIAL  =      4696.7069  VOLUME     =    176351.8195
                                                    Density    =         1.0217
 ------------------------------------------------------------------------------


 NSTEP =    10500   TIME(PS) =    1261.000  TEMP(K) =   299.16  PRESS =    -3.0
 Etot   =    -42477.0001  EKtot   =     10814.3447  EPtot      =    -53291.3448
 BOND   =       360.1947  ANGLE   =      1011.3101  DIHED      =      2159.6989
 1-4 NB =       462.6170  1-4 EEL =      6200.0241  VDWAALS    =      6260.4429
 EELEC  =    -69831.2974  EHBOND  =         0.0000  RESTRAINT  =        85.6649
 EAMBER (non-restraint)  =    -53377.0097
 EKCMT  =      4684.7143  VIRIAL  =      4695.9845  VOLUME     =    176252.5185
                                                    Density    =         1.0223
 ------------------------------------------------------------------------------


 NSTEP =    11000   TIME(PS) =    1262.000  TEMP(K) =   300.30  PRESS =   235.9
 Etot   =    -42535.1542  EKtot   =     10855.4619  EPtot      =    -53390.6161
 BOND   =       363.9016  ANGLE   =      1000.4785  DIHED      =      2134.0585
 1-4 NB =       457.3687  1-4 EEL =      6166.7459  VDWAALS    =      6450.7786
 EELEC  =    -70040.2798  EHBOND  =         0.0000  RESTRAINT  =        76.3318
 EAMBER (non-restraint)  =    -53466.9480
 EKCMT  =      4704.3214  VIRIAL  =      3806.3436  VOLUME     =    176333.3669
                                                    Density    =         1.0218
 ------------------------------------------------------------------------------


 NSTEP =    11500   TIME(PS) =    1263.000  TEMP(K) =   301.53  PRESS =   313.7
 Etot   =    -42454.9634  EKtot   =     10899.9443  EPtot      =    -53354.9078
 BOND   =       360.8400  ANGLE   =       974.6135  DIHED      =      2173.2518
 1-4 NB =       460.3876  1-4 EEL =      6214.1364  VDWAALS    =      6364.3291
 EELEC  =    -69979.7470  EHBOND  =         0.0000  RESTRAINT  =        77.2808
 EAMBER (non-restraint)  =    -53432.1886
 EKCMT  =      4725.6002  VIRIAL  =      3533.4150  VOLUME     =    176000.8448
                                                    Density    =         1.0238
 ------------------------------------------------------------------------------


 NSTEP =    12000   TIME(PS) =    1264.000  TEMP(K) =   300.35  PRESS =   -64.5
 Etot   =    -42246.9028  EKtot   =     10857.2090  EPtot      =    -53104.1118
 BOND   =       335.8408  ANGLE   =      1002.1312  DIHED      =      2161.7840
 1-4 NB =       453.0605  1-4 EEL =      6200.0932  VDWAALS    =      6410.1166
 EELEC  =    -69735.9720  EHBOND  =         0.0000  RESTRAINT  =        68.8338
 EAMBER (non-restraint)  =    -53172.9457
 EKCMT  =      4705.6539  VIRIAL  =      4950.8846  VOLUME     =    176172.3478
                                                    Density    =         1.0228
 ------------------------------------------------------------------------------


 NSTEP =    12500   TIME(PS) =    1265.000  TEMP(K) =   296.25  PRESS =     5.7
 Etot   =    -42514.7416  EKtot   =     10709.1250  EPtot      =    -53223.8666
 BOND   =       383.3385  ANGLE   =      1025.8500  DIHED      =      2160.2972
 1-4 NB =       447.2356  1-4 EEL =      6194.9153  VDWAALS    =      6472.7907
 EELEC  =    -69981.6933  EHBOND  =         0.0000  RESTRAINT  =        73.3993
 EAMBER (non-restraint)  =    -53297.2659
 EKCMT  =      4662.0204  VIRIAL  =      4640.1270  VOLUME     =    176600.0743
                                                    Density    =         1.0203
 ------------------------------------------------------------------------------


 NSTEP =    13000   TIME(PS) =    1266.000  TEMP(K) =   299.88  PRESS =   159.1
 Etot   =    -42289.3262  EKtot   =     10840.4336  EPtot      =    -53129.7598
 BOND   =       356.4768  ANGLE   =       999.9322  DIHED      =      2177.5266
 1-4 NB =       444.8159  1-4 EEL =      6215.1960  VDWAALS    =      6422.2750
 EELEC  =    -69814.6861  EHBOND  =         0.0000  RESTRAINT  =        68.7038
 EAMBER (non-restraint)  =    -53198.4636
 EKCMT  =      4668.6649  VIRIAL  =      4062.6874  VOLUME     =    176399.7588
                                                    Density    =         1.0215
 ------------------------------------------------------------------------------


 NSTEP =    13500   TIME(PS) =    1267.000  TEMP(K) =   303.16  PRESS =    99.5
 Etot   =    -42332.3586  EKtot   =     10958.9355  EPtot      =    -53291.2942
 BOND   =       345.7046  ANGLE   =       990.7935  DIHED      =      2148.7338
 1-4 NB =       451.5615  1-4 EEL =      6189.8091  VDWAALS    =      6393.5135
 EELEC  =    -69884.5289  EHBOND  =         0.0000  RESTRAINT  =        73.1188
 EAMBER (non-restraint)  =    -53364.4130
 EKCMT  =      4704.8863  VIRIAL  =      4325.8409  VOLUME     =    176412.1534
                                                    Density    =         1.0214
 ------------------------------------------------------------------------------


 NSTEP =    14000   TIME(PS) =    1268.000  TEMP(K) =   301.93  PRESS =   230.4
 Etot   =    -42317.3119  EKtot   =     10914.4941  EPtot      =    -53231.8061
 BOND   =       384.0187  ANGLE   =       985.0926  DIHED      =      2159.8365
 1-4 NB =       450.8261  1-4 EEL =      6174.2500  VDWAALS    =      6353.0345
 EELEC  =    -69805.1156  EHBOND  =         0.0000  RESTRAINT  =        66.2511
 EAMBER (non-restraint)  =    -53298.0572
 EKCMT  =      4771.4900  VIRIAL  =      3894.0475  VOLUME     =    176394.3542
                                                    Density    =         1.0215
 ------------------------------------------------------------------------------


 NSTEP =    14500   TIME(PS) =    1269.000  TEMP(K) =   302.31  PRESS =     2.8
 Etot   =    -42349.0132  EKtot   =     10928.2197  EPtot      =    -53277.2329
 BOND   =       336.1820  ANGLE   =      1019.0454  DIHED      =      2137.1644
 1-4 NB =       449.0188  1-4 EEL =      6180.0073  VDWAALS    =      6246.7012
 EELEC  =    -69715.4784  EHBOND  =         0.0000  RESTRAINT  =        70.1263
 EAMBER (non-restraint)  =    -53347.3592
 EKCMT  =      4699.9222  VIRIAL  =      4689.3654  VOLUME     =    176411.1330
                                                    Density    =         1.0214
 ------------------------------------------------------------------------------


 NSTEP =    15000   TIME(PS) =    1270.000  TEMP(K) =   298.48  PRESS =    61.4
 Etot   =    -42404.8460  EKtot   =     10789.9297  EPtot      =    -53194.7757
 BOND   =       341.2457  ANGLE   =       992.9167  DIHED      =      2166.7779
 1-4 NB =       440.1492  1-4 EEL =      6211.8929  VDWAALS    =      6338.0680
 EELEC  =    -69762.3932  EHBOND  =         0.0000  RESTRAINT  =        76.5671
 EAMBER (non-restraint)  =    -53271.3428
 EKCMT  =      4589.2937  VIRIAL  =      4355.0709  VOLUME     =    176773.8052
                                                    Density    =         1.0193
 ------------------------------------------------------------------------------


 NSTEP =    15500   TIME(PS) =    1271.000  TEMP(K) =   297.27  PRESS =  -256.6
 Etot   =    -42560.2023  EKtot   =     10746.0371  EPtot      =    -53306.2394
 BOND   =       371.5461  ANGLE   =       987.8024  DIHED      =      2171.9978
 1-4 NB =       445.8757  1-4 EEL =      6206.8472  VDWAALS    =      6314.0010
 EELEC  =    -69881.8862  EHBOND  =         0.0000  RESTRAINT  =        77.5766
 EAMBER (non-restraint)  =    -53383.8160
 EKCMT  =      4666.7260  VIRIAL  =      5647.0724  VOLUME     =    176926.1453
                                                    Density    =         1.0184
 ------------------------------------------------------------------------------


 NSTEP =    16000   TIME(PS) =    1272.000  TEMP(K) =   302.46  PRESS =   -42.6
 Etot   =    -42543.4504  EKtot   =     10933.5674  EPtot      =    -53477.0178
 BOND   =       331.2266  ANGLE   =      1007.0273  DIHED      =      2178.9480
 1-4 NB =       457.1286  1-4 EEL =      6150.5542  VDWAALS    =      6364.8470
 EELEC  =    -70045.7937  EHBOND  =         0.0000  RESTRAINT  =        79.0441
 EAMBER (non-restraint)  =    -53556.0619
 EKCMT  =      4743.3647  VIRIAL  =      4905.9860  VOLUME     =    176902.3349
                                                    Density    =         1.0186
 ------------------------------------------------------------------------------


 NSTEP =    16500   TIME(PS) =    1273.000  TEMP(K) =   304.81  PRESS =   168.2
 Etot   =    -42140.6602  EKtot   =     11018.5791  EPtot      =    -53159.2393
 BOND   =       351.2094  ANGLE   =      1009.3195  DIHED      =      2169.9222
 1-4 NB =       456.9778  1-4 EEL =      6193.0635  VDWAALS    =      6279.2863
 EELEC  =    -69692.9286  EHBOND  =         0.0000  RESTRAINT  =        73.9105
 EAMBER (non-restraint)  =    -53233.1499
 EKCMT  =      4798.2173  VIRIAL  =      4158.4261  VOLUME     =    176188.7828
                                                    Density    =         1.0227
 ------------------------------------------------------------------------------


 NSTEP =    17000   TIME(PS) =    1274.000  TEMP(K) =   298.63  PRESS =   174.2
 Etot   =    -42399.7495  EKtot   =     10795.0684  EPtot      =    -53194.8179
 BOND   =       331.0833  ANGLE   =       998.2833  DIHED      =      2177.9618
 1-4 NB =       454.7095  1-4 EEL =      6218.5745  VDWAALS    =      6349.2408
 EELEC  =    -69805.7667  EHBOND  =         0.0000  RESTRAINT  =        81.0956
 EAMBER (non-restraint)  =    -53275.9135
 EKCMT  =      4684.0285  VIRIAL  =      4019.1896  VOLUME     =    176783.0001
                                                    Density    =         1.0192
 ------------------------------------------------------------------------------


 NSTEP =    17500   TIME(PS) =    1275.000  TEMP(K) =   301.46  PRESS =   -29.2
 Etot   =    -42260.2750  EKtot   =     10897.4814  EPtot      =    -53157.7564
 BOND   =       374.9210  ANGLE   =      1020.1191  DIHED      =      2177.7464
 1-4 NB =       444.6610  1-4 EEL =      6170.2002  VDWAALS    =      6379.3351
 EELEC  =    -69801.6850  EHBOND  =         0.0000  RESTRAINT  =        76.9457
 EAMBER (non-restraint)  =    -53234.7021
 EKCMT  =      4737.7927  VIRIAL  =      4849.2444  VOLUME     =    176566.3309
                                                    Density    =         1.0205
 ------------------------------------------------------------------------------


 NSTEP =    18000   TIME(PS) =    1276.000  TEMP(K) =   297.92  PRESS =  -105.5
 Etot   =    -42315.6399  EKtot   =     10769.5059  EPtot      =    -53085.1458
 BOND   =       331.5143  ANGLE   =      1016.2355  DIHED      =      2167.3071
 1-4 NB =       447.0133  1-4 EEL =      6215.2494  VDWAALS    =      6227.5962
 EELEC  =    -69561.2014  EHBOND  =         0.0000  RESTRAINT  =        71.1399
 EAMBER (non-restraint)  =    -53156.2857
 EKCMT  =      4610.7514  VIRIAL  =      5012.6297  VOLUME     =    176431.8820
                                                    Density    =         1.0213
 ------------------------------------------------------------------------------


 NSTEP =    18500   TIME(PS) =    1277.000  TEMP(K) =   303.59  PRESS =   145.5
 Etot   =    -42267.7981  EKtot   =     10974.3896  EPtot      =    -53242.1877
 BOND   =       336.8004  ANGLE   =      1015.9924  DIHED      =      2177.7209
 1-4 NB =       460.0018  1-4 EEL =      6207.0058  VDWAALS    =      6296.8181
 EELEC  =    -69810.4689  EHBOND  =         0.0000  RESTRAINT  =        73.9417
 EAMBER (non-restraint)  =    -53316.1294
 EKCMT  =      4742.6121  VIRIAL  =      4188.1968  VOLUME     =    176494.8427
                                                    Density    =         1.0209
 ------------------------------------------------------------------------------


 NSTEP =    19000   TIME(PS) =    1278.000  TEMP(K) =   299.47  PRESS =  -183.6
 Etot   =    -42692.2370  EKtot   =     10825.6084  EPtot      =    -53517.8454
 BOND   =       347.6549  ANGLE   =      1036.6182  DIHED      =      2160.8170
 1-4 NB =       456.4052  1-4 EEL =      6191.6628  VDWAALS    =      6254.8578
 EELEC  =    -70036.6363  EHBOND  =         0.0000  RESTRAINT  =        70.7750
 EAMBER (non-restraint)  =    -53588.6204
 EKCMT  =      4695.9252  VIRIAL  =      5396.6332  VOLUME     =    176724.2717
                                                    Density    =         1.0196
 ------------------------------------------------------------------------------


 NSTEP =    19500   TIME(PS) =    1279.000  TEMP(K) =   299.49  PRESS =  -142.4
 Etot   =    -42413.1546  EKtot   =     10826.1357  EPtot      =    -53239.2903
 BOND   =       342.6028  ANGLE   =      1005.6383  DIHED      =      2160.7695
 1-4 NB =       463.8449  1-4 EEL =      6199.6686  VDWAALS    =      6255.2686
 EELEC  =    -69745.7023  EHBOND  =         0.0000  RESTRAINT  =        78.6194
 EAMBER (non-restraint)  =    -53317.9097
 EKCMT  =      4643.5423  VIRIAL  =      5185.5569  VOLUME     =    176257.6524
                                                    Density    =         1.0223
 ------------------------------------------------------------------------------


 NSTEP =    20000   TIME(PS) =    1280.000  TEMP(K) =   299.72  PRESS =  -216.7
 Etot   =    -42436.7229  EKtot   =     10834.6631  EPtot      =    -53271.3860
 BOND   =       355.7985  ANGLE   =       978.8882  DIHED      =      2178.3426
 1-4 NB =       462.2812  1-4 EEL =      6181.3586  VDWAALS    =      6250.5779
 EELEC  =    -69763.9489  EHBOND  =         0.0000  RESTRAINT  =        85.3159
 EAMBER (non-restraint)  =    -53356.7019
 EKCMT  =      4774.6074  VIRIAL  =      5597.6992  VOLUME     =    175910.5938
                                                    Density    =         1.0243
 ------------------------------------------------------------------------------


 NSTEP =    20500   TIME(PS) =    1281.000  TEMP(K) =   302.03  PRESS =   268.2
 Etot   =    -42477.6457  EKtot   =     10918.1123  EPtot      =    -53395.7580
 BOND   =       346.1604  ANGLE   =       997.0791  DIHED      =      2156.7342
 1-4 NB =       452.4773  1-4 EEL =      6165.1922  VDWAALS    =      6515.3034
 EELEC  =    -70097.1228  EHBOND  =         0.0000  RESTRAINT  =        68.4181
 EAMBER (non-restraint)  =    -53464.1761
 EKCMT  =      4777.5925  VIRIAL  =      3758.6806  VOLUME     =    175959.3306
                                                    Density    =         1.0240
 ------------------------------------------------------------------------------


 NSTEP =    21000   TIME(PS) =    1282.000  TEMP(K) =   299.13  PRESS =   146.5
 Etot   =    -42534.3431  EKtot   =     10813.2031  EPtot      =    -53347.5462
 BOND   =       344.1292  ANGLE   =       979.0861  DIHED      =      2149.6190
 1-4 NB =       449.2436  1-4 EEL =      6211.4798  VDWAALS    =      6439.4345
 EELEC  =    -70000.7661  EHBOND  =         0.0000  RESTRAINT  =        80.2276
 EAMBER (non-restraint)  =    -53427.7738
 EKCMT  =      4678.3994  VIRIAL  =      4121.5055  VOLUME     =    176038.5809
                                                    Density    =         1.0236
 ------------------------------------------------------------------------------


 NSTEP =    21500   TIME(PS) =    1283.000  TEMP(K) =   304.49  PRESS =  -143.4
 Etot   =    -42186.8899  EKtot   =     11007.1885  EPtot      =    -53194.0784
 BOND   =       360.8493  ANGLE   =       996.8902  DIHED      =      2156.4425
 1-4 NB =       445.8359  1-4 EEL =      6172.5878  VDWAALS    =      6102.5064
 EELEC  =    -69504.5753  EHBOND  =         0.0000  RESTRAINT  =        75.3849
 EAMBER (non-restraint)  =    -53269.4633
 EKCMT  =      4732.4621  VIRIAL  =      5277.6774  VOLUME     =    176138.1464
                                                    Density    =         1.0230
 ------------------------------------------------------------------------------


 NSTEP =    22000   TIME(PS) =    1284.000  TEMP(K) =   300.67  PRESS =   159.0
 Etot   =    -42286.3012  EKtot   =     10868.9443  EPtot      =    -53155.2455
 BOND   =       342.0342  ANGLE   =       958.3250  DIHED      =      2156.0350
 1-4 NB =       450.3091  1-4 EEL =      6184.3269  VDWAALS    =      6275.0881
 EELEC  =    -69596.3605  EHBOND  =         0.0000  RESTRAINT  =        74.9967
 EAMBER (non-restraint)  =    -53230.2422
 EKCMT  =      4722.8148  VIRIAL  =      4117.7308  VOLUME     =    176289.2728
                                                    Density    =         1.0221
 ------------------------------------------------------------------------------


 NSTEP =    22500   TIME(PS) =    1285.000  TEMP(K) =   297.83  PRESS =   187.9
 Etot   =    -42389.6130  EKtot   =     10766.3711  EPtot      =    -53155.9841
 BOND   =       355.1307  ANGLE   =      1034.2672  DIHED      =      2173.7402
 1-4 NB =       442.0518  1-4 EEL =      6134.1130  VDWAALS    =      6290.7053
 EELEC  =    -69668.8004  EHBOND  =         0.0000  RESTRAINT  =        82.8082
 EAMBER (non-restraint)  =    -53238.7922
 EKCMT  =      4712.9395  VIRIAL  =      3997.5949  VOLUME     =    176349.3001
                                                    Density    =         1.0217
 ------------------------------------------------------------------------------


 NSTEP =    23000   TIME(PS) =    1286.000  TEMP(K) =   304.75  PRESS =  -192.1
 Etot   =    -42201.3436  EKtot   =     11016.3643  EPtot      =    -53217.7079
 BOND   =       352.8401  ANGLE   =      1040.5845  DIHED      =      2175.3508
 1-4 NB =       452.1002  1-4 EEL =      6169.8157  VDWAALS    =      6258.9999
 EELEC  =    -69750.2580  EHBOND  =         0.0000  RESTRAINT  =        82.8590
 EAMBER (non-restraint)  =    -53300.5669
 EKCMT  =      4761.0100  VIRIAL  =      5493.6200  VOLUME     =    176677.0109
                                                    Density    =         1.0199
 ------------------------------------------------------------------------------


 NSTEP =    23500   TIME(PS) =    1287.000  TEMP(K) =   302.12  PRESS =  -202.2
 Etot   =    -42319.3051  EKtot   =     10921.2354  EPtot      =    -53240.5405
 BOND   =       339.3950  ANGLE   =       993.3705  DIHED      =      2183.6845
 1-4 NB =       443.9622  1-4 EEL =      6189.3866  VDWAALS    =      6197.9725
 EELEC  =    -69668.8938  EHBOND  =         0.0000  RESTRAINT  =        80.5822
 EAMBER (non-restraint)  =    -53321.1227
 EKCMT  =      4696.5962  VIRIAL  =      5467.5760  VOLUME     =    176555.6648
                                                    Density    =         1.0206
 ------------------------------------------------------------------------------


 NSTEP =    24000   TIME(PS) =    1288.000  TEMP(K) =   300.78  PRESS =    90.2
 Etot   =    -42373.7642  EKtot   =     10872.7559  EPtot      =    -53246.5201
 BOND   =       318.9823  ANGLE   =      1000.0151  DIHED      =      2185.7170
 1-4 NB =       444.6462  1-4 EEL =      6177.8600  VDWAALS    =      6314.8556
 EELEC  =    -69761.2149  EHBOND  =         0.0000  RESTRAINT  =        72.6186
 EAMBER (non-restraint)  =    -53319.1387
 EKCMT  =      4836.3778  VIRIAL  =      4492.4849  VOLUME     =    176656.4353
                                                    Density    =         1.0200
 ------------------------------------------------------------------------------


 NSTEP =    24500   TIME(PS) =    1289.000  TEMP(K) =   300.01  PRESS =  -262.4
 Etot   =    -42448.2128  EKtot   =     10845.1016  EPtot      =    -53293.3144
 BOND   =       330.5257  ANGLE   =      1011.1786  DIHED      =      2154.8477
 1-4 NB =       455.0626  1-4 EEL =      6170.5998  VDWAALS    =      6171.2793
 EELEC  =    -69668.1514  EHBOND  =         0.0000  RESTRAINT  =        81.3433
 EAMBER (non-restraint)  =    -53374.6577
 EKCMT  =      4688.2552  VIRIAL  =      5689.2426  VOLUME     =    176698.0250
                                                    Density    =         1.0197
 ------------------------------------------------------------------------------


 NSTEP =    25000   TIME(PS) =    1290.000  TEMP(K) =   300.54  PRESS =   147.0
 Etot   =    -42389.8594  EKtot   =     10864.1855  EPtot      =    -53254.0450
 BOND   =       369.6776  ANGLE   =      1021.5150  DIHED      =      2167.5139
 1-4 NB =       452.0607  1-4 EEL =      6189.1122  VDWAALS    =      6388.1609
 EELEC  =    -69927.0555  EHBOND  =         0.0000  RESTRAINT  =        84.9702
 EAMBER (non-restraint)  =    -53339.0152
 EKCMT  =      4741.8553  VIRIAL  =      4181.4055  VOLUME     =    176616.4883
                                                    Density    =         1.0202
 ------------------------------------------------------------------------------


 NSTEP =    25500   TIME(PS) =    1291.000  TEMP(K) =   302.01  PRESS =   -46.4
 Etot   =    -42537.5385  EKtot   =     10917.4219  EPtot      =    -53454.9604
 BOND   =       359.3621  ANGLE   =      1007.8929  DIHED      =      2155.4949
 1-4 NB =       448.5394  1-4 EEL =      6168.4925  VDWAALS    =      6357.5942
 EELEC  =    -70030.2224  EHBOND  =         0.0000  RESTRAINT  =        77.8861
 EAMBER (non-restraint)  =    -53532.8466
 EKCMT  =      4810.4877  VIRIAL  =      4986.7441  VOLUME     =    175919.1362
                                                    Density    =         1.0242
 ------------------------------------------------------------------------------


 NSTEP =    26000   TIME(PS) =    1292.000  TEMP(K) =   299.06  PRESS =   146.7
 Etot   =    -42441.2662  EKtot   =     10810.8691  EPtot      =    -53252.1353
 BOND   =       342.0502  ANGLE   =      1027.0200  DIHED      =      2169.1514
 1-4 NB =       466.8946  1-4 EEL =      6201.5659  VDWAALS    =      6404.1278
 EELEC  =    -69938.5488  EHBOND  =         0.0000  RESTRAINT  =        75.6036
 EAMBER (non-restraint)  =    -53327.7389
 EKCMT  =      4705.3728  VIRIAL  =      4148.3895  VOLUME     =    175862.0381
                                                    Density    =         1.0246
 ------------------------------------------------------------------------------


 NSTEP =    26500   TIME(PS) =    1293.000  TEMP(K) =   298.52  PRESS =   351.9
 Etot   =    -42458.7779  EKtot   =     10791.2295  EPtot      =    -53250.0074
 BOND   =       364.5771  ANGLE   =      1032.6312  DIHED      =      2173.3289
 1-4 NB =       461.7009  1-4 EEL =      6231.8006  VDWAALS    =      6427.6035
 EELEC  =    -70011.8933  EHBOND  =         0.0000  RESTRAINT  =        70.2437
 EAMBER (non-restraint)  =    -53320.2510
 EKCMT  =      4773.0997  VIRIAL  =      3432.2454  VOLUME     =    176472.7054
                                                    Density    =         1.0210
 ------------------------------------------------------------------------------


 NSTEP =    27000   TIME(PS) =    1294.000  TEMP(K) =   303.86  PRESS =   229.9
 Etot   =    -42289.7458  EKtot   =     10984.1748  EPtot      =    -53273.9206
 BOND   =       364.7472  ANGLE   =       983.3574  DIHED      =      2163.0476
 1-4 NB =       464.2866  1-4 EEL =      6185.2570  VDWAALS    =      6413.0573
 EELEC  =    -69924.9149  EHBOND  =         0.0000  RESTRAINT  =        77.2411
 EAMBER (non-restraint)  =    -53351.1617
 EKCMT  =      4774.3615  VIRIAL  =      3900.9069  VOLUME     =    175971.7815
                                                    Density    =         1.0239
 ------------------------------------------------------------------------------


 NSTEP =    27500   TIME(PS) =    1295.000  TEMP(K) =   301.00  PRESS =   133.2
 Etot   =    -42440.7524  EKtot   =     10880.8652  EPtot      =    -53321.6176
 BOND   =       383.5907  ANGLE   =       969.2917  DIHED      =      2161.2867
 1-4 NB =       454.1441  1-4 EEL =      6194.5430  VDWAALS    =      6447.9855
 EELEC  =    -70013.0491  EHBOND  =         0.0000  RESTRAINT  =        80.5899
 EAMBER (non-restraint)  =    -53402.2075
 EKCMT  =      4680.6864  VIRIAL  =      4174.7000  VOLUME     =    175887.1971
                                                    Density    =         1.0244
 ------------------------------------------------------------------------------


 NSTEP =    28000   TIME(PS) =    1296.000  TEMP(K) =   301.38  PRESS =   173.2
 Etot   =    -42411.2796  EKtot   =     10894.7510  EPtot      =    -53306.0306
 BOND   =       349.8692  ANGLE   =       997.4649  DIHED      =      2161.7185
 1-4 NB =       453.6298  1-4 EEL =      6178.1930  VDWAALS    =      6323.5660
 EELEC  =    -69851.1447  EHBOND  =         0.0000  RESTRAINT  =        80.6726
 EAMBER (non-restraint)  =    -53386.7032
 EKCMT  =      4760.5056  VIRIAL  =      4101.4955  VOLUME     =    176193.1852
                                                    Density    =         1.0227
 ------------------------------------------------------------------------------


 NSTEP =    28500   TIME(PS) =    1297.000  TEMP(K) =   297.21  PRESS =  -164.0
 Etot   =    -42514.9947  EKtot   =     10743.8076  EPtot      =    -53258.8023
 BOND   =       359.7876  ANGLE   =       985.9362  DIHED      =      2165.1673
 1-4 NB =       458.9902  1-4 EEL =      6176.6860  VDWAALS    =      6166.8073
 EELEC  =    -69650.7835  EHBOND  =         0.0000  RESTRAINT  =        78.6067
 EAMBER (non-restraint)  =    -53337.4089
 EKCMT  =      4676.1041  VIRIAL  =      5297.7685  VOLUME     =    175614.8545
                                                    Density    =         1.0260
 ------------------------------------------------------------------------------


 NSTEP =    29000   TIME(PS) =    1298.000  TEMP(K) =   303.33  PRESS =   382.1
 Etot   =    -42324.5576  EKtot   =     10965.1387  EPtot      =    -53289.6962
 BOND   =       349.6140  ANGLE   =       977.9753  DIHED      =      2181.1225
 1-4 NB =       438.4590  1-4 EEL =      6183.6104  VDWAALS    =      6554.1980
 EELEC  =    -70065.5556  EHBOND  =         0.0000  RESTRAINT  =        90.8802
 EAMBER (non-restraint)  =    -53380.5764
 EKCMT  =      4808.5506  VIRIAL  =      3352.1355  VOLUME     =    176518.7498
                                                    Density    =         1.0208
 ------------------------------------------------------------------------------


 NSTEP =    29500   TIME(PS) =    1299.000  TEMP(K) =   297.76  PRESS =   -43.0
 Etot   =    -42564.4530  EKtot   =     10763.6885  EPtot      =    -53328.1415
 BOND   =       353.5648  ANGLE   =      1014.1593  DIHED      =      2159.2496
 1-4 NB =       444.1402  1-4 EEL =      6179.5691  VDWAALS    =      6334.0420
 EELEC  =    -69897.4785  EHBOND  =         0.0000  RESTRAINT  =        84.6120
 EAMBER (non-restraint)  =    -53412.7535
 EKCMT  =      4656.7708  VIRIAL  =      4820.7479  VOLUME     =    176609.4870
                                                    Density    =         1.0202
 ------------------------------------------------------------------------------


 NSTEP =    30000   TIME(PS) =    1300.000  TEMP(K) =   302.60  PRESS =   -23.3
 Etot   =    -42435.3433  EKtot   =     10938.6650  EPtot      =    -53374.0084
 BOND   =       351.6720  ANGLE   =      1022.1647  DIHED      =      2162.2267
 1-4 NB =       451.9385  1-4 EEL =      6203.5610  VDWAALS    =      6385.9444
 EELEC  =    -70020.8712  EHBOND  =         0.0000  RESTRAINT  =        69.3556
 EAMBER (non-restraint)  =    -53443.3640
 EKCMT  =      4746.1030  VIRIAL  =      4834.7768  VOLUME     =    176384.2254
                                                    Density    =         1.0215
 ------------------------------------------------------------------------------


 NSTEP =    30500   TIME(PS) =    1301.000  TEMP(K) =   300.39  PRESS =  -198.2
 Etot   =    -42640.5272  EKtot   =     10858.8955  EPtot      =    -53499.4227
 BOND   =       338.3378  ANGLE   =      1035.4335  DIHED      =      2158.4997
 1-4 NB =       460.0752  1-4 EEL =      6164.1929  VDWAALS    =      6213.3334
 EELEC  =    -69944.6293  EHBOND  =         0.0000  RESTRAINT  =        75.3341
 EAMBER (non-restraint)  =    -53574.7568
 EKCMT  =      4723.2548  VIRIAL  =      5476.0215  VOLUME     =    175906.6926
                                                    Density    =         1.0243
 ------------------------------------------------------------------------------


 NSTEP =    31000   TIME(PS) =    1302.000  TEMP(K) =   299.96  PRESS =   121.4
 Etot   =    -42452.1652  EKtot   =     10843.1328  EPtot      =    -53295.2980
 BOND   =       345.0496  ANGLE   =       993.2651  DIHED      =      2167.0811
 1-4 NB =       457.9041  1-4 EEL =      6184.3676  VDWAALS    =      6425.3266
 EELEC  =    -69949.7048  EHBOND  =         0.0000  RESTRAINT  =        81.4127
 EAMBER (non-restraint)  =    -53376.7107
 EKCMT  =      4677.2871  VIRIAL  =      4215.8060  VOLUME     =    176021.6603
                                                    Density    =         1.0237
 ------------------------------------------------------------------------------


 NSTEP =    31500   TIME(PS) =    1303.000  TEMP(K) =   300.20  PRESS =  -132.1
 Etot   =    -42309.3423  EKtot   =     10852.0850  EPtot      =    -53161.4273
 BOND   =       369.5399  ANGLE   =      1026.2208  DIHED      =      2164.4805
 1-4 NB =       443.7309  1-4 EEL =      6176.9303  VDWAALS    =      6277.9146
 EELEC  =    -69695.3748  EHBOND  =         0.0000  RESTRAINT  =        75.1305
 EAMBER (non-restraint)  =    -53236.5578
 EKCMT  =      4738.1390  VIRIAL  =      5239.6634  VOLUME     =    175817.8139
                                                    Density    =         1.0248
 ------------------------------------------------------------------------------


 NSTEP =    32000   TIME(PS) =    1304.000  TEMP(K) =   301.40  PRESS =   -13.6
 Etot   =    -42550.9243  EKtot   =     10895.3887  EPtot      =    -53446.3130
 BOND   =       356.1245  ANGLE   =       960.0540  DIHED      =      2161.6109
 1-4 NB =       436.3435  1-4 EEL =      6181.9775  VDWAALS    =      6381.8929
 EELEC  =    -69999.2385  EHBOND  =         0.0000  RESTRAINT  =        74.9223
 EAMBER (non-restraint)  =    -53521.2353
 EKCMT  =      4777.4396  VIRIAL  =      4829.1849  VOLUME     =    175875.5718
                                                    Density    =         1.0245
 ------------------------------------------------------------------------------


 NSTEP =    32500   TIME(PS) =    1305.000  TEMP(K) =   295.28  PRESS =    42.5
 Etot   =    -42492.8359  EKtot   =     10673.9541  EPtot      =    -53166.7900
 BOND   =       366.3252  ANGLE   =       974.1698  DIHED      =      2166.1275
 1-4 NB =       451.7025  1-4 EEL =      6190.8059  VDWAALS    =      6392.3492
 EELEC  =    -69777.7811  EHBOND  =         0.0000  RESTRAINT  =        69.5111
 EAMBER (non-restraint)  =    -53236.3010
 EKCMT  =      4646.8117  VIRIAL  =      4486.0190  VOLUME     =    175244.5081
                                                    Density    =         1.0282
 ------------------------------------------------------------------------------


 NSTEP =    33000   TIME(PS) =    1306.000  TEMP(K) =   297.85  PRESS =   189.1
 Etot   =    -42452.2828  EKtot   =     10766.8018  EPtot      =    -53219.0846
 BOND   =       362.6019  ANGLE   =      1022.8675  DIHED      =      2171.8379
 1-4 NB =       442.6700  1-4 EEL =      6187.2738  VDWAALS    =      6391.9377
 EELEC  =    -69876.4823  EHBOND  =         0.0000  RESTRAINT  =        78.2090
 EAMBER (non-restraint)  =    -53297.2935
 EKCMT  =      4631.5821  VIRIAL  =      3913.3990  VOLUME     =    175885.8008
                                                    Density    =         1.0244
 ------------------------------------------------------------------------------


 NSTEP =    33500   TIME(PS) =    1307.000  TEMP(K) =   298.54  PRESS =   303.7
 Etot   =    -42382.2014  EKtot   =     10792.0752  EPtot      =    -53174.2766
 BOND   =       361.3308  ANGLE   =      1018.9807  DIHED      =      2183.6795
 1-4 NB =       453.3651  1-4 EEL =      6166.6545  VDWAALS    =      6369.3081
 EELEC  =    -69801.3656  EHBOND  =         0.0000  RESTRAINT  =        73.7704
 EAMBER (non-restraint)  =    -53248.0470
 EKCMT  =      4679.2735  VIRIAL  =      3525.9408  VOLUME     =    175899.5730
                                                    Density    =         1.0244
 ------------------------------------------------------------------------------


 NSTEP =    34000   TIME(PS) =    1308.000  TEMP(K) =   297.80  PRESS =   -83.6
 Etot   =    -42427.5247  EKtot   =     10765.1172  EPtot      =    -53192.6419
 BOND   =       344.7473  ANGLE   =      1018.2113  DIHED      =      2157.9462
 1-4 NB =       465.2877  1-4 EEL =      6160.6041  VDWAALS    =      6281.9400
 EELEC  =    -69711.7840  EHBOND  =         0.0000  RESTRAINT  =        90.4054
 EAMBER (non-restraint)  =    -53283.0473
 EKCMT  =      4617.8603  VIRIAL  =      4934.5502  VOLUME     =    175413.5749
                                                    Density    =         1.0272
 ------------------------------------------------------------------------------


 NSTEP =    34500   TIME(PS) =    1309.000  TEMP(K) =   300.89  PRESS =   165.1
 Etot   =    -42405.5674  EKtot   =     10876.7725  EPtot      =    -53282.3399
 BOND   =       348.6879  ANGLE   =      1007.7948  DIHED      =      2144.1281
 1-4 NB =       454.8095  1-4 EEL =      6190.3312  VDWAALS    =      6304.9999
 EELEC  =    -69811.0715  EHBOND  =         0.0000  RESTRAINT  =        77.9802
 EAMBER (non-restraint)  =    -53360.3201
 EKCMT  =      4727.4750  VIRIAL  =      4102.0954  VOLUME     =    175475.7148
                                                    Density    =         1.0268
 ------------------------------------------------------------------------------


 NSTEP =    35000   TIME(PS) =    1310.000  TEMP(K) =   298.75  PRESS =   -82.0
 Etot   =    -42450.0764  EKtot   =     10799.6895  EPtot      =    -53249.7659
 BOND   =       333.8877  ANGLE   =       965.8667  DIHED      =      2165.2361
 1-4 NB =       443.7328  1-4 EEL =      6166.2067  VDWAALS    =      6247.6052
 EELEC  =    -69650.3787  EHBOND  =         0.0000  RESTRAINT  =        78.0775
 EAMBER (non-restraint)  =    -53327.8434
 EKCMT  =      4748.4587  VIRIAL  =      5060.4128  VOLUME     =    176091.7269
                                                    Density    =         1.0232
 ------------------------------------------------------------------------------


 NSTEP =    35500   TIME(PS) =    1311.000  TEMP(K) =   300.91  PRESS =   172.2
 Etot   =    -42428.3776  EKtot   =     10877.6289  EPtot      =    -53306.0065
 BOND   =       343.6211  ANGLE   =       950.5416  DIHED      =      2168.2558
 1-4 NB =       453.9731  1-4 EEL =      6181.6732  VDWAALS    =      6327.4323
 EELEC  =    -69807.3227  EHBOND  =         0.0000  RESTRAINT  =        75.8190
 EAMBER (non-restraint)  =    -53381.8255
 EKCMT  =      4836.4398  VIRIAL  =      4181.9216  VOLUME     =    176024.7600
                                                    Density    =         1.0236
 ------------------------------------------------------------------------------


 NSTEP =    36000   TIME(PS) =    1312.000  TEMP(K) =   299.34  PRESS =   -73.6
 Etot   =    -42434.4946  EKtot   =     10820.7754  EPtot      =    -53255.2700
 BOND   =       361.4337  ANGLE   =       991.8382  DIHED      =      2169.7518
 1-4 NB =       450.7665  1-4 EEL =      6166.5482  VDWAALS    =      6189.5377
 EELEC  =    -69664.1853  EHBOND  =         0.0000  RESTRAINT  =        79.0391
 EAMBER (non-restraint)  =    -53334.3091
 EKCMT  =      4663.0569  VIRIAL  =      4943.0939  VOLUME     =    176177.7597
                                                    Density    =         1.0227
 ------------------------------------------------------------------------------


 NSTEP =    36500   TIME(PS) =    1313.000  TEMP(K) =   294.50  PRESS =   -71.3
 Etot   =    -42728.9871  EKtot   =     10645.8594  EPtot      =    -53374.8465
 BOND   =       326.6953  ANGLE   =       993.6661  DIHED      =      2154.8326
 1-4 NB =       441.8123  1-4 EEL =      6213.5145  VDWAALS    =      6330.3063
 EELEC  =    -69905.5767  EHBOND  =         0.0000  RESTRAINT  =        69.9031
 EAMBER (non-restraint)  =    -53444.7496
 EKCMT  =      4642.2324  VIRIAL  =      4914.0256  VOLUME     =    176650.7340
                                                    Density    =         1.0200
 ------------------------------------------------------------------------------


 NSTEP =    37000   TIME(PS) =    1314.000  TEMP(K) =   297.32  PRESS =   -80.8
 Etot   =    -42579.8359  EKtot   =     10747.8965  EPtot      =    -53327.7324
 BOND   =       352.8811  ANGLE   =      1003.1071  DIHED      =      2148.3451
 1-4 NB =       447.8053  1-4 EEL =      6162.4730  VDWAALS    =      6294.4592
 EELEC  =    -69817.9000  EHBOND  =         0.0000  RESTRAINT  =        81.0968
 EAMBER (non-restraint)  =    -53408.8291
 EKCMT  =      4614.1830  VIRIAL  =      4922.0762  VOLUME     =    176543.0791
                                                    Density    =         1.0206
 ------------------------------------------------------------------------------


 NSTEP =    37500   TIME(PS) =    1315.000  TEMP(K) =   295.66  PRESS =   119.9
 Etot   =    -42496.7953  EKtot   =     10687.6914  EPtot      =    -53184.4867
 BOND   =       371.4739  ANGLE   =       976.6841  DIHED      =      2158.1430
 1-4 NB =       467.3193  1-4 EEL =      6142.4542  VDWAALS    =      6400.2056
 EELEC  =    -69775.8076  EHBOND  =         0.0000  RESTRAINT  =        75.0408
 EAMBER (non-restraint)  =    -53259.5276
 EKCMT  =      4669.1491  VIRIAL  =      4213.6330  VOLUME     =    175899.4715
                                                    Density    =         1.0244
 ------------------------------------------------------------------------------


 NSTEP =    38000   TIME(PS) =    1316.000  TEMP(K) =   299.07  PRESS =   116.0
 Etot   =    -42350.7833  EKtot   =     10811.2500  EPtot      =    -53162.0333
 BOND   =       354.0683  ANGLE   =       973.0398  DIHED      =      2151.2407
 1-4 NB =       455.0570  1-4 EEL =      6193.4465  VDWAALS    =      6277.0223
 EELEC  =    -69642.6835  EHBOND  =         0.0000  RESTRAINT  =        76.7756
 EAMBER (non-restraint)  =    -53238.8089
 EKCMT  =      4709.9726  VIRIAL  =      4268.5441  VOLUME     =    176189.0705
                                                    Density    =         1.0227
 ------------------------------------------------------------------------------


 NSTEP =    38500   TIME(PS) =    1317.000  TEMP(K) =   299.35  PRESS =  -175.8
 Etot   =    -42435.2042  EKtot   =     10821.2090  EPtot      =    -53256.4132
 BOND   =       335.8940  ANGLE   =      1032.0399  DIHED      =      2169.2783
 1-4 NB =       461.5722  1-4 EEL =      6164.2498  VDWAALS    =      6291.7117
 EELEC  =    -69795.1790  EHBOND  =         0.0000  RESTRAINT  =        84.0199
 EAMBER (non-restraint)  =    -53340.4331
 EKCMT  =      4743.9478  VIRIAL  =      5412.5081  VOLUME     =    176095.1346
                                                    Density    =         1.0232
 ------------------------------------------------------------------------------


 NSTEP =    39000   TIME(PS) =    1318.000  TEMP(K) =   298.09  PRESS =    41.2
 Etot   =    -42428.1669  EKtot   =     10775.6484  EPtot      =    -53203.8154
 BOND   =       348.1590  ANGLE   =      1005.1951  DIHED      =      2180.5480
 1-4 NB =       430.8558  1-4 EEL =      6160.5927  VDWAALS    =      6434.0042
 EELEC  =    -69833.1175  EHBOND  =         0.0000  RESTRAINT  =        69.9472
 EAMBER (non-restraint)  =    -53273.7626
 EKCMT  =      4674.6007  VIRIAL  =      4517.8931  VOLUME     =    176185.1399
                                                    Density    =         1.0227
 ------------------------------------------------------------------------------


 NSTEP =    39500   TIME(PS) =    1319.000  TEMP(K) =   301.42  PRESS =   158.1
 Etot   =    -42370.8156  EKtot   =     10895.9844  EPtot      =    -53266.7999
 BOND   =       390.3949  ANGLE   =      1027.7205  DIHED      =      2168.5440
 1-4 NB =       451.4967  1-4 EEL =      6131.3209  VDWAALS    =      6429.6768
 EELEC  =    -69947.5430  EHBOND  =         0.0000  RESTRAINT  =        81.5893
 EAMBER (non-restraint)  =    -53348.3893
 EKCMT  =      4718.4156  VIRIAL  =      4116.3210  VOLUME     =    176437.7551
                                                    Density    =         1.0212
 ------------------------------------------------------------------------------


 NSTEP =    40000   TIME(PS) =    1320.000  TEMP(K) =   302.17  PRESS =   -61.1
 Etot   =    -42428.3713  EKtot   =     10923.2500  EPtot      =    -53351.6213
 BOND   =       367.2229  ANGLE   =       989.8042  DIHED      =      2175.0590
 1-4 NB =       462.7680  1-4 EEL =      6147.2922  VDWAALS    =      6500.3369
 EELEC  =    -70071.6255  EHBOND  =         0.0000  RESTRAINT  =        77.5212
 EAMBER (non-restraint)  =    -53429.1424
 EKCMT  =      4804.3726  VIRIAL  =      5036.6753  VOLUME     =    176172.7214
                                                    Density    =         1.0228
 ------------------------------------------------------------------------------


 NSTEP =    40500   TIME(PS) =    1321.000  TEMP(K) =   300.89  PRESS =   -88.5
 Etot   =    -42373.0153  EKtot   =     10876.7197  EPtot      =    -53249.7350
 BOND   =       360.7297  ANGLE   =      1042.2272  DIHED      =      2161.0232
 1-4 NB =       438.7761  1-4 EEL =      6136.0647  VDWAALS    =      6221.8913
 EELEC  =    -69685.3533  EHBOND  =         0.0000  RESTRAINT  =        74.9060
 EAMBER (non-restraint)  =    -53324.6410
 EKCMT  =      4742.0648  VIRIAL  =      5077.5119  VOLUME     =    175636.7185
                                                    Density    =         1.0259
 ------------------------------------------------------------------------------


 NSTEP =    41000   TIME(PS) =    1322.000  TEMP(K) =   296.12  PRESS =    25.5
 Etot   =    -42446.7132  EKtot   =     10704.4131  EPtot      =    -53151.1263
 BOND   =       372.2383  ANGLE   =      1018.3294  DIHED      =      2159.8123
 1-4 NB =       442.4761  1-4 EEL =      6160.4406  VDWAALS    =      6299.3667
 EELEC  =    -69677.5395  EHBOND  =         0.0000  RESTRAINT  =        73.7499
 EAMBER (non-restraint)  =    -53224.8762
 EKCMT  =      4721.3040  VIRIAL  =      4624.4336  VOLUME     =    175902.1744
                                                    Density    =         1.0243
 ------------------------------------------------------------------------------


 NSTEP =    41500   TIME(PS) =    1323.000  TEMP(K) =   298.81  PRESS =   -18.3
 Etot   =    -42511.4812  EKtot   =     10801.6221  EPtot      =    -53313.1033
 BOND   =       352.6790  ANGLE   =       993.3704  DIHED      =      2153.3029
 1-4 NB =       438.3445  1-4 EEL =      6150.4080  VDWAALS    =      6296.7869
 EELEC  =    -69770.6024  EHBOND  =         0.0000  RESTRAINT  =        72.6074
 EAMBER (non-restraint)  =    -53385.7107
 EKCMT  =      4639.1589  VIRIAL  =      4708.8359  VOLUME     =    175936.9307
                                                    Density    =         1.0241
 ------------------------------------------------------------------------------


 NSTEP =    42000   TIME(PS) =    1324.000  TEMP(K) =   300.22  PRESS =   154.1
 Etot   =    -42446.1318  EKtot   =     10852.5947  EPtot      =    -53298.7265
 BOND   =       350.3085  ANGLE   =       958.3790  DIHED      =      2150.0375
 1-4 NB =       441.8493  1-4 EEL =      6167.1833  VDWAALS    =      6341.0242
 EELEC  =    -69788.8188  EHBOND  =         0.0000  RESTRAINT  =        81.3106
 EAMBER (non-restraint)  =    -53380.0371
 EKCMT  =      4755.6451  VIRIAL  =      4170.9150  VOLUME     =    175772.8294
                                                    Density    =         1.0251
 ------------------------------------------------------------------------------


 NSTEP =    42500   TIME(PS) =    1325.000  TEMP(K) =   299.08  PRESS =  -110.9
 Etot   =    -42603.7721  EKtot   =     10811.4004  EPtot      =    -53415.1725
 BOND   =       353.2570  ANGLE   =      1023.2357  DIHED      =      2154.3581
 1-4 NB =       463.5006  1-4 EEL =      6149.4938  VDWAALS    =      6197.6842
 EELEC  =    -69836.6583  EHBOND  =         0.0000  RESTRAINT  =        79.9566
 EAMBER (non-restraint)  =    -53495.1290
 EKCMT  =      4663.3071  VIRIAL  =      5083.8686  VOLUME     =    175627.8421
                                                    Density    =         1.0259
 ------------------------------------------------------------------------------


 NSTEP =    43000   TIME(PS) =    1326.000  TEMP(K) =   299.24  PRESS =  -225.5
 Etot   =    -42596.3139  EKtot   =     10817.1221  EPtot      =    -53413.4360
 BOND   =       361.2378  ANGLE   =       954.9933  DIHED      =      2163.9687
 1-4 NB =       456.2445  1-4 EEL =      6170.4055  VDWAALS    =      6263.2781
 EELEC  =    -69855.6080  EHBOND  =         0.0000  RESTRAINT  =        72.0440
 EAMBER (non-restraint)  =    -53485.4800
 EKCMT  =      4678.3062  VIRIAL  =      5533.2944  VOLUME     =    175565.8080
                                                    Density    =         1.0263
 ------------------------------------------------------------------------------


 NSTEP =    43500   TIME(PS) =    1327.000  TEMP(K) =   299.42  PRESS =   109.5
 Etot   =    -42363.9140  EKtot   =     10823.9102  EPtot      =    -53187.8242
 BOND   =       349.9855  ANGLE   =       993.9153  DIHED      =      2194.2298
 1-4 NB =       449.9285  1-4 EEL =      6178.0396  VDWAALS    =      6256.1327
 EELEC  =    -69697.1128  EHBOND  =         0.0000  RESTRAINT  =        87.0573
 EAMBER (non-restraint)  =    -53274.8814
 EKCMT  =      4683.8225  VIRIAL  =      4268.8438  VOLUME     =    175482.7398
                                                    Density    =         1.0268
 ------------------------------------------------------------------------------


 NSTEP =    44000   TIME(PS) =    1328.000  TEMP(K) =   296.52  PRESS =   289.9
 Etot   =    -42486.0376  EKtot   =     10718.9766  EPtot      =    -53205.0142
 BOND   =       366.9439  ANGLE   =      1055.1625  DIHED      =      2156.8602
 1-4 NB =       447.4082  1-4 EEL =      6144.6401  VDWAALS    =      6362.0452
 EELEC  =    -69814.9915  EHBOND  =         0.0000  RESTRAINT  =        76.9172
 EAMBER (non-restraint)  =    -53281.9314
 EKCMT  =      4623.1033  VIRIAL  =      3524.7698  VOLUME     =    175491.1863
                                                    Density    =         1.0267
 ------------------------------------------------------------------------------


 NSTEP =    44500   TIME(PS) =    1329.000  TEMP(K) =   299.89  PRESS =    37.6
 Etot   =    -42578.6011  EKtot   =     10840.8037  EPtot      =    -53419.4048
 BOND   =       331.1923  ANGLE   =       997.7292  DIHED      =      2163.7585
 1-4 NB =       457.9023  1-4 EEL =      6150.0008  VDWAALS    =      6195.4406
 EELEC  =    -69797.5273  EHBOND  =         0.0000  RESTRAINT  =        82.0989
 EAMBER (non-restraint)  =    -53501.5037
 EKCMT  =      4714.5473  VIRIAL  =      4572.0111  VOLUME     =    175348.5797
                                                    Density    =         1.0276
 ------------------------------------------------------------------------------


 NSTEP =    45000   TIME(PS) =    1330.000  TEMP(K) =   297.67  PRESS =    24.1
 Etot   =    -42470.7977  EKtot   =     10760.4043  EPtot      =    -53231.2020
 BOND   =       344.4996  ANGLE   =      1003.7400  DIHED      =      2149.1096
 1-4 NB =       458.9424  1-4 EEL =      6160.5459  VDWAALS    =      6323.8110
 EELEC  =    -69748.3683  EHBOND  =         0.0000  RESTRAINT  =        76.5179
 EAMBER (non-restraint)  =    -53307.7199
 EKCMT  =      4693.6219  VIRIAL  =      4602.2145  VOLUME     =    175843.9873
                                                    Density    =         1.0247
 ------------------------------------------------------------------------------


 NSTEP =    45500   TIME(PS) =    1331.000  TEMP(K) =   300.13  PRESS =  -242.4
 Etot   =    -42544.0596  EKtot   =     10849.4648  EPtot      =    -53393.5244
 BOND   =       340.5522  ANGLE   =      1008.5042  DIHED      =      2158.4156
 1-4 NB =       446.2383  1-4 EEL =      6171.5124  VDWAALS    =      6283.5098
 EELEC  =    -69885.7112  EHBOND  =         0.0000  RESTRAINT  =        83.4542
 EAMBER (non-restraint)  =    -53476.9786
 EKCMT  =      4765.9780  VIRIAL  =      5687.7663  VOLUME     =    176095.8710
                                                    Density    =         1.0232
 ------------------------------------------------------------------------------


 NSTEP =    46000   TIME(PS) =    1332.000  TEMP(K) =   298.42  PRESS =  -185.8
 Etot   =    -42548.4475  EKtot   =     10787.4082  EPtot      =    -53335.8557
 BOND   =       363.3519  ANGLE   =       980.7177  DIHED      =      2181.4683
 1-4 NB =       442.7224  1-4 EEL =      6178.7257  VDWAALS    =      6315.2440
 EELEC  =    -69886.5996  EHBOND  =         0.0000  RESTRAINT  =        88.5139
 EAMBER (non-restraint)  =    -53424.3696
 EKCMT  =      4649.4820  VIRIAL  =      5356.5390  VOLUME     =    176213.6750
                                                    Density    =         1.0225
 ------------------------------------------------------------------------------


 NSTEP =    46500   TIME(PS) =    1333.000  TEMP(K) =   300.50  PRESS =    26.8
 Etot   =    -42547.2823  EKtot   =     10862.7207  EPtot      =    -53410.0030
 BOND   =       329.4527  ANGLE   =       983.2012  DIHED      =      2133.8734
 1-4 NB =       461.3133  1-4 EEL =      6151.2513  VDWAALS    =      6271.2710
 EELEC  =    -69815.2802  EHBOND  =         0.0000  RESTRAINT  =        74.9142
 EAMBER (non-restraint)  =    -53484.9172
 EKCMT  =      4762.2020  VIRIAL  =      4660.2404  VOLUME     =    176305.8140
                                                    Density    =         1.0220
 ------------------------------------------------------------------------------


 NSTEP =    47000   TIME(PS) =    1334.000  TEMP(K) =   297.78  PRESS =  -224.4
 Etot   =    -42352.8930  EKtot   =     10764.5713  EPtot      =    -53117.4643
 BOND   =       361.5656  ANGLE   =       984.7350  DIHED      =      2164.8657
 1-4 NB =       449.0263  1-4 EEL =      6135.7764  VDWAALS    =      6145.3247
 EELEC  =    -69435.6113  EHBOND  =         0.0000  RESTRAINT  =        76.8533
 EAMBER (non-restraint)  =    -53194.3175
 EKCMT  =      4639.2239  VIRIAL  =      5493.6187  VOLUME     =    176311.3257
                                                    Density    =         1.0220
 ------------------------------------------------------------------------------


 NSTEP =    47500   TIME(PS) =    1335.000  TEMP(K) =   298.72  PRESS =  -233.6
 Etot   =    -42666.6932  EKtot   =     10798.4463  EPtot      =    -53465.1395
 BOND   =       329.4457  ANGLE   =       973.4004  DIHED      =      2144.5780
 1-4 NB =       463.3842  1-4 EEL =      6183.0579  VDWAALS    =      6141.5113
 EELEC  =    -69788.7708  EHBOND  =         0.0000  RESTRAINT  =        88.2537
 EAMBER (non-restraint)  =    -53553.3933
 EKCMT  =      4691.3442  VIRIAL  =      5579.8922  VOLUME     =    176154.2187
                                                    Density    =         1.0229
 ------------------------------------------------------------------------------


 NSTEP =    48000   TIME(PS) =    1336.000  TEMP(K) =   302.09  PRESS =  -126.4
 Etot   =    -42311.6342  EKtot   =     10920.2080  EPtot      =    -53231.8422
 BOND   =       371.8036  ANGLE   =       991.4423  DIHED      =      2154.4770
 1-4 NB =       462.9952  1-4 EEL =      6153.4016  VDWAALS    =      6210.0532
 EELEC  =    -69666.7732  EHBOND  =         0.0000  RESTRAINT  =        90.7580
 EAMBER (non-restraint)  =    -53322.6003
 EKCMT  =      4744.3261  VIRIAL  =      5225.8807  VOLUME     =    176474.2562
                                                    Density    =         1.0210
 ------------------------------------------------------------------------------


 NSTEP =    48500   TIME(PS) =    1337.000  TEMP(K) =   304.01  PRESS =   109.6
 Etot   =    -42286.2629  EKtot   =     10989.5107  EPtot      =    -53275.7736
 BOND   =       359.2097  ANGLE   =      1004.9504  DIHED      =      2144.9215
 1-4 NB =       445.8274  1-4 EEL =      6137.6617  VDWAALS    =      6309.9124
 EELEC  =    -69748.3275  EHBOND  =         0.0000  RESTRAINT  =        70.0707
 EAMBER (non-restraint)  =    -53345.8443
 EKCMT  =      4771.2688  VIRIAL  =      4353.0736  VOLUME     =    176672.4397
                                                    Density    =         1.0199
 ------------------------------------------------------------------------------


 NSTEP =    49000   TIME(PS) =    1338.000  TEMP(K) =   301.96  PRESS =  -223.2
 Etot   =    -42402.9592  EKtot   =     10915.4375  EPtot      =    -53318.3967
 BOND   =       341.4253  ANGLE   =       967.1338  DIHED      =      2157.8690
 1-4 NB =       451.5931  1-4 EEL =      6166.3246  VDWAALS    =      6166.7643
 EELEC  =    -69646.9439  EHBOND  =         0.0000  RESTRAINT  =        77.4371
 EAMBER (non-restraint)  =    -53395.8338
 EKCMT  =      4746.2389  VIRIAL  =      5596.4702  VOLUME     =    176417.4701
                                                    Density    =         1.0214
 ------------------------------------------------------------------------------


 NSTEP =    49500   TIME(PS) =    1339.000  TEMP(K) =   297.20  PRESS =   104.3
 Etot   =    -42570.2809  EKtot   =     10743.3877  EPtot      =    -53313.6686
 BOND   =       344.8419  ANGLE   =      1015.0379  DIHED      =      2161.6066
 1-4 NB =       447.9110  1-4 EEL =      6186.8043  VDWAALS    =      6476.2844
 EELEC  =    -70023.8095  EHBOND  =         0.0000  RESTRAINT  =        77.6549
 EAMBER (non-restraint)  =    -53391.3235
 EKCMT  =      4641.4504  VIRIAL  =      4243.4867  VOLUME     =    176752.5539
                                                    Density    =         1.0194
 ------------------------------------------------------------------------------


 NSTEP =    50000   TIME(PS) =    1340.000  TEMP(K) =   300.07  PRESS =   -76.3
 Etot   =    -42316.3721  EKtot   =     10847.1152  EPtot      =    -53163.4873
 BOND   =       356.8971  ANGLE   =      1030.9326  DIHED      =      2157.5649
 1-4 NB =       462.6465  1-4 EEL =      6163.4349  VDWAALS    =      6305.5109
 EELEC  =    -69713.8503  EHBOND  =         0.0000  RESTRAINT  =        73.3761
 EAMBER (non-restraint)  =    -53236.8634
 EKCMT  =      4718.2768  VIRIAL  =      5009.6008  VOLUME     =    176872.3248
                                                    Density    =         1.0187
 ------------------------------------------------------------------------------


      A V E R A G E S   O V E R     100 S T E P S


 NSTEP =    50000   TIME(PS) =    1340.000  TEMP(K) =   299.86  PRESS =    22.3
 Etot   =    -42435.4687  EKtot   =     10839.6261  EPtot      =    -53275.0948
 BOND   =       352.2975  ANGLE   =      1001.3977  DIHED      =      2163.7677
 1-4 NB =       452.0141  1-4 EEL =      6182.9227  VDWAALS    =      6316.7439
 EELEC  =    -69821.6312  EHBOND  =         0.0000  RESTRAINT  =        77.3928
 EAMBER (non-restraint)  =    -53352.4876
 EKCMT  =      4711.7582  VIRIAL  =      4627.0157  VOLUME     =    176181.7920
                                                    Density    =         1.0227
 ------------------------------------------------------------------------------


      R M S  F L U C T U A T I O N S


 NSTEP =    50000   TIME(PS) =    1340.000  TEMP(K) =     2.14  PRESS =   165.5
 Etot   =       119.1200  EKtot   =        77.3142  EPtot      =       104.4754
 BOND   =        15.1525  ANGLE   =        21.7933  DIHED      =        11.6939
 1-4 NB =         7.8882  1-4 EEL =        24.6947  VDWAALS    =        95.0134
 EELEC  =       152.4443  EHBOND  =         0.0000  RESTRAINT  =         5.3983
 EAMBER (non-restraint)  =        99.0771
 EKCMT  =        52.5201  VIRIAL  =       627.2267  VOLUME     =       398.6066
                                                    Density    =         0.0023
 ------------------------------------------------------------------------------

--------------------------------------------------------------------------------
   5.  TIMINGS
--------------------------------------------------------------------------------

|  NonSetup CPU Time in Major Routines:
|
|     Routine           Sec        %
|     ------------------------------
|     Nonbond          90.89   87.33
|     Bond              0.00    0.00
|     Angle             0.00    0.00
|     Dihedral          0.00    0.00
|     Shake             0.33    0.32
|     RunMD            12.81   12.31
|     Other             0.04    0.04
|     ------------------------------
|     Total           104.08

|  PME Nonbond Pairlist CPU Time:
|
|     Routine              Sec        %
|     ---------------------------------
|     Set Up Cit           0.00    0.00
|     Build List           0.00    0.00
|     ---------------------------------
|     Total                0.00    0.00

|  PME Direct Force CPU Time:
|
|     Routine              Sec        %
|     ---------------------------------
|     NonBonded Calc       0.00    0.00
|     Exclude Masked       0.00    0.00
|     Other                0.03    0.03
|     ---------------------------------
|     Total                0.03    0.03

|  PME Reciprocal Force CPU Time:
|
|     Routine              Sec        %
|     ---------------------------------
|     1D bspline           0.00    0.00
|     Grid Charges         0.00    0.00
|     Scalar Sum           0.00    0.00
|     Gradient Sum         0.00    0.00
|     FFT                  0.00    0.00
|     ---------------------------------
|     Total                0.00    0.00

|  Final Performance Info:
|     -----------------------------------------------------
|     Average timings for last   20500 steps:
|     Elapsed(s) =      42.66 Per Step(ms) =       2.08
|         ns/day =      83.03   seconds/ns =    1040.56
|
|     Average timings for all steps:
|     Elapsed(s) =     104.07 Per Step(ms) =       2.08
|         ns/day =      83.02   seconds/ns =    1040.74
|     -----------------------------------------------------

|  Setup CPU time:            0.47 seconds
|  NonSetup CPU time:       104.08 seconds
|  Total CPU time:          104.55 seconds     0.03 hours

|  Setup wall time:           0    seconds
|  NonSetup wall time:      104    seconds
|  Total wall time:         104    seconds     0.03 hours
