
          -------------------------------------------------------
          Amber 16 PMEMD                              2016
          -------------------------------------------------------

| PMEMD implementation of SANDER, Release 16

| Run on 07/03/2017 at 18:55:14

|   Executable path: pmemd.cuda
| Working directory: /home/german/obp/run/wt_eol/mhe/e
|          Hostname: Unknown
  [-O]verwriting output

File Assignments:
|   MDIN: 13equ.in                                                              
|  MDOUT: 13equ.out                                                             
| INPCRD: 12ewt_eol.rst7                                                        
|   PARM: /home/german/obp/top_files/wt_eol.prmtop                              
| RESTRT: 13ewt_eol.rst7                                                        
|   REFC: 12ewt_eol.rst7                                                        
|  MDVEL: mdvel                                                                 
|   MDEN: mden                                                                  
|  MDCRD: 13ewt_eol.nc                                                          
| MDINFO: mdinfo                                                                
|  MDFRC: mdfrc                                                                 


 Here is the input file:

Equilibration with solute restrictions                                         
&cntrl                                                                         
imin = 0,                           ! No Minimization                          
nmropt = 0,                         ! No NMR restraints read                   
                                                                               
! Nature and format of the input                                               
ntx = 5,                            ! Coordinates but no velocities will be rea
irest = 1,                          ! Do not run a new simulation              
                                                                               
! Nature and format of the output                                              
ntxo = 1,                           ! rstrt file in ASCII format               
ntpr = 500,                         ! inf in output every ntpr steps           
ntwr = 500,                         ! rstrt file every ntwr steps              
ntwx = 500,                         ! mdcrd file every ntwx steps              
ntwv = 0,                           ! mdvel without velocities                 
ntwe = 0,                           ! Energies and temperatures not written in 
idecomp = 0,                        ! No energy decomposition                  
iwrap = 1,                          ! Coordinates of the restart and mdcrd file
                                                                               
! Frozen or restrained atoms                                                   
ibelly = 0,                         ! No frozen atoms                          
ntr=1,                              ! Harmonic potential restraints            
restraint_wt = 3.0,                ! The weight for the positional restraints  
restraintmask = ':1-120@N,CA,C,O',  ! restrained residues                      
                                                                               
! Molecular dynamics                                                           
nstlim = 50000,                     ! Number of MD-steps                       
dt = 0.002,                         ! Time step                                
                                                                               
! Temperature regulation                                                       
ntt = 3,                            ! Langevin thermostat                      
gamma_ln = 5,                       ! Gamma constant for Langevin              
!temp0 = 300.0,                     ! Reference T at which the system is to be 
tempi = 300.0,                      ! Initial T                                
ig = -1,                            ! Seed for the RNG                         
                                                                               
! P and V regulation                                                           
ntp = 1,                            ! Constant P. Isotropic scaling            
barostat = 1,                       ! Berendsen barostat                       
taup = 1,                           ! Pressure relaxation time                 
nrespa = 1,                         ! Evaluate at each step                    
ntb = 2,                            ! Periodic box for constant P              
                                                                               
! SHAKE variables                                                              
ntc = 2,                            ! Bonds involving H are constrained        
ntf = 2,                            ! Bond interaction involving H are ommited.
                                                                               
cut = 10.0,                         ! Nonbonded cutoff                         
/                                                                              
&end                                                                           


Note: ig = -1. Setting random seed to   310690 based on wallclock time in 
      microseconds.
 
|--------------------- INFORMATION ----------------------
| GPU (CUDA) Version of PMEMD in use: NVIDIA GPU IN USE.
|                    Version 16.0.0
| 
|                      02/25/2016
| 
| Implementation by:
|                    Ross C. Walker     (SDSC)
|                    Scott Le Grand     (nVIDIA)
| 
| Precision model in use:
|      [SPFP] - Single Precision Forces, 64-bit Fixed Point
|               Accumulation. (Default)
| 
|--------------------------------------------------------
 
|----------------- CITATION INFORMATION -----------------
|
|    When publishing work that utilized the CUDA version
|    of AMBER, please cite the following in addition to
|    the regular AMBER citations:
|
|  - Romelia Salomon-Ferrer; Andreas W. Goetz; Duncan
|    Poole; Scott Le Grand; Ross C. Walker "Routine
|    microsecond molecular dynamics simulations with
|    AMBER - Part II: Particle Mesh Ewald", J. Chem.
|    Theory Comput., 2013, 9 (9), pp3878-3888,
|    DOI: 10.1021/ct400314y.
|
|  - Andreas W. Goetz; Mark J. Williamson; Dong Xu;
|    Duncan Poole; Scott Le Grand; Ross C. Walker
|    "Routine microsecond molecular dynamics simulations
|    with AMBER - Part I: Generalized Born", J. Chem.
|    Theory Comput., 2012, 8 (5), pp1542-1555.
|
|  - Scott Le Grand; Andreas W. Goetz; Ross C. Walker
|    "SPFP: Speed without compromise - a mixed precision
|    model for GPU accelerated molecular dynamics
|    simulations.", Comp. Phys. Comm., 2013, 184
|    pp374-380, DOI: 10.1016/j.cpc.2012.09.022
|
|--------------------------------------------------------
 
|------------------- GPU DEVICE INFO --------------------
|
|            CUDA_VISIBLE_DEVICES: 1
|   CUDA Capable Devices Detected:      1
|           CUDA Device ID in use:      0
|                CUDA Device Name: GeForce GTX 1060 6GB
|     CUDA Device Global Mem Size:   6072 MB
| CUDA Device Num Multiprocessors:     10
|           CUDA Device Core Freq:   1.76 GHz
|
|--------------------------------------------------------
 
 
| Conditional Compilation Defines Used:
| PUBFFT
| BINTRAJ
| CUDA
| EMIL

| Largest sphere to fit in unit cell has radius =    26.397

| New format PARM file being parsed.
| Version =    1.000 Date = 02/20/15 Time = 17:35:00

| Note: 1-4 EEL scale factors are being read from the topology file.

| Note: 1-4 VDW scale factors are being read from the topology file.
| Duplicated    0 dihedrals

| Duplicated    0 dihedrals

--------------------------------------------------------------------------------
   1.  RESOURCE   USE: 
--------------------------------------------------------------------------------

 getting new box info from bottom of inpcrd
 NATOM  =   17712 NTYPES =      18 NBONH =   16754 MBONA  =     963
 NTHETH =    2242 MTHETA =    1293 NPHIH =    4367 MPHIA  =    4396
 NHPARM =       0 NPARM  =       0 NNB   =   31725 NRES   =    5382
 NBONA  =     963 NTHETA =    1293 NPHIA =    4396 NUMBND =      72
 NUMANG =     151 NPTRA  =     245 NATYP =      42 NPHB   =       1
 IFBOX  =       1 NMXRS  =      24 IFCAP =       0 NEXTRA =       0
 NCOPY  =       0

| Coordinate Index Table dimensions:    10   10    9
| Direct force subcell size =     5.6892    5.8887    5.8660

     BOX TYPE: RECTILINEAR

--------------------------------------------------------------------------------
   2.  CONTROL  DATA  FOR  THE  RUN
--------------------------------------------------------------------------------

default_name                                                                    

General flags:
     imin    =       0, nmropt  =       0

Nature and format of input:
     ntx     =       5, irest   =       1, ntrx    =       1

Nature and format of output:
     ntxo    =       1, ntpr    =     500, ntrx    =       1, ntwr    =     500
     iwrap   =       1, ntwx    =     500, ntwv    =       0, ntwe    =       0
     ioutfm  =       1, ntwprt  =       0, idecomp =       0, rbornstat=      0

Potential function:
     ntf     =       2, ntb     =       2, igb     =       0, nsnb    =      25
     ipol    =       0, gbsa    =       0, iesp    =       0
     dielc   =   1.00000, cut     =  10.00000, intdiel =   1.00000

Frozen or restrained atoms:
     ibelly  =       0, ntr     =       1
     restraint_wt =   3.00000

Molecular dynamics:
     nstlim  =     50000, nscm    =         0, nrespa  =         1
     t       =   0.00000, dt      =   0.00200, vlimit  =  -1.00000

Langevin dynamics temperature regulation:
     ig      =  310690
     temp0   = 300.00000, tempi   = 300.00000, gamma_ln=   5.00000

Pressure regulation:
     ntp     =       1
     pres0   =   1.00000, comp    =  44.60000, taup    =   1.00000

SHAKE:
     ntc     =       2, jfastw  =       0
     tol     =   0.00001

| Intermolecular bonds treatment:
|     no_intermolecular_bonds =       1

| Energy averages sample interval:
|     ene_avg_sampling =     500

Ewald parameters:
     verbose =       0, ew_type =       0, nbflag  =       1, use_pme =       1
     vdwmeth =       1, eedmeth =       1, netfrc  =       1
     Box X =   56.892   Box Y =   58.887   Box Z =   52.794
     Alpha =   90.000   Beta  =   90.000   Gamma =   90.000
     NFFT1 =   64       NFFT2 =   64       NFFT3 =   56
     Cutoff=   10.000   Tol   =0.100E-04
     Ewald Coefficient =  0.27511
     Interpolation order =    4

    LOADING THE CONSTRAINED ATOMS AS GROUPS


   5.  REFERENCE ATOM COORDINATES

  default_name                                                                    
     Mask :1-120@N,CA,C,O; matches   476 atoms

--------------------------------------------------------------------------------
   3.  ATOMIC COORDINATES AND VELOCITIES
--------------------------------------------------------------------------------

default_name                                                                    
 begin time read from input coords =  1340.000 ps

 
 Number of triangulated 3-point waters found:     5259

     Sum of charges from parm topology file =  -0.00000007
     Forcing neutrality...

| Dynamic Memory, Types Used:
| Reals              899290
| Integers           629334

| Nonbonded Pairs Initial Allocation:     5357437

| GPU memory information (estimate):
| KB of GPU memory in use:    114971
| KB of CPU memory in use:     23987

--------------------------------------------------------------------------------
   4.  RESULTS
--------------------------------------------------------------------------------

 ---------------------------------------------------
 APPROXIMATING switch and d/dx switch using CUBIC SPLINE INTERPOLATION
 using   5000.0 points per unit in tabled values
 TESTING RELATIVE ERROR over r ranging from 0.0 to cutoff
| CHECK switch(x): max rel err =   0.2738E-14   at   2.422500
| CHECK d/dx switch(x): max rel err =   0.8314E-11   at   2.736960
 ---------------------------------------------------
|---------------------------------------------------
| APPROXIMATING direct energy using CUBIC SPLINE INTERPOLATION
|  with   50.0 points per unit in tabled values
| Relative Error Limit not exceeded for r .gt.   2.33
| APPROXIMATING direct force using CUBIC SPLINE INTERPOLATION
|  with   50.0 points per unit in tabled values
| Relative Error Limit not exceeded for r .gt.   2.80
|---------------------------------------------------

 NSTEP =      500   TIME(PS) =    1341.000  TEMP(K) =   297.81  PRESS =    63.8
 Etot   =    -42600.9024  EKtot   =     10765.6660  EPtot      =    -53366.5684
 BOND   =       355.3807  ANGLE   =      1023.5461  DIHED      =      2155.5430
 1-4 NB =       458.2407  1-4 EEL =      6174.0564  VDWAALS    =      6470.9550
 EELEC  =    -70070.9007  EHBOND  =         0.0000  RESTRAINT  =        66.6104
 EAMBER (non-restraint)  =    -53433.1788
 EKCMT  =      4644.6503  VIRIAL  =      4401.4682  VOLUME     =    176617.5452
                                                    Density    =         1.0202
 ------------------------------------------------------------------------------


 NSTEP =     1000   TIME(PS) =    1342.000  TEMP(K) =   295.09  PRESS =    12.5
 Etot   =    -42765.0190  EKtot   =     10667.0400  EPtot      =    -53432.0590
 BOND   =       358.2877  ANGLE   =       937.5167  DIHED      =      2157.9688
 1-4 NB =       466.3094  1-4 EEL =      6208.4130  VDWAALS    =      6441.0586
 EELEC  =    -70064.5073  EHBOND  =         0.0000  RESTRAINT  =        62.8940
 EAMBER (non-restraint)  =    -53494.9530
 EKCMT  =      4685.5597  VIRIAL  =      4637.9687  VOLUME     =    176549.6839
                                                    Density    =         1.0206
 ------------------------------------------------------------------------------


 NSTEP =     1500   TIME(PS) =    1343.000  TEMP(K) =   301.83  PRESS =  -198.3
 Etot   =    -42421.2171  EKtot   =     10910.9414  EPtot      =    -53332.1585
 BOND   =       376.9447  ANGLE   =      1014.0089  DIHED      =      2173.1832
 1-4 NB =       444.0990  1-4 EEL =      6177.2656  VDWAALS    =      6238.9671
 EELEC  =    -69825.3332  EHBOND  =         0.0000  RESTRAINT  =        68.7063
 EAMBER (non-restraint)  =    -53400.8647
 EKCMT  =      4778.6655  VIRIAL  =      5535.0847  VOLUME     =    176662.2742
                                                    Density    =         1.0199
 ------------------------------------------------------------------------------


 NSTEP =     2000   TIME(PS) =    1344.000  TEMP(K) =   299.51  PRESS =   337.8
 Etot   =    -42380.7055  EKtot   =     10827.1406  EPtot      =    -53207.8461
 BOND   =       358.0019  ANGLE   =      1025.4007  DIHED      =      2157.9918
 1-4 NB =       457.2566  1-4 EEL =      6174.8208  VDWAALS    =      6493.3515
 EELEC  =    -69942.3138  EHBOND  =         0.0000  RESTRAINT  =        67.6443
 EAMBER (non-restraint)  =    -53275.4904
 EKCMT  =      4780.1673  VIRIAL  =      3492.5093  VOLUME     =    176551.3984
                                                    Density    =         1.0206
 ------------------------------------------------------------------------------


 NSTEP =     2500   TIME(PS) =    1345.000  TEMP(K) =   299.19  PRESS =   -22.0
 Etot   =    -42318.5886  EKtot   =     10815.5518  EPtot      =    -53134.1404
 BOND   =       348.1403  ANGLE   =       978.2034  DIHED      =      2165.5232
 1-4 NB =       449.8848  1-4 EEL =      6153.2464  VDWAALS    =      6348.7172
 EELEC  =    -69641.8452  EHBOND  =         0.0000  RESTRAINT  =        63.9896
 EAMBER (non-restraint)  =    -53198.1300
 EKCMT  =      4672.8191  VIRIAL  =      4756.7381  VOLUME     =    176726.5603
                                                    Density    =         1.0196
 ------------------------------------------------------------------------------


 NSTEP =     3000   TIME(PS) =    1346.000  TEMP(K) =   303.96  PRESS =   -87.0
 Etot   =    -42205.6369  EKtot   =     10987.8320  EPtot      =    -53193.4689
 BOND   =       368.8704  ANGLE   =       994.8778  DIHED      =      2170.9524
 1-4 NB =       456.2772  1-4 EEL =      6168.5089  VDWAALS    =      6293.4809
 EELEC  =    -69709.3807  EHBOND  =         0.0000  RESTRAINT  =        62.9442
 EAMBER (non-restraint)  =    -53256.4130
 EKCMT  =      4737.9998  VIRIAL  =      5069.2959  VOLUME     =    176356.8372
                                                    Density    =         1.0217
 ------------------------------------------------------------------------------


 NSTEP =     3500   TIME(PS) =    1347.000  TEMP(K) =   299.06  PRESS =   -68.4
 Etot   =    -42433.3831  EKtot   =     10810.8516  EPtot      =    -53244.2346
 BOND   =       373.7689  ANGLE   =      1011.2343  DIHED      =      2138.1715
 1-4 NB =       442.1386  1-4 EEL =      6159.3173  VDWAALS    =      6121.5492
 EELEC  =    -69558.5338  EHBOND  =         0.0000  RESTRAINT  =        68.1194
 EAMBER (non-restraint)  =    -53312.3540
 EKCMT  =      4722.0142  VIRIAL  =      4981.8457  VOLUME     =    175992.9079
                                                    Density    =         1.0238
 ------------------------------------------------------------------------------


 NSTEP =     4000   TIME(PS) =    1348.000  TEMP(K) =   297.27  PRESS =  -176.4
 Etot   =    -42542.3230  EKtot   =     10746.1328  EPtot      =    -53288.4558
 BOND   =       393.7537  ANGLE   =       985.5859  DIHED      =      2153.9569
 1-4 NB =       440.5668  1-4 EEL =      6149.5009  VDWAALS    =      6216.8829
 EELEC  =    -69700.6194  EHBOND  =         0.0000  RESTRAINT  =        71.9165
 EAMBER (non-restraint)  =    -53360.3724
 EKCMT  =      4716.6123  VIRIAL  =      5385.5130  VOLUME     =    175648.4201
                                                    Density    =         1.0258
 ------------------------------------------------------------------------------


 NSTEP =     4500   TIME(PS) =    1349.000  TEMP(K) =   299.71  PRESS =     7.9
 Etot   =    -42539.5197  EKtot   =     10834.2607  EPtot      =    -53373.7804
 BOND   =       347.3664  ANGLE   =      1038.8305  DIHED      =      2162.4184
 1-4 NB =       447.3627  1-4 EEL =      6147.3568  VDWAALS    =      6297.0893
 EELEC  =    -69879.7378  EHBOND  =         0.0000  RESTRAINT  =        65.5331
 EAMBER (non-restraint)  =    -53439.3136
 EKCMT  =      4790.4533  VIRIAL  =      4760.5831  VOLUME     =    175978.0521
                                                    Density    =         1.0239
 ------------------------------------------------------------------------------


 NSTEP =     5000   TIME(PS) =    1350.000  TEMP(K) =   297.38  PRESS =  -224.8
 Etot   =    -42780.6925  EKtot   =     10750.0859  EPtot      =    -53530.7785
 BOND   =       340.1295  ANGLE   =      1013.0858  DIHED      =      2169.5768
 1-4 NB =       453.6152  1-4 EEL =      6149.3048  VDWAALS    =      6225.1541
 EELEC  =    -69962.5322  EHBOND  =         0.0000  RESTRAINT  =        80.8876
 EAMBER (non-restraint)  =    -53611.6661
 EKCMT  =      4730.7931  VIRIAL  =      5586.3855  VOLUME     =    176262.9075
                                                    Density    =         1.0222
 ------------------------------------------------------------------------------


 NSTEP =     5500   TIME(PS) =    1351.000  TEMP(K) =   297.22  PRESS =   253.5
 Etot   =    -42404.1288  EKtot   =     10744.3105  EPtot      =    -53148.4393
 BOND   =       364.6292  ANGLE   =      1000.5245  DIHED      =      2175.6121
 1-4 NB =       453.2898  1-4 EEL =      6166.2639  VDWAALS    =      6381.5145
 EELEC  =    -69754.6054  EHBOND  =         0.0000  RESTRAINT  =        64.3321
 EAMBER (non-restraint)  =    -53212.7714
 EKCMT  =      4653.1612  VIRIAL  =      3691.0675  VOLUME     =    175806.9606
                                                    Density    =         1.0249
 ------------------------------------------------------------------------------


 NSTEP =     6000   TIME(PS) =    1352.000  TEMP(K) =   300.53  PRESS =  -223.8
 Etot   =    -42498.8786  EKtot   =     10863.8125  EPtot      =    -53362.6911
 BOND   =       373.2972  ANGLE   =       983.9668  DIHED      =      2168.8481
 1-4 NB =       442.4386  1-4 EEL =      6135.2157  VDWAALS    =      6229.1650
 EELEC  =    -69763.9127  EHBOND  =         0.0000  RESTRAINT  =        68.2902
 EAMBER (non-restraint)  =    -53430.9813
 EKCMT  =      4731.5378  VIRIAL  =      5580.3793  VOLUME     =    175698.3016
                                                    Density    =         1.0255
 ------------------------------------------------------------------------------


 NSTEP =     6500   TIME(PS) =    1353.000  TEMP(K) =   298.34  PRESS =   348.3
 Etot   =    -42558.1814  EKtot   =     10784.6191  EPtot      =    -53342.8005
 BOND   =       365.2436  ANGLE   =       999.3344  DIHED      =      2141.6264
 1-4 NB =       453.8735  1-4 EEL =      6128.7698  VDWAALS    =      6454.0505
 EELEC  =    -69948.6043  EHBOND  =         0.0000  RESTRAINT  =        62.9055
 EAMBER (non-restraint)  =    -53405.7060
 EKCMT  =      4675.6818  VIRIAL  =      3352.4170  VOLUME     =    175977.0586
                                                    Density    =         1.0239
 ------------------------------------------------------------------------------


 NSTEP =     7000   TIME(PS) =    1354.000  TEMP(K) =   300.74  PRESS =    37.3
 Etot   =    -42357.1901  EKtot   =     10871.2773  EPtot      =    -53228.4674
 BOND   =       330.7835  ANGLE   =       956.9015  DIHED      =      2169.3768
 1-4 NB =       450.7083  1-4 EEL =      6141.7177  VDWAALS    =      6307.0709
 EELEC  =    -69644.1488  EHBOND  =         0.0000  RESTRAINT  =        59.1227
 EAMBER (non-restraint)  =    -53287.5901
 EKCMT  =      4696.0297  VIRIAL  =      4553.9916  VOLUME     =    176560.5357
                                                    Density    =         1.0205
 ------------------------------------------------------------------------------


 NSTEP =     7500   TIME(PS) =    1355.000  TEMP(K) =   302.39  PRESS =    30.1
 Etot   =    -42278.2664  EKtot   =     10931.0811  EPtot      =    -53209.3475
 BOND   =       355.3998  ANGLE   =      1008.1734  DIHED      =      2150.2399
 1-4 NB =       444.5979  1-4 EEL =      6136.4005  VDWAALS    =      6286.5424
 EELEC  =    -69654.6717  EHBOND  =         0.0000  RESTRAINT  =        63.9704
 EAMBER (non-restraint)  =    -53273.3178
 EKCMT  =      4766.3129  VIRIAL  =      4651.4340  VOLUME     =    176728.8333
                                                    Density    =         1.0196
 ------------------------------------------------------------------------------


 NSTEP =     8000   TIME(PS) =    1356.000  TEMP(K) =   302.48  PRESS =  -154.1
 Etot   =    -42380.4713  EKtot   =     10934.2852  EPtot      =    -53314.7565
 BOND   =       332.4459  ANGLE   =       991.3021  DIHED      =      2140.3461
 1-4 NB =       445.0290  1-4 EEL =      6183.5803  VDWAALS    =      6270.4272
 EELEC  =    -69750.4017  EHBOND  =         0.0000  RESTRAINT  =        72.5147
 EAMBER (non-restraint)  =    -53387.2712
 EKCMT  =      4782.0511  VIRIAL  =      5370.6334  VOLUME     =    176947.4820
                                                    Density    =         1.0183
 ------------------------------------------------------------------------------


 NSTEP =     8500   TIME(PS) =    1357.000  TEMP(K) =   299.53  PRESS =  -133.9
 Etot   =    -42572.0869  EKtot   =     10827.8467  EPtot      =    -53399.9336
 BOND   =       340.6995  ANGLE   =       988.3904  DIHED      =      2164.4747
 1-4 NB =       440.6393  1-4 EEL =      6142.3609  VDWAALS    =      6146.2867
 EELEC  =    -69680.7444  EHBOND  =         0.0000  RESTRAINT  =        57.9593
 EAMBER (non-restraint)  =    -53457.8929
 EKCMT  =      4707.8114  VIRIAL  =      5218.2102  VOLUME     =    176557.2265
                                                    Density    =         1.0205
 ------------------------------------------------------------------------------


 NSTEP =     9000   TIME(PS) =    1358.000  TEMP(K) =   295.38  PRESS =  -239.1
 Etot   =    -42593.7881  EKtot   =     10677.5967  EPtot      =    -53271.3848
 BOND   =       366.9630  ANGLE   =      1000.6173  DIHED      =      2147.4913
 1-4 NB =       457.6307  1-4 EEL =      6171.9248  VDWAALS    =      6239.5616
 EELEC  =    -69727.9430  EHBOND  =         0.0000  RESTRAINT  =        72.3694
 EAMBER (non-restraint)  =    -53343.7542
 EKCMT  =      4662.4849  VIRIAL  =      5572.7943  VOLUME     =    176362.4416
                                                    Density    =         1.0217
 ------------------------------------------------------------------------------


 NSTEP =     9500   TIME(PS) =    1359.000  TEMP(K) =   299.30  PRESS =   202.0
 Etot   =    -42393.5576  EKtot   =     10819.5176  EPtot      =    -53213.0751
 BOND   =       317.5604  ANGLE   =      1004.1614  DIHED      =      2141.8272
 1-4 NB =       459.7918  1-4 EEL =      6175.3908  VDWAALS    =      6230.4722
 EELEC  =    -69612.6846  EHBOND  =         0.0000  RESTRAINT  =        70.4057
 EAMBER (non-restraint)  =    -53283.4808
 EKCMT  =      4814.0243  VIRIAL  =      4044.3118  VOLUME     =    176478.9004
                                                    Density    =         1.0210
 ------------------------------------------------------------------------------


 NSTEP =    10000   TIME(PS) =    1360.000  TEMP(K) =   296.25  PRESS =  -179.6
 Etot   =    -42338.1470  EKtot   =     10708.9688  EPtot      =    -53047.1158
 BOND   =       354.7314  ANGLE   =      1034.4745  DIHED      =      2130.6516
 1-4 NB =       436.5944  1-4 EEL =      6144.8329  VDWAALS    =      6209.3401
 EELEC  =    -69423.0345  EHBOND  =         0.0000  RESTRAINT  =        65.2939
 EAMBER (non-restraint)  =    -53112.4097
 EKCMT  =      4518.8453  VIRIAL  =      5203.8710  VOLUME     =    176651.5994
                                                    Density    =         1.0200
 ------------------------------------------------------------------------------


 NSTEP =    10500   TIME(PS) =    1361.000  TEMP(K) =   296.42  PRESS =   290.5
 Etot   =    -42425.7477  EKtot   =     10715.1543  EPtot      =    -53140.9020
 BOND   =       326.8254  ANGLE   =       999.9125  DIHED      =      2131.1985
 1-4 NB =       468.9450  1-4 EEL =      6169.3057  VDWAALS    =      6465.5968
 EELEC  =    -69773.1935  EHBOND  =         0.0000  RESTRAINT  =        70.5078
 EAMBER (non-restraint)  =    -53211.4098
 EKCMT  =      4644.6237  VIRIAL  =      3538.4429  VOLUME     =    176388.9819
                                                    Density    =         1.0215
 ------------------------------------------------------------------------------


 NSTEP =    11000   TIME(PS) =    1362.000  TEMP(K) =   299.30  PRESS =   252.3
 Etot   =    -42528.1302  EKtot   =     10819.3936  EPtot      =    -53347.5238
 BOND   =       349.0465  ANGLE   =      1007.9143  DIHED      =      2154.8173
 1-4 NB =       450.4971  1-4 EEL =      6158.5472  VDWAALS    =      6452.2289
 EELEC  =    -69992.0969  EHBOND  =         0.0000  RESTRAINT  =        71.5219
 EAMBER (non-restraint)  =    -53419.0457
 EKCMT  =      4694.9698  VIRIAL  =      3736.8917  VOLUME     =    175879.3783
                                                    Density    =         1.0245
 ------------------------------------------------------------------------------


 NSTEP =    11500   TIME(PS) =    1363.000  TEMP(K) =   299.72  PRESS =    58.1
 Etot   =    -42299.8948  EKtot   =     10834.5537  EPtot      =    -53134.4485
 BOND   =       381.6503  ANGLE   =      1014.0939  DIHED      =      2190.1286
 1-4 NB =       447.1978  1-4 EEL =      6184.7122  VDWAALS    =      6260.0700
 EELEC  =    -69684.7138  EHBOND  =         0.0000  RESTRAINT  =        72.4123
 EAMBER (non-restraint)  =    -53206.8608
 EKCMT  =      4806.1068  VIRIAL  =      4585.6154  VOLUME     =    175891.6937
                                                    Density    =         1.0244
 ------------------------------------------------------------------------------


 NSTEP =    12000   TIME(PS) =    1364.000  TEMP(K) =   299.95  PRESS =    54.0
 Etot   =    -42469.5322  EKtot   =     10842.9727  EPtot      =    -53312.5049
 BOND   =       351.2285  ANGLE   =       973.5364  DIHED      =      2156.3859
 1-4 NB =       436.1309  1-4 EEL =      6215.0302  VDWAALS    =      6223.4071
 EELEC  =    -69742.0574  EHBOND  =         0.0000  RESTRAINT  =        73.8335
 EAMBER (non-restraint)  =    -53386.3384
 EKCMT  =      4724.0034  VIRIAL  =      4518.8795  VOLUME     =    176091.8577
                                                    Density    =         1.0232
 ------------------------------------------------------------------------------


 NSTEP =    12500   TIME(PS) =    1365.000  TEMP(K) =   301.48  PRESS =  -303.7
 Etot   =    -42610.3059  EKtot   =     10898.2549  EPtot      =    -53508.5608
 BOND   =       358.4277  ANGLE   =      1005.8150  DIHED      =      2120.7906
 1-4 NB =       455.8511  1-4 EEL =      6171.8494  VDWAALS    =      6329.3922
 EELEC  =    -70020.2157  EHBOND  =         0.0000  RESTRAINT  =        69.5288
 EAMBER (non-restraint)  =    -53578.0896
 EKCMT  =      4707.8749  VIRIAL  =      5860.6447  VOLUME     =    175814.4571
                                                    Density    =         1.0249
 ------------------------------------------------------------------------------


 NSTEP =    13000   TIME(PS) =    1366.000  TEMP(K) =   300.30  PRESS =   326.2
 Etot   =    -42284.6281  EKtot   =     10855.3955  EPtot      =    -53140.0236
 BOND   =       348.7617  ANGLE   =       983.2318  DIHED      =      2176.5715
 1-4 NB =       469.0056  1-4 EEL =      6204.1064  VDWAALS    =      6417.1053
 EELEC  =    -69809.1443  EHBOND  =         0.0000  RESTRAINT  =        70.3384
 EAMBER (non-restraint)  =    -53210.3620
 EKCMT  =      4697.4784  VIRIAL  =      3458.8804  VOLUME     =    175867.9859
                                                    Density    =         1.0245
 ------------------------------------------------------------------------------


 NSTEP =    13500   TIME(PS) =    1367.000  TEMP(K) =   295.08  PRESS =   -49.2
 Etot   =    -42616.2944  EKtot   =     10666.8613  EPtot      =    -53283.1557
 BOND   =       339.7862  ANGLE   =      1007.2627  DIHED      =      2162.6160
 1-4 NB =       445.2460  1-4 EEL =      6197.1353  VDWAALS    =      6148.4597
 EELEC  =    -69652.1717  EHBOND  =         0.0000  RESTRAINT  =        68.5101
 EAMBER (non-restraint)  =    -53351.6658
 EKCMT  =      4611.7915  VIRIAL  =      4798.8368  VOLUME     =    176077.7172
                                                    Density    =         1.0233
 ------------------------------------------------------------------------------


 NSTEP =    14000   TIME(PS) =    1368.000  TEMP(K) =   296.99  PRESS =  -226.4
 Etot   =    -42389.7466  EKtot   =     10735.9170  EPtot      =    -53125.6636
 BOND   =       331.1853  ANGLE   =      1026.1245  DIHED      =      2128.5210
 1-4 NB =       453.2231  1-4 EEL =      6184.5875  VDWAALS    =      6109.0306
 EELEC  =    -69431.2778  EHBOND  =         0.0000  RESTRAINT  =        72.9422
 EAMBER (non-restraint)  =    -53198.6058
 EKCMT  =      4617.9801  VIRIAL  =      5479.8627  VOLUME     =    176278.0538
                                                    Density    =         1.0222
 ------------------------------------------------------------------------------


 NSTEP =    14500   TIME(PS) =    1369.000  TEMP(K) =   301.28  PRESS =  -171.1
 Etot   =    -42320.0911  EKtot   =     10890.8252  EPtot      =    -53210.9163
 BOND   =       336.5859  ANGLE   =      1054.5530  DIHED      =      2176.8241
 1-4 NB =       447.2956  1-4 EEL =      6171.1934  VDWAALS    =      6123.8393
 EELEC  =    -69595.7868  EHBOND  =         0.0000  RESTRAINT  =        74.5791
 EAMBER (non-restraint)  =    -53285.4955
 EKCMT  =      4759.3793  VIRIAL  =      5409.7685  VOLUME     =    176020.4498
                                                    Density    =         1.0237
 ------------------------------------------------------------------------------


 NSTEP =    15000   TIME(PS) =    1370.000  TEMP(K) =   298.83  PRESS =    -4.5
 Etot   =    -42643.5885  EKtot   =     10802.4990  EPtot      =    -53446.0875
 BOND   =       339.2187  ANGLE   =       963.1001  DIHED      =      2161.6921
 1-4 NB =       459.2079  1-4 EEL =      6192.8293  VDWAALS    =      6401.6227
 EELEC  =    -70036.5686  EHBOND  =         0.0000  RESTRAINT  =        72.8103
 EAMBER (non-restraint)  =    -53518.8979
 EKCMT  =      4685.6749  VIRIAL  =      4702.7270  VOLUME     =    176088.6743
                                                    Density    =         1.0233
 ------------------------------------------------------------------------------


 NSTEP =    15500   TIME(PS) =    1371.000  TEMP(K) =   298.44  PRESS =     6.0
 Etot   =    -42556.0395  EKtot   =     10788.2676  EPtot      =    -53344.3071
 BOND   =       365.1870  ANGLE   =      1008.8195  DIHED      =      2152.8272
 1-4 NB =       443.8135  1-4 EEL =      6198.3685  VDWAALS    =      6415.0847
 EELEC  =    -69994.4589  EHBOND  =         0.0000  RESTRAINT  =        66.0513
 EAMBER (non-restraint)  =    -53410.3584
 EKCMT  =      4690.2533  VIRIAL  =      4667.3597  VOLUME     =    175835.7872
                                                    Density    =         1.0247
 ------------------------------------------------------------------------------


 NSTEP =    16000   TIME(PS) =    1372.000  TEMP(K) =   304.04  PRESS =   106.8
 Etot   =    -42038.9010  EKtot   =     10990.9004  EPtot      =    -53029.8013
 BOND   =       362.7666  ANGLE   =       983.9076  DIHED      =      2168.1568
 1-4 NB =       449.3556  1-4 EEL =      6193.5635  VDWAALS    =      6169.7707
 EELEC  =    -69425.7608  EHBOND  =         0.0000  RESTRAINT  =        68.4386
 EAMBER (non-restraint)  =    -53098.2400
 EKCMT  =      4783.8496  VIRIAL  =      4377.0631  VOLUME     =    176426.7041
                                                    Density    =         1.0213
 ------------------------------------------------------------------------------


 NSTEP =    16500   TIME(PS) =    1373.000  TEMP(K) =   296.57  PRESS =  -144.8
 Etot   =    -42715.2483  EKtot   =     10720.6279  EPtot      =    -53435.8762
 BOND   =       354.8464  ANGLE   =      1015.5179  DIHED      =      2185.3395
 1-4 NB =       445.1799  1-4 EEL =      6147.5955  VDWAALS    =      6262.6198
 EELEC  =    -69909.3383  EHBOND  =         0.0000  RESTRAINT  =        62.3631
 EAMBER (non-restraint)  =    -53498.2393
 EKCMT  =      4672.3195  VIRIAL  =      5223.2444  VOLUME     =    176233.7745
                                                    Density    =         1.0224
 ------------------------------------------------------------------------------


 NSTEP =    17000   TIME(PS) =    1374.000  TEMP(K) =   298.40  PRESS =  -114.7
 Etot   =    -42647.3739  EKtot   =     10786.7598  EPtot      =    -53434.1337
 BOND   =       344.7074  ANGLE   =      1014.3947  DIHED      =      2144.4249
 1-4 NB =       444.7823  1-4 EEL =      6149.1227  VDWAALS    =      6319.8073
 EELEC  =    -69922.6959  EHBOND  =         0.0000  RESTRAINT  =        71.3228
 EAMBER (non-restraint)  =    -53505.4565
 EKCMT  =      4676.3949  VIRIAL  =      5111.6964  VOLUME     =    175844.1960
                                                    Density    =         1.0247
 ------------------------------------------------------------------------------


 NSTEP =    17500   TIME(PS) =    1375.000  TEMP(K) =   299.65  PRESS =   -54.4
 Etot   =    -42509.6545  EKtot   =     10831.9443  EPtot      =    -53341.5988
 BOND   =       381.9317  ANGLE   =      1004.7587  DIHED      =      2144.0022
 1-4 NB =       445.3030  1-4 EEL =      6197.1696  VDWAALS    =      6257.9566
 EELEC  =    -69849.2642  EHBOND  =         0.0000  RESTRAINT  =        76.5436
 EAMBER (non-restraint)  =    -53418.1424
 EKCMT  =      4683.0763  VIRIAL  =      4889.5940  VOLUME     =    175949.1984
                                                    Density    =         1.0241
 ------------------------------------------------------------------------------


 NSTEP =    18000   TIME(PS) =    1376.000  TEMP(K) =   299.88  PRESS =   -51.1
 Etot   =    -42561.7348  EKtot   =     10840.2656  EPtot      =    -53402.0004
 BOND   =       357.6143  ANGLE   =      1003.1680  DIHED      =      2141.0652
 1-4 NB =       449.2140  1-4 EEL =      6161.1908  VDWAALS    =      6292.9417
 EELEC  =    -69870.4977  EHBOND  =         0.0000  RESTRAINT  =        63.3032
 EAMBER (non-restraint)  =    -53465.3037
 EKCMT  =      4712.0828  VIRIAL  =      4906.2723  VOLUME     =    176064.2144
                                                    Density    =         1.0234
 ------------------------------------------------------------------------------


 NSTEP =    18500   TIME(PS) =    1377.000  TEMP(K) =   300.29  PRESS =   -59.1
 Etot   =    -42357.6603  EKtot   =     10855.3164  EPtot      =    -53212.9767
 BOND   =       334.0782  ANGLE   =      1034.2406  DIHED      =      2179.0430
 1-4 NB =       450.4585  1-4 EEL =      6192.2844  VDWAALS    =      6235.8753
 EELEC  =    -69709.6662  EHBOND  =         0.0000  RESTRAINT  =        70.7094
 EAMBER (non-restraint)  =    -53283.6861
 EKCMT  =      4704.0986  VIRIAL  =      4928.4935  VOLUME     =    175792.8843
                                                    Density    =         1.0250
 ------------------------------------------------------------------------------


 NSTEP =    19000   TIME(PS) =    1378.000  TEMP(K) =   300.15  PRESS =   211.5
 Etot   =    -42348.2841  EKtot   =     10850.0088  EPtot      =    -53198.2929
 BOND   =       353.3511  ANGLE   =      1019.1372  DIHED      =      2161.6429
 1-4 NB =       451.7263  1-4 EEL =      6198.5257  VDWAALS    =      6450.9885
 EELEC  =    -69900.5999  EHBOND  =         0.0000  RESTRAINT  =        66.9353
 EAMBER (non-restraint)  =    -53265.2282
 EKCMT  =      4721.2933  VIRIAL  =      3917.9720  VOLUME     =    175896.4187
                                                    Density    =         1.0244
 ------------------------------------------------------------------------------


 NSTEP =    19500   TIME(PS) =    1379.000  TEMP(K) =   297.53  PRESS =   124.1
 Etot   =    -42642.3064  EKtot   =     10755.5117  EPtot      =    -53397.8182
 BOND   =       365.6715  ANGLE   =      1014.3571  DIHED      =      2167.9036
 1-4 NB =       452.8636  1-4 EEL =      6166.6804  VDWAALS    =      6440.7419
 EELEC  =    -70073.1441  EHBOND  =         0.0000  RESTRAINT  =        67.1077
 EAMBER (non-restraint)  =    -53464.9259
 EKCMT  =      4680.1446  VIRIAL  =      4207.5461  VOLUME     =    176307.2202
                                                    Density    =         1.0220
 ------------------------------------------------------------------------------


 NSTEP =    20000   TIME(PS) =    1380.000  TEMP(K) =   299.63  PRESS =    19.5
 Etot   =    -42429.9516  EKtot   =     10831.3867  EPtot      =    -53261.3383
 BOND   =       338.5743  ANGLE   =       990.1925  DIHED      =      2161.0733
 1-4 NB =       450.0105  1-4 EEL =      6142.5286  VDWAALS    =      6384.8118
 EELEC  =    -69802.1613  EHBOND  =         0.0000  RESTRAINT  =        73.6321
 EAMBER (non-restraint)  =    -53334.9704
 EKCMT  =      4752.7256  VIRIAL  =      4678.6683  VOLUME     =    176140.9393
                                                    Density    =         1.0230
 ------------------------------------------------------------------------------


 NSTEP =    20500   TIME(PS) =    1381.000  TEMP(K) =   302.92  PRESS =   171.1
 Etot   =    -42296.3079  EKtot   =     10950.1094  EPtot      =    -53246.4172
 BOND   =       372.2158  ANGLE   =       988.9463  DIHED      =      2167.0948
 1-4 NB =       460.8702  1-4 EEL =      6155.0267  VDWAALS    =      6356.5436
 EELEC  =    -69809.3058  EHBOND  =         0.0000  RESTRAINT  =        62.1912
 EAMBER (non-restraint)  =    -53308.6084
 EKCMT  =      4697.6247  VIRIAL  =      4045.7616  VOLUME     =    176402.9690
                                                    Density    =         1.0214
 ------------------------------------------------------------------------------


 NSTEP =    21000   TIME(PS) =    1382.000  TEMP(K) =   301.73  PRESS =   182.0
 Etot   =    -42467.5930  EKtot   =     10907.1328  EPtot      =    -53374.7258
 BOND   =       375.3084  ANGLE   =      1002.0550  DIHED      =      2187.0854
 1-4 NB =       436.3482  1-4 EEL =      6129.6994  VDWAALS    =      6344.3151
 EELEC  =    -69918.3073  EHBOND  =         0.0000  RESTRAINT  =        68.7700
 EAMBER (non-restraint)  =    -53443.4958
 EKCMT  =      4807.4825  VIRIAL  =      4115.6433  VOLUME     =    176060.6917
                                                    Density    =         1.0234
 ------------------------------------------------------------------------------


 NSTEP =    21500   TIME(PS) =    1383.000  TEMP(K) =   302.40  PRESS =   312.1
 Etot   =    -42292.3543  EKtot   =     10931.3330  EPtot      =    -53223.6873
 BOND   =       328.4076  ANGLE   =       994.3027  DIHED      =      2164.8628
 1-4 NB =       455.5513  1-4 EEL =      6176.7603  VDWAALS    =      6460.0456
 EELEC  =    -69871.4280  EHBOND  =         0.0000  RESTRAINT  =        67.8105
 EAMBER (non-restraint)  =    -53291.4977
 EKCMT  =      4828.5121  VIRIAL  =      3641.1987  VOLUME     =    176222.7803
                                                    Density    =         1.0225
 ------------------------------------------------------------------------------


 NSTEP =    22000   TIME(PS) =    1384.000  TEMP(K) =   301.24  PRESS =   -38.5
 Etot   =    -42328.9679  EKtot   =     10889.4316  EPtot      =    -53218.3995
 BOND   =       345.3495  ANGLE   =       990.4069  DIHED      =      2168.6379
 1-4 NB =       461.5015  1-4 EEL =      6182.5727  VDWAALS    =      6283.1156
 EELEC  =    -69720.0973  EHBOND  =         0.0000  RESTRAINT  =        70.1138
 EAMBER (non-restraint)  =    -53288.5133
 EKCMT  =      4742.9269  VIRIAL  =      4889.3251  VOLUME     =    176238.0142
                                                    Density    =         1.0224
 ------------------------------------------------------------------------------


 NSTEP =    22500   TIME(PS) =    1385.000  TEMP(K) =   299.28  PRESS =   -72.9
 Etot   =    -42415.5929  EKtot   =     10818.6592  EPtot      =    -53234.2520
 BOND   =       357.2317  ANGLE   =       997.6729  DIHED      =      2157.3607
 1-4 NB =       458.4583  1-4 EEL =      6154.7716  VDWAALS    =      6434.3685
 EELEC  =    -69870.6168  EHBOND  =         0.0000  RESTRAINT  =        76.5011
 EAMBER (non-restraint)  =    -53310.7532
 EKCMT  =      4643.6270  VIRIAL  =      4920.7301  VOLUME     =    176074.6109
                                                    Density    =         1.0233
 ------------------------------------------------------------------------------


 NSTEP =    23000   TIME(PS) =    1386.000  TEMP(K) =   305.61  PRESS =  -251.4
 Etot   =    -42322.1713  EKtot   =     11047.5186  EPtot      =    -53369.6898
 BOND   =       329.6008  ANGLE   =       979.7636  DIHED      =      2159.8253
 1-4 NB =       466.8903  1-4 EEL =      6192.1266  VDWAALS    =      6284.0389
 EELEC  =    -69852.6559  EHBOND  =         0.0000  RESTRAINT  =        70.7205
 EAMBER (non-restraint)  =    -53440.4104
 EKCMT  =      4837.4483  VIRIAL  =      5794.9694  VOLUME     =    176400.5863
                                                    Density    =         1.0215
 ------------------------------------------------------------------------------


 NSTEP =    23500   TIME(PS) =    1387.000  TEMP(K) =   300.93  PRESS =    10.4
 Etot   =    -42513.2376  EKtot   =     10878.4033  EPtot      =    -53391.6410
 BOND   =       359.6129  ANGLE   =       980.8791  DIHED      =      2148.3811
 1-4 NB =       461.7927  1-4 EEL =      6206.2113  VDWAALS    =      6293.1460
 EELEC  =    -69914.3800  EHBOND  =         0.0000  RESTRAINT  =        72.7160
 EAMBER (non-restraint)  =    -53464.3569
 EKCMT  =      4753.0787  VIRIAL  =      4713.6361  VOLUME     =    176319.1481
                                                    Density    =         1.0219
 ------------------------------------------------------------------------------


 NSTEP =    24000   TIME(PS) =    1388.000  TEMP(K) =   298.63  PRESS =    34.2
 Etot   =    -42585.7137  EKtot   =     10795.3057  EPtot      =    -53381.0194
 BOND   =       364.1514  ANGLE   =       949.7944  DIHED      =      2152.9740
 1-4 NB =       452.4243  1-4 EEL =      6162.2667  VDWAALS    =      6317.1108
 EELEC  =    -69844.1681  EHBOND  =         0.0000  RESTRAINT  =        64.4271
 EAMBER (non-restraint)  =    -53445.4465
 EKCMT  =      4676.2618  VIRIAL  =      4546.5215  VOLUME     =    175758.7418
                                                    Density    =         1.0252
 ------------------------------------------------------------------------------


 NSTEP =    24500   TIME(PS) =    1389.000  TEMP(K) =   299.74  PRESS =    60.1
 Etot   =    -42346.5341  EKtot   =     10835.2803  EPtot      =    -53181.8144
 BOND   =       377.2411  ANGLE   =       983.0361  DIHED      =      2175.6057
 1-4 NB =       451.2444  1-4 EEL =      6183.0247  VDWAALS    =      6217.0791
 EELEC  =    -69634.4716  EHBOND  =         0.0000  RESTRAINT  =        65.4261
 EAMBER (non-restraint)  =    -53247.2405
 EKCMT  =      4679.6610  VIRIAL  =      4451.2550  VOLUME     =    176026.7100
                                                    Density    =         1.0236
 ------------------------------------------------------------------------------


 NSTEP =    25000   TIME(PS) =    1390.000  TEMP(K) =   302.91  PRESS =   -80.7
 Etot   =    -42328.3066  EKtot   =     10949.9004  EPtot      =    -53278.2070
 BOND   =       361.3997  ANGLE   =       992.7087  DIHED      =      2187.4038
 1-4 NB =       451.3503  1-4 EEL =      6169.0227  VDWAALS    =      6272.1178
 EELEC  =    -69777.7149  EHBOND  =         0.0000  RESTRAINT  =        65.5049
 EAMBER (non-restraint)  =    -53343.7119
 EKCMT  =      4763.9059  VIRIAL  =      5070.3656  VOLUME     =    175904.6476
                                                    Density    =         1.0243
 ------------------------------------------------------------------------------


 NSTEP =    25500   TIME(PS) =    1391.000  TEMP(K) =   305.85  PRESS =   -71.1
 Etot   =    -42178.0886  EKtot   =     11056.3154  EPtot      =    -53234.4041
 BOND   =       368.4135  ANGLE   =      1016.9490  DIHED      =      2160.8291
 1-4 NB =       461.3336  1-4 EEL =      6187.0560  VDWAALS    =      6219.3976
 EELEC  =    -69712.2185  EHBOND  =         0.0000  RESTRAINT  =        63.8356
 EAMBER (non-restraint)  =    -53298.2396
 EKCMT  =      4751.7451  VIRIAL  =      5021.9555  VOLUME     =    176130.9001
                                                    Density    =         1.0230
 ------------------------------------------------------------------------------


 NSTEP =    26000   TIME(PS) =    1392.000  TEMP(K) =   299.18  PRESS =   256.7
 Etot   =    -42422.9800  EKtot   =     10814.9658  EPtot      =    -53237.9458
 BOND   =       346.7313  ANGLE   =      1065.9660  DIHED      =      2156.3977
 1-4 NB =       457.3922  1-4 EEL =      6167.0358  VDWAALS    =      6380.3947
 EELEC  =    -69889.5445  EHBOND  =         0.0000  RESTRAINT  =        77.6810
 EAMBER (non-restraint)  =    -53315.6268
 EKCMT  =      4649.8517  VIRIAL  =      3673.1163  VOLUME     =    176250.7289
                                                    Density    =         1.0223
 ------------------------------------------------------------------------------


 NSTEP =    26500   TIME(PS) =    1393.000  TEMP(K) =   299.66  PRESS =    -8.0
 Etot   =    -42278.9993  EKtot   =     10832.5713  EPtot      =    -53111.5706
 BOND   =       350.7621  ANGLE   =      1021.4943  DIHED      =      2160.6489
 1-4 NB =       441.9460  1-4 EEL =      6142.6990  VDWAALS    =      6326.4917
 EELEC  =    -69626.3916  EHBOND  =         0.0000  RESTRAINT  =        70.7790
 EAMBER (non-restraint)  =    -53182.3496
 EKCMT  =      4612.4655  VIRIAL  =      4643.1391  VOLUME     =    176509.5543
                                                    Density    =         1.0208
 ------------------------------------------------------------------------------


 NSTEP =    27000   TIME(PS) =    1394.000  TEMP(K) =   297.97  PRESS =   273.9
 Etot   =    -42535.5552  EKtot   =     10771.1934  EPtot      =    -53306.7486
 BOND   =       364.0958  ANGLE   =       986.8075  DIHED      =      2156.3468
 1-4 NB =       453.8405  1-4 EEL =      6154.8210  VDWAALS    =      6497.5738
 EELEC  =    -69999.6515  EHBOND  =         0.0000  RESTRAINT  =        79.4175
 EAMBER (non-restraint)  =    -53386.1660
 EKCMT  =      4644.0233  VIRIAL  =      3597.7473  VOLUME     =    176926.3015
                                                    Density    =         1.0184
 ------------------------------------------------------------------------------


 NSTEP =    27500   TIME(PS) =    1395.000  TEMP(K) =   296.00  PRESS =   -77.0
 Etot   =    -42422.5738  EKtot   =     10700.2129  EPtot      =    -53122.7867
 BOND   =       364.7274  ANGLE   =      1042.8908  DIHED      =      2181.2497
 1-4 NB =       454.6596  1-4 EEL =      6158.4041  VDWAALS    =      6326.4882
 EELEC  =    -69721.9175  EHBOND  =         0.0000  RESTRAINT  =        70.7110
 EAMBER (non-restraint)  =    -53193.4977
 EKCMT  =      4617.7653  VIRIAL  =      4911.4465  VOLUME     =    176554.5771
                                                    Density    =         1.0206
 ------------------------------------------------------------------------------


 NSTEP =    28000   TIME(PS) =    1396.000  TEMP(K) =   297.57  PRESS =   111.0
 Etot   =    -42659.2606  EKtot   =     10756.8252  EPtot      =    -53416.0858
 BOND   =       367.6953  ANGLE   =       979.2938  DIHED      =      2146.2053
 1-4 NB =       449.3637  1-4 EEL =      6182.5744  VDWAALS    =      6408.1525
 EELEC  =    -70020.0287  EHBOND  =         0.0000  RESTRAINT  =        70.6577
 EAMBER (non-restraint)  =    -53486.7435
 EKCMT  =      4660.6585  VIRIAL  =      4237.8659  VOLUME     =    176414.3986
                                                    Density    =         1.0214
 ------------------------------------------------------------------------------


 NSTEP =    28500   TIME(PS) =    1397.000  TEMP(K) =   299.08  PRESS =  -278.3
 Etot   =    -42453.3070  EKtot   =     10811.4033  EPtot      =    -53264.7103
 BOND   =       354.0944  ANGLE   =       999.3813  DIHED      =      2163.9913
 1-4 NB =       462.1294  1-4 EEL =      6224.9460  VDWAALS    =      6292.1765
 EELEC  =    -69829.4238  EHBOND  =         0.0000  RESTRAINT  =        67.9946
 EAMBER (non-restraint)  =    -53332.7049
 EKCMT  =      4655.5222  VIRIAL  =      5712.7931  VOLUME     =    175967.5685
                                                    Density    =         1.0240
 ------------------------------------------------------------------------------


 NSTEP =    29000   TIME(PS) =    1398.000  TEMP(K) =   302.05  PRESS =   -53.4
 Etot   =    -42320.9719  EKtot   =     10918.8936  EPtot      =    -53239.8655
 BOND   =       363.3282  ANGLE   =       998.3789  DIHED      =      2160.4896
 1-4 NB =       454.3708  1-4 EEL =      6182.0510  VDWAALS    =      6201.8286
 EELEC  =    -69672.6597  EHBOND  =         0.0000  RESTRAINT  =        72.3471
 EAMBER (non-restraint)  =    -53312.2125
 EKCMT  =      4722.0988  VIRIAL  =      4924.6293  VOLUME     =    175690.1452
                                                    Density    =         1.0256
 ------------------------------------------------------------------------------


 NSTEP =    29500   TIME(PS) =    1399.000  TEMP(K) =   300.58  PRESS =   119.8
 Etot   =    -42509.8517  EKtot   =     10865.5537  EPtot      =    -53375.4054
 BOND   =       363.7454  ANGLE   =      1028.1526  DIHED      =      2144.9855
 1-4 NB =       441.0214  1-4 EEL =      6167.4176  VDWAALS    =      6346.0317
 EELEC  =    -69939.4442  EHBOND  =         0.0000  RESTRAINT  =        72.6845
 EAMBER (non-restraint)  =    -53448.0900
 EKCMT  =      4754.6536  VIRIAL  =      4300.3498  VOLUME     =    175571.8516
                                                    Density    =         1.0263
 ------------------------------------------------------------------------------


 NSTEP =    30000   TIME(PS) =    1400.000  TEMP(K) =   296.98  PRESS =  -254.7
 Etot   =    -42437.9257  EKtot   =     10735.4990  EPtot      =    -53173.4248
 BOND   =       374.5491  ANGLE   =      1030.6654  DIHED      =      2151.1330
 1-4 NB =       434.2749  1-4 EEL =      6188.9955  VDWAALS    =      6280.4712
 EELEC  =    -69702.3497  EHBOND  =         0.0000  RESTRAINT  =        68.8359
 EAMBER (non-restraint)  =    -53242.2607
 EKCMT  =      4662.5453  VIRIAL  =      5628.8377  VOLUME     =    175681.6198
                                                    Density    =         1.0256
 ------------------------------------------------------------------------------


 NSTEP =    30500   TIME(PS) =    1401.000  TEMP(K) =   300.98  PRESS =   174.9
 Etot   =    -42182.1807  EKtot   =     10880.1406  EPtot      =    -53062.3213
 BOND   =       358.3879  ANGLE   =      1003.6845  DIHED      =      2144.4359
 1-4 NB =       451.5129  1-4 EEL =      6139.5537  VDWAALS    =      6350.0039
 EELEC  =    -69587.6294  EHBOND  =         0.0000  RESTRAINT  =        77.7292
 EAMBER (non-restraint)  =    -53140.0506
 EKCMT  =      4724.9046  VIRIAL  =      4060.9043  VOLUME     =    175866.1290
                                                    Density    =         1.0246
 ------------------------------------------------------------------------------


 NSTEP =    31000   TIME(PS) =    1402.000  TEMP(K) =   297.38  PRESS =   374.3
 Etot   =    -42551.3499  EKtot   =     10750.1426  EPtot      =    -53301.4925
 BOND   =       357.4998  ANGLE   =       963.8827  DIHED      =      2173.9824
 1-4 NB =       462.0564  1-4 EEL =      6164.9332  VDWAALS    =      6527.1845
 EELEC  =    -70030.0901  EHBOND  =         0.0000  RESTRAINT  =        79.0585
 EAMBER (non-restraint)  =    -53380.5511
 EKCMT  =      4637.5444  VIRIAL  =      3217.9489  VOLUME     =    175670.3953
                                                    Density    =         1.0257
 ------------------------------------------------------------------------------


 NSTEP =    31500   TIME(PS) =    1403.000  TEMP(K) =   300.64  PRESS =  -323.4
 Etot   =    -42442.5900  EKtot   =     10867.8271  EPtot      =    -53310.4171
 BOND   =       336.9743  ANGLE   =      1024.4256  DIHED      =      2163.4464
 1-4 NB =       439.1613  1-4 EEL =      6163.1460  VDWAALS    =      6202.5334
 EELEC  =    -69710.4434  EHBOND  =         0.0000  RESTRAINT  =        70.3392
 EAMBER (non-restraint)  =    -53380.7564
 EKCMT  =      4713.0358  VIRIAL  =      5941.1869  VOLUME     =    175881.0459
                                                    Density    =         1.0245
 ------------------------------------------------------------------------------


 NSTEP =    32000   TIME(PS) =    1404.000  TEMP(K) =   300.22  PRESS =    -5.2
 Etot   =    -42608.3377  EKtot   =     10852.7627  EPtot      =    -53461.1004
 BOND   =       355.4625  ANGLE   =      1017.3326  DIHED      =      2151.2847
 1-4 NB =       451.0834  1-4 EEL =      6182.9948  VDWAALS    =      6374.8552
 EELEC  =    -70065.7484  EHBOND  =         0.0000  RESTRAINT  =        71.6350
 EAMBER (non-restraint)  =    -53532.7353
 EKCMT  =      4749.9333  VIRIAL  =      4769.7775  VOLUME     =    176107.9778
                                                    Density    =         1.0231
 ------------------------------------------------------------------------------


 NSTEP =    32500   TIME(PS) =    1405.000  TEMP(K) =   301.03  PRESS =  -205.4
 Etot   =    -42520.4529  EKtot   =     10882.0498  EPtot      =    -53402.5027
 BOND   =       325.0558  ANGLE   =      1008.6179  DIHED      =      2150.4651
 1-4 NB =       447.5424  1-4 EEL =      6181.1538  VDWAALS    =      6191.6846
 EELEC  =    -69778.2992  EHBOND  =         0.0000  RESTRAINT  =        71.2768
 EAMBER (non-restraint)  =    -53473.7795
 EKCMT  =      4729.5686  VIRIAL  =      5510.1976  VOLUME     =    176029.1548
                                                    Density    =         1.0236
 ------------------------------------------------------------------------------


 NSTEP =    33000   TIME(PS) =    1406.000  TEMP(K) =   300.87  PRESS =    -0.5
 Etot   =    -42317.5149  EKtot   =     10876.2207  EPtot      =    -53193.7356
 BOND   =       341.7393  ANGLE   =      1046.4112  DIHED      =      2169.4330
 1-4 NB =       448.2578  1-4 EEL =      6152.7766  VDWAALS    =      6216.3482
 EELEC  =    -69636.7742  EHBOND  =         0.0000  RESTRAINT  =        68.0725
 EAMBER (non-restraint)  =    -53261.8081
 EKCMT  =      4701.4813  VIRIAL  =      4703.4531  VOLUME     =    176059.9368
                                                    Density    =         1.0234
 ------------------------------------------------------------------------------


 NSTEP =    33500   TIME(PS) =    1407.000  TEMP(K) =   300.57  PRESS =  -198.3
 Etot   =    -42523.7482  EKtot   =     10865.3740  EPtot      =    -53389.1222
 BOND   =       366.7956  ANGLE   =       983.9360  DIHED      =      2173.5044
 1-4 NB =       442.2587  1-4 EEL =      6143.3769  VDWAALS    =      6208.7360
 EELEC  =    -69783.9343  EHBOND  =         0.0000  RESTRAINT  =        76.2046
 EAMBER (non-restraint)  =    -53465.3268
 EKCMT  =      4720.6452  VIRIAL  =      5473.4660  VOLUME     =    175826.6526
                                                    Density    =         1.0248
 ------------------------------------------------------------------------------


 NSTEP =    34000   TIME(PS) =    1408.000  TEMP(K) =   300.30  PRESS =   -57.2
 Etot   =    -42226.2752  EKtot   =     10855.4688  EPtot      =    -53081.7440
 BOND   =       359.4311  ANGLE   =       948.9950  DIHED      =      2159.5363
 1-4 NB =       466.3012  1-4 EEL =      6158.1471  VDWAALS    =      6216.5296
 EELEC  =    -69461.6224  EHBOND  =         0.0000  RESTRAINT  =        70.9381
 EAMBER (non-restraint)  =    -53152.6821
 EKCMT  =      4669.5243  VIRIAL  =      4886.7887  VOLUME     =    176020.2535
                                                    Density    =         1.0237
 ------------------------------------------------------------------------------


 NSTEP =    34500   TIME(PS) =    1409.000  TEMP(K) =   300.10  PRESS =  -196.5
 Etot   =    -42707.5715  EKtot   =     10848.4395  EPtot      =    -53556.0109
 BOND   =       365.3609  ANGLE   =       952.0404  DIHED      =      2161.2810
 1-4 NB =       445.1066  1-4 EEL =      6178.5760  VDWAALS    =      6430.6911
 EELEC  =    -70155.5927  EHBOND  =         0.0000  RESTRAINT  =        66.5257
 EAMBER (non-restraint)  =    -53622.5367
 EKCMT  =      4735.3127  VIRIAL  =      5481.5768  VOLUME     =    175907.2434
                                                    Density    =         1.0243
 ------------------------------------------------------------------------------


 NSTEP =    35000   TIME(PS) =    1410.000  TEMP(K) =   300.46  PRESS =  -183.0
 Etot   =    -42509.1683  EKtot   =     10861.2393  EPtot      =    -53370.4075
 BOND   =       344.5715  ANGLE   =       999.7905  DIHED      =      2156.9633
 1-4 NB =       451.4049  1-4 EEL =      6147.1122  VDWAALS    =      6272.8484
 EELEC  =    -69810.8410  EHBOND  =         0.0000  RESTRAINT  =        67.7426
 EAMBER (non-restraint)  =    -53438.1502
 EKCMT  =      4671.2826  VIRIAL  =      5366.6846  VOLUME     =    176040.5825
                                                    Density    =         1.0235
 ------------------------------------------------------------------------------


 NSTEP =    35500   TIME(PS) =    1411.000  TEMP(K) =   299.06  PRESS =   -34.5
 Etot   =    -42609.0547  EKtot   =     10810.7227  EPtot      =    -53419.7774
 BOND   =       374.8991  ANGLE   =       989.4165  DIHED      =      2146.3661
 1-4 NB =       452.2488  1-4 EEL =      6162.4836  VDWAALS    =      6416.8935
 EELEC  =    -70026.3414  EHBOND  =         0.0000  RESTRAINT  =        64.2563
 EAMBER (non-restraint)  =    -53484.0336
 EKCMT  =      4662.8436  VIRIAL  =      4794.2421  VOLUME     =    176352.7973
                                                    Density    =         1.0217
 ------------------------------------------------------------------------------


 NSTEP =    36000   TIME(PS) =    1412.000  TEMP(K) =   298.53  PRESS =   296.7
 Etot   =    -42591.3448  EKtot   =     10791.4189  EPtot      =    -53382.7637
 BOND   =       359.8301  ANGLE   =      1016.3919  DIHED      =      2159.0316
 1-4 NB =       449.8518  1-4 EEL =      6151.8681  VDWAALS    =      6518.4254
 EELEC  =    -70106.2795  EHBOND  =         0.0000  RESTRAINT  =        68.1169
 EAMBER (non-restraint)  =    -53450.8806
 EKCMT  =      4767.4266  VIRIAL  =      3635.1527  VOLUME     =    176720.9288
                                                    Density    =         1.0196
 ------------------------------------------------------------------------------


 NSTEP =    36500   TIME(PS) =    1413.000  TEMP(K) =   298.32  PRESS =   171.7
 Etot   =    -42437.4897  EKtot   =     10784.0068  EPtot      =    -53221.4966
 BOND   =       379.1449  ANGLE   =       984.4646  DIHED      =      2171.0797
 1-4 NB =       455.8198  1-4 EEL =      6136.0625  VDWAALS    =      6441.9244
 EELEC  =    -69855.8123  EHBOND  =         0.0000  RESTRAINT  =        65.8198
 EAMBER (non-restraint)  =    -53287.3164
 EKCMT  =      4673.9001  VIRIAL  =      4017.6289  VOLUME     =    177018.9318
                                                    Density    =         1.0179
 ------------------------------------------------------------------------------


 NSTEP =    37000   TIME(PS) =    1414.000  TEMP(K) =   301.37  PRESS =   -28.2
 Etot   =    -42397.5730  EKtot   =     10894.3516  EPtot      =    -53291.9245
 BOND   =       336.2223  ANGLE   =      1015.5340  DIHED      =      2171.9059
 1-4 NB =       462.8821  1-4 EEL =      6199.2595  VDWAALS    =      6409.2124
 EELEC  =    -69955.8197  EHBOND  =         0.0000  RESTRAINT  =        68.8790
 EAMBER (non-restraint)  =    -53360.8035
 EKCMT  =      4743.2557  VIRIAL  =      4850.8544  VOLUME     =    176890.8783
                                                    Density    =         1.0186
 ------------------------------------------------------------------------------


 NSTEP =    37500   TIME(PS) =    1415.000  TEMP(K) =   301.41  PRESS =   -22.0
 Etot   =    -42430.2500  EKtot   =     10895.6689  EPtot      =    -53325.9190
 BOND   =       353.4155  ANGLE   =      1002.1452  DIHED      =      2148.6568
 1-4 NB =       452.6879  1-4 EEL =      6169.6501  VDWAALS    =      6374.2464
 EELEC  =    -69911.2092  EHBOND  =         0.0000  RESTRAINT  =        84.4883
 EAMBER (non-restraint)  =    -53410.4073
 EKCMT  =      4798.8983  VIRIAL  =      4882.5372  VOLUME     =    176214.3726
                                                    Density    =         1.0225
 ------------------------------------------------------------------------------


 NSTEP =    38000   TIME(PS) =    1416.000  TEMP(K) =   300.03  PRESS =   -21.1
 Etot   =    -42379.6834  EKtot   =     10845.8877  EPtot      =    -53225.5711
 BOND   =       336.9176  ANGLE   =       959.7122  DIHED      =      2173.3503
 1-4 NB =       460.0607  1-4 EEL =      6205.6358  VDWAALS    =      6305.4787
 EELEC  =    -69737.1911  EHBOND  =         0.0000  RESTRAINT  =        70.4648
 EAMBER (non-restraint)  =    -53296.0359
 EKCMT  =      4741.7819  VIRIAL  =      4822.1412  VOLUME     =    176201.4943
                                                    Density    =         1.0226
 ------------------------------------------------------------------------------


 NSTEP =    38500   TIME(PS) =    1417.000  TEMP(K) =   300.53  PRESS =   184.6
 Etot   =    -42157.5878  EKtot   =     10864.0176  EPtot      =    -53021.6054
 BOND   =       359.2757  ANGLE   =      1029.1850  DIHED      =      2149.4258
 1-4 NB =       457.0076  1-4 EEL =      6168.7205  VDWAALS    =      6211.4738
 EELEC  =    -69467.8696  EHBOND  =         0.0000  RESTRAINT  =        71.1758
 EAMBER (non-restraint)  =    -53092.7812
 EKCMT  =      4684.4604  VIRIAL  =      3982.0903  VOLUME     =    176211.8106
                                                    Density    =         1.0225
 ------------------------------------------------------------------------------


 NSTEP =    39000   TIME(PS) =    1418.000  TEMP(K) =   302.40  PRESS =    11.2
 Etot   =    -42356.5827  EKtot   =     10931.5508  EPtot      =    -53288.1335
 BOND   =       345.8087  ANGLE   =       997.9472  DIHED      =      2160.5317
 1-4 NB =       457.4419  1-4 EEL =      6149.7901  VDWAALS    =      6297.2125
 EELEC  =    -69758.3197  EHBOND  =         0.0000  RESTRAINT  =        61.4541
 EAMBER (non-restraint)  =    -53349.5877
 EKCMT  =      4719.5887  VIRIAL  =      4677.1502  VOLUME     =    176095.5246
                                                    Density    =         1.0232
 ------------------------------------------------------------------------------


 NSTEP =    39500   TIME(PS) =    1419.000  TEMP(K) =   298.10  PRESS =    -0.7
 Etot   =    -42475.5249  EKtot   =     10775.9248  EPtot      =    -53251.4497
 BOND   =       385.1640  ANGLE   =      1048.7542  DIHED      =      2164.3421
 1-4 NB =       451.6812  1-4 EEL =      6143.8666  VDWAALS    =      6227.0494
 EELEC  =    -69742.4211  EHBOND  =         0.0000  RESTRAINT  =        70.1138
 EAMBER (non-restraint)  =    -53321.5636
 EKCMT  =      4662.8597  VIRIAL  =      4665.6746  VOLUME     =    175980.5241
                                                    Density    =         1.0239
 ------------------------------------------------------------------------------


 NSTEP =    40000   TIME(PS) =    1420.000  TEMP(K) =   299.57  PRESS =    -6.9
 Etot   =    -42674.1260  EKtot   =     10829.1738  EPtot      =    -53503.2999
 BOND   =       355.0744  ANGLE   =      1034.3235  DIHED      =      2166.1505
 1-4 NB =       451.4656  1-4 EEL =      6172.9108  VDWAALS    =      6391.2103
 EELEC  =    -70142.5409  EHBOND  =         0.0000  RESTRAINT  =        68.1058
 EAMBER (non-restraint)  =    -53571.4057
 EKCMT  =      4724.7612  VIRIAL  =      4750.9236  VOLUME     =    175941.9399
                                                    Density    =         1.0241
 ------------------------------------------------------------------------------


 NSTEP =    40500   TIME(PS) =    1421.000  TEMP(K) =   301.58  PRESS =  -201.7
 Etot   =    -42418.3790  EKtot   =     10901.6953  EPtot      =    -53320.0743
 BOND   =       372.1471  ANGLE   =       993.4854  DIHED      =      2157.8257
 1-4 NB =       441.9695  1-4 EEL =      6172.6703  VDWAALS    =      6179.8584
 EELEC  =    -69703.3713  EHBOND  =         0.0000  RESTRAINT  =        65.3406
 EAMBER (non-restraint)  =    -53385.4149
 EKCMT  =      4737.6518  VIRIAL  =      5504.6207  VOLUME     =    176156.8688
                                                    Density    =         1.0229
 ------------------------------------------------------------------------------


 NSTEP =    41000   TIME(PS) =    1422.000  TEMP(K) =   303.00  PRESS =   131.1
 Etot   =    -42153.9635  EKtot   =     10953.2285  EPtot      =    -53107.1920
 BOND   =       346.8028  ANGLE   =       983.6945  DIHED      =      2163.0895
 1-4 NB =       463.1609  1-4 EEL =      6163.4744  VDWAALS    =      6331.8632
 EELEC  =    -69626.3656  EHBOND  =         0.0000  RESTRAINT  =        67.0882
 EAMBER (non-restraint)  =    -53174.2802
 EKCMT  =      4780.1972  VIRIAL  =      4280.4430  VOLUME     =    176566.3014
                                                    Density    =         1.0205
 ------------------------------------------------------------------------------


 NSTEP =    41500   TIME(PS) =    1423.000  TEMP(K) =   300.22  PRESS =   167.9
 Etot   =    -42329.9635  EKtot   =     10852.6865  EPtot      =    -53182.6500
 BOND   =       356.8253  ANGLE   =       988.4738  DIHED      =      2168.6331
 1-4 NB =       456.5379  1-4 EEL =      6139.2043  VDWAALS    =      6310.7512
 EELEC  =    -69670.9016  EHBOND  =         0.0000  RESTRAINT  =        67.8260
 EAMBER (non-restraint)  =    -53250.4760
 EKCMT  =      4658.5842  VIRIAL  =      4018.3326  VOLUME     =    176663.4296
                                                    Density    =         1.0199
 ------------------------------------------------------------------------------


 NSTEP =    42000   TIME(PS) =    1424.000  TEMP(K) =   297.94  PRESS =   -49.9
 Etot   =    -42396.8907  EKtot   =     10770.1123  EPtot      =    -53167.0030
 BOND   =       348.1699  ANGLE   =       991.3157  DIHED      =      2142.4990
 1-4 NB =       450.6246  1-4 EEL =      6153.2324  VDWAALS    =      6297.1061
 EELEC  =    -69617.9519  EHBOND  =         0.0000  RESTRAINT  =        68.0011
 EAMBER (non-restraint)  =    -53235.0041
 EKCMT  =      4659.6321  VIRIAL  =      4849.8709  VOLUME     =    176593.3213
                                                    Density    =         1.0203
 ------------------------------------------------------------------------------


 NSTEP =    42500   TIME(PS) =    1425.000  TEMP(K) =   298.29  PRESS =   242.9
 Etot   =    -42435.9300  EKtot   =     10782.8213  EPtot      =    -53218.7513
 BOND   =       345.7201  ANGLE   =       986.9654  DIHED      =      2160.7562
 1-4 NB =       453.3655  1-4 EEL =      6163.8339  VDWAALS    =      6309.7756
 EELEC  =    -69709.4170  EHBOND  =         0.0000  RESTRAINT  =        70.2489
 EAMBER (non-restraint)  =    -53289.0002
 EKCMT  =      4713.0046  VIRIAL  =      3787.5130  VOLUME     =    176464.1003
                                                    Density    =         1.0211
 ------------------------------------------------------------------------------


 NSTEP =    43000   TIME(PS) =    1426.000  TEMP(K) =   297.00  PRESS =    30.1
 Etot   =    -42554.7564  EKtot   =     10736.3184  EPtot      =    -53291.0747
 BOND   =       350.6031  ANGLE   =      1013.6050  DIHED      =      2163.2690
 1-4 NB =       458.5773  1-4 EEL =      6179.6856  VDWAALS    =      6319.2509
 EELEC  =    -69840.6831  EHBOND  =         0.0000  RESTRAINT  =        64.6176
 EAMBER (non-restraint)  =    -53355.6924
 EKCMT  =      4749.5626  VIRIAL  =      4635.0915  VOLUME     =    176166.5723
                                                    Density    =         1.0228
 ------------------------------------------------------------------------------


 NSTEP =    43500   TIME(PS) =    1427.000  TEMP(K) =   302.81  PRESS =   246.7
 Etot   =    -42359.0478  EKtot   =     10946.2725  EPtot      =    -53305.3203
 BOND   =       359.4786  ANGLE   =       987.4122  DIHED      =      2162.3196
 1-4 NB =       451.8245  1-4 EEL =      6190.5245  VDWAALS    =      6268.6519
 EELEC  =    -69796.8695  EHBOND  =         0.0000  RESTRAINT  =        71.3379
 EAMBER (non-restraint)  =    -53376.6582
 EKCMT  =      4812.6848  VIRIAL  =      3875.6299  VOLUME     =    175951.5362
                                                    Density    =         1.0241
 ------------------------------------------------------------------------------


 NSTEP =    44000   TIME(PS) =    1428.000  TEMP(K) =   301.86  PRESS =    54.5
 Etot   =    -42318.6289  EKtot   =     10911.8867  EPtot      =    -53230.5156
 BOND   =       362.9512  ANGLE   =      1010.5155  DIHED      =      2157.3608
 1-4 NB =       452.7911  1-4 EEL =      6154.7622  VDWAALS    =      6236.5744
 EELEC  =    -69677.6457  EHBOND  =         0.0000  RESTRAINT  =        72.1749
 EAMBER (non-restraint)  =    -53302.6905
 EKCMT  =      4748.8897  VIRIAL  =      4541.8232  VOLUME     =    175886.7677
                                                    Density    =         1.0244
 ------------------------------------------------------------------------------


 NSTEP =    44500   TIME(PS) =    1429.000  TEMP(K) =   301.00  PRESS =   135.8
 Etot   =    -42379.7499  EKtot   =     10880.9863  EPtot      =    -53260.7363
 BOND   =       352.3369  ANGLE   =       948.9641  DIHED      =      2166.9821
 1-4 NB =       450.5659  1-4 EEL =      6167.2854  VDWAALS    =      6312.9749
 EELEC  =    -69723.1696  EHBOND  =         0.0000  RESTRAINT  =        63.3240
 EAMBER (non-restraint)  =    -53324.0603
 EKCMT  =      4660.5226  VIRIAL  =      4144.6673  VOLUME     =    175926.0792
                                                    Density    =         1.0242
 ------------------------------------------------------------------------------


 NSTEP =    45000   TIME(PS) =    1430.000  TEMP(K) =   301.68  PRESS =    36.3
 Etot   =    -42441.9167  EKtot   =     10905.4414  EPtot      =    -53347.3581
 BOND   =       308.3829  ANGLE   =      1060.8419  DIHED      =      2159.7914
 1-4 NB =       448.1624  1-4 EEL =      6178.0194  VDWAALS    =      6251.3292
 EELEC  =    -69822.6638  EHBOND  =         0.0000  RESTRAINT  =        68.7784
 EAMBER (non-restraint)  =    -53416.1365
 EKCMT  =      4768.8609  VIRIAL  =      4630.7634  VOLUME     =    176138.0744
                                                    Density    =         1.0230
 ------------------------------------------------------------------------------


 NSTEP =    45500   TIME(PS) =    1431.000  TEMP(K) =   296.97  PRESS =   -77.2
 Etot   =    -42594.2639  EKtot   =     10735.2070  EPtot      =    -53329.4709
 BOND   =       329.2969  ANGLE   =       994.8485  DIHED      =      2166.9520
 1-4 NB =       447.5513  1-4 EEL =      6178.9855  VDWAALS    =      6331.3511
 EELEC  =    -69839.8032  EHBOND  =         0.0000  RESTRAINT  =        61.3470
 EAMBER (non-restraint)  =    -53390.8180
 EKCMT  =      4703.3013  VIRIAL  =      4996.6217  VOLUME     =    176058.3579
                                                    Density    =         1.0234
 ------------------------------------------------------------------------------


 NSTEP =    46000   TIME(PS) =    1432.000  TEMP(K) =   301.25  PRESS =  -207.3
 Etot   =    -42642.8579  EKtot   =     10889.7178  EPtot      =    -53532.5757
 BOND   =       333.1632  ANGLE   =       964.0625  DIHED      =      2148.9879
 1-4 NB =       435.0525  1-4 EEL =      6173.0436  VDWAALS    =      6182.5935
 EELEC  =    -69842.1313  EHBOND  =         0.0000  RESTRAINT  =        72.6524
 EAMBER (non-restraint)  =    -53605.2281
 EKCMT  =      4683.9767  VIRIAL  =      5470.6630  VOLUME     =    175759.7505
                                                    Density    =         1.0252
 ------------------------------------------------------------------------------


 NSTEP =    46500   TIME(PS) =    1433.000  TEMP(K) =   303.46  PRESS =  -243.2
 Etot   =    -42021.6568  EKtot   =     10969.6699  EPtot      =    -52991.3267
 BOND   =       355.7101  ANGLE   =      1026.7008  DIHED      =      2156.1298
 1-4 NB =       445.3669  1-4 EEL =      6168.0298  VDWAALS    =      6075.1285
 EELEC  =    -69287.4326  EHBOND  =         0.0000  RESTRAINT  =        69.0400
 EAMBER (non-restraint)  =    -53060.3667
 EKCMT  =      4774.0017  VIRIAL  =      5697.6260  VOLUME     =    175887.6855
                                                    Density    =         1.0244
 ------------------------------------------------------------------------------


 NSTEP =    47000   TIME(PS) =    1434.000  TEMP(K) =   301.18  PRESS =   103.7
 Etot   =    -42382.0608  EKtot   =     10887.5029  EPtot      =    -53269.5638
 BOND   =       347.2333  ANGLE   =       994.2005  DIHED      =      2168.7588
 1-4 NB =       464.4599  1-4 EEL =      6190.7219  VDWAALS    =      6191.4066
 EELEC  =    -69695.0233  EHBOND  =         0.0000  RESTRAINT  =        68.6785
 EAMBER (non-restraint)  =    -53338.2422
 EKCMT  =      4740.3936  VIRIAL  =      4347.4998  VOLUME     =    175537.9753
                                                    Density    =         1.0265
 ------------------------------------------------------------------------------


 NSTEP =    47500   TIME(PS) =    1435.000  TEMP(K) =   298.09  PRESS =   -62.1
 Etot   =    -42586.5844  EKtot   =     10775.7686  EPtot      =    -53362.3530
 BOND   =       378.9330  ANGLE   =       986.2260  DIHED      =      2157.4184
 1-4 NB =       454.3132  1-4 EEL =      6166.5443  VDWAALS    =      6324.6420
 EELEC  =    -69892.5063  EHBOND  =         0.0000  RESTRAINT  =        62.0764
 EAMBER (non-restraint)  =    -53424.4294
 EKCMT  =      4739.5133  VIRIAL  =      4975.0181  VOLUME     =    175593.0520
                                                    Density    =         1.0261
 ------------------------------------------------------------------------------


 NSTEP =    48000   TIME(PS) =    1436.000  TEMP(K) =   298.23  PRESS =   231.2
 Etot   =    -42546.8110  EKtot   =     10780.6494  EPtot      =    -53327.4604
 BOND   =       349.5306  ANGLE   =      1014.9602  DIHED      =      2134.4624
 1-4 NB =       451.6154  1-4 EEL =      6167.7996  VDWAALS    =      6517.2505
 EELEC  =    -70025.5797  EHBOND  =         0.0000  RESTRAINT  =        62.5006
 EAMBER (non-restraint)  =    -53389.9610
 EKCMT  =      4698.1675  VIRIAL  =      3819.7048  VOLUME     =    176010.6094
                                                    Density    =         1.0237
 ------------------------------------------------------------------------------


 NSTEP =    48500   TIME(PS) =    1437.000  TEMP(K) =   298.06  PRESS =    -1.5
 Etot   =    -42521.5797  EKtot   =     10774.4619  EPtot      =    -53296.0416
 BOND   =       347.7683  ANGLE   =       978.6293  DIHED      =      2147.3508
 1-4 NB =       460.4231  1-4 EEL =      6191.6389  VDWAALS    =      6297.9782
 EELEC  =    -69786.8524  EHBOND  =         0.0000  RESTRAINT  =        67.0222
 EAMBER (non-restraint)  =    -53363.0638
 EKCMT  =      4711.9888  VIRIAL  =      4717.5883  VOLUME     =    176124.5287
                                                    Density    =         1.0231
 ------------------------------------------------------------------------------


 NSTEP =    49000   TIME(PS) =    1438.000  TEMP(K) =   296.19  PRESS =  -362.9
 Etot   =    -42736.5575  EKtot   =     10706.8047  EPtot      =    -53443.3622
 BOND   =       355.7868  ANGLE   =      1007.8937  DIHED      =      2162.7485
 1-4 NB =       430.7654  1-4 EEL =      6145.9290  VDWAALS    =      6255.0199
 EELEC  =    -69873.6421  EHBOND  =         0.0000  RESTRAINT  =        72.1367
 EAMBER (non-restraint)  =    -53515.4989
 EKCMT  =      4620.9025  VIRIAL  =      6004.6223  VOLUME     =    176612.8428
                                                    Density    =         1.0202
 ------------------------------------------------------------------------------


 NSTEP =    49500   TIME(PS) =    1439.000  TEMP(K) =   301.30  PRESS =   -63.9
 Etot   =    -42445.0777  EKtot   =     10891.7754  EPtot      =    -53336.8531
 BOND   =       368.7978  ANGLE   =      1013.8354  DIHED      =      2159.6096
 1-4 NB =       442.3998  1-4 EEL =      6152.0158  VDWAALS    =      6217.2547
 EELEC  =    -69772.1588  EHBOND  =         0.0000  RESTRAINT  =        81.3927
 EAMBER (non-restraint)  =    -53418.2458
 EKCMT  =      4779.6125  VIRIAL  =      5023.0044  VOLUME     =    176421.3410
                                                    Density    =         1.0213
 ------------------------------------------------------------------------------


 NSTEP =    50000   TIME(PS) =    1440.000  TEMP(K) =   300.62  PRESS =    -8.4
 Etot   =    -42488.1135  EKtot   =     10866.9746  EPtot      =    -53355.0882
 BOND   =       339.3054  ANGLE   =       990.6362  DIHED      =      2144.7254
 1-4 NB =       464.9883  1-4 EEL =      6193.2692  VDWAALS    =      6372.1062
 EELEC  =    -69926.2650  EHBOND  =         0.0000  RESTRAINT  =        66.1462
 EAMBER (non-restraint)  =    -53421.2344
 EKCMT  =      4738.6100  VIRIAL  =      4770.5780  VOLUME     =    176386.2724
                                                    Density    =         1.0215
 ------------------------------------------------------------------------------


      A V E R A G E S   O V E R     100 S T E P S


 NSTEP =    50000   TIME(PS) =    1440.000  TEMP(K) =   299.80  PRESS =     2.3
 Etot   =    -42447.2729  EKtot   =     10837.4051  EPtot      =    -53284.6780
 BOND   =       354.3848  ANGLE   =      1001.0798  DIHED      =      2159.1716
 1-4 NB =       451.6276  1-4 EEL =      6169.1475  VDWAALS    =      6307.7128
 EELEC  =    -69796.9326  EHBOND  =         0.0000  RESTRAINT  =        69.1305
 EAMBER (non-restraint)  =    -53353.8085
 EKCMT  =      4711.6872  VIRIAL  =      4702.6831  VOLUME     =    176170.5710
                                                    Density    =         1.0228
 ------------------------------------------------------------------------------


      R M S  F L U C T U A T I O N S


 NSTEP =    50000   TIME(PS) =    1440.000  TEMP(K) =     2.17  PRESS =   170.5
 Etot   =       149.6554  EKtot   =        78.6217  EPtot      =       118.1204
 BOND   =        15.6597  ANGLE   =        24.6384  DIHED      =        13.0700
 1-4 NB =         8.0950  1-4 EEL =        20.4278  VDWAALS    =       100.3905
 EELEC  =       168.5061  EHBOND  =         0.0000  RESTRAINT  =         4.8290
 EAMBER (non-restraint)  =       113.2914
 EKCMT  =        55.2975  VIRIAL  =       646.8508  VOLUME     =       334.6774
                                                    Density    =         0.0019
 ------------------------------------------------------------------------------

--------------------------------------------------------------------------------
   5.  TIMINGS
--------------------------------------------------------------------------------

|  NonSetup CPU Time in Major Routines:
|
|     Routine           Sec        %
|     ------------------------------
|     Nonbond          91.08   87.36
|     Bond              0.00    0.00
|     Angle             0.00    0.00
|     Dihedral          0.00    0.00
|     Shake             0.32    0.31
|     RunMD            12.80   12.28
|     Other             0.06    0.05
|     ------------------------------
|     Total           104.26

|  PME Nonbond Pairlist CPU Time:
|
|     Routine              Sec        %
|     ---------------------------------
|     Set Up Cit           0.00    0.00
|     Build List           0.00    0.00
|     ---------------------------------
|     Total                0.00    0.00

|  PME Direct Force CPU Time:
|
|     Routine              Sec        %
|     ---------------------------------
|     NonBonded Calc       0.00    0.00
|     Exclude Masked       0.00    0.00
|     Other                0.03    0.03
|     ---------------------------------
|     Total                0.03    0.03

|  PME Reciprocal Force CPU Time:
|
|     Routine              Sec        %
|     ---------------------------------
|     1D bspline           0.00    0.00
|     Grid Charges         0.00    0.00
|     Scalar Sum           0.00    0.00
|     Gradient Sum         0.00    0.00
|     FFT                  0.00    0.00
|     ---------------------------------
|     Total                0.00    0.00

|  Final Performance Info:
|     -----------------------------------------------------
|     Average timings for last   21000 steps:
|     Elapsed(s) =      43.79 Per Step(ms) =       2.09
|         ns/day =      82.87   seconds/ns =    1042.66
|
|     Average timings for all steps:
|     Elapsed(s) =     104.26 Per Step(ms) =       2.09
|         ns/day =      82.87   seconds/ns =    1042.58
|     -----------------------------------------------------

|  Setup CPU time:            0.48 seconds
|  NonSetup CPU time:       104.26 seconds
|  Total CPU time:          104.74 seconds     0.03 hours

|  Setup wall time:           1    seconds
|  NonSetup wall time:      104    seconds
|  Total wall time:         105    seconds     0.03 hours
