
          -------------------------------------------------------
          Amber 16 PMEMD                              2016
          -------------------------------------------------------

| PMEMD implementation of SANDER, Release 16

| Run on 07/03/2017 at 18:56:59

|   Executable path: pmemd.cuda
| Working directory: /home/german/obp/run/wt_eol/mhe/e
|          Hostname: Unknown
  [-O]verwriting output

File Assignments:
|   MDIN: 14equ.in                                                              
|  MDOUT: 14equ.out                                                             
| INPCRD: 13ewt_eol.rst7                                                        
|   PARM: /home/german/obp/top_files/wt_eol.prmtop                              
| RESTRT: 14ewt_eol.rst7                                                        
|   REFC: 13ewt_eol.rst7                                                        
|  MDVEL: mdvel                                                                 
|   MDEN: mden                                                                  
|  MDCRD: 14ewt_eol.nc                                                          
| MDINFO: mdinfo                                                                
|  MDFRC: mdfrc                                                                 


 Here is the input file:

Equilibration with solute restrictions                                         
&cntrl                                                                         
imin = 0,                           ! No Minimization                          
nmropt = 0,                         ! No NMR restraints read                   
                                                                               
! Nature and format of the input                                               
ntx = 5,                            ! Coordinates but no velocities will be rea
irest = 1,                          ! Do not run a new simulation              
                                                                               
! Nature and format of the output                                              
ntxo = 1,                           ! rstrt file in ASCII format               
ntpr = 500,                         ! inf in output every ntpr steps           
ntwr = 500,                         ! rstrt file every ntwr steps              
ntwx = 500,                         ! mdcrd file every ntwx steps              
ntwv = 0,                           ! mdvel without velocities                 
ntwe = 0,                           ! Energies and temperatures not written in 
idecomp = 0,                        ! No energy decomposition                  
iwrap = 1,                          ! Coordinates of the restart and mdcrd file
                                                                               
! Frozen or restrained atoms                                                   
ibelly = 0,                         ! No frozen atoms                          
ntr=1,                              ! Harmonic potential restraints            
restraint_wt = 2.5,                ! The weight for the positional restraints  
restraintmask = ':1-120@N,CA,C,O',  ! restrained residues                      
                                                                               
! Molecular dynamics                                                           
nstlim = 50000,                     ! Number of MD-steps                       
dt = 0.002,                         ! Time step                                
                                                                               
! Temperature regulation                                                       
ntt = 3,                            ! Langevin thermostat                      
gamma_ln = 5,                       ! Gamma constant for Langevin              
!temp0 = 300.0,                     ! Reference T at which the system is to be 
tempi = 300.0,                      ! Initial T                                
ig = -1,                            ! Seed for the RNG                         
                                                                               
! P and V regulation                                                           
ntp = 1,                            ! Constant P. Isotropic scaling            
barostat = 1,                       ! Berendsen barostat                       
taup = 1,                           ! Pressure relaxation time                 
nrespa = 1,                         ! Evaluate at each step                    
ntb = 2,                            ! Periodic box for constant P              
                                                                               
! SHAKE variables                                                              
ntc = 2,                            ! Bonds involving H are constrained        
ntf = 2,                            ! Bond interaction involving H are ommited.
                                                                               
cut = 10.0,                         ! Nonbonded cutoff                         
/                                                                              
&end                                                                           


Note: ig = -1. Setting random seed to   151787 based on wallclock time in 
      microseconds.
 
|--------------------- INFORMATION ----------------------
| GPU (CUDA) Version of PMEMD in use: NVIDIA GPU IN USE.
|                    Version 16.0.0
| 
|                      02/25/2016
| 
| Implementation by:
|                    Ross C. Walker     (SDSC)
|                    Scott Le Grand     (nVIDIA)
| 
| Precision model in use:
|      [SPFP] - Single Precision Forces, 64-bit Fixed Point
|               Accumulation. (Default)
| 
|--------------------------------------------------------
 
|----------------- CITATION INFORMATION -----------------
|
|    When publishing work that utilized the CUDA version
|    of AMBER, please cite the following in addition to
|    the regular AMBER citations:
|
|  - Romelia Salomon-Ferrer; Andreas W. Goetz; Duncan
|    Poole; Scott Le Grand; Ross C. Walker "Routine
|    microsecond molecular dynamics simulations with
|    AMBER - Part II: Particle Mesh Ewald", J. Chem.
|    Theory Comput., 2013, 9 (9), pp3878-3888,
|    DOI: 10.1021/ct400314y.
|
|  - Andreas W. Goetz; Mark J. Williamson; Dong Xu;
|    Duncan Poole; Scott Le Grand; Ross C. Walker
|    "Routine microsecond molecular dynamics simulations
|    with AMBER - Part I: Generalized Born", J. Chem.
|    Theory Comput., 2012, 8 (5), pp1542-1555.
|
|  - Scott Le Grand; Andreas W. Goetz; Ross C. Walker
|    "SPFP: Speed without compromise - a mixed precision
|    model for GPU accelerated molecular dynamics
|    simulations.", Comp. Phys. Comm., 2013, 184
|    pp374-380, DOI: 10.1016/j.cpc.2012.09.022
|
|--------------------------------------------------------
 
|------------------- GPU DEVICE INFO --------------------
|
|            CUDA_VISIBLE_DEVICES: 1
|   CUDA Capable Devices Detected:      1
|           CUDA Device ID in use:      0
|                CUDA Device Name: GeForce GTX 1060 6GB
|     CUDA Device Global Mem Size:   6072 MB
| CUDA Device Num Multiprocessors:     10
|           CUDA Device Core Freq:   1.76 GHz
|
|--------------------------------------------------------
 
 
| Conditional Compilation Defines Used:
| PUBFFT
| BINTRAJ
| CUDA
| EMIL

| Largest sphere to fit in unit cell has radius =    26.373

| New format PARM file being parsed.
| Version =    1.000 Date = 02/20/15 Time = 17:35:00

| Note: 1-4 EEL scale factors are being read from the topology file.

| Note: 1-4 VDW scale factors are being read from the topology file.
| Duplicated    0 dihedrals

| Duplicated    0 dihedrals

--------------------------------------------------------------------------------
   1.  RESOURCE   USE: 
--------------------------------------------------------------------------------

 getting new box info from bottom of inpcrd
 NATOM  =   17712 NTYPES =      18 NBONH =   16754 MBONA  =     963
 NTHETH =    2242 MTHETA =    1293 NPHIH =    4367 MPHIA  =    4396
 NHPARM =       0 NPARM  =       0 NNB   =   31725 NRES   =    5382
 NBONA  =     963 NTHETA =    1293 NPHIA =    4396 NUMBND =      72
 NUMANG =     151 NPTRA  =     245 NATYP =      42 NPHB   =       1
 IFBOX  =       1 NMXRS  =      24 IFCAP =       0 NEXTRA =       0
 NCOPY  =       0

| Coordinate Index Table dimensions:    10   10    9
| Direct force subcell size =     5.6840    5.8833    5.8607

     BOX TYPE: RECTILINEAR

--------------------------------------------------------------------------------
   2.  CONTROL  DATA  FOR  THE  RUN
--------------------------------------------------------------------------------

default_name                                                                    

General flags:
     imin    =       0, nmropt  =       0

Nature and format of input:
     ntx     =       5, irest   =       1, ntrx    =       1

Nature and format of output:
     ntxo    =       1, ntpr    =     500, ntrx    =       1, ntwr    =     500
     iwrap   =       1, ntwx    =     500, ntwv    =       0, ntwe    =       0
     ioutfm  =       1, ntwprt  =       0, idecomp =       0, rbornstat=      0

Potential function:
     ntf     =       2, ntb     =       2, igb     =       0, nsnb    =      25
     ipol    =       0, gbsa    =       0, iesp    =       0
     dielc   =   1.00000, cut     =  10.00000, intdiel =   1.00000

Frozen or restrained atoms:
     ibelly  =       0, ntr     =       1
     restraint_wt =   2.50000

Molecular dynamics:
     nstlim  =     50000, nscm    =         0, nrespa  =         1
     t       =   0.00000, dt      =   0.00200, vlimit  =  -1.00000

Langevin dynamics temperature regulation:
     ig      =  151787
     temp0   = 300.00000, tempi   = 300.00000, gamma_ln=   5.00000

Pressure regulation:
     ntp     =       1
     pres0   =   1.00000, comp    =  44.60000, taup    =   1.00000

SHAKE:
     ntc     =       2, jfastw  =       0
     tol     =   0.00001

| Intermolecular bonds treatment:
|     no_intermolecular_bonds =       1

| Energy averages sample interval:
|     ene_avg_sampling =     500

Ewald parameters:
     verbose =       0, ew_type =       0, nbflag  =       1, use_pme =       1
     vdwmeth =       1, eedmeth =       1, netfrc  =       1
     Box X =   56.840   Box Y =   58.833   Box Z =   52.746
     Alpha =   90.000   Beta  =   90.000   Gamma =   90.000
     NFFT1 =   64       NFFT2 =   64       NFFT3 =   56
     Cutoff=   10.000   Tol   =0.100E-04
     Ewald Coefficient =  0.27511
     Interpolation order =    4

    LOADING THE CONSTRAINED ATOMS AS GROUPS


   5.  REFERENCE ATOM COORDINATES

  default_name                                                                    
     Mask :1-120@N,CA,C,O; matches   476 atoms

--------------------------------------------------------------------------------
   3.  ATOMIC COORDINATES AND VELOCITIES
--------------------------------------------------------------------------------

default_name                                                                    
 begin time read from input coords =  1440.000 ps

 
 Number of triangulated 3-point waters found:     5259

     Sum of charges from parm topology file =  -0.00000007
     Forcing neutrality...

| Dynamic Memory, Types Used:
| Reals              899290
| Integers           629334

| Nonbonded Pairs Initial Allocation:     5357437

| GPU memory information (estimate):
| KB of GPU memory in use:    114971
| KB of CPU memory in use:     23987

--------------------------------------------------------------------------------
   4.  RESULTS
--------------------------------------------------------------------------------

 ---------------------------------------------------
 APPROXIMATING switch and d/dx switch using CUBIC SPLINE INTERPOLATION
 using   5000.0 points per unit in tabled values
 TESTING RELATIVE ERROR over r ranging from 0.0 to cutoff
| CHECK switch(x): max rel err =   0.2738E-14   at   2.422500
| CHECK d/dx switch(x): max rel err =   0.8314E-11   at   2.736960
 ---------------------------------------------------
|---------------------------------------------------
| APPROXIMATING direct energy using CUBIC SPLINE INTERPOLATION
|  with   50.0 points per unit in tabled values
| Relative Error Limit not exceeded for r .gt.   2.33
| APPROXIMATING direct force using CUBIC SPLINE INTERPOLATION
|  with   50.0 points per unit in tabled values
| Relative Error Limit not exceeded for r .gt.   2.80
|---------------------------------------------------

 NSTEP =      500   TIME(PS) =    1441.000  TEMP(K) =   300.03  PRESS =    63.4
 Etot   =    -42305.9430  EKtot   =     10845.8447  EPtot      =    -53151.7878
 BOND   =       368.5991  ANGLE   =       996.9300  DIHED      =      2160.6960
 1-4 NB =       461.1591  1-4 EEL =      6166.2438  VDWAALS    =      6352.5902
 EELEC  =    -69717.8204  EHBOND  =         0.0000  RESTRAINT  =        59.8144
 EAMBER (non-restraint)  =    -53211.6022
 EKCMT  =      4673.5805  VIRIAL  =      4432.3347  VOLUME     =    176351.8791
                                                    Density    =         1.0217
 ------------------------------------------------------------------------------


 NSTEP =     1000   TIME(PS) =    1442.000  TEMP(K) =   296.86  PRESS =  -225.7
 Etot   =    -42391.8295  EKtot   =     10731.3076  EPtot      =    -53123.1371
 BOND   =       343.3904  ANGLE   =      1003.4023  DIHED      =      2173.4962
 1-4 NB =       472.3211  1-4 EEL =      6178.3765  VDWAALS    =      6184.9551
 EELEC  =    -69539.0037  EHBOND  =         0.0000  RESTRAINT  =        59.9250
 EAMBER (non-restraint)  =    -53183.0622
 EKCMT  =      4743.5175  VIRIAL  =      5602.2628  VOLUME     =    176218.6879
                                                    Density    =         1.0225
 ------------------------------------------------------------------------------


 NSTEP =     1500   TIME(PS) =    1443.000  TEMP(K) =   301.20  PRESS =   -69.2
 Etot   =    -42277.5475  EKtot   =     10888.1006  EPtot      =    -53165.6481
 BOND   =       374.9572  ANGLE   =       987.2424  DIHED      =      2159.9081
 1-4 NB =       430.3722  1-4 EEL =      6173.7045  VDWAALS    =      6133.7578
 EELEC  =    -69493.6249  EHBOND  =         0.0000  RESTRAINT  =        68.0345
 EAMBER (non-restraint)  =    -53233.6826
 EKCMT  =      4763.0979  VIRIAL  =      5025.7795  VOLUME     =    175836.5647
                                                    Density    =         1.0247
 ------------------------------------------------------------------------------


 NSTEP =     2000   TIME(PS) =    1444.000  TEMP(K) =   298.12  PRESS =  -126.6
 Etot   =    -42519.0296  EKtot   =     10776.7607  EPtot      =    -53295.7904
 BOND   =       330.2009  ANGLE   =      1022.4537  DIHED      =      2151.7959
 1-4 NB =       462.2398  1-4 EEL =      6198.6816  VDWAALS    =      6227.3399
 EELEC  =    -69754.8148  EHBOND  =         0.0000  RESTRAINT  =        66.3125
 EAMBER (non-restraint)  =    -53362.1029
 EKCMT  =      4634.1162  VIRIAL  =      5114.1297  VOLUME     =    175572.1485
                                                    Density    =         1.0263
 ------------------------------------------------------------------------------


 NSTEP =     2500   TIME(PS) =    1445.000  TEMP(K) =   300.08  PRESS =  -103.2
 Etot   =    -42382.8496  EKtot   =     10847.5020  EPtot      =    -53230.3515
 BOND   =       346.0987  ANGLE   =      1027.9245  DIHED      =      2154.1556
 1-4 NB =       451.6717  1-4 EEL =      6202.2666  VDWAALS    =      6200.6231
 EELEC  =    -69675.5556  EHBOND  =         0.0000  RESTRAINT  =        62.4639
 EAMBER (non-restraint)  =    -53292.8155
 EKCMT  =      4743.1120  VIRIAL  =      5134.0193  VOLUME     =    175364.2760
                                                    Density    =         1.0275
 ------------------------------------------------------------------------------


 NSTEP =     3000   TIME(PS) =    1446.000  TEMP(K) =   301.41  PRESS =    62.2
 Etot   =    -42606.7066  EKtot   =     10895.7744  EPtot      =    -53502.4811
 BOND   =       384.8987  ANGLE   =       946.0055  DIHED      =      2167.9226
 1-4 NB =       445.6047  1-4 EEL =      6205.6053  VDWAALS    =      6279.1788
 EELEC  =    -69990.9713  EHBOND  =         0.0000  RESTRAINT  =        59.2746
 EAMBER (non-restraint)  =    -53561.7557
 EKCMT  =      4831.7462  VIRIAL  =      4596.2735  VOLUME     =    175309.2922
                                                    Density    =         1.0278
 ------------------------------------------------------------------------------


 NSTEP =     3500   TIME(PS) =    1447.000  TEMP(K) =   297.42  PRESS =    25.9
 Etot   =    -42657.0880  EKtot   =     10751.5176  EPtot      =    -53408.6056
 BOND   =       339.2207  ANGLE   =       985.9190  DIHED      =      2161.0666
 1-4 NB =       458.7580  1-4 EEL =      6161.9589  VDWAALS    =      6301.1301
 EELEC  =    -69881.9874  EHBOND  =         0.0000  RESTRAINT  =        65.3285
 EAMBER (non-restraint)  =    -53473.9341
 EKCMT  =      4685.9954  VIRIAL  =      4588.0776  VOLUME     =    175260.1337
                                                    Density    =         1.0281
 ------------------------------------------------------------------------------


 NSTEP =     4000   TIME(PS) =    1448.000  TEMP(K) =   300.54  PRESS =   209.5
 Etot   =    -42511.9122  EKtot   =     10864.2451  EPtot      =    -53376.1573
 BOND   =       343.3434  ANGLE   =       967.6526  DIHED      =      2163.8236
 1-4 NB =       461.8810  1-4 EEL =      6212.6321  VDWAALS    =      6349.1721
 EELEC  =    -69940.0823  EHBOND  =         0.0000  RESTRAINT  =        65.4202
 EAMBER (non-restraint)  =    -53441.5775
 EKCMT  =      4702.1027  VIRIAL  =      3908.5655  VOLUME     =    175452.8269
                                                    Density    =         1.0270
 ------------------------------------------------------------------------------


 NSTEP =     4500   TIME(PS) =    1449.000  TEMP(K) =   301.85  PRESS =   111.3
 Etot   =    -42390.4684  EKtot   =     10911.4170  EPtot      =    -53301.8854
 BOND   =       355.5803  ANGLE   =      1026.1242  DIHED      =      2171.5460
 1-4 NB =       441.3453  1-4 EEL =      6160.3660  VDWAALS    =      6318.7432
 EELEC  =    -69833.8625  EHBOND  =         0.0000  RESTRAINT  =        58.2721
 EAMBER (non-restraint)  =    -53360.1575
 EKCMT  =      4856.0568  VIRIAL  =      4433.1531  VOLUME     =    175997.7643
                                                    Density    =         1.0238
 ------------------------------------------------------------------------------


 NSTEP =     5000   TIME(PS) =    1450.000  TEMP(K) =   296.69  PRESS =   172.8
 Etot   =    -42600.3320  EKtot   =     10725.1191  EPtot      =    -53325.4512
 BOND   =       344.5165  ANGLE   =      1010.9254  DIHED      =      2149.7001
 1-4 NB =       448.0631  1-4 EEL =      6185.0798  VDWAALS    =      6343.5130
 EELEC  =    -69869.3818  EHBOND  =         0.0000  RESTRAINT  =        62.1327
 EAMBER (non-restraint)  =    -53387.5839
 EKCMT  =      4702.8829  VIRIAL  =      4048.0974  VOLUME     =    175453.2994
                                                    Density    =         1.0270
 ------------------------------------------------------------------------------


 NSTEP =     5500   TIME(PS) =    1451.000  TEMP(K) =   300.70  PRESS =  -252.3
 Etot   =    -42489.4975  EKtot   =     10869.9414  EPtot      =    -53359.4389
 BOND   =       322.2068  ANGLE   =      1020.9380  DIHED      =      2153.3057
 1-4 NB =       437.9704  1-4 EEL =      6172.1267  VDWAALS    =      6227.5805
 EELEC  =    -69759.3380  EHBOND  =         0.0000  RESTRAINT  =        65.7709
 EAMBER (non-restraint)  =    -53425.2098
 EKCMT  =      4683.8378  VIRIAL  =      5640.1594  VOLUME     =    175550.1414
                                                    Density    =         1.0264
 ------------------------------------------------------------------------------


 NSTEP =     6000   TIME(PS) =    1452.000  TEMP(K) =   300.02  PRESS =   280.7
 Etot   =    -42321.4857  EKtot   =     10845.5996  EPtot      =    -53167.0853
 BOND   =       376.1615  ANGLE   =      1008.7113  DIHED      =      2153.5033
 1-4 NB =       462.6121  1-4 EEL =      6173.5158  VDWAALS    =      6541.2562
 EELEC  =    -69948.3995  EHBOND  =         0.0000  RESTRAINT  =        65.5540
 EAMBER (non-restraint)  =    -53232.6394
 EKCMT  =      4727.3388  VIRIAL  =      3657.9726  VOLUME     =    176429.3218
                                                    Density    =         1.0213
 ------------------------------------------------------------------------------


 NSTEP =     6500   TIME(PS) =    1453.000  TEMP(K) =   299.20  PRESS =   -17.6
 Etot   =    -42334.8183  EKtot   =     10815.8457  EPtot      =    -53150.6640
 BOND   =       366.1147  ANGLE   =       992.0760  DIHED      =      2183.2474
 1-4 NB =       447.1474  1-4 EEL =      6170.0516  VDWAALS    =      6201.6122
 EELEC  =    -69579.1889  EHBOND  =         0.0000  RESTRAINT  =        68.2755
 EAMBER (non-restraint)  =    -53218.9395
 EKCMT  =      4709.2784  VIRIAL  =      4776.3960  VOLUME     =    176857.7344
                                                    Density    =         1.0188
 ------------------------------------------------------------------------------


 NSTEP =     7000   TIME(PS) =    1454.000  TEMP(K) =   300.15  PRESS =  -185.0
 Etot   =    -42500.9893  EKtot   =     10849.9531  EPtot      =    -53350.9424
 BOND   =       353.3385  ANGLE   =      1023.6155  DIHED      =      2163.0274
 1-4 NB =       455.0946  1-4 EEL =      6176.8832  VDWAALS    =      6199.7853
 EELEC  =    -69789.6542  EHBOND  =         0.0000  RESTRAINT  =        66.9674
 EAMBER (non-restraint)  =    -53417.9098
 EKCMT  =      4710.0231  VIRIAL  =      5413.5850  VOLUME     =    176106.9200
                                                    Density    =         1.0232
 ------------------------------------------------------------------------------


 NSTEP =     7500   TIME(PS) =    1455.000  TEMP(K) =   300.45  PRESS =    29.5
 Etot   =    -42315.3907  EKtot   =     10860.8115  EPtot      =    -53176.2022
 BOND   =       357.6740  ANGLE   =      1006.7357  DIHED      =      2157.7198
 1-4 NB =       447.1481  1-4 EEL =      6180.7420  VDWAALS    =      6166.6657
 EELEC  =    -69559.3182  EHBOND  =         0.0000  RESTRAINT  =        66.4307
 EAMBER (non-restraint)  =    -53242.6329
 EKCMT  =      4693.5349  VIRIAL  =      4581.0153  VOLUME     =    176415.3261
                                                    Density    =         1.0214
 ------------------------------------------------------------------------------


 NSTEP =     8000   TIME(PS) =    1456.000  TEMP(K) =   304.66  PRESS =   271.5
 Etot   =    -42120.0273  EKtot   =     11013.0215  EPtot      =    -53133.0488
 BOND   =       355.9578  ANGLE   =       960.8694  DIHED      =      2176.9856
 1-4 NB =       437.9337  1-4 EEL =      6143.0266  VDWAALS    =      6408.7614
 EELEC  =    -69676.2653  EHBOND  =         0.0000  RESTRAINT  =        59.6820
 EAMBER (non-restraint)  =    -53192.7308
 EKCMT  =      4733.9759  VIRIAL  =      3699.1941  VOLUME     =    176498.1218
                                                    Density    =         1.0209
 ------------------------------------------------------------------------------


 NSTEP =     8500   TIME(PS) =    1457.000  TEMP(K) =   299.64  PRESS =  -110.2
 Etot   =    -42341.1586  EKtot   =     10831.7822  EPtot      =    -53172.9409
 BOND   =       360.7271  ANGLE   =       973.7104  DIHED      =      2160.5288
 1-4 NB =       453.6386  1-4 EEL =      6142.4413  VDWAALS    =      6209.3505
 EELEC  =    -69535.8878  EHBOND  =         0.0000  RESTRAINT  =        62.5502
 EAMBER (non-restraint)  =    -53235.4910
 EKCMT  =      4756.0344  VIRIAL  =      5176.1784  VOLUME     =    176524.3698
                                                    Density    =         1.0207
 ------------------------------------------------------------------------------


 NSTEP =     9000   TIME(PS) =    1458.000  TEMP(K) =   302.16  PRESS =   184.9
 Etot   =    -42258.4808  EKtot   =     10922.7627  EPtot      =    -53181.2435
 BOND   =       351.9158  ANGLE   =       979.5287  DIHED      =      2160.6148
 1-4 NB =       458.1861  1-4 EEL =      6194.8018  VDWAALS    =      6404.9065
 EELEC  =    -69791.7086  EHBOND  =         0.0000  RESTRAINT  =        60.5115
 EAMBER (non-restraint)  =    -53241.7550
 EKCMT  =      4764.1127  VIRIAL  =      4060.5074  VOLUME     =    176220.1726
                                                    Density    =         1.0225
 ------------------------------------------------------------------------------


 NSTEP =     9500   TIME(PS) =    1459.000  TEMP(K) =   297.77  PRESS =    46.5
 Etot   =    -42481.8196  EKtot   =     10764.2666  EPtot      =    -53246.0862
 BOND   =       365.6905  ANGLE   =      1001.3053  DIHED      =      2187.1628
 1-4 NB =       458.0053  1-4 EEL =      6200.2759  VDWAALS    =      6335.9010
 EELEC  =    -69855.6823  EHBOND  =         0.0000  RESTRAINT  =        61.2553
 EAMBER (non-restraint)  =    -53307.3415
 EKCMT  =      4708.5302  VIRIAL  =      4531.9173  VOLUME     =    176057.5701
                                                    Density    =         1.0234
 ------------------------------------------------------------------------------


 NSTEP =    10000   TIME(PS) =    1460.000  TEMP(K) =   301.02  PRESS =  -184.0
 Etot   =    -42535.8273  EKtot   =     10881.5391  EPtot      =    -53417.3664
 BOND   =       352.1902  ANGLE   =      1001.8887  DIHED      =      2148.5315
 1-4 NB =       437.3914  1-4 EEL =      6153.1762  VDWAALS    =      6271.7232
 EELEC  =    -69843.7265  EHBOND  =         0.0000  RESTRAINT  =        61.4590
 EAMBER (non-restraint)  =    -53478.8254
 EKCMT  =      4728.5798  VIRIAL  =      5428.5450  VOLUME     =    176211.7969
                                                    Density    =         1.0225
 ------------------------------------------------------------------------------


 NSTEP =    10500   TIME(PS) =    1461.000  TEMP(K) =   299.98  PRESS =  -245.9
 Etot   =    -42479.2736  EKtot   =     10844.0186  EPtot      =    -53323.2921
 BOND   =       357.4422  ANGLE   =       963.1078  DIHED      =      2170.6359
 1-4 NB =       447.2340  1-4 EEL =      6183.9260  VDWAALS    =      6199.5481
 EELEC  =    -69703.3358  EHBOND  =         0.0000  RESTRAINT  =        58.1496
 EAMBER (non-restraint)  =    -53381.4417
 EKCMT  =      4713.8626  VIRIAL  =      5647.6183  VOLUME     =    175903.2164
                                                    Density    =         1.0243
 ------------------------------------------------------------------------------


 NSTEP =    11000   TIME(PS) =    1462.000  TEMP(K) =   295.98  PRESS =   103.2
 Etot   =    -42479.8789  EKtot   =     10699.5000  EPtot      =    -53179.3789
 BOND   =       355.3892  ANGLE   =       990.8812  DIHED      =      2174.3352
 1-4 NB =       465.6966  1-4 EEL =      6182.4572  VDWAALS    =      6316.4293
 EELEC  =    -69716.6243  EHBOND  =         0.0000  RESTRAINT  =        52.0567
 EAMBER (non-restraint)  =    -53231.4356
 EKCMT  =      4680.5314  VIRIAL  =      4288.1997  VOLUME     =    176054.6156
                                                    Density    =         1.0235
 ------------------------------------------------------------------------------


 NSTEP =    11500   TIME(PS) =    1463.000  TEMP(K) =   297.78  PRESS =  -164.9
 Etot   =    -42553.3475  EKtot   =     10764.3730  EPtot      =    -53317.7206
 BOND   =       386.9796  ANGLE   =       992.1140  DIHED      =      2156.4557
 1-4 NB =       462.1877  1-4 EEL =      6183.1755  VDWAALS    =      6260.1244
 EELEC  =    -69818.9452  EHBOND  =         0.0000  RESTRAINT  =        60.1878
 EAMBER (non-restraint)  =    -53377.9084
 EKCMT  =      4746.3432  VIRIAL  =      5373.8856  VOLUME     =    176204.3671
                                                    Density    =         1.0226
 ------------------------------------------------------------------------------


 NSTEP =    12000   TIME(PS) =    1464.000  TEMP(K) =   300.64  PRESS =  -133.3
 Etot   =    -42335.2392  EKtot   =     10867.8867  EPtot      =    -53203.1260
 BOND   =       355.0053  ANGLE   =      1003.9710  DIHED      =      2153.8242
 1-4 NB =       465.2003  1-4 EEL =      6185.2840  VDWAALS    =      6263.1564
 EELEC  =    -69701.4451  EHBOND  =         0.0000  RESTRAINT  =        71.8779
 EAMBER (non-restraint)  =    -53275.0039
 EKCMT  =      4749.5774  VIRIAL  =      5256.8764  VOLUME     =    176307.3856
                                                    Density    =         1.0220
 ------------------------------------------------------------------------------


 NSTEP =    12500   TIME(PS) =    1465.000  TEMP(K) =   299.67  PRESS =     7.2
 Etot   =    -42415.9255  EKtot   =     10832.8086  EPtot      =    -53248.7341
 BOND   =       374.6394  ANGLE   =       991.1909  DIHED      =      2148.2413
 1-4 NB =       444.6526  1-4 EEL =      6148.7568  VDWAALS    =      6265.8214
 EELEC  =    -69689.9139  EHBOND  =         0.0000  RESTRAINT  =        67.8775
 EAMBER (non-restraint)  =    -53316.6116
 EKCMT  =      4748.7749  VIRIAL  =      4721.6230  VOLUME     =    175809.4548
                                                    Density    =         1.0249
 ------------------------------------------------------------------------------


 NSTEP =    13000   TIME(PS) =    1466.000  TEMP(K) =   301.49  PRESS =   -42.7
 Etot   =    -42628.4366  EKtot   =     10898.5459  EPtot      =    -53526.9825
 BOND   =       341.5960  ANGLE   =       993.3643  DIHED      =      2173.7602
 1-4 NB =       449.9934  1-4 EEL =      6185.0057  VDWAALS    =      6298.9919
 EELEC  =    -70034.0443  EHBOND  =         0.0000  RESTRAINT  =        64.3504
 EAMBER (non-restraint)  =    -53591.3329
 EKCMT  =      4700.2205  VIRIAL  =      4862.1541  VOLUME     =    175681.8057
                                                    Density    =         1.0256
 ------------------------------------------------------------------------------


 NSTEP =    13500   TIME(PS) =    1467.000  TEMP(K) =   300.72  PRESS =  -325.3
 Etot   =    -42615.8295  EKtot   =     10870.7520  EPtot      =    -53486.5815
 BOND   =       353.7662  ANGLE   =       964.6253  DIHED      =      2180.7383
 1-4 NB =       443.3305  1-4 EEL =      6163.6114  VDWAALS    =      6312.7555
 EELEC  =    -69964.4036  EHBOND  =         0.0000  RESTRAINT  =        58.9949
 EAMBER (non-restraint)  =    -53545.5764
 EKCMT  =      4710.2696  VIRIAL  =      5944.5964  VOLUME     =    175732.1530
                                                    Density    =         1.0253
 ------------------------------------------------------------------------------


 NSTEP =    14000   TIME(PS) =    1468.000  TEMP(K) =   301.84  PRESS =   -84.8
 Etot   =    -42446.2199  EKtot   =     10911.3652  EPtot      =    -53357.5852
 BOND   =       347.4049  ANGLE   =       977.7962  DIHED      =      2147.2712
 1-4 NB =       464.0433  1-4 EEL =      6177.4571  VDWAALS    =      6136.4909
 EELEC  =    -69671.9906  EHBOND  =         0.0000  RESTRAINT  =        63.9419
 EAMBER (non-restraint)  =    -53421.5271
 EKCMT  =      4705.7102  VIRIAL  =      5026.9574  VOLUME     =    175549.1664
                                                    Density    =         1.0264
 ------------------------------------------------------------------------------


 NSTEP =    14500   TIME(PS) =    1469.000  TEMP(K) =   299.24  PRESS =    38.4
 Etot   =    -42493.1395  EKtot   =     10817.1768  EPtot      =    -53310.3163
 BOND   =       332.8574  ANGLE   =       982.7847  DIHED      =      2155.4030
 1-4 NB =       450.8847  1-4 EEL =      6180.3884  VDWAALS    =      6313.2529
 EELEC  =    -69789.8795  EHBOND  =         0.0000  RESTRAINT  =        63.9921
 EAMBER (non-restraint)  =    -53374.3084
 EKCMT  =      4678.5734  VIRIAL  =      4533.1155  VOLUME     =    175365.3680
                                                    Density    =         1.0275
 ------------------------------------------------------------------------------


 NSTEP =    15000   TIME(PS) =    1470.000  TEMP(K) =   298.06  PRESS =  -217.0
 Etot   =    -42581.4235  EKtot   =     10774.4297  EPtot      =    -53355.8532
 BOND   =       339.9766  ANGLE   =       992.2741  DIHED      =      2164.9415
 1-4 NB =       461.6057  1-4 EEL =      6189.4431  VDWAALS    =      6192.9198
 EELEC  =    -69758.3716  EHBOND  =         0.0000  RESTRAINT  =        61.3576
 EAMBER (non-restraint)  =    -53417.2108
 EKCMT  =      4706.4077  VIRIAL  =      5529.4652  VOLUME     =    175689.6534
                                                    Density    =         1.0256
 ------------------------------------------------------------------------------


 NSTEP =    15500   TIME(PS) =    1471.000  TEMP(K) =   302.90  PRESS =   268.5
 Etot   =    -42350.9918  EKtot   =     10949.5508  EPtot      =    -53300.5426
 BOND   =       352.2048  ANGLE   =       980.7250  DIHED      =      2167.5721
 1-4 NB =       433.7077  1-4 EEL =      6156.6619  VDWAALS    =      6363.6653
 EELEC  =    -69819.3007  EHBOND  =         0.0000  RESTRAINT  =        64.2213
 EAMBER (non-restraint)  =    -53364.7639
 EKCMT  =      4801.4156  VIRIAL  =      3780.0723  VOLUME     =    176158.2852
                                                    Density    =         1.0229
 ------------------------------------------------------------------------------


 NSTEP =    16000   TIME(PS) =    1472.000  TEMP(K) =   297.18  PRESS =    50.8
 Etot   =    -42450.7310  EKtot   =     10742.6465  EPtot      =    -53193.3775
 BOND   =       359.1701  ANGLE   =      1029.0332  DIHED      =      2189.4911
 1-4 NB =       452.0830  1-4 EEL =      6203.5789  VDWAALS    =      6303.6167
 EELEC  =    -69799.7044  EHBOND  =         0.0000  RESTRAINT  =        69.3537
 EAMBER (non-restraint)  =    -53262.7313
 EKCMT  =      4736.8808  VIRIAL  =      4543.2786  VOLUME     =    176466.5250
                                                    Density    =         1.0211
 ------------------------------------------------------------------------------


 NSTEP =    16500   TIME(PS) =    1473.000  TEMP(K) =   299.10  PRESS =   193.8
 Etot   =    -42454.2195  EKtot   =     10812.3184  EPtot      =    -53266.5378
 BOND   =       350.9685  ANGLE   =      1033.5767  DIHED      =      2169.0756
 1-4 NB =       444.4503  1-4 EEL =      6156.1352  VDWAALS    =      6319.3418
 EELEC  =    -69802.7352  EHBOND  =         0.0000  RESTRAINT  =        62.6494
 EAMBER (non-restraint)  =    -53329.1872
 EKCMT  =      4702.2917  VIRIAL  =      3963.7776  VOLUME     =    176479.8611
                                                    Density    =         1.0210
 ------------------------------------------------------------------------------


 NSTEP =    17000   TIME(PS) =    1474.000  TEMP(K) =   295.60  PRESS =  -352.7
 Etot   =    -42515.1112  EKtot   =     10685.7275  EPtot      =    -53200.8388
 BOND   =       368.6157  ANGLE   =      1017.7427  DIHED      =      2172.3825
 1-4 NB =       433.4849  1-4 EEL =      6142.2880  VDWAALS    =      6129.3080
 EELEC  =    -69522.0412  EHBOND  =         0.0000  RESTRAINT  =        57.3806
 EAMBER (non-restraint)  =    -53258.2194
 EKCMT  =      4636.6286  VIRIAL  =      5979.3146  VOLUME     =    176304.8533
                                                    Density    =         1.0220
 ------------------------------------------------------------------------------


 NSTEP =    17500   TIME(PS) =    1475.000  TEMP(K) =   297.84  PRESS =  -236.9
 Etot   =    -42443.4036  EKtot   =     10766.7725  EPtot      =    -53210.1761
 BOND   =       339.4255  ANGLE   =      1014.1313  DIHED      =      2151.2503
 1-4 NB =       460.6813  1-4 EEL =      6187.7733  VDWAALS    =      6131.3342
 EELEC  =    -69558.2205  EHBOND  =         0.0000  RESTRAINT  =        63.4485
 EAMBER (non-restraint)  =    -53273.6246
 EKCMT  =      4693.5863  VIRIAL  =      5596.7059  VOLUME     =    176570.9190
                                                    Density    =         1.0205
 ------------------------------------------------------------------------------


 NSTEP =    18000   TIME(PS) =    1476.000  TEMP(K) =   298.47  PRESS =  -145.0
 Etot   =    -42376.4745  EKtot   =     10789.3525  EPtot      =    -53165.8271
 BOND   =       341.7783  ANGLE   =       984.4969  DIHED      =      2157.7073
 1-4 NB =       463.4588  1-4 EEL =      6183.0115  VDWAALS    =      6126.2986
 EELEC  =    -69486.9358  EHBOND  =         0.0000  RESTRAINT  =        64.3572
 EAMBER (non-restraint)  =    -53230.1843
 EKCMT  =      4702.8585  VIRIAL  =      5255.0040  VOLUME     =    176356.1511
                                                    Density    =         1.0217
 ------------------------------------------------------------------------------


 NSTEP =    18500   TIME(PS) =    1477.000  TEMP(K) =   300.09  PRESS =   108.6
 Etot   =    -42316.7386  EKtot   =     10847.9277  EPtot      =    -53164.6663
 BOND   =       350.7487  ANGLE   =       971.7314  DIHED      =      2178.4177
 1-4 NB =       465.8483  1-4 EEL =      6183.2272  VDWAALS    =      6386.7249
 EELEC  =    -69762.7809  EHBOND  =         0.0000  RESTRAINT  =        61.4163
 EAMBER (non-restraint)  =    -53226.0826
 EKCMT  =      4667.2490  VIRIAL  =      4253.8386  VOLUME     =    176297.7258
                                                    Density    =         1.0220
 ------------------------------------------------------------------------------


 NSTEP =    19000   TIME(PS) =    1478.000  TEMP(K) =   301.45  PRESS =  -202.5
 Etot   =    -42426.5851  EKtot   =     10897.1260  EPtot      =    -53323.7111
 BOND   =       349.7669  ANGLE   =      1018.3540  DIHED      =      2154.2064
 1-4 NB =       447.3119  1-4 EEL =      6146.7073  VDWAALS    =      6225.1017
 EELEC  =    -69733.8549  EHBOND  =         0.0000  RESTRAINT  =        68.6954
 EAMBER (non-restraint)  =    -53392.4065
 EKCMT  =      4679.7735  VIRIAL  =      5449.2810  VOLUME     =    176038.6758
                                                    Density    =         1.0236
 ------------------------------------------------------------------------------


 NSTEP =    19500   TIME(PS) =    1479.000  TEMP(K) =   298.55  PRESS =  -110.3
 Etot   =    -42536.8321  EKtot   =     10792.3662  EPtot      =    -53329.1983
 BOND   =       366.5548  ANGLE   =      1007.4085  DIHED      =      2160.6545
 1-4 NB =       469.1556  1-4 EEL =      6167.6282  VDWAALS    =      6190.8123
 EELEC  =    -69752.4565  EHBOND  =         0.0000  RESTRAINT  =        61.0443
 EAMBER (non-restraint)  =    -53390.2426
 EKCMT  =      4770.6550  VIRIAL  =      5188.4971  VOLUME     =    175436.1057
                                                    Density    =         1.0271
 ------------------------------------------------------------------------------


 NSTEP =    20000   TIME(PS) =    1480.000  TEMP(K) =   300.63  PRESS =    35.9
 Etot   =    -42266.1552  EKtot   =     10867.3330  EPtot      =    -53133.4882
 BOND   =       347.1839  ANGLE   =      1005.3674  DIHED      =      2140.0858
 1-4 NB =       456.6065  1-4 EEL =      6160.3089  VDWAALS    =      6287.2934
 EELEC  =    -69594.9862  EHBOND  =         0.0000  RESTRAINT  =        64.6522
 EAMBER (non-restraint)  =    -53198.1404
 EKCMT  =      4678.7175  VIRIAL  =      4542.7814  VOLUME     =    175602.6570
                                                    Density    =         1.0261
 ------------------------------------------------------------------------------


 NSTEP =    20500   TIME(PS) =    1481.000  TEMP(K) =   297.42  PRESS =   -35.7
 Etot   =    -42597.4942  EKtot   =     10751.5771  EPtot      =    -53349.0714
 BOND   =       341.6467  ANGLE   =      1031.4790  DIHED      =      2170.8934
 1-4 NB =       457.2092  1-4 EEL =      6148.7904  VDWAALS    =      6403.7735
 EELEC  =    -69966.2493  EHBOND  =         0.0000  RESTRAINT  =        63.3857
 EAMBER (non-restraint)  =    -53412.4571
 EKCMT  =      4692.1957  VIRIAL  =      4827.5945  VOLUME     =    175857.3635
                                                    Density    =         1.0246
 ------------------------------------------------------------------------------


 NSTEP =    21000   TIME(PS) =    1482.000  TEMP(K) =   301.07  PRESS =   -87.4
 Etot   =    -42394.5350  EKtot   =     10883.2051  EPtot      =    -53277.7401
 BOND   =       342.6469  ANGLE   =      1017.1771  DIHED      =      2155.9723
 1-4 NB =       455.0620  1-4 EEL =      6160.9516  VDWAALS    =      6390.7388
 EELEC  =    -69865.3484  EHBOND  =         0.0000  RESTRAINT  =        65.0595
 EAMBER (non-restraint)  =    -53342.7996
 EKCMT  =      4708.9376  VIRIAL  =      5040.7054  VOLUME     =    175837.3268
                                                    Density    =         1.0247
 ------------------------------------------------------------------------------


 NSTEP =    21500   TIME(PS) =    1483.000  TEMP(K) =   299.26  PRESS =  -243.6
 Etot   =    -42406.9736  EKtot   =     10818.0957  EPtot      =    -53225.0693
 BOND   =       380.9218  ANGLE   =       991.4686  DIHED      =      2162.2250
 1-4 NB =       453.5570  1-4 EEL =      6147.9549  VDWAALS    =      6121.7569
 EELEC  =    -69547.1157  EHBOND  =         0.0000  RESTRAINT  =        64.1622
 EAMBER (non-restraint)  =    -53289.2315
 EKCMT  =      4643.3788  VIRIAL  =      5567.3678  VOLUME     =    175684.7998
                                                    Density    =         1.0256
 ------------------------------------------------------------------------------


 NSTEP =    22000   TIME(PS) =    1484.000  TEMP(K) =   298.62  PRESS =   323.2
 Etot   =    -42468.0024  EKtot   =     10794.6816  EPtot      =    -53262.6841
 BOND   =       377.9399  ANGLE   =      1009.5265  DIHED      =      2125.7531
 1-4 NB =       436.6948  1-4 EEL =      6151.0543  VDWAALS    =      6352.4930
 EELEC  =    -69793.0655  EHBOND  =         0.0000  RESTRAINT  =        76.9199
 EAMBER (non-restraint)  =    -53339.6040
 EKCMT  =      4708.5941  VIRIAL  =      3485.6534  VOLUME     =    175275.6699
                                                    Density    =         1.0280
 ------------------------------------------------------------------------------


 NSTEP =    22500   TIME(PS) =    1485.000  TEMP(K) =   300.55  PRESS =   186.5
 Etot   =    -42549.6748  EKtot   =     10864.7148  EPtot      =    -53414.3896
 BOND   =       327.7642  ANGLE   =      1047.4456  DIHED      =      2162.5951
 1-4 NB =       459.9307  1-4 EEL =      6147.0539  VDWAALS    =      6428.5998
 EELEC  =    -70052.8196  EHBOND  =         0.0000  RESTRAINT  =        65.0407
 EAMBER (non-restraint)  =    -53479.4303
 EKCMT  =      4781.1548  VIRIAL  =      4074.0812  VOLUME     =    175601.1870
                                                    Density    =         1.0261
 ------------------------------------------------------------------------------


 NSTEP =    23000   TIME(PS) =    1486.000  TEMP(K) =   302.31  PRESS =  -111.7
 Etot   =    -42321.2583  EKtot   =     10928.1953  EPtot      =    -53249.4536
 BOND   =       358.3669  ANGLE   =       993.7600  DIHED      =      2155.8860
 1-4 NB =       440.5608  1-4 EEL =      6170.0847  VDWAALS    =      6265.3237
 EELEC  =    -69693.0241  EHBOND  =         0.0000  RESTRAINT  =        59.5883
 EAMBER (non-restraint)  =    -53309.0419
 EKCMT  =      4714.2829  VIRIAL  =      5138.0232  VOLUME     =    175770.5337
                                                    Density    =         1.0251
 ------------------------------------------------------------------------------


 NSTEP =    23500   TIME(PS) =    1487.000  TEMP(K) =   299.13  PRESS =   -48.5
 Etot   =    -42403.9554  EKtot   =     10813.3496  EPtot      =    -53217.3050
 BOND   =       366.8787  ANGLE   =      1015.0386  DIHED      =      2155.8828
 1-4 NB =       448.2742  1-4 EEL =      6157.3329  VDWAALS    =      6221.7680
 EELEC  =    -69649.6514  EHBOND  =         0.0000  RESTRAINT  =        67.1711
 EAMBER (non-restraint)  =    -53284.4760
 EKCMT  =      4795.5647  VIRIAL  =      4980.0451  VOLUME     =    176176.6202
                                                    Density    =         1.0228
 ------------------------------------------------------------------------------


 NSTEP =    24000   TIME(PS) =    1488.000  TEMP(K) =   299.91  PRESS =   366.5
 Etot   =    -42369.0992  EKtot   =     10841.5020  EPtot      =    -53210.6011
 BOND   =       368.7794  ANGLE   =       992.3926  DIHED      =      2176.1236
 1-4 NB =       441.6496  1-4 EEL =      6157.8862  VDWAALS    =      6383.1850
 EELEC  =    -69788.6464  EHBOND  =         0.0000  RESTRAINT  =        58.0288
 EAMBER (non-restraint)  =    -53268.6299
 EKCMT  =      4735.4806  VIRIAL  =      3343.5459  VOLUME     =    175917.2770
                                                    Density    =         1.0243
 ------------------------------------------------------------------------------


 NSTEP =    24500   TIME(PS) =    1489.000  TEMP(K) =   300.13  PRESS =   166.9
 Etot   =    -42387.5237  EKtot   =     10849.2910  EPtot      =    -53236.8147
 BOND   =       333.9943  ANGLE   =       950.4719  DIHED      =      2171.6670
 1-4 NB =       447.0158  1-4 EEL =      6158.6237  VDWAALS    =      6450.4865
 EELEC  =    -69817.4925  EHBOND  =         0.0000  RESTRAINT  =        68.4186
 EAMBER (non-restraint)  =    -53305.2333
 EKCMT  =      4586.1601  VIRIAL  =      3952.1062  VOLUME     =    175903.6591
                                                    Density    =         1.0243
 ------------------------------------------------------------------------------


 NSTEP =    25000   TIME(PS) =    1490.000  TEMP(K) =   297.58  PRESS =   -34.5
 Etot   =    -42575.6238  EKtot   =     10757.3105  EPtot      =    -53332.9344
 BOND   =       373.7812  ANGLE   =       985.9218  DIHED      =      2160.7066
 1-4 NB =       449.6775  1-4 EEL =      6169.8576  VDWAALS    =      6341.5964
 EELEC  =    -69870.6360  EHBOND  =         0.0000  RESTRAINT  =        56.1606
 EAMBER (non-restraint)  =    -53389.0949
 EKCMT  =      4609.9553  VIRIAL  =      4741.3284  VOLUME     =    176360.6066
                                                    Density    =         1.0217
 ------------------------------------------------------------------------------


 NSTEP =    25500   TIME(PS) =    1491.000  TEMP(K) =   296.66  PRESS =   114.9
 Etot   =    -42679.5117  EKtot   =     10724.1201  EPtot      =    -53403.6318
 BOND   =       339.1706  ANGLE   =       974.9704  DIHED      =      2165.5187
 1-4 NB =       460.8701  1-4 EEL =      6174.5314  VDWAALS    =      6317.3966
 EELEC  =    -69901.4712  EHBOND  =         0.0000  RESTRAINT  =        65.3816
 EAMBER (non-restraint)  =    -53469.0134
 EKCMT  =      4713.8663  VIRIAL  =      4276.8769  VOLUME     =    176217.0094
                                                    Density    =         1.0225
 ------------------------------------------------------------------------------


 NSTEP =    26000   TIME(PS) =    1492.000  TEMP(K) =   297.54  PRESS =    13.5
 Etot   =    -42662.9340  EKtot   =     10755.7129  EPtot      =    -53418.6469
 BOND   =       360.2960  ANGLE   =      1005.3674  DIHED      =      2165.3722
 1-4 NB =       452.4358  1-4 EEL =      6203.5474  VDWAALS    =      6365.6238
 EELEC  =    -70033.5792  EHBOND  =         0.0000  RESTRAINT  =        62.2897
 EAMBER (non-restraint)  =    -53480.9366
 EKCMT  =      4736.4204  VIRIAL  =      4684.8681  VOLUME     =    176686.5612
                                                    Density    =         1.0198
 ------------------------------------------------------------------------------


 NSTEP =    26500   TIME(PS) =    1493.000  TEMP(K) =   302.38  PRESS =  -169.9
 Etot   =    -42387.8833  EKtot   =     10930.8154  EPtot      =    -53318.6987
 BOND   =       362.7931  ANGLE   =      1023.0255  DIHED      =      2169.6022
 1-4 NB =       452.4255  1-4 EEL =      6140.6978  VDWAALS    =      6510.2293
 EELEC  =    -70037.6200  EHBOND  =         0.0000  RESTRAINT  =        60.1478
 EAMBER (non-restraint)  =    -53378.8465
 EKCMT  =      4673.2051  VIRIAL  =      5319.6057  VOLUME     =    176241.6740
                                                    Density    =         1.0224
 ------------------------------------------------------------------------------


 NSTEP =    27000   TIME(PS) =    1494.000  TEMP(K) =   296.65  PRESS =   -78.9
 Etot   =    -42315.7267  EKtot   =     10723.7510  EPtot      =    -53039.4777
 BOND   =       374.1365  ANGLE   =      1011.8791  DIHED      =      2149.8393
 1-4 NB =       454.1197  1-4 EEL =      6182.1839  VDWAALS    =      6145.5799
 EELEC  =    -69418.0492  EHBOND  =         0.0000  RESTRAINT  =        60.8332
 EAMBER (non-restraint)  =    -53100.3109
 EKCMT  =      4754.8851  VIRIAL  =      5055.3924  VOLUME     =    176464.1541
                                                    Density    =         1.0211
 ------------------------------------------------------------------------------


 NSTEP =    27500   TIME(PS) =    1495.000  TEMP(K) =   302.77  PRESS =    88.6
 Etot   =    -42341.8871  EKtot   =     10944.7188  EPtot      =    -53286.6059
 BOND   =       361.3993  ANGLE   =       964.5404  DIHED      =      2156.9666
 1-4 NB =       457.4551  1-4 EEL =      6146.6360  VDWAALS    =      6218.9626
 EELEC  =    -69649.9836  EHBOND  =         0.0000  RESTRAINT  =        57.4177
 EAMBER (non-restraint)  =    -53344.0236
 EKCMT  =      4759.0711  VIRIAL  =      4422.0960  VOLUME     =    176232.2128
                                                    Density    =         1.0224
 ------------------------------------------------------------------------------


 NSTEP =    28000   TIME(PS) =    1496.000  TEMP(K) =   297.87  PRESS =   192.0
 Etot   =    -42546.0181  EKtot   =     10767.5918  EPtot      =    -53313.6099
 BOND   =       351.0128  ANGLE   =      1037.1618  DIHED      =      2163.7945
 1-4 NB =       447.7164  1-4 EEL =      6169.1687  VDWAALS    =      6449.4167
 EELEC  =    -69990.9493  EHBOND  =         0.0000  RESTRAINT  =        59.0686
 EAMBER (non-restraint)  =    -53372.6785
 EKCMT  =      4737.1481  VIRIAL  =      4005.4721  VOLUME     =    176533.6656
                                                    Density    =         1.0207
 ------------------------------------------------------------------------------


 NSTEP =    28500   TIME(PS) =    1497.000  TEMP(K) =   302.19  PRESS =  -112.3
 Etot   =    -42304.4858  EKtot   =     10924.0332  EPtot      =    -53228.5190
 BOND   =       356.5020  ANGLE   =      1013.1170  DIHED      =      2174.6797
 1-4 NB =       458.9475  1-4 EEL =      6169.7555  VDWAALS    =      6331.8586
 EELEC  =    -69801.4842  EHBOND  =         0.0000  RESTRAINT  =        68.1050
 EAMBER (non-restraint)  =    -53296.6240
 EKCMT  =      4716.2707  VIRIAL  =      5144.4157  VOLUME     =    176653.1865
                                                    Density    =         1.0200
 ------------------------------------------------------------------------------


 NSTEP =    29000   TIME(PS) =    1498.000  TEMP(K) =   298.38  PRESS =    17.4
 Etot   =    -42587.2885  EKtot   =     10786.0254  EPtot      =    -53373.3139
 BOND   =       346.3549  ANGLE   =      1020.0737  DIHED      =      2145.3442
 1-4 NB =       456.7881  1-4 EEL =      6185.4496  VDWAALS    =      6465.1815
 EELEC  =    -70053.1381  EHBOND  =         0.0000  RESTRAINT  =        60.6322
 EAMBER (non-restraint)  =    -53433.9461
 EKCMT  =      4661.7570  VIRIAL  =      4595.1919  VOLUME     =    176772.5915
                                                    Density    =         1.0193
 ------------------------------------------------------------------------------


 NSTEP =    29500   TIME(PS) =    1499.000  TEMP(K) =   298.01  PRESS =   -73.0
 Etot   =    -42533.9079  EKtot   =     10772.6084  EPtot      =    -53306.5163
 BOND   =       362.6528  ANGLE   =       996.8107  DIHED      =      2151.1283
 1-4 NB =       452.8630  1-4 EEL =      6166.8814  VDWAALS    =      6270.3926
 EELEC  =    -69765.9249  EHBOND  =         0.0000  RESTRAINT  =        58.6799
 EAMBER (non-restraint)  =    -53365.1962
 EKCMT  =      4764.3707  VIRIAL  =      5042.4804  VOLUME     =    176567.6981
                                                    Density    =         1.0205
 ------------------------------------------------------------------------------


 NSTEP =    30000   TIME(PS) =    1500.000  TEMP(K) =   295.32  PRESS =   113.6
 Etot   =    -42494.5075  EKtot   =     10675.3730  EPtot      =    -53169.8806
 BOND   =       385.5009  ANGLE   =      1030.9543  DIHED      =      2154.5534
 1-4 NB =       445.6672  1-4 EEL =      6169.2778  VDWAALS    =      6385.6540
 EELEC  =    -69801.1490  EHBOND  =         0.0000  RESTRAINT  =        59.6608
 EAMBER (non-restraint)  =    -53229.5413
 EKCMT  =      4687.0718  VIRIAL  =      4255.4719  VOLUME     =    176036.7984
                                                    Density    =         1.0236
 ------------------------------------------------------------------------------


 NSTEP =    30500   TIME(PS) =    1501.000  TEMP(K) =   301.69  PRESS =  -365.6
 Etot   =    -42453.5523  EKtot   =     10905.8584  EPtot      =    -53359.4107
 BOND   =       344.6426  ANGLE   =      1016.2379  DIHED      =      2161.1755
 1-4 NB =       442.4890  1-4 EEL =      6157.8038  VDWAALS    =      6179.1464
 EELEC  =    -69725.8879  EHBOND  =         0.0000  RESTRAINT  =        64.9820
 EAMBER (non-restraint)  =    -53424.3927
 EKCMT  =      4704.5157  VIRIAL  =      6092.2851  VOLUME     =    175784.4951
                                                    Density    =         1.0250
 ------------------------------------------------------------------------------


 NSTEP =    31000   TIME(PS) =    1502.000  TEMP(K) =   299.86  PRESS =   140.1
 Etot   =    -42503.9072  EKtot   =     10839.6582  EPtot      =    -53343.5654
 BOND   =       346.5221  ANGLE   =      1014.5794  DIHED      =      2169.3896
 1-4 NB =       447.0857  1-4 EEL =      6160.0317  VDWAALS    =      6335.8951
 EELEC  =    -69881.7268  EHBOND  =         0.0000  RESTRAINT  =        64.6579
 EAMBER (non-restraint)  =    -53408.2233
 EKCMT  =      4791.1339  VIRIAL  =      4260.3591  VOLUME     =    175450.2707
                                                    Density    =         1.0270
 ------------------------------------------------------------------------------


 NSTEP =    31500   TIME(PS) =    1503.000  TEMP(K) =   299.84  PRESS =   186.0
 Etot   =    -42496.3848  EKtot   =     10838.9922  EPtot      =    -53335.3770
 BOND   =       344.8528  ANGLE   =       986.9719  DIHED      =      2158.6372
 1-4 NB =       450.3149  1-4 EEL =      6152.7453  VDWAALS    =      6325.5279
 EELEC  =    -69811.4183  EHBOND  =         0.0000  RESTRAINT  =        56.9914
 EAMBER (non-restraint)  =    -53392.3684
 EKCMT  =      4712.7953  VIRIAL  =      4007.7968  VOLUME     =    175580.9177
                                                    Density    =         1.0262
 ------------------------------------------------------------------------------


 NSTEP =    32000   TIME(PS) =    1504.000  TEMP(K) =   300.94  PRESS =   187.8
 Etot   =    -42293.4116  EKtot   =     10878.5430  EPtot      =    -53171.9545
 BOND   =       358.7630  ANGLE   =      1016.1717  DIHED      =      2167.1325
 1-4 NB =       426.8128  1-4 EEL =      6160.7752  VDWAALS    =      6378.5672
 EELEC  =    -69744.6328  EHBOND  =         0.0000  RESTRAINT  =        64.4560
 EAMBER (non-restraint)  =    -53236.4105
 EKCMT  =      4733.5818  VIRIAL  =      4021.6556  VOLUME     =    175617.2176
                                                    Density    =         1.0260
 ------------------------------------------------------------------------------


 NSTEP =    32500   TIME(PS) =    1505.000  TEMP(K) =   297.59  PRESS =  -130.9
 Etot   =    -42593.5801  EKtot   =     10757.5635  EPtot      =    -53351.1435
 BOND   =       355.4798  ANGLE   =       972.7480  DIHED      =      2162.7953
 1-4 NB =       456.4161  1-4 EEL =      6179.4293  VDWAALS    =      6169.7628
 EELEC  =    -69712.3013  EHBOND  =         0.0000  RESTRAINT  =        64.5266
 EAMBER (non-restraint)  =    -53415.6701
 EKCMT  =      4676.4906  VIRIAL  =      5173.3045  VOLUME     =    175725.0222
                                                    Density    =         1.0254
 ------------------------------------------------------------------------------


 NSTEP =    33000   TIME(PS) =    1506.000  TEMP(K) =   298.24  PRESS =   -48.0
 Etot   =    -42633.3461  EKtot   =     10780.9531  EPtot      =    -53414.2992
 BOND   =       348.1719  ANGLE   =      1007.0570  DIHED      =      2167.1148
 1-4 NB =       446.2603  1-4 EEL =      6159.9092  VDWAALS    =      6309.2832
 EELEC  =    -69908.6664  EHBOND  =         0.0000  RESTRAINT  =        56.5709
 EAMBER (non-restraint)  =    -53470.8701
 EKCMT  =      4670.6274  VIRIAL  =      4853.0997  VOLUME     =    175919.1337
                                                    Density    =         1.0242
 ------------------------------------------------------------------------------


 NSTEP =    33500   TIME(PS) =    1507.000  TEMP(K) =   299.04  PRESS =   -23.2
 Etot   =    -42435.2403  EKtot   =     10809.8779  EPtot      =    -53245.1182
 BOND   =       365.2308  ANGLE   =      1026.2186  DIHED      =      2168.3417
 1-4 NB =       463.9499  1-4 EEL =      6163.7209  VDWAALS    =      6138.6937
 EELEC  =    -69629.3819  EHBOND  =         0.0000  RESTRAINT  =        58.1082
 EAMBER (non-restraint)  =    -53303.2264
 EKCMT  =      4741.5360  VIRIAL  =      4829.6004  VOLUME     =    175658.1882
                                                    Density    =         1.0258
 ------------------------------------------------------------------------------


 NSTEP =    34000   TIME(PS) =    1508.000  TEMP(K) =   299.40  PRESS =   -26.0
 Etot   =    -42364.7120  EKtot   =     10823.1689  EPtot      =    -53187.8810
 BOND   =       355.2924  ANGLE   =      1034.2021  DIHED      =      2178.5717
 1-4 NB =       463.0255  1-4 EEL =      6161.1453  VDWAALS    =      6276.3811
 EELEC  =    -69730.1748  EHBOND  =         0.0000  RESTRAINT  =        73.6756
 EAMBER (non-restraint)  =    -53261.5566
 EKCMT  =      4738.7310  VIRIAL  =      4837.7905  VOLUME     =    176191.0612
                                                    Density    =         1.0227
 ------------------------------------------------------------------------------


 NSTEP =    34500   TIME(PS) =    1509.000  TEMP(K) =   298.97  PRESS =   -47.2
 Etot   =    -42412.5756  EKtot   =     10807.4111  EPtot      =    -53219.9867
 BOND   =       376.7669  ANGLE   =      1026.6491  DIHED      =      2158.4339
 1-4 NB =       446.3642  1-4 EEL =      6163.3845  VDWAALS    =      6249.4911
 EELEC  =    -69706.9297  EHBOND  =         0.0000  RESTRAINT  =        65.8534
 EAMBER (non-restraint)  =    -53285.8401
 EKCMT  =      4698.4421  VIRIAL  =      4877.7207  VOLUME     =    175997.1441
                                                    Density    =         1.0238
 ------------------------------------------------------------------------------


 NSTEP =    35000   TIME(PS) =    1510.000  TEMP(K) =   297.86  PRESS =    -2.2
 Etot   =    -42490.4884  EKtot   =     10767.4502  EPtot      =    -53257.9386
 BOND   =       388.6299  ANGLE   =       999.5326  DIHED      =      2160.2748
 1-4 NB =       437.9947  1-4 EEL =      6165.6415  VDWAALS    =      6368.9637
 EELEC  =    -69838.7312  EHBOND  =         0.0000  RESTRAINT  =        59.7553
 EAMBER (non-restraint)  =    -53317.6940
 EKCMT  =      4752.1862  VIRIAL  =      4760.7338  VOLUME     =    176097.2980
                                                    Density    =         1.0232
 ------------------------------------------------------------------------------


 NSTEP =    35500   TIME(PS) =    1511.000  TEMP(K) =   302.43  PRESS =    60.9
 Etot   =    -42311.3994  EKtot   =     10932.3916  EPtot      =    -53243.7910
 BOND   =       363.9900  ANGLE   =       991.4653  DIHED      =      2155.9474
 1-4 NB =       466.7242  1-4 EEL =      6179.2450  VDWAALS    =      6287.3108
 EELEC  =    -69749.1130  EHBOND  =         0.0000  RESTRAINT  =        60.6392
 EAMBER (non-restraint)  =    -53304.4302
 EKCMT  =      4719.2666  VIRIAL  =      4487.7100  VOLUME     =    176126.3696
                                                    Density    =         1.0230
 ------------------------------------------------------------------------------


 NSTEP =    36000   TIME(PS) =    1512.000  TEMP(K) =   296.56  PRESS =   137.1
 Etot   =    -42535.5345  EKtot   =     10720.3848  EPtot      =    -53255.9193
 BOND   =       339.4700  ANGLE   =      1027.7864  DIHED      =      2149.8514
 1-4 NB =       454.7937  1-4 EEL =      6142.3673  VDWAALS    =      6457.4623
 EELEC  =    -69893.4038  EHBOND  =         0.0000  RESTRAINT  =        65.7533
 EAMBER (non-restraint)  =    -53321.6726
 EKCMT  =      4624.4654  VIRIAL  =      4103.5563  VOLUME     =    176037.3104
                                                    Density    =         1.0236
 ------------------------------------------------------------------------------


 NSTEP =    36500   TIME(PS) =    1513.000  TEMP(K) =   302.12  PRESS =  -119.1
 Etot   =    -42217.4645  EKtot   =     10921.4619  EPtot      =    -53138.9264
 BOND   =       328.5158  ANGLE   =      1033.2505  DIHED      =      2139.0516
 1-4 NB =       452.7523  1-4 EEL =      6197.9022  VDWAALS    =      6079.1181
 EELEC  =    -69427.2295  EHBOND  =         0.0000  RESTRAINT  =        57.7125
 EAMBER (non-restraint)  =    -53196.6390
 EKCMT  =      4782.6205  VIRIAL  =      5234.0957  VOLUME     =    175603.4334
                                                    Density    =         1.0261
 ------------------------------------------------------------------------------


 NSTEP =    37000   TIME(PS) =    1514.000  TEMP(K) =   298.05  PRESS =   286.8
 Etot   =    -42758.7878  EKtot   =     10774.3516  EPtot      =    -53533.1394
 BOND   =       356.5413  ANGLE   =       931.6331  DIHED      =      2172.5287
 1-4 NB =       453.4339  1-4 EEL =      6153.0380  VDWAALS    =      6362.9706
 EELEC  =    -70029.4852  EHBOND  =         0.0000  RESTRAINT  =        66.2002
 EAMBER (non-restraint)  =    -53599.3396
 EKCMT  =      4704.5313  VIRIAL  =      3619.3116  VOLUME     =    175274.1155
                                                    Density    =         1.0280
 ------------------------------------------------------------------------------


 NSTEP =    37500   TIME(PS) =    1515.000  TEMP(K) =   300.99  PRESS =    28.5
 Etot   =    -42501.8868  EKtot   =     10880.4688  EPtot      =    -53382.3556
 BOND   =       370.8441  ANGLE   =       981.8560  DIHED      =      2167.5198
 1-4 NB =       458.4832  1-4 EEL =      6159.5329  VDWAALS    =      6401.7344
 EELEC  =    -69984.1373  EHBOND  =         0.0000  RESTRAINT  =        61.8113
 EAMBER (non-restraint)  =    -53444.1669
 EKCMT  =      4785.3457  VIRIAL  =      4677.2799  VOLUME     =    175762.3207
                                                    Density    =         1.0252
 ------------------------------------------------------------------------------


 NSTEP =    38000   TIME(PS) =    1516.000  TEMP(K) =   300.22  PRESS =   118.1
 Etot   =    -42300.1934  EKtot   =     10852.5000  EPtot      =    -53152.6934
 BOND   =       357.0386  ANGLE   =      1041.0654  DIHED      =      2155.3395
 1-4 NB =       453.7700  1-4 EEL =      6115.6620  VDWAALS    =      6378.7255
 EELEC  =    -69721.6559  EHBOND  =         0.0000  RESTRAINT  =        67.3615
 EAMBER (non-restraint)  =    -53220.0548
 EKCMT  =      4696.8861  VIRIAL  =      4249.1831  VOLUME     =    175572.5853
                                                    Density    =         1.0263
 ------------------------------------------------------------------------------


 NSTEP =    38500   TIME(PS) =    1517.000  TEMP(K) =   302.52  PRESS =    43.0
 Etot   =    -42351.3692  EKtot   =     10935.7148  EPtot      =    -53287.0841
 BOND   =       334.7887  ANGLE   =      1049.4497  DIHED      =      2173.1124
 1-4 NB =       461.2558  1-4 EEL =      6182.4171  VDWAALS    =      6249.9231
 EELEC  =    -69796.9307  EHBOND  =         0.0000  RESTRAINT  =        58.8997
 EAMBER (non-restraint)  =    -53345.9838
 EKCMT  =      4795.1326  VIRIAL  =      4632.3690  VOLUME     =    175382.6539
                                                    Density    =         1.0274
 ------------------------------------------------------------------------------


 NSTEP =    39000   TIME(PS) =    1518.000  TEMP(K) =   303.11  PRESS =  -223.9
 Etot   =    -42530.1687  EKtot   =     10957.2793  EPtot      =    -53487.4480
 BOND   =       344.4528  ANGLE   =       994.7083  DIHED      =      2165.0924
 1-4 NB =       452.5061  1-4 EEL =      6168.8454  VDWAALS    =      6219.3869
 EELEC  =    -69886.5281  EHBOND  =         0.0000  RESTRAINT  =        54.0882
 EAMBER (non-restraint)  =    -53541.5362
 EKCMT  =      4732.0225  VIRIAL  =      5579.8519  VOLUME     =    175407.5959
                                                    Density    =         1.0272
 ------------------------------------------------------------------------------


 NSTEP =    39500   TIME(PS) =    1519.000  TEMP(K) =   301.97  PRESS =   183.6
 Etot   =    -42337.0736  EKtot   =     10915.7393  EPtot      =    -53252.8129
 BOND   =       332.9108  ANGLE   =      1044.4796  DIHED      =      2164.6498
 1-4 NB =       445.8922  1-4 EEL =      6164.6036  VDWAALS    =      6278.8165
 EELEC  =    -69747.6519  EHBOND  =         0.0000  RESTRAINT  =        63.4864
 EAMBER (non-restraint)  =    -53316.2993
 EKCMT  =      4744.9902  VIRIAL  =      4048.9742  VOLUME     =    175529.6827
                                                    Density    =         1.0265
 ------------------------------------------------------------------------------


 NSTEP =    40000   TIME(PS) =    1520.000  TEMP(K) =   297.31  PRESS =   219.0
 Etot   =    -42666.7167  EKtot   =     10747.3574  EPtot      =    -53414.0741
 BOND   =       367.5080  ANGLE   =       997.0833  DIHED      =      2144.5521
 1-4 NB =       449.8041  1-4 EEL =      6151.6531  VDWAALS    =      6370.6281
 EELEC  =    -69952.3788  EHBOND  =         0.0000  RESTRAINT  =        57.0758
 EAMBER (non-restraint)  =    -53471.1499
 EKCMT  =      4654.6445  VIRIAL  =      3822.1424  VOLUME     =    176034.6591
                                                    Density    =         1.0236
 ------------------------------------------------------------------------------


 NSTEP =    40500   TIME(PS) =    1521.000  TEMP(K) =   299.11  PRESS =   348.1
 Etot   =    -42471.6406  EKtot   =     10812.3799  EPtot      =    -53284.0205
 BOND   =       387.5830  ANGLE   =      1017.7892  DIHED      =      2141.0820
 1-4 NB =       441.8374  1-4 EEL =      6124.6851  VDWAALS    =      6475.7073
 EELEC  =    -69938.6642  EHBOND  =         0.0000  RESTRAINT  =        65.9597
 EAMBER (non-restraint)  =    -53349.9802
 EKCMT  =      4692.6017  VIRIAL  =      3365.0820  VOLUME     =    176636.5964
                                                    Density    =         1.0201
 ------------------------------------------------------------------------------


 NSTEP =    41000   TIME(PS) =    1522.000  TEMP(K) =   298.70  PRESS =  -250.5
 Etot   =    -42707.2982  EKtot   =     10797.6152  EPtot      =    -53504.9134
 BOND   =       349.7797  ANGLE   =       946.6481  DIHED      =      2160.6792
 1-4 NB =       453.1825  1-4 EEL =      6169.8250  VDWAALS    =      6292.7306
 EELEC  =    -69938.3945  EHBOND  =         0.0000  RESTRAINT  =        60.6360
 EAMBER (non-restraint)  =    -53565.5494
 EKCMT  =      4647.0732  VIRIAL  =      5602.4949  VOLUME     =    176671.0437
                                                    Density    =         1.0199
 ------------------------------------------------------------------------------


 NSTEP =    41500   TIME(PS) =    1523.000  TEMP(K) =   300.28  PRESS =   -10.9
 Etot   =    -42434.7668  EKtot   =     10854.9824  EPtot      =    -53289.7492
 BOND   =       341.7881  ANGLE   =       983.4604  DIHED      =      2154.8828
 1-4 NB =       449.4427  1-4 EEL =      6155.0620  VDWAALS    =      6342.9593
 EELEC  =    -69786.8651  EHBOND  =         0.0000  RESTRAINT  =        69.5205
 EAMBER (non-restraint)  =    -53359.2697
 EKCMT  =      4727.3209  VIRIAL  =      4768.9534  VOLUME     =    176583.4659
                                                    Density    =         1.0204
 ------------------------------------------------------------------------------


 NSTEP =    42000   TIME(PS) =    1524.000  TEMP(K) =   300.15  PRESS =   106.2
 Etot   =    -42422.6578  EKtot   =     10850.2295  EPtot      =    -53272.8873
 BOND   =       355.3023  ANGLE   =       962.8450  DIHED      =      2147.0888
 1-4 NB =       448.6071  1-4 EEL =      6179.0216  VDWAALS    =      6243.5923
 EELEC  =    -69671.4338  EHBOND  =         0.0000  RESTRAINT  =        62.0894
 EAMBER (non-restraint)  =    -53334.9767
 EKCMT  =      4676.0084  VIRIAL  =      4271.7780  VOLUME     =    176351.7932
                                                    Density    =         1.0217
 ------------------------------------------------------------------------------


 NSTEP =    42500   TIME(PS) =    1525.000  TEMP(K) =   298.47  PRESS =  -215.6
 Etot   =    -42502.8654  EKtot   =     10789.5508  EPtot      =    -53292.4161
 BOND   =       365.6774  ANGLE   =      1003.7466  DIHED      =      2162.3729
 1-4 NB =       451.2531  1-4 EEL =      6147.4330  VDWAALS    =      6183.3208
 EELEC  =    -69670.0202  EHBOND  =         0.0000  RESTRAINT  =        63.8001
 EAMBER (non-restraint)  =    -53356.2162
 EKCMT  =      4658.9091  VIRIAL  =      5479.0796  VOLUME     =    176160.3928
                                                    Density    =         1.0228
 ------------------------------------------------------------------------------


 NSTEP =    43000   TIME(PS) =    1526.000  TEMP(K) =   300.94  PRESS =  -132.2
 Etot   =    -42520.7685  EKtot   =     10878.8496  EPtot      =    -53399.6181
 BOND   =       344.9274  ANGLE   =      1022.3565  DIHED      =      2169.1774
 1-4 NB =       458.3169  1-4 EEL =      6145.0820  VDWAALS    =      6363.6936
 EELEC  =    -69964.9507  EHBOND  =         0.0000  RESTRAINT  =        61.7786
 EAMBER (non-restraint)  =    -53461.3968
 EKCMT  =      4793.0147  VIRIAL  =      5296.7513  VOLUME     =    176507.9629
                                                    Density    =         1.0208
 ------------------------------------------------------------------------------


 NSTEP =    43500   TIME(PS) =    1527.000  TEMP(K) =   300.46  PRESS =     6.9
 Etot   =    -42555.3547  EKtot   =     10861.2188  EPtot      =    -53416.5734
 BOND   =       364.2824  ANGLE   =      1006.8555  DIHED      =      2149.3767
 1-4 NB =       444.2434  1-4 EEL =      6102.5060  VDWAALS    =      6324.9160
 EELEC  =    -69882.1529  EHBOND  =         0.0000  RESTRAINT  =        73.3995
 EAMBER (non-restraint)  =    -53489.9730
 EKCMT  =      4737.6571  VIRIAL  =      4711.6067  VOLUME     =    175877.9643
                                                    Density    =         1.0245
 ------------------------------------------------------------------------------


 NSTEP =    44000   TIME(PS) =    1528.000  TEMP(K) =   298.72  PRESS =  -145.2
 Etot   =    -42498.4532  EKtot   =     10798.3389  EPtot      =    -53296.7920
 BOND   =       373.9641  ANGLE   =       992.8302  DIHED      =      2146.3138
 1-4 NB =       460.6617  1-4 EEL =      6128.6675  VDWAALS    =      6234.5269
 EELEC  =    -69702.3189  EHBOND  =         0.0000  RESTRAINT  =        68.5625
 EAMBER (non-restraint)  =    -53365.3546
 EKCMT  =      4647.7193  VIRIAL  =      5199.9451  VOLUME     =    176126.4083
                                                    Density    =         1.0230
 ------------------------------------------------------------------------------


 NSTEP =    44500   TIME(PS) =    1529.000  TEMP(K) =   300.29  PRESS =  -153.1
 Etot   =    -42457.8536  EKtot   =     10855.2998  EPtot      =    -53313.1534
 BOND   =       377.6022  ANGLE   =      1022.1987  DIHED      =      2158.8611
 1-4 NB =       464.9670  1-4 EEL =      6128.3433  VDWAALS    =      6240.2199
 EELEC  =    -69770.5699  EHBOND  =         0.0000  RESTRAINT  =        65.2244
 EAMBER (non-restraint)  =    -53378.3778
 EKCMT  =      4632.2586  VIRIAL  =      5214.4787  VOLUME     =    176083.7768
                                                    Density    =         1.0233
 ------------------------------------------------------------------------------


 NSTEP =    45000   TIME(PS) =    1530.000  TEMP(K) =   299.52  PRESS =    83.8
 Etot   =    -42485.6745  EKtot   =     10827.4961  EPtot      =    -53313.1705
 BOND   =       350.9443  ANGLE   =       990.7789  DIHED      =      2169.5872
 1-4 NB =       448.3616  1-4 EEL =      6138.7623  VDWAALS    =      6437.2672
 EELEC  =    -69912.2913  EHBOND  =         0.0000  RESTRAINT  =        63.4193
 EAMBER (non-restraint)  =    -53376.5899
 EKCMT  =      4713.2823  VIRIAL  =      4394.0809  VOLUME     =    176514.7449
                                                    Density    =         1.0208
 ------------------------------------------------------------------------------


 NSTEP =    45500   TIME(PS) =    1531.000  TEMP(K) =   301.15  PRESS =   137.4
 Etot   =    -42366.3415  EKtot   =     10886.1943  EPtot      =    -53252.5359
 BOND   =       378.6522  ANGLE   =      1011.8998  DIHED      =      2165.5140
 1-4 NB =       431.0496  1-4 EEL =      6111.0737  VDWAALS    =      6350.6524
 EELEC  =    -69763.7758  EHBOND  =         0.0000  RESTRAINT  =        62.3983
 EAMBER (non-restraint)  =    -53314.9342
 EKCMT  =      4728.3091  VIRIAL  =      4204.5122  VOLUME     =    176498.3873
                                                    Density    =         1.0209
 ------------------------------------------------------------------------------


 NSTEP =    46000   TIME(PS) =    1532.000  TEMP(K) =   295.29  PRESS =    34.1
 Etot   =    -42638.9590  EKtot   =     10674.3428  EPtot      =    -53313.3018
 BOND   =       344.1002  ANGLE   =      1017.4588  DIHED      =      2146.8639
 1-4 NB =       450.1819  1-4 EEL =      6149.3389  VDWAALS    =      6455.1316
 EELEC  =    -69939.7431  EHBOND  =         0.0000  RESTRAINT  =        63.3660
 EAMBER (non-restraint)  =    -53376.6678
 EKCMT  =      4707.3234  VIRIAL  =      4577.4738  VOLUME     =    176407.7888
                                                    Density    =         1.0214
 ------------------------------------------------------------------------------


 NSTEP =    46500   TIME(PS) =    1533.000  TEMP(K) =   297.84  PRESS =   110.9
 Etot   =    -42490.6059  EKtot   =     10766.6367  EPtot      =    -53257.2426
 BOND   =       365.0572  ANGLE   =      1020.3993  DIHED      =      2170.2874
 1-4 NB =       441.2838  1-4 EEL =      6136.3478  VDWAALS    =      6512.2341
 EELEC  =    -69970.1200  EHBOND  =         0.0000  RESTRAINT  =        67.2677
 EAMBER (non-restraint)  =    -53324.5103
 EKCMT  =      4689.1475  VIRIAL  =      4266.7168  VOLUME     =    176401.6906
                                                    Density    =         1.0214
 ------------------------------------------------------------------------------


 NSTEP =    47000   TIME(PS) =    1534.000  TEMP(K) =   298.89  PRESS =   -86.8
 Etot   =    -42670.4565  EKtot   =     10804.6660  EPtot      =    -53475.1226
 BOND   =       357.6523  ANGLE   =       985.0140  DIHED      =      2172.9982
 1-4 NB =       447.4982  1-4 EEL =      6144.0661  VDWAALS    =      6367.8609
 EELEC  =    -70010.1742  EHBOND  =         0.0000  RESTRAINT  =        59.9619
 EAMBER (non-restraint)  =    -53535.0845
 EKCMT  =      4729.4420  VIRIAL  =      5059.0439  VOLUME     =    175941.2833
                                                    Density    =         1.0241
 ------------------------------------------------------------------------------


 NSTEP =    47500   TIME(PS) =    1535.000  TEMP(K) =   298.11  PRESS =   -18.6
 Etot   =    -42558.2167  EKtot   =     10776.1992  EPtot      =    -53334.4159
 BOND   =       360.4333  ANGLE   =      1007.6901  DIHED      =      2159.3902
 1-4 NB =       441.7801  1-4 EEL =      6153.5900  VDWAALS    =      6372.6899
 EELEC  =    -69888.6167  EHBOND  =         0.0000  RESTRAINT  =        58.6273
 EAMBER (non-restraint)  =    -53393.0432
 EKCMT  =      4736.6524  VIRIAL  =      4807.2069  VOLUME     =    176019.2445
                                                    Density    =         1.0237
 ------------------------------------------------------------------------------


 NSTEP =    48000   TIME(PS) =    1536.000  TEMP(K) =   302.26  PRESS =    64.5
 Etot   =    -42373.8565  EKtot   =     10926.4150  EPtot      =    -53300.2715
 BOND   =       341.4501  ANGLE   =      1037.1861  DIHED      =      2141.5708
 1-4 NB =       436.4184  1-4 EEL =      6159.3722  VDWAALS    =      6271.6415
 EELEC  =    -69755.1516  EHBOND  =         0.0000  RESTRAINT  =        67.2411
 EAMBER (non-restraint)  =    -53367.5126
 EKCMT  =      4765.8534  VIRIAL  =      4521.1195  VOLUME     =    175824.4946
                                                    Density    =         1.0248
 ------------------------------------------------------------------------------


 NSTEP =    48500   TIME(PS) =    1537.000  TEMP(K) =   301.65  PRESS =   208.0
 Etot   =    -42456.6727  EKtot   =     10904.1875  EPtot      =    -53360.8602
 BOND   =       322.5298  ANGLE   =      1026.3251  DIHED      =      2157.8162
 1-4 NB =       457.4872  1-4 EEL =      6163.1168  VDWAALS    =      6343.8052
 EELEC  =    -69898.5437  EHBOND  =         0.0000  RESTRAINT  =        66.6032
 EAMBER (non-restraint)  =    -53427.4634
 EKCMT  =      4832.9955  VIRIAL  =      4043.0720  VOLUME     =    175883.3717
                                                    Density    =         1.0245
 ------------------------------------------------------------------------------


 NSTEP =    49000   TIME(PS) =    1538.000  TEMP(K) =   300.01  PRESS =   -32.0
 Etot   =    -42580.3146  EKtot   =     10844.9893  EPtot      =    -53425.3038
 BOND   =       370.7170  ANGLE   =      1022.7961  DIHED      =      2154.1092
 1-4 NB =       463.0343  1-4 EEL =      6121.6227  VDWAALS    =      6352.0802
 EELEC  =    -69971.9041  EHBOND  =         0.0000  RESTRAINT  =        62.2407
 EAMBER (non-restraint)  =    -53487.5445
 EKCMT  =      4695.8670  VIRIAL  =      4817.4174  VOLUME     =    175922.7433
                                                    Density    =         1.0242
 ------------------------------------------------------------------------------


 NSTEP =    49500   TIME(PS) =    1539.000  TEMP(K) =   297.92  PRESS =   -42.4
 Etot   =    -42391.4408  EKtot   =     10769.5869  EPtot      =    -53161.0277
 BOND   =       358.4844  ANGLE   =      1037.2141  DIHED      =      2158.0860
 1-4 NB =       443.4071  1-4 EEL =      6171.4126  VDWAALS    =      6243.5277
 EELEC  =    -69633.5081  EHBOND  =         0.0000  RESTRAINT  =        60.3485
 EAMBER (non-restraint)  =    -53221.3762
 EKCMT  =      4662.5717  VIRIAL  =      4823.7688  VOLUME     =    175984.7550
                                                    Density    =         1.0239
 ------------------------------------------------------------------------------


 NSTEP =    50000   TIME(PS) =    1540.000  TEMP(K) =   299.98  PRESS =     9.4
 Etot   =    -42499.1050  EKtot   =     10843.9619  EPtot      =    -53343.0670
 BOND   =       367.3871  ANGLE   =       987.1520  DIHED      =      2162.0239
 1-4 NB =       442.8975  1-4 EEL =      6109.4991  VDWAALS    =      6311.9512
 EELEC  =    -69782.5573  EHBOND  =         0.0000  RESTRAINT  =        58.5796
 EAMBER (non-restraint)  =    -53401.6465
 EKCMT  =      4716.7359  VIRIAL  =      4680.9254  VOLUME     =    175865.3411
                                                    Density    =         1.0246
 ------------------------------------------------------------------------------


      A V E R A G E S   O V E R     100 S T E P S


 NSTEP =    50000   TIME(PS) =    1540.000  TEMP(K) =   299.59  PRESS =    -0.6
 Etot   =    -42461.0854  EKtot   =     10830.0203  EPtot      =    -53291.1057
 BOND   =       355.9552  ANGLE   =      1002.6701  DIHED      =      2161.0729
 1-4 NB =       451.4512  1-4 EEL =      6163.7518  VDWAALS    =      6300.3985
 EELEC  =    -69789.4576  EHBOND  =         0.0000  RESTRAINT  =        63.0522
 EAMBER (non-restraint)  =    -53354.1580
 EKCMT  =      4715.9224  VIRIAL  =      4718.1186  VOLUME     =    176015.0261
                                                    Density    =         1.0237
 ------------------------------------------------------------------------------


      R M S  F L U C T U A T I O N S


 NSTEP =    50000   TIME(PS) =    1540.000  TEMP(K) =     1.91  PRESS =   161.1
 Etot   =       119.0432  EKtot   =        69.0317  EPtot      =       100.8373
 BOND   =        14.9792  ANGLE   =        24.1772  DIHED      =        10.9416
 1-4 NB =         9.3858  1-4 EEL =        21.6752  VDWAALS    =        98.4259
 EELEC  =       146.0629  EHBOND  =         0.0000  RESTRAINT  =         4.2524
 EAMBER (non-restraint)  =        96.5849
 EKCMT  =        47.9825  VIRIAL  =       605.2176  VOLUME     =       398.2547
                                                    Density    =         0.0023
 ------------------------------------------------------------------------------

--------------------------------------------------------------------------------
   5.  TIMINGS
--------------------------------------------------------------------------------

|  NonSetup CPU Time in Major Routines:
|
|     Routine           Sec        %
|     ------------------------------
|     Nonbond          90.94   87.23
|     Bond              0.00    0.00
|     Angle             0.00    0.00
|     Dihedral          0.00    0.00
|     Shake             0.34    0.33
|     RunMD            12.92   12.39
|     Other             0.05    0.05
|     ------------------------------
|     Total           104.25

|  PME Nonbond Pairlist CPU Time:
|
|     Routine              Sec        %
|     ---------------------------------
|     Set Up Cit           0.00    0.00
|     Build List           0.00    0.00
|     ---------------------------------
|     Total                0.00    0.00

|  PME Direct Force CPU Time:
|
|     Routine              Sec        %
|     ---------------------------------
|     NonBonded Calc       0.00    0.00
|     Exclude Masked       0.00    0.00
|     Other                0.02    0.02
|     ---------------------------------
|     Total                0.02    0.02

|  PME Reciprocal Force CPU Time:
|
|     Routine              Sec        %
|     ---------------------------------
|     1D bspline           0.00    0.00
|     Grid Charges         0.00    0.00
|     Scalar Sum           0.00    0.00
|     Gradient Sum         0.00    0.00
|     FFT                  0.00    0.00
|     ---------------------------------
|     Total                0.00    0.00

|  Final Performance Info:
|     -----------------------------------------------------
|     Average timings for last   21000 steps:
|     Elapsed(s) =      43.77 Per Step(ms) =       2.08
|         ns/day =      82.91   seconds/ns =    1042.13
|
|     Average timings for all steps:
|     Elapsed(s) =     104.25 Per Step(ms) =       2.09
|         ns/day =      82.88   seconds/ns =    1042.50
|     -----------------------------------------------------

|  Setup CPU time:            0.48 seconds
|  NonSetup CPU time:       104.25 seconds
|  Total CPU time:          104.73 seconds     0.03 hours

|  Setup wall time:           1    seconds
|  NonSetup wall time:      104    seconds
|  Total wall time:         105    seconds     0.03 hours
