
          -------------------------------------------------------
          Amber 16 PMEMD                              2016
          -------------------------------------------------------

| PMEMD implementation of SANDER, Release 16

| Run on 07/03/2017 at 19:14:27

|   Executable path: pmemd.cuda
| Working directory: /home/german/obp/run/wt_eol/mhe/e
|          Hostname: Unknown
  [-O]verwriting output

File Assignments:
|   MDIN: 24equ.in                                                              
|  MDOUT: 24equ.out                                                             
| INPCRD: 23ewt_eol.rst7                                                        
|   PARM: /home/german/obp/top_files/wt_eol.prmtop                              
| RESTRT: 24ewt_eol.rst7                                                        
|   REFC: 23ewt_eol.rst7                                                        
|  MDVEL: mdvel                                                                 
|   MDEN: mden                                                                  
|  MDCRD: 24ewt_eol.nc                                                          
| MDINFO: mdinfo                                                                
|  MDFRC: mdfrc                                                                 


 Here is the input file:

Equilibration with solute restrictions                                         
&cntrl                                                                         
imin = 0,                           ! No Minimization                          
nmropt = 0,                         ! No NMR restraints read                   
                                                                               
! Nature and format of the input                                               
ntx = 5,                            ! Coordinates but no velocities will be rea
irest = 1,                          ! Do not run a new simulation              
                                                                               
! Nature and format of the output                                              
ntxo = 1,                           ! rstrt file in ASCII format               
ntpr = 500,                         ! inf in output every ntpr steps           
ntwr = 500,                         ! rstrt file every ntwr steps              
ntwx = 500,                         ! mdcrd file every ntwx steps              
ntwv = 0,                           ! mdvel without velocities                 
ntwe = 0,                           ! Energies and temperatures not written in 
idecomp = 0,                        ! No energy decomposition                  
iwrap = 1,                          ! Coordinates of the restart and mdcrd file
                                                                               
! Frozen or restrained atoms                                                   
ibelly = 0,                         ! No frozen atoms                          
ntr=1,                              ! Harmonic potential restraints            
restraint_wt = 0.3,                ! The weight for the positional restraints  
restraintmask = ':1-120@N,CA,C,O',  ! restrained residues                      
                                                                               
! Molecular dynamics                                                           
nstlim = 50000,                     ! Number of MD-steps                       
dt = 0.002,                         ! Time step                                
                                                                               
! Temperature regulation                                                       
ntt = 3,                            ! Langevin thermostat                      
gamma_ln = 5,                       ! Gamma constant for Langevin              
!temp0 = 300.0,                     ! Reference T at which the system is to be 
tempi = 300.0,                      ! Initial T                                
ig = -1,                            ! Seed for the RNG                         
                                                                               
! P and V regulation                                                           
ntp = 1,                            ! Constant P. Isotropic scaling            
barostat = 1,                       ! Berendsen barostat                       
taup = 1,                           ! Pressure relaxation time                 
nrespa = 1,                         ! Evaluate at each step                    
ntb = 2,                            ! Periodic box for constant P              
                                                                               
! SHAKE variables                                                              
ntc = 2,                            ! Bonds involving H are constrained        
ntf = 2,                            ! Bond interaction involving H are ommited.
                                                                               
cut = 10.0,                         ! Nonbonded cutoff                         
/                                                                              
&end                                                                           


Note: ig = -1. Setting random seed to   760106 based on wallclock time in 
      microseconds.
 
|--------------------- INFORMATION ----------------------
| GPU (CUDA) Version of PMEMD in use: NVIDIA GPU IN USE.
|                    Version 16.0.0
| 
|                      02/25/2016
| 
| Implementation by:
|                    Ross C. Walker     (SDSC)
|                    Scott Le Grand     (nVIDIA)
| 
| Precision model in use:
|      [SPFP] - Single Precision Forces, 64-bit Fixed Point
|               Accumulation. (Default)
| 
|--------------------------------------------------------
 
|----------------- CITATION INFORMATION -----------------
|
|    When publishing work that utilized the CUDA version
|    of AMBER, please cite the following in addition to
|    the regular AMBER citations:
|
|  - Romelia Salomon-Ferrer; Andreas W. Goetz; Duncan
|    Poole; Scott Le Grand; Ross C. Walker "Routine
|    microsecond molecular dynamics simulations with
|    AMBER - Part II: Particle Mesh Ewald", J. Chem.
|    Theory Comput., 2013, 9 (9), pp3878-3888,
|    DOI: 10.1021/ct400314y.
|
|  - Andreas W. Goetz; Mark J. Williamson; Dong Xu;
|    Duncan Poole; Scott Le Grand; Ross C. Walker
|    "Routine microsecond molecular dynamics simulations
|    with AMBER - Part I: Generalized Born", J. Chem.
|    Theory Comput., 2012, 8 (5), pp1542-1555.
|
|  - Scott Le Grand; Andreas W. Goetz; Ross C. Walker
|    "SPFP: Speed without compromise - a mixed precision
|    model for GPU accelerated molecular dynamics
|    simulations.", Comp. Phys. Comm., 2013, 184
|    pp374-380, DOI: 10.1016/j.cpc.2012.09.022
|
|--------------------------------------------------------
 
|------------------- GPU DEVICE INFO --------------------
|
|            CUDA_VISIBLE_DEVICES: 1
|   CUDA Capable Devices Detected:      1
|           CUDA Device ID in use:      0
|                CUDA Device Name: GeForce GTX 1060 6GB
|     CUDA Device Global Mem Size:   6072 MB
| CUDA Device Num Multiprocessors:     10
|           CUDA Device Core Freq:   1.76 GHz
|
|--------------------------------------------------------
 
 
| Conditional Compilation Defines Used:
| PUBFFT
| BINTRAJ
| CUDA
| EMIL

| Largest sphere to fit in unit cell has radius =    26.354

| New format PARM file being parsed.
| Version =    1.000 Date = 02/20/15 Time = 17:35:00

| Note: 1-4 EEL scale factors are being read from the topology file.

| Note: 1-4 VDW scale factors are being read from the topology file.
| Duplicated    0 dihedrals

| Duplicated    0 dihedrals

--------------------------------------------------------------------------------
   1.  RESOURCE   USE: 
--------------------------------------------------------------------------------

 getting new box info from bottom of inpcrd
 NATOM  =   17712 NTYPES =      18 NBONH =   16754 MBONA  =     963
 NTHETH =    2242 MTHETA =    1293 NPHIH =    4367 MPHIA  =    4396
 NHPARM =       0 NPARM  =       0 NNB   =   31725 NRES   =    5382
 NBONA  =     963 NTHETA =    1293 NPHIA =    4396 NUMBND =      72
 NUMANG =     151 NPTRA  =     245 NATYP =      42 NPHB   =       1
 IFBOX  =       1 NMXRS  =      24 IFCAP =       0 NEXTRA =       0
 NCOPY  =       0

| Coordinate Index Table dimensions:    10   10    9
| Direct force subcell size =     5.6800    5.8791    5.8565

     BOX TYPE: RECTILINEAR

--------------------------------------------------------------------------------
   2.  CONTROL  DATA  FOR  THE  RUN
--------------------------------------------------------------------------------

default_name                                                                    

General flags:
     imin    =       0, nmropt  =       0

Nature and format of input:
     ntx     =       5, irest   =       1, ntrx    =       1

Nature and format of output:
     ntxo    =       1, ntpr    =     500, ntrx    =       1, ntwr    =     500
     iwrap   =       1, ntwx    =     500, ntwv    =       0, ntwe    =       0
     ioutfm  =       1, ntwprt  =       0, idecomp =       0, rbornstat=      0

Potential function:
     ntf     =       2, ntb     =       2, igb     =       0, nsnb    =      25
     ipol    =       0, gbsa    =       0, iesp    =       0
     dielc   =   1.00000, cut     =  10.00000, intdiel =   1.00000

Frozen or restrained atoms:
     ibelly  =       0, ntr     =       1
     restraint_wt =   0.30000

Molecular dynamics:
     nstlim  =     50000, nscm    =         0, nrespa  =         1
     t       =   0.00000, dt      =   0.00200, vlimit  =  -1.00000

Langevin dynamics temperature regulation:
     ig      =  760106
     temp0   = 300.00000, tempi   = 300.00000, gamma_ln=   5.00000

Pressure regulation:
     ntp     =       1
     pres0   =   1.00000, comp    =  44.60000, taup    =   1.00000

SHAKE:
     ntc     =       2, jfastw  =       0
     tol     =   0.00001

| Intermolecular bonds treatment:
|     no_intermolecular_bonds =       1

| Energy averages sample interval:
|     ene_avg_sampling =     500

Ewald parameters:
     verbose =       0, ew_type =       0, nbflag  =       1, use_pme =       1
     vdwmeth =       1, eedmeth =       1, netfrc  =       1
     Box X =   56.800   Box Y =   58.791   Box Z =   52.708
     Alpha =   90.000   Beta  =   90.000   Gamma =   90.000
     NFFT1 =   64       NFFT2 =   64       NFFT3 =   56
     Cutoff=   10.000   Tol   =0.100E-04
     Ewald Coefficient =  0.27511
     Interpolation order =    4

    LOADING THE CONSTRAINED ATOMS AS GROUPS


   5.  REFERENCE ATOM COORDINATES

  default_name                                                                    
     Mask :1-120@N,CA,C,O; matches   476 atoms

--------------------------------------------------------------------------------
   3.  ATOMIC COORDINATES AND VELOCITIES
--------------------------------------------------------------------------------

default_name                                                                    
 begin time read from input coords =  2440.000 ps

 
 Number of triangulated 3-point waters found:     5259

     Sum of charges from parm topology file =  -0.00000007
     Forcing neutrality...

| Dynamic Memory, Types Used:
| Reals              899290
| Integers           629334

| Nonbonded Pairs Initial Allocation:     5357437

| GPU memory information (estimate):
| KB of GPU memory in use:    114971
| KB of CPU memory in use:     23987

--------------------------------------------------------------------------------
   4.  RESULTS
--------------------------------------------------------------------------------

 ---------------------------------------------------
 APPROXIMATING switch and d/dx switch using CUBIC SPLINE INTERPOLATION
 using   5000.0 points per unit in tabled values
 TESTING RELATIVE ERROR over r ranging from 0.0 to cutoff
| CHECK switch(x): max rel err =   0.2738E-14   at   2.422500
| CHECK d/dx switch(x): max rel err =   0.8314E-11   at   2.736960
 ---------------------------------------------------
|---------------------------------------------------
| APPROXIMATING direct energy using CUBIC SPLINE INTERPOLATION
|  with   50.0 points per unit in tabled values
| Relative Error Limit not exceeded for r .gt.   2.33
| APPROXIMATING direct force using CUBIC SPLINE INTERPOLATION
|  with   50.0 points per unit in tabled values
| Relative Error Limit not exceeded for r .gt.   2.80
|---------------------------------------------------

 NSTEP =      500   TIME(PS) =    2441.000  TEMP(K) =   299.28  PRESS =   -49.3
 Etot   =    -42416.0481  EKtot   =     10818.4932  EPtot      =    -53234.5413
 BOND   =       376.8004  ANGLE   =      1028.1118  DIHED      =      2163.0005
 1-4 NB =       448.5487  1-4 EEL =      6137.8876  VDWAALS    =      6156.7208
 EELEC  =    -69565.3252  EHBOND  =         0.0000  RESTRAINT  =        19.7142
 EAMBER (non-restraint)  =    -53254.2555
 EKCMT  =      4660.3078  VIRIAL  =      4847.6764  VOLUME     =    175872.9061
                                                    Density    =         1.0245
 ------------------------------------------------------------------------------


 NSTEP =     1000   TIME(PS) =    2442.000  TEMP(K) =   303.33  PRESS =  -278.8
 Etot   =    -42389.4372  EKtot   =     10964.9014  EPtot      =    -53354.3385
 BOND   =       339.6646  ANGLE   =      1027.5241  DIHED      =      2172.4834
 1-4 NB =       478.8586  1-4 EEL =      6173.1098  VDWAALS    =      6224.8588
 EELEC  =    -69789.1475  EHBOND  =         0.0000  RESTRAINT  =        18.3095
 EAMBER (non-restraint)  =    -53372.6480
 EKCMT  =      4722.9801  VIRIAL  =      5783.0859  VOLUME     =    176136.9063
                                                    Density    =         1.0230
 ------------------------------------------------------------------------------


 NSTEP =     1500   TIME(PS) =    2443.000  TEMP(K) =   299.10  PRESS =    55.6
 Etot   =    -42408.4950  EKtot   =     10812.1445  EPtot      =    -53220.6395
 BOND   =       351.2906  ANGLE   =      1004.0086  DIHED      =      2157.8643
 1-4 NB =       442.1586  1-4 EEL =      6146.0889  VDWAALS    =      6237.0026
 EELEC  =    -69583.0656  EHBOND  =         0.0000  RESTRAINT  =        24.0124
 EAMBER (non-restraint)  =    -53244.6519
 EKCMT  =      4689.2947  VIRIAL  =      4477.6822  VOLUME     =    176282.4624
                                                    Density    =         1.0221
 ------------------------------------------------------------------------------


 NSTEP =     2000   TIME(PS) =    2444.000  TEMP(K) =   304.95  PRESS =   -64.8
 Etot   =    -42252.5044  EKtot   =     11023.6680  EPtot      =    -53276.1723
 BOND   =       369.9847  ANGLE   =       992.8869  DIHED      =      2175.0338
 1-4 NB =       456.4897  1-4 EEL =      6165.4192  VDWAALS    =      6324.1186
 EELEC  =    -69779.5937  EHBOND  =         0.0000  RESTRAINT  =        19.4885
 EAMBER (non-restraint)  =    -53295.6608
 EKCMT  =      4744.5967  VIRIAL  =      4991.0719  VOLUME     =    176119.6096
                                                    Density    =         1.0231
 ------------------------------------------------------------------------------


 NSTEP =     2500   TIME(PS) =    2445.000  TEMP(K) =   301.08  PRESS =    66.2
 Etot   =    -42469.4332  EKtot   =     10883.6797  EPtot      =    -53353.1128
 BOND   =       353.3272  ANGLE   =       982.1917  DIHED      =      2156.4516
 1-4 NB =       448.8927  1-4 EEL =      6175.4126  VDWAALS    =      6393.7190
 EELEC  =    -69884.2623  EHBOND  =         0.0000  RESTRAINT  =        21.1545
 EAMBER (non-restraint)  =    -53374.2674
 EKCMT  =      4755.4165  VIRIAL  =      4503.1535  VOLUME     =    176574.4568
                                                    Density    =         1.0204
 ------------------------------------------------------------------------------


 NSTEP =     3000   TIME(PS) =    2446.000  TEMP(K) =   302.04  PRESS =  -128.8
 Etot   =    -42475.1728  EKtot   =     10918.4883  EPtot      =    -53393.6611
 BOND   =       365.0676  ANGLE   =       954.6496  DIHED      =      2147.8378
 1-4 NB =       449.5171  1-4 EEL =      6165.2514  VDWAALS    =      6315.0293
 EELEC  =    -69811.6604  EHBOND  =         0.0000  RESTRAINT  =        20.6466
 EAMBER (non-restraint)  =    -53414.3077
 EKCMT  =      4753.0251  VIRIAL  =      5243.2964  VOLUME     =    176288.8320
                                                    Density    =         1.0221
 ------------------------------------------------------------------------------


 NSTEP =     3500   TIME(PS) =    2447.000  TEMP(K) =   299.15  PRESS =   -82.7
 Etot   =    -42216.2550  EKtot   =     10813.9658  EPtot      =    -53030.2208
 BOND   =       365.8608  ANGLE   =      1024.4286  DIHED      =      2182.8584
 1-4 NB =       457.5586  1-4 EEL =      6204.1513  VDWAALS    =      6178.9975
 EELEC  =    -69464.6234  EHBOND  =         0.0000  RESTRAINT  =        20.5475
 EAMBER (non-restraint)  =    -53050.7682
 EKCMT  =      4682.6559  VIRIAL  =      4997.1845  VOLUME     =    176156.3349
                                                    Density    =         1.0229
 ------------------------------------------------------------------------------


 NSTEP =     4000   TIME(PS) =    2448.000  TEMP(K) =   300.88  PRESS =  -236.2
 Etot   =    -42314.4977  EKtot   =     10876.3516  EPtot      =    -53190.8493
 BOND   =       363.5747  ANGLE   =       973.4510  DIHED      =      2159.6122
 1-4 NB =       441.1748  1-4 EEL =      6150.1432  VDWAALS    =      6285.8365
 EELEC  =    -69585.8960  EHBOND  =         0.0000  RESTRAINT  =        21.2545
 EAMBER (non-restraint)  =    -53212.1037
 EKCMT  =      4755.0274  VIRIAL  =      5651.1669  VOLUME     =    175747.5769
                                                    Density    =         1.0252
 ------------------------------------------------------------------------------


 NSTEP =     4500   TIME(PS) =    2449.000  TEMP(K) =   301.64  PRESS =   109.6
 Etot   =    -42240.4386  EKtot   =     10904.0059  EPtot      =    -53144.4445
 BOND   =       362.3337  ANGLE   =      1035.0359  DIHED      =      2158.6979
 1-4 NB =       445.9215  1-4 EEL =      6146.9404  VDWAALS    =      6288.8179
 EELEC  =    -69606.7936  EHBOND  =         0.0000  RESTRAINT  =        24.6017
 EAMBER (non-restraint)  =    -53169.0462
 EKCMT  =      4787.5946  VIRIAL  =      4371.9879  VOLUME     =    175642.4155
                                                    Density    =         1.0259
 ------------------------------------------------------------------------------


 NSTEP =     5000   TIME(PS) =    2450.000  TEMP(K) =   301.73  PRESS =   -92.0
 Etot   =    -42394.0837  EKtot   =     10907.0693  EPtot      =    -53301.1530
 BOND   =       328.8093  ANGLE   =      1026.4621  DIHED      =      2173.3957
 1-4 NB =       466.5454  1-4 EEL =      6184.9382  VDWAALS    =      6138.1760
 EELEC  =    -69642.0968  EHBOND  =         0.0000  RESTRAINT  =        22.6171
 EAMBER (non-restraint)  =    -53323.7702
 EKCMT  =      4725.8050  VIRIAL  =      5074.7253  VOLUME     =    175737.2947
                                                    Density    =         1.0253
 ------------------------------------------------------------------------------


 NSTEP =     5500   TIME(PS) =    2451.000  TEMP(K) =   299.71  PRESS =   -38.0
 Etot   =    -42354.2992  EKtot   =     10834.3262  EPtot      =    -53188.6254
 BOND   =       367.7232  ANGLE   =      1013.9759  DIHED      =      2159.4306
 1-4 NB =       446.6367  1-4 EEL =      6166.8540  VDWAALS    =      6263.6237
 EELEC  =    -69632.4815  EHBOND  =         0.0000  RESTRAINT  =        25.6121
 EAMBER (non-restraint)  =    -53214.2375
 EKCMT  =      4736.9825  VIRIAL  =      4881.3727  VOLUME     =    175881.1234
                                                    Density    =         1.0245
 ------------------------------------------------------------------------------


 NSTEP =     6000   TIME(PS) =    2452.000  TEMP(K) =   296.97  PRESS =   219.5
 Etot   =    -42486.1253  EKtot   =     10735.2324  EPtot      =    -53221.3577
 BOND   =       359.5840  ANGLE   =      1006.8038  DIHED      =      2177.4670
 1-4 NB =       455.5077  1-4 EEL =      6172.6764  VDWAALS    =      6607.4495
 EELEC  =    -70023.0089  EHBOND  =         0.0000  RESTRAINT  =        22.1629
 EAMBER (non-restraint)  =    -53243.5205
 EKCMT  =      4644.7122  VIRIAL  =      3808.3089  VOLUME     =    176518.7172
                                                    Density    =         1.0208
 ------------------------------------------------------------------------------


 NSTEP =     6500   TIME(PS) =    2453.000  TEMP(K) =   300.38  PRESS =   176.6
 Etot   =    -42261.6357  EKtot   =     10858.5322  EPtot      =    -53120.1679
 BOND   =       333.2331  ANGLE   =      1018.3960  DIHED      =      2161.8826
 1-4 NB =       441.9386  1-4 EEL =      6170.7513  VDWAALS    =      6259.1733
 EELEC  =    -69531.4477  EHBOND  =         0.0000  RESTRAINT  =        25.9050
 EAMBER (non-restraint)  =    -53146.0729
 EKCMT  =      4655.8672  VIRIAL  =      3981.5633  VOLUME     =    176792.6840
                                                    Density    =         1.0192
 ------------------------------------------------------------------------------


 NSTEP =     7000   TIME(PS) =    2454.000  TEMP(K) =   299.65  PRESS =    29.0
 Etot   =    -42402.3142  EKtot   =     10832.1455  EPtot      =    -53234.4597
 BOND   =       349.4733  ANGLE   =      1018.6609  DIHED      =      2175.5871
 1-4 NB =       454.7701  1-4 EEL =      6154.8064  VDWAALS    =      6300.7707
 EELEC  =    -69708.3278  EHBOND  =         0.0000  RESTRAINT  =        19.7994
 EAMBER (non-restraint)  =    -53254.2591
 EKCMT  =      4677.1054  VIRIAL  =      4566.6312  VOLUME     =    176725.3076
                                                    Density    =         1.0196
 ------------------------------------------------------------------------------


 NSTEP =     7500   TIME(PS) =    2455.000  TEMP(K) =   297.23  PRESS =    29.4
 Etot   =    -42500.5821  EKtot   =     10744.6426  EPtot      =    -53245.2246
 BOND   =       351.2673  ANGLE   =      1037.0771  DIHED      =      2185.7601
 1-4 NB =       437.2338  1-4 EEL =      6152.7980  VDWAALS    =      6135.7811
 EELEC  =    -69566.3044  EHBOND  =         0.0000  RESTRAINT  =        21.1625
 EAMBER (non-restraint)  =    -53266.3871
 EKCMT  =      4674.8794  VIRIAL  =      4562.9051  VOLUME     =    176122.4571
                                                    Density    =         1.0231
 ------------------------------------------------------------------------------


 NSTEP =     8000   TIME(PS) =    2456.000  TEMP(K) =   301.81  PRESS =  -190.5
 Etot   =    -42288.8130  EKtot   =     10910.3037  EPtot      =    -53199.1167
 BOND   =       347.6161  ANGLE   =      1018.3154  DIHED      =      2167.2249
 1-4 NB =       455.7139  1-4 EEL =      6162.9843  VDWAALS    =      6168.5465
 EELEC  =    -69540.7987  EHBOND  =         0.0000  RESTRAINT  =        21.2810
 EAMBER (non-restraint)  =    -53220.3977
 EKCMT  =      4799.9880  VIRIAL  =      5524.9115  VOLUME     =    176206.6929
                                                    Density    =         1.0226
 ------------------------------------------------------------------------------


 NSTEP =     8500   TIME(PS) =    2457.000  TEMP(K) =   303.96  PRESS =  -221.0
 Etot   =    -42321.2496  EKtot   =     10987.8145  EPtot      =    -53309.0641
 BOND   =       342.8443  ANGLE   =       992.9864  DIHED      =      2170.4216
 1-4 NB =       464.3605  1-4 EEL =      6155.8767  VDWAALS    =      6179.6371
 EELEC  =    -69638.2897  EHBOND  =         0.0000  RESTRAINT  =        23.0991
 EAMBER (non-restraint)  =    -53332.1631
 EKCMT  =      4771.8972  VIRIAL  =      5613.0489  VOLUME     =    176271.6881
                                                    Density    =         1.0222
 ------------------------------------------------------------------------------


 NSTEP =     9000   TIME(PS) =    2458.000  TEMP(K) =   299.74  PRESS =   -25.7
 Etot   =    -42327.0825  EKtot   =     10835.2754  EPtot      =    -53162.3579
 BOND   =       327.8070  ANGLE   =       999.3819  DIHED      =      2150.8439
 1-4 NB =       462.2794  1-4 EEL =      6225.6416  VDWAALS    =      6347.5143
 EELEC  =    -69699.0297  EHBOND  =         0.0000  RESTRAINT  =        23.2037
 EAMBER (non-restraint)  =    -53185.5616
 EKCMT  =      4740.7548  VIRIAL  =      4838.6852  VOLUME     =    176572.7655
                                                    Density    =         1.0205
 ------------------------------------------------------------------------------


 NSTEP =     9500   TIME(PS) =    2459.000  TEMP(K) =   300.48  PRESS =  -223.7
 Etot   =    -42463.0919  EKtot   =     10862.1006  EPtot      =    -53325.1925
 BOND   =       354.6419  ANGLE   =       993.2907  DIHED      =      2163.8326
 1-4 NB =       450.2726  1-4 EEL =      6179.6835  VDWAALS    =      6206.9120
 EELEC  =    -69696.3709  EHBOND  =         0.0000  RESTRAINT  =        22.5450
 EAMBER (non-restraint)  =    -53347.7375
 EKCMT  =      4683.7308  VIRIAL  =      5535.7395  VOLUME     =    176366.7467
                                                    Density    =         1.0216
 ------------------------------------------------------------------------------


 NSTEP =    10000   TIME(PS) =    2460.000  TEMP(K) =   298.87  PRESS =  -100.4
 Etot   =    -42461.8750  EKtot   =     10804.0332  EPtot      =    -53265.9082
 BOND   =       340.4594  ANGLE   =      1004.9904  DIHED      =      2151.7101
 1-4 NB =       467.2476  1-4 EEL =      6163.8280  VDWAALS    =      6307.2662
 EELEC  =    -69723.1899  EHBOND  =         0.0000  RESTRAINT  =        21.7800
 EAMBER (non-restraint)  =    -53287.6882
 EKCMT  =      4674.7110  VIRIAL  =      5056.9766  VOLUME     =    176367.0829
                                                    Density    =         1.0216
 ------------------------------------------------------------------------------


 NSTEP =    10500   TIME(PS) =    2461.000  TEMP(K) =   296.02  PRESS =   -71.3
 Etot   =    -42487.6977  EKtot   =     10700.9639  EPtot      =    -53188.6616
 BOND   =       368.5508  ANGLE   =      1002.7592  DIHED      =      2157.7320
 1-4 NB =       452.0850  1-4 EEL =      6196.8969  VDWAALS    =      6237.2540
 EELEC  =    -69628.6280  EHBOND  =         0.0000  RESTRAINT  =        24.6885
 EAMBER (non-restraint)  =    -53213.3500
 EKCMT  =      4629.2575  VIRIAL  =      4899.8121  VOLUME     =    175844.5704
                                                    Density    =         1.0247
 ------------------------------------------------------------------------------


 NSTEP =    11000   TIME(PS) =    2462.000  TEMP(K) =   298.67  PRESS =   301.3
 Etot   =    -42435.2200  EKtot   =     10796.7861  EPtot      =    -53232.0061
 BOND   =       373.3162  ANGLE   =      1028.1765  DIHED      =      2150.5745
 1-4 NB =       453.7059  1-4 EEL =      6173.2845  VDWAALS    =      6329.6063
 EELEC  =    -69764.6229  EHBOND  =         0.0000  RESTRAINT  =        23.9530
 EAMBER (non-restraint)  =    -53255.9591
 EKCMT  =      4701.5347  VIRIAL  =      3554.8809  VOLUME     =    176284.3171
                                                    Density    =         1.0221
 ------------------------------------------------------------------------------


 NSTEP =    11500   TIME(PS) =    2463.000  TEMP(K) =   298.44  PRESS =    51.5
 Etot   =    -42470.5568  EKtot   =     10788.2441  EPtot      =    -53258.8009
 BOND   =       362.9280  ANGLE   =      1005.2842  DIHED      =      2169.0796
 1-4 NB =       442.8156  1-4 EEL =      6164.8465  VDWAALS    =      6251.9350
 EELEC  =    -69676.5074  EHBOND  =         0.0000  RESTRAINT  =        20.8175
 EAMBER (non-restraint)  =    -53279.6183
 EKCMT  =      4719.1245  VIRIAL  =      4523.6253  VOLUME     =    175844.8349
                                                    Density    =         1.0247
 ------------------------------------------------------------------------------


 NSTEP =    12000   TIME(PS) =    2464.000  TEMP(K) =   298.71  PRESS =    -8.3
 Etot   =    -42570.8587  EKtot   =     10797.9189  EPtot      =    -53368.7776
 BOND   =       333.4409  ANGLE   =      1006.2845  DIHED      =      2176.3408
 1-4 NB =       459.8208  1-4 EEL =      6180.6062  VDWAALS    =      6375.3353
 EELEC  =    -69927.4546  EHBOND  =         0.0000  RESTRAINT  =        26.8485
 EAMBER (non-restraint)  =    -53395.6261
 EKCMT  =      4665.7380  VIRIAL  =      4697.0657  VOLUME     =    175703.2710
                                                    Density    =         1.0255
 ------------------------------------------------------------------------------


 NSTEP =    12500   TIME(PS) =    2465.000  TEMP(K) =   297.33  PRESS =   359.2
 Etot   =    -42525.3194  EKtot   =     10748.0879  EPtot      =    -53273.4073
 BOND   =       344.1707  ANGLE   =       959.7309  DIHED      =      2158.6918
 1-4 NB =       454.0059  1-4 EEL =      6201.7216  VDWAALS    =      6500.0267
 EELEC  =    -69918.2225  EHBOND  =         0.0000  RESTRAINT  =        26.4677
 EAMBER (non-restraint)  =    -53299.8750
 EKCMT  =      4665.8590  VIRIAL  =      3301.0956  VOLUME     =    175947.5368
                                                    Density    =         1.0241
 ------------------------------------------------------------------------------


 NSTEP =    13000   TIME(PS) =    2466.000  TEMP(K) =   297.20  PRESS =   306.0
 Etot   =    -42761.0275  EKtot   =     10743.6523  EPtot      =    -53504.6798
 BOND   =       336.5028  ANGLE   =      1008.7880  DIHED      =      2158.6887
 1-4 NB =       441.3763  1-4 EEL =      6206.3675  VDWAALS    =      6439.2331
 EELEC  =    -70118.3733  EHBOND  =         0.0000  RESTRAINT  =        22.7371
 EAMBER (non-restraint)  =    -53527.4169
 EKCMT  =      4708.3896  VIRIAL  =      3545.1251  VOLUME     =    176062.8174
                                                    Density    =         1.0234
 ------------------------------------------------------------------------------


 NSTEP =    13500   TIME(PS) =    2467.000  TEMP(K) =   298.64  PRESS =    27.8
 Etot   =    -42404.4607  EKtot   =     10795.4873  EPtot      =    -53199.9480
 BOND   =       354.7788  ANGLE   =       997.3047  DIHED      =      2162.4281
 1-4 NB =       445.8862  1-4 EEL =      6199.7860  VDWAALS    =      6141.9011
 EELEC  =    -69525.4608  EHBOND  =         0.0000  RESTRAINT  =        23.4280
 EAMBER (non-restraint)  =    -53223.3760
 EKCMT  =      4738.3987  VIRIAL  =      4632.7831  VOLUME     =    176025.5869
                                                    Density    =         1.0236
 ------------------------------------------------------------------------------


 NSTEP =    14000   TIME(PS) =    2468.000  TEMP(K) =   299.44  PRESS =  -158.3
 Etot   =    -42355.2733  EKtot   =     10824.2881  EPtot      =    -53179.5614
 BOND   =       350.7974  ANGLE   =      1011.8205  DIHED      =      2153.4380
 1-4 NB =       450.0037  1-4 EEL =      6195.0751  VDWAALS    =      6188.5575
 EELEC  =    -69553.7877  EHBOND  =         0.0000  RESTRAINT  =        24.5342
 EAMBER (non-restraint)  =    -53204.0956
 EKCMT  =      4712.4387  VIRIAL  =      5313.7487  VOLUME     =    175893.9855
                                                    Density    =         1.0244
 ------------------------------------------------------------------------------


 NSTEP =    14500   TIME(PS) =    2469.000  TEMP(K) =   303.08  PRESS =   108.7
 Etot   =    -42299.4145  EKtot   =     10956.0547  EPtot      =    -53255.4692
 BOND   =       369.2244  ANGLE   =      1016.0887  DIHED      =      2168.7455
 1-4 NB =       439.8177  1-4 EEL =      6145.9262  VDWAALS    =      6314.5215
 EELEC  =    -69737.1494  EHBOND  =         0.0000  RESTRAINT  =        27.3563
 EAMBER (non-restraint)  =    -53282.8255
 EKCMT  =      4797.2397  VIRIAL  =      4383.6617  VOLUME     =    176283.0369
                                                    Density    =         1.0221
 ------------------------------------------------------------------------------


 NSTEP =    15000   TIME(PS) =    2470.000  TEMP(K) =   300.19  PRESS =   214.4
 Etot   =    -42485.7851  EKtot   =     10851.6055  EPtot      =    -53337.3906
 BOND   =       382.0278  ANGLE   =      1026.7821  DIHED      =      2179.4195
 1-4 NB =       424.0046  1-4 EEL =      6161.8014  VDWAALS    =      6314.0013
 EELEC  =    -69848.6438  EHBOND  =         0.0000  RESTRAINT  =        23.2167
 EAMBER (non-restraint)  =    -53360.6072
 EKCMT  =      4684.1894  VIRIAL  =      3872.4171  VOLUME     =    175398.5868
                                                    Density    =         1.0273
 ------------------------------------------------------------------------------


 NSTEP =    15500   TIME(PS) =    2471.000  TEMP(K) =   301.19  PRESS =    -5.3
 Etot   =    -42376.7827  EKtot   =     10887.8242  EPtot      =    -53264.6070
 BOND   =       339.0489  ANGLE   =      1007.2134  DIHED      =      2186.4369
 1-4 NB =       444.3794  1-4 EEL =      6160.1520  VDWAALS    =      6398.2093
 EELEC  =    -69820.5152  EHBOND  =         0.0000  RESTRAINT  =        20.4682
 EAMBER (non-restraint)  =    -53285.0751
 EKCMT  =      4715.6645  VIRIAL  =      4735.9562  VOLUME     =    175849.7248
                                                    Density    =         1.0247
 ------------------------------------------------------------------------------


 NSTEP =    16000   TIME(PS) =    2472.000  TEMP(K) =   299.77  PRESS =  -156.3
 Etot   =    -42494.9565  EKtot   =     10836.2939  EPtot      =    -53331.2505
 BOND   =       346.6673  ANGLE   =      1034.9705  DIHED      =      2187.5231
 1-4 NB =       451.1106  1-4 EEL =      6163.4388  VDWAALS    =      6173.2536
 EELEC  =    -69709.0512  EHBOND  =         0.0000  RESTRAINT  =        20.8368
 EAMBER (non-restraint)  =    -53352.0873
 EKCMT  =      4696.6173  VIRIAL  =      5289.8650  VOLUME     =    175824.7561
                                                    Density    =         1.0248
 ------------------------------------------------------------------------------


 NSTEP =    16500   TIME(PS) =    2473.000  TEMP(K) =   301.92  PRESS =   178.7
 Etot   =    -42529.2887  EKtot   =     10913.9600  EPtot      =    -53443.2487
 BOND   =       344.2668  ANGLE   =       989.0364  DIHED      =      2191.5775
 1-4 NB =       467.1411  1-4 EEL =      6152.3174  VDWAALS    =      6382.7169
 EELEC  =    -69991.1114  EHBOND  =         0.0000  RESTRAINT  =        20.8067
 EAMBER (non-restraint)  =    -53464.0553
 EKCMT  =      4797.4828  VIRIAL  =      4119.7259  VOLUME     =    175634.5220
                                                    Density    =         1.0259
 ------------------------------------------------------------------------------


 NSTEP =    17000   TIME(PS) =    2474.000  TEMP(K) =   301.17  PRESS =   184.8
 Etot   =    -42525.2578  EKtot   =     10887.1387  EPtot      =    -53412.3964
 BOND   =       355.4395  ANGLE   =       997.1207  DIHED      =      2163.6290
 1-4 NB =       458.7169  1-4 EEL =      6203.0635  VDWAALS    =      6402.3773
 EELEC  =    -70018.9839  EHBOND  =         0.0000  RESTRAINT  =        26.2406
 EAMBER (non-restraint)  =    -53438.6371
 EKCMT  =      4780.2117  VIRIAL  =      4077.3548  VOLUME     =    176158.7850
                                                    Density    =         1.0229
 ------------------------------------------------------------------------------


 NSTEP =    17500   TIME(PS) =    2475.000  TEMP(K) =   300.58  PRESS =   -31.0
 Etot   =    -42318.7013  EKtot   =     10865.8281  EPtot      =    -53184.5294
 BOND   =       337.9010  ANGLE   =       998.6013  DIHED      =      2160.7498
 1-4 NB =       449.5641  1-4 EEL =      6205.2493  VDWAALS    =      6325.2619
 EELEC  =    -69685.9287  EHBOND  =         0.0000  RESTRAINT  =        24.0720
 EAMBER (non-restraint)  =    -53208.6014
 EKCMT  =      4760.9514  VIRIAL  =      4878.9033  VOLUME     =    176252.9943
                                                    Density    =         1.0223
 ------------------------------------------------------------------------------


 NSTEP =    18000   TIME(PS) =    2476.000  TEMP(K) =   299.55  PRESS =    20.9
 Etot   =    -42578.8513  EKtot   =     10828.4980  EPtot      =    -53407.3493
 BOND   =       336.8307  ANGLE   =       970.2350  DIHED      =      2175.3935
 1-4 NB =       462.6237  1-4 EEL =      6167.0325  VDWAALS    =      6278.3377
 EELEC  =    -69822.9525  EHBOND  =         0.0000  RESTRAINT  =        25.1501
 EAMBER (non-restraint)  =    -53432.4994
 EKCMT  =      4678.1227  VIRIAL  =      4598.7912  VOLUME     =    176137.7879
                                                    Density    =         1.0230
 ------------------------------------------------------------------------------


 NSTEP =    18500   TIME(PS) =    2477.000  TEMP(K) =   299.04  PRESS =    37.6
 Etot   =    -42439.7469  EKtot   =     10809.8711  EPtot      =    -53249.6180
 BOND   =       358.0725  ANGLE   =       969.1767  DIHED      =      2150.8696
 1-4 NB =       444.0813  1-4 EEL =      6175.7552  VDWAALS    =      6339.7604
 EELEC  =    -69714.1854  EHBOND  =         0.0000  RESTRAINT  =        26.8518
 EAMBER (non-restraint)  =    -53276.4698
 EKCMT  =      4696.6925  VIRIAL  =      4553.6425  VOLUME     =    176168.1508
                                                    Density    =         1.0228
 ------------------------------------------------------------------------------


 NSTEP =    19000   TIME(PS) =    2478.000  TEMP(K) =   298.04  PRESS =  -175.5
 Etot   =    -42755.5773  EKtot   =     10774.0225  EPtot      =    -53529.5998
 BOND   =       347.1055  ANGLE   =       968.3519  DIHED      =      2183.5257
 1-4 NB =       438.0117  1-4 EEL =      6201.8710  VDWAALS    =      6305.4799
 EELEC  =    -70001.4180  EHBOND  =         0.0000  RESTRAINT  =        27.4725
 EAMBER (non-restraint)  =    -53557.0723
 EKCMT  =      4757.2325  VIRIAL  =      5424.1043  VOLUME     =    175986.9280
                                                    Density    =         1.0239
 ------------------------------------------------------------------------------


 NSTEP =    19500   TIME(PS) =    2479.000  TEMP(K) =   301.39  PRESS =   -88.6
 Etot   =    -42322.1992  EKtot   =     10895.1211  EPtot      =    -53217.3203
 BOND   =       378.7578  ANGLE   =       997.6678  DIHED      =      2146.3934
 1-4 NB =       449.7164  1-4 EEL =      6191.2279  VDWAALS    =      6298.5444
 EELEC  =    -69701.9493  EHBOND  =         0.0000  RESTRAINT  =        22.3214
 EAMBER (non-restraint)  =    -53239.6417
 EKCMT  =      4693.3888  VIRIAL  =      5030.1891  VOLUME     =    176009.6549
                                                    Density    =         1.0237
 ------------------------------------------------------------------------------


 NSTEP =    20000   TIME(PS) =    2480.000  TEMP(K) =   298.84  PRESS =   171.0
 Etot   =    -42626.0272  EKtot   =     10802.9199  EPtot      =    -53428.9471
 BOND   =       384.0305  ANGLE   =       944.7930  DIHED      =      2149.1600
 1-4 NB =       449.6002  1-4 EEL =      6197.5773  VDWAALS    =      6388.2088
 EELEC  =    -69966.3409  EHBOND  =         0.0000  RESTRAINT  =        24.0240
 EAMBER (non-restraint)  =    -53452.9711
 EKCMT  =      4734.1773  VIRIAL  =      4085.3120  VOLUME     =    175712.7809
                                                    Density    =         1.0255
 ------------------------------------------------------------------------------


 NSTEP =    20500   TIME(PS) =    2481.000  TEMP(K) =   299.38  PRESS =   118.8
 Etot   =    -42434.0353  EKtot   =     10822.1309  EPtot      =    -53256.1661
 BOND   =       364.5437  ANGLE   =      1033.9959  DIHED      =      2177.4251
 1-4 NB =       452.2008  1-4 EEL =      6183.3451  VDWAALS    =      6339.0612
 EELEC  =    -69828.2954  EHBOND  =         0.0000  RESTRAINT  =        21.5574
 EAMBER (non-restraint)  =    -53277.7236
 EKCMT  =      4680.6798  VIRIAL  =      4229.1564  VOLUME     =    175991.0544
                                                    Density    =         1.0238
 ------------------------------------------------------------------------------


 NSTEP =    21000   TIME(PS) =    2482.000  TEMP(K) =   300.20  PRESS =  -120.1
 Etot   =    -42413.2632  EKtot   =     10851.9160  EPtot      =    -53265.1792
 BOND   =       342.4077  ANGLE   =      1024.6665  DIHED      =      2166.8490
 1-4 NB =       456.0892  1-4 EEL =      6186.2804  VDWAALS    =      6310.7780
 EELEC  =    -69774.2171  EHBOND  =         0.0000  RESTRAINT  =        21.9671
 EAMBER (non-restraint)  =    -53287.1464
 EKCMT  =      4806.6420  VIRIAL  =      5263.4432  VOLUME     =    176158.8323
                                                    Density    =         1.0229
 ------------------------------------------------------------------------------


 NSTEP =    21500   TIME(PS) =    2483.000  TEMP(K) =   299.43  PRESS =  -241.1
 Etot   =    -42592.5864  EKtot   =     10824.1582  EPtot      =    -53416.7446
 BOND   =       345.0001  ANGLE   =       955.3955  DIHED      =      2179.3465
 1-4 NB =       462.9548  1-4 EEL =      6169.3981  VDWAALS    =      6235.1994
 EELEC  =    -69787.9952  EHBOND  =         0.0000  RESTRAINT  =        23.9563
 EAMBER (non-restraint)  =    -53440.7008
 EKCMT  =      4682.8303  VIRIAL  =      5599.1325  VOLUME     =    176019.3384
                                                    Density    =         1.0237
 ------------------------------------------------------------------------------


 NSTEP =    22000   TIME(PS) =    2484.000  TEMP(K) =   300.96  PRESS =   139.7
 Etot   =    -42287.7763  EKtot   =     10879.3164  EPtot      =    -53167.0927
 BOND   =       388.0212  ANGLE   =      1020.0895  DIHED      =      2164.5798
 1-4 NB =       436.9187  1-4 EEL =      6166.4872  VDWAALS    =      6354.4597
 EELEC  =    -69718.1025  EHBOND  =         0.0000  RESTRAINT  =        20.4537
 EAMBER (non-restraint)  =    -53187.5464
 EKCMT  =      4754.9044  VIRIAL  =      4224.0037  VOLUME     =    175987.5413
                                                    Density    =         1.0238
 ------------------------------------------------------------------------------


 NSTEP =    22500   TIME(PS) =    2485.000  TEMP(K) =   300.97  PRESS =   -34.0
 Etot   =    -42465.9582  EKtot   =     10879.7959  EPtot      =    -53345.7541
 BOND   =       337.6250  ANGLE   =       990.5106  DIHED      =      2169.6570
 1-4 NB =       453.3197  1-4 EEL =      6187.5158  VDWAALS    =      6248.6966
 EELEC  =    -69755.9290  EHBOND  =         0.0000  RESTRAINT  =        22.8503
 EAMBER (non-restraint)  =    -53368.6043
 EKCMT  =      4781.5306  VIRIAL  =      4910.7435  VOLUME     =    176198.1727
                                                    Density    =         1.0226
 ------------------------------------------------------------------------------


 NSTEP =    23000   TIME(PS) =    2486.000  TEMP(K) =   300.85  PRESS =   223.9
 Etot   =    -42433.9864  EKtot   =     10875.5059  EPtot      =    -53309.4922
 BOND   =       334.0105  ANGLE   =      1019.2532  DIHED      =      2163.9427
 1-4 NB =       455.0537  1-4 EEL =      6164.5744  VDWAALS    =      6332.1291
 EELEC  =    -69801.4106  EHBOND  =         0.0000  RESTRAINT  =        22.9548
 EAMBER (non-restraint)  =    -53332.4471
 EKCMT  =      4787.0115  VIRIAL  =      3934.6170  VOLUME     =    176287.8058
                                                    Density    =         1.0221
 ------------------------------------------------------------------------------


 NSTEP =    23500   TIME(PS) =    2487.000  TEMP(K) =   299.69  PRESS =  -113.3
 Etot   =    -42591.6925  EKtot   =     10833.6357  EPtot      =    -53425.3282
 BOND   =       332.7930  ANGLE   =       963.9763  DIHED      =      2175.1973
 1-4 NB =       444.8896  1-4 EEL =      6197.3178  VDWAALS    =      6349.4090
 EELEC  =    -69912.0151  EHBOND  =         0.0000  RESTRAINT  =        23.1038
 EAMBER (non-restraint)  =    -53448.4320
 EKCMT  =      4726.1792  VIRIAL  =      5157.6294  VOLUME     =    176383.7757
                                                    Density    =         1.0215
 ------------------------------------------------------------------------------


 NSTEP =    24000   TIME(PS) =    2488.000  TEMP(K) =   301.04  PRESS =  -198.8
 Etot   =    -42325.9886  EKtot   =     10882.1973  EPtot      =    -53208.1858
 BOND   =       379.7891  ANGLE   =      1005.0038  DIHED      =      2164.0031
 1-4 NB =       441.4772  1-4 EEL =      6147.1995  VDWAALS    =      6396.7966
 EELEC  =    -69764.2334  EHBOND  =         0.0000  RESTRAINT  =        21.7784
 EAMBER (non-restraint)  =    -53229.9642
 EKCMT  =      4690.1397  VIRIAL  =      5447.4543  VOLUME     =    176444.2121
                                                    Density    =         1.0212
 ------------------------------------------------------------------------------


 NSTEP =    24500   TIME(PS) =    2489.000  TEMP(K) =   304.99  PRESS =   123.6
 Etot   =    -42114.5112  EKtot   =     11025.0195  EPtot      =    -53139.5307
 BOND   =       344.1433  ANGLE   =      1036.6473  DIHED      =      2158.1905
 1-4 NB =       460.6270  1-4 EEL =      6188.7605  VDWAALS    =      6301.0580
 EELEC  =    -69655.8885  EHBOND  =         0.0000  RESTRAINT  =        26.9312
 EAMBER (non-restraint)  =    -53166.4619
 EKCMT  =      4798.9651  VIRIAL  =      4327.9531  VOLUME     =    176426.4379
                                                    Density    =         1.0213
 ------------------------------------------------------------------------------


 NSTEP =    25000   TIME(PS) =    2490.000  TEMP(K) =   299.73  PRESS =   -40.0
 Etot   =    -42522.4262  EKtot   =     10834.8320  EPtot      =    -53357.2583
 BOND   =       360.6138  ANGLE   =      1021.0410  DIHED      =      2167.4925
 1-4 NB =       457.4012  1-4 EEL =      6188.2208  VDWAALS    =      6278.6937
 EELEC  =    -69853.0004  EHBOND  =         0.0000  RESTRAINT  =        22.2791
 EAMBER (non-restraint)  =    -53379.5373
 EKCMT  =      4772.1669  VIRIAL  =      4924.7570  VOLUME     =    176463.8014
                                                    Density    =         1.0211
 ------------------------------------------------------------------------------


 NSTEP =    25500   TIME(PS) =    2491.000  TEMP(K) =   299.72  PRESS =   -45.1
 Etot   =    -42458.3449  EKtot   =     10834.7148  EPtot      =    -53293.0597
 BOND   =       365.1081  ANGLE   =      1010.3854  DIHED      =      2182.7893
 1-4 NB =       441.0820  1-4 EEL =      6144.2164  VDWAALS    =      6332.3725
 EELEC  =    -69789.4536  EHBOND  =         0.0000  RESTRAINT  =        20.4401
 EAMBER (non-restraint)  =    -53313.4998
 EKCMT  =      4714.6769  VIRIAL  =      4886.4171  VOLUME     =    176273.7368
                                                    Density    =         1.0222
 ------------------------------------------------------------------------------


 NSTEP =    26000   TIME(PS) =    2492.000  TEMP(K) =   300.66  PRESS =   115.1
 Etot   =    -42429.5489  EKtot   =     10868.4287  EPtot      =    -53297.9776
 BOND   =       350.8974  ANGLE   =      1017.7125  DIHED      =      2153.0432
 1-4 NB =       465.8861  1-4 EEL =      6158.2099  VDWAALS    =      6183.7448
 EELEC  =    -69653.3186  EHBOND  =         0.0000  RESTRAINT  =        25.8470
 EAMBER (non-restraint)  =    -53323.8246
 EKCMT  =      4817.2460  VIRIAL  =      4379.9275  VOLUME     =    176023.5500
                                                    Density    =         1.0236
 ------------------------------------------------------------------------------


 NSTEP =    26500   TIME(PS) =    2493.000  TEMP(K) =   299.59  PRESS =   114.6
 Etot   =    -42522.9252  EKtot   =     10829.7803  EPtot      =    -53352.7055
 BOND   =       374.4887  ANGLE   =      1034.2578  DIHED      =      2165.3991
 1-4 NB =       440.6461  1-4 EEL =      6144.8912  VDWAALS    =      6286.8776
 EELEC  =    -69823.6170  EHBOND  =         0.0000  RESTRAINT  =        24.3511
 EAMBER (non-restraint)  =    -53377.0565
 EKCMT  =      4666.7547  VIRIAL  =      4231.1863  VOLUME     =    176049.5604
                                                    Density    =         1.0235
 ------------------------------------------------------------------------------


 NSTEP =    27000   TIME(PS) =    2494.000  TEMP(K) =   302.41  PRESS =   -32.3
 Etot   =    -42436.6516  EKtot   =     10931.8262  EPtot      =    -53368.4778
 BOND   =       345.1433  ANGLE   =       983.4265  DIHED      =      2168.0835
 1-4 NB =       443.7160  1-4 EEL =      6175.6635  VDWAALS    =      6274.5086
 EELEC  =    -69783.5027  EHBOND  =         0.0000  RESTRAINT  =        24.4836
 EAMBER (non-restraint)  =    -53392.9613
 EKCMT  =      4793.7368  VIRIAL  =      4916.7324  VOLUME     =    176422.7477
                                                    Density    =         1.0213
 ------------------------------------------------------------------------------


 NSTEP =    27500   TIME(PS) =    2495.000  TEMP(K) =   300.79  PRESS =   -23.4
 Etot   =    -42336.0911  EKtot   =     10873.2461  EPtot      =    -53209.3372
 BOND   =       355.2572  ANGLE   =       980.6627  DIHED      =      2178.2135
 1-4 NB =       446.4650  1-4 EEL =      6162.1995  VDWAALS    =      6271.9481
 EELEC  =    -69625.6242  EHBOND  =         0.0000  RESTRAINT  =        21.5411
 EAMBER (non-restraint)  =    -53230.8783
 EKCMT  =      4705.7944  VIRIAL  =      4795.2777  VOLUME     =    176895.3040
                                                    Density    =         1.0186
 ------------------------------------------------------------------------------


 NSTEP =    28000   TIME(PS) =    2496.000  TEMP(K) =   297.56  PRESS =  -276.4
 Etot   =    -42586.8734  EKtot   =     10756.3760  EPtot      =    -53343.2494
 BOND   =       333.1460  ANGLE   =       960.9423  DIHED      =      2150.2977
 1-4 NB =       461.8632  1-4 EEL =      6211.4158  VDWAALS    =      6235.1382
 EELEC  =    -69716.0395  EHBOND  =         0.0000  RESTRAINT  =        19.9869
 EAMBER (non-restraint)  =    -53363.2363
 EKCMT  =      4676.2375  VIRIAL  =      5732.5811  VOLUME     =    177032.1469
                                                    Density    =         1.0178
 ------------------------------------------------------------------------------


 NSTEP =    28500   TIME(PS) =    2497.000  TEMP(K) =   301.31  PRESS =   -22.2
 Etot   =    -42297.2926  EKtot   =     10892.1094  EPtot      =    -53189.4019
 BOND   =       378.8095  ANGLE   =      1006.7965  DIHED      =      2155.8821
 1-4 NB =       445.6778  1-4 EEL =      6162.6640  VDWAALS    =      6200.8014
 EELEC  =    -69561.5712  EHBOND  =         0.0000  RESTRAINT  =        21.5380
 EAMBER (non-restraint)  =    -53210.9400
 EKCMT  =      4744.8362  VIRIAL  =      4829.5431  VOLUME     =    176830.3418
                                                    Density    =         1.0190
 ------------------------------------------------------------------------------


 NSTEP =    29000   TIME(PS) =    2498.000  TEMP(K) =   302.71  PRESS =     8.9
 Etot   =    -42217.1911  EKtot   =     10942.8203  EPtot      =    -53160.0114
 BOND   =       335.4500  ANGLE   =      1021.6857  DIHED      =      2167.0847
 1-4 NB =       454.7571  1-4 EEL =      6191.9977  VDWAALS    =      6217.3737
 EELEC  =    -69572.9775  EHBOND  =         0.0000  RESTRAINT  =        24.6171
 EAMBER (non-restraint)  =    -53184.6286
 EKCMT  =      4752.8576  VIRIAL  =      4719.0018  VOLUME     =    176261.6200
                                                    Density    =         1.0223
 ------------------------------------------------------------------------------


 NSTEP =    29500   TIME(PS) =    2499.000  TEMP(K) =   302.62  PRESS =  -104.1
 Etot   =    -42163.1915  EKtot   =     10939.2959  EPtot      =    -53102.4874
 BOND   =       349.6356  ANGLE   =      1016.6525  DIHED      =      2163.8648
 1-4 NB =       429.7848  1-4 EEL =      6150.7272  VDWAALS    =      6162.7598
 EELEC  =    -69401.7144  EHBOND  =         0.0000  RESTRAINT  =        25.8022
 EAMBER (non-restraint)  =    -53128.2896
 EKCMT  =      4787.1840  VIRIAL  =      5183.1528  VOLUME     =    176148.2266
                                                    Density    =         1.0229
 ------------------------------------------------------------------------------


 NSTEP =    30000   TIME(PS) =    2500.000  TEMP(K) =   301.20  PRESS =    95.5
 Etot   =    -42341.9969  EKtot   =     10888.1582  EPtot      =    -53230.1551
 BOND   =       340.7962  ANGLE   =       994.2679  DIHED      =      2193.0214
 1-4 NB =       442.5385  1-4 EEL =      6181.6837  VDWAALS    =      6457.8810
 EELEC  =    -69860.8230  EHBOND  =         0.0000  RESTRAINT  =        20.4793
 EAMBER (non-restraint)  =    -53250.6344
 EKCMT  =      4740.4266  VIRIAL  =      4377.2635  VOLUME     =    176128.7844
                                                    Density    =         1.0230
 ------------------------------------------------------------------------------


 NSTEP =    30500   TIME(PS) =    2501.000  TEMP(K) =   299.87  PRESS =     2.4
 Etot   =    -42551.1317  EKtot   =     10840.0381  EPtot      =    -53391.1698
 BOND   =       368.9973  ANGLE   =      1036.2571  DIHED      =      2162.6729
 1-4 NB =       449.7555  1-4 EEL =      6148.0351  VDWAALS    =      6289.9939
 EELEC  =    -69867.7827  EHBOND  =         0.0000  RESTRAINT  =        20.9011
 EAMBER (non-restraint)  =    -53412.0708
 EKCMT  =      4748.5046  VIRIAL  =      4739.4492  VOLUME     =    176216.4523
                                                    Density    =         1.0225
 ------------------------------------------------------------------------------


 NSTEP =    31000   TIME(PS) =    2502.000  TEMP(K) =   299.80  PRESS =   -99.5
 Etot   =    -42331.9161  EKtot   =     10837.6074  EPtot      =    -53169.5235
 BOND   =       356.9174  ANGLE   =      1016.9505  DIHED      =      2152.4356
 1-4 NB =       451.9452  1-4 EEL =      6162.7422  VDWAALS    =      6300.3489
 EELEC  =    -69635.6154  EHBOND  =         0.0000  RESTRAINT  =        24.7520
 EAMBER (non-restraint)  =    -53194.2755
 EKCMT  =      4765.3316  VIRIAL  =      5144.1098  VOLUME     =    176235.4805
                                                    Density    =         1.0224
 ------------------------------------------------------------------------------


 NSTEP =    31500   TIME(PS) =    2503.000  TEMP(K) =   298.27  PRESS =    33.9
 Etot   =    -42482.5210  EKtot   =     10782.2070  EPtot      =    -53264.7280
 BOND   =       368.4934  ANGLE   =      1026.4904  DIHED      =      2167.3719
 1-4 NB =       452.5517  1-4 EEL =      6176.1011  VDWAALS    =      6303.6663
 EELEC  =    -69783.6370  EHBOND  =         0.0000  RESTRAINT  =        24.2341
 EAMBER (non-restraint)  =    -53288.9622
 EKCMT  =      4673.7775  VIRIAL  =      4544.4845  VOLUME     =    176459.4878
                                                    Density    =         1.0211
 ------------------------------------------------------------------------------


 NSTEP =    32000   TIME(PS) =    2504.000  TEMP(K) =   301.46  PRESS =     5.4
 Etot   =    -42432.2576  EKtot   =     10897.6221  EPtot      =    -53329.8797
 BOND   =       356.1105  ANGLE   =       989.1441  DIHED      =      2166.0398
 1-4 NB =       446.2387  1-4 EEL =      6170.4104  VDWAALS    =      6223.2830
 EELEC  =    -69704.2202  EHBOND  =         0.0000  RESTRAINT  =        23.1139
 EAMBER (non-restraint)  =    -53352.9936
 EKCMT  =      4726.7720  VIRIAL  =      4706.1409  VOLUME     =    176050.6075
                                                    Density    =         1.0235
 ------------------------------------------------------------------------------


 NSTEP =    32500   TIME(PS) =    2505.000  TEMP(K) =   302.52  PRESS =    26.3
 Etot   =    -42218.6115  EKtot   =     10935.9727  EPtot      =    -53154.5841
 BOND   =       383.3877  ANGLE   =       996.5534  DIHED      =      2161.4121
 1-4 NB =       441.4669  1-4 EEL =      6184.3048  VDWAALS    =      6271.8300
 EELEC  =    -69621.1048  EHBOND  =         0.0000  RESTRAINT  =        27.5657
 EAMBER (non-restraint)  =    -53182.1498
 EKCMT  =      4796.9939  VIRIAL  =      4697.0951  VOLUME     =    176046.8121
                                                    Density    =         1.0235
 ------------------------------------------------------------------------------


 NSTEP =    33000   TIME(PS) =    2506.000  TEMP(K) =   298.61  PRESS =   243.5
 Etot   =    -42539.5016  EKtot   =     10794.4648  EPtot      =    -53333.9665
 BOND   =       347.8577  ANGLE   =      1061.7612  DIHED      =      2163.5948
 1-4 NB =       455.1807  1-4 EEL =      6159.9359  VDWAALS    =      6413.1010
 EELEC  =    -69957.1374  EHBOND  =         0.0000  RESTRAINT  =        21.7396
 EAMBER (non-restraint)  =    -53355.7060
 EKCMT  =      4698.6486  VIRIAL  =      3775.1829  VOLUME     =    175655.7392
                                                    Density    =         1.0258
 ------------------------------------------------------------------------------


 NSTEP =    33500   TIME(PS) =    2507.000  TEMP(K) =   300.85  PRESS =   263.2
 Etot   =    -42510.2882  EKtot   =     10875.5547  EPtot      =    -53385.8428
 BOND   =       386.1573  ANGLE   =       994.0839  DIHED      =      2162.4108
 1-4 NB =       445.5680  1-4 EEL =      6150.2114  VDWAALS    =      6432.3439
 EELEC  =    -69980.4884  EHBOND  =         0.0000  RESTRAINT  =        23.8703
 EAMBER (non-restraint)  =    -53409.7131
 EKCMT  =      4765.1870  VIRIAL  =      3766.3929  VOLUME     =    175785.6589
                                                    Density    =         1.0250
 ------------------------------------------------------------------------------


 NSTEP =    34000   TIME(PS) =    2508.000  TEMP(K) =   298.57  PRESS =   147.8
 Etot   =    -42448.3192  EKtot   =     10793.1279  EPtot      =    -53241.4471
 BOND   =       342.9341  ANGLE   =       981.3697  DIHED      =      2170.9953
 1-4 NB =       467.0998  1-4 EEL =      6186.9675  VDWAALS    =      6283.0360
 EELEC  =    -69697.0210  EHBOND  =         0.0000  RESTRAINT  =        23.1716
 EAMBER (non-restraint)  =    -53264.6187
 EKCMT  =      4704.9243  VIRIAL  =      4144.2246  VOLUME     =    175703.1016
                                                    Density    =         1.0255
 ------------------------------------------------------------------------------


 NSTEP =    34500   TIME(PS) =    2509.000  TEMP(K) =   300.43  PRESS =   106.9
 Etot   =    -42412.2977  EKtot   =     10860.3438  EPtot      =    -53272.6415
 BOND   =       328.1955  ANGLE   =      1033.8901  DIHED      =      2174.5825
 1-4 NB =       447.3022  1-4 EEL =      6177.7824  VDWAALS    =      6375.3682
 EELEC  =    -69832.8007  EHBOND  =         0.0000  RESTRAINT  =        23.0385
 EAMBER (non-restraint)  =    -53295.6800
 EKCMT  =      4727.2898  VIRIAL  =      4320.4882  VOLUME     =    176321.8972
                                                    Density    =         1.0219
 ------------------------------------------------------------------------------


 NSTEP =    35000   TIME(PS) =    2510.000  TEMP(K) =   301.21  PRESS =   357.8
 Etot   =    -42398.7342  EKtot   =     10888.2852  EPtot      =    -53287.0193
 BOND   =       360.7876  ANGLE   =      1023.5217  DIHED      =      2174.9186
 1-4 NB =       438.5458  1-4 EEL =      6180.5891  VDWAALS    =      6307.5193
 EELEC  =    -69798.5708  EHBOND  =         0.0000  RESTRAINT  =        25.6693
 EAMBER (non-restraint)  =    -53312.6886
 EKCMT  =      4715.5058  VIRIAL  =      3357.7729  VOLUME     =    175772.0643
                                                    Density    =         1.0251
 ------------------------------------------------------------------------------


 NSTEP =    35500   TIME(PS) =    2511.000  TEMP(K) =   296.85  PRESS =   146.9
 Etot   =    -42505.8267  EKtot   =     10730.9482  EPtot      =    -53236.7749
 BOND   =       384.8329  ANGLE   =      1031.1052  DIHED      =      2146.1569
 1-4 NB =       457.0844  1-4 EEL =      6219.9849  VDWAALS    =      6401.8134
 EELEC  =    -69894.9507  EHBOND  =         0.0000  RESTRAINT  =        17.1980
 EAMBER (non-restraint)  =    -53253.9729
 EKCMT  =      4714.9407  VIRIAL  =      4156.4062  VOLUME     =    176096.9579
                                                    Density    =         1.0232
 ------------------------------------------------------------------------------


 NSTEP =    36000   TIME(PS) =    2512.000  TEMP(K) =   299.04  PRESS =     7.6
 Etot   =    -42480.5707  EKtot   =     10810.0000  EPtot      =    -53290.5707
 BOND   =       347.7710  ANGLE   =       994.9609  DIHED      =      2161.4614
 1-4 NB =       451.3366  1-4 EEL =      6152.4709  VDWAALS    =      6240.2071
 EELEC  =    -69660.1641  EHBOND  =         0.0000  RESTRAINT  =        21.3855
 EAMBER (non-restraint)  =    -53311.9562
 EKCMT  =      4734.4907  VIRIAL  =      4705.6069  VOLUME     =    175838.1906
                                                    Density    =         1.0247
 ------------------------------------------------------------------------------


 NSTEP =    36500   TIME(PS) =    2513.000  TEMP(K) =   300.21  PRESS =  -285.4
 Etot   =    -42434.6136  EKtot   =     10852.1777  EPtot      =    -53286.7914
 BOND   =       340.7125  ANGLE   =      1018.6164  DIHED      =      2146.8077
 1-4 NB =       448.8582  1-4 EEL =      6182.2357  VDWAALS    =      6247.9852
 EELEC  =    -69696.6617  EHBOND  =         0.0000  RESTRAINT  =        24.6547
 EAMBER (non-restraint)  =    -53311.4460
 EKCMT  =      4728.2673  VIRIAL  =      5811.9243  VOLUME     =    175834.2281
                                                    Density    =         1.0247
 ------------------------------------------------------------------------------


 NSTEP =    37000   TIME(PS) =    2514.000  TEMP(K) =   299.46  PRESS =    67.0
 Etot   =    -42538.2669  EKtot   =     10825.3027  EPtot      =    -53363.5697
 BOND   =       374.7475  ANGLE   =       983.6958  DIHED      =      2176.2211
 1-4 NB =       445.2313  1-4 EEL =      6171.9110  VDWAALS    =      6348.2694
 EELEC  =    -69883.7102  EHBOND  =         0.0000  RESTRAINT  =        20.0645
 EAMBER (non-restraint)  =    -53383.6341
 EKCMT  =      4689.6219  VIRIAL  =      4436.0402  VOLUME     =    175396.4881
                                                    Density    =         1.0273
 ------------------------------------------------------------------------------


 NSTEP =    37500   TIME(PS) =    2515.000  TEMP(K) =   299.72  PRESS =   225.3
 Etot   =    -42280.8498  EKtot   =     10834.4121  EPtot      =    -53115.2619
 BOND   =       385.1378  ANGLE   =      1026.5575  DIHED      =      2172.6144
 1-4 NB =       451.7880  1-4 EEL =      6154.5192  VDWAALS    =      6321.4284
 EELEC  =    -69653.5607  EHBOND  =         0.0000  RESTRAINT  =        26.2535
 EAMBER (non-restraint)  =    -53141.5155
 EKCMT  =      4650.6816  VIRIAL  =      3796.8333  VOLUME     =    175562.4904
                                                    Density    =         1.0263
 ------------------------------------------------------------------------------


 NSTEP =    38000   TIME(PS) =    2516.000  TEMP(K) =   299.83  PRESS =    -3.8
 Etot   =    -42453.7082  EKtot   =     10838.4541  EPtot      =    -53292.1623
 BOND   =       327.3172  ANGLE   =       989.6675  DIHED      =      2182.6895
 1-4 NB =       465.5421  1-4 EEL =      6167.8143  VDWAALS    =      6456.4047
 EELEC  =    -69902.8308  EHBOND  =         0.0000  RESTRAINT  =        21.2331
 EAMBER (non-restraint)  =    -53313.3955
 EKCMT  =      4692.6781  VIRIAL  =      4707.3285  VOLUME     =    176498.0844
                                                    Density    =         1.0209
 ------------------------------------------------------------------------------


 NSTEP =    38500   TIME(PS) =    2517.000  TEMP(K) =   299.18  PRESS =    -2.1
 Etot   =    -42476.5196  EKtot   =     10815.2119  EPtot      =    -53291.7315
 BOND   =       363.4360  ANGLE   =      1011.7429  DIHED      =      2168.6498
 1-4 NB =       444.2954  1-4 EEL =      6131.9979  VDWAALS    =      6371.2664
 EELEC  =    -69806.8471  EHBOND  =         0.0000  RESTRAINT  =        23.7271
 EAMBER (non-restraint)  =    -53315.4587
 EKCMT  =      4663.8022  VIRIAL  =      4671.9571  VOLUME     =    177011.3332
                                                    Density    =         1.0179
 ------------------------------------------------------------------------------


 NSTEP =    39000   TIME(PS) =    2518.000  TEMP(K) =   300.99  PRESS =    28.4
 Etot   =    -42450.0710  EKtot   =     10880.3701  EPtot      =    -53330.4411
 BOND   =       360.8120  ANGLE   =      1046.6181  DIHED      =      2171.6191
 1-4 NB =       425.7022  1-4 EEL =      6162.5947  VDWAALS    =      6331.3971
 EELEC  =    -69851.3449  EHBOND  =         0.0000  RESTRAINT  =        22.1606
 EAMBER (non-restraint)  =    -53352.6017
 EKCMT  =      4748.3618  VIRIAL  =      4639.6172  VOLUME     =    177062.6116
                                                    Density    =         1.0176
 ------------------------------------------------------------------------------


 NSTEP =    39500   TIME(PS) =    2519.000  TEMP(K) =   299.29  PRESS =   134.3
 Etot   =    -42442.3262  EKtot   =     10818.9355  EPtot      =    -53261.2617
 BOND   =       352.9653  ANGLE   =      1017.8323  DIHED      =      2140.9912
 1-4 NB =       444.5528  1-4 EEL =      6173.2156  VDWAALS    =      6326.5853
 EELEC  =    -69737.2095  EHBOND  =         0.0000  RESTRAINT  =        19.8053
 EAMBER (non-restraint)  =    -53281.0670
 EKCMT  =      4691.1283  VIRIAL  =      4178.6209  VOLUME     =    176797.6197
                                                    Density    =         1.0192
 ------------------------------------------------------------------------------


 NSTEP =    40000   TIME(PS) =    2520.000  TEMP(K) =   299.06  PRESS =    16.7
 Etot   =    -42586.4722  EKtot   =     10810.5537  EPtot      =    -53397.0259
 BOND   =       372.4962  ANGLE   =      1014.7212  DIHED      =      2152.2311
 1-4 NB =       441.4578  1-4 EEL =      6183.5990  VDWAALS    =      6421.9605
 EELEC  =    -70008.2860  EHBOND  =         0.0000  RESTRAINT  =        24.7944
 EAMBER (non-restraint)  =    -53421.8202
 EKCMT  =      4658.7701  VIRIAL  =      4595.4150  VOLUME     =    176121.2539
                                                    Density    =         1.0231
 ------------------------------------------------------------------------------


 NSTEP =    40500   TIME(PS) =    2521.000  TEMP(K) =   305.73  PRESS =   107.4
 Etot   =    -42176.1792  EKtot   =     11051.8125  EPtot      =    -53227.9917
 BOND   =       358.4679  ANGLE   =       995.4677  DIHED      =      2161.0967
 1-4 NB =       460.7762  1-4 EEL =      6155.2453  VDWAALS    =      6409.1909
 EELEC  =    -69792.0348  EHBOND  =         0.0000  RESTRAINT  =        23.7986
 EAMBER (non-restraint)  =    -53251.7902
 EKCMT  =      4868.8115  VIRIAL  =      4459.4416  VOLUME     =    176613.0644
                                                    Density    =         1.0202
 ------------------------------------------------------------------------------


 NSTEP =    41000   TIME(PS) =    2522.000  TEMP(K) =   299.28  PRESS =   -94.4
 Etot   =    -42550.4954  EKtot   =     10818.6758  EPtot      =    -53369.1711
 BOND   =       363.3906  ANGLE   =      1046.5278  DIHED      =      2175.2577
 1-4 NB =       444.9144  1-4 EEL =      6142.7383  VDWAALS    =      6314.6963
 EELEC  =    -69884.9586  EHBOND  =         0.0000  RESTRAINT  =        28.2622
 EAMBER (non-restraint)  =    -53397.4334
 EKCMT  =      4806.7448  VIRIAL  =      5166.1936  VOLUME     =    176288.9083
                                                    Density    =         1.0221
 ------------------------------------------------------------------------------


 NSTEP =    41500   TIME(PS) =    2523.000  TEMP(K) =   302.05  PRESS =   250.0
 Etot   =    -42304.9637  EKtot   =     10918.8936  EPtot      =    -53223.8572
 BOND   =       364.5559  ANGLE   =      1016.7750  DIHED      =      2148.1020
 1-4 NB =       438.8918  1-4 EEL =      6142.1017  VDWAALS    =      6498.8901
 EELEC  =    -69860.5717  EHBOND  =         0.0000  RESTRAINT  =        27.3979
 EAMBER (non-restraint)  =    -53251.2551
 EKCMT  =      4720.2102  VIRIAL  =      3768.1943  VOLUME     =    176381.8815
                                                    Density    =         1.0216
 ------------------------------------------------------------------------------


 NSTEP =    42000   TIME(PS) =    2524.000  TEMP(K) =   298.84  PRESS =   127.8
 Etot   =    -42413.5833  EKtot   =     10802.6309  EPtot      =    -53216.2142
 BOND   =       372.2244  ANGLE   =      1005.3678  DIHED      =      2167.3573
 1-4 NB =       438.0556  1-4 EEL =      6136.7902  VDWAALS    =      6336.8796
 EELEC  =    -69699.2803  EHBOND  =         0.0000  RESTRAINT  =        26.3911
 EAMBER (non-restraint)  =    -53242.6053
 EKCMT  =      4672.3923  VIRIAL  =      4186.5707  VOLUME     =    176058.6254
                                                    Density    =         1.0234
 ------------------------------------------------------------------------------


 NSTEP =    42500   TIME(PS) =    2525.000  TEMP(K) =   294.39  PRESS =   185.9
 Etot   =    -42662.6503  EKtot   =     10641.9346  EPtot      =    -53304.5849
 BOND   =       378.3987  ANGLE   =      1018.7250  DIHED      =      2173.5093
 1-4 NB =       440.0130  1-4 EEL =      6200.6068  VDWAALS    =      6368.7123
 EELEC  =    -69908.1211  EHBOND  =         0.0000  RESTRAINT  =        23.5710
 EAMBER (non-restraint)  =    -53328.1560
 EKCMT  =      4601.7242  VIRIAL  =      3895.0322  VOLUME     =    176089.8381
                                                    Density    =         1.0233
 ------------------------------------------------------------------------------


 NSTEP =    43000   TIME(PS) =    2526.000  TEMP(K) =   297.49  PRESS =   -12.2
 Etot   =    -42427.9017  EKtot   =     10753.9746  EPtot      =    -53181.8763
 BOND   =       369.5092  ANGLE   =      1030.0309  DIHED      =      2161.4257
 1-4 NB =       444.5562  1-4 EEL =      6174.6317  VDWAALS    =      6266.4413
 EELEC  =    -69654.2131  EHBOND  =         0.0000  RESTRAINT  =        25.7420
 EAMBER (non-restraint)  =    -53207.6183
 EKCMT  =      4643.5292  VIRIAL  =      4690.1567  VOLUME     =    176407.8595
                                                    Density    =         1.0214
 ------------------------------------------------------------------------------


 NSTEP =    43500   TIME(PS) =    2527.000  TEMP(K) =   300.38  PRESS =    55.9
 Etot   =    -42477.1602  EKtot   =     10858.2988  EPtot      =    -53335.4591
 BOND   =       362.0314  ANGLE   =       982.0136  DIHED      =      2183.1210
 1-4 NB =       432.8235  1-4 EEL =      6157.1964  VDWAALS    =      6125.4574
 EELEC  =    -69602.4398  EHBOND  =         0.0000  RESTRAINT  =        24.3375
 EAMBER (non-restraint)  =    -53359.7965
 EKCMT  =      4706.4014  VIRIAL  =      4494.0552  VOLUME     =    176041.4641
                                                    Density    =         1.0235
 ------------------------------------------------------------------------------


 NSTEP =    44000   TIME(PS) =    2528.000  TEMP(K) =   299.54  PRESS =   120.0
 Etot   =    -42326.1033  EKtot   =     10827.9688  EPtot      =    -53154.0721
 BOND   =       342.5831  ANGLE   =      1012.2930  DIHED      =      2184.9506
 1-4 NB =       431.2133  1-4 EEL =      6165.5550  VDWAALS    =      6266.4330
 EELEC  =    -69583.9603  EHBOND  =         0.0000  RESTRAINT  =        26.8602
 EAMBER (non-restraint)  =    -53180.9323
 EKCMT  =      4693.3718  VIRIAL  =      4237.0313  VOLUME     =    176122.9188
                                                    Density    =         1.0231
 ------------------------------------------------------------------------------


 NSTEP =    44500   TIME(PS) =    2529.000  TEMP(K) =   297.65  PRESS =   426.9
 Etot   =    -42531.0375  EKtot   =     10759.7979  EPtot      =    -53290.8354
 BOND   =       303.9158  ANGLE   =      1001.6937  DIHED      =      2166.0399
 1-4 NB =       458.1699  1-4 EEL =      6161.4051  VDWAALS    =      6560.0647
 EELEC  =    -69967.8025  EHBOND  =         0.0000  RESTRAINT  =        25.6780
 EAMBER (non-restraint)  =    -53316.5134
 EKCMT  =      4705.3188  VIRIAL  =      3080.9388  VOLUME     =    176231.6219
                                                    Density    =         1.0224
 ------------------------------------------------------------------------------


 NSTEP =    45000   TIME(PS) =    2530.000  TEMP(K) =   296.99  PRESS =   -18.7
 Etot   =    -42544.7487  EKtot   =     10736.0332  EPtot      =    -53280.7819
 BOND   =       380.5009  ANGLE   =      1000.0138  DIHED      =      2163.4398
 1-4 NB =       462.7947  1-4 EEL =      6156.2794  VDWAALS    =      6222.2470
 EELEC  =    -69688.8899  EHBOND  =         0.0000  RESTRAINT  =        22.8323
 EAMBER (non-restraint)  =    -53303.6142
 EKCMT  =      4709.9318  VIRIAL  =      4781.2311  VOLUME     =    176148.0967
                                                    Density    =         1.0229
 ------------------------------------------------------------------------------


 NSTEP =    45500   TIME(PS) =    2531.000  TEMP(K) =   300.92  PRESS =  -365.8
 Etot   =    -42546.9086  EKtot   =     10877.8516  EPtot      =    -53424.7601
 BOND   =       362.2622  ANGLE   =      1023.5881  DIHED      =      2149.2337
 1-4 NB =       458.8184  1-4 EEL =      6171.3050  VDWAALS    =      6311.3180
 EELEC  =    -69923.3534  EHBOND  =         0.0000  RESTRAINT  =        22.0678
 EAMBER (non-restraint)  =    -53446.8279
 EKCMT  =      4749.8717  VIRIAL  =      6142.3078  VOLUME     =    176324.1498
                                                    Density    =         1.0219
 ------------------------------------------------------------------------------


 NSTEP =    46000   TIME(PS) =    2532.000  TEMP(K) =   299.15  PRESS =   146.9
 Etot   =    -42483.0085  EKtot   =     10813.8486  EPtot      =    -53296.8571
 BOND   =       375.8355  ANGLE   =       998.4279  DIHED      =      2154.7119
 1-4 NB =       469.7613  1-4 EEL =      6139.3228  VDWAALS    =      6407.0282
 EELEC  =    -69865.0699  EHBOND  =         0.0000  RESTRAINT  =        23.1253
 EAMBER (non-restraint)  =    -53319.9824
 EKCMT  =      4696.9508  VIRIAL  =      4135.7943  VOLUME     =    176900.6722
                                                    Density    =         1.0186
 ------------------------------------------------------------------------------


 NSTEP =    46500   TIME(PS) =    2533.000  TEMP(K) =   301.04  PRESS =    24.6
 Etot   =    -42353.3915  EKtot   =     10882.3906  EPtot      =    -53235.7822
 BOND   =       345.2508  ANGLE   =       993.3306  DIHED      =      2144.6155
 1-4 NB =       468.3053  1-4 EEL =      6146.3547  VDWAALS    =      6391.1255
 EELEC  =    -69748.4135  EHBOND  =         0.0000  RESTRAINT  =        23.6491
 EAMBER (non-restraint)  =    -53259.4313
 EKCMT  =      4697.8581  VIRIAL  =      4604.1953  VOLUME     =    176513.6580
                                                    Density    =         1.0208
 ------------------------------------------------------------------------------


 NSTEP =    47000   TIME(PS) =    2534.000  TEMP(K) =   298.07  PRESS =   103.9
 Etot   =    -42411.9656  EKtot   =     10775.0879  EPtot      =    -53187.0535
 BOND   =       358.4070  ANGLE   =      1055.4257  DIHED      =      2190.4587
 1-4 NB =       445.7100  1-4 EEL =      6155.4799  VDWAALS    =      6213.8757
 EELEC  =    -69632.5492  EHBOND  =         0.0000  RESTRAINT  =        26.1388
 EAMBER (non-restraint)  =    -53213.1923
 EKCMT  =      4735.9145  VIRIAL  =      4339.3509  VOLUME     =    176744.4006
                                                    Density    =         1.0195
 ------------------------------------------------------------------------------


 NSTEP =    47500   TIME(PS) =    2535.000  TEMP(K) =   296.49  PRESS =   -83.6
 Etot   =    -42326.1842  EKtot   =     10717.8975  EPtot      =    -53044.0817
 BOND   =       359.9110  ANGLE   =       970.6065  DIHED      =      2150.7948
 1-4 NB =       447.2222  1-4 EEL =      6184.8158  VDWAALS    =      6404.6956
 EELEC  =    -69583.3001  EHBOND  =         0.0000  RESTRAINT  =        21.1725
 EAMBER (non-restraint)  =    -53065.2542
 EKCMT  =      4594.9428  VIRIAL  =      4913.9281  VOLUME     =    176704.5267
                                                    Density    =         1.0197
 ------------------------------------------------------------------------------


 NSTEP =    48000   TIME(PS) =    2536.000  TEMP(K) =   298.18  PRESS =    17.0
 Etot   =    -42368.4293  EKtot   =     10779.0596  EPtot      =    -53147.4889
 BOND   =       356.3263  ANGLE   =      1039.4946  DIHED      =      2162.4856
 1-4 NB =       445.4637  1-4 EEL =      6167.2982  VDWAALS    =      6287.2181
 EELEC  =    -69633.7327  EHBOND  =         0.0000  RESTRAINT  =        27.9572
 EAMBER (non-restraint)  =    -53175.4461
 EKCMT  =      4697.9331  VIRIAL  =      4632.9634  VOLUME     =    177031.8070
                                                    Density    =         1.0178
 ------------------------------------------------------------------------------


 NSTEP =    48500   TIME(PS) =    2537.000  TEMP(K) =   294.05  PRESS =   -33.0
 Etot   =    -42668.7455  EKtot   =     10629.5078  EPtot      =    -53298.2533
 BOND   =       365.5509  ANGLE   =       989.7335  DIHED      =      2159.7631
 1-4 NB =       447.5779  1-4 EEL =      6170.7076  VDWAALS    =      6331.2852
 EELEC  =    -69782.9084  EHBOND  =         0.0000  RESTRAINT  =        20.0371
 EAMBER (non-restraint)  =    -53318.2903
 EKCMT  =      4624.5629  VIRIAL  =      4750.1372  VOLUME     =    176490.8789
                                                    Density    =         1.0209
 ------------------------------------------------------------------------------


 NSTEP =    49000   TIME(PS) =    2538.000  TEMP(K) =   297.35  PRESS =   103.6
 Etot   =    -42520.6617  EKtot   =     10748.7500  EPtot      =    -53269.4117
 BOND   =       374.2960  ANGLE   =      1018.3362  DIHED      =      2156.6196
 1-4 NB =       442.3861  1-4 EEL =      6171.7891  VDWAALS    =      6368.5226
 EELEC  =    -69822.4505  EHBOND  =         0.0000  RESTRAINT  =        21.0892
 EAMBER (non-restraint)  =    -53290.5009
 EKCMT  =      4647.0212  VIRIAL  =      4253.0668  VOLUME     =    176045.7324
                                                    Density    =         1.0235
 ------------------------------------------------------------------------------


 NSTEP =    49500   TIME(PS) =    2539.000  TEMP(K) =   297.57  PRESS =   487.3
 Etot   =    -42546.0757  EKtot   =     10756.6904  EPtot      =    -53302.7661
 BOND   =       356.5198  ANGLE   =       995.4954  DIHED      =      2165.0156
 1-4 NB =       466.6441  1-4 EEL =      6156.4862  VDWAALS    =      6514.2107
 EELEC  =    -69979.0775  EHBOND  =         0.0000  RESTRAINT  =        21.9397
 EAMBER (non-restraint)  =    -53324.7059
 EKCMT  =      4662.7827  VIRIAL  =      2807.4555  VOLUME     =    176322.7004
                                                    Density    =         1.0219
 ------------------------------------------------------------------------------


 NSTEP =    50000   TIME(PS) =    2540.000  TEMP(K) =   301.01  PRESS =    86.3
 Etot   =    -42357.0438  EKtot   =     10881.2930  EPtot      =    -53238.3368
 BOND   =       360.9195  ANGLE   =       974.1205  DIHED      =      2147.6345
 1-4 NB =       449.3689  1-4 EEL =      6149.3374  VDWAALS    =      6278.5031
 EELEC  =    -69619.5657  EHBOND  =         0.0000  RESTRAINT  =        21.3451
 EAMBER (non-restraint)  =    -53259.6818
 EKCMT  =      4741.7414  VIRIAL  =      4412.8174  VOLUME     =    176602.1421
                                                    Density    =         1.0203
 ------------------------------------------------------------------------------


      A V E R A G E S   O V E R     100 S T E P S


 NSTEP =    50000   TIME(PS) =    2540.000  TEMP(K) =   299.88  PRESS =    29.7
 Etot   =    -42431.5081  EKtot   =     10840.5099  EPtot      =    -53272.0180
 BOND   =       356.3382  ANGLE   =      1006.5319  DIHED      =      2165.4767
 1-4 NB =       450.0841  1-4 EEL =      6170.6488  VDWAALS    =      6310.1876
 EELEC  =    -69754.4937  EHBOND  =         0.0000  RESTRAINT  =        23.2083
 EAMBER (non-restraint)  =    -53295.2263
 EKCMT  =      4718.2454  VIRIAL  =      4605.4516  VOLUME     =    176203.6719
                                                    Density    =         1.0226
 ------------------------------------------------------------------------------


      R M S  F L U C T U A T I O N S


 NSTEP =    50000   TIME(PS) =    2540.000  TEMP(K) =     2.01  PRESS =   158.0
 Etot   =       120.5813  EKtot   =        72.6864  EPtot      =        92.9052
 BOND   =        16.4062  ANGLE   =        23.2530  DIHED      =        11.7879
 1-4 NB =        10.0837  1-4 EEL =        19.7128  VDWAALS    =        93.2806
 EELEC  =       140.9682  EHBOND  =         0.0000  RESTRAINT  =         2.3682
 EAMBER (non-restraint)  =        90.5370
 EKCMT  =        50.4763  VIRIAL  =       608.5767  VOLUME     =       360.7668
                                                    Density    =         0.0021
 ------------------------------------------------------------------------------

--------------------------------------------------------------------------------
   5.  TIMINGS
--------------------------------------------------------------------------------

|  NonSetup CPU Time in Major Routines:
|
|     Routine           Sec        %
|     ------------------------------
|     Nonbond          91.02   87.28
|     Bond              0.00    0.00
|     Angle             0.00    0.00
|     Dihedral          0.00    0.00
|     Shake             0.38    0.37
|     RunMD            12.82   12.29
|     Other             0.07    0.07
|     ------------------------------
|     Total           104.28

|  PME Nonbond Pairlist CPU Time:
|
|     Routine              Sec        %
|     ---------------------------------
|     Set Up Cit           0.00    0.00
|     Build List           0.00    0.00
|     ---------------------------------
|     Total                0.00    0.00

|  PME Direct Force CPU Time:
|
|     Routine              Sec        %
|     ---------------------------------
|     NonBonded Calc       0.00    0.00
|     Exclude Masked       0.00    0.00
|     Other                0.04    0.04
|     ---------------------------------
|     Total                0.04    0.04

|  PME Reciprocal Force CPU Time:
|
|     Routine              Sec        %
|     ---------------------------------
|     1D bspline           0.00    0.00
|     Grid Charges         0.00    0.00
|     Scalar Sum           0.00    0.00
|     Gradient Sum         0.00    0.00
|     FFT                  0.00    0.00
|     ---------------------------------
|     Total                0.00    0.00

|  Final Performance Info:
|     -----------------------------------------------------
|     Average timings for last   20500 steps:
|     Elapsed(s) =      42.73 Per Step(ms) =       2.08
|         ns/day =      82.90   seconds/ns =    1042.22
|
|     Average timings for all steps:
|     Elapsed(s) =     104.29 Per Step(ms) =       2.09
|         ns/day =      82.85   seconds/ns =    1042.90
|     -----------------------------------------------------

|  Setup CPU time:            0.51 seconds
|  NonSetup CPU time:       104.28 seconds
|  Total CPU time:          104.79 seconds     0.03 hours

|  Setup wall time:           0    seconds
|  NonSetup wall time:      105    seconds
|  Total wall time:         105    seconds     0.03 hours
