
          -------------------------------------------------------
          Amber 16 PMEMD                              2016
          -------------------------------------------------------

| PMEMD implementation of SANDER, Release 16

| Run on 07/03/2017 at 19:24:56

|   Executable path: pmemd.cuda
| Working directory: /home/german/obp/run/wt_eol/mhe/e
|          Hostname: Unknown
  [-O]verwriting output

File Assignments:
|   MDIN: 30equ.in                                                              
|  MDOUT: 30equ.out                                                             
| INPCRD: 29ewt_eol.rst7                                                        
|   PARM: /home/german/obp/top_files/wt_eol.prmtop                              
| RESTRT: 30ewt_eol.rst7                                                        
|   REFC: refc                                                                  
|  MDVEL: mdvel                                                                 
|   MDEN: mden                                                                  
|  MDCRD: 30ewt_eol.nc                                                          
| MDINFO: mdinfo                                                                
|  MDFRC: mdfrc                                                                 


 Here is the input file:

Equilibration without solute restrictions                                      
&cntrl                                                                         
imin = 0,                           ! No Minimization                          
nmropt = 0,                         ! No NMR restraints read                   
                                                                               
! Nature and format of the input                                               
ntx = 5,                            ! Coordinates and velocities will be read  
irest = 1,                          ! Do not run a new simulation              
                                                                               
! Nature and format of the output                                              
ntxo = 1,                           ! rstrt file in ASCII format               
ntpr = 500,                         ! inf in output every ntpr steps           
ntwr = 500,                         ! rstrt file every ntwr steps              
ntwx = 500,                         ! mdcrd file every ntwx steps              
ntwv = 0,                           ! mdvel without velocities                 
ntwe = 0,                           ! Energies and temperatures not written in 
idecomp = 0,                        ! No energy decomposition                  
iwrap = 1,                          ! Coordinates of the restart and mdcrd file
                                                                               
! Frozen or restrained atoms                                                   
ibelly = 0,                         ! No frozen atoms                          
ntr=0,                              ! Harmonic potential restraints            
                                                                               
! Molecular dynamics                                                           
nstlim = 50000,                     ! Number of MD-steps                       
dt = 0.002,                         ! Time step                                
                                                                               
! Temperature regulation                                                       
ntt = 3,                            ! Langevin thermostat                      
gamma_ln = 2,                       ! Gamma constant for Langevin              
!temp0 = 300.0,                     ! Reference T at which the system is to be 
tempi = 300.0,                      ! Initial T                                
ig = -1,                            ! Seed for the RNG                         
                                                                               
! P and V regulation                                                           
ntp = 0,                            ! No P control                             
ntb = 1,                            ! constant V                               
                                                                               
! SHAKE variables                                                              
ntc = 2,                            ! Bonds involving H are constrained        
ntf = 2,                            ! Bond interaction involving H are ommited.
                                                                               
cut = 9.0,                         ! Nonbonded cutoff                          
/                                                                              
&end                                                                           


Note: ig = -1. Setting random seed to   587306 based on wallclock time in 
      microseconds.
 
|--------------------- INFORMATION ----------------------
| GPU (CUDA) Version of PMEMD in use: NVIDIA GPU IN USE.
|                    Version 16.0.0
| 
|                      02/25/2016
| 
| Implementation by:
|                    Ross C. Walker     (SDSC)
|                    Scott Le Grand     (nVIDIA)
| 
| Precision model in use:
|      [SPFP] - Single Precision Forces, 64-bit Fixed Point
|               Accumulation. (Default)
| 
|--------------------------------------------------------
 
|----------------- CITATION INFORMATION -----------------
|
|    When publishing work that utilized the CUDA version
|    of AMBER, please cite the following in addition to
|    the regular AMBER citations:
|
|  - Romelia Salomon-Ferrer; Andreas W. Goetz; Duncan
|    Poole; Scott Le Grand; Ross C. Walker "Routine
|    microsecond molecular dynamics simulations with
|    AMBER - Part II: Particle Mesh Ewald", J. Chem.
|    Theory Comput., 2013, 9 (9), pp3878-3888,
|    DOI: 10.1021/ct400314y.
|
|  - Andreas W. Goetz; Mark J. Williamson; Dong Xu;
|    Duncan Poole; Scott Le Grand; Ross C. Walker
|    "Routine microsecond molecular dynamics simulations
|    with AMBER - Part I: Generalized Born", J. Chem.
|    Theory Comput., 2012, 8 (5), pp1542-1555.
|
|  - Scott Le Grand; Andreas W. Goetz; Ross C. Walker
|    "SPFP: Speed without compromise - a mixed precision
|    model for GPU accelerated molecular dynamics
|    simulations.", Comp. Phys. Comm., 2013, 184
|    pp374-380, DOI: 10.1016/j.cpc.2012.09.022
|
|--------------------------------------------------------
 
|------------------- GPU DEVICE INFO --------------------
|
|            CUDA_VISIBLE_DEVICES: 1
|   CUDA Capable Devices Detected:      1
|           CUDA Device ID in use:      0
|                CUDA Device Name: GeForce GTX 1060 6GB
|     CUDA Device Global Mem Size:   6072 MB
| CUDA Device Num Multiprocessors:     10
|           CUDA Device Core Freq:   1.76 GHz
|
|--------------------------------------------------------
 
 
| Conditional Compilation Defines Used:
| PUBFFT
| BINTRAJ
| CUDA
| EMIL

| Largest sphere to fit in unit cell has radius =    26.364

| New format PARM file being parsed.
| Version =    1.000 Date = 02/20/15 Time = 17:35:00

| Note: 1-4 EEL scale factors are being read from the topology file.

| Note: 1-4 VDW scale factors are being read from the topology file.
| Duplicated    0 dihedrals

| Duplicated    0 dihedrals

--------------------------------------------------------------------------------
   1.  RESOURCE   USE: 
--------------------------------------------------------------------------------

 getting new box info from bottom of inpcrd
 NATOM  =   17712 NTYPES =      18 NBONH =   16754 MBONA  =     963
 NTHETH =    2242 MTHETA =    1293 NPHIH =    4367 MPHIA  =    4396
 NHPARM =       0 NPARM  =       0 NNB   =   31725 NRES   =    5382
 NBONA  =     963 NTHETA =    1293 NPHIA =    4396 NUMBND =      72
 NUMANG =     151 NPTRA  =     245 NATYP =      42 NPHB   =       1
 IFBOX  =       1 NMXRS  =      24 IFCAP =       0 NEXTRA =       0
 NCOPY  =       0

| Coordinate Index Table dimensions:    11   11   10
| Direct force subcell size =     5.1656    5.3467    5.2729

     BOX TYPE: RECTILINEAR

--------------------------------------------------------------------------------
   2.  CONTROL  DATA  FOR  THE  RUN
--------------------------------------------------------------------------------

default_name                                                                    

General flags:
     imin    =       0, nmropt  =       0

Nature and format of input:
     ntx     =       5, irest   =       1, ntrx    =       1

Nature and format of output:
     ntxo    =       1, ntpr    =     500, ntrx    =       1, ntwr    =     500
     iwrap   =       1, ntwx    =     500, ntwv    =       0, ntwe    =       0
     ioutfm  =       1, ntwprt  =       0, idecomp =       0, rbornstat=      0

Potential function:
     ntf     =       2, ntb     =       1, igb     =       0, nsnb    =      25
     ipol    =       0, gbsa    =       0, iesp    =       0
     dielc   =   1.00000, cut     =   9.00000, intdiel =   1.00000

Frozen or restrained atoms:
     ibelly  =       0, ntr     =       0

Molecular dynamics:
     nstlim  =     50000, nscm    =      1000, nrespa  =         1
     t       =   0.00000, dt      =   0.00200, vlimit  =  -1.00000

Langevin dynamics temperature regulation:
     ig      =  587306
     temp0   = 300.00000, tempi   = 300.00000, gamma_ln=   2.00000

SHAKE:
     ntc     =       2, jfastw  =       0
     tol     =   0.00001

| Intermolecular bonds treatment:
|     no_intermolecular_bonds =       1

| Energy averages sample interval:
|     ene_avg_sampling =     500

Ewald parameters:
     verbose =       0, ew_type =       0, nbflag  =       1, use_pme =       1
     vdwmeth =       1, eedmeth =       1, netfrc  =       1
     Box X =   56.822   Box Y =   58.813   Box Z =   52.729
     Alpha =   90.000   Beta  =   90.000   Gamma =   90.000
     NFFT1 =   64       NFFT2 =   64       NFFT3 =   56
     Cutoff=    9.000   Tol   =0.100E-04
     Ewald Coefficient =  0.30768
     Interpolation order =    4

--------------------------------------------------------------------------------
   3.  ATOMIC COORDINATES AND VELOCITIES
--------------------------------------------------------------------------------

default_name                                                                    
 begin time read from input coords =  3040.000 ps

 
 Number of triangulated 3-point waters found:     5259

     Sum of charges from parm topology file =  -0.00000007
     Forcing neutrality...

| Dynamic Memory, Types Used:
| Reals              579218
| Integers           611622

| Nonbonded Pairs Initial Allocation:     4038336

| GPU memory information (estimate):
| KB of GPU memory in use:    108162
| KB of CPU memory in use:     22165

--------------------------------------------------------------------------------
   4.  RESULTS
--------------------------------------------------------------------------------

 ---------------------------------------------------
 APPROXIMATING switch and d/dx switch using CUBIC SPLINE INTERPOLATION
 using   5000.0 points per unit in tabled values
 TESTING RELATIVE ERROR over r ranging from 0.0 to cutoff
| CHECK switch(x): max rel err =   0.2738E-14   at   2.422500
| CHECK d/dx switch(x): max rel err =   0.8314E-11   at   2.736960
 ---------------------------------------------------
|---------------------------------------------------
| APPROXIMATING direct energy using CUBIC SPLINE INTERPOLATION
|  with   50.0 points per unit in tabled values
| Relative Error Limit not exceeded for r .gt.   2.39
| APPROXIMATING direct force using CUBIC SPLINE INTERPOLATION
|  with   50.0 points per unit in tabled values
| Relative Error Limit not exceeded for r .gt.   2.84
|---------------------------------------------------

 NSTEP =      500   TIME(PS) =    3041.000  TEMP(K) =   297.48  PRESS =     0.0
 Etot   =    -42451.6517  EKtot   =     10753.7568  EPtot      =    -53205.4085
 BOND   =       360.7519  ANGLE   =      1061.9507  DIHED      =      2186.5457
 1-4 NB =       440.6250  1-4 EEL =      6154.7924  VDWAALS    =      6345.2132
 EELEC  =    -69755.2874  EHBOND  =         0.0000  RESTRAINT  =         0.0000
 ------------------------------------------------------------------------------


 NSTEP =     1000   TIME(PS) =    3042.000  TEMP(K) =   298.36  PRESS =     0.0
 Etot   =    -42426.9506  EKtot   =     10785.2607  EPtot      =    -53212.2113
 BOND   =       343.3651  ANGLE   =       996.8273  DIHED      =      2160.2338
 1-4 NB =       454.4960  1-4 EEL =      6134.9747  VDWAALS    =      6384.8891
 EELEC  =    -69686.9974  EHBOND  =         0.0000  RESTRAINT  =         0.0000
 ------------------------------------------------------------------------------


 NSTEP =     1500   TIME(PS) =    3043.000  TEMP(K) =   297.94  PRESS =     0.0
 Etot   =    -42529.1139  EKtot   =     10770.2041  EPtot      =    -53299.3180
 BOND   =       337.9727  ANGLE   =      1014.8946  DIHED      =      2169.8924
 1-4 NB =       451.4657  1-4 EEL =      6233.2322  VDWAALS    =      6386.7037
 EELEC  =    -69893.4792  EHBOND  =         0.0000  RESTRAINT  =         0.0000
 ------------------------------------------------------------------------------


 NSTEP =     2000   TIME(PS) =    3044.000  TEMP(K) =   299.58  PRESS =     0.0
 Etot   =    -42446.4074  EKtot   =     10829.4795  EPtot      =    -53275.8869
 BOND   =       374.0342  ANGLE   =      1043.0304  DIHED      =      2166.2029
 1-4 NB =       464.8948  1-4 EEL =      6150.5350  VDWAALS    =      6244.5736
 EELEC  =    -69719.1577  EHBOND  =         0.0000  RESTRAINT  =         0.0000
 ------------------------------------------------------------------------------


 NSTEP =     2500   TIME(PS) =    3045.000  TEMP(K) =   301.07  PRESS =     0.0
 Etot   =    -42438.1631  EKtot   =     10883.2373  EPtot      =    -53321.4004
 BOND   =       346.8409  ANGLE   =      1042.4319  DIHED      =      2163.5944
 1-4 NB =       443.8080  1-4 EEL =      6143.3888  VDWAALS    =      6286.2309
 EELEC  =    -69747.6953  EHBOND  =         0.0000  RESTRAINT  =         0.0000
 ------------------------------------------------------------------------------


 NSTEP =     3000   TIME(PS) =    3046.000  TEMP(K) =   297.77  PRESS =     0.0
 Etot   =    -42536.6287  EKtot   =     10764.0576  EPtot      =    -53300.6863
 BOND   =       350.3153  ANGLE   =      1046.2329  DIHED      =      2173.1980
 1-4 NB =       469.8136  1-4 EEL =      6149.4588  VDWAALS    =      6264.5303
 EELEC  =    -69754.2353  EHBOND  =         0.0000  RESTRAINT  =         0.0000
 ------------------------------------------------------------------------------


 NSTEP =     3500   TIME(PS) =    3047.000  TEMP(K) =   298.40  PRESS =     0.0
 Etot   =    -42417.6700  EKtot   =     10786.8379  EPtot      =    -53204.5079
 BOND   =       361.8316  ANGLE   =      1010.5448  DIHED      =      2154.3687
 1-4 NB =       445.1392  1-4 EEL =      6166.5843  VDWAALS    =      6235.5648
 EELEC  =    -69578.5412  EHBOND  =         0.0000  RESTRAINT  =         0.0000
 ------------------------------------------------------------------------------


 NSTEP =     4000   TIME(PS) =    3048.000  TEMP(K) =   300.15  PRESS =     0.0
 Etot   =    -42377.6605  EKtot   =     10850.2959  EPtot      =    -53227.9564
 BOND   =       361.9500  ANGLE   =       982.8448  DIHED      =      2154.0785
 1-4 NB =       444.7312  1-4 EEL =      6134.1235  VDWAALS    =      6209.8787
 EELEC  =    -69515.5633  EHBOND  =         0.0000  RESTRAINT  =         0.0000
 ------------------------------------------------------------------------------


 NSTEP =     4500   TIME(PS) =    3049.000  TEMP(K) =   301.21  PRESS =     0.0
 Etot   =    -42413.0282  EKtot   =     10888.2998  EPtot      =    -53301.3281
 BOND   =       405.3293  ANGLE   =       978.8134  DIHED      =      2143.8650
 1-4 NB =       459.6387  1-4 EEL =      6152.0112  VDWAALS    =      6391.9211
 EELEC  =    -69832.9069  EHBOND  =         0.0000  RESTRAINT  =         0.0000
 ------------------------------------------------------------------------------


 NSTEP =     5000   TIME(PS) =    3050.000  TEMP(K) =   300.16  PRESS =     0.0
 Etot   =    -42444.4713  EKtot   =     10850.5820  EPtot      =    -53295.0533
 BOND   =       357.2278  ANGLE   =      1007.4490  DIHED      =      2175.1551
 1-4 NB =       442.0442  1-4 EEL =      6129.0942  VDWAALS    =      6419.3390
 EELEC  =    -69825.3627  EHBOND  =         0.0000  RESTRAINT  =         0.0000
 ------------------------------------------------------------------------------


 NSTEP =     5500   TIME(PS) =    3051.000  TEMP(K) =   297.91  PRESS =     0.0
 Etot   =    -42592.0299  EKtot   =     10769.0996  EPtot      =    -53361.1295
 BOND   =       364.1536  ANGLE   =      1006.8837  DIHED      =      2175.9152
 1-4 NB =       450.6179  1-4 EEL =      6171.4859  VDWAALS    =      6338.4457
 EELEC  =    -69868.6315  EHBOND  =         0.0000  RESTRAINT  =         0.0000
 ------------------------------------------------------------------------------


 NSTEP =     6000   TIME(PS) =    3052.000  TEMP(K) =   301.04  PRESS =     0.0
 Etot   =    -42434.9158  EKtot   =     10882.2158  EPtot      =    -53317.1316
 BOND   =       370.5250  ANGLE   =       998.0731  DIHED      =      2161.3816
 1-4 NB =       437.7783  1-4 EEL =      6148.0109  VDWAALS    =      6421.2877
 EELEC  =    -69854.1881  EHBOND  =         0.0000  RESTRAINT  =         0.0000
 ------------------------------------------------------------------------------


 NSTEP =     6500   TIME(PS) =    3053.000  TEMP(K) =   304.48  PRESS =     0.0
 Etot   =    -42307.3763  EKtot   =     11006.5000  EPtot      =    -53313.8763
 BOND   =       371.7448  ANGLE   =      1009.5966  DIHED      =      2155.6072
 1-4 NB =       451.7789  1-4 EEL =      6154.8271  VDWAALS    =      6452.1655
 EELEC  =    -69909.5963  EHBOND  =         0.0000  RESTRAINT  =         0.0000
 ------------------------------------------------------------------------------


 NSTEP =     7000   TIME(PS) =    3054.000  TEMP(K) =   301.78  PRESS =     0.0
 Etot   =    -42384.8724  EKtot   =     10909.1074  EPtot      =    -53293.9799
 BOND   =       344.5028  ANGLE   =      1020.9855  DIHED      =      2164.0658
 1-4 NB =       454.7210  1-4 EEL =      6131.8562  VDWAALS    =      6170.2872
 EELEC  =    -69580.3983  EHBOND  =         0.0000  RESTRAINT  =         0.0000
 ------------------------------------------------------------------------------


 NSTEP =     7500   TIME(PS) =    3055.000  TEMP(K) =   299.67  PRESS =     0.0
 Etot   =    -42197.1287  EKtot   =     10832.8281  EPtot      =    -53029.9568
 BOND   =       369.6347  ANGLE   =      1018.2558  DIHED      =      2157.2951
 1-4 NB =       465.5215  1-4 EEL =      6167.0780  VDWAALS    =      6311.5108
 EELEC  =    -69519.2527  EHBOND  =         0.0000  RESTRAINT  =         0.0000
 ------------------------------------------------------------------------------


 NSTEP =     8000   TIME(PS) =    3056.000  TEMP(K) =   298.41  PRESS =     0.0
 Etot   =    -42444.2169  EKtot   =     10787.3379  EPtot      =    -53231.5548
 BOND   =       334.0923  ANGLE   =      1000.3055  DIHED      =      2128.5983
 1-4 NB =       466.2340  1-4 EEL =      6194.0312  VDWAALS    =      6309.1423
 EELEC  =    -69663.9583  EHBOND  =         0.0000  RESTRAINT  =         0.0000
 ------------------------------------------------------------------------------


 NSTEP =     8500   TIME(PS) =    3057.000  TEMP(K) =   300.68  PRESS =     0.0
 Etot   =    -42326.4975  EKtot   =     10869.3496  EPtot      =    -53195.8471
 BOND   =       383.4283  ANGLE   =      1000.7233  DIHED      =      2165.1803
 1-4 NB =       466.7136  1-4 EEL =      6132.2399  VDWAALS    =      6072.4853
 EELEC  =    -69416.6179  EHBOND  =         0.0000  RESTRAINT  =         0.0000
 ------------------------------------------------------------------------------


 NSTEP =     9000   TIME(PS) =    3058.000  TEMP(K) =   298.44  PRESS =     0.0
 Etot   =    -42343.7841  EKtot   =     10788.3955  EPtot      =    -53132.1796
 BOND   =       326.6166  ANGLE   =      1040.1062  DIHED      =      2130.2357
 1-4 NB =       465.8316  1-4 EEL =      6163.7201  VDWAALS    =      6266.1591
 EELEC  =    -69524.8489  EHBOND  =         0.0000  RESTRAINT  =         0.0000
 ------------------------------------------------------------------------------


 NSTEP =     9500   TIME(PS) =    3059.000  TEMP(K) =   303.82  PRESS =     0.0
 Etot   =    -42323.9452  EKtot   =     10982.7852  EPtot      =    -53306.7304
 BOND   =       343.1255  ANGLE   =      1001.2460  DIHED      =      2145.5387
 1-4 NB =       459.0983  1-4 EEL =      6155.5150  VDWAALS    =      6297.8321
 EELEC  =    -69709.0860  EHBOND  =         0.0000  RESTRAINT  =         0.0000
 ------------------------------------------------------------------------------


 NSTEP =    10000   TIME(PS) =    3060.000  TEMP(K) =   299.96  PRESS =     0.0
 Etot   =    -42526.3040  EKtot   =     10843.1123  EPtot      =    -53369.4164
 BOND   =       344.3543  ANGLE   =       982.5749  DIHED      =      2150.2962
 1-4 NB =       448.1505  1-4 EEL =      6188.5844  VDWAALS    =      6287.1422
 EELEC  =    -69770.5189  EHBOND  =         0.0000  RESTRAINT  =         0.0000
 ------------------------------------------------------------------------------


 NSTEP =    10500   TIME(PS) =    3061.000  TEMP(K) =   300.01  PRESS =     0.0
 Etot   =    -42423.4724  EKtot   =     10845.0039  EPtot      =    -53268.4763
 BOND   =       393.8715  ANGLE   =       970.5403  DIHED      =      2153.7777
 1-4 NB =       437.6755  1-4 EEL =      6133.2601  VDWAALS    =      6325.6460
 EELEC  =    -69683.2475  EHBOND  =         0.0000  RESTRAINT  =         0.0000
 ------------------------------------------------------------------------------


 NSTEP =    11000   TIME(PS) =    3062.000  TEMP(K) =   300.97  PRESS =     0.0
 Etot   =    -42186.2837  EKtot   =     10879.8135  EPtot      =    -53066.0972
 BOND   =       368.9522  ANGLE   =      1006.6035  DIHED      =      2176.3091
 1-4 NB =       452.8185  1-4 EEL =      6163.3838  VDWAALS    =      6324.7454
 EELEC  =    -69558.9096  EHBOND  =         0.0000  RESTRAINT  =         0.0000
 ------------------------------------------------------------------------------


 NSTEP =    11500   TIME(PS) =    3063.000  TEMP(K) =   301.98  PRESS =     0.0
 Etot   =    -42192.3733  EKtot   =     10916.3711  EPtot      =    -53108.7444
 BOND   =       388.0997  ANGLE   =       954.4780  DIHED      =      2173.8308
 1-4 NB =       437.4923  1-4 EEL =      6159.4003  VDWAALS    =      6352.3753
 EELEC  =    -69574.4208  EHBOND  =         0.0000  RESTRAINT  =         0.0000
 ------------------------------------------------------------------------------


 NSTEP =    12000   TIME(PS) =    3064.000  TEMP(K) =   302.19  PRESS =     0.0
 Etot   =    -42211.5609  EKtot   =     10923.8398  EPtot      =    -53135.4008
 BOND   =       356.2214  ANGLE   =      1035.5180  DIHED      =      2140.0339
 1-4 NB =       462.4308  1-4 EEL =      6174.9353  VDWAALS    =      6224.8520
 EELEC  =    -69529.3922  EHBOND  =         0.0000  RESTRAINT  =         0.0000
 ------------------------------------------------------------------------------


 NSTEP =    12500   TIME(PS) =    3065.000  TEMP(K) =   298.47  PRESS =     0.0
 Etot   =    -42476.4677  EKtot   =     10789.4785  EPtot      =    -53265.9462
 BOND   =       354.4071  ANGLE   =      1023.6066  DIHED      =      2158.0391
 1-4 NB =       452.4236  1-4 EEL =      6158.5451  VDWAALS    =      6296.5837
 EELEC  =    -69709.5513  EHBOND  =         0.0000  RESTRAINT  =         0.0000
 ------------------------------------------------------------------------------


 NSTEP =    13000   TIME(PS) =    3066.000  TEMP(K) =   299.82  PRESS =     0.0
 Etot   =    -42459.4480  EKtot   =     10838.0957  EPtot      =    -53297.5437
 BOND   =       343.6519  ANGLE   =      1010.3655  DIHED      =      2142.3797
 1-4 NB =       449.1496  1-4 EEL =      6178.5641  VDWAALS    =      6418.0890
 EELEC  =    -69839.7436  EHBOND  =         0.0000  RESTRAINT  =         0.0000
 ------------------------------------------------------------------------------


 NSTEP =    13500   TIME(PS) =    3067.000  TEMP(K) =   301.50  PRESS =     0.0
 Etot   =    -42399.9067  EKtot   =     10898.8047  EPtot      =    -53298.7114
 BOND   =       376.9025  ANGLE   =      1011.7905  DIHED      =      2154.8646
 1-4 NB =       453.8273  1-4 EEL =      6196.2354  VDWAALS    =      6340.5236
 EELEC  =    -69832.8554  EHBOND  =         0.0000  RESTRAINT  =         0.0000
 ------------------------------------------------------------------------------


 NSTEP =    14000   TIME(PS) =    3068.000  TEMP(K) =   301.13  PRESS =     0.0
 Etot   =    -42486.5719  EKtot   =     10885.3936  EPtot      =    -53371.9655
 BOND   =       352.0628  ANGLE   =       989.6687  DIHED      =      2147.7804
 1-4 NB =       442.1050  1-4 EEL =      6168.3709  VDWAALS    =      6453.0675
 EELEC  =    -69925.0209  EHBOND  =         0.0000  RESTRAINT  =         0.0000
 ------------------------------------------------------------------------------


 NSTEP =    14500   TIME(PS) =    3069.000  TEMP(K) =   296.42  PRESS =     0.0
 Etot   =    -42394.7585  EKtot   =     10715.4482  EPtot      =    -53110.2067
 BOND   =       368.3135  ANGLE   =       987.3305  DIHED      =      2133.9490
 1-4 NB =       445.2773  1-4 EEL =      6139.2111  VDWAALS    =      6163.2898
 EELEC  =    -69347.5778  EHBOND  =         0.0000  RESTRAINT  =         0.0000
 ------------------------------------------------------------------------------


 NSTEP =    15000   TIME(PS) =    3070.000  TEMP(K) =   298.96  PRESS =     0.0
 Etot   =    -42349.4573  EKtot   =     10807.2373  EPtot      =    -53156.6946
 BOND   =       331.2183  ANGLE   =      1014.8722  DIHED      =      2171.2024
 1-4 NB =       447.5315  1-4 EEL =      6125.6950  VDWAALS    =      6196.9896
 EELEC  =    -69444.2037  EHBOND  =         0.0000  RESTRAINT  =         0.0000
 ------------------------------------------------------------------------------


 NSTEP =    15500   TIME(PS) =    3071.000  TEMP(K) =   301.92  PRESS =     0.0
 Etot   =    -42226.5049  EKtot   =     10914.0215  EPtot      =    -53140.5264
 BOND   =       360.6406  ANGLE   =      1026.1537  DIHED      =      2165.3460
 1-4 NB =       436.3010  1-4 EEL =      6150.1367  VDWAALS    =      6376.6562
 EELEC  =    -69655.7606  EHBOND  =         0.0000  RESTRAINT  =         0.0000
 ------------------------------------------------------------------------------


 NSTEP =    16000   TIME(PS) =    3072.000  TEMP(K) =   295.96  PRESS =     0.0
 Etot   =    -42490.3194  EKtot   =     10698.7656  EPtot      =    -53189.0850
 BOND   =       335.7880  ANGLE   =      1026.8179  DIHED      =      2151.2715
 1-4 NB =       463.4903  1-4 EEL =      6178.6830  VDWAALS    =      6155.5652
 EELEC  =    -69500.7009  EHBOND  =         0.0000  RESTRAINT  =         0.0000
 ------------------------------------------------------------------------------


 NSTEP =    16500   TIME(PS) =    3073.000  TEMP(K) =   299.15  PRESS =     0.0
 Etot   =    -42655.1223  EKtot   =     10814.0176  EPtot      =    -53469.1399
 BOND   =       347.8373  ANGLE   =      1022.6054  DIHED      =      2173.9516
 1-4 NB =       454.0812  1-4 EEL =      6175.9005  VDWAALS    =      6365.0603
 EELEC  =    -70008.5761  EHBOND  =         0.0000  RESTRAINT  =         0.0000
 ------------------------------------------------------------------------------


 NSTEP =    17000   TIME(PS) =    3074.000  TEMP(K) =   300.10  PRESS =     0.0
 Etot   =    -42449.0924  EKtot   =     10848.3525  EPtot      =    -53297.4449
 BOND   =       379.8886  ANGLE   =       959.2354  DIHED      =      2162.7776
 1-4 NB =       442.7651  1-4 EEL =      6149.3902  VDWAALS    =      6359.1969
 EELEC  =    -69750.6988  EHBOND  =         0.0000  RESTRAINT  =         0.0000
 ------------------------------------------------------------------------------


 NSTEP =    17500   TIME(PS) =    3075.000  TEMP(K) =   295.06  PRESS =     0.0
 Etot   =    -42700.6065  EKtot   =     10666.1104  EPtot      =    -53366.7169
 BOND   =       341.7149  ANGLE   =       975.8801  DIHED      =      2188.1203
 1-4 NB =       451.5409  1-4 EEL =      6168.6172  VDWAALS    =      6519.6396
 EELEC  =    -70012.2299  EHBOND  =         0.0000  RESTRAINT  =         0.0000
 ------------------------------------------------------------------------------


 NSTEP =    18000   TIME(PS) =    3076.000  TEMP(K) =   301.02  PRESS =     0.0
 Etot   =    -42504.7119  EKtot   =     10881.4375  EPtot      =    -53386.1494
 BOND   =       350.7949  ANGLE   =       983.0087  DIHED      =      2162.5317
 1-4 NB =       451.9244  1-4 EEL =      6169.0252  VDWAALS    =      6215.7645
 EELEC  =    -69719.1986  EHBOND  =         0.0000  RESTRAINT  =         0.0000
 ------------------------------------------------------------------------------


 NSTEP =    18500   TIME(PS) =    3077.000  TEMP(K) =   303.17  PRESS =     0.0
 Etot   =    -42379.5925  EKtot   =     10959.2998  EPtot      =    -53338.8924
 BOND   =       347.6876  ANGLE   =      1075.3250  DIHED      =      2169.1068
 1-4 NB =       443.0520  1-4 EEL =      6132.6777  VDWAALS    =      6264.8666
 EELEC  =    -69771.6081  EHBOND  =         0.0000  RESTRAINT  =         0.0000
 ------------------------------------------------------------------------------


 NSTEP =    19000   TIME(PS) =    3078.000  TEMP(K) =   302.04  PRESS =     0.0
 Etot   =    -42405.1750  EKtot   =     10918.4453  EPtot      =    -53323.6203
 BOND   =       347.1392  ANGLE   =      1023.5324  DIHED      =      2158.7855
 1-4 NB =       449.1716  1-4 EEL =      6141.4316  VDWAALS    =      6131.7474
 EELEC  =    -69575.4279  EHBOND  =         0.0000  RESTRAINT  =         0.0000
 ------------------------------------------------------------------------------


 NSTEP =    19500   TIME(PS) =    3079.000  TEMP(K) =   302.57  PRESS =     0.0
 Etot   =    -42449.4813  EKtot   =     10937.6973  EPtot      =    -53387.1786
 BOND   =       346.9069  ANGLE   =      1024.8400  DIHED      =      2169.0872
 1-4 NB =       439.1204  1-4 EEL =      6158.2802  VDWAALS    =      6374.1660
 EELEC  =    -69899.5793  EHBOND  =         0.0000  RESTRAINT  =         0.0000
 ------------------------------------------------------------------------------


 NSTEP =    20000   TIME(PS) =    3080.000  TEMP(K) =   300.32  PRESS =     0.0
 Etot   =    -42414.1432  EKtot   =     10856.1455  EPtot      =    -53270.2887
 BOND   =       355.6563  ANGLE   =      1025.0315  DIHED      =      2149.3940
 1-4 NB =       439.7607  1-4 EEL =      6162.0855  VDWAALS    =      6340.1947
 EELEC  =    -69742.4113  EHBOND  =         0.0000  RESTRAINT  =         0.0000
 ------------------------------------------------------------------------------


 NSTEP =    20500   TIME(PS) =    3081.000  TEMP(K) =   299.65  PRESS =     0.0
 Etot   =    -42379.6026  EKtot   =     10831.9629  EPtot      =    -53211.5654
 BOND   =       376.3697  ANGLE   =      1021.0898  DIHED      =      2160.9346
 1-4 NB =       435.2237  1-4 EEL =      6168.2324  VDWAALS    =      6333.7611
 EELEC  =    -69707.1767  EHBOND  =         0.0000  RESTRAINT  =         0.0000
 ------------------------------------------------------------------------------


 NSTEP =    21000   TIME(PS) =    3082.000  TEMP(K) =   300.99  PRESS =     0.0
 Etot   =    -42374.7918  EKtot   =     10880.3730  EPtot      =    -53255.1649
 BOND   =       354.9135  ANGLE   =      1037.3675  DIHED      =      2151.5724
 1-4 NB =       455.6527  1-4 EEL =      6163.1639  VDWAALS    =      6388.0628
 EELEC  =    -69805.8977  EHBOND  =         0.0000  RESTRAINT  =         0.0000
 ------------------------------------------------------------------------------


 NSTEP =    21500   TIME(PS) =    3083.000  TEMP(K) =   299.44  PRESS =     0.0
 Etot   =    -42297.5566  EKtot   =     10824.5850  EPtot      =    -53122.1416
 BOND   =       376.0145  ANGLE   =       954.7547  DIHED      =      2170.3744
 1-4 NB =       455.7544  1-4 EEL =      6199.1212  VDWAALS    =      6373.3188
 EELEC  =    -69651.4796  EHBOND  =         0.0000  RESTRAINT  =         0.0000
 ------------------------------------------------------------------------------


 NSTEP =    22000   TIME(PS) =    3084.000  TEMP(K) =   299.65  PRESS =     0.0
 Etot   =    -42328.3671  EKtot   =     10832.0020  EPtot      =    -53160.3691
 BOND   =       352.1234  ANGLE   =      1037.8663  DIHED      =      2166.0970
 1-4 NB =       443.8797  1-4 EEL =      6154.3240  VDWAALS    =      6209.6736
 EELEC  =    -69524.3331  EHBOND  =         0.0000  RESTRAINT  =         0.0000
 ------------------------------------------------------------------------------


 NSTEP =    22500   TIME(PS) =    3085.000  TEMP(K) =   303.24  PRESS =     0.0
 Etot   =    -42361.2468  EKtot   =     10961.7969  EPtot      =    -53323.0437
 BOND   =       395.0571  ANGLE   =       993.0547  DIHED      =      2148.1916
 1-4 NB =       443.6865  1-4 EEL =      6132.5381  VDWAALS    =      6392.7816
 EELEC  =    -69828.3535  EHBOND  =         0.0000  RESTRAINT  =         0.0000
 ------------------------------------------------------------------------------


 NSTEP =    23000   TIME(PS) =    3086.000  TEMP(K) =   300.80  PRESS =     0.0
 Etot   =    -42234.5435  EKtot   =     10873.4629  EPtot      =    -53108.0064
 BOND   =       376.7356  ANGLE   =      1000.0283  DIHED      =      2147.4922
 1-4 NB =       448.4474  1-4 EEL =      6148.5646  VDWAALS    =      6169.7753
 EELEC  =    -69399.0498  EHBOND  =         0.0000  RESTRAINT  =         0.0000
 ------------------------------------------------------------------------------


 NSTEP =    23500   TIME(PS) =    3087.000  TEMP(K) =   296.02  PRESS =     0.0
 Etot   =    -42257.8507  EKtot   =     10700.7246  EPtot      =    -52958.5753
 BOND   =       357.7614  ANGLE   =      1038.7358  DIHED      =      2137.1933
 1-4 NB =       447.5352  1-4 EEL =      6171.3248  VDWAALS    =      6333.5959
 EELEC  =    -69444.7217  EHBOND  =         0.0000  RESTRAINT  =         0.0000
 ------------------------------------------------------------------------------


 NSTEP =    24000   TIME(PS) =    3088.000  TEMP(K) =   299.18  PRESS =     0.0
 Etot   =    -42595.4171  EKtot   =     10815.0205  EPtot      =    -53410.4376
 BOND   =       369.6743  ANGLE   =      1040.9090  DIHED      =      2140.1224
 1-4 NB =       449.8296  1-4 EEL =      6149.8296  VDWAALS    =      6472.3625
 EELEC  =    -70033.1650  EHBOND  =         0.0000  RESTRAINT  =         0.0000
 ------------------------------------------------------------------------------


 NSTEP =    24500   TIME(PS) =    3089.000  TEMP(K) =   298.56  PRESS =     0.0
 Etot   =    -42740.3313  EKtot   =     10792.7598  EPtot      =    -53533.0911
 BOND   =       397.1585  ANGLE   =       978.9652  DIHED      =      2149.2719
 1-4 NB =       459.0889  1-4 EEL =      6187.9621  VDWAALS    =      6400.3019
 EELEC  =    -70105.8395  EHBOND  =         0.0000  RESTRAINT  =         0.0000
 ------------------------------------------------------------------------------


 NSTEP =    25000   TIME(PS) =    3090.000  TEMP(K) =   296.12  PRESS =     0.0
 Etot   =    -42878.7009  EKtot   =     10704.4521  EPtot      =    -53583.1531
 BOND   =       368.1723  ANGLE   =      1010.1854  DIHED      =      2146.9178
 1-4 NB =       448.0747  1-4 EEL =      6154.4176  VDWAALS    =      6463.5473
 EELEC  =    -70174.4682  EHBOND  =         0.0000  RESTRAINT  =         0.0000
 ------------------------------------------------------------------------------


 NSTEP =    25500   TIME(PS) =    3091.000  TEMP(K) =   297.36  PRESS =     0.0
 Etot   =    -42654.8159  EKtot   =     10749.3730  EPtot      =    -53404.1890
 BOND   =       340.1300  ANGLE   =       975.9071  DIHED      =      2132.7272
 1-4 NB =       456.4036  1-4 EEL =      6161.9324  VDWAALS    =      6378.6750
 EELEC  =    -69849.9643  EHBOND  =         0.0000  RESTRAINT  =         0.0000
 ------------------------------------------------------------------------------


 NSTEP =    26000   TIME(PS) =    3092.000  TEMP(K) =   297.12  PRESS =     0.0
 Etot   =    -42744.0977  EKtot   =     10740.5791  EPtot      =    -53484.6768
 BOND   =       342.2961  ANGLE   =       958.3802  DIHED      =      2150.3811
 1-4 NB =       460.4475  1-4 EEL =      6169.6095  VDWAALS    =      6262.5627
 EELEC  =    -69828.3539  EHBOND  =         0.0000  RESTRAINT  =         0.0000
 ------------------------------------------------------------------------------


 NSTEP =    26500   TIME(PS) =    3093.000  TEMP(K) =   300.10  PRESS =     0.0
 Etot   =    -42407.4087  EKtot   =     10848.4102  EPtot      =    -53255.8189
 BOND   =       396.1717  ANGLE   =      1010.4869  DIHED      =      2149.5889
 1-4 NB =       445.8664  1-4 EEL =      6133.9791  VDWAALS    =      6329.9505
 EELEC  =    -69721.8623  EHBOND  =         0.0000  RESTRAINT  =         0.0000
 ------------------------------------------------------------------------------


 NSTEP =    27000   TIME(PS) =    3094.000  TEMP(K) =   304.84  PRESS =     0.0
 Etot   =    -42457.2961  EKtot   =     11019.8096  EPtot      =    -53477.1057
 BOND   =       362.6351  ANGLE   =       988.1661  DIHED      =      2137.1265
 1-4 NB =       448.2573  1-4 EEL =      6160.4395  VDWAALS    =      6269.9439
 EELEC  =    -69843.6739  EHBOND  =         0.0000  RESTRAINT  =         0.0000
 ------------------------------------------------------------------------------


 NSTEP =    27500   TIME(PS) =    3095.000  TEMP(K) =   298.68  PRESS =     0.0
 Etot   =    -42499.1644  EKtot   =     10797.1543  EPtot      =    -53296.3187
 BOND   =       368.1594  ANGLE   =      1033.3391  DIHED      =      2161.0650
 1-4 NB =       453.2179  1-4 EEL =      6145.7026  VDWAALS    =      6407.2589
 EELEC  =    -69865.0616  EHBOND  =         0.0000  RESTRAINT  =         0.0000
 ------------------------------------------------------------------------------


 NSTEP =    28000   TIME(PS) =    3096.000  TEMP(K) =   298.95  PRESS =     0.0
 Etot   =    -42499.2627  EKtot   =     10806.7285  EPtot      =    -53305.9912
 BOND   =       349.9741  ANGLE   =       974.8960  DIHED      =      2135.9598
 1-4 NB =       452.0459  1-4 EEL =      6190.6475  VDWAALS    =      6227.9173
 EELEC  =    -69637.4317  EHBOND  =         0.0000  RESTRAINT  =         0.0000
 ------------------------------------------------------------------------------


 NSTEP =    28500   TIME(PS) =    3097.000  TEMP(K) =   298.49  PRESS =     0.0
 Etot   =    -42505.9925  EKtot   =     10790.0811  EPtot      =    -53296.0735
 BOND   =       374.2843  ANGLE   =       991.1596  DIHED      =      2163.5135
 1-4 NB =       458.0144  1-4 EEL =      6144.2425  VDWAALS    =      6209.3463
 EELEC  =    -69636.6342  EHBOND  =         0.0000  RESTRAINT  =         0.0000
 ------------------------------------------------------------------------------


 NSTEP =    29000   TIME(PS) =    3098.000  TEMP(K) =   296.83  PRESS =     0.0
 Etot   =    -42508.8417  EKtot   =     10730.2734  EPtot      =    -53239.1151
 BOND   =       372.9897  ANGLE   =      1056.7070  DIHED      =      2139.5407
 1-4 NB =       467.1719  1-4 EEL =      6145.9297  VDWAALS    =      6345.3913
 EELEC  =    -69766.8454  EHBOND  =         0.0000  RESTRAINT  =         0.0000
 ------------------------------------------------------------------------------


 NSTEP =    29500   TIME(PS) =    3099.000  TEMP(K) =   300.32  PRESS =     0.0
 Etot   =    -42482.2210  EKtot   =     10856.4385  EPtot      =    -53338.6595
 BOND   =       354.1172  ANGLE   =      1027.0563  DIHED      =      2147.4367
 1-4 NB =       450.9938  1-4 EEL =      6148.8743  VDWAALS    =      6380.1190
 EELEC  =    -69847.2567  EHBOND  =         0.0000  RESTRAINT  =         0.0000
 ------------------------------------------------------------------------------


 NSTEP =    30000   TIME(PS) =    3100.000  TEMP(K) =   302.19  PRESS =     0.0
 Etot   =    -42630.4737  EKtot   =     10923.9814  EPtot      =    -53554.4552
 BOND   =       368.1973  ANGLE   =      1016.2817  DIHED      =      2148.0852
 1-4 NB =       440.3101  1-4 EEL =      6158.7581  VDWAALS    =      6443.5839
 EELEC  =    -70129.6715  EHBOND  =         0.0000  RESTRAINT  =         0.0000
 ------------------------------------------------------------------------------


 NSTEP =    30500   TIME(PS) =    3101.000  TEMP(K) =   295.87  PRESS =     0.0
 Etot   =    -42656.9061  EKtot   =     10695.3408  EPtot      =    -53352.2469
 BOND   =       340.2074  ANGLE   =      1018.9232  DIHED      =      2123.3277
 1-4 NB =       448.2027  1-4 EEL =      6162.0595  VDWAALS    =      6125.4106
 EELEC  =    -69570.3779  EHBOND  =         0.0000  RESTRAINT  =         0.0000
 ------------------------------------------------------------------------------


 NSTEP =    31000   TIME(PS) =    3102.000  TEMP(K) =   300.17  PRESS =     0.0
 Etot   =    -42655.1543  EKtot   =     10850.7109  EPtot      =    -53505.8653
 BOND   =       355.7545  ANGLE   =       966.4621  DIHED      =      2149.8109
 1-4 NB =       455.7220  1-4 EEL =      6174.4637  VDWAALS    =      6329.3810
 EELEC  =    -69937.4594  EHBOND  =         0.0000  RESTRAINT  =         0.0000
 ------------------------------------------------------------------------------


 NSTEP =    31500   TIME(PS) =    3103.000  TEMP(K) =   299.57  PRESS =     0.0
 Etot   =    -42584.1015  EKtot   =     10829.0498  EPtot      =    -53413.1513
 BOND   =       377.4307  ANGLE   =       988.0265  DIHED      =      2142.2588
 1-4 NB =       457.6601  1-4 EEL =      6159.1466  VDWAALS    =      6278.7323
 EELEC  =    -69816.4064  EHBOND  =         0.0000  RESTRAINT  =         0.0000
 ------------------------------------------------------------------------------


 NSTEP =    32000   TIME(PS) =    3104.000  TEMP(K) =   295.87  PRESS =     0.0
 Etot   =    -42528.4938  EKtot   =     10695.3750  EPtot      =    -53223.8688
 BOND   =       360.9043  ANGLE   =      1016.5632  DIHED      =      2136.7614
 1-4 NB =       472.1132  1-4 EEL =      6172.4022  VDWAALS    =      6306.8932
 EELEC  =    -69689.5063  EHBOND  =         0.0000  RESTRAINT  =         0.0000
 ------------------------------------------------------------------------------


 NSTEP =    32500   TIME(PS) =    3105.000  TEMP(K) =   298.12  PRESS =     0.0
 Etot   =    -42405.3214  EKtot   =     10776.9072  EPtot      =    -53182.2286
 BOND   =       354.1801  ANGLE   =      1049.1940  DIHED      =      2173.1638
 1-4 NB =       442.5985  1-4 EEL =      6162.4911  VDWAALS    =      6093.0165
 EELEC  =    -69456.8725  EHBOND  =         0.0000  RESTRAINT  =         0.0000
 ------------------------------------------------------------------------------


 NSTEP =    33000   TIME(PS) =    3106.000  TEMP(K) =   298.44  PRESS =     0.0
 Etot   =    -42519.7687  EKtot   =     10788.3379  EPtot      =    -53308.1066
 BOND   =       348.3745  ANGLE   =      1053.9035  DIHED      =      2174.9659
 1-4 NB =       450.1734  1-4 EEL =      6172.8074  VDWAALS    =      6300.9357
 EELEC  =    -69809.2670  EHBOND  =         0.0000  RESTRAINT  =         0.0000
 ------------------------------------------------------------------------------


 NSTEP =    33500   TIME(PS) =    3107.000  TEMP(K) =   299.50  PRESS =     0.0
 Etot   =    -42624.8608  EKtot   =     10826.5752  EPtot      =    -53451.4360
 BOND   =       392.7925  ANGLE   =       989.1933  DIHED      =      2170.8922
 1-4 NB =       454.7618  1-4 EEL =      6144.4341  VDWAALS    =      6236.2802
 EELEC  =    -69839.7901  EHBOND  =         0.0000  RESTRAINT  =         0.0000
 ------------------------------------------------------------------------------


 NSTEP =    34000   TIME(PS) =    3108.000  TEMP(K) =   302.55  PRESS =     0.0
 Etot   =    -42664.7262  EKtot   =     10937.0400  EPtot      =    -53601.7662
 BOND   =       350.0647  ANGLE   =      1009.0822  DIHED      =      2156.7899
 1-4 NB =       452.0226  1-4 EEL =      6174.1022  VDWAALS    =      6529.3076
 EELEC  =    -70273.1353  EHBOND  =         0.0000  RESTRAINT  =         0.0000
 ------------------------------------------------------------------------------


 NSTEP =    34500   TIME(PS) =    3109.000  TEMP(K) =   304.16  PRESS =     0.0
 Etot   =    -42514.7699  EKtot   =     10995.0947  EPtot      =    -53509.8646
 BOND   =       339.7993  ANGLE   =      1028.7002  DIHED      =      2135.7148
 1-4 NB =       444.3321  1-4 EEL =      6178.6195  VDWAALS    =      6276.4187
 EELEC  =    -69913.4493  EHBOND  =         0.0000  RESTRAINT  =         0.0000
 ------------------------------------------------------------------------------


 NSTEP =    35000   TIME(PS) =    3110.000  TEMP(K) =   301.55  PRESS =     0.0
 Etot   =    -42343.8704  EKtot   =     10900.5830  EPtot      =    -53244.4534
 BOND   =       385.1371  ANGLE   =      1045.6320  DIHED      =      2143.9957
 1-4 NB =       446.2308  1-4 EEL =      6182.7511  VDWAALS    =      6397.6906
 EELEC  =    -69845.8907  EHBOND  =         0.0000  RESTRAINT  =         0.0000
 ------------------------------------------------------------------------------


 NSTEP =    35500   TIME(PS) =    3111.000  TEMP(K) =   303.08  PRESS =     0.0
 Etot   =    -42416.4584  EKtot   =     10955.9053  EPtot      =    -53372.3637
 BOND   =       348.5165  ANGLE   =      1001.3038  DIHED      =      2142.1215
 1-4 NB =       433.7366  1-4 EEL =      6154.6974  VDWAALS    =      6419.6193
 EELEC  =    -69872.3588  EHBOND  =         0.0000  RESTRAINT  =         0.0000
 ------------------------------------------------------------------------------


 NSTEP =    36000   TIME(PS) =    3112.000  TEMP(K) =   302.09  PRESS =     0.0
 Etot   =    -42545.0672  EKtot   =     10920.3994  EPtot      =    -53465.4666
 BOND   =       353.5897  ANGLE   =      1001.9199  DIHED      =      2169.8479
 1-4 NB =       451.1613  1-4 EEL =      6198.2757  VDWAALS    =      6319.9930
 EELEC  =    -69960.2540  EHBOND  =         0.0000  RESTRAINT  =         0.0000
 ------------------------------------------------------------------------------


 NSTEP =    36500   TIME(PS) =    3113.000  TEMP(K) =   297.40  PRESS =     0.0
 Etot   =    -42715.6234  EKtot   =     10750.6572  EPtot      =    -53466.2807
 BOND   =       321.7603  ANGLE   =      1024.6860  DIHED      =      2138.1067
 1-4 NB =       450.3974  1-4 EEL =      6130.3710  VDWAALS    =      6118.0484
 EELEC  =    -69649.6504  EHBOND  =         0.0000  RESTRAINT  =         0.0000
 ------------------------------------------------------------------------------


 NSTEP =    37000   TIME(PS) =    3114.000  TEMP(K) =   296.68  PRESS =     0.0
 Etot   =    -42533.1844  EKtot   =     10724.8340  EPtot      =    -53258.0184
 BOND   =       343.7350  ANGLE   =       997.2713  DIHED      =      2136.4183
 1-4 NB =       469.4868  1-4 EEL =      6158.3754  VDWAALS    =      6457.1256
 EELEC  =    -69820.4308  EHBOND  =         0.0000  RESTRAINT  =         0.0000
 ------------------------------------------------------------------------------


 NSTEP =    37500   TIME(PS) =    3115.000  TEMP(K) =   300.12  PRESS =     0.0
 Etot   =    -42548.5390  EKtot   =     10849.0322  EPtot      =    -53397.5712
 BOND   =       375.8830  ANGLE   =       957.0280  DIHED      =      2162.0221
 1-4 NB =       448.9426  1-4 EEL =      6186.8935  VDWAALS    =      6321.9318
 EELEC  =    -69850.2722  EHBOND  =         0.0000  RESTRAINT  =         0.0000
 ------------------------------------------------------------------------------


 NSTEP =    38000   TIME(PS) =    3116.000  TEMP(K) =   305.58  PRESS =     0.0
 Etot   =    -42402.6385  EKtot   =     11046.5684  EPtot      =    -53449.2068
 BOND   =       355.7220  ANGLE   =      1026.9029  DIHED      =      2159.8484
 1-4 NB =       446.5779  1-4 EEL =      6150.6581  VDWAALS    =      6432.6720
 EELEC  =    -70021.5882  EHBOND  =         0.0000  RESTRAINT  =         0.0000
 ------------------------------------------------------------------------------


 NSTEP =    38500   TIME(PS) =    3117.000  TEMP(K) =   298.29  PRESS =     0.0
 Etot   =    -42428.9803  EKtot   =     10782.9424  EPtot      =    -53211.9227
 BOND   =       357.1715  ANGLE   =      1029.9889  DIHED      =      2145.2318
 1-4 NB =       458.0061  1-4 EEL =      6163.4172  VDWAALS    =      6376.0691
 EELEC  =    -69741.8074  EHBOND  =         0.0000  RESTRAINT  =         0.0000
 ------------------------------------------------------------------------------


 NSTEP =    39000   TIME(PS) =    3118.000  TEMP(K) =   296.22  PRESS =     0.0
 Etot   =    -42663.1554  EKtot   =     10707.9980  EPtot      =    -53371.1535
 BOND   =       333.8253  ANGLE   =       985.9068  DIHED      =      2152.9145
 1-4 NB =       462.9653  1-4 EEL =      6192.9675  VDWAALS    =      6305.7135
 EELEC  =    -69805.4464  EHBOND  =         0.0000  RESTRAINT  =         0.0000
 ------------------------------------------------------------------------------


 NSTEP =    39500   TIME(PS) =    3119.000  TEMP(K) =   299.36  PRESS =     0.0
 Etot   =    -42339.7373  EKtot   =     10821.4834  EPtot      =    -53161.2207
 BOND   =       352.9484  ANGLE   =      1038.9575  DIHED      =      2142.8342
 1-4 NB =       460.7563  1-4 EEL =      6123.6757  VDWAALS    =      6438.1713
 EELEC  =    -69718.5641  EHBOND  =         0.0000  RESTRAINT  =         0.0000
 ------------------------------------------------------------------------------


 NSTEP =    40000   TIME(PS) =    3120.000  TEMP(K) =   297.71  PRESS =     0.0
 Etot   =    -42613.0437  EKtot   =     10762.0205  EPtot      =    -53375.0642
 BOND   =       369.4386  ANGLE   =      1022.5953  DIHED      =      2140.9159
 1-4 NB =       444.9366  1-4 EEL =      6158.3533  VDWAALS    =      6530.1587
 EELEC  =    -70041.4626  EHBOND  =         0.0000  RESTRAINT  =         0.0000
 ------------------------------------------------------------------------------


 NSTEP =    40500   TIME(PS) =    3121.000  TEMP(K) =   297.94  PRESS =     0.0
 Etot   =    -42534.6521  EKtot   =     10770.2197  EPtot      =    -53304.8718
 BOND   =       358.3011  ANGLE   =      1048.6382  DIHED      =      2165.5691
 1-4 NB =       442.3890  1-4 EEL =      6134.2562  VDWAALS    =      6231.5406
 EELEC  =    -69685.5661  EHBOND  =         0.0000  RESTRAINT  =         0.0000
 ------------------------------------------------------------------------------


 NSTEP =    41000   TIME(PS) =    3122.000  TEMP(K) =   301.08  PRESS =     0.0
 Etot   =    -42511.4760  EKtot   =     10883.7051  EPtot      =    -53395.1811
 BOND   =       356.8377  ANGLE   =       994.7038  DIHED      =      2149.1407
 1-4 NB =       455.6638  1-4 EEL =      6204.3574  VDWAALS    =      6345.3060
 EELEC  =    -69901.1904  EHBOND  =         0.0000  RESTRAINT  =         0.0000
 ------------------------------------------------------------------------------


 NSTEP =    41500   TIME(PS) =    3123.000  TEMP(K) =   299.53  PRESS =     0.0
 Etot   =    -42620.6654  EKtot   =     10827.5762  EPtot      =    -53448.2416
 BOND   =       365.8616  ANGLE   =      1029.5467  DIHED      =      2179.0367
 1-4 NB =       447.4615  1-4 EEL =      6141.7977  VDWAALS    =      6186.5582
 EELEC  =    -69798.5040  EHBOND  =         0.0000  RESTRAINT  =         0.0000
 ------------------------------------------------------------------------------


 NSTEP =    42000   TIME(PS) =    3124.000  TEMP(K) =   296.37  PRESS =     0.0
 Etot   =    -42731.8194  EKtot   =     10713.4258  EPtot      =    -53445.2452
 BOND   =       339.3435  ANGLE   =       999.9129  DIHED      =      2137.1802
 1-4 NB =       454.3989  1-4 EEL =      6196.3650  VDWAALS    =      6329.9027
 EELEC  =    -69902.3484  EHBOND  =         0.0000  RESTRAINT  =         0.0000
 ------------------------------------------------------------------------------


 NSTEP =    42500   TIME(PS) =    3125.000  TEMP(K) =   300.02  PRESS =     0.0
 Etot   =    -42471.1408  EKtot   =     10845.5908  EPtot      =    -53316.7317
 BOND   =       350.0917  ANGLE   =       980.9385  DIHED      =      2179.1493
 1-4 NB =       443.2237  1-4 EEL =      6183.3500  VDWAALS    =      6351.0958
 EELEC  =    -69804.5807  EHBOND  =         0.0000  RESTRAINT  =         0.0000
 ------------------------------------------------------------------------------


 NSTEP =    43000   TIME(PS) =    3126.000  TEMP(K) =   298.59  PRESS =     0.0
 Etot   =    -42416.6181  EKtot   =     10793.8867  EPtot      =    -53210.5048
 BOND   =       344.3863  ANGLE   =      1001.8559  DIHED      =      2170.2509
 1-4 NB =       447.1621  1-4 EEL =      6176.2892  VDWAALS    =      6353.2097
 EELEC  =    -69703.6588  EHBOND  =         0.0000  RESTRAINT  =         0.0000
 ------------------------------------------------------------------------------


 NSTEP =    43500   TIME(PS) =    3127.000  TEMP(K) =   302.21  PRESS =     0.0
 Etot   =    -42281.2676  EKtot   =     10924.4941  EPtot      =    -53205.7617
 BOND   =       372.9413  ANGLE   =      1015.7282  DIHED      =      2141.8374
 1-4 NB =       446.0969  1-4 EEL =      6178.3428  VDWAALS    =      6262.6403
 EELEC  =    -69623.3485  EHBOND  =         0.0000  RESTRAINT  =         0.0000
 ------------------------------------------------------------------------------


 NSTEP =    44000   TIME(PS) =    3128.000  TEMP(K) =   304.96  PRESS =     0.0
 Etot   =    -42287.2376  EKtot   =     11024.0586  EPtot      =    -53311.2962
 BOND   =       325.6076  ANGLE   =      1019.5026  DIHED      =      2163.4778
 1-4 NB =       441.9522  1-4 EEL =      6163.4294  VDWAALS    =      6318.5986
 EELEC  =    -69743.8644  EHBOND  =         0.0000  RESTRAINT  =         0.0000
 ------------------------------------------------------------------------------


 NSTEP =    44500   TIME(PS) =    3129.000  TEMP(K) =   302.20  PRESS =     0.0
 Etot   =    -42278.6666  EKtot   =     10924.3848  EPtot      =    -53203.0514
 BOND   =       351.3526  ANGLE   =      1029.1203  DIHED      =      2155.7724
 1-4 NB =       446.5452  1-4 EEL =      6185.6204  VDWAALS    =      6276.1733
 EELEC  =    -69647.6356  EHBOND  =         0.0000  RESTRAINT  =         0.0000
 ------------------------------------------------------------------------------


 NSTEP =    45000   TIME(PS) =    3130.000  TEMP(K) =   300.95  PRESS =     0.0
 Etot   =    -42444.4569  EKtot   =     10878.8975  EPtot      =    -53323.3543
 BOND   =       363.3682  ANGLE   =      1021.4145  DIHED      =      2154.1816
 1-4 NB =       441.9844  1-4 EEL =      6153.0286  VDWAALS    =      6310.2909
 EELEC  =    -69767.6225  EHBOND  =         0.0000  RESTRAINT  =         0.0000
 ------------------------------------------------------------------------------


 NSTEP =    45500   TIME(PS) =    3131.000  TEMP(K) =   300.95  PRESS =     0.0
 Etot   =    -42286.7057  EKtot   =     10878.9072  EPtot      =    -53165.6129
 BOND   =       365.6362  ANGLE   =      1029.6593  DIHED      =      2163.0141
 1-4 NB =       447.4833  1-4 EEL =      6133.8264  VDWAALS    =      6185.3307
 EELEC  =    -69490.5628  EHBOND  =         0.0000  RESTRAINT  =         0.0000
 ------------------------------------------------------------------------------


 NSTEP =    46000   TIME(PS) =    3132.000  TEMP(K) =   297.85  PRESS =     0.0
 Etot   =    -42348.9360  EKtot   =     10766.8896  EPtot      =    -53115.8257
 BOND   =       329.1419  ANGLE   =      1047.0039  DIHED      =      2177.7191
 1-4 NB =       448.0381  1-4 EEL =      6193.2008  VDWAALS    =      6343.1319
 EELEC  =    -69654.0613  EHBOND  =         0.0000  RESTRAINT  =         0.0000
 ------------------------------------------------------------------------------


 NSTEP =    46500   TIME(PS) =    3133.000  TEMP(K) =   298.84  PRESS =     0.0
 Etot   =    -42557.7317  EKtot   =     10802.6758  EPtot      =    -53360.4075
 BOND   =       355.3398  ANGLE   =       956.0150  DIHED      =      2169.2883
 1-4 NB =       442.0987  1-4 EEL =      6189.6752  VDWAALS    =      6221.8849
 EELEC  =    -69694.7094  EHBOND  =         0.0000  RESTRAINT  =         0.0000
 ------------------------------------------------------------------------------


 NSTEP =    47000   TIME(PS) =    3134.000  TEMP(K) =   300.26  PRESS =     0.0
 Etot   =    -42344.3668  EKtot   =     10854.0273  EPtot      =    -53198.3942
 BOND   =       355.4511  ANGLE   =      1003.3387  DIHED      =      2152.1485
 1-4 NB =       439.4671  1-4 EEL =      6150.0216  VDWAALS    =      6331.2415
 EELEC  =    -69630.0627  EHBOND  =         0.0000  RESTRAINT  =         0.0000
 ------------------------------------------------------------------------------


 NSTEP =    47500   TIME(PS) =    3135.000  TEMP(K) =   302.10  PRESS =     0.0
 Etot   =    -42345.9314  EKtot   =     10920.4922  EPtot      =    -53266.4236
 BOND   =       343.0928  ANGLE   =       972.8266  DIHED      =      2179.9401
 1-4 NB =       467.8962  1-4 EEL =      6203.2029  VDWAALS    =      6281.4790
 EELEC  =    -69714.8611  EHBOND  =         0.0000  RESTRAINT  =         0.0000
 ------------------------------------------------------------------------------


 NSTEP =    48000   TIME(PS) =    3136.000  TEMP(K) =   301.93  PRESS =     0.0
 Etot   =    -42263.5312  EKtot   =     10914.5986  EPtot      =    -53178.1298
 BOND   =       365.7106  ANGLE   =       996.6286  DIHED      =      2170.4162
 1-4 NB =       460.2012  1-4 EEL =      6156.8437  VDWAALS    =      6411.1190
 EELEC  =    -69739.0491  EHBOND  =         0.0000  RESTRAINT  =         0.0000
 ------------------------------------------------------------------------------


 NSTEP =    48500   TIME(PS) =    3137.000  TEMP(K) =   300.07  PRESS =     0.0
 Etot   =    -42561.1776  EKtot   =     10847.3652  EPtot      =    -53408.5428
 BOND   =       325.9234  ANGLE   =       995.6748  DIHED      =      2154.2475
 1-4 NB =       464.1732  1-4 EEL =      6191.7876  VDWAALS    =      6436.6164
 EELEC  =    -69976.9657  EHBOND  =         0.0000  RESTRAINT  =         0.0000
 ------------------------------------------------------------------------------


 NSTEP =    49000   TIME(PS) =    3138.000  TEMP(K) =   297.30  PRESS =     0.0
 Etot   =    -42710.7500  EKtot   =     10747.1816  EPtot      =    -53457.9317
 BOND   =       344.3620  ANGLE   =      1008.0354  DIHED      =      2158.5510
 1-4 NB =       466.1198  1-4 EEL =      6160.2398  VDWAALS    =      6307.0003
 EELEC  =    -69902.2399  EHBOND  =         0.0000  RESTRAINT  =         0.0000
 ------------------------------------------------------------------------------


 NSTEP =    49500   TIME(PS) =    3139.000  TEMP(K) =   298.54  PRESS =     0.0
 Etot   =    -42587.5990  EKtot   =     10791.8262  EPtot      =    -53379.4252
 BOND   =       369.2000  ANGLE   =      1001.5205  DIHED      =      2139.6826
 1-4 NB =       435.3839  1-4 EEL =      6150.4381  VDWAALS    =      6459.5231
 EELEC  =    -69935.1733  EHBOND  =         0.0000  RESTRAINT  =         0.0000
 ------------------------------------------------------------------------------


 NSTEP =    50000   TIME(PS) =    3140.000  TEMP(K) =   303.03  PRESS =     0.0
 Etot   =    -42403.3707  EKtot   =     10954.1289  EPtot      =    -53357.4996
 BOND   =       358.7005  ANGLE   =      1011.9762  DIHED      =      2140.2586
 1-4 NB =       443.3549  1-4 EEL =      6145.8742  VDWAALS    =      6198.6374
 EELEC  =    -69656.3016  EHBOND  =         0.0000  RESTRAINT  =         0.0000
 ------------------------------------------------------------------------------


      A V E R A G E S   O V E R     100 S T E P S


 NSTEP =    50000   TIME(PS) =    3140.000  TEMP(K) =   299.87  PRESS =     0.0
 Etot   =    -42461.4835  EKtot   =     10839.8768  EPtot      =    -53301.3603
 BOND   =       358.1037  ANGLE   =      1009.7259  DIHED      =      2155.6618
 1-4 NB =       450.8682  1-4 EEL =      6162.2188  VDWAALS    =      6318.2110
 EELEC  =    -69756.1497  EHBOND  =         0.0000  RESTRAINT  =         0.0000
 ------------------------------------------------------------------------------


      R M S  F L U C T U A T I O N S


 NSTEP =    50000   TIME(PS) =    3140.000  TEMP(K) =     2.27  PRESS =     0.0
 Etot   =       139.7832  EKtot   =        81.9833  EPtot      =       123.1473
 BOND   =        17.1912  ANGLE   =        25.9834  DIHED      =        14.1559
 1-4 NB =         8.9337  1-4 EEL =        20.8836  VDWAALS    =        97.1356
 EELEC  =       173.9895  EHBOND  =         0.0000  RESTRAINT  =         0.0000
 ------------------------------------------------------------------------------

--------------------------------------------------------------------------------
   5.  TIMINGS
--------------------------------------------------------------------------------

|  NonSetup CPU Time in Major Routines:
|
|     Routine           Sec        %
|     ------------------------------
|     Nonbond           5.46    8.29
|     Bond              0.00    0.00
|     Angle             0.00    0.00
|     Dihedral          0.00    0.00
|     Shake             0.32    0.49
|     RunMD            60.00   91.17
|     Other             0.03    0.05
|     ------------------------------
|     Total            65.81

|  PME Nonbond Pairlist CPU Time:
|
|     Routine              Sec        %
|     ---------------------------------
|     Set Up Cit           0.00    0.00
|     Build List           0.00    0.00
|     ---------------------------------
|     Total                0.00    0.00

|  PME Direct Force CPU Time:
|
|     Routine              Sec        %
|     ---------------------------------
|     NonBonded Calc       0.00    0.00
|     Exclude Masked       0.00    0.00
|     Other                0.02    0.02
|     ---------------------------------
|     Total                0.02    0.02

|  PME Reciprocal Force CPU Time:
|
|     Routine              Sec        %
|     ---------------------------------
|     1D bspline           0.00    0.00
|     Grid Charges         0.00    0.00
|     Scalar Sum           0.00    0.00
|     Gradient Sum         0.00    0.00
|     FFT                  0.00    0.00
|     ---------------------------------
|     Total                0.00    0.00

|  Final Performance Info:
|     -----------------------------------------------------
|     Average timings for last    4500 steps:
|     Elapsed(s) =       5.91 Per Step(ms) =       1.31
|         ns/day =     131.55   seconds/ns =     656.80
|
|     Average timings for all steps:
|     Elapsed(s) =      65.92 Per Step(ms) =       1.32
|         ns/day =     131.08   seconds/ns =     659.16
|     -----------------------------------------------------

|  Setup CPU time:            0.47 seconds
|  NonSetup CPU time:        65.81 seconds
|  Total CPU time:           66.28 seconds     0.02 hours

|  Setup wall time:           0    seconds
|  NonSetup wall time:       66    seconds
|  Total wall time:          66    seconds     0.02 hours
