
          -------------------------------------------------------
          Amber 16 PMEMD                              2016
          -------------------------------------------------------

| PMEMD implementation of SANDER, Release 16

| Run on 07/03/2017 at 18:48:15

|   Executable path: pmemd.cuda
| Working directory: /home/german/obp/run/wt_eol/mhe/e
|          Hostname: Unknown
  [-O]verwriting output

File Assignments:
|   MDIN: 9equ.in                                                               
|  MDOUT: 9equ.out                                                              
| INPCRD: 8ewt_eol.rst7                                                         
|   PARM: /home/german/obp/top_files/wt_eol.prmtop                              
| RESTRT: 9ewt_eol.rst7                                                         
|   REFC: 8ewt_eol.rst7                                                         
|  MDVEL: mdvel                                                                 
|   MDEN: mden                                                                  
|  MDCRD: 9ewt_eol.nc                                                           
| MDINFO: mdinfo                                                                
|  MDFRC: mdfrc                                                                 


 Here is the input file:

Equilibration with solute restrictions                                         
&cntrl                                                                         
imin = 0,                           ! No Minimization                          
nmropt = 0,                         ! No NMR restraints read                   
                                                                               
! Nature and format of the input                                               
ntx = 5,                            ! Coordinates but no velocities will be rea
irest = 1,                          ! Do not run a new simulation              
                                                                               
! Nature and format of the output                                              
ntxo = 1,                           ! rstrt file in ASCII format               
ntpr = 500,                         ! inf in output every ntpr steps           
ntwr = 500,                         ! rstrt file every ntwr steps              
ntwx = 500,                         ! mdcrd file every ntwx steps              
ntwv = 0,                           ! mdvel without velocities                 
ntwe = 0,                           ! Energies and temperatures not written in 
idecomp = 0,                        ! No energy decomposition                  
iwrap = 1,                          ! Coordinates of the restart and mdcrd file
                                                                               
! Frozen or restrained atoms                                                   
ibelly = 0,                         ! No frozen atoms                          
ntr=1,                              ! Harmonic potential restraints            
restraint_wt = 7.0,                ! The weight for the positional restraints  
restraintmask = ':1-120@N,CA,C,O',  ! restrained residues                      
                                                                               
! Molecular dynamics                                                           
nstlim = 50000,                     ! Number of MD-steps                       
dt = 0.002,                         ! Time step                                
                                                                               
! Temperature regulation                                                       
ntt = 3,                            ! Langevin thermostat                      
gamma_ln = 5,                       ! Gamma constant for Langevin              
!temp0 = 300.0,                     ! Reference T at which the system is to be 
tempi = 300.0,                      ! Initial T                                
ig = -1,                            ! Seed for the RNG                         
                                                                               
! P and V regulation                                                           
ntp = 1,                            ! Constant P. Isotropic scaling            
barostat = 1,                       ! Berendsen barostat                       
taup = 1,                           ! Pressure relaxation time                 
nrespa = 1,                         ! Evaluate at each step                    
ntb = 2,                            ! Periodic box for constant P              
                                                                               
! SHAKE variables                                                              
ntc = 2,                            ! Bonds involving H are constrained        
ntf = 2,                            ! Bond interaction involving H are ommited.
                                                                               
cut = 10.0,                         ! Nonbonded cutoff                         
/                                                                              
&end                                                                           


Note: ig = -1. Setting random seed to   537462 based on wallclock time in 
      microseconds.
 
|--------------------- INFORMATION ----------------------
| GPU (CUDA) Version of PMEMD in use: NVIDIA GPU IN USE.
|                    Version 16.0.0
| 
|                      02/25/2016
| 
| Implementation by:
|                    Ross C. Walker     (SDSC)
|                    Scott Le Grand     (nVIDIA)
| 
| Precision model in use:
|      [SPFP] - Single Precision Forces, 64-bit Fixed Point
|               Accumulation. (Default)
| 
|--------------------------------------------------------
 
|----------------- CITATION INFORMATION -----------------
|
|    When publishing work that utilized the CUDA version
|    of AMBER, please cite the following in addition to
|    the regular AMBER citations:
|
|  - Romelia Salomon-Ferrer; Andreas W. Goetz; Duncan
|    Poole; Scott Le Grand; Ross C. Walker "Routine
|    microsecond molecular dynamics simulations with
|    AMBER - Part II: Particle Mesh Ewald", J. Chem.
|    Theory Comput., 2013, 9 (9), pp3878-3888,
|    DOI: 10.1021/ct400314y.
|
|  - Andreas W. Goetz; Mark J. Williamson; Dong Xu;
|    Duncan Poole; Scott Le Grand; Ross C. Walker
|    "Routine microsecond molecular dynamics simulations
|    with AMBER - Part I: Generalized Born", J. Chem.
|    Theory Comput., 2012, 8 (5), pp1542-1555.
|
|  - Scott Le Grand; Andreas W. Goetz; Ross C. Walker
|    "SPFP: Speed without compromise - a mixed precision
|    model for GPU accelerated molecular dynamics
|    simulations.", Comp. Phys. Comm., 2013, 184
|    pp374-380, DOI: 10.1016/j.cpc.2012.09.022
|
|--------------------------------------------------------
 
|------------------- GPU DEVICE INFO --------------------
|
|            CUDA_VISIBLE_DEVICES: 1
|   CUDA Capable Devices Detected:      1
|           CUDA Device ID in use:      0
|                CUDA Device Name: GeForce GTX 1060 6GB
|     CUDA Device Global Mem Size:   6072 MB
| CUDA Device Num Multiprocessors:     10
|           CUDA Device Core Freq:   1.76 GHz
|
|--------------------------------------------------------
 
 
| Conditional Compilation Defines Used:
| PUBFFT
| BINTRAJ
| CUDA
| EMIL

| Largest sphere to fit in unit cell has radius =    26.389

| New format PARM file being parsed.
| Version =    1.000 Date = 02/20/15 Time = 17:35:00

| Note: 1-4 EEL scale factors are being read from the topology file.

| Note: 1-4 VDW scale factors are being read from the topology file.
| Duplicated    0 dihedrals

| Duplicated    0 dihedrals

--------------------------------------------------------------------------------
   1.  RESOURCE   USE: 
--------------------------------------------------------------------------------

 getting new box info from bottom of inpcrd
 NATOM  =   17712 NTYPES =      18 NBONH =   16754 MBONA  =     963
 NTHETH =    2242 MTHETA =    1293 NPHIH =    4367 MPHIA  =    4396
 NHPARM =       0 NPARM  =       0 NNB   =   31725 NRES   =    5382
 NBONA  =     963 NTHETA =    1293 NPHIA =    4396 NUMBND =      72
 NUMANG =     151 NPTRA  =     245 NATYP =      42 NPHB   =       1
 IFBOX  =       1 NMXRS  =      24 IFCAP =       0 NEXTRA =       0
 NCOPY  =       0

| Coordinate Index Table dimensions:    10   10    9
| Direct force subcell size =     5.6876    5.8869    5.8643

     BOX TYPE: RECTILINEAR

--------------------------------------------------------------------------------
   2.  CONTROL  DATA  FOR  THE  RUN
--------------------------------------------------------------------------------

default_name                                                                    

General flags:
     imin    =       0, nmropt  =       0

Nature and format of input:
     ntx     =       5, irest   =       1, ntrx    =       1

Nature and format of output:
     ntxo    =       1, ntpr    =     500, ntrx    =       1, ntwr    =     500
     iwrap   =       1, ntwx    =     500, ntwv    =       0, ntwe    =       0
     ioutfm  =       1, ntwprt  =       0, idecomp =       0, rbornstat=      0

Potential function:
     ntf     =       2, ntb     =       2, igb     =       0, nsnb    =      25
     ipol    =       0, gbsa    =       0, iesp    =       0
     dielc   =   1.00000, cut     =  10.00000, intdiel =   1.00000

Frozen or restrained atoms:
     ibelly  =       0, ntr     =       1
     restraint_wt =   7.00000

Molecular dynamics:
     nstlim  =     50000, nscm    =         0, nrespa  =         1
     t       =   0.00000, dt      =   0.00200, vlimit  =  -1.00000

Langevin dynamics temperature regulation:
     ig      =  537462
     temp0   = 300.00000, tempi   = 300.00000, gamma_ln=   5.00000

Pressure regulation:
     ntp     =       1
     pres0   =   1.00000, comp    =  44.60000, taup    =   1.00000

SHAKE:
     ntc     =       2, jfastw  =       0
     tol     =   0.00001

| Intermolecular bonds treatment:
|     no_intermolecular_bonds =       1

| Energy averages sample interval:
|     ene_avg_sampling =     500

Ewald parameters:
     verbose =       0, ew_type =       0, nbflag  =       1, use_pme =       1
     vdwmeth =       1, eedmeth =       1, netfrc  =       1
     Box X =   56.876   Box Y =   58.869   Box Z =   52.779
     Alpha =   90.000   Beta  =   90.000   Gamma =   90.000
     NFFT1 =   64       NFFT2 =   64       NFFT3 =   56
     Cutoff=   10.000   Tol   =0.100E-04
     Ewald Coefficient =  0.27511
     Interpolation order =    4

    LOADING THE CONSTRAINED ATOMS AS GROUPS


   5.  REFERENCE ATOM COORDINATES

  default_name                                                                    
     Mask :1-120@N,CA,C,O; matches   476 atoms

--------------------------------------------------------------------------------
   3.  ATOMIC COORDINATES AND VELOCITIES
--------------------------------------------------------------------------------

default_name                                                                    
 begin time read from input coords =   940.000 ps

 
 Number of triangulated 3-point waters found:     5259

     Sum of charges from parm topology file =  -0.00000007
     Forcing neutrality...

| Dynamic Memory, Types Used:
| Reals              899290
| Integers           629334

| Nonbonded Pairs Initial Allocation:     5357437

| GPU memory information (estimate):
| KB of GPU memory in use:    114971
| KB of CPU memory in use:     23987

--------------------------------------------------------------------------------
   4.  RESULTS
--------------------------------------------------------------------------------

 ---------------------------------------------------
 APPROXIMATING switch and d/dx switch using CUBIC SPLINE INTERPOLATION
 using   5000.0 points per unit in tabled values
 TESTING RELATIVE ERROR over r ranging from 0.0 to cutoff
| CHECK switch(x): max rel err =   0.2738E-14   at   2.422500
| CHECK d/dx switch(x): max rel err =   0.8314E-11   at   2.736960
 ---------------------------------------------------
|---------------------------------------------------
| APPROXIMATING direct energy using CUBIC SPLINE INTERPOLATION
|  with   50.0 points per unit in tabled values
| Relative Error Limit not exceeded for r .gt.   2.33
| APPROXIMATING direct force using CUBIC SPLINE INTERPOLATION
|  with   50.0 points per unit in tabled values
| Relative Error Limit not exceeded for r .gt.   2.80
|---------------------------------------------------

 NSTEP =      500   TIME(PS) =     941.000  TEMP(K) =   299.07  PRESS =  -250.2
 Etot   =    -42376.7690  EKtot   =     10811.0078  EPtot      =    -53187.7768
 BOND   =       385.5362  ANGLE   =       993.7521  DIHED      =      2169.3440
 1-4 NB =       436.3780  1-4 EEL =      6200.0565  VDWAALS    =      6267.6385
 EELEC  =    -69742.0722  EHBOND  =         0.0000  RESTRAINT  =       101.5901
 EAMBER (non-restraint)  =    -53289.3669
 EKCMT  =      4629.4804  VIRIAL  =      5584.6926  VOLUME     =    176841.5818
                                                    Density    =         1.0189
 ------------------------------------------------------------------------------


 NSTEP =     1000   TIME(PS) =     942.000  TEMP(K) =   299.98  PRESS =  -116.9
 Etot   =    -42358.1577  EKtot   =     10844.0469  EPtot      =    -53202.2046
 BOND   =       353.1790  ANGLE   =       990.6192  DIHED      =      2174.3320
 1-4 NB =       444.4588  1-4 EEL =      6217.3238  VDWAALS    =      6279.1958
 EELEC  =    -69755.6269  EHBOND  =         0.0000  RESTRAINT  =        94.3138
 EAMBER (non-restraint)  =    -53296.5183
 EKCMT  =      4709.9847  VIRIAL  =      5156.2947  VOLUME     =    176766.8760
                                                    Density    =         1.0193
 ------------------------------------------------------------------------------


 NSTEP =     1500   TIME(PS) =     943.000  TEMP(K) =   303.66  PRESS =   -49.5
 Etot   =    -42135.3794  EKtot   =     10977.1689  EPtot      =    -53112.5483
 BOND   =       347.6928  ANGLE   =      1038.9931  DIHED      =      2169.4318
 1-4 NB =       450.0058  1-4 EEL =      6198.1985  VDWAALS    =      6315.0368
 EELEC  =    -69727.3247  EHBOND  =         0.0000  RESTRAINT  =        95.4177
 EAMBER (non-restraint)  =    -53207.9660
 EKCMT  =      4725.8455  VIRIAL  =      4914.5885  VOLUME     =    176611.0086
                                                    Density    =         1.0202
 ------------------------------------------------------------------------------


 NSTEP =     2000   TIME(PS) =     944.000  TEMP(K) =   300.47  PRESS =  -113.1
 Etot   =    -42517.4315  EKtot   =     10861.8115  EPtot      =    -53379.2430
 BOND   =       359.8574  ANGLE   =      1020.8838  DIHED      =      2177.0736
 1-4 NB =       436.1912  1-4 EEL =      6175.7813  VDWAALS    =      6265.4371
 EELEC  =    -69908.4172  EHBOND  =         0.0000  RESTRAINT  =        93.9497
 EAMBER (non-restraint)  =    -53473.1928
 EKCMT  =      4776.1911  VIRIAL  =      5207.2957  VOLUME     =    176575.5579
                                                    Density    =         1.0204
 ------------------------------------------------------------------------------


 NSTEP =     2500   TIME(PS) =     945.000  TEMP(K) =   295.37  PRESS =    61.9
 Etot   =    -42613.2540  EKtot   =     10677.3359  EPtot      =    -53290.5899
 BOND   =       327.1910  ANGLE   =      1014.5292  DIHED      =      2159.2635
 1-4 NB =       465.2191  1-4 EEL =      6249.6325  VDWAALS    =      6299.7583
 EELEC  =    -69928.6527  EHBOND  =         0.0000  RESTRAINT  =       122.4693
 EAMBER (non-restraint)  =    -53413.0592
 EKCMT  =      4619.9119  VIRIAL  =      4384.1759  VOLUME     =    176342.9368
                                                    Density    =         1.0218
 ------------------------------------------------------------------------------


 NSTEP =     3000   TIME(PS) =     946.000  TEMP(K) =   298.87  PRESS =    -6.9
 Etot   =    -42606.1187  EKtot   =     10803.7461  EPtot      =    -53409.8648
 BOND   =       304.2676  ANGLE   =       975.8902  DIHED      =      2178.5634
 1-4 NB =       449.3295  1-4 EEL =      6201.3643  VDWAALS    =      6282.3673
 EELEC  =    -69890.9633  EHBOND  =         0.0000  RESTRAINT  =        89.3162
 EAMBER (non-restraint)  =    -53499.1810
 EKCMT  =      4683.5943  VIRIAL  =      4709.9773  VOLUME     =    175906.7377
                                                    Density    =         1.0243
 ------------------------------------------------------------------------------


 NSTEP =     3500   TIME(PS) =     947.000  TEMP(K) =   300.67  PRESS =    86.3
 Etot   =    -42522.8364  EKtot   =     10869.0957  EPtot      =    -53391.9321
 BOND   =       356.2244  ANGLE   =      1027.1289  DIHED      =      2190.6542
 1-4 NB =       455.8252  1-4 EEL =      6195.7064  VDWAALS    =      6506.0854
 EELEC  =    -70225.7635  EHBOND  =         0.0000  RESTRAINT  =       102.2069
 EAMBER (non-restraint)  =    -53494.1390
 EKCMT  =      4659.4070  VIRIAL  =      4331.7221  VOLUME     =    175811.1625
                                                    Density    =         1.0249
 ------------------------------------------------------------------------------


 NSTEP =     4000   TIME(PS) =     948.000  TEMP(K) =   303.33  PRESS =    62.7
 Etot   =    -42310.1463  EKtot   =     10965.1914  EPtot      =    -53275.3377
 BOND   =       375.9109  ANGLE   =       999.4075  DIHED      =      2165.0032
 1-4 NB =       454.6831  1-4 EEL =      6193.5962  VDWAALS    =      6367.2976
 EELEC  =    -69934.3225  EHBOND  =         0.0000  RESTRAINT  =       103.0865
 EAMBER (non-restraint)  =    -53378.4241
 EKCMT  =      4767.4777  VIRIAL  =      4528.7008  VOLUME     =    176336.2406
                                                    Density    =         1.0218
 ------------------------------------------------------------------------------


 NSTEP =     4500   TIME(PS) =     949.000  TEMP(K) =   303.15  PRESS =  -208.4
 Etot   =    -42378.5692  EKtot   =     10958.6191  EPtot      =    -53337.1884
 BOND   =       369.4507  ANGLE   =       986.9082  DIHED      =      2144.3646
 1-4 NB =       440.9433  1-4 EEL =      6215.2410  VDWAALS    =      6284.4420
 EELEC  =    -69891.9597  EHBOND  =         0.0000  RESTRAINT  =       113.4216
 EAMBER (non-restraint)  =    -53450.6100
 EKCMT  =      4719.7630  VIRIAL  =      5510.6681  VOLUME     =    175783.1442
                                                    Density    =         1.0250
 ------------------------------------------------------------------------------


 NSTEP =     5000   TIME(PS) =     950.000  TEMP(K) =   302.87  PRESS =   170.6
 Etot   =    -42156.3190  EKtot   =     10948.5742  EPtot      =    -53104.8933
 BOND   =       352.0561  ANGLE   =      1013.5800  DIHED      =      2167.8751
 1-4 NB =       453.0108  1-4 EEL =      6231.2588  VDWAALS    =      6277.8165
 EELEC  =    -69700.0225  EHBOND  =         0.0000  RESTRAINT  =        99.5320
 EAMBER (non-restraint)  =    -53204.4253
 EKCMT  =      4774.0640  VIRIAL  =      4125.1389  VOLUME     =    176192.8714
                                                    Density    =         1.0227
 ------------------------------------------------------------------------------


 NSTEP =     5500   TIME(PS) =     951.000  TEMP(K) =   297.73  PRESS =    71.5
 Etot   =    -42605.4208  EKtot   =     10762.4805  EPtot      =    -53367.9013
 BOND   =       358.4113  ANGLE   =      1006.4634  DIHED      =      2180.9791
 1-4 NB =       436.2980  1-4 EEL =      6172.9191  VDWAALS    =      6327.7332
 EELEC  =    -69952.0283  EHBOND  =         0.0000  RESTRAINT  =       101.3231
 EAMBER (non-restraint)  =    -53469.2244
 EKCMT  =      4685.0714  VIRIAL  =      4413.5630  VOLUME     =    175936.7352
                                                    Density    =         1.0241
 ------------------------------------------------------------------------------


 NSTEP =     6000   TIME(PS) =     952.000  TEMP(K) =   300.98  PRESS =   -86.4
 Etot   =    -42551.9461  EKtot   =     10880.1934  EPtot      =    -53432.1395
 BOND   =       346.9035  ANGLE   =       983.5755  DIHED      =      2164.6698
 1-4 NB =       448.4365  1-4 EEL =      6213.8022  VDWAALS    =      6292.9013
 EELEC  =    -69992.9741  EHBOND  =         0.0000  RESTRAINT  =       110.5459
 EAMBER (non-restraint)  =    -53542.6854
 EKCMT  =      4737.1361  VIRIAL  =      5065.2957  VOLUME     =    175996.7811
                                                    Density    =         1.0238
 ------------------------------------------------------------------------------


 NSTEP =     6500   TIME(PS) =     953.000  TEMP(K) =   300.83  PRESS =    52.0
 Etot   =    -42208.2604  EKtot   =     10874.7617  EPtot      =    -53083.0222
 BOND   =       339.6467  ANGLE   =      1014.3276  DIHED      =      2154.9155
 1-4 NB =       443.3916  1-4 EEL =      6224.5019  VDWAALS    =      6253.2848
 EELEC  =    -69618.3913  EHBOND  =         0.0000  RESTRAINT  =       105.3010
 EAMBER (non-restraint)  =    -53188.3231
 EKCMT  =      4713.3163  VIRIAL  =      4515.4795  VOLUME     =    176273.2984
                                                    Density    =         1.0222
 ------------------------------------------------------------------------------


 NSTEP =     7000   TIME(PS) =     954.000  TEMP(K) =   300.31  PRESS =     2.5
 Etot   =    -42547.5129  EKtot   =     10855.9150  EPtot      =    -53403.4279
 BOND   =       338.3537  ANGLE   =       990.2419  DIHED      =      2168.7884
 1-4 NB =       460.5084  1-4 EEL =      6200.5288  VDWAALS    =      6269.6476
 EELEC  =    -69937.3074  EHBOND  =         0.0000  RESTRAINT  =       105.8107
 EAMBER (non-restraint)  =    -53509.2386
 EKCMT  =      4717.5098  VIRIAL  =      4708.1812  VOLUME     =    176004.2088
                                                    Density    =         1.0238
 ------------------------------------------------------------------------------


 NSTEP =     7500   TIME(PS) =     955.000  TEMP(K) =   301.90  PRESS =    71.5
 Etot   =    -42373.8683  EKtot   =     10913.2168  EPtot      =    -53287.0851
 BOND   =       373.4705  ANGLE   =       969.2918  DIHED      =      2181.0703
 1-4 NB =       436.2706  1-4 EEL =      6174.7470  VDWAALS    =      6367.7479
 EELEC  =    -69893.0799  EHBOND  =         0.0000  RESTRAINT  =       103.3968
 EAMBER (non-restraint)  =    -53390.4820
 EKCMT  =      4764.0125  VIRIAL  =      4491.5153  VOLUME     =    176545.9742
                                                    Density    =         1.0206
 ------------------------------------------------------------------------------


 NSTEP =     8000   TIME(PS) =     956.000  TEMP(K) =   303.15  PRESS =   103.2
 Etot   =    -42358.9694  EKtot   =     10958.5771  EPtot      =    -53317.5466
 BOND   =       341.3026  ANGLE   =      1010.4765  DIHED      =      2150.3573
 1-4 NB =       448.3958  1-4 EEL =      6191.6092  VDWAALS    =      6328.0161
 EELEC  =    -69890.1023  EHBOND  =         0.0000  RESTRAINT  =       102.3982
 EAMBER (non-restraint)  =    -53419.9448
 EKCMT  =      4760.3087  VIRIAL  =      4367.2920  VOLUME     =    176328.2781
                                                    Density    =         1.0219
 ------------------------------------------------------------------------------


 NSTEP =     8500   TIME(PS) =     957.000  TEMP(K) =   302.18  PRESS =   -35.9
 Etot   =    -42587.3730  EKtot   =     10923.3672  EPtot      =    -53510.7402
 BOND   =       342.1165  ANGLE   =      1001.7480  DIHED      =      2149.8312
 1-4 NB =       442.3332  1-4 EEL =      6189.0924  VDWAALS    =      6426.2547
 EELEC  =    -70157.2387  EHBOND  =         0.0000  RESTRAINT  =        95.1226
 EAMBER (non-restraint)  =    -53605.8627
 EKCMT  =      4775.9237  VIRIAL  =      4912.9923  VOLUME     =    176668.8421
                                                    Density    =         1.0199
 ------------------------------------------------------------------------------


 NSTEP =     9000   TIME(PS) =     958.000  TEMP(K) =   300.99  PRESS =    64.7
 Etot   =    -42116.6149  EKtot   =     10880.5957  EPtot      =    -52997.2106
 BOND   =       303.3000  ANGLE   =      1035.5231  DIHED      =      2162.2856
 1-4 NB =       453.1168  1-4 EEL =      6206.4712  VDWAALS    =      6332.4787
 EELEC  =    -69596.1233  EHBOND  =         0.0000  RESTRAINT  =       105.7373
 EAMBER (non-restraint)  =    -53102.9479
 EKCMT  =      4755.4600  VIRIAL  =      4508.9819  VOLUME     =    176401.4644
                                                    Density    =         1.0214
 ------------------------------------------------------------------------------


 NSTEP =     9500   TIME(PS) =     959.000  TEMP(K) =   300.50  PRESS =    73.7
 Etot   =    -42227.9165  EKtot   =     10862.6699  EPtot      =    -53090.5864
 BOND   =       352.7091  ANGLE   =      1005.5503  DIHED      =      2172.5447
 1-4 NB =       443.0050  1-4 EEL =      6219.3203  VDWAALS    =      6345.2650
 EELEC  =    -69728.9489  EHBOND  =         0.0000  RESTRAINT  =        99.9681
 EAMBER (non-restraint)  =    -53190.5545
 EKCMT  =      4781.6993  VIRIAL  =      4501.2247  VOLUME     =    176259.3026
                                                    Density    =         1.0223
 ------------------------------------------------------------------------------


 NSTEP =    10000   TIME(PS) =     960.000  TEMP(K) =   298.61  PRESS =   -22.7
 Etot   =    -42264.4931  EKtot   =     10794.3213  EPtot      =    -53058.8144
 BOND   =       347.1012  ANGLE   =      1004.0099  DIHED      =      2161.6217
 1-4 NB =       455.0689  1-4 EEL =      6179.8335  VDWAALS    =      6197.9883
 EELEC  =    -69507.1871  EHBOND  =         0.0000  RESTRAINT  =       102.7492
 EAMBER (non-restraint)  =    -53161.5636
 EKCMT  =      4685.5504  VIRIAL  =      4772.1556  VOLUME     =    176324.8128
                                                    Density    =         1.0219
 ------------------------------------------------------------------------------


 NSTEP =    10500   TIME(PS) =     961.000  TEMP(K) =   302.42  PRESS =  -338.2
 Etot   =    -42306.5597  EKtot   =     10932.2910  EPtot      =    -53238.8508
 BOND   =       361.3719  ANGLE   =      1020.9601  DIHED      =      2168.8043
 1-4 NB =       446.7534  1-4 EEL =      6168.0906  VDWAALS    =      6327.4121
 EELEC  =    -69836.1883  EHBOND  =         0.0000  RESTRAINT  =       103.9453
 EAMBER (non-restraint)  =    -53342.7960
 EKCMT  =      4740.0015  VIRIAL  =      6030.3384  VOLUME     =    176721.9867
                                                    Density    =         1.0196
 ------------------------------------------------------------------------------


 NSTEP =    11000   TIME(PS) =     962.000  TEMP(K) =   298.44  PRESS =  -114.4
 Etot   =    -42358.4962  EKtot   =     10788.1846  EPtot      =    -53146.6808
 BOND   =       338.1852  ANGLE   =      1029.9378  DIHED      =      2158.1810
 1-4 NB =       448.2618  1-4 EEL =      6197.6678  VDWAALS    =      6371.3816
 EELEC  =    -69800.0697  EHBOND  =         0.0000  RESTRAINT  =       109.7739
 EAMBER (non-restraint)  =    -53256.4547
 EKCMT  =      4685.5441  VIRIAL  =      5123.2584  VOLUME     =    177175.0585
                                                    Density    =         1.0170
 ------------------------------------------------------------------------------


 NSTEP =    11500   TIME(PS) =     963.000  TEMP(K) =   299.78  PRESS =  -272.4
 Etot   =    -42645.9098  EKtot   =     10836.9258  EPtot      =    -53482.8356
 BOND   =       332.8356  ANGLE   =       972.2539  DIHED      =      2190.6215
 1-4 NB =       440.0065  1-4 EEL =      6205.3562  VDWAALS    =      6289.8287
 EELEC  =    -70012.2853  EHBOND  =         0.0000  RESTRAINT  =        98.5474
 EAMBER (non-restraint)  =    -53581.3830
 EKCMT  =      4662.5186  VIRIAL  =      5700.9625  VOLUME     =    176537.3018
                                                    Density    =         1.0207
 ------------------------------------------------------------------------------


 NSTEP =    12000   TIME(PS) =     964.000  TEMP(K) =   300.06  PRESS =   239.1
 Etot   =    -42458.5349  EKtot   =     10846.9492  EPtot      =    -53305.4842
 BOND   =       333.3271  ANGLE   =      1011.2299  DIHED      =      2185.5084
 1-4 NB =       455.1217  1-4 EEL =      6202.1978  VDWAALS    =      6362.5555
 EELEC  =    -69956.4900  EHBOND  =         0.0000  RESTRAINT  =       101.0654
 EAMBER (non-restraint)  =    -53406.5496
 EKCMT  =      4746.0677  VIRIAL  =      3836.6260  VOLUME     =    176199.6217
                                                    Density    =         1.0226
 ------------------------------------------------------------------------------


 NSTEP =    12500   TIME(PS) =     965.000  TEMP(K) =   300.22  PRESS =   406.6
 Etot   =    -42252.9411  EKtot   =     10852.5684  EPtot      =    -53105.5095
 BOND   =       359.6712  ANGLE   =      1027.4874  DIHED      =      2182.3278
 1-4 NB =       455.4031  1-4 EEL =      6191.1225  VDWAALS    =      6478.3509
 EELEC  =    -69894.2361  EHBOND  =         0.0000  RESTRAINT  =        94.3638
 EAMBER (non-restraint)  =    -53199.8732
 EKCMT  =      4714.5642  VIRIAL  =      3164.0798  VOLUME     =    176609.1206
                                                    Density    =         1.0202
 ------------------------------------------------------------------------------


 NSTEP =    13000   TIME(PS) =     966.000  TEMP(K) =   298.30  PRESS =  -241.6
 Etot   =    -42508.9975  EKtot   =     10783.2910  EPtot      =    -53292.2885
 BOND   =       341.3103  ANGLE   =       966.7731  DIHED      =      2186.1287
 1-4 NB =       440.8248  1-4 EEL =      6187.8646  VDWAALS    =      6237.7543
 EELEC  =    -69753.0501  EHBOND  =         0.0000  RESTRAINT  =       100.1059
 EAMBER (non-restraint)  =    -53392.3944
 EKCMT  =      4658.5856  VIRIAL  =      5576.9770  VOLUME     =    176062.1516
                                                    Density    =         1.0234
 ------------------------------------------------------------------------------


 NSTEP =    13500   TIME(PS) =     967.000  TEMP(K) =   301.22  PRESS =    96.4
 Etot   =    -42092.6509  EKtot   =     10888.7080  EPtot      =    -52981.3589
 BOND   =       345.9687  ANGLE   =      1017.9781  DIHED      =      2167.9671
 1-4 NB =       435.8668  1-4 EEL =      6203.0050  VDWAALS    =      6226.5381
 EELEC  =    -69471.2688  EHBOND  =         0.0000  RESTRAINT  =        92.5861
 EAMBER (non-restraint)  =    -53073.9450
 EKCMT  =      4744.7320  VIRIAL  =      4377.8102  VOLUME     =    176295.7171
                                                    Density    =         1.0221
 ------------------------------------------------------------------------------


 NSTEP =    14000   TIME(PS) =     968.000  TEMP(K) =   298.85  PRESS =   -66.5
 Etot   =    -42441.0037  EKtot   =     10803.3066  EPtot      =    -53244.3103
 BOND   =       365.4111  ANGLE   =       958.1385  DIHED      =      2175.5287
 1-4 NB =       445.3628  1-4 EEL =      6168.3545  VDWAALS    =      6372.8121
 EELEC  =    -69832.4099  EHBOND  =         0.0000  RESTRAINT  =       102.4918
 EAMBER (non-restraint)  =    -53346.8021
 EKCMT  =      4694.9244  VIRIAL  =      4947.8580  VOLUME     =    176232.2999
                                                    Density    =         1.0224
 ------------------------------------------------------------------------------


 NSTEP =    14500   TIME(PS) =     969.000  TEMP(K) =   297.61  PRESS =   -95.9
 Etot   =    -42407.1814  EKtot   =     10758.1758  EPtot      =    -53165.3572
 BOND   =       348.3367  ANGLE   =       981.3298  DIHED      =      2188.8996
 1-4 NB =       459.1177  1-4 EEL =      6210.3553  VDWAALS    =      6162.2293
 EELEC  =    -69623.9753  EHBOND  =         0.0000  RESTRAINT  =       108.3497
 EAMBER (non-restraint)  =    -53273.7069
 EKCMT  =      4649.9030  VIRIAL  =      5015.6341  VOLUME     =    176706.7908
                                                    Density    =         1.0197
 ------------------------------------------------------------------------------


 NSTEP =    15000   TIME(PS) =     970.000  TEMP(K) =   299.56  PRESS =   309.4
 Etot   =    -42434.3729  EKtot   =     10828.7988  EPtot      =    -53263.1717
 BOND   =       374.6997  ANGLE   =       982.2504  DIHED      =      2167.1968
 1-4 NB =       437.9612  1-4 EEL =      6208.4467  VDWAALS    =      6380.6105
 EELEC  =    -69919.1950  EHBOND  =         0.0000  RESTRAINT  =       104.8580
 EAMBER (non-restraint)  =    -53368.0297
 EKCMT  =      4746.1926  VIRIAL  =      3566.6059  VOLUME     =    176602.4663
                                                    Density    =         1.0203
 ------------------------------------------------------------------------------


 NSTEP =    15500   TIME(PS) =     971.000  TEMP(K) =   299.40  PRESS =   -38.0
 Etot   =    -42528.6664  EKtot   =     10822.9268  EPtot      =    -53351.5932
 BOND   =       359.1991  ANGLE   =       989.9652  DIHED      =      2166.6394
 1-4 NB =       453.5877  1-4 EEL =      6202.6330  VDWAALS    =      6309.6133
 EELEC  =    -69940.7522  EHBOND  =         0.0000  RESTRAINT  =       107.5214
 EAMBER (non-restraint)  =    -53459.1146
 EKCMT  =      4693.0007  VIRIAL  =      4838.0694  VOLUME     =    176805.3839
                                                    Density    =         1.0191
 ------------------------------------------------------------------------------


 NSTEP =    16000   TIME(PS) =     972.000  TEMP(K) =   303.16  PRESS =   -83.9
 Etot   =    -42290.7925  EKtot   =     10958.7754  EPtot      =    -53249.5679
 BOND   =       344.1815  ANGLE   =      1032.8282  DIHED      =      2173.0542
 1-4 NB =       436.0845  1-4 EEL =      6136.1086  VDWAALS    =      6256.6854
 EELEC  =    -69728.5326  EHBOND  =         0.0000  RESTRAINT  =       100.0224
 EAMBER (non-restraint)  =    -53349.5903
 EKCMT  =      4721.8564  VIRIAL  =      5040.9378  VOLUME     =    176110.5713
                                                    Density    =         1.0231
 ------------------------------------------------------------------------------


 NSTEP =    16500   TIME(PS) =     973.000  TEMP(K) =   297.15  PRESS =   -85.7
 Etot   =    -42435.2354  EKtot   =     10741.7695  EPtot      =    -53177.0050
 BOND   =       346.2170  ANGLE   =      1001.4307  DIHED      =      2163.3122
 1-4 NB =       445.3713  1-4 EEL =      6194.3015  VDWAALS    =      6193.8918
 EELEC  =    -69615.2486  EHBOND  =         0.0000  RESTRAINT  =        93.7192
 EAMBER (non-restraint)  =    -53270.7241
 EKCMT  =      4716.7198  VIRIAL  =      5042.5576  VOLUME     =    176041.5993
                                                    Density    =         1.0235
 ------------------------------------------------------------------------------


 NSTEP =    17000   TIME(PS) =     974.000  TEMP(K) =   300.51  PRESS =   125.0
 Etot   =    -42178.1243  EKtot   =     10863.0029  EPtot      =    -53041.1273
 BOND   =       350.2217  ANGLE   =      1010.5910  DIHED      =      2179.6341
 1-4 NB =       451.2543  1-4 EEL =      6190.2703  VDWAALS    =      6319.3854
 EELEC  =    -69649.2321  EHBOND  =         0.0000  RESTRAINT  =       106.7480
 EAMBER (non-restraint)  =    -53147.8752
 EKCMT  =      4681.7654  VIRIAL  =      4206.0212  VOLUME     =    176327.9877
                                                    Density    =         1.0219
 ------------------------------------------------------------------------------


 NSTEP =    17500   TIME(PS) =     975.000  TEMP(K) =   298.33  PRESS =   -56.0
 Etot   =    -42250.5494  EKtot   =     10784.3350  EPtot      =    -53034.8843
 BOND   =       363.4064  ANGLE   =      1001.7115  DIHED      =      2177.7516
 1-4 NB =       460.2880  1-4 EEL =      6145.9725  VDWAALS    =      6381.7859
 EELEC  =    -69668.1626  EHBOND  =         0.0000  RESTRAINT  =       102.3624
 EAMBER (non-restraint)  =    -53137.2467
 EKCMT  =      4691.9744  VIRIAL  =      4905.6873  VOLUME     =    176714.3277
                                                    Density    =         1.0196
 ------------------------------------------------------------------------------


 NSTEP =    18000   TIME(PS) =     976.000  TEMP(K) =   299.93  PRESS =   249.3
 Etot   =    -42493.7239  EKtot   =     10842.1143  EPtot      =    -53335.8381
 BOND   =       332.6986  ANGLE   =      1045.9996  DIHED      =      2166.0389
 1-4 NB =       445.8752  1-4 EEL =      6187.3531  VDWAALS    =      6574.2683
 EELEC  =    -70184.5545  EHBOND  =         0.0000  RESTRAINT  =        96.4826
 EAMBER (non-restraint)  =    -53432.3208
 EKCMT  =      4745.5148  VIRIAL  =      3794.9570  VOLUME     =    176573.0186
                                                    Density    =         1.0205
 ------------------------------------------------------------------------------


 NSTEP =    18500   TIME(PS) =     977.000  TEMP(K) =   302.44  PRESS =  -161.1
 Etot   =    -42196.0227  EKtot   =     10932.9209  EPtot      =    -53128.9435
 BOND   =       360.7552  ANGLE   =       998.0988  DIHED      =      2171.0407
 1-4 NB =       445.0161  1-4 EEL =      6202.8412  VDWAALS    =      6280.3238
 EELEC  =    -69686.1054  EHBOND  =         0.0000  RESTRAINT  =        99.0860
 EAMBER (non-restraint)  =    -53228.0296
 EKCMT  =      4777.4569  VIRIAL  =      5389.0268  VOLUME     =    175831.5517
                                                    Density    =         1.0248
 ------------------------------------------------------------------------------


 NSTEP =    19000   TIME(PS) =     978.000  TEMP(K) =   302.15  PRESS =    16.7
 Etot   =    -42357.9179  EKtot   =     10922.5303  EPtot      =    -53280.4482
 BOND   =       336.6755  ANGLE   =       921.4885  DIHED      =      2170.0573
 1-4 NB =       449.1072  1-4 EEL =      6230.0266  VDWAALS    =      6308.0628
 EELEC  =    -69803.9716  EHBOND  =         0.0000  RESTRAINT  =       108.1055
 EAMBER (non-restraint)  =    -53388.5537
 EKCMT  =      4788.4843  VIRIAL  =      4724.7440  VOLUME     =    176425.4795
                                                    Density    =         1.0213
 ------------------------------------------------------------------------------


 NSTEP =    19500   TIME(PS) =     979.000  TEMP(K) =   301.34  PRESS =   259.6
 Etot   =    -42278.3344  EKtot   =     10893.3096  EPtot      =    -53171.6440
 BOND   =       349.7817  ANGLE   =       997.0531  DIHED      =      2179.8206
 1-4 NB =       449.4858  1-4 EEL =      6155.3583  VDWAALS    =      6401.6820
 EELEC  =    -69808.0327  EHBOND  =         0.0000  RESTRAINT  =       103.2069
 EAMBER (non-restraint)  =    -53274.8510
 EKCMT  =      4769.1393  VIRIAL  =      3782.8671  VOLUME     =    175985.6717
                                                    Density    =         1.0239
 ------------------------------------------------------------------------------


 NSTEP =    20000   TIME(PS) =     980.000  TEMP(K) =   299.91  PRESS =  -104.5
 Etot   =    -42549.4509  EKtot   =     10841.3643  EPtot      =    -53390.8152
 BOND   =       353.2337  ANGLE   =      1023.0457  DIHED      =      2159.2906
 1-4 NB =       461.3888  1-4 EEL =      6223.2969  VDWAALS    =      6281.8219
 EELEC  =    -69992.7956  EHBOND  =         0.0000  RESTRAINT  =        99.9029
 EAMBER (non-restraint)  =    -53490.7180
 EKCMT  =      4647.5026  VIRIAL  =      5044.4236  VOLUME     =    175927.4367
                                                    Density    =         1.0242
 ------------------------------------------------------------------------------


 NSTEP =    20500   TIME(PS) =     981.000  TEMP(K) =   296.06  PRESS =   243.6
 Etot   =    -42458.2236  EKtot   =     10702.2979  EPtot      =    -53160.5214
 BOND   =       347.6303  ANGLE   =       997.1931  DIHED      =      2157.2890
 1-4 NB =       451.2816  1-4 EEL =      6195.0777  VDWAALS    =      6469.6475
 EELEC  =    -69884.4066  EHBOND  =         0.0000  RESTRAINT  =       105.7660
 EAMBER (non-restraint)  =    -53266.2875
 EKCMT  =      4625.4634  VIRIAL  =      3699.6919  VOLUME     =    176011.9259
                                                    Density    =         1.0237
 ------------------------------------------------------------------------------


 NSTEP =    21000   TIME(PS) =     982.000  TEMP(K) =   300.20  PRESS =    97.6
 Etot   =    -42501.9187  EKtot   =     10851.7607  EPtot      =    -53353.6794
 BOND   =       348.4068  ANGLE   =       992.5095  DIHED      =      2150.7337
 1-4 NB =       443.5334  1-4 EEL =      6170.8382  VDWAALS    =      6479.1522
 EELEC  =    -70040.1015  EHBOND  =         0.0000  RESTRAINT  =       101.2482
 EAMBER (non-restraint)  =    -53454.9277
 EKCMT  =      4803.1633  VIRIAL  =      4432.6278  VOLUME     =    175773.2292
                                                    Density    =         1.0251
 ------------------------------------------------------------------------------


 NSTEP =    21500   TIME(PS) =     983.000  TEMP(K) =   300.28  PRESS =   399.5
 Etot   =    -42296.6120  EKtot   =     10854.6729  EPtot      =    -53151.2849
 BOND   =       346.7553  ANGLE   =       998.2774  DIHED      =      2182.4048
 1-4 NB =       463.6650  1-4 EEL =      6191.3374  VDWAALS    =      6416.7126
 EELEC  =    -69848.1061  EHBOND  =         0.0000  RESTRAINT  =        97.6687
 EAMBER (non-restraint)  =    -53248.9536
 EKCMT  =      4733.6326  VIRIAL  =      3217.2537  VOLUME     =    175814.8349
                                                    Density    =         1.0249
 ------------------------------------------------------------------------------


 NSTEP =    22000   TIME(PS) =     984.000  TEMP(K) =   298.48  PRESS =  -297.3
 Etot   =    -42643.1321  EKtot   =     10789.8242  EPtot      =    -53432.9564
 BOND   =       366.8300  ANGLE   =       971.7923  DIHED      =      2184.2265
 1-4 NB =       460.3287  1-4 EEL =      6225.6356  VDWAALS    =      6183.5587
 EELEC  =    -69929.9863  EHBOND  =         0.0000  RESTRAINT  =       104.6581
 EAMBER (non-restraint)  =    -53537.6144
 EKCMT  =      4666.5792  VIRIAL  =      5795.6428  VOLUME     =    175882.3690
                                                    Density    =         1.0245
 ------------------------------------------------------------------------------


 NSTEP =    22500   TIME(PS) =     985.000  TEMP(K) =   303.73  PRESS =   247.9
 Etot   =    -42299.4072  EKtot   =     10979.4639  EPtot      =    -53278.8711
 BOND   =       341.8737  ANGLE   =       974.9447  DIHED      =      2167.9249
 1-4 NB =       455.4734  1-4 EEL =      6213.6303  VDWAALS    =      6372.0048
 EELEC  =    -69907.9391  EHBOND  =         0.0000  RESTRAINT  =       103.2162
 EAMBER (non-restraint)  =    -53382.0873
 EKCMT  =      4738.4545  VIRIAL  =      3796.4182  VOLUME     =    175986.1734
                                                    Density    =         1.0239
 ------------------------------------------------------------------------------


 NSTEP =    23000   TIME(PS) =     986.000  TEMP(K) =   300.24  PRESS =    87.4
 Etot   =    -42385.3434  EKtot   =     10853.3818  EPtot      =    -53238.7253
 BOND   =       366.9820  ANGLE   =      1038.4490  DIHED      =      2175.6170
 1-4 NB =       441.6873  1-4 EEL =      6169.8141  VDWAALS    =      6385.4257
 EELEC  =    -69910.3808  EHBOND  =         0.0000  RESTRAINT  =        93.6804
 EAMBER (non-restraint)  =    -53332.4056
 EKCMT  =      4705.4499  VIRIAL  =      4372.9056  VOLUME     =    176191.7523
                                                    Density    =         1.0227
 ------------------------------------------------------------------------------


 NSTEP =    23500   TIME(PS) =     987.000  TEMP(K) =   300.06  PRESS =   120.8
 Etot   =    -42672.1009  EKtot   =     10846.8682  EPtot      =    -53518.9691
 BOND   =       340.1747  ANGLE   =       938.1793  DIHED      =      2156.7889
 1-4 NB =       459.4912  1-4 EEL =      6191.2222  VDWAALS    =      6573.4638
 EELEC  =    -70265.1643  EHBOND  =         0.0000  RESTRAINT  =        86.8751
 EAMBER (non-restraint)  =    -53605.8442
 EKCMT  =      4734.2046  VIRIAL  =      4274.5720  VOLUME     =    176180.7223
                                                    Density    =         1.0227
 ------------------------------------------------------------------------------


 NSTEP =    24000   TIME(PS) =     988.000  TEMP(K) =   301.43  PRESS =   306.7
 Etot   =    -42279.1022  EKtot   =     10896.3691  EPtot      =    -53175.4713
 BOND   =       352.7467  ANGLE   =       970.2043  DIHED      =      2147.4898
 1-4 NB =       461.9272  1-4 EEL =      6228.6788  VDWAALS    =      6541.7864
 EELEC  =    -69963.4089  EHBOND  =         0.0000  RESTRAINT  =        85.1044
 EAMBER (non-restraint)  =    -53260.5758
 EKCMT  =      4720.8324  VIRIAL  =      3553.9246  VOLUME     =    176212.5982
                                                    Density    =         1.0225
 ------------------------------------------------------------------------------


 NSTEP =    24500   TIME(PS) =     989.000  TEMP(K) =   299.84  PRESS =   -28.4
 Etot   =    -42324.8034  EKtot   =     10839.0381  EPtot      =    -53163.8415
 BOND   =       357.8714  ANGLE   =      1001.8382  DIHED      =      2169.3697
 1-4 NB =       452.7520  1-4 EEL =      6220.8166  VDWAALS    =      6298.2189
 EELEC  =    -69762.8035  EHBOND  =         0.0000  RESTRAINT  =        98.0952
 EAMBER (non-restraint)  =    -53261.9367
 EKCMT  =      4699.6742  VIRIAL  =      4807.5501  VOLUME     =    176059.5818
                                                    Density    =         1.0234
 ------------------------------------------------------------------------------


 NSTEP =    25000   TIME(PS) =     990.000  TEMP(K) =   300.61  PRESS =  -271.4
 Etot   =    -42249.0682  EKtot   =     10866.6729  EPtot      =    -53115.7410
 BOND   =       329.9565  ANGLE   =       992.4409  DIHED      =      2174.2895
 1-4 NB =       465.4245  1-4 EEL =      6181.4993  VDWAALS    =      6056.8174
 EELEC  =    -69421.0170  EHBOND  =         0.0000  RESTRAINT  =       104.8478
 EAMBER (non-restraint)  =    -53220.5889
 EKCMT  =      4657.3967  VIRIAL  =      5687.6513  VOLUME     =    175823.8600
                                                    Density    =         1.0248
 ------------------------------------------------------------------------------


 NSTEP =    25500   TIME(PS) =     991.000  TEMP(K) =   302.91  PRESS =   -93.3
 Etot   =    -42234.8617  EKtot   =     10949.9033  EPtot      =    -53184.7651
 BOND   =       364.0671  ANGLE   =       990.8022  DIHED      =      2164.4808
 1-4 NB =       456.7394  1-4 EEL =      6230.6871  VDWAALS    =      6234.0277
 EELEC  =    -69720.0783  EHBOND  =         0.0000  RESTRAINT  =        94.5089
 EAMBER (non-restraint)  =    -53279.2739
 EKCMT  =      4775.9781  VIRIAL  =      5129.2182  VOLUME     =    175426.8580
                                                    Density    =         1.0271
 ------------------------------------------------------------------------------


 NSTEP =    26000   TIME(PS) =     992.000  TEMP(K) =   301.84  PRESS =    64.0
 Etot   =    -42394.2137  EKtot   =     10911.3877  EPtot      =    -53305.6014
 BOND   =       346.4286  ANGLE   =       996.1921  DIHED      =      2164.5516
 1-4 NB =       441.6054  1-4 EEL =      6209.7232  VDWAALS    =      6322.2131
 EELEC  =    -69881.3773  EHBOND  =         0.0000  RESTRAINT  =        95.0618
 EAMBER (non-restraint)  =    -53400.6632
 EKCMT  =      4795.5529  VIRIAL  =      4553.1436  VOLUME     =    175471.6512
                                                    Density    =         1.0269
 ------------------------------------------------------------------------------


 NSTEP =    26500   TIME(PS) =     993.000  TEMP(K) =   297.78  PRESS =    22.0
 Etot   =    -42343.8273  EKtot   =     10764.4180  EPtot      =    -53108.2453
 BOND   =       339.9385  ANGLE   =      1033.0925  DIHED      =      2165.1744
 1-4 NB =       452.2406  1-4 EEL =      6192.7345  VDWAALS    =      6303.6166
 EELEC  =    -69699.0826  EHBOND  =         0.0000  RESTRAINT  =       104.0402
 EAMBER (non-restraint)  =    -53212.2855
 EKCMT  =      4714.4060  VIRIAL  =      4631.1833  VOLUME     =    175582.4963
                                                    Density    =         1.0262
 ------------------------------------------------------------------------------


 NSTEP =    27000   TIME(PS) =     994.000  TEMP(K) =   300.01  PRESS =  -119.7
 Etot   =    -42479.6703  EKtot   =     10845.0332  EPtot      =    -53324.7035
 BOND   =       325.8928  ANGLE   =       978.4622  DIHED      =      2175.1229
 1-4 NB =       455.5004  1-4 EEL =      6205.0631  VDWAALS    =      6130.4741
 EELEC  =    -69694.1488  EHBOND  =         0.0000  RESTRAINT  =        98.9298
 EAMBER (non-restraint)  =    -53423.6332
 EKCMT  =      4660.2801  VIRIAL  =      5114.0776  VOLUME     =    175649.5284
                                                    Density    =         1.0258
 ------------------------------------------------------------------------------


 NSTEP =    27500   TIME(PS) =     995.000  TEMP(K) =   299.30  PRESS =    31.9
 Etot   =    -42507.0621  EKtot   =     10819.3555  EPtot      =    -53326.4176
 BOND   =       353.4522  ANGLE   =      1045.8838  DIHED      =      2176.2995
 1-4 NB =       448.6140  1-4 EEL =      6198.0759  VDWAALS    =      6425.3782
 EELEC  =    -70076.5104  EHBOND  =         0.0000  RESTRAINT  =       102.3892
 EAMBER (non-restraint)  =    -53428.8068
 EKCMT  =      4682.0365  VIRIAL  =      4560.8058  VOLUME     =    175853.1939
                                                    Density    =         1.0246
 ------------------------------------------------------------------------------


 NSTEP =    28000   TIME(PS) =     996.000  TEMP(K) =   299.98  PRESS =   161.5
 Etot   =    -42369.6879  EKtot   =     10844.0430  EPtot      =    -53213.7309
 BOND   =       339.0930  ANGLE   =      1010.2571  DIHED      =      2164.7769
 1-4 NB =       467.8132  1-4 EEL =      6230.4334  VDWAALS    =      6311.9811
 EELEC  =    -69840.1744  EHBOND  =         0.0000  RESTRAINT  =       102.0889
 EAMBER (non-restraint)  =    -53315.8198
 EKCMT  =      4766.2191  VIRIAL  =      4152.4532  VOLUME     =    176050.5398
                                                    Density    =         1.0235
 ------------------------------------------------------------------------------


 NSTEP =    28500   TIME(PS) =     997.000  TEMP(K) =   302.53  PRESS =    21.1
 Etot   =    -42245.5649  EKtot   =     10936.2021  EPtot      =    -53181.7670
 BOND   =       343.3256  ANGLE   =      1028.9200  DIHED      =      2182.4272
 1-4 NB =       443.6676  1-4 EEL =      6190.4025  VDWAALS    =      6269.0703
 EELEC  =    -69739.7338  EHBOND  =         0.0000  RESTRAINT  =       100.1536
 EAMBER (non-restraint)  =    -53281.9206
 EKCMT  =      4714.2108  VIRIAL  =      4634.0089  VOLUME     =    175862.0576
                                                    Density    =         1.0246
 ------------------------------------------------------------------------------


 NSTEP =    29000   TIME(PS) =     998.000  TEMP(K) =   297.14  PRESS =   215.1
 Etot   =    -42440.1122  EKtot   =     10741.3398  EPtot      =    -53181.4521
 BOND   =       363.4285  ANGLE   =       998.4806  DIHED      =      2154.2156
 1-4 NB =       433.9514  1-4 EEL =      6205.7318  VDWAALS    =      6331.5201
 EELEC  =    -69769.6317  EHBOND  =         0.0000  RESTRAINT  =       100.8516
 EAMBER (non-restraint)  =    -53282.3036
 EKCMT  =      4671.6506  VIRIAL  =      3852.5222  VOLUME     =    176340.4643
                                                    Density    =         1.0218
 ------------------------------------------------------------------------------


 NSTEP =    29500   TIME(PS) =     999.000  TEMP(K) =   300.23  PRESS =    32.4
 Etot   =    -42318.8772  EKtot   =     10853.0674  EPtot      =    -53171.9446
 BOND   =       356.0017  ANGLE   =      1018.2308  DIHED      =      2183.3384
 1-4 NB =       435.4250  1-4 EEL =      6157.2214  VDWAALS    =      6243.1541
 EELEC  =    -69662.7449  EHBOND  =         0.0000  RESTRAINT  =        97.4289
 EAMBER (non-restraint)  =    -53269.3735
 EKCMT  =      4663.1032  VIRIAL  =      4539.9359  VOLUME     =    176270.3395
                                                    Density    =         1.0222
 ------------------------------------------------------------------------------


 NSTEP =    30000   TIME(PS) =    1000.000  TEMP(K) =   304.67  PRESS =   111.3
 Etot   =    -42266.6287  EKtot   =     11013.5303  EPtot      =    -53280.1590
 BOND   =       356.4454  ANGLE   =       968.0591  DIHED      =      2157.2904
 1-4 NB =       449.6057  1-4 EEL =      6215.2316  VDWAALS    =      6374.7813
 EELEC  =    -69892.7395  EHBOND  =         0.0000  RESTRAINT  =        91.1669
 EAMBER (non-restraint)  =    -53371.3259
 EKCMT  =      4780.3863  VIRIAL  =      4355.9654  VOLUME     =    176585.6770
                                                    Density    =         1.0204
 ------------------------------------------------------------------------------


 NSTEP =    30500   TIME(PS) =    1001.000  TEMP(K) =   297.83  PRESS =    37.6
 Etot   =    -42559.9907  EKtot   =     10766.2988  EPtot      =    -53326.2896
 BOND   =       316.1091  ANGLE   =       970.8637  DIHED      =      2165.5464
 1-4 NB =       462.4659  1-4 EEL =      6217.2409  VDWAALS    =      6341.7260
 EELEC  =    -69901.6003  EHBOND  =         0.0000  RESTRAINT  =       101.3587
 EAMBER (non-restraint)  =    -53427.6483
 EKCMT  =      4614.1936  VIRIAL  =      4470.9338  VOLUME     =    176294.7531
                                                    Density    =         1.0221
 ------------------------------------------------------------------------------


 NSTEP =    31000   TIME(PS) =    1002.000  TEMP(K) =   298.52  PRESS =    22.1
 Etot   =    -42446.7094  EKtot   =     10791.1201  EPtot      =    -53237.8295
 BOND   =       346.0207  ANGLE   =       990.9837  DIHED      =      2171.3309
 1-4 NB =       452.1408  1-4 EEL =      6206.5445  VDWAALS    =      6284.0141
 EELEC  =    -69787.4658  EHBOND  =         0.0000  RESTRAINT  =        98.6016
 EAMBER (non-restraint)  =    -53336.4311
 EKCMT  =      4692.9394  VIRIAL  =      4608.9915  VOLUME     =    176206.2024
                                                    Density    =         1.0226
 ------------------------------------------------------------------------------


 NSTEP =    31500   TIME(PS) =    1003.000  TEMP(K) =   302.41  PRESS =   -89.9
 Etot   =    -42459.0279  EKtot   =     10931.6895  EPtot      =    -53390.7174
 BOND   =       344.3123  ANGLE   =       972.3321  DIHED      =      2172.7018
 1-4 NB =       454.8829  1-4 EEL =      6207.3837  VDWAALS    =      6250.5033
 EELEC  =    -69889.3703  EHBOND  =         0.0000  RESTRAINT  =        96.5368
 EAMBER (non-restraint)  =    -53487.2542
 EKCMT  =      4734.8485  VIRIAL  =      5077.1317  VOLUME     =    176340.2106
                                                    Density    =         1.0218
 ------------------------------------------------------------------------------


 NSTEP =    32000   TIME(PS) =    1004.000  TEMP(K) =   301.48  PRESS =  -254.3
 Etot   =    -42471.9230  EKtot   =     10898.3262  EPtot      =    -53370.2492
 BOND   =       346.0062  ANGLE   =      1016.1277  DIHED      =      2164.3610
 1-4 NB =       440.7979  1-4 EEL =      6175.1542  VDWAALS    =      6370.8402
 EELEC  =    -69984.8934  EHBOND  =         0.0000  RESTRAINT  =       101.3569
 EAMBER (non-restraint)  =    -53471.6060
 EKCMT  =      4787.6151  VIRIAL  =      5755.5815  VOLUME     =    176287.5214
                                                    Density    =         1.0221
 ------------------------------------------------------------------------------


 NSTEP =    32500   TIME(PS) =    1005.000  TEMP(K) =   300.79  PRESS =   -57.3
 Etot   =    -42363.9779  EKtot   =     10873.4043  EPtot      =    -53237.3822
 BOND   =       322.5720  ANGLE   =      1013.3766  DIHED      =      2184.1726
 1-4 NB =       456.4547  1-4 EEL =      6220.1311  VDWAALS    =      6242.9025
 EELEC  =    -69771.8775  EHBOND  =         0.0000  RESTRAINT  =        94.8859
 EAMBER (non-restraint)  =    -53332.2681
 EKCMT  =      4765.0911  VIRIAL  =      4983.3420  VOLUME     =    176303.8661
                                                    Density    =         1.0220
 ------------------------------------------------------------------------------


 NSTEP =    33000   TIME(PS) =    1006.000  TEMP(K) =   303.71  PRESS =  -445.5
 Etot   =    -42489.0228  EKtot   =     10978.8945  EPtot      =    -53467.9173
 BOND   =       354.0740  ANGLE   =       994.4383  DIHED      =      2169.8965
 1-4 NB =       454.5144  1-4 EEL =      6231.1193  VDWAALS    =      6153.4513
 EELEC  =    -69925.3262  EHBOND  =         0.0000  RESTRAINT  =        99.9152
 EAMBER (non-restraint)  =    -53567.8325
 EKCMT  =      4752.0576  VIRIAL  =      6440.1054  VOLUME     =    175507.5023
                                                    Density    =         1.0266
 ------------------------------------------------------------------------------


 NSTEP =    33500   TIME(PS) =    1007.000  TEMP(K) =   301.41  PRESS =   -33.7
 Etot   =    -42387.9016  EKtot   =     10895.6465  EPtot      =    -53283.5481
 BOND   =       360.5793  ANGLE   =      1028.9052  DIHED      =      2149.3878
 1-4 NB =       451.5132  1-4 EEL =      6221.4970  VDWAALS    =      6236.9453
 EELEC  =    -69840.2357  EHBOND  =         0.0000  RESTRAINT  =       107.8598
 EAMBER (non-restraint)  =    -53391.4079
 EKCMT  =      4705.9421  VIRIAL  =      4833.3549  VOLUME     =    175222.7836
                                                    Density    =         1.0283
 ------------------------------------------------------------------------------


 NSTEP =    34000   TIME(PS) =    1008.000  TEMP(K) =   302.37  PRESS =   177.9
 Etot   =    -42336.6622  EKtot   =     10930.2695  EPtot      =    -53266.9318
 BOND   =       334.8553  ANGLE   =      1016.0610  DIHED      =      2188.7240
 1-4 NB =       450.0569  1-4 EEL =      6207.7817  VDWAALS    =      6311.6882
 EELEC  =    -69888.7075  EHBOND  =         0.0000  RESTRAINT  =       112.6086
 EAMBER (non-restraint)  =    -53379.5404
 EKCMT  =      4751.5612  VIRIAL  =      4077.5765  VOLUME     =    175478.8047
                                                    Density    =         1.0268
 ------------------------------------------------------------------------------


 NSTEP =    34500   TIME(PS) =    1009.000  TEMP(K) =   298.43  PRESS =   104.2
 Etot   =    -42535.3019  EKtot   =     10787.9316  EPtot      =    -53323.2335
 BOND   =       389.5009  ANGLE   =       996.4252  DIHED      =      2170.4519
 1-4 NB =       451.0124  1-4 EEL =      6192.2505  VDWAALS    =      6480.3526
 EELEC  =    -70111.0669  EHBOND  =         0.0000  RESTRAINT  =       107.8399
 EAMBER (non-restraint)  =    -53431.0734
 EKCMT  =      4690.8912  VIRIAL  =      4294.4942  VOLUME     =    176245.6298
                                                    Density    =         1.0224
 ------------------------------------------------------------------------------


 NSTEP =    35000   TIME(PS) =    1010.000  TEMP(K) =   297.10  PRESS =   -82.7
 Etot   =    -42500.1604  EKtot   =     10739.9023  EPtot      =    -53240.0628
 BOND   =       371.2384  ANGLE   =       994.5676  DIHED      =      2151.9077
 1-4 NB =       439.6400  1-4 EEL =      6211.5161  VDWAALS    =      6151.2032
 EELEC  =    -69659.1743  EHBOND  =         0.0000  RESTRAINT  =        99.0386
 EAMBER (non-restraint)  =    -53339.1013
 EKCMT  =      4688.0363  VIRIAL  =      5002.4359  VOLUME     =    176010.7591
                                                    Density    =         1.0237
 ------------------------------------------------------------------------------


 NSTEP =    35500   TIME(PS) =    1011.000  TEMP(K) =   302.07  PRESS =  -329.9
 Etot   =    -42469.7323  EKtot   =     10919.6025  EPtot      =    -53389.3348
 BOND   =       356.2339  ANGLE   =       962.3778  DIHED      =      2177.3536
 1-4 NB =       449.3490  1-4 EEL =      6198.6007  VDWAALS    =      6183.5438
 EELEC  =    -69817.6564  EHBOND  =         0.0000  RESTRAINT  =       100.8628
 EAMBER (non-restraint)  =    -53490.1976
 EKCMT  =      4782.1220  VIRIAL  =      6032.5728  VOLUME     =    175534.0810
                                                    Density    =         1.0265
 ------------------------------------------------------------------------------


 NSTEP =    36000   TIME(PS) =    1012.000  TEMP(K) =   299.96  PRESS =   -78.6
 Etot   =    -42429.5555  EKtot   =     10843.2852  EPtot      =    -53272.8407
 BOND   =       359.6602  ANGLE   =       988.5555  DIHED      =      2170.0159
 1-4 NB =       448.2614  1-4 EEL =      6174.0557  VDWAALS    =      6197.8893
 EELEC  =    -69704.6998  EHBOND  =         0.0000  RESTRAINT  =        93.4212
 EAMBER (non-restraint)  =    -53366.2619
 EKCMT  =      4698.1156  VIRIAL  =      4996.9938  VOLUME     =    176066.5993
                                                    Density    =         1.0234
 ------------------------------------------------------------------------------


 NSTEP =    36500   TIME(PS) =    1013.000  TEMP(K) =   297.37  PRESS =   259.2
 Etot   =    -42437.4398  EKtot   =     10749.6689  EPtot      =    -53187.1088
 BOND   =       338.3241  ANGLE   =      1013.9293  DIHED      =      2147.2224
 1-4 NB =       450.2198  1-4 EEL =      6204.4256  VDWAALS    =      6406.4441
 EELEC  =    -69848.9003  EHBOND  =         0.0000  RESTRAINT  =       101.2263
 EAMBER (non-restraint)  =    -53288.3351
 EKCMT  =      4674.9683  VIRIAL  =      3690.7069  VOLUME     =    175892.6850
                                                    Density    =         1.0244
 ------------------------------------------------------------------------------


 NSTEP =    37000   TIME(PS) =    1014.000  TEMP(K) =   297.62  PRESS =    32.2
 Etot   =    -42458.3144  EKtot   =     10758.7705  EPtot      =    -53217.0849
 BOND   =       363.9854  ANGLE   =       994.0932  DIHED      =      2169.7650
 1-4 NB =       452.1875  1-4 EEL =      6200.2036  VDWAALS    =      6349.1469
 EELEC  =    -69837.4232  EHBOND  =         0.0000  RESTRAINT  =        90.9567
 EAMBER (non-restraint)  =    -53308.0416
 EKCMT  =      4634.1581  VIRIAL  =      4511.5974  VOLUME     =    176336.0726
                                                    Density    =         1.0218
 ------------------------------------------------------------------------------


 NSTEP =    37500   TIME(PS) =    1015.000  TEMP(K) =   298.04  PRESS =   -25.3
 Etot   =    -42327.7804  EKtot   =     10773.7695  EPtot      =    -53101.5500
 BOND   =       340.5651  ANGLE   =       968.2322  DIHED      =      2159.7683
 1-4 NB =       447.1108  1-4 EEL =      6205.6585  VDWAALS    =      6338.7045
 EELEC  =    -69653.0565  EHBOND  =         0.0000  RESTRAINT  =        91.4670
 EAMBER (non-restraint)  =    -53193.0170
 EKCMT  =      4735.1924  VIRIAL  =      4831.8827  VOLUME     =    176823.2446
                                                    Density    =         1.0190
 ------------------------------------------------------------------------------


 NSTEP =    38000   TIME(PS) =    1016.000  TEMP(K) =   298.03  PRESS =    40.6
 Etot   =    -42490.7135  EKtot   =     10773.3477  EPtot      =    -53264.0612
 BOND   =       354.4723  ANGLE   =       942.1392  DIHED      =      2161.7381
 1-4 NB =       459.9418  1-4 EEL =      6215.3152  VDWAALS    =      6252.4867
 EELEC  =    -69754.0642  EHBOND  =         0.0000  RESTRAINT  =       103.9097
 EAMBER (non-restraint)  =    -53367.9709
 EKCMT  =      4708.1121  VIRIAL  =      4553.4516  VOLUME     =    176624.4759
                                                    Density    =         1.0202
 ------------------------------------------------------------------------------


 NSTEP =    38500   TIME(PS) =    1017.000  TEMP(K) =   299.49  PRESS =   -60.9
 Etot   =    -42494.5766  EKtot   =     10826.3535  EPtot      =    -53320.9301
 BOND   =       365.6979  ANGLE   =       978.7248  DIHED      =      2158.5205
 1-4 NB =       445.4605  1-4 EEL =      6231.2010  VDWAALS    =      6246.3890
 EELEC  =    -69842.5109  EHBOND  =         0.0000  RESTRAINT  =        95.5871
 EAMBER (non-restraint)  =    -53416.5171
 EKCMT  =      4723.3779  VIRIAL  =      4955.3423  VOLUME     =    176400.4827
                                                    Density    =         1.0215
 ------------------------------------------------------------------------------


 NSTEP =    39000   TIME(PS) =    1018.000  TEMP(K) =   300.37  PRESS =   132.4
 Etot   =    -42438.8529  EKtot   =     10858.0713  EPtot      =    -53296.9242
 BOND   =       366.9955  ANGLE   =      1008.1921  DIHED      =      2169.0539
 1-4 NB =       463.7081  1-4 EEL =      6175.4458  VDWAALS    =      6341.1459
 EELEC  =    -69923.2417  EHBOND  =         0.0000  RESTRAINT  =       101.7762
 EAMBER (non-restraint)  =    -53398.7004
 EKCMT  =      4771.1548  VIRIAL  =      4267.2753  VOLUME     =    176284.2893
                                                    Density    =         1.0221
 ------------------------------------------------------------------------------


 NSTEP =    39500   TIME(PS) =    1019.000  TEMP(K) =   301.42  PRESS =    37.3
 Etot   =    -42371.6895  EKtot   =     10896.1064  EPtot      =    -53267.7959
 BOND   =       353.7584  ANGLE   =      1030.8431  DIHED      =      2157.4780
 1-4 NB =       456.5713  1-4 EEL =      6251.4646  VDWAALS    =      6344.7631
 EELEC  =    -69957.1386  EHBOND  =         0.0000  RESTRAINT  =        94.4641
 EAMBER (non-restraint)  =    -53362.2600
 EKCMT  =      4712.9259  VIRIAL  =      4571.1614  VOLUME     =    175915.0494
                                                    Density    =         1.0243
 ------------------------------------------------------------------------------


 NSTEP =    40000   TIME(PS) =    1020.000  TEMP(K) =   301.72  PRESS =   -37.7
 Etot   =    -42609.2829  EKtot   =     10906.9336  EPtot      =    -53516.2165
 BOND   =       338.9595  ANGLE   =       968.6439  DIHED      =      2187.1451
 1-4 NB =       445.7862  1-4 EEL =      6238.5659  VDWAALS    =      6295.9979
 EELEC  =    -70101.8180  EHBOND  =         0.0000  RESTRAINT  =       110.5031
 EAMBER (non-restraint)  =    -53626.7196
 EKCMT  =      4720.0832  VIRIAL  =      4863.0737  VOLUME     =    175809.2482
                                                    Density    =         1.0249
 ------------------------------------------------------------------------------


 NSTEP =    40500   TIME(PS) =    1021.000  TEMP(K) =   299.54  PRESS =  -170.5
 Etot   =    -42452.3874  EKtot   =     10827.9219  EPtot      =    -53280.3093
 BOND   =       361.2877  ANGLE   =      1030.0237  DIHED      =      2176.0718
 1-4 NB =       445.8085  1-4 EEL =      6216.4662  VDWAALS    =      6246.0958
 EELEC  =    -69865.3530  EHBOND  =         0.0000  RESTRAINT  =       109.2901
 EAMBER (non-restraint)  =    -53389.5994
 EKCMT  =      4684.1005  VIRIAL  =      5330.4751  VOLUME     =    175578.1887
                                                    Density    =         1.0262
 ------------------------------------------------------------------------------


 NSTEP =    41000   TIME(PS) =    1022.000  TEMP(K) =   299.70  PRESS =   313.2
 Etot   =    -42381.5548  EKtot   =     10833.8008  EPtot      =    -53215.3555
 BOND   =       356.1671  ANGLE   =      1025.7570  DIHED      =      2165.3193
 1-4 NB =       464.4671  1-4 EEL =      6217.4265  VDWAALS    =      6457.8657
 EELEC  =    -70009.3561  EHBOND  =         0.0000  RESTRAINT  =       106.9977
 EAMBER (non-restraint)  =    -53322.3533
 EKCMT  =      4715.1194  VIRIAL  =      3526.1429  VOLUME     =    175840.6716
                                                    Density    =         1.0247
 ------------------------------------------------------------------------------


 NSTEP =    41500   TIME(PS) =    1023.000  TEMP(K) =   302.78  PRESS =   -78.2
 Etot   =    -42153.6969  EKtot   =     10945.2441  EPtot      =    -53098.9411
 BOND   =       363.1033  ANGLE   =      1015.9341  DIHED      =      2189.0382
 1-4 NB =       445.6293  1-4 EEL =      6245.4072  VDWAALS    =      6308.2658
 EELEC  =    -69763.4989  EHBOND  =         0.0000  RESTRAINT  =        97.1799
 EAMBER (non-restraint)  =    -53196.1209
 EKCMT  =      4746.1498  VIRIAL  =      5043.8463  VOLUME     =    176231.9011
                                                    Density    =         1.0224
 ------------------------------------------------------------------------------


 NSTEP =    42000   TIME(PS) =    1024.000  TEMP(K) =   299.00  PRESS =    49.4
 Etot   =    -42551.6874  EKtot   =     10808.5967  EPtot      =    -53360.2840
 BOND   =       344.3478  ANGLE   =      1000.7656  DIHED      =      2168.4081
 1-4 NB =       442.7252  1-4 EEL =      6190.9759  VDWAALS    =      6240.1990
 EELEC  =    -69845.6932  EHBOND  =         0.0000  RESTRAINT  =        97.9877
 EAMBER (non-restraint)  =    -53458.2717
 EKCMT  =      4680.1398  VIRIAL  =      4492.2895  VOLUME     =    176041.6464
                                                    Density    =         1.0235
 ------------------------------------------------------------------------------


 NSTEP =    42500   TIME(PS) =    1025.000  TEMP(K) =   303.62  PRESS =    66.6
 Etot   =    -42206.2583  EKtot   =     10975.5723  EPtot      =    -53181.8305
 BOND   =       347.5823  ANGLE   =       942.4948  DIHED      =      2186.9289
 1-4 NB =       460.9159  1-4 EEL =      6196.6310  VDWAALS    =      6267.1671
 EELEC  =    -69684.4472  EHBOND  =         0.0000  RESTRAINT  =       100.8967
 EAMBER (non-restraint)  =    -53282.7273
 EKCMT  =      4750.3971  VIRIAL  =      4497.2026  VOLUME     =    176095.9974
                                                    Density    =         1.0232
 ------------------------------------------------------------------------------


 NSTEP =    43000   TIME(PS) =    1026.000  TEMP(K) =   301.58  PRESS =  -354.8
 Etot   =    -42257.3812  EKtot   =     10901.9834  EPtot      =    -53159.3646
 BOND   =       356.0967  ANGLE   =       966.2671  DIHED      =      2158.7755
 1-4 NB =       460.5089  1-4 EEL =      6222.6066  VDWAALS    =      6109.6651
 EELEC  =    -69519.6166  EHBOND  =         0.0000  RESTRAINT  =        86.3321
 EAMBER (non-restraint)  =    -53245.6967
 EKCMT  =      4726.2753  VIRIAL  =      6075.2962  VOLUME     =    176093.6745
                                                    Density    =         1.0232
 ------------------------------------------------------------------------------


 NSTEP =    43500   TIME(PS) =    1027.000  TEMP(K) =   298.69  PRESS =   193.1
 Etot   =    -42397.9621  EKtot   =     10797.2490  EPtot      =    -53195.2111
 BOND   =       360.7070  ANGLE   =       978.2409  DIHED      =      2153.8874
 1-4 NB =       452.0683  1-4 EEL =      6223.8317  VDWAALS    =      6476.9357
 EELEC  =    -69941.7461  EHBOND  =         0.0000  RESTRAINT  =       100.8640
 EAMBER (non-restraint)  =    -53296.0752
 EKCMT  =      4743.2575  VIRIAL  =      4008.9689  VOLUME     =    176086.2257
                                                    Density    =         1.0233
 ------------------------------------------------------------------------------


 NSTEP =    44000   TIME(PS) =    1028.000  TEMP(K) =   297.73  PRESS =  -160.9
 Etot   =    -42594.0841  EKtot   =     10762.5459  EPtot      =    -53356.6300
 BOND   =       352.9044  ANGLE   =      1014.8635  DIHED      =      2161.3090
 1-4 NB =       450.6381  1-4 EEL =      6233.8478  VDWAALS    =      6189.5122
 EELEC  =    -69854.5923  EHBOND  =         0.0000  RESTRAINT  =        94.8873
 EAMBER (non-restraint)  =    -53451.5173
 EKCMT  =      4758.0370  VIRIAL  =      5369.6166  VOLUME     =    176068.9728
                                                    Density    =         1.0234
 ------------------------------------------------------------------------------


 NSTEP =    44500   TIME(PS) =    1029.000  TEMP(K) =   294.36  PRESS =  -143.1
 Etot   =    -42533.5502  EKtot   =     10640.8301  EPtot      =    -53174.3803
 BOND   =       342.5023  ANGLE   =      1018.7786  DIHED      =      2159.2105
 1-4 NB =       455.3203  1-4 EEL =      6263.5170  VDWAALS    =      6378.2210
 EELEC  =    -69897.4232  EHBOND  =         0.0000  RESTRAINT  =       105.4933
 EAMBER (non-restraint)  =    -53279.8736
 EKCMT  =      4653.4807  VIRIAL  =      5196.9631  VOLUME     =    175914.7960
                                                    Density    =         1.0243
 ------------------------------------------------------------------------------


 NSTEP =    45000   TIME(PS) =    1030.000  TEMP(K) =   298.84  PRESS =   -58.6
 Etot   =    -42554.5062  EKtot   =     10802.7568  EPtot      =    -53357.2631
 BOND   =       359.8267  ANGLE   =       956.0837  DIHED      =      2195.9321
 1-4 NB =       438.1359  1-4 EEL =      6194.9163  VDWAALS    =      6254.0982
 EELEC  =    -69847.8396  EHBOND  =         0.0000  RESTRAINT  =        91.5837
 EAMBER (non-restraint)  =    -53448.8468
 EKCMT  =      4693.5791  VIRIAL  =      4915.9029  VOLUME     =    175635.5946
                                                    Density    =         1.0259
 ------------------------------------------------------------------------------


 NSTEP =    45500   TIME(PS) =    1031.000  TEMP(K) =   303.05  PRESS =     2.8
 Etot   =    -42270.0119  EKtot   =     10954.8350  EPtot      =    -53224.8469
 BOND   =       363.9466  ANGLE   =       970.4977  DIHED      =      2179.0444
 1-4 NB =       457.0309  1-4 EEL =      6211.9279  VDWAALS    =      6277.6014
 EELEC  =    -69773.9855  EHBOND  =         0.0000  RESTRAINT  =        89.0896
 EAMBER (non-restraint)  =    -53313.9365
 EKCMT  =      4707.4841  VIRIAL  =      4696.9562  VOLUME     =    175852.6662
                                                    Density    =         1.0246
 ------------------------------------------------------------------------------


 NSTEP =    46000   TIME(PS) =    1032.000  TEMP(K) =   297.12  PRESS =   -87.2
 Etot   =    -42637.2184  EKtot   =     10740.5371  EPtot      =    -53377.7555
 BOND   =       330.7454  ANGLE   =      1043.7246  DIHED      =      2172.5451
 1-4 NB =       442.8242  1-4 EEL =      6179.0057  VDWAALS    =      6192.9954
 EELEC  =    -69826.2744  EHBOND  =         0.0000  RESTRAINT  =        86.6785
 EAMBER (non-restraint)  =    -53464.4339
 EKCMT  =      4634.6299  VIRIAL  =      4965.1751  VOLUME     =    175660.7684
                                                    Density    =         1.0258
 ------------------------------------------------------------------------------


 NSTEP =    46500   TIME(PS) =    1033.000  TEMP(K) =   300.29  PRESS =    76.2
 Etot   =    -42417.6983  EKtot   =     10855.1465  EPtot      =    -53272.8448
 BOND   =       350.1751  ANGLE   =      1023.6298  DIHED      =      2179.1450
 1-4 NB =       453.6822  1-4 EEL =      6215.0166  VDWAALS    =      6433.4083
 EELEC  =    -70032.3761  EHBOND  =         0.0000  RESTRAINT  =       104.4744
 EAMBER (non-restraint)  =    -53377.3192
 EKCMT  =      4736.9693  VIRIAL  =      4447.3296  VOLUME     =    176008.0652
                                                    Density    =         1.0237
 ------------------------------------------------------------------------------


 NSTEP =    47000   TIME(PS) =    1034.000  TEMP(K) =   297.58  PRESS =  -418.6
 Etot   =    -42674.2204  EKtot   =     10757.2256  EPtot      =    -53431.4460
 BOND   =       328.7815  ANGLE   =       936.5321  DIHED      =      2169.7398
 1-4 NB =       461.6644  1-4 EEL =      6208.4673  VDWAALS    =      6120.3282
 EELEC  =    -69763.6436  EHBOND  =         0.0000  RESTRAINT  =       106.6844
 EAMBER (non-restraint)  =    -53538.1304
 EKCMT  =      4676.8103  VIRIAL  =      6264.2368  VOLUME     =    175646.8456
                                                    Density    =         1.0258
 ------------------------------------------------------------------------------


 NSTEP =    47500   TIME(PS) =    1035.000  TEMP(K) =   302.18  PRESS =  -230.6
 Etot   =    -42496.4084  EKtot   =     10923.4600  EPtot      =    -53419.8684
 BOND   =       359.8060  ANGLE   =       989.1004  DIHED      =      2178.4074
 1-4 NB =       428.2799  1-4 EEL =      6203.2513  VDWAALS    =      6300.1729
 EELEC  =    -69971.1029  EHBOND  =         0.0000  RESTRAINT  =        92.2166
 EAMBER (non-restraint)  =    -53512.0849
 EKCMT  =      4733.8372  VIRIAL  =      5609.5069  VOLUME     =    175894.7791
                                                    Density    =         1.0244
 ------------------------------------------------------------------------------


 NSTEP =    48000   TIME(PS) =    1036.000  TEMP(K) =   301.70  PRESS =   290.0
 Etot   =    -42390.7302  EKtot   =     10906.0928  EPtot      =    -53296.8230
 BOND   =       339.8344  ANGLE   =       995.5197  DIHED      =      2180.7152
 1-4 NB =       458.4903  1-4 EEL =      6169.0758  VDWAALS    =      6381.5673
 EELEC  =    -69920.6106  EHBOND  =         0.0000  RESTRAINT  =        98.5849
 EAMBER (non-restraint)  =    -53395.4079
 EKCMT  =      4730.0524  VIRIAL  =      3627.0692  VOLUME     =    176126.6516
                                                    Density    =         1.0230
 ------------------------------------------------------------------------------


 NSTEP =    48500   TIME(PS) =    1037.000  TEMP(K) =   299.84  PRESS =    31.8
 Etot   =    -42394.4449  EKtot   =     10839.0303  EPtot      =    -53233.4752
 BOND   =       392.5801  ANGLE   =       980.3891  DIHED      =      2154.4954
 1-4 NB =       437.3493  1-4 EEL =      6186.9174  VDWAALS    =      6321.6540
 EELEC  =    -69809.3690  EHBOND  =         0.0000  RESTRAINT  =       102.5084
 EAMBER (non-restraint)  =    -53335.9836
 EKCMT  =      4792.2488  VIRIAL  =      4671.1117  VOLUME     =    176341.1850
                                                    Density    =         1.0218
 ------------------------------------------------------------------------------


 NSTEP =    49000   TIME(PS) =    1038.000  TEMP(K) =   303.08  PRESS =    12.6
 Etot   =    -42401.2985  EKtot   =     10955.9844  EPtot      =    -53357.2829
 BOND   =       347.1600  ANGLE   =       986.0709  DIHED      =      2151.3073
 1-4 NB =       448.2885  1-4 EEL =      6220.4617  VDWAALS    =      6361.2879
 EELEC  =    -69965.7023  EHBOND  =         0.0000  RESTRAINT  =        93.8431
 EAMBER (non-restraint)  =    -53451.1260
 EKCMT  =      4764.3518  VIRIAL  =      4716.4891  VOLUME     =    176418.6906
                                                    Density    =         1.0213
 ------------------------------------------------------------------------------


 NSTEP =    49500   TIME(PS) =    1039.000  TEMP(K) =   301.46  PRESS =  -234.9
 Etot   =    -42424.7459  EKtot   =     10897.6289  EPtot      =    -53322.3748
 BOND   =       352.2791  ANGLE   =       999.6412  DIHED      =      2161.0072
 1-4 NB =       450.5358  1-4 EEL =      6185.0139  VDWAALS    =      6273.3266
 EELEC  =    -69847.0313  EHBOND  =         0.0000  RESTRAINT  =       102.8526
 EAMBER (non-restraint)  =    -53425.2274
 EKCMT  =      4726.6586  VIRIAL  =      5618.7211  VOLUME     =    175855.1790
                                                    Density    =         1.0246
 ------------------------------------------------------------------------------


 NSTEP =    50000   TIME(PS) =    1040.000  TEMP(K) =   299.15  PRESS =   111.1
 Etot   =    -42455.4780  EKtot   =     10813.8936  EPtot      =    -53269.3716
 BOND   =       344.1238  ANGLE   =      1038.7463  DIHED      =      2158.0868
 1-4 NB =       446.8605  1-4 EEL =      6197.8002  VDWAALS    =      6382.4474
 EELEC  =    -69943.2932  EHBOND  =         0.0000  RESTRAINT  =       105.8566
 EAMBER (non-restraint)  =    -53375.2282
 EKCMT  =      4749.6612  VIRIAL  =      4327.4224  VOLUME     =    175945.8970
                                                    Density    =         1.0241
 ------------------------------------------------------------------------------


      A V E R A G E S   O V E R     100 S T E P S


 NSTEP =    50000   TIME(PS) =    1040.000  TEMP(K) =   300.24  PRESS =    -1.2
 Etot   =    -42407.1698  EKtot   =     10853.4330  EPtot      =    -53260.6028
 BOND   =       350.3735  ANGLE   =       997.8053  DIHED      =      2169.2050
 1-4 NB =       449.8903  1-4 EEL =      6202.5358  VDWAALS    =      6312.7934
 EELEC  =    -69843.4778  EHBOND  =         0.0000  RESTRAINT  =       100.2716
 EAMBER (non-restraint)  =    -53360.8744
 EKCMT  =      4717.7346  VIRIAL  =      4721.9966  VOLUME     =    176137.4587
                                                    Density    =         1.0230
 ------------------------------------------------------------------------------


      R M S  F L U C T U A T I O N S


 NSTEP =    50000   TIME(PS) =    1040.000  TEMP(K) =     2.04  PRESS =   173.0
 Etot   =       133.8032  EKtot   =        73.8595  EPtot      =       116.3533
 BOND   =        15.1526  ANGLE   =        26.0627  DIHED      =        11.4767
 1-4 NB =         8.4047  1-4 EEL =        22.4573  VDWAALS    =        97.8182
 EELEC  =       152.7353  EHBOND  =         0.0000  RESTRAINT  =         6.3814
 EAMBER (non-restraint)  =       109.9719
 EKCMT  =        44.6907  VIRIAL  =       652.7709  VOLUME     =       363.7214
                                                    Density    =         0.0021
 ------------------------------------------------------------------------------

--------------------------------------------------------------------------------
   5.  TIMINGS
--------------------------------------------------------------------------------

|  NonSetup CPU Time in Major Routines:
|
|     Routine           Sec        %
|     ------------------------------
|     Nonbond          91.04   87.46
|     Bond              0.00    0.00
|     Angle             0.00    0.00
|     Dihedral          0.00    0.00
|     Shake             0.29    0.28
|     RunMD            12.69   12.19
|     Other             0.07    0.07
|     ------------------------------
|     Total           104.09

|  PME Nonbond Pairlist CPU Time:
|
|     Routine              Sec        %
|     ---------------------------------
|     Set Up Cit           0.00    0.00
|     Build List           0.00    0.00
|     ---------------------------------
|     Total                0.00    0.00

|  PME Direct Force CPU Time:
|
|     Routine              Sec        %
|     ---------------------------------
|     NonBonded Calc       0.00    0.00
|     Exclude Masked       0.00    0.00
|     Other                0.03    0.03
|     ---------------------------------
|     Total                0.03    0.03

|  PME Reciprocal Force CPU Time:
|
|     Routine              Sec        %
|     ---------------------------------
|     1D bspline           0.00    0.00
|     Grid Charges         0.00    0.00
|     Scalar Sum           0.00    0.00
|     Gradient Sum         0.00    0.00
|     FFT                  0.00    0.00
|     ---------------------------------
|     Total                0.00    0.00

|  Final Performance Info:
|     -----------------------------------------------------
|     Average timings for last   20500 steps:
|     Elapsed(s) =      42.67 Per Step(ms) =       2.08
|         ns/day =      83.01   seconds/ns =    1040.83
|
|     Average timings for all steps:
|     Elapsed(s) =     104.09 Per Step(ms) =       2.08
|         ns/day =      83.00   seconds/ns =    1040.91
|     -----------------------------------------------------

|  Setup CPU time:            0.48 seconds
|  NonSetup CPU time:       104.09 seconds
|  Total CPU time:          104.57 seconds     0.03 hours

|  Setup wall time:           0    seconds
|  NonSetup wall time:      104    seconds
|  Total wall time:         104    seconds     0.03 hours
