
          -------------------------------------------------------
          Amber 16 PMEMD                              2016
          -------------------------------------------------------

| PMEMD implementation of SANDER, Release 16

| Run on 07/04/2017 at 00:58:52

|   Executable path: pmemd.cuda
| Working directory: /home/german/obp/run/mu_eol/mhe/e
|          Hostname: Unknown
  [-O]verwriting output

File Assignments:
|   MDIN: 16equ.in                                                              
|  MDOUT: 16equ.out                                                             
| INPCRD: 15emu_eol.rst7                                                        
|   PARM: /home/german/obp/top_files/mu_eol.prmtop                              
| RESTRT: 16emu_eol.rst7                                                        
|   REFC: 15emu_eol.rst7                                                        
|  MDVEL: mdvel                                                                 
|   MDEN: mden                                                                  
|  MDCRD: 16emu_eol.nc                                                          
| MDINFO: mdinfo                                                                
|  MDFRC: mdfrc                                                                 


 Here is the input file:

Equilibration with solute restrictions                                         
&cntrl                                                                         
imin = 0,                           ! No Minimization                          
nmropt = 0,                         ! No NMR restraints read                   
                                                                               
! Nature and format of the input                                               
ntx = 5,                            ! Coordinates but no velocities will be rea
irest = 1,                          ! Do not run a new simulation              
                                                                               
! Nature and format of the output                                              
ntxo = 1,                           ! rstrt file in ASCII format               
ntpr = 500,                         ! inf in output every ntpr steps           
ntwr = 500,                         ! rstrt file every ntwr steps              
ntwx = 500,                         ! mdcrd file every ntwx steps              
ntwv = 0,                           ! mdvel without velocities                 
ntwe = 0,                           ! Energies and temperatures not written in 
idecomp = 0,                        ! No energy decomposition                  
iwrap = 1,                          ! Coordinates of the restart and mdcrd file
                                                                               
! Frozen or restrained atoms                                                   
ibelly = 0,                         ! No frozen atoms                          
ntr=1,                              ! Harmonic potential restraints            
restraint_wt = 1.5,                ! The weight for the positional restraints  
restraintmask = ':1-120@N,CA,C,O',  ! restrained residues                      
                                                                               
! Molecular dynamics                                                           
nstlim = 50000,                     ! Number of MD-steps                       
dt = 0.002,                         ! Time step                                
                                                                               
! Temperature regulation                                                       
ntt = 3,                            ! Langevin thermostat                      
gamma_ln = 5,                       ! Gamma constant for Langevin              
!temp0 = 300.0,                     ! Reference T at which the system is to be 
tempi = 300.0,                      ! Initial T                                
ig = -1,                            ! Seed for the RNG                         
                                                                               
! P and V regulation                                                           
ntp = 1,                            ! Constant P. Isotropic scaling            
barostat = 1,                       ! Berendsen barostat                       
taup = 1,                           ! Pressure relaxation time                 
nrespa = 1,                         ! Evaluate at each step                    
ntb = 2,                            ! Periodic box for constant P              
                                                                               
! SHAKE variables                                                              
ntc = 2,                            ! Bonds involving H are constrained        
ntf = 2,                            ! Bond interaction involving H are ommited.
                                                                               
cut = 10.0,                         ! Nonbonded cutoff                         
/                                                                              
&end                                                                           


Note: ig = -1. Setting random seed to   673649 based on wallclock time in 
      microseconds.
 
|--------------------- INFORMATION ----------------------
| GPU (CUDA) Version of PMEMD in use: NVIDIA GPU IN USE.
|                    Version 16.0.0
| 
|                      02/25/2016
| 
| Implementation by:
|                    Ross C. Walker     (SDSC)
|                    Scott Le Grand     (nVIDIA)
| 
| Precision model in use:
|      [SPFP] - Single Precision Forces, 64-bit Fixed Point
|               Accumulation. (Default)
| 
|--------------------------------------------------------
 
|----------------- CITATION INFORMATION -----------------
|
|    When publishing work that utilized the CUDA version
|    of AMBER, please cite the following in addition to
|    the regular AMBER citations:
|
|  - Romelia Salomon-Ferrer; Andreas W. Goetz; Duncan
|    Poole; Scott Le Grand; Ross C. Walker "Routine
|    microsecond molecular dynamics simulations with
|    AMBER - Part II: Particle Mesh Ewald", J. Chem.
|    Theory Comput., 2013, 9 (9), pp3878-3888,
|    DOI: 10.1021/ct400314y.
|
|  - Andreas W. Goetz; Mark J. Williamson; Dong Xu;
|    Duncan Poole; Scott Le Grand; Ross C. Walker
|    "Routine microsecond molecular dynamics simulations
|    with AMBER - Part I: Generalized Born", J. Chem.
|    Theory Comput., 2012, 8 (5), pp1542-1555.
|
|  - Scott Le Grand; Andreas W. Goetz; Ross C. Walker
|    "SPFP: Speed without compromise - a mixed precision
|    model for GPU accelerated molecular dynamics
|    simulations.", Comp. Phys. Comm., 2013, 184
|    pp374-380, DOI: 10.1016/j.cpc.2012.09.022
|
|--------------------------------------------------------
 
|------------------- GPU DEVICE INFO --------------------
|
|            CUDA_VISIBLE_DEVICES: 1
|   CUDA Capable Devices Detected:      1
|           CUDA Device ID in use:      0
|                CUDA Device Name: GeForce GTX 1060 6GB
|     CUDA Device Global Mem Size:   6072 MB
| CUDA Device Num Multiprocessors:     10
|           CUDA Device Core Freq:   1.76 GHz
|
|--------------------------------------------------------
 
 
| Conditional Compilation Defines Used:
| PUBFFT
| BINTRAJ
| CUDA
| EMIL

| Largest sphere to fit in unit cell has radius =    26.729

| New format PARM file being parsed.
| Version =    1.000 Date = 02/20/15 Time = 17:35:03

| Note: 1-4 EEL scale factors are being read from the topology file.

| Note: 1-4 VDW scale factors are being read from the topology file.
| Duplicated    0 dihedrals

| Duplicated    0 dihedrals

--------------------------------------------------------------------------------
   1.  RESOURCE   USE: 
--------------------------------------------------------------------------------

 getting new box info from bottom of inpcrd
 NATOM  =   18178 NTYPES =      18 NBONH =   17227 MBONA  =     955
 NTHETH =    2228 MTHETA =    1282 NPHIH =    4328 MPHIA  =    4367
 NHPARM =       0 NPARM  =       0 NNB   =   32287 NRES   =    5542
 NBONA  =     955 NTHETA =    1282 NPHIA =    4367 NUMBND =      72
 NUMANG =     151 NPTRA  =     245 NATYP =      42 NPHB   =       1
 IFBOX  =       1 NMXRS  =      24 IFCAP =       0 NEXTRA =       0
 NCOPY  =       0

| Coordinate Index Table dimensions:    10   11    9
| Direct force subcell size =     5.5308    5.5857    5.9397

     BOX TYPE: RECTILINEAR

--------------------------------------------------------------------------------
   2.  CONTROL  DATA  FOR  THE  RUN
--------------------------------------------------------------------------------

default_name                                                                    

General flags:
     imin    =       0, nmropt  =       0

Nature and format of input:
     ntx     =       5, irest   =       1, ntrx    =       1

Nature and format of output:
     ntxo    =       1, ntpr    =     500, ntrx    =       1, ntwr    =     500
     iwrap   =       1, ntwx    =     500, ntwv    =       0, ntwe    =       0
     ioutfm  =       1, ntwprt  =       0, idecomp =       0, rbornstat=      0

Potential function:
     ntf     =       2, ntb     =       2, igb     =       0, nsnb    =      25
     ipol    =       0, gbsa    =       0, iesp    =       0
     dielc   =   1.00000, cut     =  10.00000, intdiel =   1.00000

Frozen or restrained atoms:
     ibelly  =       0, ntr     =       1
     restraint_wt =   1.50000

Molecular dynamics:
     nstlim  =     50000, nscm    =         0, nrespa  =         1
     t       =   0.00000, dt      =   0.00200, vlimit  =  -1.00000

Langevin dynamics temperature regulation:
     ig      =  673649
     temp0   = 300.00000, tempi   = 300.00000, gamma_ln=   5.00000

Pressure regulation:
     ntp     =       1
     pres0   =   1.00000, comp    =  44.60000, taup    =   1.00000

SHAKE:
     ntc     =       2, jfastw  =       0
     tol     =   0.00001

| Intermolecular bonds treatment:
|     no_intermolecular_bonds =       1

| Energy averages sample interval:
|     ene_avg_sampling =     500

Ewald parameters:
     verbose =       0, ew_type =       0, nbflag  =       1, use_pme =       1
     vdwmeth =       1, eedmeth =       1, netfrc  =       1
     Box X =   55.308   Box Y =   61.442   Box Z =   53.458
     Alpha =   90.000   Beta  =   90.000   Gamma =   90.000
     NFFT1 =   56       NFFT2 =   64       NFFT3 =   56
     Cutoff=   10.000   Tol   =0.100E-04
     Ewald Coefficient =  0.27511
     Interpolation order =    4

    LOADING THE CONSTRAINED ATOMS AS GROUPS


   5.  REFERENCE ATOM COORDINATES

  default_name                                                                    
     Mask :1-120@N,CA,C,O; matches   476 atoms

--------------------------------------------------------------------------------
   3.  ATOMIC COORDINATES AND VELOCITIES
--------------------------------------------------------------------------------

default_name                                                                    
 begin time read from input coords =  1573.000 ps

 
 Number of triangulated 3-point waters found:     5419

     Sum of charges from parm topology file =  -0.00000006
     Forcing neutrality...

| Dynamic Memory, Types Used:
| Reals              919375
| Integers           639592

| Nonbonded Pairs Initial Allocation:     5498390

| GPU memory information (estimate):
| KB of GPU memory in use:    116285
| KB of CPU memory in use:     23861

--------------------------------------------------------------------------------
   4.  RESULTS
--------------------------------------------------------------------------------

 ---------------------------------------------------
 APPROXIMATING switch and d/dx switch using CUBIC SPLINE INTERPOLATION
 using   5000.0 points per unit in tabled values
 TESTING RELATIVE ERROR over r ranging from 0.0 to cutoff
| CHECK switch(x): max rel err =   0.2738E-14   at   2.422500
| CHECK d/dx switch(x): max rel err =   0.8314E-11   at   2.736960
 ---------------------------------------------------
|---------------------------------------------------
| APPROXIMATING direct energy using CUBIC SPLINE INTERPOLATION
|  with   50.0 points per unit in tabled values
| Relative Error Limit not exceeded for r .gt.   2.33
| APPROXIMATING direct force using CUBIC SPLINE INTERPOLATION
|  with   50.0 points per unit in tabled values
| Relative Error Limit not exceeded for r .gt.   2.80
|---------------------------------------------------

 NSTEP =      500   TIME(PS) =    1574.000  TEMP(K) =   300.96  PRESS =    17.1
 Etot   =    -43653.2164  EKtot   =     11155.8555  EPtot      =    -54809.0719
 BOND   =       366.6103  ANGLE   =       986.4766  DIHED      =      2129.6882
 1-4 NB =       436.4673  1-4 EEL =      6199.8502  VDWAALS    =      6581.8256
 EELEC  =    -71564.1175  EHBOND  =         0.0000  RESTRAINT  =        54.1272
 EAMBER (non-restraint)  =    -54863.1991
 EKCMT  =      4931.1620  VIRIAL  =      4864.4648  VOLUME     =    180957.5365
                                                    Density    =         1.0216
 ------------------------------------------------------------------------------


 NSTEP =     1000   TIME(PS) =    1575.000  TEMP(K) =   301.19  PRESS =  -141.2
 Etot   =    -43572.1766  EKtot   =     11164.3652  EPtot      =    -54736.5418
 BOND   =       356.1574  ANGLE   =      1014.1470  DIHED      =      2112.7141
 1-4 NB =       443.6028  1-4 EEL =      6184.0651  VDWAALS    =      6621.9263
 EELEC  =    -71518.2144  EHBOND  =         0.0000  RESTRAINT  =        49.0599
 EAMBER (non-restraint)  =    -54785.6017
 EKCMT  =      4861.6657  VIRIAL  =      5412.5878  VOLUME     =    180695.8410
                                                    Density    =         1.0231
 ------------------------------------------------------------------------------


 NSTEP =     1500   TIME(PS) =    1576.000  TEMP(K) =   296.85  PRESS =   105.8
 Etot   =    -43841.8758  EKtot   =     11003.8213  EPtot      =    -54845.6971
 BOND   =       354.6948  ANGLE   =       982.0545  DIHED      =      2112.8391
 1-4 NB =       439.7885  1-4 EEL =      6218.1136  VDWAALS    =      6538.5445
 EELEC  =    -71543.8618  EHBOND  =         0.0000  RESTRAINT  =        52.1297
 EAMBER (non-restraint)  =    -54897.8268
 EKCMT  =      4831.5292  VIRIAL  =      4418.5179  VOLUME     =    180751.3432
                                                    Density    =         1.0228
 ------------------------------------------------------------------------------


 NSTEP =     2000   TIME(PS) =    1577.000  TEMP(K) =   301.12  PRESS =    88.3
 Etot   =    -43731.8876  EKtot   =     11161.8086  EPtot      =    -54893.6962
 BOND   =       361.5619  ANGLE   =       979.5380  DIHED      =      2136.9754
 1-4 NB =       442.2896  1-4 EEL =      6193.7136  VDWAALS    =      6552.2809
 EELEC  =    -71612.2305  EHBOND  =         0.0000  RESTRAINT  =        52.1748
 EAMBER (non-restraint)  =    -54945.8711
 EKCMT  =      4883.7621  VIRIAL  =      4538.7575  VOLUME     =    181001.0113
                                                    Density    =         1.0214
 ------------------------------------------------------------------------------


 NSTEP =     2500   TIME(PS) =    1578.000  TEMP(K) =   299.49  PRESS =   -44.4
 Etot   =    -43618.5996  EKtot   =     11101.5039  EPtot      =    -54720.1035
 BOND   =       362.4791  ANGLE   =       972.1000  DIHED      =      2117.1264
 1-4 NB =       460.0893  1-4 EEL =      6195.4360  VDWAALS    =      6612.3799
 EELEC  =    -71490.3955  EHBOND  =         0.0000  RESTRAINT  =        50.6813
 EAMBER (non-restraint)  =    -54770.7848
 EKCMT  =      4771.4205  VIRIAL  =      4945.1033  VOLUME     =    181019.1896
                                                    Density    =         1.0213
 ------------------------------------------------------------------------------


 NSTEP =     3000   TIME(PS) =    1579.000  TEMP(K) =   302.69  PRESS =   165.1
 Etot   =    -43639.7359  EKtot   =     11220.1758  EPtot      =    -54859.9117
 BOND   =       360.1702  ANGLE   =      1029.4727  DIHED      =      2102.3949
 1-4 NB =       429.7808  1-4 EEL =      6215.0487  VDWAALS    =      6549.7045
 EELEC  =    -71598.1658  EHBOND  =         0.0000  RESTRAINT  =        51.6822
 EAMBER (non-restraint)  =    -54911.5939
 EKCMT  =      4956.3940  VIRIAL  =      4313.6722  VOLUME     =    180333.1536
                                                    Density    =         1.0252
 ------------------------------------------------------------------------------


 NSTEP =     3500   TIME(PS) =    1580.000  TEMP(K) =   298.73  PRESS =   -79.2
 Etot   =    -43899.9358  EKtot   =     11073.3047  EPtot      =    -54973.2405
 BOND   =       346.2359  ANGLE   =       999.5905  DIHED      =      2101.5395
 1-4 NB =       451.4727  1-4 EEL =      6207.4605  VDWAALS    =      6549.8330
 EELEC  =    -71681.6093  EHBOND  =         0.0000  RESTRAINT  =        52.2369
 EAMBER (non-restraint)  =    -55025.4774
 EKCMT  =      4834.0331  VIRIAL  =      5142.6202  VOLUME     =    180554.5165
                                                    Density    =         1.0239
 ------------------------------------------------------------------------------


 NSTEP =     4000   TIME(PS) =    1581.000  TEMP(K) =   299.25  PRESS =   244.3
 Etot   =    -43729.4010  EKtot   =     11092.6494  EPtot      =    -54822.0504
 BOND   =       363.3099  ANGLE   =       978.9202  DIHED      =      2112.2378
 1-4 NB =       464.4312  1-4 EEL =      6207.8178  VDWAALS    =      6670.9533
 EELEC  =    -71676.5639  EHBOND  =         0.0000  RESTRAINT  =        56.8432
 EAMBER (non-restraint)  =    -54878.8936
 EKCMT  =      4830.6234  VIRIAL  =      3876.2437  VOLUME     =    180911.3785
                                                    Density    =         1.0219
 ------------------------------------------------------------------------------


 NSTEP =     4500   TIME(PS) =    1582.000  TEMP(K) =   300.26  PRESS =  -434.2
 Etot   =    -43531.7730  EKtot   =     11129.8936  EPtot      =    -54661.6665
 BOND   =       350.3175  ANGLE   =       974.2818  DIHED      =      2119.2895
 1-4 NB =       455.6389  1-4 EEL =      6242.1249  VDWAALS    =      6248.3794
 EELEC  =    -71104.3811  EHBOND  =         0.0000  RESTRAINT  =        52.6827
 EAMBER (non-restraint)  =    -54714.3492
 EKCMT  =      4875.0407  VIRIAL  =      6569.1171  VOLUME     =    180720.0584
                                                    Density    =         1.0230
 ------------------------------------------------------------------------------


 NSTEP =     5000   TIME(PS) =    1583.000  TEMP(K) =   296.27  PRESS =   140.2
 Etot   =    -43765.3023  EKtot   =     10982.2793  EPtot      =    -54747.5816
 BOND   =       358.1232  ANGLE   =       954.7632  DIHED      =      2115.6100
 1-4 NB =       445.3193  1-4 EEL =      6218.4675  VDWAALS    =      6527.4928
 EELEC  =    -71419.9200  EHBOND  =         0.0000  RESTRAINT  =        52.5623
 EAMBER (non-restraint)  =    -54800.1439
 EKCMT  =      4804.6003  VIRIAL  =      4258.3843  VOLUME     =    180390.2344
                                                    Density    =         1.0248
 ------------------------------------------------------------------------------


 NSTEP =     5500   TIME(PS) =    1584.000  TEMP(K) =   295.68  PRESS =   156.4
 Etot   =    -43924.7632  EKtot   =     10960.2188  EPtot      =    -54884.9820
 BOND   =       374.6369  ANGLE   =       983.0812  DIHED      =      2143.0777
 1-4 NB =       452.7204  1-4 EEL =      6250.3156  VDWAALS    =      6591.2255
 EELEC  =    -71726.0661  EHBOND  =         0.0000  RESTRAINT  =        46.0268
 EAMBER (non-restraint)  =    -54931.0087
 EKCMT  =      4823.7195  VIRIAL  =      4215.4651  VOLUME     =    180068.7892
                                                    Density    =         1.0267
 ------------------------------------------------------------------------------


 NSTEP =     6000   TIME(PS) =    1585.000  TEMP(K) =   303.20  PRESS =    40.7
 Etot   =    -43643.9541  EKtot   =     11238.9443  EPtot      =    -54882.8985
 BOND   =       358.5150  ANGLE   =       993.2612  DIHED      =      2117.6142
 1-4 NB =       455.8378  1-4 EEL =      6186.6269  VDWAALS    =      6603.6759
 EELEC  =    -71647.2551  EHBOND  =         0.0000  RESTRAINT  =        48.8256
 EAMBER (non-restraint)  =    -54931.7240
 EKCMT  =      4920.9013  VIRIAL  =      4762.2888  VOLUME     =    180504.8249
                                                    Density    =         1.0242
 ------------------------------------------------------------------------------


 NSTEP =     6500   TIME(PS) =    1586.000  TEMP(K) =   300.25  PRESS =    62.8
 Etot   =    -43465.8285  EKtot   =     11129.7021  EPtot      =    -54595.5307
 BOND   =       351.3822  ANGLE   =       984.7449  DIHED      =      2119.4901
 1-4 NB =       450.0316  1-4 EEL =      6235.6511  VDWAALS    =      6516.4016
 EELEC  =    -71306.5944  EHBOND  =         0.0000  RESTRAINT  =        53.3622
 EAMBER (non-restraint)  =    -54648.8929
 EKCMT  =      4884.2596  VIRIAL  =      4638.7291  VOLUME     =    181009.3213
                                                    Density    =         1.0213
 ------------------------------------------------------------------------------


 NSTEP =     7000   TIME(PS) =    1587.000  TEMP(K) =   300.55  PRESS =    98.3
 Etot   =    -43499.1002  EKtot   =     11140.7910  EPtot      =    -54639.8912
 BOND   =       380.0201  ANGLE   =       981.1948  DIHED      =      2142.1661
 1-4 NB =       446.2314  1-4 EEL =      6225.4540  VDWAALS    =      6564.1653
 EELEC  =    -71430.1444  EHBOND  =         0.0000  RESTRAINT  =        51.0214
 EAMBER (non-restraint)  =    -54690.9126
 EKCMT  =      4895.5261  VIRIAL  =      4512.2794  VOLUME     =    180565.1976
                                                    Density    =         1.0238
 ------------------------------------------------------------------------------


 NSTEP =     7500   TIME(PS) =    1588.000  TEMP(K) =   297.07  PRESS =   180.8
 Etot   =    -43774.6389  EKtot   =     11011.8037  EPtot      =    -54786.4426
 BOND   =       344.7326  ANGLE   =       983.9263  DIHED      =      2146.4517
 1-4 NB =       444.7671  1-4 EEL =      6216.8275  VDWAALS    =      6609.4481
 EELEC  =    -71588.2421  EHBOND  =         0.0000  RESTRAINT  =        55.6463
 EAMBER (non-restraint)  =    -54842.0889
 EKCMT  =      4815.0985  VIRIAL  =      4111.0462  VOLUME     =    180358.6352
                                                    Density    =         1.0250
 ------------------------------------------------------------------------------


 NSTEP =     8000   TIME(PS) =    1589.000  TEMP(K) =   299.21  PRESS =    95.9
 Etot   =    -43489.3122  EKtot   =     11091.2324  EPtot      =    -54580.5447
 BOND   =       365.1246  ANGLE   =      1017.7833  DIHED      =      2142.8282
 1-4 NB =       434.8691  1-4 EEL =      6226.8748  VDWAALS    =      6463.6779
 EELEC  =    -71283.9576  EHBOND  =         0.0000  RESTRAINT  =        52.2551
 EAMBER (non-restraint)  =    -54632.7998
 EKCMT  =      4878.0067  VIRIAL  =      4503.3595  VOLUME     =    180900.2752
                                                    Density    =         1.0219
 ------------------------------------------------------------------------------


 NSTEP =     8500   TIME(PS) =    1590.000  TEMP(K) =   297.83  PRESS =  -292.1
 Etot   =    -43763.9125  EKtot   =     11040.1582  EPtot      =    -54804.0707
 BOND   =       360.4006  ANGLE   =      1016.1649  DIHED      =      2149.1173
 1-4 NB =       437.5920  1-4 EEL =      6223.0952  VDWAALS    =      6419.8458
 EELEC  =    -71454.6856  EHBOND  =         0.0000  RESTRAINT  =        44.3991
 EAMBER (non-restraint)  =    -54848.4698
 EKCMT  =      4776.7150  VIRIAL  =      5918.1194  VOLUME     =    180989.8322
                                                    Density    =         1.0214
 ------------------------------------------------------------------------------


 NSTEP =     9000   TIME(PS) =    1591.000  TEMP(K) =   298.89  PRESS =    82.4
 Etot   =    -43710.9324  EKtot   =     11079.3223  EPtot      =    -54790.2546
 BOND   =       320.4019  ANGLE   =       969.5760  DIHED      =      2134.3336
 1-4 NB =       438.1990  1-4 EEL =      6228.4655  VDWAALS    =      6529.0688
 EELEC  =    -71458.9781  EHBOND  =         0.0000  RESTRAINT  =        48.6787
 EAMBER (non-restraint)  =    -54838.9333
 EKCMT  =      4935.7583  VIRIAL  =      4614.3331  VOLUME     =    180561.8916
                                                    Density    =         1.0239
 ------------------------------------------------------------------------------


 NSTEP =     9500   TIME(PS) =    1592.000  TEMP(K) =   301.67  PRESS =   -11.1
 Etot   =    -43416.7918  EKtot   =     11182.3047  EPtot      =    -54599.0965
 BOND   =       360.1877  ANGLE   =       996.1069  DIHED      =      2153.1889
 1-4 NB =       447.8891  1-4 EEL =      6240.5843  VDWAALS    =      6584.8096
 EELEC  =    -71435.1193  EHBOND  =         0.0000  RESTRAINT  =        53.2565
 EAMBER (non-restraint)  =    -54652.3530
 EKCMT  =      4844.8914  VIRIAL  =      4888.1970  VOLUME     =    180895.1141
                                                    Density    =         1.0220
 ------------------------------------------------------------------------------


 NSTEP =    10000   TIME(PS) =    1593.000  TEMP(K) =   297.29  PRESS =  -175.1
 Etot   =    -43792.6277  EKtot   =     11020.0977  EPtot      =    -54812.7253
 BOND   =       340.7252  ANGLE   =       981.7111  DIHED      =      2125.7602
 1-4 NB =       446.5812  1-4 EEL =      6215.4772  VDWAALS    =      6529.5866
 EELEC  =    -71503.4922  EHBOND  =         0.0000  RESTRAINT  =        50.9253
 EAMBER (non-restraint)  =    -54863.6507
 EKCMT  =      4806.8397  VIRIAL  =      5490.4376  VOLUME     =    180788.8805
                                                    Density    =         1.0226
 ------------------------------------------------------------------------------


 NSTEP =    10500   TIME(PS) =    1594.000  TEMP(K) =   298.93  PRESS =  -108.9
 Etot   =    -43958.3970  EKtot   =     11080.6924  EPtot      =    -55039.0893
 BOND   =       365.7203  ANGLE   =       971.6733  DIHED      =      2128.0084
 1-4 NB =       448.2177  1-4 EEL =      6185.1024  VDWAALS    =      6592.9656
 EELEC  =    -71785.7936  EHBOND  =         0.0000  RESTRAINT  =        55.0165
 EAMBER (non-restraint)  =    -55094.1058
 EKCMT  =      4890.9181  VIRIAL  =      5315.8918  VOLUME     =    180751.3690
                                                    Density    =         1.0228
 ------------------------------------------------------------------------------


 NSTEP =    11000   TIME(PS) =    1595.000  TEMP(K) =   300.49  PRESS =   154.4
 Etot   =    -43675.4102  EKtot   =     11138.6719  EPtot      =    -54814.0821
 BOND   =       331.5324  ANGLE   =       995.5787  DIHED      =      2143.4222
 1-4 NB =       454.6202  1-4 EEL =      6194.9952  VDWAALS    =      6648.6816
 EELEC  =    -71636.5435  EHBOND  =         0.0000  RESTRAINT  =        53.6313
 EAMBER (non-restraint)  =    -54867.7134
 EKCMT  =      4934.5975  VIRIAL  =      4331.7649  VOLUME     =    180801.0663
                                                    Density    =         1.0225
 ------------------------------------------------------------------------------


 NSTEP =    11500   TIME(PS) =    1596.000  TEMP(K) =   302.35  PRESS =   -80.3
 Etot   =    -43645.8771  EKtot   =     11207.4824  EPtot      =    -54853.3595
 BOND   =       371.9843  ANGLE   =       987.3559  DIHED      =      2135.2271
 1-4 NB =       443.1917  1-4 EEL =      6174.7451  VDWAALS    =      6489.1245
 EELEC  =    -71505.2693  EHBOND  =         0.0000  RESTRAINT  =        50.2814
 EAMBER (non-restraint)  =    -54903.6409
 EKCMT  =      4949.7353  VIRIAL  =      5262.8262  VOLUME     =    180487.0529
                                                    Density    =         1.0243
 ------------------------------------------------------------------------------


 NSTEP =    12000   TIME(PS) =    1597.000  TEMP(K) =   302.06  PRESS =    22.5
 Etot   =    -43599.2766  EKtot   =     11196.9238  EPtot      =    -54796.2004
 BOND   =       379.2577  ANGLE   =       992.1605  DIHED      =      2144.6285
 1-4 NB =       434.9756  1-4 EEL =      6183.3344  VDWAALS    =      6734.5404
 EELEC  =    -71713.4810  EHBOND  =         0.0000  RESTRAINT  =        48.3835
 EAMBER (non-restraint)  =    -54844.5839
 EKCMT  =      4914.4654  VIRIAL  =      4826.8720  VOLUME     =    180641.1756
                                                    Density    =         1.0234
 ------------------------------------------------------------------------------


 NSTEP =    12500   TIME(PS) =    1598.000  TEMP(K) =   300.95  PRESS =  -119.2
 Etot   =    -43704.4853  EKtot   =     11155.6191  EPtot      =    -54860.1044
 BOND   =       392.2035  ANGLE   =      1024.6561  DIHED      =      2145.6737
 1-4 NB =       454.2471  1-4 EEL =      6208.6932  VDWAALS    =      6665.8871
 EELEC  =    -71804.3469  EHBOND  =         0.0000  RESTRAINT  =        52.8818
 EAMBER (non-restraint)  =    -54912.9862
 EKCMT  =      4773.7760  VIRIAL  =      5238.8661  VOLUME     =    180729.9072
                                                    Density    =         1.0229
 ------------------------------------------------------------------------------


 NSTEP =    13000   TIME(PS) =    1599.000  TEMP(K) =   298.57  PRESS =   -58.3
 Etot   =    -43657.5321  EKtot   =     11067.3779  EPtot      =    -54724.9100
 BOND   =       335.2144  ANGLE   =       979.3340  DIHED      =      2137.5253
 1-4 NB =       461.1804  1-4 EEL =      6213.8168  VDWAALS    =      6587.9084
 EELEC  =    -71497.8039  EHBOND  =         0.0000  RESTRAINT  =        57.9145
 EAMBER (non-restraint)  =    -54782.8245
 EKCMT  =      4910.0322  VIRIAL  =      5137.5946  VOLUME     =    180900.9422
                                                    Density    =         1.0219
 ------------------------------------------------------------------------------


 NSTEP =    13500   TIME(PS) =    1600.000  TEMP(K) =   299.09  PRESS =  -113.4
 Etot   =    -43534.3810  EKtot   =     11086.7246  EPtot      =    -54621.1056
 BOND   =       353.5031  ANGLE   =      1034.6301  DIHED      =      2149.0550
 1-4 NB =       439.6983  1-4 EEL =      6226.8644  VDWAALS    =      6431.8788
 EELEC  =    -71310.2370  EHBOND  =         0.0000  RESTRAINT  =        53.5017
 EAMBER (non-restraint)  =    -54674.6073
 EKCMT  =      4905.6105  VIRIAL  =      5349.7909  VOLUME     =    181445.1745
                                                    Density    =         1.0189
 ------------------------------------------------------------------------------


 NSTEP =    14000   TIME(PS) =    1601.000  TEMP(K) =   295.32  PRESS =   123.4
 Etot   =    -43801.7489  EKtot   =     10947.0723  EPtot      =    -54748.8211
 BOND   =       347.6410  ANGLE   =       952.9934  DIHED      =      2119.6846
 1-4 NB =       464.2818  1-4 EEL =      6197.2684  VDWAALS    =      6470.9211
 EELEC  =    -71352.4674  EHBOND  =         0.0000  RESTRAINT  =        50.8561
 EAMBER (non-restraint)  =    -54799.6772
 EKCMT  =      4811.1347  VIRIAL  =      4327.8150  VOLUME     =    181434.5550
                                                    Density    =         1.0189
 ------------------------------------------------------------------------------


 NSTEP =    14500   TIME(PS) =    1602.000  TEMP(K) =   299.36  PRESS =  -110.1
 Etot   =    -43721.1334  EKtot   =     11096.5859  EPtot      =    -54817.7193
 BOND   =       370.9640  ANGLE   =       967.3706  DIHED      =      2134.1806
 1-4 NB =       437.8072  1-4 EEL =      6240.7720  VDWAALS    =      6569.7508
 EELEC  =    -71590.6162  EHBOND  =         0.0000  RESTRAINT  =        52.0517
 EAMBER (non-restraint)  =    -54869.7710
 EKCMT  =      4895.5303  VIRIAL  =      5326.7695  VOLUME     =    181368.4454
                                                    Density    =         1.0193
 ------------------------------------------------------------------------------


 NSTEP =    15000   TIME(PS) =    1603.000  TEMP(K) =   299.91  PRESS =     4.3
 Etot   =    -43670.9609  EKtot   =     11117.1680  EPtot      =    -54788.1289
 BOND   =       350.7730  ANGLE   =       986.3823  DIHED      =      2128.8735
 1-4 NB =       453.1737  1-4 EEL =      6227.0521  VDWAALS    =      6707.1081
 EELEC  =    -71695.7622  EHBOND  =         0.0000  RESTRAINT  =        54.2706
 EAMBER (non-restraint)  =    -54842.3995
 EKCMT  =      4847.7991  VIRIAL  =      4831.1012  VOLUME     =    181256.9866
                                                    Density    =         1.0199
 ------------------------------------------------------------------------------


 NSTEP =    15500   TIME(PS) =    1604.000  TEMP(K) =   298.89  PRESS =   126.3
 Etot   =    -43720.0574  EKtot   =     11079.1064  EPtot      =    -54799.1639
 BOND   =       355.1137  ANGLE   =       965.1242  DIHED      =      2135.7479
 1-4 NB =       451.0359  1-4 EEL =      6209.1151  VDWAALS    =      6585.8817
 EELEC  =    -71555.3822  EHBOND  =         0.0000  RESTRAINT  =        54.1998
 EAMBER (non-restraint)  =    -54853.3636
 EKCMT  =      4914.8269  VIRIAL  =      4420.9487  VOLUME     =    181087.7004
                                                    Density    =         1.0209
 ------------------------------------------------------------------------------


 NSTEP =    16000   TIME(PS) =    1605.000  TEMP(K) =   302.30  PRESS =   134.4
 Etot   =    -43540.1572  EKtot   =     11205.7109  EPtot      =    -54745.8681
 BOND   =       317.1282  ANGLE   =       993.4984  DIHED      =      2112.9301
 1-4 NB =       452.1145  1-4 EEL =      6216.2787  VDWAALS    =      6591.6029
 EELEC  =    -71480.1922  EHBOND  =         0.0000  RESTRAINT  =        50.7713
 EAMBER (non-restraint)  =    -54796.6394
 EKCMT  =      4910.2776  VIRIAL  =      4384.9230  VOLUME     =    180979.0903
                                                    Density    =         1.0215
 ------------------------------------------------------------------------------


 NSTEP =    16500   TIME(PS) =    1606.000  TEMP(K) =   300.95  PRESS =  -116.4
 Etot   =    -43305.8813  EKtot   =     11155.5469  EPtot      =    -54461.4281
 BOND   =       326.4209  ANGLE   =       957.4057  DIHED      =      2118.3533
 1-4 NB =       469.7038  1-4 EEL =      6276.7550  VDWAALS    =      6443.2048
 EELEC  =    -71113.2779  EHBOND  =         0.0000  RESTRAINT  =        60.0063
 EAMBER (non-restraint)  =    -54521.4345
 EKCMT  =      4878.3900  VIRIAL  =      5333.3271  VOLUME     =    181048.6334
                                                    Density    =         1.0211
 ------------------------------------------------------------------------------


 NSTEP =    17000   TIME(PS) =    1607.000  TEMP(K) =   296.69  PRESS =   -28.1
 Etot   =    -43617.3699  EKtot   =     10997.8467  EPtot      =    -54615.2165
 BOND   =       332.2863  ANGLE   =       978.1740  DIHED      =      2130.3929
 1-4 NB =       441.4830  1-4 EEL =      6233.8153  VDWAALS    =      6570.8944
 EELEC  =    -71347.6637  EHBOND  =         0.0000  RESTRAINT  =        45.4013
 EAMBER (non-restraint)  =    -54660.6178
 EKCMT  =      4770.9122  VIRIAL  =      4881.0153  VOLUME     =    181224.4044
                                                    Density    =         1.0201
 ------------------------------------------------------------------------------


 NSTEP =    17500   TIME(PS) =    1608.000  TEMP(K) =   305.98  PRESS =    89.2
 Etot   =    -43544.7868  EKtot   =     11342.1680  EPtot      =    -54886.9548
 BOND   =       332.8295  ANGLE   =       933.7069  DIHED      =      2129.4504
 1-4 NB =       453.4016  1-4 EEL =      6240.8018  VDWAALS    =      6564.7422
 EELEC  =    -71591.5859  EHBOND  =         0.0000  RESTRAINT  =        49.6987
 EAMBER (non-restraint)  =    -54936.6535
 EKCMT  =      4969.5284  VIRIAL  =      4620.1887  VOLUME     =    181368.4524
                                                    Density    =         1.0193
 ------------------------------------------------------------------------------


 NSTEP =    18000   TIME(PS) =    1609.000  TEMP(K) =   298.06  PRESS =    67.9
 Etot   =    -43741.2372  EKtot   =     11048.6865  EPtot      =    -54789.9237
 BOND   =       336.6274  ANGLE   =       955.8570  DIHED      =      2133.9574
 1-4 NB =       461.4324  1-4 EEL =      6231.5015  VDWAALS    =      6575.5295
 EELEC  =    -71539.9751  EHBOND  =         0.0000  RESTRAINT  =        55.1462
 EAMBER (non-restraint)  =    -54845.0699
 EKCMT  =      4834.6596  VIRIAL  =      4569.2645  VOLUME     =    180955.8225
                                                    Density    =         1.0216
 ------------------------------------------------------------------------------


 NSTEP =    18500   TIME(PS) =    1610.000  TEMP(K) =   296.41  PRESS =   162.9
 Etot   =    -43671.4137  EKtot   =     10987.4004  EPtot      =    -54658.8141
 BOND   =       364.6965  ANGLE   =       960.2309  DIHED      =      2141.8764
 1-4 NB =       447.7878  1-4 EEL =      6216.3949  VDWAALS    =      6675.0398
 EELEC  =    -71513.3590  EHBOND  =         0.0000  RESTRAINT  =        48.5186
 EAMBER (non-restraint)  =    -54707.3327
 EKCMT  =      4816.1885  VIRIAL  =      4179.2796  VOLUME     =    181063.5077
                                                    Density    =         1.0210
 ------------------------------------------------------------------------------


 NSTEP =    19000   TIME(PS) =    1611.000  TEMP(K) =   298.02  PRESS =   -63.0
 Etot   =    -43664.0472  EKtot   =     11047.0889  EPtot      =    -54711.1361
 BOND   =       346.6022  ANGLE   =       987.2031  DIHED      =      2122.4858
 1-4 NB =       445.3641  1-4 EEL =      6217.2345  VDWAALS    =      6552.2532
 EELEC  =    -71429.7913  EHBOND  =         0.0000  RESTRAINT  =        47.5123
 EAMBER (non-restraint)  =    -54758.6484
 EKCMT  =      4814.2821  VIRIAL  =      5060.7030  VOLUME     =    181144.7441
                                                    Density    =         1.0206
 ------------------------------------------------------------------------------


 NSTEP =    19500   TIME(PS) =    1612.000  TEMP(K) =   300.60  PRESS =  -223.5
 Etot   =    -43584.9959  EKtot   =     11142.6592  EPtot      =    -54727.6551
 BOND   =       344.5999  ANGLE   =      1003.9956  DIHED      =      2119.1120
 1-4 NB =       445.0179  1-4 EEL =      6215.9546  VDWAALS    =      6438.6112
 EELEC  =    -71344.6495  EHBOND  =         0.0000  RESTRAINT  =        49.7031
 EAMBER (non-restraint)  =    -54777.3582
 EKCMT  =      4805.6528  VIRIAL  =      5680.4228  VOLUME     =    181260.6021
                                                    Density    =         1.0199
 ------------------------------------------------------------------------------


 NSTEP =    20000   TIME(PS) =    1613.000  TEMP(K) =   303.57  PRESS =   204.9
 Etot   =    -43410.6074  EKtot   =     11252.7891  EPtot      =    -54663.3964
 BOND   =       318.5071  ANGLE   =      1016.3249  DIHED      =      2116.4504
 1-4 NB =       459.5301  1-4 EEL =      6192.8788  VDWAALS    =      6586.6990
 EELEC  =    -71404.3153  EHBOND  =         0.0000  RESTRAINT  =        50.5287
 EAMBER (non-restraint)  =    -54713.9251
 EKCMT  =      4919.9657  VIRIAL  =      4118.6757  VOLUME     =    181114.8736
                                                    Density    =         1.0207
 ------------------------------------------------------------------------------


 NSTEP =    20500   TIME(PS) =    1614.000  TEMP(K) =   301.10  PRESS =   252.3
 Etot   =    -43595.3008  EKtot   =     11161.2715  EPtot      =    -54756.5722
 BOND   =       344.2610  ANGLE   =       985.5315  DIHED      =      2114.0048
 1-4 NB =       456.4390  1-4 EEL =      6247.7174  VDWAALS    =      6694.8345
 EELEC  =    -71650.7775  EHBOND  =         0.0000  RESTRAINT  =        51.4171
 EAMBER (non-restraint)  =    -54807.9893
 EKCMT  =      4902.8487  VIRIAL  =      3913.7451  VOLUME     =    181540.0060
                                                    Density    =         1.0183
 ------------------------------------------------------------------------------


 NSTEP =    21000   TIME(PS) =    1615.000  TEMP(K) =   307.00  PRESS =   439.6
 Etot   =    -43235.8510  EKtot   =     11379.8799  EPtot      =    -54615.7309
 BOND   =       380.5851  ANGLE   =      1005.7624  DIHED      =      2132.6874
 1-4 NB =       443.1436  1-4 EEL =      6201.8194  VDWAALS    =      6622.6530
 EELEC  =    -71449.0504  EHBOND  =         0.0000  RESTRAINT  =        46.6686
 EAMBER (non-restraint)  =    -54662.3995
 EKCMT  =      4970.1280  VIRIAL  =      3246.8189  VOLUME     =    181559.3691
                                                    Density    =         1.0182
 ------------------------------------------------------------------------------


 NSTEP =    21500   TIME(PS) =    1616.000  TEMP(K) =   299.63  PRESS =   265.8
 Etot   =    -43607.8511  EKtot   =     11106.5820  EPtot      =    -54714.4332
 BOND   =       353.1813  ANGLE   =      1016.9026  DIHED      =      2121.7225
 1-4 NB =       451.4364  1-4 EEL =      6194.4255  VDWAALS    =      6656.5397
 EELEC  =    -71563.2690  EHBOND  =         0.0000  RESTRAINT  =        54.6278
 EAMBER (non-restraint)  =    -54769.0610
 EKCMT  =      4811.6224  VIRIAL  =      3772.0621  VOLUME     =    181149.3812
                                                    Density    =         1.0205
 ------------------------------------------------------------------------------


 NSTEP =    22000   TIME(PS) =    1617.000  TEMP(K) =   297.46  PRESS =     0.2
 Etot   =    -43767.2380  EKtot   =     11026.2783  EPtot      =    -54793.5163
 BOND   =       369.8374  ANGLE   =       947.1809  DIHED      =      2127.0617
 1-4 NB =       443.0603  1-4 EEL =      6225.7044  VDWAALS    =      6545.6732
 EELEC  =    -71497.7021  EHBOND  =         0.0000  RESTRAINT  =        45.6678
 EAMBER (non-restraint)  =    -54839.1841
 EKCMT  =      4862.2922  VIRIAL  =      4861.4776  VOLUME     =    181135.8593
                                                    Density    =         1.0206
 ------------------------------------------------------------------------------


 NSTEP =    22500   TIME(PS) =    1618.000  TEMP(K) =   299.93  PRESS =    85.3
 Etot   =    -43558.4223  EKtot   =     11117.9629  EPtot      =    -54676.3852
 BOND   =       373.0609  ANGLE   =       961.3751  DIHED      =      2145.3750
 1-4 NB =       436.2791  1-4 EEL =      6213.1613  VDWAALS    =      6744.2464
 EELEC  =    -71593.8500  EHBOND  =         0.0000  RESTRAINT  =        43.9669
 EAMBER (non-restraint)  =    -54720.3520
 EKCMT  =      4856.0630  VIRIAL  =      4521.4235  VOLUME     =    181615.7551
                                                    Density    =         1.0179
 ------------------------------------------------------------------------------


 NSTEP =    23000   TIME(PS) =    1619.000  TEMP(K) =   300.76  PRESS =   351.6
 Etot   =    -43625.4896  EKtot   =     11148.4482  EPtot      =    -54773.9379
 BOND   =       348.2156  ANGLE   =      1004.3949  DIHED      =      2125.0326
 1-4 NB =       446.3290  1-4 EEL =      6208.2143  VDWAALS    =      6815.6649
 EELEC  =    -71769.4916  EHBOND  =         0.0000  RESTRAINT  =        47.7024
 EAMBER (non-restraint)  =    -54821.6403
 EKCMT  =      4890.8630  VIRIAL  =      3513.4890  VOLUME     =    181459.6215
                                                    Density    =         1.0188
 ------------------------------------------------------------------------------


 NSTEP =    23500   TIME(PS) =    1620.000  TEMP(K) =   300.49  PRESS =  -417.9
 Etot   =    -43571.1543  EKtot   =     11138.4961  EPtot      =    -54709.6504
 BOND   =       336.9564  ANGLE   =       991.0611  DIHED      =      2132.0938
 1-4 NB =       452.9976  1-4 EEL =      6205.6353  VDWAALS    =      6365.9949
 EELEC  =    -71243.7841  EHBOND  =         0.0000  RESTRAINT  =        49.3948
 EAMBER (non-restraint)  =    -54759.0451
 EKCMT  =      4871.9360  VIRIAL  =      6510.6516  VOLUME     =    181630.6904
                                                    Density    =         1.0178
 ------------------------------------------------------------------------------


 NSTEP =    24000   TIME(PS) =    1621.000  TEMP(K) =   304.43  PRESS =  -114.6
 Etot   =    -43447.6584  EKtot   =     11284.6523  EPtot      =    -54732.3107
 BOND   =       378.8945  ANGLE   =       984.4027  DIHED      =      2099.2868
 1-4 NB =       437.1572  1-4 EEL =      6185.9390  VDWAALS    =      6525.4531
 EELEC  =    -71394.3700  EHBOND  =         0.0000  RESTRAINT  =        50.9260
 EAMBER (non-restraint)  =    -54783.2367
 EKCMT  =      4945.2724  VIRIAL  =      5395.2679  VOLUME     =    181858.6752
                                                    Density    =         1.0166
 ------------------------------------------------------------------------------


 NSTEP =    24500   TIME(PS) =    1622.000  TEMP(K) =   299.70  PRESS =   -23.6
 Etot   =    -43497.0093  EKtot   =     11109.1416  EPtot      =    -54606.1509
 BOND   =       333.8264  ANGLE   =       989.4548  DIHED      =      2118.7427
 1-4 NB =       448.1255  1-4 EEL =      6224.1573  VDWAALS    =      6520.9890
 EELEC  =    -71290.4776  EHBOND  =         0.0000  RESTRAINT  =        49.0309
 EAMBER (non-restraint)  =    -54655.1818
 EKCMT  =      4950.7971  VIRIAL  =      5043.2955  VOLUME     =    181697.9071
                                                    Density    =         1.0175
 ------------------------------------------------------------------------------


 NSTEP =    25000   TIME(PS) =    1623.000  TEMP(K) =   300.32  PRESS =  -121.5
 Etot   =    -43463.4266  EKtot   =     11132.1475  EPtot      =    -54595.5741
 BOND   =       370.2389  ANGLE   =       999.6973  DIHED      =      2144.1404
 1-4 NB =       441.7672  1-4 EEL =      6183.7467  VDWAALS    =      6476.0022
 EELEC  =    -71266.1759  EHBOND  =         0.0000  RESTRAINT  =        55.0091
 EAMBER (non-restraint)  =    -54650.5832
 EKCMT  =      4798.2559  VIRIAL  =      5274.2179  VOLUME     =    181470.9121
                                                    Density    =         1.0187
 ------------------------------------------------------------------------------


 NSTEP =    25500   TIME(PS) =    1624.000  TEMP(K) =   296.49  PRESS =   359.7
 Etot   =    -43573.6932  EKtot   =     10990.2803  EPtot      =    -54563.9734
 BOND   =       359.6938  ANGLE   =       988.9447  DIHED      =      2124.9281
 1-4 NB =       442.4342  1-4 EEL =      6195.4748  VDWAALS    =      6573.4108
 EELEC  =    -71305.4010  EHBOND  =         0.0000  RESTRAINT  =        56.5412
 EAMBER (non-restraint)  =    -54620.5146
 EKCMT  =      4760.4470  VIRIAL  =      3357.0596  VOLUME     =    180690.9153
                                                    Density    =         1.0231
 ------------------------------------------------------------------------------


 NSTEP =    26000   TIME(PS) =    1625.000  TEMP(K) =   301.02  PRESS =   102.2
 Etot   =    -43621.8224  EKtot   =     11158.2598  EPtot      =    -54780.0822
 BOND   =       363.1501  ANGLE   =       956.1401  DIHED      =      2128.8554
 1-4 NB =       434.8831  1-4 EEL =      6162.9582  VDWAALS    =      6548.8479
 EELEC  =    -71420.5526  EHBOND  =         0.0000  RESTRAINT  =        45.6356
 EAMBER (non-restraint)  =    -54825.7178
 EKCMT  =      4906.6159  VIRIAL  =      4506.6986  VOLUME     =    181162.1808
                                                    Density    =         1.0205
 ------------------------------------------------------------------------------


 NSTEP =    26500   TIME(PS) =    1626.000  TEMP(K) =   300.68  PRESS =     4.6
 Etot   =    -43574.5582  EKtot   =     11145.6387  EPtot      =    -54720.1968
 BOND   =       334.2946  ANGLE   =      1003.0632  DIHED      =      2124.3610
 1-4 NB =       450.6218  1-4 EEL =      6199.2962  VDWAALS    =      6486.9068
 EELEC  =    -71371.2385  EHBOND  =         0.0000  RESTRAINT  =        52.4981
 EAMBER (non-restraint)  =    -54772.6950
 EKCMT  =      4867.3312  VIRIAL  =      4849.3521  VOLUME     =    181085.1268
                                                    Density    =         1.0209
 ------------------------------------------------------------------------------


 NSTEP =    27000   TIME(PS) =    1627.000  TEMP(K) =   303.41  PRESS =   167.3
 Etot   =    -43366.9271  EKtot   =     11246.7764  EPtot      =    -54613.7035
 BOND   =       374.8363  ANGLE   =      1000.7852  DIHED      =      2139.3552
 1-4 NB =       446.1687  1-4 EEL =      6177.3197  VDWAALS    =      6543.4988
 EELEC  =    -71348.7331  EHBOND  =         0.0000  RESTRAINT  =        53.0656
 EAMBER (non-restraint)  =    -54666.7691
 EKCMT  =      4884.3993  VIRIAL  =      4229.6158  VOLUME     =    181320.8325
                                                    Density    =         1.0196
 ------------------------------------------------------------------------------


 NSTEP =    27500   TIME(PS) =    1628.000  TEMP(K) =   300.86  PRESS =  -135.3
 Etot   =    -43601.2864  EKtot   =     11152.4102  EPtot      =    -54753.6966
 BOND   =       359.7465  ANGLE   =       961.8737  DIHED      =      2134.9214
 1-4 NB =       452.3243  1-4 EEL =      6200.4764  VDWAALS    =      6489.9109
 EELEC  =    -71400.4066  EHBOND  =         0.0000  RESTRAINT  =        47.4569
 EAMBER (non-restraint)  =    -54801.1534
 EKCMT  =      4912.8519  VIRIAL  =      5442.7100  VOLUME     =    181390.7558
                                                    Density    =         1.0192
 ------------------------------------------------------------------------------


 NSTEP =    28000   TIME(PS) =    1629.000  TEMP(K) =   300.62  PRESS =  -132.2
 Etot   =    -43533.4676  EKtot   =     11143.4727  EPtot      =    -54676.9403
 BOND   =       352.2712  ANGLE   =      1018.0230  DIHED      =      2122.9948
 1-4 NB =       441.7490  1-4 EEL =      6210.8782  VDWAALS    =      6444.6724
 EELEC  =    -71321.4687  EHBOND  =         0.0000  RESTRAINT  =        53.9399
 EAMBER (non-restraint)  =    -54730.8802
 EKCMT  =      4754.8727  VIRIAL  =      5270.7855  VOLUME     =    180755.6814
                                                    Density    =         1.0228
 ------------------------------------------------------------------------------


 NSTEP =    28500   TIME(PS) =    1630.000  TEMP(K) =   297.75  PRESS =   -37.5
 Etot   =    -43741.0513  EKtot   =     11037.1260  EPtot      =    -54778.1773
 BOND   =       338.9058  ANGLE   =       971.8254  DIHED      =      2122.5770
 1-4 NB =       436.5622  1-4 EEL =      6249.9931  VDWAALS    =      6425.7731
 EELEC  =    -71375.6420  EHBOND  =         0.0000  RESTRAINT  =        51.8282
 EAMBER (non-restraint)  =    -54830.0055
 EKCMT  =      4738.1379  VIRIAL  =      4884.8055  VOLUME     =    181078.8011
                                                    Density    =         1.0209
 ------------------------------------------------------------------------------


 NSTEP =    29000   TIME(PS) =    1631.000  TEMP(K) =   297.67  PRESS =   -43.8
 Etot   =    -43697.4868  EKtot   =     11034.0684  EPtot      =    -54731.5552
 BOND   =       317.4684  ANGLE   =       979.1777  DIHED      =      2121.9547
 1-4 NB =       448.7066  1-4 EEL =      6222.4886  VDWAALS    =      6335.9473
 EELEC  =    -71202.6905  EHBOND  =         0.0000  RESTRAINT  =        45.3919
 EAMBER (non-restraint)  =    -54776.9471
 EKCMT  =      4869.3018  VIRIAL  =      5040.3812  VOLUME     =    180919.6069
                                                    Density    =         1.0218
 ------------------------------------------------------------------------------


 NSTEP =    29500   TIME(PS) =    1632.000  TEMP(K) =   298.34  PRESS =   313.4
 Etot   =    -43903.4621  EKtot   =     11058.7314  EPtot      =    -54962.1935
 BOND   =       333.4180  ANGLE   =      1013.0939  DIHED      =      2141.9718
 1-4 NB =       452.0490  1-4 EEL =      6226.1353  VDWAALS    =      6693.4919
 EELEC  =    -71874.4493  EHBOND  =         0.0000  RESTRAINT  =        52.0960
 EAMBER (non-restraint)  =    -55014.2895
 EKCMT  =      4841.7093  VIRIAL  =      3619.0378  VOLUME     =    180661.3419
                                                    Density    =         1.0233
 ------------------------------------------------------------------------------


 NSTEP =    30000   TIME(PS) =    1633.000  TEMP(K) =   298.61  PRESS =  -320.6
 Etot   =    -43515.5240  EKtot   =     11069.0039  EPtot      =    -54584.5279
 BOND   =       350.7811  ANGLE   =      1034.4367  DIHED      =      2133.4479
 1-4 NB =       451.9010  1-4 EEL =      6228.9516  VDWAALS    =      6284.4645
 EELEC  =    -71122.3802  EHBOND  =         0.0000  RESTRAINT  =        53.8694
 EAMBER (non-restraint)  =    -54638.3973
 EKCMT  =      4861.7431  VIRIAL  =      6114.1515  VOLUME     =    180906.0191
                                                    Density    =         1.0219
 ------------------------------------------------------------------------------


 NSTEP =    30500   TIME(PS) =    1634.000  TEMP(K) =   301.87  PRESS =   152.0
 Etot   =    -43556.6199  EKtot   =     11189.8848  EPtot      =    -54746.5047
 BOND   =       361.5084  ANGLE   =       941.3380  DIHED      =      2135.5483
 1-4 NB =       441.6782  1-4 EEL =      6231.8767  VDWAALS    =      6443.2656
 EELEC  =    -71353.4802  EHBOND  =         0.0000  RESTRAINT  =        51.7603
 EAMBER (non-restraint)  =    -54798.2650
 EKCMT  =      4883.7649  VIRIAL  =      4290.6212  VOLUME     =    180737.4847
                                                    Density    =         1.0229
 ------------------------------------------------------------------------------


 NSTEP =    31000   TIME(PS) =    1635.000  TEMP(K) =   297.42  PRESS =   -99.4
 Etot   =    -43618.4991  EKtot   =     11024.6230  EPtot      =    -54643.1221
 BOND   =       332.6110  ANGLE   =       974.8759  DIHED      =      2122.2341
 1-4 NB =       449.5085  1-4 EEL =      6267.1843  VDWAALS    =      6505.5962
 EELEC  =    -71339.8616  EHBOND  =         0.0000  RESTRAINT  =        44.7296
 EAMBER (non-restraint)  =    -54687.8517
 EKCMT  =      4787.4372  VIRIAL  =      5176.0776  VOLUME     =    181026.7783
                                                    Density    =         1.0212
 ------------------------------------------------------------------------------


 NSTEP =    31500   TIME(PS) =    1636.000  TEMP(K) =   299.73  PRESS =    43.7
 Etot   =    -43621.9932  EKtot   =     11110.3184  EPtot      =    -54732.3115
 BOND   =       350.7274  ANGLE   =       990.9153  DIHED      =      2118.5857
 1-4 NB =       451.7671  1-4 EEL =      6259.7550  VDWAALS    =      6624.6080
 EELEC  =    -71579.3117  EHBOND  =         0.0000  RESTRAINT  =        50.6416
 EAMBER (non-restraint)  =    -54782.9531
 EKCMT  =      4876.6729  VIRIAL  =      4705.9240  VOLUME     =    180858.0346
                                                    Density    =         1.0222
 ------------------------------------------------------------------------------


 NSTEP =    32000   TIME(PS) =    1637.000  TEMP(K) =   298.36  PRESS =     3.9
 Etot   =    -43870.0814  EKtot   =     11059.6016  EPtot      =    -54929.6830
 BOND   =       351.7976  ANGLE   =      1002.7052  DIHED      =      2147.2957
 1-4 NB =       439.2633  1-4 EEL =      6174.0185  VDWAALS    =      6612.4317
 EELEC  =    -71713.9903  EHBOND  =         0.0000  RESTRAINT  =        56.7953
 EAMBER (non-restraint)  =    -54986.4783
 EKCMT  =      4791.8214  VIRIAL  =      4776.7078  VOLUME     =    180655.4269
                                                    Density    =         1.0233
 ------------------------------------------------------------------------------


 NSTEP =    32500   TIME(PS) =    1638.000  TEMP(K) =   298.24  PRESS =    90.0
 Etot   =    -43826.8460  EKtot   =     11055.3359  EPtot      =    -54882.1819
 BOND   =       377.6290  ANGLE   =       978.1759  DIHED      =      2132.1940
 1-4 NB =       447.6025  1-4 EEL =      6230.1962  VDWAALS    =      6613.5634
 EELEC  =    -71713.6274  EHBOND  =         0.0000  RESTRAINT  =        52.0845
 EAMBER (non-restraint)  =    -54934.2664
 EKCMT  =      4773.9714  VIRIAL  =      4421.9428  VOLUME     =    181165.1505
                                                    Density    =         1.0205
 ------------------------------------------------------------------------------


 NSTEP =    33000   TIME(PS) =    1639.000  TEMP(K) =   300.69  PRESS =   295.3
 Etot   =    -43716.4756  EKtot   =     11145.8730  EPtot      =    -54862.3486
 BOND   =       336.9242  ANGLE   =       941.4177  DIHED      =      2116.2581
 1-4 NB =       455.8536  1-4 EEL =      6221.2386  VDWAALS    =      6779.7949
 EELEC  =    -71759.4590  EHBOND  =         0.0000  RESTRAINT  =        45.6235
 EAMBER (non-restraint)  =    -54907.9721
 EKCMT  =      4899.2347  VIRIAL  =      3744.2878  VOLUME     =    181170.4391
                                                    Density    =         1.0204
 ------------------------------------------------------------------------------


 NSTEP =    33500   TIME(PS) =    1640.000  TEMP(K) =   297.82  PRESS =  -191.3
 Etot   =    -43820.3038  EKtot   =     11039.6514  EPtot      =    -54859.9552
 BOND   =       405.6237  ANGLE   =      1016.7060  DIHED      =      2128.1792
 1-4 NB =       442.4252  1-4 EEL =      6207.2389  VDWAALS    =      6631.3813
 EELEC  =    -71743.2571  EHBOND  =         0.0000  RESTRAINT  =        51.7475
 EAMBER (non-restraint)  =    -54911.7027
 EKCMT  =      4860.1321  VIRIAL  =      5607.4259  VOLUME     =    180924.9669
                                                    Density    =         1.0218
 ------------------------------------------------------------------------------


 NSTEP =    34000   TIME(PS) =    1641.000  TEMP(K) =   297.65  PRESS =   -31.3
 Etot   =    -43702.0770  EKtot   =     11033.4316  EPtot      =    -54735.5087
 BOND   =       359.8119  ANGLE   =       963.6753  DIHED      =      2130.5782
 1-4 NB =       442.2526  1-4 EEL =      6233.6618  VDWAALS    =      6684.7359
 EELEC  =    -71601.2706  EHBOND  =         0.0000  RESTRAINT  =        51.0462
 EAMBER (non-restraint)  =    -54786.5549
 EKCMT  =      4830.5934  VIRIAL  =      4952.5633  VOLUME     =    180634.4377
                                                    Density    =         1.0234
 ------------------------------------------------------------------------------


 NSTEP =    34500   TIME(PS) =    1642.000  TEMP(K) =   300.86  PRESS =   107.6
 Etot   =    -43669.3283  EKtot   =     11152.3701  EPtot      =    -54821.6984
 BOND   =       350.7365  ANGLE   =       939.0375  DIHED      =      2118.4624
 1-4 NB =       451.2218  1-4 EEL =      6228.7548  VDWAALS    =      6589.2286
 EELEC  =    -71546.0302  EHBOND  =         0.0000  RESTRAINT  =        46.8902
 EAMBER (non-restraint)  =    -54868.5886
 EKCMT  =      4860.7783  VIRIAL  =      4441.2070  VOLUME     =    180597.5393
                                                    Density    =         1.0237
 ------------------------------------------------------------------------------


 NSTEP =    35000   TIME(PS) =    1643.000  TEMP(K) =   303.48  PRESS =  -116.3
 Etot   =    -43478.7027  EKtot   =     11249.5820  EPtot      =    -54728.2847
 BOND   =       355.7046  ANGLE   =       991.7385  DIHED      =      2120.4685
 1-4 NB =       442.4578  1-4 EEL =      6215.2056  VDWAALS    =      6491.2360
 EELEC  =    -71403.5913  EHBOND  =         0.0000  RESTRAINT  =        58.4955
 EAMBER (non-restraint)  =    -54786.7802
 EKCMT  =      4856.3185  VIRIAL  =      5309.9042  VOLUME     =    180600.6341
                                                    Density    =         1.0236
 ------------------------------------------------------------------------------


 NSTEP =    35500   TIME(PS) =    1644.000  TEMP(K) =   298.79  PRESS =   276.3
 Etot   =    -43469.3263  EKtot   =     11075.6953  EPtot      =    -54545.0216
 BOND   =       356.2604  ANGLE   =      1054.7981  DIHED      =      2135.9494
 1-4 NB =       437.7349  1-4 EEL =      6221.6007  VDWAALS    =      6598.3271
 EELEC  =    -71400.6578  EHBOND  =         0.0000  RESTRAINT  =        50.9656
 EAMBER (non-restraint)  =    -54595.9873
 EKCMT  =      4851.2356  VIRIAL  =      3773.4592  VOLUME     =    180634.9143
                                                    Density    =         1.0234
 ------------------------------------------------------------------------------


 NSTEP =    36000   TIME(PS) =    1645.000  TEMP(K) =   304.01  PRESS =   234.2
 Etot   =    -43479.9024  EKtot   =     11269.1504  EPtot      =    -54749.0528
 BOND   =       361.4037  ANGLE   =      1011.0966  DIHED      =      2118.3030
 1-4 NB =       451.8245  1-4 EEL =      6220.2192  VDWAALS    =      6556.8354
 EELEC  =    -71522.8833  EHBOND  =         0.0000  RESTRAINT  =        54.1480
 EAMBER (non-restraint)  =    -54803.2008
 EKCMT  =      4873.1502  VIRIAL  =      3958.8171  VOLUME     =    180839.7050
                                                    Density    =         1.0223
 ------------------------------------------------------------------------------


 NSTEP =    36500   TIME(PS) =    1646.000  TEMP(K) =   297.88  PRESS =   -41.1
 Etot   =    -43949.5367  EKtot   =     11041.9756  EPtot      =    -54991.5122
 BOND   =       365.0974  ANGLE   =       965.1978  DIHED      =      2131.3297
 1-4 NB =       449.5173  1-4 EEL =      6217.6953  VDWAALS    =      6531.8225
 EELEC  =    -71703.7768  EHBOND  =         0.0000  RESTRAINT  =        51.6046
 EAMBER (non-restraint)  =    -55043.1168
 EKCMT  =      4807.2273  VIRIAL  =      4967.2277  VOLUME     =    180279.7517
                                                    Density    =         1.0255
 ------------------------------------------------------------------------------


 NSTEP =    37000   TIME(PS) =    1647.000  TEMP(K) =   300.38  PRESS =   -93.2
 Etot   =    -43674.6401  EKtot   =     11134.6738  EPtot      =    -54809.3140
 BOND   =       354.9915  ANGLE   =       955.3764  DIHED      =      2119.7278
 1-4 NB =       455.0997  1-4 EEL =      6208.5990  VDWAALS    =      6453.5491
 EELEC  =    -71404.0002  EHBOND  =         0.0000  RESTRAINT  =        47.3427
 EAMBER (non-restraint)  =    -54856.6567
 EKCMT  =      4895.2455  VIRIAL  =      5258.6587  VOLUME     =    180543.0606
                                                    Density    =         1.0240
 ------------------------------------------------------------------------------


 NSTEP =    37500   TIME(PS) =    1648.000  TEMP(K) =   300.62  PRESS =  -304.5
 Etot   =    -43677.6277  EKtot   =     11143.3867  EPtot      =    -54821.0145
 BOND   =       310.4133  ANGLE   =      1017.7069  DIHED      =      2130.1290
 1-4 NB =       445.0010  1-4 EEL =      6212.8968  VDWAALS    =      6402.8700
 EELEC  =    -71388.6515  EHBOND  =         0.0000  RESTRAINT  =        48.6200
 EAMBER (non-restraint)  =    -54869.6345
 EKCMT  =      4854.8915  VIRIAL  =      6042.8354  VOLUME     =    180701.8235
                                                    Density    =         1.0231
 ------------------------------------------------------------------------------


 NSTEP =    38000   TIME(PS) =    1649.000  TEMP(K) =   301.21  PRESS =   212.1
 Etot   =    -43679.4763  EKtot   =     11165.3457  EPtot      =    -54844.8220
 BOND   =       371.0001  ANGLE   =       999.0552  DIHED      =      2121.4165
 1-4 NB =       435.7567  1-4 EEL =      6207.0413  VDWAALS    =      6609.8296
 EELEC  =    -71640.6038  EHBOND  =         0.0000  RESTRAINT  =        51.6823
 EAMBER (non-restraint)  =    -54896.5044
 EKCMT  =      4881.0269  VIRIAL  =      4052.0058  VOLUME     =    180995.1237
                                                    Density    =         1.0214
 ------------------------------------------------------------------------------


 NSTEP =    38500   TIME(PS) =    1650.000  TEMP(K) =   297.53  PRESS =  -223.6
 Etot   =    -43731.8762  EKtot   =     11029.0244  EPtot      =    -54760.9007
 BOND   =       367.6763  ANGLE   =       982.4241  DIHED      =      2128.3718
 1-4 NB =       440.4575  1-4 EEL =      6196.6840  VDWAALS    =      6483.6646
 EELEC  =    -71411.1485  EHBOND  =         0.0000  RESTRAINT  =        50.9695
 EAMBER (non-restraint)  =    -54811.8702
 EKCMT  =      4830.0526  VIRIAL  =      5705.0409  VOLUME     =    181276.1981
                                                    Density    =         1.0198
 ------------------------------------------------------------------------------


 NSTEP =    39000   TIME(PS) =    1651.000  TEMP(K) =   300.17  PRESS =    19.0
 Etot   =    -43708.4805  EKtot   =     11126.6230  EPtot      =    -54835.1036
 BOND   =       340.1116  ANGLE   =       945.6999  DIHED      =      2130.5831
 1-4 NB =       457.2506  1-4 EEL =      6235.5212  VDWAALS    =      6562.0871
 EELEC  =    -71559.7568  EHBOND  =         0.0000  RESTRAINT  =        53.3997
 EAMBER (non-restraint)  =    -54888.5033
 EKCMT  =      4854.7370  VIRIAL  =      4780.3258  VOLUME     =    181055.2279
                                                    Density    =         1.0211
 ------------------------------------------------------------------------------


 NSTEP =    39500   TIME(PS) =    1652.000  TEMP(K) =   305.89  PRESS =   466.5
 Etot   =    -43544.8820  EKtot   =     11338.7764  EPtot      =    -54883.6584
 BOND   =       357.9791  ANGLE   =       990.5963  DIHED      =      2141.8996
 1-4 NB =       429.8731  1-4 EEL =      6214.4637  VDWAALS    =      6584.5216
 EELEC  =    -71657.8392  EHBOND  =         0.0000  RESTRAINT  =        54.8475
 EAMBER (non-restraint)  =    -54938.5059
 EKCMT  =      4938.5505  VIRIAL  =      3116.6694  VOLUME     =    180890.2555
                                                    Density    =         1.0220
 ------------------------------------------------------------------------------


 NSTEP =    40000   TIME(PS) =    1653.000  TEMP(K) =   298.64  PRESS =   -82.0
 Etot   =    -43540.4756  EKtot   =     11070.1865  EPtot      =    -54610.6622
 BOND   =       356.0089  ANGLE   =       989.4451  DIHED      =      2133.7916
 1-4 NB =       452.8075  1-4 EEL =      6205.5527  VDWAALS    =      6452.8159
 EELEC  =    -71257.7446  EHBOND  =         0.0000  RESTRAINT  =        56.6607
 EAMBER (non-restraint)  =    -54667.3229
 EKCMT  =      4834.0400  VIRIAL  =      5154.2499  VOLUME     =    180759.8858
                                                    Density    =         1.0227
 ------------------------------------------------------------------------------


 NSTEP =    40500   TIME(PS) =    1654.000  TEMP(K) =   296.24  PRESS =   -40.5
 Etot   =    -43731.7644  EKtot   =     10980.9893  EPtot      =    -54712.7537
 BOND   =       340.2541  ANGLE   =       950.3627  DIHED      =      2141.5073
 1-4 NB =       459.1129  1-4 EEL =      6269.6870  VDWAALS    =      6600.5379
 EELEC  =    -71523.6113  EHBOND  =         0.0000  RESTRAINT  =        49.3957
 EAMBER (non-restraint)  =    -54762.1494
 EKCMT  =      4769.1055  VIRIAL  =      4927.0574  VOLUME     =    180586.8171
                                                    Density    =         1.0237
 ------------------------------------------------------------------------------


 NSTEP =    41000   TIME(PS) =    1655.000  TEMP(K) =   299.84  PRESS =   -30.8
 Etot   =    -43448.3882  EKtot   =     11114.3428  EPtot      =    -54562.7309
 BOND   =       352.2298  ANGLE   =      1016.0134  DIHED      =      2107.2659
 1-4 NB =       460.3715  1-4 EEL =      6218.8088  VDWAALS    =      6512.9009
 EELEC  =    -71289.8458  EHBOND  =         0.0000  RESTRAINT  =        59.5245
 EAMBER (non-restraint)  =    -54622.2555
 EKCMT  =      4831.8312  VIRIAL  =      4952.1691  VOLUME     =    180943.5972
                                                    Density    =         1.0217
 ------------------------------------------------------------------------------


 NSTEP =    41500   TIME(PS) =    1656.000  TEMP(K) =   298.33  PRESS =   108.3
 Etot   =    -43579.1485  EKtot   =     11058.6914  EPtot      =    -54637.8399
 BOND   =       341.7429  ANGLE   =       978.3471  DIHED      =      2144.7636
 1-4 NB =       438.6415  1-4 EEL =      6207.0985  VDWAALS    =      6541.8608
 EELEC  =    -71339.8523  EHBOND  =         0.0000  RESTRAINT  =        49.5581
 EAMBER (non-restraint)  =    -54687.3979
 EKCMT  =      4883.6727  VIRIAL  =      4460.1542  VOLUME     =    181039.9587
                                                    Density    =         1.0212
 ------------------------------------------------------------------------------


 NSTEP =    42000   TIME(PS) =    1657.000  TEMP(K) =   301.30  PRESS =    42.2
 Etot   =    -43786.9487  EKtot   =     11168.5381  EPtot      =    -54955.4868
 BOND   =       354.1987  ANGLE   =       962.1714  DIHED      =      2131.8583
 1-4 NB =       430.3228  1-4 EEL =      6233.2254  VDWAALS    =      6750.2728
 EELEC  =    -71870.3892  EHBOND  =         0.0000  RESTRAINT  =        52.8529
 EAMBER (non-restraint)  =    -55008.3397
 EKCMT  =      4897.4613  VIRIAL  =      4732.5333  VOLUME     =    181063.3321
                                                    Density    =         1.0210
 ------------------------------------------------------------------------------


 NSTEP =    42500   TIME(PS) =    1658.000  TEMP(K) =   299.47  PRESS =    77.2
 Etot   =    -43524.9304  EKtot   =     11100.7363  EPtot      =    -54625.6667
 BOND   =       377.8111  ANGLE   =      1010.7458  DIHED      =      2114.5890
 1-4 NB =       443.0585  1-4 EEL =      6208.2999  VDWAALS    =      6497.5613
 EELEC  =    -71338.8685  EHBOND  =         0.0000  RESTRAINT  =        61.1361
 EAMBER (non-restraint)  =    -54686.8028
 EKCMT  =      4879.1639  VIRIAL  =      4577.5940  VOLUME     =    180951.9851
                                                    Density    =         1.0217
 ------------------------------------------------------------------------------


 NSTEP =    43000   TIME(PS) =    1659.000  TEMP(K) =   302.17  PRESS =  -369.2
 Etot   =    -43450.7117  EKtot   =     11200.7227  EPtot      =    -54651.4343
 BOND   =       322.0920  ANGLE   =       999.7487  DIHED      =      2125.6197
 1-4 NB =       447.9305  1-4 EEL =      6225.6232  VDWAALS    =      6388.7586
 EELEC  =    -71209.0704  EHBOND  =         0.0000  RESTRAINT  =        47.8633
 EAMBER (non-restraint)  =    -54699.2976
 EKCMT  =      4911.4722  VIRIAL  =      6356.8814  VOLUME     =    181328.1242
                                                    Density    =         1.0195
 ------------------------------------------------------------------------------


 NSTEP =    43500   TIME(PS) =    1660.000  TEMP(K) =   301.89  PRESS =   -41.9
 Etot   =    -43540.5556  EKtot   =     11190.3887  EPtot      =    -54730.9443
 BOND   =       345.9992  ANGLE   =       957.7898  DIHED      =      2138.9168
 1-4 NB =       433.0329  1-4 EEL =      6221.3548  VDWAALS    =      6500.8493
 EELEC  =    -71381.7806  EHBOND  =         0.0000  RESTRAINT  =        52.8934
 EAMBER (non-restraint)  =    -54783.8377
 EKCMT  =      4863.9892  VIRIAL  =      5028.0265  VOLUME     =    181242.1682
                                                    Density    =         1.0200
 ------------------------------------------------------------------------------


 NSTEP =    44000   TIME(PS) =    1661.000  TEMP(K) =   300.34  PRESS =   -71.9
 Etot   =    -43590.3926  EKtot   =     11133.1006  EPtot      =    -54723.4932
 BOND   =       333.4913  ANGLE   =      1013.8912  DIHED      =      2120.9131
 1-4 NB =       438.1531  1-4 EEL =      6204.6799  VDWAALS    =      6448.3266
 EELEC  =    -71343.3960  EHBOND  =         0.0000  RESTRAINT  =        60.4476
 EAMBER (non-restraint)  =    -54783.9408
 EKCMT  =      4897.5413  VIRIAL  =      5178.8218  VOLUME     =    181240.3134
                                                    Density    =         1.0200
 ------------------------------------------------------------------------------


 NSTEP =    44500   TIME(PS) =    1662.000  TEMP(K) =   300.63  PRESS =    70.7
 Etot   =    -43652.7923  EKtot   =     11143.6279  EPtot      =    -54796.4202
 BOND   =       318.9372  ANGLE   =       969.3265  DIHED      =      2137.5266
 1-4 NB =       454.2996  1-4 EEL =      6230.7311  VDWAALS    =      6554.6646
 EELEC  =    -71506.9832  EHBOND  =         0.0000  RESTRAINT  =        45.0775
 EAMBER (non-restraint)  =    -54841.4976
 EKCMT  =      4831.2148  VIRIAL  =      4554.6591  VOLUME     =    181159.9800
                                                    Density    =         1.0205
 ------------------------------------------------------------------------------


 NSTEP =    45000   TIME(PS) =    1663.000  TEMP(K) =   298.70  PRESS =    64.0
 Etot   =    -43387.3163  EKtot   =     11072.4023  EPtot      =    -54459.7186
 BOND   =       362.6668  ANGLE   =      1013.1070  DIHED      =      2135.0977
 1-4 NB =       449.7319  1-4 EEL =      6254.2275  VDWAALS    =      6613.8645
 EELEC  =    -71340.7491  EHBOND  =         0.0000  RESTRAINT  =        52.3351
 EAMBER (non-restraint)  =    -54512.0537
 EKCMT  =      4787.4855  VIRIAL  =      4537.2471  VOLUME     =    181196.3842
                                                    Density    =         1.0203
 ------------------------------------------------------------------------------


 NSTEP =    45500   TIME(PS) =    1664.000  TEMP(K) =   297.37  PRESS =   199.5
 Etot   =    -43665.5597  EKtot   =     11022.9541  EPtot      =    -54688.5139
 BOND   =       345.8311  ANGLE   =       972.5358  DIHED      =      2119.9973
 1-4 NB =       456.4661  1-4 EEL =      6227.8169  VDWAALS    =      6571.3285
 EELEC  =    -71435.3174  EHBOND  =         0.0000  RESTRAINT  =        52.8279
 EAMBER (non-restraint)  =    -54741.3417
 EKCMT  =      4842.2628  VIRIAL  =      4060.7713  VOLUME     =    181398.0927
                                                    Density    =         1.0191
 ------------------------------------------------------------------------------


 NSTEP =    46000   TIME(PS) =    1665.000  TEMP(K) =   299.97  PRESS =  -128.4
 Etot   =    -43665.6986  EKtot   =     11119.2422  EPtot      =    -54784.9408
 BOND   =       363.6149  ANGLE   =       972.1544  DIHED      =      2142.9067
 1-4 NB =       447.4730  1-4 EEL =      6212.6208  VDWAALS    =      6531.3278
 EELEC  =    -71512.1009  EHBOND  =         0.0000  RESTRAINT  =        57.0626
 EAMBER (non-restraint)  =    -54842.0034
 EKCMT  =      4847.8752  VIRIAL  =      5349.8621  VOLUME     =    181093.8955
                                                    Density    =         1.0209
 ------------------------------------------------------------------------------


 NSTEP =    46500   TIME(PS) =    1666.000  TEMP(K) =   296.94  PRESS =  -122.6
 Etot   =    -43617.7102  EKtot   =     11006.8633  EPtot      =    -54624.5734
 BOND   =       349.5829  ANGLE   =      1019.2094  DIHED      =      2129.6221
 1-4 NB =       451.7752  1-4 EEL =      6198.6092  VDWAALS    =      6470.1948
 EELEC  =    -71301.0871  EHBOND  =         0.0000  RESTRAINT  =        57.5199
 EAMBER (non-restraint)  =    -54682.0934
 EKCMT  =      4741.0922  VIRIAL  =      5219.9308  VOLUME     =    180864.3342
                                                    Density    =         1.0221
 ------------------------------------------------------------------------------


 NSTEP =    47000   TIME(PS) =    1667.000  TEMP(K) =   303.21  PRESS =  -284.8
 Etot   =    -43499.4354  EKtot   =     11239.4160  EPtot      =    -54738.8514
 BOND   =       343.2438  ANGLE   =       998.5695  DIHED      =      2140.2605
 1-4 NB =       438.5593  1-4 EEL =      6192.7830  VDWAALS    =      6383.9217
 EELEC  =    -71288.5735  EHBOND  =         0.0000  RESTRAINT  =        52.3845
 EAMBER (non-restraint)  =    -54791.2359
 EKCMT  =      4942.9781  VIRIAL  =      6057.1118  VOLUME     =    181161.0032
                                                    Density    =         1.0205
 ------------------------------------------------------------------------------


 NSTEP =    47500   TIME(PS) =    1668.000  TEMP(K) =   298.47  PRESS =  -139.3
 Etot   =    -43594.3895  EKtot   =     11063.7393  EPtot      =    -54658.1287
 BOND   =       361.6106  ANGLE   =      1013.6088  DIHED      =      2118.8355
 1-4 NB =       453.2408  1-4 EEL =      6210.6806  VDWAALS    =      6512.9320
 EELEC  =    -71376.3813  EHBOND  =         0.0000  RESTRAINT  =        47.3444
 EAMBER (non-restraint)  =    -54705.4731
 EKCMT  =      4778.6290  VIRIAL  =      5323.3456  VOLUME     =    181102.3410
                                                    Density    =         1.0208
 ------------------------------------------------------------------------------


 NSTEP =    48000   TIME(PS) =    1669.000  TEMP(K) =   303.18  PRESS =   -80.9
 Etot   =    -43464.1091  EKtot   =     11238.4385  EPtot      =    -54702.5476
 BOND   =       338.2520  ANGLE   =       973.5682  DIHED      =      2150.1421
 1-4 NB =       447.2547  1-4 EEL =      6204.7631  VDWAALS    =      6478.9565
 EELEC  =    -71351.8581  EHBOND  =         0.0000  RESTRAINT  =        56.3738
 EAMBER (non-restraint)  =    -54758.9214
 EKCMT  =      4989.3752  VIRIAL  =      5305.0239  VOLUME     =    180620.3768
                                                    Density    =         1.0235
 ------------------------------------------------------------------------------


 NSTEP =    48500   TIME(PS) =    1670.000  TEMP(K) =   300.95  PRESS =   177.8
 Etot   =    -43562.0859  EKtot   =     11155.7324  EPtot      =    -54717.8183
 BOND   =       347.0543  ANGLE   =      1042.7647  DIHED      =      2121.3473
 1-4 NB =       466.2255  1-4 EEL =      6213.9464  VDWAALS    =      6626.9991
 EELEC  =    -71584.5518  EHBOND  =         0.0000  RESTRAINT  =        48.3962
 EAMBER (non-restraint)  =    -54766.2145
 EKCMT  =      4861.9989  VIRIAL  =      4168.0762  VOLUME     =    180746.8467
                                                    Density    =         1.0228
 ------------------------------------------------------------------------------


 NSTEP =    49000   TIME(PS) =    1671.000  TEMP(K) =   300.84  PRESS =   122.6
 Etot   =    -43596.7647  EKtot   =     11151.6602  EPtot      =    -54748.4248
 BOND   =       366.6656  ANGLE   =       997.4622  DIHED      =      2133.6571
 1-4 NB =       451.1170  1-4 EEL =      6191.1914  VDWAALS    =      6588.3451
 EELEC  =    -71524.8908  EHBOND  =         0.0000  RESTRAINT  =        48.0274
 EAMBER (non-restraint)  =    -54796.4522
 EKCMT  =      4888.6552  VIRIAL  =      4409.7433  VOLUME     =    180970.7978
                                                    Density    =         1.0215
 ------------------------------------------------------------------------------


 NSTEP =    49500   TIME(PS) =    1672.000  TEMP(K) =   300.89  PRESS =  -181.1
 Etot   =    -43631.4941  EKtot   =     11153.2803  EPtot      =    -54784.7744
 BOND   =       349.3928  ANGLE   =       972.7248  DIHED      =      2109.0959
 1-4 NB =       448.1630  1-4 EEL =      6182.5103  VDWAALS    =      6507.7982
 EELEC  =    -71409.7078  EHBOND  =         0.0000  RESTRAINT  =        55.2485
 EAMBER (non-restraint)  =    -54840.0229
 EKCMT  =      4941.2706  VIRIAL  =      5649.0301  VOLUME     =    180987.9893
                                                    Density    =         1.0214
 ------------------------------------------------------------------------------


 NSTEP =    50000   TIME(PS) =    1673.000  TEMP(K) =   301.00  PRESS =    94.6
 Etot   =    -43586.0985  EKtot   =     11157.4980  EPtot      =    -54743.5966
 BOND   =       355.4930  ANGLE   =       999.8471  DIHED      =      2108.4798
 1-4 NB =       452.7863  1-4 EEL =      6223.3604  VDWAALS    =      6591.1132
 EELEC  =    -71535.1699  EHBOND  =         0.0000  RESTRAINT  =        60.4936
 EAMBER (non-restraint)  =    -54804.0902
 EKCMT  =      4834.5546  VIRIAL  =      4465.0000  VOLUME     =    180972.1778
                                                    Density    =         1.0215
 ------------------------------------------------------------------------------


      A V E R A G E S   O V E R     100 S T E P S


 NSTEP =    50000   TIME(PS) =    1673.000  TEMP(K) =   299.96  PRESS =    15.5
 Etot   =    -43626.4765  EKtot   =     11119.0206  EPtot      =    -54745.4970
 BOND   =       352.7720  ANGLE   =       987.2161  DIHED      =      2128.5070
 1-4 NB =       447.4307  1-4 EEL =      6215.4076  VDWAALS    =      6550.2810
 EELEC  =    -71478.8355  EHBOND  =         0.0000  RESTRAINT  =        51.7240
 EAMBER (non-restraint)  =    -54797.2211
 EKCMT  =      4861.5023  VIRIAL  =      4801.0780  VOLUME     =    180971.4832
                                                    Density    =         1.0215
 ------------------------------------------------------------------------------


      R M S  F L U C T U A T I O N S


 NSTEP =    50000   TIME(PS) =    1673.000  TEMP(K) =     2.27  PRESS =   175.1
 Etot   =       136.1600  EKtot   =        84.0265  EPtot      =       110.3758
 BOND   =        17.0623  ANGLE   =        24.4317  DIHED      =        11.8453
 1-4 NB =         8.3565  1-4 EEL =        21.1202  VDWAALS    =        98.4274
 EELEC  =       166.1509  EHBOND  =         0.0000  RESTRAINT  =         3.8532
 EAMBER (non-restraint)  =       106.5226
 EKCMT  =        55.6469  VIRIAL  =       679.6140  VOLUME     =       332.0939
                                                    Density    =         0.0019
 ------------------------------------------------------------------------------

--------------------------------------------------------------------------------
   5.  TIMINGS
--------------------------------------------------------------------------------

|  NonSetup CPU Time in Major Routines:
|
|     Routine           Sec        %
|     ------------------------------
|     Nonbond          90.41   86.74
|     Bond              0.00    0.00
|     Angle             0.00    0.00
|     Dihedral          0.00    0.00
|     Shake             0.33    0.32
|     RunMD            13.47   12.92
|     Other             0.02    0.02
|     ------------------------------
|     Total           104.23

|  PME Nonbond Pairlist CPU Time:
|
|     Routine              Sec        %
|     ---------------------------------
|     Set Up Cit           0.00    0.00
|     Build List           0.00    0.00
|     ---------------------------------
|     Total                0.00    0.00

|  PME Direct Force CPU Time:
|
|     Routine              Sec        %
|     ---------------------------------
|     NonBonded Calc       0.00    0.00
|     Exclude Masked       0.00    0.00
|     Other                0.01    0.01
|     ---------------------------------
|     Total                0.01    0.01

|  PME Reciprocal Force CPU Time:
|
|     Routine              Sec        %
|     ---------------------------------
|     1D bspline           0.00    0.00
|     Grid Charges         0.00    0.00
|     Scalar Sum           0.00    0.00
|     Gradient Sum         0.00    0.00
|     FFT                  0.00    0.00
|     ---------------------------------
|     Total                0.00    0.00

|  Final Performance Info:
|     -----------------------------------------------------
|     Average timings for last   20500 steps:
|     Elapsed(s) =      42.76 Per Step(ms) =       2.09
|         ns/day =      82.85   seconds/ns =    1042.87
|
|     Average timings for all steps:
|     Elapsed(s) =     104.23 Per Step(ms) =       2.08
|         ns/day =      82.90   seconds/ns =    1042.27
|     -----------------------------------------------------

|  Setup CPU time:            0.48 seconds
|  NonSetup CPU time:       104.23 seconds
|  Total CPU time:          104.71 seconds     0.03 hours

|  Setup wall time:           0    seconds
|  NonSetup wall time:      104    seconds
|  Total wall time:         104    seconds     0.03 hours
