
          -------------------------------------------------------
          Amber 16 PMEMD                              2016
          -------------------------------------------------------

| PMEMD implementation of SANDER, Release 16

| Run on 07/04/2017 at 00:33:48

|   Executable path: pmemd.cuda
| Working directory: /home/german/obp/run/mu_eol/mhe/e
|          Hostname: Unknown
  [-O]verwriting output

File Assignments:
|   MDIN: 1equ.in                                                               
|  MDOUT: 1equ.out                                                              
| INPCRD: hmu_eol.rst7                                                          
|   PARM: /home/german/obp/top_files/mu_eol.prmtop                              
| RESTRT: 1emu_eol.rst7                                                         
|   REFC: hmu_eol.rst7                                                          
|  MDVEL: mdvel                                                                 
|   MDEN: mden                                                                  
|  MDCRD: 1emu_eol.nc                                                           
| MDINFO: mdinfo                                                                
|  MDFRC: mdfrc                                                                 


 Here is the input file:

Equilibration with solute restrictions                                         
&cntrl                                                                         
imin = 0,                           ! No Minimization                          
nmropt = 0,                         ! No NMR restraints read                   
                                                                               
! Nature and format of the input                                               
ntx = 5,                            ! Coordinates but no velocities will be rea
irest = 1,                          ! Do not run a new simulation              
                                                                               
! Nature and format of the output                                              
ntxo = 1,                           ! rstrt file in ASCII format               
ntpr = 500,                         ! inf in output every ntpr steps           
ntwr = 500,                         ! rstrt file every ntwr steps              
ntwx = 500,                         ! mdcrd file every ntwx steps              
ntwv = 0,                           ! mdvel without velocities                 
ntwe = 0,                           ! Energies and temperatures not written in 
idecomp = 0,                        ! No energy decomposition                  
iwrap = 1,                          ! Coordinates of the restart and mdcrd file
                                                                               
! Frozen or restrained atoms                                                   
ibelly = 0,                         ! No frozen atoms                          
ntr=1,                              ! Harmonic potential restraints            
restraint_wt = 50.0,                ! The weight for the positional restraints 
restraintmask = ':1-120@N,CA,C,O',  ! restrained residues                      
                                                                               
! Molecular dynamics                                                           
nstlim = 50000,                     ! Number of MD-steps                       
dt = 0.002,                         ! Time step                                
                                                                               
! Temperature regulation                                                       
ntt = 3,                            ! Langevin thermostat                      
gamma_ln = 5,                       ! Gamma constant for Langevin              
!temp0 = 300.0,                     ! Reference T at which the system is to be 
tempi = 300.0,                      ! Initial T                                
ig = -1,                            ! Seed for the RNG                         
                                                                               
! P and V regulation                                                           
ntp = 1,                            ! Constant P. Isotropic scaling            
barostat = 1,                       ! Berendsen barostat                       
taup = 1,                           ! Pressure relaxation time                 
nrespa = 1,                         ! Evaluate at each step                    
ntb = 2,                            ! Periodic box for constant P              
                                                                               
! SHAKE variables                                                              
ntc = 2,                            ! Bonds involving H are constrained        
ntf = 2,                            ! Bond interaction involving H are ommited.
                                                                               
cut = 10.0,                         ! Nonbonded cutoff                         
/                                                                              
&end                                                                           


Note: ig = -1. Setting random seed to   918052 based on wallclock time in 
      microseconds.
 
|--------------------- INFORMATION ----------------------
| GPU (CUDA) Version of PMEMD in use: NVIDIA GPU IN USE.
|                    Version 16.0.0
| 
|                      02/25/2016
| 
| Implementation by:
|                    Ross C. Walker     (SDSC)
|                    Scott Le Grand     (nVIDIA)
| 
| Precision model in use:
|      [SPFP] - Single Precision Forces, 64-bit Fixed Point
|               Accumulation. (Default)
| 
|--------------------------------------------------------
 
|----------------- CITATION INFORMATION -----------------
|
|    When publishing work that utilized the CUDA version
|    of AMBER, please cite the following in addition to
|    the regular AMBER citations:
|
|  - Romelia Salomon-Ferrer; Andreas W. Goetz; Duncan
|    Poole; Scott Le Grand; Ross C. Walker "Routine
|    microsecond molecular dynamics simulations with
|    AMBER - Part II: Particle Mesh Ewald", J. Chem.
|    Theory Comput., 2013, 9 (9), pp3878-3888,
|    DOI: 10.1021/ct400314y.
|
|  - Andreas W. Goetz; Mark J. Williamson; Dong Xu;
|    Duncan Poole; Scott Le Grand; Ross C. Walker
|    "Routine microsecond molecular dynamics simulations
|    with AMBER - Part I: Generalized Born", J. Chem.
|    Theory Comput., 2012, 8 (5), pp1542-1555.
|
|  - Scott Le Grand; Andreas W. Goetz; Ross C. Walker
|    "SPFP: Speed without compromise - a mixed precision
|    model for GPU accelerated molecular dynamics
|    simulations.", Comp. Phys. Comm., 2013, 184
|    pp374-380, DOI: 10.1016/j.cpc.2012.09.022
|
|--------------------------------------------------------
 
|------------------- GPU DEVICE INFO --------------------
|
|            CUDA_VISIBLE_DEVICES: 1
|   CUDA Capable Devices Detected:      1
|           CUDA Device ID in use:      0
|                CUDA Device Name: GeForce GTX 1060 6GB
|     CUDA Device Global Mem Size:   6072 MB
| CUDA Device Num Multiprocessors:     10
|           CUDA Device Core Freq:   1.76 GHz
|
|--------------------------------------------------------
 
 
| Conditional Compilation Defines Used:
| PUBFFT
| BINTRAJ
| CUDA
| EMIL

| Largest sphere to fit in unit cell has radius =    29.151

| New format PARM file being parsed.
| Version =    1.000 Date = 02/20/15 Time = 17:35:03

| Note: 1-4 EEL scale factors are being read from the topology file.

| Note: 1-4 VDW scale factors are being read from the topology file.
| Duplicated    0 dihedrals

| Duplicated    0 dihedrals

--------------------------------------------------------------------------------
   1.  RESOURCE   USE: 
--------------------------------------------------------------------------------

 getting box info from netcdf restart file
 NATOM  =   18178 NTYPES =      18 NBONH =   17227 MBONA  =     955
 NTHETH =    2228 MTHETA =    1282 NPHIH =    4328 MPHIA  =    4367
 NHPARM =       0 NPARM  =       0 NNB   =   32287 NRES   =    5542
 NBONA  =     955 NTHETA =    1282 NPHIA =    4367 NUMBND =      72
 NUMANG =     151 NPTRA  =     245 NATYP =      42 NPHB   =       1
 IFBOX  =       1 NMXRS  =      24 IFCAP =       0 NEXTRA =       0
 NCOPY  =       0

| Coordinate Index Table dimensions:    10   12   10
| Direct force subcell size =     6.0320    5.5841    5.8302

     BOX TYPE: RECTILINEAR

--------------------------------------------------------------------------------
   2.  CONTROL  DATA  FOR  THE  RUN
--------------------------------------------------------------------------------

default_name                                                                    

General flags:
     imin    =       0, nmropt  =       0

Nature and format of input:
     ntx     =       5, irest   =       1, ntrx    =       1

Nature and format of output:
     ntxo    =       1, ntpr    =     500, ntrx    =       1, ntwr    =     500
     iwrap   =       1, ntwx    =     500, ntwv    =       0, ntwe    =       0
     ioutfm  =       1, ntwprt  =       0, idecomp =       0, rbornstat=      0

Potential function:
     ntf     =       2, ntb     =       2, igb     =       0, nsnb    =      25
     ipol    =       0, gbsa    =       0, iesp    =       0
     dielc   =   1.00000, cut     =  10.00000, intdiel =   1.00000

Frozen or restrained atoms:
     ibelly  =       0, ntr     =       1
     restraint_wt =  50.00000

Molecular dynamics:
     nstlim  =     50000, nscm    =         0, nrespa  =         1
     t       =   0.00000, dt      =   0.00200, vlimit  =  -1.00000

Langevin dynamics temperature regulation:
     ig      =  918052
     temp0   = 300.00000, tempi   = 300.00000, gamma_ln=   5.00000

Pressure regulation:
     ntp     =       1
     pres0   =   1.00000, comp    =  44.60000, taup    =   1.00000

SHAKE:
     ntc     =       2, jfastw  =       0
     tol     =   0.00001

| Intermolecular bonds treatment:
|     no_intermolecular_bonds =       1

| Energy averages sample interval:
|     ene_avg_sampling =     500

Ewald parameters:
     verbose =       0, ew_type =       0, nbflag  =       1, use_pme =       1
     vdwmeth =       1, eedmeth =       1, netfrc  =       1
     Box X =   60.320   Box Y =   67.010   Box Z =   58.302
     Alpha =   90.000   Beta  =   90.000   Gamma =   90.000
     NFFT1 =   64       NFFT2 =   64       NFFT3 =   64
     Cutoff=   10.000   Tol   =0.100E-04
     Ewald Coefficient =  0.27511
     Interpolation order =    4

    LOADING THE CONSTRAINED ATOMS AS GROUPS


   5.  REFERENCE ATOM COORDINATES

  default_name                                                                    
     Mask :1-120@N,CA,C,O; matches   476 atoms

--------------------------------------------------------------------------------
   3.  ATOMIC COORDINATES AND VELOCITIES
--------------------------------------------------------------------------------

default_name                                                                    
 begin time read from input coords =   140.000 ps

 
 Number of triangulated 3-point waters found:     5419

     Sum of charges from parm topology file =  -0.00000006
     Forcing neutrality...

| Dynamic Memory, Types Used:
| Reals              919399
| Integers           639592

| Nonbonded Pairs Initial Allocation:     5498390

| GPU memory information (estimate):
| KB of GPU memory in use:    118468
| KB of CPU memory in use:     24469

--------------------------------------------------------------------------------
   4.  RESULTS
--------------------------------------------------------------------------------

 ---------------------------------------------------
 APPROXIMATING switch and d/dx switch using CUBIC SPLINE INTERPOLATION
 using   5000.0 points per unit in tabled values
 TESTING RELATIVE ERROR over r ranging from 0.0 to cutoff
| CHECK switch(x): max rel err =   0.2738E-14   at   2.422500
| CHECK d/dx switch(x): max rel err =   0.8314E-11   at   2.736960
 ---------------------------------------------------
|---------------------------------------------------
| APPROXIMATING direct energy using CUBIC SPLINE INTERPOLATION
|  with   50.0 points per unit in tabled values
| Relative Error Limit not exceeded for r .gt.   2.33
| APPROXIMATING direct force using CUBIC SPLINE INTERPOLATION
|  with   50.0 points per unit in tabled values
| Relative Error Limit not exceeded for r .gt.   2.80
|---------------------------------------------------

 NSTEP =      500   TIME(PS) =     141.000  TEMP(K) =   297.87  PRESS =  -316.3
 Etot   =    -42305.2000  EKtot   =     11041.4365  EPtot      =    -53346.6365
 BOND   =       332.6218  ANGLE   =       961.8700  DIHED      =      2163.9627
 1-4 NB =       445.0167  1-4 EEL =      6298.9104  VDWAALS    =      6490.4157
 EELEC  =    -70219.3256  EHBOND  =         0.0000  RESTRAINT  =       179.8918
 EAMBER (non-restraint)  =    -53526.5284
 EKCMT  =      4831.4869  VIRIAL  =      6418.4897  VOLUME     =    232407.1556
                                                    Density    =         0.7955
 ------------------------------------------------------------------------------


 NSTEP =     1000   TIME(PS) =     142.000  TEMP(K) =   301.49  PRESS =    11.1
 Etot   =    -42504.3213  EKtot   =     11175.6602  EPtot      =    -53679.9815
 BOND   =       364.8258  ANGLE   =       950.7766  DIHED      =      2144.8710
 1-4 NB =       428.0970  1-4 EEL =      6244.2501  VDWAALS    =      6699.2635
 EELEC  =    -70693.5826  EHBOND  =         0.0000  RESTRAINT  =       181.5172
 EAMBER (non-restraint)  =    -53861.4987
 EKCMT  =      4899.3700  VIRIAL  =      4843.9704  VOLUME     =    230902.8143
                                                    Density    =         0.8006
 ------------------------------------------------------------------------------


 NSTEP =     1500   TIME(PS) =     143.000  TEMP(K) =   301.70  PRESS =  -235.9
 Etot   =    -42288.8154  EKtot   =     11183.5830  EPtot      =    -53472.3984
 BOND   =       335.3025  ANGLE   =       975.8601  DIHED      =      2151.4277
 1-4 NB =       451.3097  1-4 EEL =      6257.4475  VDWAALS    =      6534.6917
 EELEC  =    -70368.2011  EHBOND  =         0.0000  RESTRAINT  =       189.7635
 EAMBER (non-restraint)  =    -53662.1619
 EKCMT  =      4930.1079  VIRIAL  =      6097.7796  VOLUME     =    229234.2621
                                                    Density    =         0.8065
 ------------------------------------------------------------------------------


 NSTEP =     2000   TIME(PS) =     144.000  TEMP(K) =   299.06  PRESS =   -93.6
 Etot   =    -42373.5519  EKtot   =     11085.5811  EPtot      =    -53459.1330
 BOND   =       324.0020  ANGLE   =       971.8505  DIHED      =      2133.5213
 1-4 NB =       459.8173  1-4 EEL =      6267.1952  VDWAALS    =      6552.8848
 EELEC  =    -70368.4243  EHBOND  =         0.0000  RESTRAINT  =       200.0202
 EAMBER (non-restraint)  =    -53659.1532
 EKCMT  =      4829.1725  VIRIAL  =      5289.5829  VOLUME     =    227872.0303
                                                    Density    =         0.8113
 ------------------------------------------------------------------------------


 NSTEP =     2500   TIME(PS) =     145.000  TEMP(K) =   299.07  PRESS =  -119.7
 Etot   =    -42465.1222  EKtot   =     11085.8096  EPtot      =    -53550.9318
 BOND   =       340.5054  ANGLE   =       965.5897  DIHED      =      2137.4076
 1-4 NB =       444.9755  1-4 EEL =      6233.7205  VDWAALS    =      6495.2403
 EELEC  =    -70343.9972  EHBOND  =         0.0000  RESTRAINT  =       175.6264
 EAMBER (non-restraint)  =    -53726.5582
 EKCMT  =      4789.8800  VIRIAL  =      5372.8172  VOLUME     =    225575.7198
                                                    Density    =         0.8195
 ------------------------------------------------------------------------------


 NSTEP =     3000   TIME(PS) =     146.000  TEMP(K) =   300.74  PRESS =  -220.9
 Etot   =    -42481.6848  EKtot   =     11147.9521  EPtot      =    -53629.6370
 BOND   =       362.7769  ANGLE   =       956.5037  DIHED      =      2164.8796
 1-4 NB =       427.0046  1-4 EEL =      6267.8809  VDWAALS    =      6402.2371
 EELEC  =    -70412.8876  EHBOND  =         0.0000  RESTRAINT  =       201.9678
 EAMBER (non-restraint)  =    -53831.6047
 EKCMT  =      4823.4540  VIRIAL  =      5892.1947  VOLUME     =    224117.7787
                                                    Density    =         0.8249
 ------------------------------------------------------------------------------


 NSTEP =     3500   TIME(PS) =     147.000  TEMP(K) =   296.15  PRESS =   -93.6
 Etot   =    -42936.1644  EKtot   =     10977.6445  EPtot      =    -53913.8089
 BOND   =       349.2502  ANGLE   =       970.1445  DIHED      =      2166.3808
 1-4 NB =       438.0253  1-4 EEL =      6275.2076  VDWAALS    =      6701.5006
 EELEC  =    -71000.4624  EHBOND  =         0.0000  RESTRAINT  =       186.1444
 EAMBER (non-restraint)  =    -54099.9534
 EKCMT  =      4758.3803  VIRIAL  =      5208.4485  VOLUME     =    222780.7378
                                                    Density    =         0.8298
 ------------------------------------------------------------------------------


 NSTEP =     4000   TIME(PS) =     148.000  TEMP(K) =   302.47  PRESS =  -155.5
 Etot   =    -42482.2089  EKtot   =     11211.9590  EPtot      =    -53694.1679
 BOND   =       358.0703  ANGLE   =       909.8982  DIHED      =      2152.8821
 1-4 NB =       437.5596  1-4 EEL =      6277.1350  VDWAALS    =      6442.3530
 EELEC  =    -70453.1081  EHBOND  =         0.0000  RESTRAINT  =       181.0421
 EAMBER (non-restraint)  =    -53875.2100
 EKCMT  =      4860.2253  VIRIAL  =      5604.6337  VOLUME     =    221703.6229
                                                    Density    =         0.8339
 ------------------------------------------------------------------------------


 NSTEP =     4500   TIME(PS) =     149.000  TEMP(K) =   299.99  PRESS =   -88.0
 Etot   =    -42718.8204  EKtot   =     11120.2080  EPtot      =    -53839.0284
 BOND   =       339.9463  ANGLE   =       949.8026  DIHED      =      2152.2640
 1-4 NB =       441.5709  1-4 EEL =      6279.5063  VDWAALS    =      6653.2341
 EELEC  =    -70845.2636  EHBOND  =         0.0000  RESTRAINT  =       189.9112
 EAMBER (non-restraint)  =    -54028.9395
 EKCMT  =      4811.2163  VIRIAL  =      5229.7390  VOLUME     =    220394.5890
                                                    Density    =         0.8388
 ------------------------------------------------------------------------------


 NSTEP =     5000   TIME(PS) =     150.000  TEMP(K) =   299.40  PRESS =   -39.2
 Etot   =    -42713.2256  EKtot   =     11098.2656  EPtot      =    -53811.4912
 BOND   =       361.7529  ANGLE   =       930.8235  DIHED      =      2143.7573
 1-4 NB =       449.7649  1-4 EEL =      6290.4805  VDWAALS    =      6676.7391
 EELEC  =    -70854.6174  EHBOND  =         0.0000  RESTRAINT  =       189.8081
 EAMBER (non-restraint)  =    -54001.2993
 EKCMT  =      4852.1806  VIRIAL  =      5037.6050  VOLUME     =    218922.6121
                                                    Density    =         0.8445
 ------------------------------------------------------------------------------


 NSTEP =     5500   TIME(PS) =     151.000  TEMP(K) =   295.26  PRESS =  -260.5
 Etot   =    -43066.5849  EKtot   =     10944.8418  EPtot      =    -54011.4267
 BOND   =       350.5951  ANGLE   =       941.7440  DIHED      =      2156.4241
 1-4 NB =       446.9530  1-4 EEL =      6251.2867  VDWAALS    =      6526.5568
 EELEC  =    -70886.9013  EHBOND  =         0.0000  RESTRAINT  =       201.9151
 EAMBER (non-restraint)  =    -54213.3418
 EKCMT  =      4829.2056  VIRIAL  =      6053.2377  VOLUME     =    217622.8165
                                                    Density    =         0.8495
 ------------------------------------------------------------------------------


 NSTEP =     6000   TIME(PS) =     152.000  TEMP(K) =   299.62  PRESS =  -116.3
 Etot   =    -42748.0197  EKtot   =     11106.1709  EPtot      =    -53854.1906
 BOND   =       342.4205  ANGLE   =       958.6455  DIHED      =      2162.6021
 1-4 NB =       444.9325  1-4 EEL =      6272.4784  VDWAALS    =      6538.8554
 EELEC  =    -70765.7766  EHBOND  =         0.0000  RESTRAINT  =       191.6517
 EAMBER (non-restraint)  =    -54045.8423
 EKCMT  =      4825.7093  VIRIAL  =      5369.3200  VOLUME     =    216544.2191
                                                    Density    =         0.8537
 ------------------------------------------------------------------------------


 NSTEP =     6500   TIME(PS) =     153.000  TEMP(K) =   299.71  PRESS =   102.4
 Etot   =    -42670.8183  EKtot   =     11109.5596  EPtot      =    -53780.3779
 BOND   =       356.7490  ANGLE   =       961.7037  DIHED      =      2146.9331
 1-4 NB =       439.3972  1-4 EEL =      6238.7237  VDWAALS    =      6619.4218
 EELEC  =    -70741.0230  EHBOND  =         0.0000  RESTRAINT  =       197.7167
 EAMBER (non-restraint)  =    -53978.0945
 EKCMT  =      4816.0871  VIRIAL  =      4340.2322  VOLUME     =    215253.7836
                                                    Density    =         0.8588
 ------------------------------------------------------------------------------


 NSTEP =     7000   TIME(PS) =     154.000  TEMP(K) =   301.29  PRESS =    -0.0
 Etot   =    -42582.9695  EKtot   =     11168.3252  EPtot      =    -53751.2947
 BOND   =       331.8597  ANGLE   =       972.5850  DIHED      =      2137.8713
 1-4 NB =       443.3315  1-4 EEL =      6269.2578  VDWAALS    =      6553.0486
 EELEC  =    -70642.9362  EHBOND  =         0.0000  RESTRAINT  =       183.6876
 EAMBER (non-restraint)  =    -53934.9823
 EKCMT  =      4900.6624  VIRIAL  =      4900.8418  VOLUME     =    213976.0654
                                                    Density    =         0.8640
 ------------------------------------------------------------------------------


 NSTEP =     7500   TIME(PS) =     155.000  TEMP(K) =   300.01  PRESS =  -244.5
 Etot   =    -42846.9020  EKtot   =     11120.7783  EPtot      =    -53967.6803
 BOND   =       337.0267  ANGLE   =       942.0027  DIHED      =      2134.3416
 1-4 NB =       447.3305  1-4 EEL =      6258.1288  VDWAALS    =      6519.7987
 EELEC  =    -70792.9431  EHBOND  =         0.0000  RESTRAINT  =       186.6339
 EAMBER (non-restraint)  =    -54154.3142
 EKCMT  =      4876.3446  VIRIAL  =      6001.3887  VOLUME     =    213072.2719
                                                    Density    =         0.8676
 ------------------------------------------------------------------------------


 NSTEP =     8000   TIME(PS) =     156.000  TEMP(K) =   299.57  PRESS =   100.8
 Etot   =    -42815.1679  EKtot   =     11104.5059  EPtot      =    -53919.6737
 BOND   =       325.7718  ANGLE   =       933.9903  DIHED      =      2121.2274
 1-4 NB =       451.7976  1-4 EEL =      6284.6010  VDWAALS    =      6635.1939
 EELEC  =    -70864.9041  EHBOND  =         0.0000  RESTRAINT  =       192.6483
 EAMBER (non-restraint)  =    -54112.3220
 EKCMT  =      4792.3500  VIRIAL  =      4329.8877  VOLUME     =    212536.0992
                                                    Density    =         0.8698
 ------------------------------------------------------------------------------


 NSTEP =     8500   TIME(PS) =     157.000  TEMP(K) =   299.87  PRESS =  -151.2
 Etot   =    -42743.9078  EKtot   =     11115.7754  EPtot      =    -53859.6832
 BOND   =       326.8100  ANGLE   =       983.4084  DIHED      =      2138.4915
 1-4 NB =       453.6046  1-4 EEL =      6249.3081  VDWAALS    =      6590.3434
 EELEC  =    -70790.6167  EHBOND  =         0.0000  RESTRAINT  =       188.9674
 EAMBER (non-restraint)  =    -54048.6505
 EKCMT  =      4887.8992  VIRIAL  =      5577.5456  VOLUME     =    211314.5072
                                                    Density    =         0.8749
 ------------------------------------------------------------------------------


 NSTEP =     9000   TIME(PS) =     158.000  TEMP(K) =   299.47  PRESS =  -156.8
 Etot   =    -42763.6620  EKtot   =     11100.5967  EPtot      =    -53864.2587
 BOND   =       336.1354  ANGLE   =       964.0570  DIHED      =      2165.1358
 1-4 NB =       451.1913  1-4 EEL =      6249.3518  VDWAALS    =      6416.2557
 EELEC  =    -70634.3033  EHBOND  =         0.0000  RESTRAINT  =       187.9174
 EAMBER (non-restraint)  =    -54052.1761
 EKCMT  =      4925.1287  VIRIAL  =      5636.4293  VOLUME     =    210062.7684
                                                    Density    =         0.8801
 ------------------------------------------------------------------------------


 NSTEP =     9500   TIME(PS) =     159.000  TEMP(K) =   305.35  PRESS =   -90.6
 Etot   =    -42515.2315  EKtot   =     11318.6533  EPtot      =    -53833.8848
 BOND   =       330.5664  ANGLE   =       970.9907  DIHED      =      2151.1585
 1-4 NB =       435.4910  1-4 EEL =      6278.6037  VDWAALS    =      6346.0968
 EELEC  =    -70535.4699  EHBOND  =         0.0000  RESTRAINT  =       188.6781
 EAMBER (non-restraint)  =    -54022.5629
 EKCMT  =      4970.1732  VIRIAL  =      5377.5458  VOLUME     =    208205.0858
                                                    Density    =         0.8879
 ------------------------------------------------------------------------------


 NSTEP =    10000   TIME(PS) =     160.000  TEMP(K) =   302.51  PRESS =  -323.5
 Etot   =    -42672.4001  EKtot   =     11213.3486  EPtot      =    -53885.7487
 BOND   =       351.8183  ANGLE   =       972.7999  DIHED      =      2133.1925
 1-4 NB =       458.6830  1-4 EEL =      6254.3614  VDWAALS    =      6339.8833
 EELEC  =    -70577.2168  EHBOND  =         0.0000  RESTRAINT  =       180.7297
 EAMBER (non-restraint)  =    -54066.4784
 EKCMT  =      4887.9903  VIRIAL  =      6333.9718  VOLUME     =    207034.6488
                                                    Density    =         0.8929
 ------------------------------------------------------------------------------


 NSTEP =    10500   TIME(PS) =     161.000  TEMP(K) =   298.45  PRESS =   -60.8
 Etot   =    -42797.4252  EKtot   =     11062.9580  EPtot      =    -53860.3832
 BOND   =       351.4321  ANGLE   =       949.3390  DIHED      =      2157.1139
 1-4 NB =       440.1116  1-4 EEL =      6273.6144  VDWAALS    =      6520.7249
 EELEC  =    -70738.1087  EHBOND  =         0.0000  RESTRAINT  =       185.3897
 EAMBER (non-restraint)  =    -54045.7728
 EKCMT  =      4803.0971  VIRIAL  =      5073.1810  VOLUME     =    205653.1539
                                                    Density    =         0.8989
 ------------------------------------------------------------------------------


 NSTEP =    11000   TIME(PS) =     162.000  TEMP(K) =   295.45  PRESS =  -165.9
 Etot   =    -42937.4872  EKtot   =     10951.6113  EPtot      =    -53889.0986
 BOND   =       334.1183  ANGLE   =      1023.1397  DIHED      =      2155.5665
 1-4 NB =       435.3558  1-4 EEL =      6261.6074  VDWAALS    =      6436.5032
 EELEC  =    -70713.1375  EHBOND  =         0.0000  RESTRAINT  =       177.7481
 EAMBER (non-restraint)  =    -54066.8467
 EKCMT  =      4872.2788  VIRIAL  =      5606.6974  VOLUME     =    204983.5683
                                                    Density    =         0.9019
 ------------------------------------------------------------------------------


 NSTEP =    11500   TIME(PS) =     163.000  TEMP(K) =   299.92  PRESS =  -156.3
 Etot   =    -42977.2665  EKtot   =     11117.2891  EPtot      =    -54094.5555
 BOND   =       335.5101  ANGLE   =       940.2375  DIHED      =      2153.7651
 1-4 NB =       440.2553  1-4 EEL =      6259.9402  VDWAALS    =      6525.6037
 EELEC  =    -70939.4110  EHBOND  =         0.0000  RESTRAINT  =       189.5436
 EAMBER (non-restraint)  =    -54284.0991
 EKCMT  =      4838.5417  VIRIAL  =      5528.8998  VOLUME     =    204523.7435
                                                    Density    =         0.9039
 ------------------------------------------------------------------------------


 NSTEP =    12000   TIME(PS) =     164.000  TEMP(K) =   299.23  PRESS =   -68.5
 Etot   =    -42871.9312  EKtot   =     11092.0615  EPtot      =    -53963.9928
 BOND   =       348.5446  ANGLE   =      1000.4474  DIHED      =      2149.7261
 1-4 NB =       435.7862  1-4 EEL =      6232.8115  VDWAALS    =      6603.8669
 EELEC  =    -70931.6830  EHBOND  =         0.0000  RESTRAINT  =       196.5075
 EAMBER (non-restraint)  =    -54160.5003
 EKCMT  =      4760.9194  VIRIAL  =      5061.3445  VOLUME     =    203103.7054
                                                    Density    =         0.9102
 ------------------------------------------------------------------------------


 NSTEP =    12500   TIME(PS) =     165.000  TEMP(K) =   298.61  PRESS =  -275.2
 Etot   =    -43113.2976  EKtot   =     11068.9688  EPtot      =    -54182.2663
 BOND   =       329.2787  ANGLE   =       979.0341  DIHED      =      2147.4022
 1-4 NB =       440.0713  1-4 EEL =      6256.4522  VDWAALS    =      6620.3547
 EELEC  =    -71136.6376  EHBOND  =         0.0000  RESTRAINT  =       181.7781
 EAMBER (non-restraint)  =    -54364.0445
 EKCMT  =      4809.1441  VIRIAL  =      6010.5599  VOLUME     =    202217.6061
                                                    Density    =         0.9142
 ------------------------------------------------------------------------------


 NSTEP =    13000   TIME(PS) =     166.000  TEMP(K) =   299.81  PRESS =    77.1
 Etot   =    -43009.9540  EKtot   =     11113.5010  EPtot      =    -54123.4549
 BOND   =       300.2082  ANGLE   =       931.5369  DIHED      =      2155.1968
 1-4 NB =       460.5275  1-4 EEL =      6267.5762  VDWAALS    =      6641.1980
 EELEC  =    -71066.9813  EHBOND  =         0.0000  RESTRAINT  =       187.2827
 EAMBER (non-restraint)  =    -54310.7376
 EKCMT  =      4809.6974  VIRIAL  =      4474.3917  VOLUME     =    201550.5166
                                                    Density    =         0.9172
 ------------------------------------------------------------------------------


 NSTEP =    13500   TIME(PS) =     167.000  TEMP(K) =   298.91  PRESS =  -261.2
 Etot   =    -42994.7730  EKtot   =     11080.1787  EPtot      =    -54074.9517
 BOND   =       334.5616  ANGLE   =       979.5906  DIHED      =      2139.7071
 1-4 NB =       439.6349  1-4 EEL =      6248.8843  VDWAALS    =      6386.9656
 EELEC  =    -70801.8536  EHBOND  =         0.0000  RESTRAINT  =       197.5579
 EAMBER (non-restraint)  =    -54272.5096
 EKCMT  =      4830.9236  VIRIAL  =      5963.4923  VOLUME     =    200833.4806
                                                    Density    =         0.9205
 ------------------------------------------------------------------------------


 NSTEP =    14000   TIME(PS) =     168.000  TEMP(K) =   303.49  PRESS =    57.9
 Etot   =    -43135.4845  EKtot   =     11249.9092  EPtot      =    -54385.3936
 BOND   =       329.4388  ANGLE   =       962.5617  DIHED      =      2137.3597
 1-4 NB =       428.1927  1-4 EEL =      6240.6284  VDWAALS    =      6608.7222
 EELEC  =    -71306.8958  EHBOND  =         0.0000  RESTRAINT  =       214.5986
 EAMBER (non-restraint)  =    -54599.9923
 EKCMT  =      4895.2453  VIRIAL  =      4645.1935  VOLUME     =    199933.1333
                                                    Density    =         0.9247
 ------------------------------------------------------------------------------


 NSTEP =    14500   TIME(PS) =     169.000  TEMP(K) =   297.83  PRESS =     9.4
 Etot   =    -43022.5437  EKtot   =     11039.9775  EPtot      =    -54062.5213
 BOND   =       349.1764  ANGLE   =       956.6853  DIHED      =      2177.8769
 1-4 NB =       438.2476  1-4 EEL =      6253.2445  VDWAALS    =      6564.2336
 EELEC  =    -70983.9378  EHBOND  =         0.0000  RESTRAINT  =       181.9523
 EAMBER (non-restraint)  =    -54244.4736
 EKCMT  =      4856.4052  VIRIAL  =      4815.9385  VOLUME     =    198988.4973
                                                    Density    =         0.9290
 ------------------------------------------------------------------------------


 NSTEP =    15000   TIME(PS) =     170.000  TEMP(K) =   300.81  PRESS =   -36.0
 Etot   =    -42960.0583  EKtot   =     11150.5332  EPtot      =    -54110.5915
 BOND   =       327.9239  ANGLE   =       960.9931  DIHED      =      2153.8889
 1-4 NB =       446.6632  1-4 EEL =      6239.6781  VDWAALS    =      6491.5371
 EELEC  =    -70925.0899  EHBOND  =         0.0000  RESTRAINT  =       193.8139
 EAMBER (non-restraint)  =    -54304.4055
 EKCMT  =      4853.0647  VIRIAL  =      5007.4158  VOLUME     =    198309.7841
                                                    Density    =         0.9322
 ------------------------------------------------------------------------------


 NSTEP =    15500   TIME(PS) =     171.000  TEMP(K) =   299.47  PRESS =   -98.1
 Etot   =    -42916.8423  EKtot   =     11100.7188  EPtot      =    -54017.5611
 BOND   =       357.7351  ANGLE   =       978.3998  DIHED      =      2134.7195
 1-4 NB =       450.1243  1-4 EEL =      6283.6799  VDWAALS    =      6613.5838
 EELEC  =    -71021.0523  EHBOND  =         0.0000  RESTRAINT  =       185.2488
 EAMBER (non-restraint)  =    -54202.8099
 EKCMT  =      4899.3529  VIRIAL  =      5318.7789  VOLUME     =    197978.5318
                                                    Density    =         0.9338
 ------------------------------------------------------------------------------


 NSTEP =    16000   TIME(PS) =     172.000  TEMP(K) =   297.93  PRESS =   282.1
 Etot   =    -43024.3574  EKtot   =     11043.6562  EPtot      =    -54068.0136
 BOND   =       372.4523  ANGLE   =       962.4624  DIHED      =      2149.5717
 1-4 NB =       442.2713  1-4 EEL =      6268.4954  VDWAALS    =      6753.9713
 EELEC  =    -71231.6835  EHBOND  =         0.0000  RESTRAINT  =       214.4454
 EAMBER (non-restraint)  =    -54282.4590
 EKCMT  =      4807.9677  VIRIAL  =      3605.9180  VOLUME     =    197359.5134
                                                    Density    =         0.9367
 ------------------------------------------------------------------------------


 NSTEP =    16500   TIME(PS) =     173.000  TEMP(K) =   300.58  PRESS =  -246.1
 Etot   =    -43000.8281  EKtot   =     11141.8809  EPtot      =    -54142.7090
 BOND   =       325.6824  ANGLE   =       974.3479  DIHED      =      2133.3553
 1-4 NB =       455.8076  1-4 EEL =      6290.4985  VDWAALS    =      6460.5102
 EELEC  =    -70954.7197  EHBOND  =         0.0000  RESTRAINT  =       171.8089
 EAMBER (non-restraint)  =    -54314.5179
 EKCMT  =      4883.5098  VIRIAL  =      5928.5504  VOLUME     =    196679.1851
                                                    Density    =         0.9400
 ------------------------------------------------------------------------------

