
          -------------------------------------------------------
          Amber 16 PMEMD                              2016
          -------------------------------------------------------

| PMEMD implementation of SANDER, Release 16

| Run on 07/04/2017 at 01:09:22

|   Executable path: pmemd.cuda
| Working directory: /home/german/obp/run/mu_eol/mhe/e
|          Hostname: Unknown
  [-O]verwriting output

File Assignments:
|   MDIN: 22equ.in                                                              
|  MDOUT: 22equ.out                                                             
| INPCRD: 21emu_eol.rst7                                                        
|   PARM: /home/german/obp/top_files/mu_eol.prmtop                              
| RESTRT: 22emu_eol.rst7                                                        
|   REFC: 21emu_eol.rst7                                                        
|  MDVEL: mdvel                                                                 
|   MDEN: mden                                                                  
|  MDCRD: 22emu_eol.nc                                                          
| MDINFO: mdinfo                                                                
|  MDFRC: mdfrc                                                                 


 Here is the input file:

Equilibration with solute restrictions                                         
&cntrl                                                                         
imin = 0,                           ! No Minimization                          
nmropt = 0,                         ! No NMR restraints read                   
                                                                               
! Nature and format of the input                                               
ntx = 5,                            ! Coordinates but no velocities will be rea
irest = 1,                          ! Do not run a new simulation              
                                                                               
! Nature and format of the output                                              
ntxo = 1,                           ! rstrt file in ASCII format               
ntpr = 500,                         ! inf in output every ntpr steps           
ntwr = 500,                         ! rstrt file every ntwr steps              
ntwx = 500,                         ! mdcrd file every ntwx steps              
ntwv = 0,                           ! mdvel without velocities                 
ntwe = 0,                           ! Energies and temperatures not written in 
idecomp = 0,                        ! No energy decomposition                  
iwrap = 1,                          ! Coordinates of the restart and mdcrd file
                                                                               
! Frozen or restrained atoms                                                   
ibelly = 0,                         ! No frozen atoms                          
ntr=1,                              ! Harmonic potential restraints            
restraint_wt = 0.5,                ! The weight for the positional restraints  
restraintmask = ':1-120@N,CA,C,O',  ! restrained residues                      
                                                                               
! Molecular dynamics                                                           
nstlim = 50000,                     ! Number of MD-steps                       
dt = 0.002,                         ! Time step                                
                                                                               
! Temperature regulation                                                       
ntt = 3,                            ! Langevin thermostat                      
gamma_ln = 5,                       ! Gamma constant for Langevin              
!temp0 = 300.0,                     ! Reference T at which the system is to be 
tempi = 300.0,                      ! Initial T                                
ig = -1,                            ! Seed for the RNG                         
                                                                               
! P and V regulation                                                           
ntp = 1,                            ! Constant P. Isotropic scaling            
barostat = 1,                       ! Berendsen barostat                       
taup = 1,                           ! Pressure relaxation time                 
nrespa = 1,                         ! Evaluate at each step                    
ntb = 2,                            ! Periodic box for constant P              
                                                                               
! SHAKE variables                                                              
ntc = 2,                            ! Bonds involving H are constrained        
ntf = 2,                            ! Bond interaction involving H are ommited.
                                                                               
cut = 10.0,                         ! Nonbonded cutoff                         
/                                                                              
&end                                                                           


Note: ig = -1. Setting random seed to   362919 based on wallclock time in 
      microseconds.
 
|--------------------- INFORMATION ----------------------
| GPU (CUDA) Version of PMEMD in use: NVIDIA GPU IN USE.
|                    Version 16.0.0
| 
|                      02/25/2016
| 
| Implementation by:
|                    Ross C. Walker     (SDSC)
|                    Scott Le Grand     (nVIDIA)
| 
| Precision model in use:
|      [SPFP] - Single Precision Forces, 64-bit Fixed Point
|               Accumulation. (Default)
| 
|--------------------------------------------------------
 
|----------------- CITATION INFORMATION -----------------
|
|    When publishing work that utilized the CUDA version
|    of AMBER, please cite the following in addition to
|    the regular AMBER citations:
|
|  - Romelia Salomon-Ferrer; Andreas W. Goetz; Duncan
|    Poole; Scott Le Grand; Ross C. Walker "Routine
|    microsecond molecular dynamics simulations with
|    AMBER - Part II: Particle Mesh Ewald", J. Chem.
|    Theory Comput., 2013, 9 (9), pp3878-3888,
|    DOI: 10.1021/ct400314y.
|
|  - Andreas W. Goetz; Mark J. Williamson; Dong Xu;
|    Duncan Poole; Scott Le Grand; Ross C. Walker
|    "Routine microsecond molecular dynamics simulations
|    with AMBER - Part I: Generalized Born", J. Chem.
|    Theory Comput., 2012, 8 (5), pp1542-1555.
|
|  - Scott Le Grand; Andreas W. Goetz; Ross C. Walker
|    "SPFP: Speed without compromise - a mixed precision
|    model for GPU accelerated molecular dynamics
|    simulations.", Comp. Phys. Comm., 2013, 184
|    pp374-380, DOI: 10.1016/j.cpc.2012.09.022
|
|--------------------------------------------------------
 
|------------------- GPU DEVICE INFO --------------------
|
|            CUDA_VISIBLE_DEVICES: 1
|   CUDA Capable Devices Detected:      1
|           CUDA Device ID in use:      0
|                CUDA Device Name: GeForce GTX 1060 6GB
|     CUDA Device Global Mem Size:   6072 MB
| CUDA Device Num Multiprocessors:     10
|           CUDA Device Core Freq:   1.76 GHz
|
|--------------------------------------------------------
 
 
| Conditional Compilation Defines Used:
| PUBFFT
| BINTRAJ
| CUDA
| EMIL

| Largest sphere to fit in unit cell has radius =    26.667

| New format PARM file being parsed.
| Version =    1.000 Date = 02/20/15 Time = 17:35:03

| Note: 1-4 EEL scale factors are being read from the topology file.

| Note: 1-4 VDW scale factors are being read from the topology file.
| Duplicated    0 dihedrals

| Duplicated    0 dihedrals

--------------------------------------------------------------------------------
   1.  RESOURCE   USE: 
--------------------------------------------------------------------------------

 getting new box info from bottom of inpcrd
 NATOM  =   18178 NTYPES =      18 NBONH =   17227 MBONA  =     955
 NTHETH =    2228 MTHETA =    1282 NPHIH =    4328 MPHIA  =    4367
 NHPARM =       0 NPARM  =       0 NNB   =   32287 NRES   =    5542
 NBONA  =     955 NTHETA =    1282 NPHIA =    4367 NUMBND =      72
 NUMANG =     151 NPTRA  =     245 NATYP =      42 NPHB   =       1
 IFBOX  =       1 NMXRS  =      24 IFCAP =       0 NEXTRA =       0
 NCOPY  =       0

| Coordinate Index Table dimensions:    10   11    9
| Direct force subcell size =     5.5181    5.5728    5.9261

     BOX TYPE: RECTILINEAR

--------------------------------------------------------------------------------
   2.  CONTROL  DATA  FOR  THE  RUN
--------------------------------------------------------------------------------

default_name                                                                    

General flags:
     imin    =       0, nmropt  =       0

Nature and format of input:
     ntx     =       5, irest   =       1, ntrx    =       1

Nature and format of output:
     ntxo    =       1, ntpr    =     500, ntrx    =       1, ntwr    =     500
     iwrap   =       1, ntwx    =     500, ntwv    =       0, ntwe    =       0
     ioutfm  =       1, ntwprt  =       0, idecomp =       0, rbornstat=      0

Potential function:
     ntf     =       2, ntb     =       2, igb     =       0, nsnb    =      25
     ipol    =       0, gbsa    =       0, iesp    =       0
     dielc   =   1.00000, cut     =  10.00000, intdiel =   1.00000

Frozen or restrained atoms:
     ibelly  =       0, ntr     =       1
     restraint_wt =   0.50000

Molecular dynamics:
     nstlim  =     50000, nscm    =         0, nrespa  =         1
     t       =   0.00000, dt      =   0.00200, vlimit  =  -1.00000

Langevin dynamics temperature regulation:
     ig      =  362919
     temp0   = 300.00000, tempi   = 300.00000, gamma_ln=   5.00000

Pressure regulation:
     ntp     =       1
     pres0   =   1.00000, comp    =  44.60000, taup    =   1.00000

SHAKE:
     ntc     =       2, jfastw  =       0
     tol     =   0.00001

| Intermolecular bonds treatment:
|     no_intermolecular_bonds =       1

| Energy averages sample interval:
|     ene_avg_sampling =     500

Ewald parameters:
     verbose =       0, ew_type =       0, nbflag  =       1, use_pme =       1
     vdwmeth =       1, eedmeth =       1, netfrc  =       1
     Box X =   55.181   Box Y =   61.301   Box Z =   53.335
     Alpha =   90.000   Beta  =   90.000   Gamma =   90.000
     NFFT1 =   56       NFFT2 =   64       NFFT3 =   56
     Cutoff=   10.000   Tol   =0.100E-04
     Ewald Coefficient =  0.27511
     Interpolation order =    4

    LOADING THE CONSTRAINED ATOMS AS GROUPS


   5.  REFERENCE ATOM COORDINATES

  default_name                                                                    
     Mask :1-120@N,CA,C,O; matches   476 atoms

--------------------------------------------------------------------------------
   3.  ATOMIC COORDINATES AND VELOCITIES
--------------------------------------------------------------------------------

default_name                                                                    
 begin time read from input coords =  2173.000 ps

 
 Number of triangulated 3-point waters found:     5419

     Sum of charges from parm topology file =  -0.00000006
     Forcing neutrality...

| Dynamic Memory, Types Used:
| Reals              919375
| Integers           639592

| Nonbonded Pairs Initial Allocation:     5498390

| GPU memory information (estimate):
| KB of GPU memory in use:    116285
| KB of CPU memory in use:     23861

--------------------------------------------------------------------------------
   4.  RESULTS
--------------------------------------------------------------------------------

 ---------------------------------------------------
 APPROXIMATING switch and d/dx switch using CUBIC SPLINE INTERPOLATION
 using   5000.0 points per unit in tabled values
 TESTING RELATIVE ERROR over r ranging from 0.0 to cutoff
| CHECK switch(x): max rel err =   0.2738E-14   at   2.422500
| CHECK d/dx switch(x): max rel err =   0.8314E-11   at   2.736960
 ---------------------------------------------------
|---------------------------------------------------
| APPROXIMATING direct energy using CUBIC SPLINE INTERPOLATION
|  with   50.0 points per unit in tabled values
| Relative Error Limit not exceeded for r .gt.   2.33
| APPROXIMATING direct force using CUBIC SPLINE INTERPOLATION
|  with   50.0 points per unit in tabled values
| Relative Error Limit not exceeded for r .gt.   2.80
|---------------------------------------------------

 NSTEP =      500   TIME(PS) =    2174.000  TEMP(K) =   301.86  PRESS =    -5.7
 Etot   =    -43451.2320  EKtot   =     11189.4307  EPtot      =    -54640.6626
 BOND   =       360.3646  ANGLE   =       988.3562  DIHED      =      2134.6480
 1-4 NB =       455.7728  1-4 EEL =      6234.7893  VDWAALS    =      6574.6712
 EELEC  =    -71416.6657  EHBOND  =         0.0000  RESTRAINT  =        27.4009
 EAMBER (non-restraint)  =    -54668.0636
 EKCMT  =      4884.5274  VIRIAL  =      4906.7582  VOLUME     =    180901.9203
                                                    Density    =         1.0219
 ------------------------------------------------------------------------------


 NSTEP =     1000   TIME(PS) =    2175.000  TEMP(K) =   300.62  PRESS =   -26.0
 Etot   =    -43686.3233  EKtot   =     11143.5146  EPtot      =    -54829.8379
 BOND   =       347.6852  ANGLE   =       983.2298  DIHED      =      2133.7635
 1-4 NB =       450.9389  1-4 EEL =      6241.8964  VDWAALS    =      6441.3654
 EELEC  =    -71455.8851  EHBOND  =         0.0000  RESTRAINT  =        27.1679
 EAMBER (non-restraint)  =    -54857.0059
 EKCMT  =      4849.8723  VIRIAL  =      4951.1846  VOLUME     =    180540.5396
                                                    Density    =         1.0240
 ------------------------------------------------------------------------------


 NSTEP =     1500   TIME(PS) =    2176.000  TEMP(K) =   302.34  PRESS =    48.3
 Etot   =    -43693.7102  EKtot   =     11207.3350  EPtot      =    -54901.0452
 BOND   =       371.5836  ANGLE   =       974.7629  DIHED      =      2119.3346
 1-4 NB =       453.4861  1-4 EEL =      6191.5553  VDWAALS    =      6572.0031
 EELEC  =    -71610.0132  EHBOND  =         0.0000  RESTRAINT  =        26.2423
 EAMBER (non-restraint)  =    -54927.2874
 EKCMT  =      4931.6967  VIRIAL  =      4743.9174  VOLUME     =    180073.5013
                                                    Density    =         1.0266
 ------------------------------------------------------------------------------


 NSTEP =     2000   TIME(PS) =    2177.000  TEMP(K) =   304.49  PRESS =   154.5
 Etot   =    -43519.4007  EKtot   =     11286.6816  EPtot      =    -54806.0823
 BOND   =       376.6015  ANGLE   =       974.1035  DIHED      =      2127.9991
 1-4 NB =       455.7128  1-4 EEL =      6211.2954  VDWAALS    =      6663.7362
 EELEC  =    -71643.4491  EHBOND  =         0.0000  RESTRAINT  =        27.9183
 EAMBER (non-restraint)  =    -54834.0006
 EKCMT  =      4909.2247  VIRIAL  =      4307.0859  VOLUME     =    180537.3610
                                                    Density    =         1.0240
 ------------------------------------------------------------------------------


 NSTEP =     2500   TIME(PS) =    2178.000  TEMP(K) =   296.66  PRESS =  -317.3
 Etot   =    -43824.9275  EKtot   =     10996.6475  EPtot      =    -54821.5750
 BOND   =       374.4808  ANGLE   =      1003.5550  DIHED      =      2136.7647
 1-4 NB =       455.2769  1-4 EEL =      6211.2996  VDWAALS    =      6513.9325
 EELEC  =    -71554.6673  EHBOND  =         0.0000  RESTRAINT  =        37.7827
 EAMBER (non-restraint)  =    -54859.3577
 EKCMT  =      4838.1223  VIRIAL  =      6078.1453  VOLUME     =    181024.0880
                                                    Density    =         1.0212
 ------------------------------------------------------------------------------


 NSTEP =     3000   TIME(PS) =    2179.000  TEMP(K) =   297.63  PRESS =   -61.8
 Etot   =    -43736.7141  EKtot   =     11032.6553  EPtot      =    -54769.3694
 BOND   =       353.4703  ANGLE   =      1025.2145  DIHED      =      2126.5620
 1-4 NB =       448.5590  1-4 EEL =      6245.1096  VDWAALS    =      6396.6528
 EELEC  =    -71395.5348  EHBOND  =         0.0000  RESTRAINT  =        30.5973
 EAMBER (non-restraint)  =    -54799.9666
 EKCMT  =      4840.7611  VIRIAL  =      5081.8572  VOLUME     =    180674.9264
                                                    Density    =         1.0232
 ------------------------------------------------------------------------------


 NSTEP =     3500   TIME(PS) =    2180.000  TEMP(K) =   298.34  PRESS =  -102.4
 Etot   =    -43811.4876  EKtot   =     11058.8838  EPtot      =    -54870.3713
 BOND   =       363.7372  ANGLE   =       966.7166  DIHED      =      2120.1555
 1-4 NB =       461.0311  1-4 EEL =      6231.3037  VDWAALS    =      6553.0207
 EELEC  =    -71595.5206  EHBOND  =         0.0000  RESTRAINT  =        29.1844
 EAMBER (non-restraint)  =    -54899.5557
 EKCMT  =      4847.7468  VIRIAL  =      5246.5781  VOLUME     =    180417.5691
                                                    Density    =         1.0247
 ------------------------------------------------------------------------------


 NSTEP =     4000   TIME(PS) =    2181.000  TEMP(K) =   300.26  PRESS =  -131.9
 Etot   =    -43435.2881  EKtot   =     11129.9307  EPtot      =    -54565.2188
 BOND   =       340.9000  ANGLE   =      1010.7375  DIHED      =      2138.6894
 1-4 NB =       465.2131  1-4 EEL =      6209.0161  VDWAALS    =      6481.2103
 EELEC  =    -71242.9979  EHBOND  =         0.0000  RESTRAINT  =        32.0129
 EAMBER (non-restraint)  =    -54597.2316
 EKCMT  =      4893.0557  VIRIAL  =      5407.3666  VOLUME     =    180573.7221
                                                    Density    =         1.0238
 ------------------------------------------------------------------------------


 NSTEP =     4500   TIME(PS) =    2182.000  TEMP(K) =   305.36  PRESS =   -91.8
 Etot   =    -43312.3733  EKtot   =     11319.2451  EPtot      =    -54631.6184
 BOND   =       347.9288  ANGLE   =      1028.4282  DIHED      =      2130.9302
 1-4 NB =       443.6221  1-4 EEL =      6165.1109  VDWAALS    =      6404.3369
 EELEC  =    -71184.2341  EHBOND  =         0.0000  RESTRAINT  =        32.2585
 EAMBER (non-restraint)  =    -54663.8769
 EKCMT  =      4929.3656  VIRIAL  =      5286.7852  VOLUME     =    180420.7065
                                                    Density    =         1.0247
 ------------------------------------------------------------------------------


 NSTEP =     5000   TIME(PS) =    2183.000  TEMP(K) =   304.31  PRESS =   185.7
 Etot   =    -43635.2510  EKtot   =     11280.2158  EPtot      =    -54915.4668
 BOND   =       339.5405  ANGLE   =       975.1000  DIHED      =      2144.3127
 1-4 NB =       445.8692  1-4 EEL =      6228.3859  VDWAALS    =      6494.7256
 EELEC  =    -71569.0997  EHBOND  =         0.0000  RESTRAINT  =        25.6991
 EAMBER (non-restraint)  =    -54941.1658
 EKCMT  =      4919.5298  VIRIAL  =      4195.8136  VOLUME     =    180460.6029
                                                    Density    =         1.0244
 ------------------------------------------------------------------------------


 NSTEP =     5500   TIME(PS) =    2184.000  TEMP(K) =   300.49  PRESS =   -96.9
 Etot   =    -43649.7499  EKtot   =     11138.6973  EPtot      =    -54788.4471
 BOND   =       384.4912  ANGLE   =       970.1454  DIHED      =      2144.1612
 1-4 NB =       458.7626  1-4 EEL =      6217.8262  VDWAALS    =      6508.7951
 EELEC  =    -71503.6304  EHBOND  =         0.0000  RESTRAINT  =        31.0016
 EAMBER (non-restraint)  =    -54819.4487
 EKCMT  =      4854.3734  VIRIAL  =      5231.9070  VOLUME     =    180434.6554
                                                    Density    =         1.0246
 ------------------------------------------------------------------------------


 NSTEP =     6000   TIME(PS) =    2185.000  TEMP(K) =   301.48  PRESS =   -22.3
 Etot   =    -43649.3443  EKtot   =     11175.4531  EPtot      =    -54824.7975
 BOND   =       353.2346  ANGLE   =       941.9485  DIHED      =      2152.8781
 1-4 NB =       455.0530  1-4 EEL =      6223.5577  VDWAALS    =      6590.5477
 EELEC  =    -71568.5419  EHBOND  =         0.0000  RESTRAINT  =        26.5249
 EAMBER (non-restraint)  =    -54851.3223
 EKCMT  =      4925.3354  VIRIAL  =      5012.4130  VOLUME     =    181116.0069
                                                    Density    =         1.0207
 ------------------------------------------------------------------------------


 NSTEP =     6500   TIME(PS) =    2186.000  TEMP(K) =   303.77  PRESS =   -98.9
 Etot   =    -43301.3788  EKtot   =     11260.0273  EPtot      =    -54561.4062
 BOND   =       345.4382  ANGLE   =      1015.7048  DIHED      =      2135.6602
 1-4 NB =       444.2281  1-4 EEL =      6184.1527  VDWAALS    =      6486.0163
 EELEC  =    -71206.4360  EHBOND  =         0.0000  RESTRAINT  =        33.8296
 EAMBER (non-restraint)  =    -54595.2358
 EKCMT  =      4863.5289  VIRIAL  =      5251.1967  VOLUME     =    181517.0448
                                                    Density    =         1.0185
 ------------------------------------------------------------------------------


 NSTEP =     7000   TIME(PS) =    2187.000  TEMP(K) =   303.52  PRESS =     5.8
 Etot   =    -43404.4045  EKtot   =     11250.7529  EPtot      =    -54655.1574
 BOND   =       364.5707  ANGLE   =       956.5133  DIHED      =      2154.4872
 1-4 NB =       448.8159  1-4 EEL =      6156.0046  VDWAALS    =      6657.5866
 EELEC  =    -71418.5447  EHBOND  =         0.0000  RESTRAINT  =        25.4091
 EAMBER (non-restraint)  =    -54680.5665
 EKCMT  =      4992.0557  VIRIAL  =      4969.2524  VOLUME     =    181429.8115
                                                    Density    =         1.0190
 ------------------------------------------------------------------------------


 NSTEP =     7500   TIME(PS) =    2188.000  TEMP(K) =   302.12  PRESS =   -94.8
 Etot   =    -43364.9844  EKtot   =     11199.1582  EPtot      =    -54564.1426
 BOND   =       352.4486  ANGLE   =       998.6758  DIHED      =      2146.9017
 1-4 NB =       450.4768  1-4 EEL =      6164.0004  VDWAALS    =      6466.1157
 EELEC  =    -71173.4414  EHBOND  =         0.0000  RESTRAINT  =        30.6798
 EAMBER (non-restraint)  =    -54594.8224
 EKCMT  =      4857.1345  VIRIAL  =      5228.6740  VOLUME     =    181583.8997
                                                    Density    =         1.0181
 ------------------------------------------------------------------------------


 NSTEP =     8000   TIME(PS) =    2189.000  TEMP(K) =   299.22  PRESS =  -142.3
 Etot   =    -43565.0643  EKtot   =     11091.5400  EPtot      =    -54656.6043
 BOND   =       356.2026  ANGLE   =      1018.3287  DIHED      =      2145.4403
 1-4 NB =       452.2769  1-4 EEL =      6219.8684  VDWAALS    =      6555.2924
 EELEC  =    -71435.3232  EHBOND  =         0.0000  RESTRAINT  =        31.3096
 EAMBER (non-restraint)  =    -54687.9139
 EKCMT  =      4891.2674  VIRIAL  =      5449.0247  VOLUME     =    181593.1784
                                                    Density    =         1.0180
 ------------------------------------------------------------------------------


 NSTEP =     8500   TIME(PS) =    2190.000  TEMP(K) =   299.04  PRESS =   -29.9
 Etot   =    -43784.0551  EKtot   =     11084.9912  EPtot      =    -54869.0463
 BOND   =       335.9875  ANGLE   =       969.9919  DIHED      =      2160.9121
 1-4 NB =       449.1634  1-4 EEL =      6231.7762  VDWAALS    =      6510.4515
 EELEC  =    -71553.8811  EHBOND  =         0.0000  RESTRAINT  =        26.5522
 EAMBER (non-restraint)  =    -54895.5985
 EKCMT  =      4844.2227  VIRIAL  =      4961.0550  VOLUME     =    180735.0349
                                                    Density    =         1.0229
 ------------------------------------------------------------------------------


 NSTEP =     9000   TIME(PS) =    2191.000  TEMP(K) =   303.35  PRESS =    26.6
 Etot   =    -43332.6748  EKtot   =     11244.5332  EPtot      =    -54577.2080
 BOND   =       371.6761  ANGLE   =       986.7244  DIHED      =      2138.1867
 1-4 NB =       446.2372  1-4 EEL =      6210.1349  VDWAALS    =      6454.4777
 EELEC  =    -71218.4184  EHBOND  =         0.0000  RESTRAINT  =        33.7735
 EAMBER (non-restraint)  =    -54610.9815
 EKCMT  =      4939.2665  VIRIAL  =      4835.2871  VOLUME     =    180879.2699
                                                    Density    =         1.0221
 ------------------------------------------------------------------------------


 NSTEP =     9500   TIME(PS) =    2192.000  TEMP(K) =   299.27  PRESS =    -5.4
 Etot   =    -43675.7159  EKtot   =     11093.4463  EPtot      =    -54769.1621
 BOND   =       334.1964  ANGLE   =      1013.2288  DIHED      =      2122.5691
 1-4 NB =       450.1802  1-4 EEL =      6198.8202  VDWAALS    =      6421.6329
 EELEC  =    -71341.6091  EHBOND  =         0.0000  RESTRAINT  =        31.8195
 EAMBER (non-restraint)  =    -54800.9816
 EKCMT  =      4832.5357  VIRIAL  =      4853.5196  VOLUME     =    180643.3752
                                                    Density    =         1.0234
 ------------------------------------------------------------------------------


 NSTEP =    10000   TIME(PS) =    2193.000  TEMP(K) =   296.05  PRESS =  -102.2
 Etot   =    -43841.4793  EKtot   =     10974.0898  EPtot      =    -54815.5691
 BOND   =       356.7405  ANGLE   =      1000.6458  DIHED      =      2145.5070
 1-4 NB =       452.7521  1-4 EEL =      6188.1587  VDWAALS    =      6505.0419
 EELEC  =    -71492.2603  EHBOND  =         0.0000  RESTRAINT  =        27.8452
 EAMBER (non-restraint)  =    -54843.4144
 EKCMT  =      4772.0734  VIRIAL  =      5170.3762  VOLUME     =    180589.7965
                                                    Density    =         1.0237
 ------------------------------------------------------------------------------


 NSTEP =    10500   TIME(PS) =    2194.000  TEMP(K) =   298.83  PRESS =  -197.3
 Etot   =    -43703.7702  EKtot   =     11077.0781  EPtot      =    -54780.8483
 BOND   =       327.1795  ANGLE   =       994.8970  DIHED      =      2122.6477
 1-4 NB =       459.7099  1-4 EEL =      6224.9618  VDWAALS    =      6399.1068
 EELEC  =    -71340.0031  EHBOND  =         0.0000  RESTRAINT  =        30.6521
 EAMBER (non-restraint)  =    -54811.5005
 EKCMT  =      4848.3163  VIRIAL  =      5615.9125  VOLUME     =    180184.0391
                                                    Density    =         1.0260
 ------------------------------------------------------------------------------


 NSTEP =    11000   TIME(PS) =    2195.000  TEMP(K) =   300.91  PRESS =     2.7
 Etot   =    -43534.7361  EKtot   =     11154.1494  EPtot      =    -54688.8855
 BOND   =       360.1101  ANGLE   =      1015.4661  DIHED      =      2138.0707
 1-4 NB =       452.4654  1-4 EEL =      6205.8598  VDWAALS    =      6531.1535
 EELEC  =    -71422.3670  EHBOND  =         0.0000  RESTRAINT  =        30.3559
 EAMBER (non-restraint)  =    -54719.2414
 EKCMT  =      4905.3957  VIRIAL  =      4894.9303  VOLUME     =    180309.2050
                                                    Density    =         1.0253
 ------------------------------------------------------------------------------


 NSTEP =    11500   TIME(PS) =    2196.000  TEMP(K) =   302.58  PRESS =   238.9
 Etot   =    -43481.8110  EKtot   =     11215.8760  EPtot      =    -54697.6870
 BOND   =       361.5189  ANGLE   =       975.6661  DIHED      =      2108.0478
 1-4 NB =       444.4750  1-4 EEL =      6207.8848  VDWAALS    =      6643.9001
 EELEC  =    -71470.9104  EHBOND  =         0.0000  RESTRAINT  =        31.7307
 EAMBER (non-restraint)  =    -54729.4177
 EKCMT  =      4939.4722  VIRIAL  =      4007.8722  VOLUME     =    180597.1957
                                                    Density    =         1.0237
 ------------------------------------------------------------------------------


 NSTEP =    12000   TIME(PS) =    2197.000  TEMP(K) =   298.31  PRESS =    71.7
 Etot   =    -43596.8142  EKtot   =     11057.7998  EPtot      =    -54654.6140
 BOND   =       363.5966  ANGLE   =       996.0651  DIHED      =      2156.0804
 1-4 NB =       454.9316  1-4 EEL =      6221.8727  VDWAALS    =      6580.5021
 EELEC  =    -71458.2866  EHBOND  =         0.0000  RESTRAINT  =        30.6241
 EAMBER (non-restraint)  =    -54685.2381
 EKCMT  =      4861.2506  VIRIAL  =      4581.6836  VOLUME     =    180521.9339
                                                    Density    =         1.0241
 ------------------------------------------------------------------------------


 NSTEP =    12500   TIME(PS) =    2198.000  TEMP(K) =   300.32  PRESS =  -320.1
 Etot   =    -43553.2684  EKtot   =     11132.3604  EPtot      =    -54685.6288
 BOND   =       371.5236  ANGLE   =       986.7915  DIHED      =      2139.2447
 1-4 NB =       448.0778  1-4 EEL =      6230.6889  VDWAALS    =      6482.5521
 EELEC  =    -71370.9703  EHBOND  =         0.0000  RESTRAINT  =        26.4630
 EAMBER (non-restraint)  =    -54712.0918
 EKCMT  =      4811.0937  VIRIAL  =      6058.9761  VOLUME     =    180566.7230
                                                    Density    =         1.0238
 ------------------------------------------------------------------------------


 NSTEP =    13000   TIME(PS) =    2199.000  TEMP(K) =   298.31  PRESS =  -148.4
 Etot   =    -43502.0531  EKtot   =     11057.8760  EPtot      =    -54559.9291
 BOND   =       353.2680  ANGLE   =       981.8363  DIHED      =      2140.2784
 1-4 NB =       449.2873  1-4 EEL =      6199.6971  VDWAALS    =      6568.6766
 EELEC  =    -71281.4229  EHBOND  =         0.0000  RESTRAINT  =        28.4501
 EAMBER (non-restraint)  =    -54588.3792
 EKCMT  =      4871.7156  VIRIAL  =      5451.5314  VOLUME     =    180959.6196
                                                    Density    =         1.0216
 ------------------------------------------------------------------------------


 NSTEP =    13500   TIME(PS) =    2200.000  TEMP(K) =   296.81  PRESS =    30.4
 Etot   =    -43790.0823  EKtot   =     11002.1826  EPtot      =    -54792.2650
 BOND   =       390.3515  ANGLE   =       979.0085  DIHED      =      2109.0736
 1-4 NB =       446.4024  1-4 EEL =      6198.6594  VDWAALS    =      6520.0259
 EELEC  =    -71471.9904  EHBOND  =         0.0000  RESTRAINT  =        36.2042
 EAMBER (non-restraint)  =    -54828.4691
 EKCMT  =      4846.9696  VIRIAL  =      4728.3764  VOLUME     =    180678.2763
                                                    Density    =         1.0232
 ------------------------------------------------------------------------------


 NSTEP =    14000   TIME(PS) =    2201.000  TEMP(K) =   301.18  PRESS =    40.3
 Etot   =    -43602.5777  EKtot   =     11164.3428  EPtot      =    -54766.9205
 BOND   =       346.9784  ANGLE   =       980.0502  DIHED      =      2153.3886
 1-4 NB =       453.6446  1-4 EEL =      6204.9908  VDWAALS    =      6572.1427
 EELEC  =    -71509.2540  EHBOND  =         0.0000  RESTRAINT  =        31.1382
 EAMBER (non-restraint)  =    -54798.0587
 EKCMT  =      4881.9243  VIRIAL  =      4724.3753  VOLUME     =    181068.1041
                                                    Density    =         1.0210
 ------------------------------------------------------------------------------


 NSTEP =    14500   TIME(PS) =    2202.000  TEMP(K) =   296.12  PRESS =    79.5
 Etot   =    -43720.3807  EKtot   =     10976.6699  EPtot      =    -54697.0507
 BOND   =       342.7462  ANGLE   =       950.1622  DIHED      =      2134.7270
 1-4 NB =       444.5444  1-4 EEL =      6203.8437  VDWAALS    =      6631.7119
 EELEC  =    -71438.1554  EHBOND  =         0.0000  RESTRAINT  =        33.3693
 EAMBER (non-restraint)  =    -54730.4199
 EKCMT  =      4873.9304  VIRIAL  =      4563.3984  VOLUME     =    180996.3738
                                                    Density    =         1.0214
 ------------------------------------------------------------------------------


 NSTEP =    15000   TIME(PS) =    2203.000  TEMP(K) =   299.40  PRESS =   115.7
 Etot   =    -43639.2716  EKtot   =     11098.1377  EPtot      =    -54737.4093
 BOND   =       347.4744  ANGLE   =       971.7149  DIHED      =      2145.1237
 1-4 NB =       446.8949  1-4 EEL =      6210.8368  VDWAALS    =      6604.3549
 EELEC  =    -71497.6675  EHBOND  =         0.0000  RESTRAINT  =        33.8586
 EAMBER (non-restraint)  =    -54771.2679
 EKCMT  =      4831.4177  VIRIAL  =      4379.7250  VOLUME     =    180846.4059
                                                    Density    =         1.0222
 ------------------------------------------------------------------------------


 NSTEP =    15500   TIME(PS) =    2204.000  TEMP(K) =   300.40  PRESS =   184.9
 Etot   =    -43580.1872  EKtot   =     11135.3691  EPtot      =    -54715.5564
 BOND   =       369.8192  ANGLE   =       963.3055  DIHED      =      2166.9161
 1-4 NB =       452.9827  1-4 EEL =      6223.2929  VDWAALS    =      6545.7262
 EELEC  =    -71467.0765  EHBOND  =         0.0000  RESTRAINT  =        29.4777
 EAMBER (non-restraint)  =    -54745.0341
 EKCMT  =      4908.7414  VIRIAL  =      4187.3742  VOLUME     =    180716.2965
                                                    Density    =         1.0230
 ------------------------------------------------------------------------------


 NSTEP =    16000   TIME(PS) =    2205.000  TEMP(K) =   299.87  PRESS =    82.8
 Etot   =    -43490.0087  EKtot   =     11115.4492  EPtot      =    -54605.4579
 BOND   =       331.6865  ANGLE   =      1018.7076  DIHED      =      2135.2653
 1-4 NB =       435.6201  1-4 EEL =      6198.1968  VDWAALS    =      6470.8138
 EELEC  =    -71226.2245  EHBOND  =         0.0000  RESTRAINT  =        30.4765
 EAMBER (non-restraint)  =    -54635.9343
 EKCMT  =      4835.4867  VIRIAL  =      4512.3309  VOLUME     =    180681.5770
                                                    Density    =         1.0232
 ------------------------------------------------------------------------------


 NSTEP =    16500   TIME(PS) =    2206.000  TEMP(K) =   301.21  PRESS =   161.7
 Etot   =    -43391.5451  EKtot   =     11165.1211  EPtot      =    -54556.6662
 BOND   =       354.8917  ANGLE   =      1010.1437  DIHED      =      2143.6925
 1-4 NB =       439.8617  1-4 EEL =      6223.9728  VDWAALS    =      6400.5512
 EELEC  =    -71160.0543  EHBOND  =         0.0000  RESTRAINT  =        30.2745
 EAMBER (non-restraint)  =    -54586.9408
 EKCMT  =      4920.5591  VIRIAL  =      4290.5140  VOLUME     =    180500.4378
                                                    Density    =         1.0242
 ------------------------------------------------------------------------------


 NSTEP =    17000   TIME(PS) =    2207.000  TEMP(K) =   297.24  PRESS =   -15.1
 Etot   =    -43786.7818  EKtot   =     11018.2373  EPtot      =    -54805.0191
 BOND   =       362.1578  ANGLE   =      1001.5056  DIHED      =      2150.4223
 1-4 NB =       458.2920  1-4 EEL =      6172.6976  VDWAALS    =      6587.6224
 EELEC  =    -71563.3478  EHBOND  =         0.0000  RESTRAINT  =        25.6310
 EAMBER (non-restraint)  =    -54830.6502
 EKCMT  =      4819.5490  VIRIAL  =      4878.1593  VOLUME     =    180233.9428
                                                    Density    =         1.0257
 ------------------------------------------------------------------------------


 NSTEP =    17500   TIME(PS) =    2208.000  TEMP(K) =   303.14  PRESS =   -13.4
 Etot   =    -43534.0434  EKtot   =     11236.6553  EPtot      =    -54770.6987
 BOND   =       368.6969  ANGLE   =      1012.7245  DIHED      =      2143.3370
 1-4 NB =       440.1999  1-4 EEL =      6250.3644  VDWAALS    =      6572.4692
 EELEC  =    -71591.4493  EHBOND  =         0.0000  RESTRAINT  =        32.9586
 EAMBER (non-restraint)  =    -54803.6573
 EKCMT  =      4904.5038  VIRIAL  =      4956.5256  VOLUME     =    180244.5642
                                                    Density    =         1.0257
 ------------------------------------------------------------------------------


 NSTEP =    18000   TIME(PS) =    2209.000  TEMP(K) =   297.36  PRESS =    21.0
 Etot   =    -43692.7788  EKtot   =     11022.5068  EPtot      =    -54715.2856
 BOND   =       349.6879  ANGLE   =       980.5003  DIHED      =      2112.4943
 1-4 NB =       459.6537  1-4 EEL =      6212.8406  VDWAALS    =      6677.1687
 EELEC  =    -71535.3323  EHBOND  =         0.0000  RESTRAINT  =        27.7011
 EAMBER (non-restraint)  =    -54742.9867
 EKCMT  =      4803.0599  VIRIAL  =      4720.9256  VOLUME     =    180747.4292
                                                    Density    =         1.0228
 ------------------------------------------------------------------------------


 NSTEP =    18500   TIME(PS) =    2210.000  TEMP(K) =   300.60  PRESS =   155.8
 Etot   =    -43584.1602  EKtot   =     11142.7842  EPtot      =    -54726.9444
 BOND   =       333.1229  ANGLE   =       949.6495  DIHED      =      2145.3227
 1-4 NB =       444.1965  1-4 EEL =      6219.3868  VDWAALS    =      6605.7682
 EELEC  =    -71456.1495  EHBOND  =         0.0000  RESTRAINT  =        31.7586
 EAMBER (non-restraint)  =    -54758.7030
 EKCMT  =      4868.1306  VIRIAL  =      4260.2310  VOLUME     =    180748.9170
                                                    Density    =         1.0228
 ------------------------------------------------------------------------------


 NSTEP =    19000   TIME(PS) =    2211.000  TEMP(K) =   298.04  PRESS =   136.4
 Etot   =    -43589.9022  EKtot   =     11047.9316  EPtot      =    -54637.8338
 BOND   =       361.5711  ANGLE   =       942.2930  DIHED      =      2144.4083
 1-4 NB =       447.9927  1-4 EEL =      6209.3563  VDWAALS    =      6558.5012
 EELEC  =    -71337.1611  EHBOND  =         0.0000  RESTRAINT  =        35.2047
 EAMBER (non-restraint)  =    -54673.0386
 EKCMT  =      4822.8391  VIRIAL  =      4289.8110  VOLUME     =    181044.0781
                                                    Density    =         1.0211
 ------------------------------------------------------------------------------


 NSTEP =    19500   TIME(PS) =    2212.000  TEMP(K) =   297.88  PRESS =  -145.3
 Etot   =    -43723.8140  EKtot   =     11041.6768  EPtot      =    -54765.4908
 BOND   =       344.0183  ANGLE   =       967.1933  DIHED      =      2140.3488
 1-4 NB =       457.6241  1-4 EEL =      6200.9135  VDWAALS    =      6475.6225
 EELEC  =    -71383.1476  EHBOND  =         0.0000  RESTRAINT  =        31.9363
 EAMBER (non-restraint)  =    -54797.4271
 EKCMT  =      4805.5147  VIRIAL  =      5372.6156  VOLUME     =    180805.5921
                                                    Density    =         1.0225
 ------------------------------------------------------------------------------


 NSTEP =    20000   TIME(PS) =    2213.000  TEMP(K) =   300.91  PRESS =   -51.8
 Etot   =    -43540.9660  EKtot   =     11154.3145  EPtot      =    -54695.2805
 BOND   =       357.6126  ANGLE   =       974.7018  DIHED      =      2138.0242
 1-4 NB =       442.3151  1-4 EEL =      6218.9644  VDWAALS    =      6585.2068
 EELEC  =    -71447.0504  EHBOND  =         0.0000  RESTRAINT  =        34.9450
 EAMBER (non-restraint)  =    -54730.2255
 EKCMT  =      4840.2707  VIRIAL  =      5042.5254  VOLUME     =    180711.6920
                                                    Density    =         1.0230
 ------------------------------------------------------------------------------


 NSTEP =    20500   TIME(PS) =    2214.000  TEMP(K) =   298.19  PRESS =  -276.6
 Etot   =    -43700.7141  EKtot   =     11053.2139  EPtot      =    -54753.9280
 BOND   =       353.2208  ANGLE   =      1025.7131  DIHED      =      2163.5968
 1-4 NB =       446.9382  1-4 EEL =      6179.0219  VDWAALS    =      6507.9248
 EELEC  =    -71467.2099  EHBOND  =         0.0000  RESTRAINT  =        36.8663
 EAMBER (non-restraint)  =    -54790.7943
 EKCMT  =      4839.7540  VIRIAL  =      5918.0863  VOLUME     =    180581.6075
                                                    Density    =         1.0237
 ------------------------------------------------------------------------------


 NSTEP =    21000   TIME(PS) =    2215.000  TEMP(K) =   293.48  PRESS =    57.7
 Etot   =    -43751.3959  EKtot   =     10878.6699  EPtot      =    -54630.0658
 BOND   =       346.3512  ANGLE   =      1035.9873  DIHED      =      2117.0803
 1-4 NB =       444.8190  1-4 EEL =      6196.7515  VDWAALS    =      6542.6333
 EELEC  =    -71345.2038  EHBOND  =         0.0000  RESTRAINT  =        31.5153
 EAMBER (non-restraint)  =    -54661.5811
 EKCMT  =      4702.2032  VIRIAL  =      4477.4551  VOLUME     =    180496.4962
                                                    Density    =         1.0242
 ------------------------------------------------------------------------------


 NSTEP =    21500   TIME(PS) =    2216.000  TEMP(K) =   299.03  PRESS =   -28.2
 Etot   =    -43723.5853  EKtot   =     11084.5508  EPtot      =    -54808.1361
 BOND   =       341.6547  ANGLE   =       981.0492  DIHED      =      2132.1192
 1-4 NB =       452.0803  1-4 EEL =      6186.2213  VDWAALS    =      6496.1201
 EELEC  =    -71428.3655  EHBOND  =         0.0000  RESTRAINT  =        30.9847
 EAMBER (non-restraint)  =    -54839.1208
 EKCMT  =      4866.9927  VIRIAL  =      4976.7779  VOLUME     =    180547.6406
                                                    Density    =         1.0239
 ------------------------------------------------------------------------------


 NSTEP =    22000   TIME(PS) =    2217.000  TEMP(K) =   300.98  PRESS =  -117.7
 Etot   =    -43685.5014  EKtot   =     11156.5674  EPtot      =    -54842.0688
 BOND   =       324.2977  ANGLE   =       968.0214  DIHED      =      2144.0228
 1-4 NB =       456.8713  1-4 EEL =      6204.4325  VDWAALS    =      6504.6741
 EELEC  =    -71472.1451  EHBOND  =         0.0000  RESTRAINT  =        27.7566
 EAMBER (non-restraint)  =    -54869.8254
 EKCMT  =      4912.6504  VIRIAL  =      5372.3250  VOLUME     =    180830.2454
                                                    Density    =         1.0223
 ------------------------------------------------------------------------------


 NSTEP =    22500   TIME(PS) =    2218.000  TEMP(K) =   299.19  PRESS =   224.0
 Etot   =    -43625.9291  EKtot   =     11090.5791  EPtot      =    -54716.5082
 BOND   =       360.6809  ANGLE   =       966.7140  DIHED      =      2143.4275
 1-4 NB =       441.9545  1-4 EEL =      6174.1401  VDWAALS    =      6680.4426
 EELEC  =    -71512.2007  EHBOND  =         0.0000  RESTRAINT  =        28.3330
 EAMBER (non-restraint)  =    -54744.8412
 EKCMT  =      4926.1408  VIRIAL  =      4052.6101  VOLUME     =    180650.9871
                                                    Density    =         1.0234
 ------------------------------------------------------------------------------


 NSTEP =    23000   TIME(PS) =    2219.000  TEMP(K) =   297.65  PRESS =   212.3
 Etot   =    -43860.2052  EKtot   =     11033.2832  EPtot      =    -54893.4884
 BOND   =       352.9519  ANGLE   =       999.0526  DIHED      =      2141.3298
 1-4 NB =       440.1601  1-4 EEL =      6189.7780  VDWAALS    =      6635.5968
 EELEC  =    -71689.1802  EHBOND  =         0.0000  RESTRAINT  =        36.8227
 EAMBER (non-restraint)  =    -54930.3111
 EKCMT  =      4890.1019  VIRIAL  =      4060.7735  VOLUME     =    180946.2941
                                                    Density    =         1.0217
 ------------------------------------------------------------------------------


 NSTEP =    23500   TIME(PS) =    2220.000  TEMP(K) =   300.40  PRESS =    60.7
 Etot   =    -43540.3609  EKtot   =     11135.3379  EPtot      =    -54675.6987
 BOND   =       346.8562  ANGLE   =       997.3957  DIHED      =      2123.1443
 1-4 NB =       458.0138  1-4 EEL =      6199.7778  VDWAALS    =      6543.4375
 EELEC  =    -71375.4599  EHBOND  =         0.0000  RESTRAINT  =        31.1357
 EAMBER (non-restraint)  =    -54706.8345
 EKCMT  =      4849.7979  VIRIAL  =      4612.4318  VOLUME     =    181022.6557
                                                    Density    =         1.0213
 ------------------------------------------------------------------------------


 NSTEP =    24000   TIME(PS) =    2221.000  TEMP(K) =   298.83  PRESS =   162.3
 Etot   =    -43622.2964  EKtot   =     11077.0732  EPtot      =    -54699.3696
 BOND   =       353.1930  ANGLE   =       991.1687  DIHED      =      2141.9579
 1-4 NB =       447.8773  1-4 EEL =      6198.4980  VDWAALS    =      6525.6839
 EELEC  =    -71391.2189  EHBOND  =         0.0000  RESTRAINT  =        33.4704
 EAMBER (non-restraint)  =    -54732.8401
 EKCMT  =      4857.7552  VIRIAL  =      4223.8671  VOLUME     =    180899.2076
                                                    Density    =         1.0220
 ------------------------------------------------------------------------------


 NSTEP =    24500   TIME(PS) =    2222.000  TEMP(K) =   302.39  PRESS =  -166.7
 Etot   =    -43647.1884  EKtot   =     11209.1465  EPtot      =    -54856.3349
 BOND   =       326.8813  ANGLE   =      1036.7110  DIHED      =      2124.6951
 1-4 NB =       449.3354  1-4 EEL =      6242.9988  VDWAALS    =      6538.8652
 EELEC  =    -71607.2356  EHBOND  =         0.0000  RESTRAINT  =        31.4139
 EAMBER (non-restraint)  =    -54887.7489
 EKCMT  =      4916.3662  VIRIAL  =      5567.4090  VOLUME     =    180838.7058
                                                    Density    =         1.0223
 ------------------------------------------------------------------------------


 NSTEP =    25000   TIME(PS) =    2223.000  TEMP(K) =   302.14  PRESS =   314.6
 Etot   =    -43552.4654  EKtot   =     11199.7529  EPtot      =    -54752.2184
 BOND   =       350.3655  ANGLE   =       954.9284  DIHED      =      2158.9080
 1-4 NB =       446.5530  1-4 EEL =      6225.6190  VDWAALS    =      6743.5326
 EELEC  =    -71661.3876  EHBOND  =         0.0000  RESTRAINT  =        29.2628
 EAMBER (non-restraint)  =    -54781.4811
 EKCMT  =      4899.0633  VIRIAL  =      3668.2580  VOLUME     =    181205.6900
                                                    Density    =         1.0202
 ------------------------------------------------------------------------------


 NSTEP =    25500   TIME(PS) =    2224.000  TEMP(K) =   302.06  PRESS =  -114.7
 Etot   =    -43433.8708  EKtot   =     11196.9531  EPtot      =    -54630.8239
 BOND   =       385.6469  ANGLE   =       942.4987  DIHED      =      2122.0845
 1-4 NB =       439.1929  1-4 EEL =      6236.7171  VDWAALS    =      6449.6582
 EELEC  =    -71240.0806  EHBOND  =         0.0000  RESTRAINT  =        33.4584
 EAMBER (non-restraint)  =    -54664.2823
 EKCMT  =      4952.9080  VIRIAL  =      5402.4957  VOLUME     =    181564.4910
                                                    Density    =         1.0182
 ------------------------------------------------------------------------------


 NSTEP =    26000   TIME(PS) =    2225.000  TEMP(K) =   297.34  PRESS =  -231.6
 Etot   =    -43639.0338  EKtot   =     11021.7617  EPtot      =    -54660.7955
 BOND   =       332.4430  ANGLE   =       981.4355  DIHED      =      2142.4983
 1-4 NB =       452.1857  1-4 EEL =      6252.4647  VDWAALS    =      6276.7560
 EELEC  =    -71129.0756  EHBOND  =         0.0000  RESTRAINT  =        30.4968
 EAMBER (non-restraint)  =    -54691.2923
 EKCMT  =      4776.7957  VIRIAL  =      5683.5735  VOLUME     =    181317.6096
                                                    Density    =         1.0196
 ------------------------------------------------------------------------------


 NSTEP =    26500   TIME(PS) =    2226.000  TEMP(K) =   304.04  PRESS =  -243.1
 Etot   =    -43618.9028  EKtot   =     11270.0596  EPtot      =    -54888.9623
 BOND   =       350.9358  ANGLE   =       953.9184  DIHED      =      2143.9446
 1-4 NB =       461.5182  1-4 EEL =      6224.6877  VDWAALS    =      6386.9726
 EELEC  =    -71444.1047  EHBOND  =         0.0000  RESTRAINT  =        33.1651
 EAMBER (non-restraint)  =    -54922.1275
 EKCMT  =      4895.8199  VIRIAL  =      5845.5358  VOLUME     =    180953.3655
                                                    Density    =         1.0216
 ------------------------------------------------------------------------------


 NSTEP =    27000   TIME(PS) =    2227.000  TEMP(K) =   300.48  PRESS =  -135.0
 Etot   =    -43813.1962  EKtot   =     11138.4014  EPtot      =    -54951.5976
 BOND   =       341.1550  ANGLE   =       983.7416  DIHED      =      2133.2389
 1-4 NB =       437.4806  1-4 EEL =      6205.2512  VDWAALS    =      6659.3714
 EELEC  =    -71743.0338  EHBOND  =         0.0000  RESTRAINT  =        31.1975
 EAMBER (non-restraint)  =    -54982.7951
 EKCMT  =      4883.3895  VIRIAL  =      5410.9130  VOLUME     =    180915.8707
                                                    Density    =         1.0219
 ------------------------------------------------------------------------------


 NSTEP =    27500   TIME(PS) =    2228.000  TEMP(K) =   299.23  PRESS =   -19.7
 Etot   =    -43635.2368  EKtot   =     11091.9609  EPtot      =    -54727.1977
 BOND   =       345.9078  ANGLE   =      1008.2916  DIHED      =      2137.0106
 1-4 NB =       447.6295  1-4 EEL =      6190.3688  VDWAALS    =      6535.8682
 EELEC  =    -71425.5054  EHBOND  =         0.0000  RESTRAINT  =        33.2314
 EAMBER (non-restraint)  =    -54760.4291
 EKCMT  =      4858.8889  VIRIAL  =      4935.7412  VOLUME     =    180532.5355
                                                    Density    =         1.0240
 ------------------------------------------------------------------------------


 NSTEP =    28000   TIME(PS) =    2229.000  TEMP(K) =   302.36  PRESS =    25.7
 Etot   =    -43634.9684  EKtot   =     11207.7861  EPtot      =    -54842.7546
 BOND   =       329.8510  ANGLE   =      1014.7104  DIHED      =      2140.4471
 1-4 NB =       451.8937  1-4 EEL =      6214.4704  VDWAALS    =      6585.7669
 EELEC  =    -71613.4713  EHBOND  =         0.0000  RESTRAINT  =        33.5772
 EAMBER (non-restraint)  =    -54876.3318
 EKCMT  =      4895.1592  VIRIAL  =      4794.8496  VOLUME     =    180857.1644
                                                    Density    =         1.0222
 ------------------------------------------------------------------------------


 NSTEP =    28500   TIME(PS) =    2230.000  TEMP(K) =   304.53  PRESS =    61.1
 Etot   =    -43648.0717  EKtot   =     11288.1748  EPtot      =    -54936.2465
 BOND   =       354.8217  ANGLE   =       977.8355  DIHED      =      2150.8341
 1-4 NB =       443.3713  1-4 EEL =      6235.4437  VDWAALS    =      6720.0222
 EELEC  =    -71849.2968  EHBOND  =         0.0000  RESTRAINT  =        30.7219
 EAMBER (non-restraint)  =    -54966.9684
 EKCMT  =      4932.9219  VIRIAL  =      4693.5886  VOLUME     =    181314.8949
                                                    Density    =         1.0196
 ------------------------------------------------------------------------------


 NSTEP =    29000   TIME(PS) =    2231.000  TEMP(K) =   302.18  PRESS =   261.8
 Etot   =    -43385.6037  EKtot   =     11201.0986  EPtot      =    -54586.7023
 BOND   =       357.0433  ANGLE   =       998.7444  DIHED      =      2162.9729
 1-4 NB =       456.2797  1-4 EEL =      6235.5691  VDWAALS    =      6613.3412
 EELEC  =    -71444.8486  EHBOND  =         0.0000  RESTRAINT  =        34.1957
 EAMBER (non-restraint)  =    -54620.8980
 EKCMT  =      4884.8607  VIRIAL  =      3857.8131  VOLUME     =    181704.4392
                                                    Density    =         1.0174
 ------------------------------------------------------------------------------


 NSTEP =    29500   TIME(PS) =    2232.000  TEMP(K) =   302.54  PRESS =  -104.7
 Etot   =    -43560.0822  EKtot   =     11214.6777  EPtot      =    -54774.7599
 BOND   =       333.6481  ANGLE   =      1005.5864  DIHED      =      2149.5713
 1-4 NB =       466.0443  1-4 EEL =      6151.8531  VDWAALS    =      6517.1270
 EELEC  =    -71425.6064  EHBOND  =         0.0000  RESTRAINT  =        27.0162
 EAMBER (non-restraint)  =    -54801.7761
 EKCMT  =      4939.3917  VIRIAL  =      5350.0861  VOLUME     =    181695.8645
                                                    Density    =         1.0175
 ------------------------------------------------------------------------------


 NSTEP =    30000   TIME(PS) =    2233.000  TEMP(K) =   298.45  PRESS =  -178.1
 Etot   =    -43543.5525  EKtot   =     11063.1094  EPtot      =    -54606.6619
 BOND   =       364.2995  ANGLE   =      1015.4206  DIHED      =      2134.9878
 1-4 NB =       451.7459  1-4 EEL =      6184.9219  VDWAALS    =      6620.9654
 EELEC  =    -71409.2455  EHBOND  =         0.0000  RESTRAINT  =        30.2425
 EAMBER (non-restraint)  =    -54636.9044
 EKCMT  =      4882.9478  VIRIAL  =      5581.2160  VOLUME     =    181627.1317
                                                    Density    =         1.0179
 ------------------------------------------------------------------------------


 NSTEP =    30500   TIME(PS) =    2234.000  TEMP(K) =   298.79  PRESS =    88.5
 Etot   =    -43783.5646  EKtot   =     11075.4365  EPtot      =    -54859.0011
 BOND   =       344.3443  ANGLE   =      1002.1334  DIHED      =      2116.8443
 1-4 NB =       460.8190  1-4 EEL =      6212.2173  VDWAALS    =      6598.8095
 EELEC  =    -71629.2183  EHBOND  =         0.0000  RESTRAINT  =        35.0494
 EAMBER (non-restraint)  =    -54894.0505
 EKCMT  =      4900.7040  VIRIAL  =      4553.3588  VOLUME     =    181726.9842
                                                    Density    =         1.0173
 ------------------------------------------------------------------------------


 NSTEP =    31000   TIME(PS) =    2235.000  TEMP(K) =   297.38  PRESS =   217.3
 Etot   =    -43660.2770  EKtot   =     11023.3672  EPtot      =    -54683.6441
 BOND   =       329.3488  ANGLE   =       971.1899  DIHED      =      2120.5772
 1-4 NB =       448.6752  1-4 EEL =      6254.5453  VDWAALS    =      6664.2069
 EELEC  =    -71505.2327  EHBOND  =         0.0000  RESTRAINT  =        33.0451
 EAMBER (non-restraint)  =    -54716.6893
 EKCMT  =      4871.0103  VIRIAL  =      4020.4444  VOLUME     =    181281.6081
                                                    Density    =         1.0198
 ------------------------------------------------------------------------------


 NSTEP =    31500   TIME(PS) =    2236.000  TEMP(K) =   299.14  PRESS =   121.0
 Etot   =    -43704.5820  EKtot   =     11088.6270  EPtot      =    -54793.2089
 BOND   =       355.2352  ANGLE   =       956.3181  DIHED      =      2153.4942
 1-4 NB =       453.1710  1-4 EEL =      6237.6298  VDWAALS    =      6695.6794
 EELEC  =    -71678.4933  EHBOND  =         0.0000  RESTRAINT  =        33.7567
 EAMBER (non-restraint)  =    -54826.9656
 EKCMT  =      4794.4937  VIRIAL  =      4321.6026  VOLUME     =    180955.4013
                                                    Density    =         1.0216
 ------------------------------------------------------------------------------


 NSTEP =    32000   TIME(PS) =    2237.000  TEMP(K) =   302.67  PRESS =   113.9
 Etot   =    -43388.3515  EKtot   =     11219.4551  EPtot      =    -54607.8066
 BOND   =       358.0638  ANGLE   =      1002.1017  DIHED      =      2144.0416
 1-4 NB =       452.3171  1-4 EEL =      6195.9785  VDWAALS    =      6606.1679
 EELEC  =    -71400.5531  EHBOND  =         0.0000  RESTRAINT  =        34.0759
 EAMBER (non-restraint)  =    -54641.8826
 EKCMT  =      4974.4710  VIRIAL  =      4528.4672  VOLUME     =    181350.9877
                                                    Density    =         1.0194
 ------------------------------------------------------------------------------


 NSTEP =    32500   TIME(PS) =    2238.000  TEMP(K) =   299.85  PRESS =  -354.4
 Etot   =    -43621.3214  EKtot   =     11114.8965  EPtot      =    -54736.2179
 BOND   =       333.5004  ANGLE   =      1015.9348  DIHED      =      2163.7328
 1-4 NB =       435.8487  1-4 EEL =      6197.0793  VDWAALS    =      6327.6292
 EELEC  =    -71244.3786  EHBOND  =         0.0000  RESTRAINT  =        34.4354
 EAMBER (non-restraint)  =    -54770.6533
 EKCMT  =      4832.2467  VIRIAL  =      6218.0737  VOLUME     =    181112.6328
                                                    Density    =         1.0207
 ------------------------------------------------------------------------------


 NSTEP =    33000   TIME(PS) =    2239.000  TEMP(K) =   300.19  PRESS =   161.0
 Etot   =    -43465.0086  EKtot   =     11127.2871  EPtot      =    -54592.2957
 BOND   =       337.6804  ANGLE   =       987.4107  DIHED      =      2128.1718
 1-4 NB =       460.5524  1-4 EEL =      6217.3002  VDWAALS    =      6671.4124
 EELEC  =    -71428.5294  EHBOND  =         0.0000  RESTRAINT  =        33.7058
 EAMBER (non-restraint)  =    -54626.0014
 EKCMT  =      4871.6232  VIRIAL  =      4240.9726  VOLUME     =    181374.0652
                                                    Density    =         1.0193
 ------------------------------------------------------------------------------


 NSTEP =    33500   TIME(PS) =    2240.000  TEMP(K) =   296.61  PRESS =   -90.1
 Etot   =    -43701.3508  EKtot   =     10994.8076  EPtot      =    -54696.1584
 BOND   =       322.6372  ANGLE   =       986.9504  DIHED      =      2129.3623
 1-4 NB =       446.9754  1-4 EEL =      6170.5391  VDWAALS    =      6665.9769
 EELEC  =    -71450.5326  EHBOND  =         0.0000  RESTRAINT  =        31.9329
 EAMBER (non-restraint)  =    -54728.0912
 EKCMT  =      4825.3177  VIRIAL  =      5177.5601  VOLUME     =    181129.4413
                                                    Density    =         1.0207
 ------------------------------------------------------------------------------


 NSTEP =    34000   TIME(PS) =    2241.000  TEMP(K) =   300.75  PRESS =  -217.6
 Etot   =    -43730.3205  EKtot   =     11148.1172  EPtot      =    -54878.4377
 BOND   =       373.6923  ANGLE   =       949.4011  DIHED      =      2139.1046
 1-4 NB =       459.0987  1-4 EEL =      6238.9672  VDWAALS    =      6546.0841
 EELEC  =    -71621.1432  EHBOND  =         0.0000  RESTRAINT  =        36.3574
 EAMBER (non-restraint)  =    -54914.7952
 EKCMT  =      4876.1411  VIRIAL  =      5727.3836  VOLUME     =    181196.6446
                                                    Density    =         1.0203
 ------------------------------------------------------------------------------


 NSTEP =    34500   TIME(PS) =    2242.000  TEMP(K) =   301.49  PRESS =  -213.8
 Etot   =    -43408.4484  EKtot   =     11175.7471  EPtot      =    -54584.1955
 BOND   =       351.7509  ANGLE   =       972.3677  DIHED      =      2143.6164
 1-4 NB =       446.8823  1-4 EEL =      6237.1816  VDWAALS    =      6422.5890
 EELEC  =    -71193.2668  EHBOND  =         0.0000  RESTRAINT  =        34.6835
 EAMBER (non-restraint)  =    -54618.8790
 EKCMT  =      4879.9294  VIRIAL  =      5713.9645  VOLUME     =    180648.1793
                                                    Density    =         1.0234
 ------------------------------------------------------------------------------


 NSTEP =    35000   TIME(PS) =    2243.000  TEMP(K) =   304.66  PRESS =   181.9
 Etot   =    -43323.4483  EKtot   =     11293.3232  EPtot      =    -54616.7715
 BOND   =       336.5852  ANGLE   =      1018.1338  DIHED      =      2148.4200
 1-4 NB =       444.3709  1-4 EEL =      6217.0085  VDWAALS    =      6489.4093
 EELEC  =    -71304.4376  EHBOND  =         0.0000  RESTRAINT  =        33.7384
 EAMBER (non-restraint)  =    -54650.5100
 EKCMT  =      4929.8666  VIRIAL  =      4221.1527  VOLUME     =    180436.6969
                                                    Density    =         1.0246
 ------------------------------------------------------------------------------


 NSTEP =    35500   TIME(PS) =    2244.000  TEMP(K) =   300.09  PRESS =   210.2
 Etot   =    -43584.2941  EKtot   =     11123.7432  EPtot      =    -54708.0372
 BOND   =       355.9730  ANGLE   =       992.1942  DIHED      =      2129.4692
 1-4 NB =       439.6842  1-4 EEL =      6198.0665  VDWAALS    =      6615.8735
 EELEC  =    -71479.7615  EHBOND  =         0.0000  RESTRAINT  =        40.4636
 EAMBER (non-restraint)  =    -54748.5009
 EKCMT  =      4869.3579  VIRIAL  =      4048.1916  VOLUME     =    180951.7799
                                                    Density    =         1.0217
 ------------------------------------------------------------------------------


 NSTEP =    36000   TIME(PS) =    2245.000  TEMP(K) =   301.34  PRESS =  -176.8
 Etot   =    -43648.9358  EKtot   =     11170.1543  EPtot      =    -54819.0901
 BOND   =       343.7935  ANGLE   =      1015.3641  DIHED      =      2151.8210
 1-4 NB =       423.1011  1-4 EEL =      6191.4280  VDWAALS    =      6548.7099
 EELEC  =    -71528.2916  EHBOND  =         0.0000  RESTRAINT  =        34.9839
 EAMBER (non-restraint)  =    -54854.0740
 EKCMT  =      4937.3592  VIRIAL  =      5628.0580  VOLUME     =    180988.4307
                                                    Density    =         1.0214
 ------------------------------------------------------------------------------


 NSTEP =    36500   TIME(PS) =    2246.000  TEMP(K) =   298.04  PRESS =    39.2
 Etot   =    -43821.1032  EKtot   =     11047.8848  EPtot      =    -54868.9880
 BOND   =       354.5679  ANGLE   =       969.0898  DIHED      =      2148.5319
 1-4 NB =       449.8710  1-4 EEL =      6182.7615  VDWAALS    =      6530.1314
 EELEC  =    -71537.2723  EHBOND  =         0.0000  RESTRAINT  =        33.3308
 EAMBER (non-restraint)  =    -54902.3188
 EKCMT  =      4830.7897  VIRIAL  =      4677.6624  VOLUME     =    180899.9654
                                                    Density    =         1.0219
 ------------------------------------------------------------------------------


 NSTEP =    37000   TIME(PS) =    2247.000  TEMP(K) =   301.07  PRESS =   285.5
 Etot   =    -43492.4688  EKtot   =     11160.0273  EPtot      =    -54652.4962
 BOND   =       348.1766  ANGLE   =      1019.6161  DIHED      =      2135.1789
 1-4 NB =       455.2534  1-4 EEL =      6240.0274  VDWAALS    =      6765.5810
 EELEC  =    -71649.4645  EHBOND  =         0.0000  RESTRAINT  =        33.1349
 EAMBER (non-restraint)  =    -54685.6310
 EKCMT  =      4879.9173  VIRIAL  =      3764.8201  VOLUME     =    180899.0868
                                                    Density    =         1.0220
 ------------------------------------------------------------------------------


 NSTEP =    37500   TIME(PS) =    2248.000  TEMP(K) =   299.04  PRESS =  -219.9
 Etot   =    -43485.8482  EKtot   =     11084.8008  EPtot      =    -54570.6490
 BOND   =       357.1316  ANGLE   =      1003.7967  DIHED      =      2133.7092
 1-4 NB =       453.9310  1-4 EEL =      6210.7154  VDWAALS    =      6434.4121
 EELEC  =    -71195.4559  EHBOND  =         0.0000  RESTRAINT  =        31.1109
 EAMBER (non-restraint)  =    -54601.7599
 EKCMT  =      4817.0013  VIRIAL  =      5674.7443  VOLUME     =    180674.2823
                                                    Density    =         1.0232
 ------------------------------------------------------------------------------


 NSTEP =    38000   TIME(PS) =    2249.000  TEMP(K) =   303.64  PRESS =   100.4
 Etot   =    -43342.5505  EKtot   =     11255.3398  EPtot      =    -54597.8904
 BOND   =       345.2073  ANGLE   =      1044.1874  DIHED      =      2130.7192
 1-4 NB =       447.5214  1-4 EEL =      6213.7143  VDWAALS    =      6561.1546
 EELEC  =    -71372.3794  EHBOND  =         0.0000  RESTRAINT  =        31.9849
 EAMBER (non-restraint)  =    -54629.8753
 EKCMT  =      4941.8539  VIRIAL  =      4548.6512  VOLUME     =    181337.7134
                                                    Density    =         1.0195
 ------------------------------------------------------------------------------


 NSTEP =    38500   TIME(PS) =    2250.000  TEMP(K) =   299.82  PRESS =   142.1
 Etot   =    -43669.0883  EKtot   =     11113.8428  EPtot      =    -54782.9311
 BOND   =       359.4867  ANGLE   =       989.0687  DIHED      =      2148.5492
 1-4 NB =       449.3604  1-4 EEL =      6178.3382  VDWAALS    =      6688.6708
 EELEC  =    -71625.1121  EHBOND  =         0.0000  RESTRAINT  =        28.7071
 EAMBER (non-restraint)  =    -54811.6382
 EKCMT  =      4873.9774  VIRIAL  =      4319.2807  VOLUME     =    180759.8919
                                                    Density    =         1.0227
 ------------------------------------------------------------------------------


 NSTEP =    39000   TIME(PS) =    2251.000  TEMP(K) =   300.45  PRESS =   177.3
 Etot   =    -43447.0529  EKtot   =     11137.1289  EPtot      =    -54584.1818
 BOND   =       354.9162  ANGLE   =      1050.9058  DIHED      =      2119.2942
 1-4 NB =       455.3536  1-4 EEL =      6212.8798  VDWAALS    =      6540.2812
 EELEC  =    -71348.3981  EHBOND  =         0.0000  RESTRAINT  =        30.5854
 EAMBER (non-restraint)  =    -54614.7672
 EKCMT  =      4858.1325  VIRIAL  =      4165.0664  VOLUME     =    181032.7349
                                                    Density    =         1.0212
 ------------------------------------------------------------------------------


 NSTEP =    39500   TIME(PS) =    2252.000  TEMP(K) =   299.36  PRESS =   -81.4
 Etot   =    -43715.5458  EKtot   =     11096.5566  EPtot      =    -54812.1025
 BOND   =       331.3082  ANGLE   =      1010.5628  DIHED      =      2130.3817
 1-4 NB =       453.2302  1-4 EEL =      6190.7475  VDWAALS    =      6603.5066
 EELEC  =    -71566.3340  EHBOND  =         0.0000  RESTRAINT  =        34.4945
 EAMBER (non-restraint)  =    -54846.5970
 EKCMT  =      4865.5226  VIRIAL  =      5183.3552  VOLUME     =    180753.7566
                                                    Density    =         1.0228
 ------------------------------------------------------------------------------


 NSTEP =    40000   TIME(PS) =    2253.000  TEMP(K) =   296.04  PRESS =  -323.8
 Etot   =    -43843.4784  EKtot   =     10973.5645  EPtot      =    -54817.0428
 BOND   =       400.0641  ANGLE   =       978.0043  DIHED      =      2140.2756
 1-4 NB =       435.9277  1-4 EEL =      6181.6049  VDWAALS    =      6423.3516
 EELEC  =    -71406.7599  EHBOND  =         0.0000  RESTRAINT  =        30.4890
 EAMBER (non-restraint)  =    -54847.5319
 EKCMT  =      4768.1399  VIRIAL  =      6029.7323  VOLUME     =    180439.2109
                                                    Density    =         1.0246
 ------------------------------------------------------------------------------


 NSTEP =    40500   TIME(PS) =    2254.000  TEMP(K) =   302.93  PRESS =    27.2
 Etot   =    -43587.4511  EKtot   =     11229.0986  EPtot      =    -54816.5497
 BOND   =       345.2681  ANGLE   =       982.3498  DIHED      =      2114.3629
 1-4 NB =       460.1838  1-4 EEL =      6191.6971  VDWAALS    =      6596.5541
 EELEC  =    -71538.8275  EHBOND  =         0.0000  RESTRAINT  =        31.8620
 EAMBER (non-restraint)  =    -54848.4117
 EKCMT  =      4893.3198  VIRIAL  =      4787.0633  VOLUME     =    180800.9048
                                                    Density    =         1.0225
 ------------------------------------------------------------------------------


 NSTEP =    41000   TIME(PS) =    2255.000  TEMP(K) =   302.02  PRESS =   -69.0
 Etot   =    -43744.0243  EKtot   =     11195.4688  EPtot      =    -54939.4930
 BOND   =       335.9887  ANGLE   =       944.9083  DIHED      =      2154.4002
 1-4 NB =       469.5943  1-4 EEL =      6223.3104  VDWAALS    =      6473.7606
 EELEC  =    -71576.4190  EHBOND  =         0.0000  RESTRAINT  =        34.9636
 EAMBER (non-restraint)  =    -54974.4566
 EKCMT  =      4905.7258  VIRIAL  =      5175.4105  VOLUME     =    180964.2300
                                                    Density    =         1.0216
 ------------------------------------------------------------------------------


 NSTEP =    41500   TIME(PS) =    2256.000  TEMP(K) =   295.64  PRESS =  -196.8
 Etot   =    -43821.4198  EKtot   =     10958.8691  EPtot      =    -54780.2889
 BOND   =       369.1814  ANGLE   =       984.1247  DIHED      =      2129.9545
 1-4 NB =       448.1645  1-4 EEL =      6233.8464  VDWAALS    =      6387.5460
 EELEC  =    -71362.7462  EHBOND  =         0.0000  RESTRAINT  =        29.6398
 EAMBER (non-restraint)  =    -54809.9287
 EKCMT  =      4758.8619  VIRIAL  =      5528.6399  VOLUME     =    181135.1660
                                                    Density    =         1.0206
 ------------------------------------------------------------------------------


 NSTEP =    42000   TIME(PS) =    2257.000  TEMP(K) =   300.08  PRESS =    87.1
 Etot   =    -43601.2722  EKtot   =     11123.4248  EPtot      =    -54724.6970
 BOND   =       349.8488  ANGLE   =      1030.7138  DIHED      =      2147.1682
 1-4 NB =       454.8553  1-4 EEL =      6197.5721  VDWAALS    =      6458.9754
 EELEC  =    -71395.6813  EHBOND  =         0.0000  RESTRAINT  =        31.8507
 EAMBER (non-restraint)  =    -54756.5477
 EKCMT  =      4810.2845  VIRIAL  =      4468.9456  VOLUME     =    181548.6916
                                                    Density    =         1.0183
 ------------------------------------------------------------------------------


 NSTEP =    42500   TIME(PS) =    2258.000  TEMP(K) =   297.08  PRESS =    86.6
 Etot   =    -43757.1107  EKtot   =     11012.2188  EPtot      =    -54769.3295
 BOND   =       368.7200  ANGLE   =       955.2453  DIHED      =      2140.8073
 1-4 NB =       440.3110  1-4 EEL =      6189.4951  VDWAALS    =      6528.8071
 EELEC  =    -71429.5217  EHBOND  =         0.0000  RESTRAINT  =        36.8064
 EAMBER (non-restraint)  =    -54806.1359
 EKCMT  =      4866.2230  VIRIAL  =      4527.4413  VOLUME     =    181244.4096
                                                    Density    =         1.0200
 ------------------------------------------------------------------------------


 NSTEP =    43000   TIME(PS) =    2259.000  TEMP(K) =   299.73  PRESS =   326.9
 Etot   =    -43408.5794  EKtot   =     11110.2607  EPtot      =    -54518.8402
 BOND   =       349.4435  ANGLE   =       998.8294  DIHED      =      2137.3724
 1-4 NB =       457.4811  1-4 EEL =      6217.1669  VDWAALS    =      6480.9139
 EELEC  =    -71198.8435  EHBOND  =         0.0000  RESTRAINT  =        38.7961
 EAMBER (non-restraint)  =    -54557.6363
 EKCMT  =      4870.9813  VIRIAL  =      3592.8125  VOLUME     =    181107.4828
                                                    Density    =         1.0208
 ------------------------------------------------------------------------------


 NSTEP =    43500   TIME(PS) =    2260.000  TEMP(K) =   297.53  PRESS =    89.3
 Etot   =    -43680.0547  EKtot   =     11029.0195  EPtot      =    -54709.0742
 BOND   =       371.8294  ANGLE   =       972.4396  DIHED      =      2127.1582
 1-4 NB =       451.9711  1-4 EEL =      6202.9445  VDWAALS    =      6609.0749
 EELEC  =    -71482.1261  EHBOND  =         0.0000  RESTRAINT  =        37.6342
 EAMBER (non-restraint)  =    -54746.7084
 EKCMT  =      4813.0882  VIRIAL  =      4464.2816  VOLUME     =    180898.8156
                                                    Density    =         1.0220
 ------------------------------------------------------------------------------


 NSTEP =    44000   TIME(PS) =    2261.000  TEMP(K) =   299.88  PRESS =    51.0
 Etot   =    -43531.3091  EKtot   =     11116.0352  EPtot      =    -54647.3442
 BOND   =       357.1281  ANGLE   =       973.1072  DIHED      =      2112.1958
 1-4 NB =       459.4428  1-4 EEL =      6203.7788  VDWAALS    =      6527.8339
 EELEC  =    -71313.6200  EHBOND  =         0.0000  RESTRAINT  =        32.7891
 EAMBER (non-restraint)  =    -54680.1334
 EKCMT  =      4789.9888  VIRIAL  =      4590.9285  VOLUME     =    180929.0851
                                                    Density    =         1.0218
 ------------------------------------------------------------------------------


 NSTEP =    44500   TIME(PS) =    2262.000  TEMP(K) =   300.77  PRESS =   -82.0
 Etot   =    -43515.8584  EKtot   =     11148.9805  EPtot      =    -54664.8389
 BOND   =       338.8604  ANGLE   =       976.2750  DIHED      =      2139.4172
 1-4 NB =       461.6256  1-4 EEL =      6250.8533  VDWAALS    =      6427.8970
 EELEC  =    -71293.9993  EHBOND  =         0.0000  RESTRAINT  =        34.2319
 EAMBER (non-restraint)  =    -54699.0708
 EKCMT  =      4900.1468  VIRIAL  =      5220.4137  VOLUME     =    180965.6682
                                                    Density    =         1.0216
 ------------------------------------------------------------------------------


 NSTEP =    45000   TIME(PS) =    2263.000  TEMP(K) =   298.17  PRESS =   -58.0
 Etot   =    -43784.3405  EKtot   =     11052.4814  EPtot      =    -54836.8219
 BOND   =       370.6869  ANGLE   =       966.1810  DIHED      =      2137.1145
 1-4 NB =       455.9078  1-4 EEL =      6242.8000  VDWAALS    =      6580.0518
 EELEC  =    -71621.9646  EHBOND  =         0.0000  RESTRAINT  =        32.4008
 EAMBER (non-restraint)  =    -54869.2227
 EKCMT  =      4858.7640  VIRIAL  =      5084.8236  VOLUME     =    180640.4078
                                                    Density    =         1.0234
 ------------------------------------------------------------------------------


 NSTEP =    45500   TIME(PS) =    2264.000  TEMP(K) =   298.86  PRESS =  -115.5
 Etot   =    -43715.5337  EKtot   =     11078.3496  EPtot      =    -54793.8833
 BOND   =       342.8438  ANGLE   =      1050.2716  DIHED      =      2145.4665
 1-4 NB =       440.0272  1-4 EEL =      6250.8111  VDWAALS    =      6537.3335
 EELEC  =    -71590.6700  EHBOND  =         0.0000  RESTRAINT  =        30.0330
 EAMBER (non-restraint)  =    -54823.9164
 EKCMT  =      4792.4558  VIRIAL  =      5242.8536  VOLUME     =    180642.4558
                                                    Density    =         1.0234
 ------------------------------------------------------------------------------


 NSTEP =    46000   TIME(PS) =    2265.000  TEMP(K) =   300.57  PRESS =  -195.3
 Etot   =    -43443.0677  EKtot   =     11141.5586  EPtot      =    -54584.6263
 BOND   =       349.0888  ANGLE   =      1027.9943  DIHED      =      2144.7900
 1-4 NB =       443.5361  1-4 EEL =      6220.5358  VDWAALS    =      6462.3017
 EELEC  =    -71263.3111  EHBOND  =         0.0000  RESTRAINT  =        30.4381
 EAMBER (non-restraint)  =    -54615.0644
 EKCMT  =      4848.9784  VIRIAL  =      5611.3376  VOLUME     =    180796.2225
                                                    Density    =         1.0225
 ------------------------------------------------------------------------------


 NSTEP =    46500   TIME(PS) =    2266.000  TEMP(K) =   302.30  PRESS =    72.0
 Etot   =    -43764.3735  EKtot   =     11205.6855  EPtot      =    -54970.0590
 BOND   =       350.5532  ANGLE   =       972.4528  DIHED      =      2124.9893
 1-4 NB =       450.7722  1-4 EEL =      6254.8064  VDWAALS    =      6613.9870
 EELEC  =    -71767.1541  EHBOND  =         0.0000  RESTRAINT  =        29.5342
 EAMBER (non-restraint)  =    -54999.5932
 EKCMT  =      4859.4679  VIRIAL  =      4577.7231  VOLUME     =    181295.9166
                                                    Density    =         1.0197
 ------------------------------------------------------------------------------


 NSTEP =    47000   TIME(PS) =    2267.000  TEMP(K) =   297.84  PRESS =   -24.8
 Etot   =    -43677.9461  EKtot   =     11040.4336  EPtot      =    -54718.3797
 BOND   =       364.1082  ANGLE   =      1016.6168  DIHED      =      2130.6932
 1-4 NB =       439.1537  1-4 EEL =      6192.5755  VDWAALS    =      6586.3343
 EELEC  =    -71481.0643  EHBOND  =         0.0000  RESTRAINT  =        33.2030
 EAMBER (non-restraint)  =    -54751.5827
 EKCMT  =      4794.6541  VIRIAL  =      4891.9237  VOLUME     =    181327.4816
                                                    Density    =         1.0195
 ------------------------------------------------------------------------------


 NSTEP =    47500   TIME(PS) =    2268.000  TEMP(K) =   297.76  PRESS =   -67.6
 Etot   =    -43771.3856  EKtot   =     11037.3828  EPtot      =    -54808.7684
 BOND   =       355.7489  ANGLE   =       973.0945  DIHED      =      2135.5176
 1-4 NB =       455.0935  1-4 EEL =      6246.6391  VDWAALS    =      6525.8600
 EELEC  =    -71534.4481  EHBOND  =         0.0000  RESTRAINT  =        33.7260
 EAMBER (non-restraint)  =    -54842.4944
 EKCMT  =      4788.1089  VIRIAL  =      5052.2921  VOLUME     =    181003.3597
                                                    Density    =         1.0214
 ------------------------------------------------------------------------------


 NSTEP =    48000   TIME(PS) =    2269.000  TEMP(K) =   303.17  PRESS =  -153.6
 Etot   =    -43609.5822  EKtot   =     11237.7715  EPtot      =    -54847.3537
 BOND   =       352.6021  ANGLE   =       975.2663  DIHED      =      2149.9471
 1-4 NB =       445.7960  1-4 EEL =      6221.4066  VDWAALS    =      6512.0826
 EELEC  =    -71539.7043  EHBOND  =         0.0000  RESTRAINT  =        35.2500
 EAMBER (non-restraint)  =    -54882.6037
 EKCMT  =      4965.4874  VIRIAL  =      5567.2092  VOLUME     =    181406.6092
                                                    Density    =         1.0191
 ------------------------------------------------------------------------------


 NSTEP =    48500   TIME(PS) =    2270.000  TEMP(K) =   296.16  PRESS =  -164.6
 Etot   =    -43761.0651  EKtot   =     10978.1836  EPtot      =    -54739.2487
 BOND   =       386.1172  ANGLE   =      1015.9434  DIHED      =      2122.2883
 1-4 NB =       450.3559  1-4 EEL =      6226.9525  VDWAALS    =      6417.6125
 EELEC  =    -71393.0977  EHBOND  =         0.0000  RESTRAINT  =        34.5791
 EAMBER (non-restraint)  =    -54773.8278
 EKCMT  =      4798.2355  VIRIAL  =      5443.9061  VOLUME     =    181707.6817
                                                    Density    =         1.0174
 ------------------------------------------------------------------------------


 NSTEP =    49000   TIME(PS) =    2271.000  TEMP(K) =   300.05  PRESS =  -279.8
 Etot   =    -43650.4639  EKtot   =     11122.2676  EPtot      =    -54772.7315
 BOND   =       318.3332  ANGLE   =      1004.3710  DIHED      =      2138.5052
 1-4 NB =       465.6850  1-4 EEL =      6207.3759  VDWAALS    =      6414.9272
 EELEC  =    -71361.0235  EHBOND  =         0.0000  RESTRAINT  =        39.0945
 EAMBER (non-restraint)  =    -54811.8259
 EKCMT  =      4886.9727  VIRIAL  =      5981.7991  VOLUME     =    181253.2572
                                                    Density    =         1.0200
 ------------------------------------------------------------------------------


 NSTEP =    49500   TIME(PS) =    2272.000  TEMP(K) =   301.54  PRESS =    -8.8
 Etot   =    -43539.4712  EKtot   =     11177.5293  EPtot      =    -54717.0005
 BOND   =       369.8932  ANGLE   =       955.3081  DIHED      =      2137.6411
 1-4 NB =       448.9954  1-4 EEL =      6253.1881  VDWAALS    =      6564.8621
 EELEC  =    -71479.7766  EHBOND  =         0.0000  RESTRAINT  =        32.8880
 EAMBER (non-restraint)  =    -54749.8885
 EKCMT  =      4898.3771  VIRIAL  =      4932.9534  VOLUME     =    181208.0739
                                                    Density    =         1.0202
 ------------------------------------------------------------------------------


 NSTEP =    50000   TIME(PS) =    2273.000  TEMP(K) =   297.93  PRESS =   105.7
 Etot   =    -43620.0668  EKtot   =     11043.5928  EPtot      =    -54663.6595
 BOND   =       353.8885  ANGLE   =       986.7206  DIHED      =      2121.3803
 1-4 NB =       451.9481  1-4 EEL =      6214.6041  VDWAALS    =      6420.3682
 EELEC  =    -71247.3700  EHBOND  =         0.0000  RESTRAINT  =        34.8007
 EAMBER (non-restraint)  =    -54698.4602
 EKCMT  =      4863.2358  VIRIAL  =      4449.6366  VOLUME     =    181296.9261
                                                    Density    =         1.0197
 ------------------------------------------------------------------------------


      A V E R A G E S   O V E R     100 S T E P S


 NSTEP =    50000   TIME(PS) =    2273.000  TEMP(K) =   300.06  PRESS =   -11.2
 Etot   =    -43611.5809  EKtot   =     11122.4863  EPtot      =    -54734.0671
 BOND   =       352.7509  ANGLE   =       989.9036  DIHED      =      2137.8111
 1-4 NB =       450.3739  1-4 EEL =      6211.5342  VDWAALS    =      6538.7667
 EELEC  =    -71447.1843  EHBOND  =         0.0000  RESTRAINT  =        31.9767
 EAMBER (non-restraint)  =    -54766.0438
 EKCMT  =      4867.4096  VIRIAL  =      4911.2673  VOLUME     =    180919.3465
                                                    Density    =         1.0218
 ------------------------------------------------------------------------------


      R M S  F L U C T U A T I O N S


 NSTEP =    50000   TIME(PS) =    2273.000  TEMP(K) =     2.36  PRESS =   154.2
 Etot   =       138.0426  EKtot   =        87.5124  EPtot      =       105.6146
 BOND   =        15.3399  ANGLE   =        25.4947  DIHED      =        12.6452
 1-4 NB =         7.6805  1-4 EEL =        23.2893  VDWAALS    =        91.4838
 EELEC  =       145.0713  EHBOND  =         0.0000  RESTRAINT  =         3.1345
 EAMBER (non-restraint)  =       102.4800
 EKCMT  =        50.8935  VIRIAL  =       592.6497  VOLUME     =       378.3703
                                                    Density    =         0.0021
 ------------------------------------------------------------------------------

--------------------------------------------------------------------------------
   5.  TIMINGS
--------------------------------------------------------------------------------

|  NonSetup CPU Time in Major Routines:
|
|     Routine           Sec        %
|     ------------------------------
|     Nonbond          90.44   86.69
|     Bond              0.00    0.00
|     Angle             0.00    0.00
|     Dihedral          0.00    0.00
|     Shake             0.31    0.30
|     RunMD            13.54   12.98
|     Other             0.03    0.03
|     ------------------------------
|     Total           104.32

|  PME Nonbond Pairlist CPU Time:
|
|     Routine              Sec        %
|     ---------------------------------
|     Set Up Cit           0.00    0.00
|     Build List           0.00    0.00
|     ---------------------------------
|     Total                0.00    0.00

|  PME Direct Force CPU Time:
|
|     Routine              Sec        %
|     ---------------------------------
|     NonBonded Calc       0.00    0.00
|     Exclude Masked       0.00    0.00
|     Other                0.01    0.01
|     ---------------------------------
|     Total                0.01    0.01

|  PME Reciprocal Force CPU Time:
|
|     Routine              Sec        %
|     ---------------------------------
|     1D bspline           0.00    0.00
|     Grid Charges         0.00    0.00
|     Scalar Sum           0.00    0.00
|     Gradient Sum         0.00    0.00
|     FFT                  0.00    0.00
|     ---------------------------------
|     Total                0.00    0.00

|  Final Performance Info:
|     -----------------------------------------------------
|     Average timings for last   21000 steps:
|     Elapsed(s) =      43.81 Per Step(ms) =       2.09
|         ns/day =      82.83   seconds/ns =    1043.09
|
|     Average timings for all steps:
|     Elapsed(s) =     104.33 Per Step(ms) =       2.09
|         ns/day =      82.81   seconds/ns =    1043.29
|     -----------------------------------------------------

|  Setup CPU time:            0.48 seconds
|  NonSetup CPU time:       104.32 seconds
|  Total CPU time:          104.80 seconds     0.03 hours

|  Setup wall time:           1    seconds
|  NonSetup wall time:      104    seconds
|  Total wall time:         105    seconds     0.03 hours
