
          -------------------------------------------------------
          Amber 16 PMEMD                              2016
          -------------------------------------------------------

| PMEMD implementation of SANDER, Release 16

| Run on 07/04/2017 at 01:11:07

|   Executable path: pmemd.cuda
| Working directory: /home/german/obp/run/mu_eol/mhe/e
|          Hostname: Unknown
  [-O]verwriting output

File Assignments:
|   MDIN: 23equ.in                                                              
|  MDOUT: 23equ.out                                                             
| INPCRD: 22emu_eol.rst7                                                        
|   PARM: /home/german/obp/top_files/mu_eol.prmtop                              
| RESTRT: 23emu_eol.rst7                                                        
|   REFC: 22emu_eol.rst7                                                        
|  MDVEL: mdvel                                                                 
|   MDEN: mden                                                                  
|  MDCRD: 23emu_eol.nc                                                          
| MDINFO: mdinfo                                                                
|  MDFRC: mdfrc                                                                 


 Here is the input file:

Equilibration with solute restrictions                                         
&cntrl                                                                         
imin = 0,                           ! No Minimization                          
nmropt = 0,                         ! No NMR restraints read                   
                                                                               
! Nature and format of the input                                               
ntx = 5,                            ! Coordinates but no velocities will be rea
irest = 1,                          ! Do not run a new simulation              
                                                                               
! Nature and format of the output                                              
ntxo = 1,                           ! rstrt file in ASCII format               
ntpr = 500,                         ! inf in output every ntpr steps           
ntwr = 500,                         ! rstrt file every ntwr steps              
ntwx = 500,                         ! mdcrd file every ntwx steps              
ntwv = 0,                           ! mdvel without velocities                 
ntwe = 0,                           ! Energies and temperatures not written in 
idecomp = 0,                        ! No energy decomposition                  
iwrap = 1,                          ! Coordinates of the restart and mdcrd file
                                                                               
! Frozen or restrained atoms                                                   
ibelly = 0,                         ! No frozen atoms                          
ntr=1,                              ! Harmonic potential restraints            
restraint_wt = 0.4,                ! The weight for the positional restraints  
restraintmask = ':1-120@N,CA,C,O',  ! restrained residues                      
                                                                               
! Molecular dynamics                                                           
nstlim = 50000,                     ! Number of MD-steps                       
dt = 0.002,                         ! Time step                                
                                                                               
! Temperature regulation                                                       
ntt = 3,                            ! Langevin thermostat                      
gamma_ln = 5,                       ! Gamma constant for Langevin              
!temp0 = 300.0,                     ! Reference T at which the system is to be 
tempi = 300.0,                      ! Initial T                                
ig = -1,                            ! Seed for the RNG                         
                                                                               
! P and V regulation                                                           
ntp = 1,                            ! Constant P. Isotropic scaling            
barostat = 1,                       ! Berendsen barostat                       
taup = 1,                           ! Pressure relaxation time                 
nrespa = 1,                         ! Evaluate at each step                    
ntb = 2,                            ! Periodic box for constant P              
                                                                               
! SHAKE variables                                                              
ntc = 2,                            ! Bonds involving H are constrained        
ntf = 2,                            ! Bond interaction involving H are ommited.
                                                                               
cut = 10.0,                         ! Nonbonded cutoff                         
/                                                                              
&end                                                                           


Note: ig = -1. Setting random seed to   278845 based on wallclock time in 
      microseconds.
 
|--------------------- INFORMATION ----------------------
| GPU (CUDA) Version of PMEMD in use: NVIDIA GPU IN USE.
|                    Version 16.0.0
| 
|                      02/25/2016
| 
| Implementation by:
|                    Ross C. Walker     (SDSC)
|                    Scott Le Grand     (nVIDIA)
| 
| Precision model in use:
|      [SPFP] - Single Precision Forces, 64-bit Fixed Point
|               Accumulation. (Default)
| 
|--------------------------------------------------------
 
|----------------- CITATION INFORMATION -----------------
|
|    When publishing work that utilized the CUDA version
|    of AMBER, please cite the following in addition to
|    the regular AMBER citations:
|
|  - Romelia Salomon-Ferrer; Andreas W. Goetz; Duncan
|    Poole; Scott Le Grand; Ross C. Walker "Routine
|    microsecond molecular dynamics simulations with
|    AMBER - Part II: Particle Mesh Ewald", J. Chem.
|    Theory Comput., 2013, 9 (9), pp3878-3888,
|    DOI: 10.1021/ct400314y.
|
|  - Andreas W. Goetz; Mark J. Williamson; Dong Xu;
|    Duncan Poole; Scott Le Grand; Ross C. Walker
|    "Routine microsecond molecular dynamics simulations
|    with AMBER - Part I: Generalized Born", J. Chem.
|    Theory Comput., 2012, 8 (5), pp1542-1555.
|
|  - Scott Le Grand; Andreas W. Goetz; Ross C. Walker
|    "SPFP: Speed without compromise - a mixed precision
|    model for GPU accelerated molecular dynamics
|    simulations.", Comp. Phys. Comm., 2013, 184
|    pp374-380, DOI: 10.1016/j.cpc.2012.09.022
|
|--------------------------------------------------------
 
|------------------- GPU DEVICE INFO --------------------
|
|            CUDA_VISIBLE_DEVICES: 1
|   CUDA Capable Devices Detected:      1
|           CUDA Device ID in use:      0
|                CUDA Device Name: GeForce GTX 1060 6GB
|     CUDA Device Global Mem Size:   6072 MB
| CUDA Device Num Multiprocessors:     10
|           CUDA Device Core Freq:   1.76 GHz
|
|--------------------------------------------------------
 
 
| Conditional Compilation Defines Used:
| PUBFFT
| BINTRAJ
| CUDA
| EMIL

| Largest sphere to fit in unit cell has radius =    26.711

| New format PARM file being parsed.
| Version =    1.000 Date = 02/20/15 Time = 17:35:03

| Note: 1-4 EEL scale factors are being read from the topology file.

| Note: 1-4 VDW scale factors are being read from the topology file.
| Duplicated    0 dihedrals

| Duplicated    0 dihedrals

--------------------------------------------------------------------------------
   1.  RESOURCE   USE: 
--------------------------------------------------------------------------------

 getting new box info from bottom of inpcrd
 NATOM  =   18178 NTYPES =      18 NBONH =   17227 MBONA  =     955
 NTHETH =    2228 MTHETA =    1282 NPHIH =    4328 MPHIA  =    4367
 NHPARM =       0 NPARM  =       0 NNB   =   32287 NRES   =    5542
 NBONA  =     955 NTHETA =    1282 NPHIA =    4367 NUMBND =      72
 NUMANG =     151 NPTRA  =     245 NATYP =      42 NPHB   =       1
 IFBOX  =       1 NMXRS  =      24 IFCAP =       0 NEXTRA =       0
 NCOPY  =       0

| Coordinate Index Table dimensions:    10   11    9
| Direct force subcell size =     5.5271    5.5819    5.9358

     BOX TYPE: RECTILINEAR

--------------------------------------------------------------------------------
   2.  CONTROL  DATA  FOR  THE  RUN
--------------------------------------------------------------------------------

default_name                                                                    

General flags:
     imin    =       0, nmropt  =       0

Nature and format of input:
     ntx     =       5, irest   =       1, ntrx    =       1

Nature and format of output:
     ntxo    =       1, ntpr    =     500, ntrx    =       1, ntwr    =     500
     iwrap   =       1, ntwx    =     500, ntwv    =       0, ntwe    =       0
     ioutfm  =       1, ntwprt  =       0, idecomp =       0, rbornstat=      0

Potential function:
     ntf     =       2, ntb     =       2, igb     =       0, nsnb    =      25
     ipol    =       0, gbsa    =       0, iesp    =       0
     dielc   =   1.00000, cut     =  10.00000, intdiel =   1.00000

Frozen or restrained atoms:
     ibelly  =       0, ntr     =       1
     restraint_wt =   0.40000

Molecular dynamics:
     nstlim  =     50000, nscm    =         0, nrespa  =         1
     t       =   0.00000, dt      =   0.00200, vlimit  =  -1.00000

Langevin dynamics temperature regulation:
     ig      =  278845
     temp0   = 300.00000, tempi   = 300.00000, gamma_ln=   5.00000

Pressure regulation:
     ntp     =       1
     pres0   =   1.00000, comp    =  44.60000, taup    =   1.00000

SHAKE:
     ntc     =       2, jfastw  =       0
     tol     =   0.00001

| Intermolecular bonds treatment:
|     no_intermolecular_bonds =       1

| Energy averages sample interval:
|     ene_avg_sampling =     500

Ewald parameters:
     verbose =       0, ew_type =       0, nbflag  =       1, use_pme =       1
     vdwmeth =       1, eedmeth =       1, netfrc  =       1
     Box X =   55.271   Box Y =   61.401   Box Z =   53.422
     Alpha =   90.000   Beta  =   90.000   Gamma =   90.000
     NFFT1 =   56       NFFT2 =   64       NFFT3 =   56
     Cutoff=   10.000   Tol   =0.100E-04
     Ewald Coefficient =  0.27511
     Interpolation order =    4

    LOADING THE CONSTRAINED ATOMS AS GROUPS


   5.  REFERENCE ATOM COORDINATES

  default_name                                                                    
     Mask :1-120@N,CA,C,O; matches   476 atoms

--------------------------------------------------------------------------------
   3.  ATOMIC COORDINATES AND VELOCITIES
--------------------------------------------------------------------------------

default_name                                                                    
 begin time read from input coords =  2273.000 ps

 
 Number of triangulated 3-point waters found:     5419

     Sum of charges from parm topology file =  -0.00000006
     Forcing neutrality...

| Dynamic Memory, Types Used:
| Reals              919375
| Integers           639592

| Nonbonded Pairs Initial Allocation:     5498390

| GPU memory information (estimate):
| KB of GPU memory in use:    116285
| KB of CPU memory in use:     23861

--------------------------------------------------------------------------------
   4.  RESULTS
--------------------------------------------------------------------------------

 ---------------------------------------------------
 APPROXIMATING switch and d/dx switch using CUBIC SPLINE INTERPOLATION
 using   5000.0 points per unit in tabled values
 TESTING RELATIVE ERROR over r ranging from 0.0 to cutoff
| CHECK switch(x): max rel err =   0.2738E-14   at   2.422500
| CHECK d/dx switch(x): max rel err =   0.8314E-11   at   2.736960
 ---------------------------------------------------
|---------------------------------------------------
| APPROXIMATING direct energy using CUBIC SPLINE INTERPOLATION
|  with   50.0 points per unit in tabled values
| Relative Error Limit not exceeded for r .gt.   2.33
| APPROXIMATING direct force using CUBIC SPLINE INTERPOLATION
|  with   50.0 points per unit in tabled values
| Relative Error Limit not exceeded for r .gt.   2.80
|---------------------------------------------------

 NSTEP =      500   TIME(PS) =    2274.000  TEMP(K) =   302.58  PRESS =  -193.1
 Etot   =    -43593.3407  EKtot   =     11216.0225  EPtot      =    -54809.3632
 BOND   =       350.7542  ANGLE   =       990.9205  DIHED      =      2130.8102
 1-4 NB =       457.5253  1-4 EEL =      6221.1701  VDWAALS    =      6527.1236
 EELEC  =    -71509.0943  EHBOND  =         0.0000  RESTRAINT  =        21.4271
 EAMBER (non-restraint)  =    -54830.7903
 EKCMT  =      4945.0378  VIRIAL  =      5701.0336  VOLUME     =    181352.5110
                                                    Density    =         1.0194
 ------------------------------------------------------------------------------


 NSTEP =     1000   TIME(PS) =    2275.000  TEMP(K) =   299.08  PRESS =    18.9
 Etot   =    -43635.7678  EKtot   =     11086.4434  EPtot      =    -54722.2112
 BOND   =       352.4387  ANGLE   =       941.6879  DIHED      =      2141.0322
 1-4 NB =       458.7857  1-4 EEL =      6277.9262  VDWAALS    =      6466.5136
 EELEC  =    -71389.1945  EHBOND  =         0.0000  RESTRAINT  =        28.5991
 EAMBER (non-restraint)  =    -54750.8103
 EKCMT  =      4763.2047  VIRIAL  =      4689.0954  VOLUME     =    181270.6371
                                                    Density    =         1.0199
 ------------------------------------------------------------------------------


 NSTEP =     1500   TIME(PS) =    2276.000  TEMP(K) =   299.04  PRESS =   253.5
 Etot   =    -43441.5313  EKtot   =     11084.8906  EPtot      =    -54526.4219
 BOND   =       383.2477  ANGLE   =       988.1342  DIHED      =      2121.8210
 1-4 NB =       444.0232  1-4 EEL =      6247.7037  VDWAALS    =      6583.3279
 EELEC  =    -71322.7582  EHBOND  =         0.0000  RESTRAINT  =        28.0786
 EAMBER (non-restraint)  =    -54554.5006
 EKCMT  =      4843.6417  VIRIAL  =      3851.3431  VOLUME     =    181324.3963
                                                    Density    =         1.0196
 ------------------------------------------------------------------------------


 NSTEP =     2000   TIME(PS) =    2277.000  TEMP(K) =   302.20  PRESS =  -461.3
 Etot   =    -43522.4302  EKtot   =     11202.1035  EPtot      =    -54724.5337
 BOND   =       383.2005  ANGLE   =      1031.7530  DIHED      =      2126.3599
 1-4 NB =       437.3809  1-4 EEL =      6200.8936  VDWAALS    =      6295.8175
 EELEC  =    -71225.4757  EHBOND  =         0.0000  RESTRAINT  =        25.5366
 EAMBER (non-restraint)  =    -54750.0703
 EKCMT  =      4887.8409  VIRIAL  =      6690.2647  VOLUME     =    180983.3577
                                                    Density    =         1.0215
 ------------------------------------------------------------------------------


 NSTEP =     2500   TIME(PS) =    2278.000  TEMP(K) =   298.80  PRESS =   158.7
 Etot   =    -43601.5140  EKtot   =     11076.0840  EPtot      =    -54677.5980
 BOND   =       378.8197  ANGLE   =       982.8054  DIHED      =      2150.6966
 1-4 NB =       449.3643  1-4 EEL =      6263.1884  VDWAALS    =      6643.5221
 EELEC  =    -71569.8837  EHBOND  =         0.0000  RESTRAINT  =        23.8892
 EAMBER (non-restraint)  =    -54701.4871
 EKCMT  =      4844.4751  VIRIAL  =      4225.6310  VOLUME     =    180609.6889
                                                    Density    =         1.0236
 ------------------------------------------------------------------------------


 NSTEP =     3000   TIME(PS) =    2279.000  TEMP(K) =   304.92  PRESS =   152.7
 Etot   =    -43316.4245  EKtot   =     11302.6182  EPtot      =    -54619.0427
 BOND   =       376.3314  ANGLE   =      1022.0714  DIHED      =      2138.7043
 1-4 NB =       438.0130  1-4 EEL =      6195.9108  VDWAALS    =      6586.2467
 EELEC  =    -71410.0355  EHBOND  =         0.0000  RESTRAINT  =        33.7152
 EAMBER (non-restraint)  =    -54652.7580
 EKCMT  =      4980.6490  VIRIAL  =      4382.7436  VOLUME     =    181329.3462
                                                    Density    =         1.0195
 ------------------------------------------------------------------------------


 NSTEP =     3500   TIME(PS) =    2280.000  TEMP(K) =   298.31  PRESS =   -68.9
 Etot   =    -43791.3408  EKtot   =     11057.7041  EPtot      =    -54849.0449
 BOND   =       326.6650  ANGLE   =       984.5917  DIHED      =      2104.7552
 1-4 NB =       453.8438  1-4 EEL =      6234.8663  VDWAALS    =      6554.7377
 EELEC  =    -71535.0680  EHBOND  =         0.0000  RESTRAINT  =        26.5633
 EAMBER (non-restraint)  =    -54875.6082
 EKCMT  =      4810.2713  VIRIAL  =      5078.6445  VOLUME     =    180363.8568
                                                    Density    =         1.0250
 ------------------------------------------------------------------------------


 NSTEP =     4000   TIME(PS) =    2281.000  TEMP(K) =   296.94  PRESS =   -13.0
 Etot   =    -43603.5763  EKtot   =     11006.9951  EPtot      =    -54610.5714
 BOND   =       366.8068  ANGLE   =      1023.1307  DIHED      =      2139.7127
 1-4 NB =       456.1205  1-4 EEL =      6217.3517  VDWAALS    =      6593.1360
 EELEC  =    -71431.8143  EHBOND  =         0.0000  RESTRAINT  =        24.9845
 EAMBER (non-restraint)  =    -54635.5559
 EKCMT  =      4833.8689  VIRIAL  =      4884.7714  VOLUME     =    180936.1649
                                                    Density    =         1.0217
 ------------------------------------------------------------------------------


 NSTEP =     4500   TIME(PS) =    2282.000  TEMP(K) =   302.94  PRESS =   -40.3
 Etot   =    -43378.9520  EKtot   =     11229.4795  EPtot      =    -54608.4314
 BOND   =       342.7518  ANGLE   =       985.5620  DIHED      =      2130.9220
 1-4 NB =       449.1296  1-4 EEL =      6265.7820  VDWAALS    =      6539.3551
 EELEC  =    -71349.1315  EHBOND  =         0.0000  RESTRAINT  =        27.1974
 EAMBER (non-restraint)  =    -54635.6288
 EKCMT  =      4896.4179  VIRIAL  =      5054.0458  VOLUME     =    181259.0775
                                                    Density    =         1.0199
 ------------------------------------------------------------------------------


 NSTEP =     5000   TIME(PS) =    2283.000  TEMP(K) =   299.11  PRESS =  -247.0
 Etot   =    -43671.3828  EKtot   =     11087.5859  EPtot      =    -54758.9687
 BOND   =       366.9546  ANGLE   =      1013.5265  DIHED      =      2157.5526
 1-4 NB =       436.6607  1-4 EEL =      6200.3829  VDWAALS    =      6481.9355
 EELEC  =    -71443.1401  EHBOND  =         0.0000  RESTRAINT  =        27.1585
 EAMBER (non-restraint)  =    -54786.1273
 EKCMT  =      4898.3161  VIRIAL  =      5863.6738  VOLUME     =    180999.2713
                                                    Density    =         1.0214
 ------------------------------------------------------------------------------


 NSTEP =     5500   TIME(PS) =    2284.000  TEMP(K) =   301.18  PRESS =    20.1
 Etot   =    -43564.1997  EKtot   =     11164.1152  EPtot      =    -54728.3149
 BOND   =       357.9586  ANGLE   =      1029.5270  DIHED      =      2128.8213
 1-4 NB =       449.7704  1-4 EEL =      6218.6790  VDWAALS    =      6597.7460
 EELEC  =    -71537.9607  EHBOND  =         0.0000  RESTRAINT  =        27.1437
 EAMBER (non-restraint)  =    -54755.4586
 EKCMT  =      4833.4941  VIRIAL  =      4754.8243  VOLUME     =    181109.5208
                                                    Density    =         1.0208
 ------------------------------------------------------------------------------


 NSTEP =     6000   TIME(PS) =    2285.000  TEMP(K) =   302.22  PRESS =   -47.2
 Etot   =    -43345.3492  EKtot   =     11202.5928  EPtot      =    -54547.9420
 BOND   =       372.6227  ANGLE   =      1004.3926  DIHED      =      2137.1216
 1-4 NB =       440.4070  1-4 EEL =      6172.7910  VDWAALS    =      6466.2649
 EELEC  =    -71166.2457  EHBOND  =         0.0000  RESTRAINT  =        24.7040
 EAMBER (non-restraint)  =    -54572.6460
 EKCMT  =      4916.1183  VIRIAL  =      5100.8428  VOLUME     =    181344.0129
                                                    Density    =         1.0194
 ------------------------------------------------------------------------------


 NSTEP =     6500   TIME(PS) =    2286.000  TEMP(K) =   299.84  PRESS =   228.6
 Etot   =    -43592.6056  EKtot   =     11114.6064  EPtot      =    -54707.2121
 BOND   =       347.6715  ANGLE   =       935.5994  DIHED      =      2119.6080
 1-4 NB =       466.7352  1-4 EEL =      6220.7009  VDWAALS    =      6638.7586
 EELEC  =    -71463.9972  EHBOND  =         0.0000  RESTRAINT  =        27.7114
 EAMBER (non-restraint)  =    -54734.9235
 EKCMT  =      4931.9757  VIRIAL  =      4038.2518  VOLUME     =    181076.3826
                                                    Density    =         1.0210
 ------------------------------------------------------------------------------


 NSTEP =     7000   TIME(PS) =    2287.000  TEMP(K) =   300.10  PRESS =   -40.2
 Etot   =    -43542.3376  EKtot   =     11124.0889  EPtot      =    -54666.4265
 BOND   =       337.5831  ANGLE   =      1020.5609  DIHED      =      2112.3542
 1-4 NB =       442.2920  1-4 EEL =      6203.9734  VDWAALS    =      6578.1476
 EELEC  =    -71389.2356  EHBOND  =         0.0000  RESTRAINT  =        27.8977
 EAMBER (non-restraint)  =    -54694.3242
 EKCMT  =      4740.2593  VIRIAL  =      4897.8305  VOLUME     =    181603.8842
                                                    Density    =         1.0180
 ------------------------------------------------------------------------------


 NSTEP =     7500   TIME(PS) =    2288.000  TEMP(K) =   299.15  PRESS =   -78.1
 Etot   =    -43591.9557  EKtot   =     11089.0371  EPtot      =    -54680.9928
 BOND   =       370.4000  ANGLE   =       974.8756  DIHED      =      2137.4991
 1-4 NB =       449.8673  1-4 EEL =      6235.8774  VDWAALS    =      6609.4522
 EELEC  =    -71489.5399  EHBOND  =         0.0000  RESTRAINT  =        30.5755
 EAMBER (non-restraint)  =    -54711.5683
 EKCMT  =      4842.5619  VIRIAL  =      5149.0496  VOLUME     =    181659.6469
                                                    Density    =         1.0177
 ------------------------------------------------------------------------------


 NSTEP =     8000   TIME(PS) =    2289.000  TEMP(K) =   301.21  PRESS =   -20.7
 Etot   =    -43461.8637  EKtot   =     11165.2168  EPtot      =    -54627.0805
 BOND   =       361.9943  ANGLE   =       948.6879  DIHED      =      2141.8768
 1-4 NB =       442.8146  1-4 EEL =      6262.9432  VDWAALS    =      6526.9381
 EELEC  =    -71336.8794  EHBOND  =         0.0000  RESTRAINT  =        24.5440
 EAMBER (non-restraint)  =    -54651.6246
 EKCMT  =      4885.7785  VIRIAL  =      4967.0935  VOLUME     =    181520.1626
                                                    Density    =         1.0185
 ------------------------------------------------------------------------------


 NSTEP =     8500   TIME(PS) =    2290.000  TEMP(K) =   303.12  PRESS =  -111.0
 Etot   =    -43474.6466  EKtot   =     11236.2080  EPtot      =    -54710.8546
 BOND   =       348.0962  ANGLE   =       991.5939  DIHED      =      2139.2159
 1-4 NB =       451.7702  1-4 EEL =      6239.6050  VDWAALS    =      6550.4081
 EELEC  =    -71461.1177  EHBOND  =         0.0000  RESTRAINT  =        29.5738
 EAMBER (non-restraint)  =    -54740.4284
 EKCMT  =      4937.5726  VIRIAL  =      5372.9162  VOLUME     =    181650.2746
                                                    Density    =         1.0177
 ------------------------------------------------------------------------------


 NSTEP =     9000   TIME(PS) =    2291.000  TEMP(K) =   300.51  PRESS =   -54.1
 Etot   =    -43345.4699  EKtot   =     11139.4746  EPtot      =    -54484.9445
 BOND   =       361.8950  ANGLE   =       956.7389  DIHED      =      2125.8288
 1-4 NB =       440.7158  1-4 EEL =      6225.6240  VDWAALS    =      6373.5822
 EELEC  =    -70997.6545  EHBOND  =         0.0000  RESTRAINT  =        28.3253
 EAMBER (non-restraint)  =    -54513.2698
 EKCMT  =      4924.5264  VIRIAL  =      5136.7564  VOLUME     =    181701.7800
                                                    Density    =         1.0174
 ------------------------------------------------------------------------------


 NSTEP =     9500   TIME(PS) =    2292.000  TEMP(K) =   301.98  PRESS =    97.9
 Etot   =    -43516.8442  EKtot   =     11193.9102  EPtot      =    -54710.7544
 BOND   =       338.9676  ANGLE   =       976.1634  DIHED      =      2096.5128
 1-4 NB =       457.1400  1-4 EEL =      6241.7724  VDWAALS    =      6523.8704
 EELEC  =    -71372.6951  EHBOND  =         0.0000  RESTRAINT  =        27.5140
 EAMBER (non-restraint)  =    -54738.2684
 EKCMT  =      4840.0805  VIRIAL  =      4456.7498  VOLUME     =    181353.6838
                                                    Density    =         1.0194
 ------------------------------------------------------------------------------


 NSTEP =    10000   TIME(PS) =    2293.000  TEMP(K) =   302.32  PRESS =  -252.7
 Etot   =    -43482.9641  EKtot   =     11206.5410  EPtot      =    -54689.5051
 BOND   =       370.5463  ANGLE   =      1000.9659  DIHED      =      2135.5762
 1-4 NB =       453.1809  1-4 EEL =      6203.3027  VDWAALS    =      6503.2917
 EELEC  =    -71382.4315  EHBOND  =         0.0000  RESTRAINT  =        26.0627
 EAMBER (non-restraint)  =    -54715.5678
 EKCMT  =      4886.1033  VIRIAL  =      5872.7292  VOLUME     =    180862.6027
                                                    Density    =         1.0222
 ------------------------------------------------------------------------------


 NSTEP =    10500   TIME(PS) =    2294.000  TEMP(K) =   298.11  PRESS =    82.7
 Etot   =    -43737.3540  EKtot   =     11050.3789  EPtot      =    -54787.7329
 BOND   =       348.3881  ANGLE   =       975.4944  DIHED      =      2119.7121
 1-4 NB =       452.1935  1-4 EEL =      6182.1922  VDWAALS    =      6661.8745
 EELEC  =    -71553.8182  EHBOND  =         0.0000  RESTRAINT  =        26.2304
 EAMBER (non-restraint)  =    -54813.9634
 EKCMT  =      4908.5115  VIRIAL  =      4585.2507  VOLUME     =    180981.7987
                                                    Density    =         1.0215
 ------------------------------------------------------------------------------


 NSTEP =    11000   TIME(PS) =    2295.000  TEMP(K) =   299.48  PRESS =   -70.0
 Etot   =    -43608.2084  EKtot   =     11101.2988  EPtot      =    -54709.5072
 BOND   =       346.5691  ANGLE   =       981.5639  DIHED      =      2118.8511
 1-4 NB =       449.1926  1-4 EEL =      6189.3430  VDWAALS    =      6481.4969
 EELEC  =    -71302.6411  EHBOND  =         0.0000  RESTRAINT  =        26.1174
 EAMBER (non-restraint)  =    -54735.6246
 EKCMT  =      4902.5274  VIRIAL  =      5175.7881  VOLUME     =    180851.6054
                                                    Density    =         1.0222
 ------------------------------------------------------------------------------


 NSTEP =    11500   TIME(PS) =    2296.000  TEMP(K) =   300.88  PRESS =   110.2
 Etot   =    -43780.9285  EKtot   =     11152.9785  EPtot      =    -54933.9070
 BOND   =       355.4821  ANGLE   =       995.7372  DIHED      =      2126.8640
 1-4 NB =       457.4644  1-4 EEL =      6217.2164  VDWAALS    =      6486.7133
 EELEC  =    -71598.5910  EHBOND  =         0.0000  RESTRAINT  =        25.2066
 EAMBER (non-restraint)  =    -54959.1136
 EKCMT  =      4844.0481  VIRIAL  =      4413.8517  VOLUME     =    180740.9075
                                                    Density    =         1.0228
 ------------------------------------------------------------------------------


 NSTEP =    12000   TIME(PS) =    2297.000  TEMP(K) =   299.88  PRESS =   266.9
 Etot   =    -43647.3028  EKtot   =     11116.0645  EPtot      =    -54763.3673
 BOND   =       348.9659  ANGLE   =       981.8897  DIHED      =      2110.1304
 1-4 NB =       450.2816  1-4 EEL =      6222.7492  VDWAALS    =      6591.4332
 EELEC  =    -71497.2045  EHBOND  =         0.0000  RESTRAINT  =        28.3871
 EAMBER (non-restraint)  =    -54791.7544
 EKCMT  =      4901.1674  VIRIAL  =      3857.4742  VOLUME     =    181091.0972
                                                    Density    =         1.0209
 ------------------------------------------------------------------------------


 NSTEP =    12500   TIME(PS) =    2298.000  TEMP(K) =   299.80  PRESS =   -42.5
 Etot   =    -43546.3763  EKtot   =     11113.0264  EPtot      =    -54659.4027
 BOND   =       379.4114  ANGLE   =       988.3346  DIHED      =      2129.8114
 1-4 NB =       438.0712  1-4 EEL =      6185.5859  VDWAALS    =      6435.2833
 EELEC  =    -71248.0194  EHBOND  =         0.0000  RESTRAINT  =        32.1190
 EAMBER (non-restraint)  =    -54691.5217
 EKCMT  =      4884.6693  VIRIAL  =      5050.5838  VOLUME     =    180704.7045
                                                    Density    =         1.0231
 ------------------------------------------------------------------------------


 NSTEP =    13000   TIME(PS) =    2299.000  TEMP(K) =   301.32  PRESS =   150.9
 Etot   =    -43606.7980  EKtot   =     11169.2461  EPtot      =    -54776.0441
 BOND   =       343.4200  ANGLE   =       976.2779  DIHED      =      2117.7523
 1-4 NB =       447.6886  1-4 EEL =      6217.1280  VDWAALS    =      6519.9885
 EELEC  =    -71426.8780  EHBOND  =         0.0000  RESTRAINT  =        28.5786
 EAMBER (non-restraint)  =    -54804.6227
 EKCMT  =      4850.3370  VIRIAL  =      4260.5686  VOLUME     =    181012.8591
                                                    Density    =         1.0213
 ------------------------------------------------------------------------------


 NSTEP =    13500   TIME(PS) =    2300.000  TEMP(K) =   300.61  PRESS =    23.6
 Etot   =    -43466.5180  EKtot   =     11142.8545  EPtot      =    -54609.3725
 BOND   =       340.2318  ANGLE   =       981.0338  DIHED      =      2123.8509
 1-4 NB =       442.3114  1-4 EEL =      6206.5366  VDWAALS    =      6551.3940
 EELEC  =    -71281.8260  EHBOND  =         0.0000  RESTRAINT  =        27.0951
 EAMBER (non-restraint)  =    -54636.4676
 EKCMT  =      4842.7285  VIRIAL  =      4750.1722  VOLUME     =    181399.7034
                                                    Density    =         1.0191
 ------------------------------------------------------------------------------


 NSTEP =    14000   TIME(PS) =    2301.000  TEMP(K) =   301.53  PRESS =  -157.9
 Etot   =    -43616.3576  EKtot   =     11177.0469  EPtot      =    -54793.4045
 BOND   =       348.8274  ANGLE   =      1003.3612  DIHED      =      2146.2201
 1-4 NB =       453.4589  1-4 EEL =      6231.7831  VDWAALS    =      6572.4566
 EELEC  =    -71579.1274  EHBOND  =         0.0000  RESTRAINT  =        29.6157
 EAMBER (non-restraint)  =    -54823.0202
 EKCMT  =      4763.1539  VIRIAL  =      5380.9377  VOLUME     =    181199.9195
                                                    Density    =         1.0203
 ------------------------------------------------------------------------------


 NSTEP =    14500   TIME(PS) =    2302.000  TEMP(K) =   300.58  PRESS =    65.8
 Etot   =    -43650.7714  EKtot   =     11142.0996  EPtot      =    -54792.8710
 BOND   =       326.2660  ANGLE   =       971.5521  DIHED      =      2094.8464
 1-4 NB =       454.3747  1-4 EEL =      6239.7999  VDWAALS    =      6545.4706
 EELEC  =    -71449.5777  EHBOND  =         0.0000  RESTRAINT  =        24.3971
 EAMBER (non-restraint)  =    -54817.2681
 EKCMT  =      4874.2872  VIRIAL  =      4615.9920  VOLUME     =    181766.3228
                                                    Density    =         1.0171
 ------------------------------------------------------------------------------


 NSTEP =    15000   TIME(PS) =    2303.000  TEMP(K) =   294.97  PRESS =    23.9
 Etot   =    -43825.2122  EKtot   =     10933.8691  EPtot      =    -54759.0813
 BOND   =       340.9034  ANGLE   =      1031.5076  DIHED      =      2096.8535
 1-4 NB =       450.4369  1-4 EEL =      6195.4355  VDWAALS    =      6493.3621
 EELEC  =    -71393.1170  EHBOND  =         0.0000  RESTRAINT  =        25.5366
 EAMBER (non-restraint)  =    -54784.6180
 EKCMT  =      4775.1740  VIRIAL  =      4681.6913  VOLUME     =    181418.8218
                                                    Density    =         1.0190
 ------------------------------------------------------------------------------


 NSTEP =    15500   TIME(PS) =    2304.000  TEMP(K) =   300.80  PRESS =   -30.8
 Etot   =    -43557.1382  EKtot   =     11150.2070  EPtot      =    -54707.3453
 BOND   =       337.0067  ANGLE   =       984.0338  DIHED      =      2117.1079
 1-4 NB =       448.7439  1-4 EEL =      6206.1320  VDWAALS    =      6547.0955
 EELEC  =    -71369.5478  EHBOND  =         0.0000  RESTRAINT  =        22.0828
 EAMBER (non-restraint)  =    -54729.4281
 EKCMT  =      4919.7610  VIRIAL  =      5040.6451  VOLUME     =    181749.6388
                                                    Density    =         1.0172
 ------------------------------------------------------------------------------


 NSTEP =    16000   TIME(PS) =    2305.000  TEMP(K) =   299.71  PRESS =   129.0
 Etot   =    -43632.4932  EKtot   =     11109.7451  EPtot      =    -54742.2383
 BOND   =       356.2698  ANGLE   =       969.9786  DIHED      =      2113.6759
 1-4 NB =       447.8184  1-4 EEL =      6184.9071  VDWAALS    =      6565.1725
 EELEC  =    -71407.5707  EHBOND  =         0.0000  RESTRAINT  =        27.5102
 EAMBER (non-restraint)  =    -54769.7485
 EKCMT  =      4842.6489  VIRIAL  =      4336.8788  VOLUME     =    181651.2907
                                                    Density    =         1.0177
 ------------------------------------------------------------------------------


 NSTEP =    16500   TIME(PS) =    2306.000  TEMP(K) =   299.30  PRESS =  -153.9
 Etot   =    -43792.3815  EKtot   =     11094.3848  EPtot      =    -54886.7662
 BOND   =       329.7021  ANGLE   =       984.3961  DIHED      =      2090.0764
 1-4 NB =       448.6723  1-4 EEL =      6197.4246  VDWAALS    =      6676.3015
 EELEC  =    -71639.7212  EHBOND  =         0.0000  RESTRAINT  =        26.3820
 EAMBER (non-restraint)  =    -54913.1482
 EKCMT  =      4868.7701  VIRIAL  =      5471.1390  VOLUME     =    181268.2014
                                                    Density    =         1.0199
 ------------------------------------------------------------------------------


 NSTEP =    17000   TIME(PS) =    2307.000  TEMP(K) =   302.21  PRESS =    42.6
 Etot   =    -43570.6925  EKtot   =     11202.1914  EPtot      =    -54772.8839
 BOND   =       350.5407  ANGLE   =       949.0843  DIHED      =      2121.7075
 1-4 NB =       446.5187  1-4 EEL =      6200.0147  VDWAALS    =      6581.5337
 EELEC  =    -71452.0661  EHBOND  =         0.0000  RESTRAINT  =        29.7827
 EAMBER (non-restraint)  =    -54802.6666
 EKCMT  =      4826.3888  VIRIAL  =      4660.1883  VOLUME     =    180629.7760
                                                    Density    =         1.0235
 ------------------------------------------------------------------------------


 NSTEP =    17500   TIME(PS) =    2308.000  TEMP(K) =   301.05  PRESS =     4.8
 Etot   =    -43514.1789  EKtot   =     11159.3750  EPtot      =    -54673.5539
 BOND   =       368.2722  ANGLE   =       995.0952  DIHED      =      2104.0461
 1-4 NB =       445.3515  1-4 EEL =      6183.4684  VDWAALS    =      6562.4150
 EELEC  =    -71358.5782  EHBOND  =         0.0000  RESTRAINT  =        26.3760
 EAMBER (non-restraint)  =    -54699.9298
 EKCMT  =      4813.8625  VIRIAL  =      4795.2981  VOLUME     =    180610.9279
                                                    Density    =         1.0236
 ------------------------------------------------------------------------------


 NSTEP =    18000   TIME(PS) =    2309.000  TEMP(K) =   297.72  PRESS =    99.0
 Etot   =    -43793.4740  EKtot   =     11035.9189  EPtot      =    -54829.3929
 BOND   =       346.0856  ANGLE   =       982.9572  DIHED      =      2125.9578
 1-4 NB =       446.5992  1-4 EEL =      6190.3288  VDWAALS    =      6603.7643
 EELEC  =    -71550.5407  EHBOND  =         0.0000  RESTRAINT  =        25.4548
 EAMBER (non-restraint)  =    -54854.8478
 EKCMT  =      4813.1457  VIRIAL  =      4425.8541  VOLUME     =    181135.0347
                                                    Density    =         1.0206
 ------------------------------------------------------------------------------


 NSTEP =    18500   TIME(PS) =    2310.000  TEMP(K) =   298.41  PRESS =   -44.1
 Etot   =    -43599.3235  EKtot   =     11061.4102  EPtot      =    -54660.7336
 BOND   =       357.5707  ANGLE   =       945.5915  DIHED      =      2133.7671
 1-4 NB =       456.4248  1-4 EEL =      6195.9296  VDWAALS    =      6552.2671
 EELEC  =    -71331.6041  EHBOND  =         0.0000  RESTRAINT  =        29.3196
 EAMBER (non-restraint)  =    -54690.0532
 EKCMT  =      4791.9741  VIRIAL  =      4964.0489  VOLUME     =    180785.5473
                                                    Density    =         1.0226
 ------------------------------------------------------------------------------


 NSTEP =    19000   TIME(PS) =    2311.000  TEMP(K) =   304.26  PRESS =   221.2
 Etot   =    -43605.2344  EKtot   =     11278.4756  EPtot      =    -54883.7100
 BOND   =       351.1616  ANGLE   =       996.8974  DIHED      =      2125.7774
 1-4 NB =       447.8441  1-4 EEL =      6217.7612  VDWAALS    =      6611.5367
 EELEC  =    -71661.7428  EHBOND  =         0.0000  RESTRAINT  =        27.0544
 EAMBER (non-restraint)  =    -54910.7644
 EKCMT  =      4919.6419  VIRIAL  =      4055.5954  VOLUME     =    180923.0485
                                                    Density    =         1.0218
 ------------------------------------------------------------------------------


 NSTEP =    19500   TIME(PS) =    2312.000  TEMP(K) =   299.57  PRESS =  -480.8
 Etot   =    -43789.8502  EKtot   =     11104.3750  EPtot      =    -54894.2252
 BOND   =       348.6772  ANGLE   =      1016.8041  DIHED      =      2110.0415
 1-4 NB =       450.5973  1-4 EEL =      6219.6871  VDWAALS    =      6394.9368
 EELEC  =    -71465.5331  EHBOND  =         0.0000  RESTRAINT  =        30.5638
 EAMBER (non-restraint)  =    -54924.7891
 EKCMT  =      4843.9497  VIRIAL  =      6720.1183  VOLUME     =    180742.1400
                                                    Density    =         1.0228
 ------------------------------------------------------------------------------


 NSTEP =    20000   TIME(PS) =    2313.000  TEMP(K) =   303.62  PRESS =   107.3
 Etot   =    -43549.9924  EKtot   =     11254.5684  EPtot      =    -54804.5608
 BOND   =       352.6042  ANGLE   =       971.9830  DIHED      =      2147.7631
 1-4 NB =       454.0426  1-4 EEL =      6222.7550  VDWAALS    =      6389.9922
 EELEC  =    -71367.2672  EHBOND  =         0.0000  RESTRAINT  =        23.5663
 EAMBER (non-restraint)  =    -54828.1271
 EKCMT  =      4937.5503  VIRIAL  =      4518.9969  VOLUME     =    180664.5027
                                                    Density    =         1.0233
 ------------------------------------------------------------------------------


 NSTEP =    20500   TIME(PS) =    2314.000  TEMP(K) =   298.92  PRESS =  -178.5
 Etot   =    -43699.9847  EKtot   =     11080.3623  EPtot      =    -54780.3470
 BOND   =       384.8491  ANGLE   =       988.7816  DIHED      =      2121.9592
 1-4 NB =       436.6159  1-4 EEL =      6224.1584  VDWAALS    =      6535.6351
 EELEC  =    -71503.7683  EHBOND  =         0.0000  RESTRAINT  =        31.4220
 EAMBER (non-restraint)  =    -54811.7690
 EKCMT  =      4780.8265  VIRIAL  =      5479.1100  VOLUME     =    181136.3967
                                                    Density    =         1.0206
 ------------------------------------------------------------------------------


 NSTEP =    21000   TIME(PS) =    2315.000  TEMP(K) =   302.21  PRESS =  -185.9
 Etot   =    -43665.0294  EKtot   =     11202.3838  EPtot      =    -54867.4131
 BOND   =       367.0593  ANGLE   =       956.8402  DIHED      =      2101.2441
 1-4 NB =       450.3997  1-4 EEL =      6172.6844  VDWAALS    =      6460.5708
 EELEC  =    -71403.1358  EHBOND  =         0.0000  RESTRAINT  =        26.9242
 EAMBER (non-restraint)  =    -54894.3373
 EKCMT  =      4901.9747  VIRIAL  =      5627.4301  VOLUME     =    180787.4190
                                                    Density    =         1.0226
 ------------------------------------------------------------------------------


 NSTEP =    21500   TIME(PS) =    2316.000  TEMP(K) =   301.18  PRESS =    54.0
 Etot   =    -43485.1225  EKtot   =     11164.1016  EPtot      =    -54649.2240
 BOND   =       357.0988  ANGLE   =      1002.8828  DIHED      =      2128.6654
 1-4 NB =       440.8549  1-4 EEL =      6190.9761  VDWAALS    =      6496.4243
 EELEC  =    -71295.0361  EHBOND  =         0.0000  RESTRAINT  =        28.9099
 EAMBER (non-restraint)  =    -54678.1339
 EKCMT  =      4880.4642  VIRIAL  =      4669.2115  VOLUME     =    181214.6320
                                                    Density    =         1.0202
 ------------------------------------------------------------------------------


 NSTEP =    22000   TIME(PS) =    2317.000  TEMP(K) =   301.22  PRESS =   -14.0
 Etot   =    -43716.7562  EKtot   =     11165.5977  EPtot      =    -54882.3539
 BOND   =       378.7315  ANGLE   =       975.4469  DIHED      =      2126.9268
 1-4 NB =       441.3650  1-4 EEL =      6202.6250  VDWAALS    =      6574.9777
 EELEC  =    -71607.7428  EHBOND  =         0.0000  RESTRAINT  =        25.3160
 EAMBER (non-restraint)  =    -54907.6699
 EKCMT  =      4803.3977  VIRIAL  =      4858.0806  VOLUME     =    181318.4600
                                                    Density    =         1.0196
 ------------------------------------------------------------------------------


 NSTEP =    22500   TIME(PS) =    2318.000  TEMP(K) =   300.50  PRESS =   160.5
 Etot   =    -43671.7045  EKtot   =     11139.1309  EPtot      =    -54810.8354
 BOND   =       358.3244  ANGLE   =       982.2495  DIHED      =      2125.4047
 1-4 NB =       451.4655  1-4 EEL =      6205.4247  VDWAALS    =      6736.9917
 EELEC  =    -71701.3583  EHBOND  =         0.0000  RESTRAINT  =        30.6624
 EAMBER (non-restraint)  =    -54841.4978
 EKCMT  =      4873.0830  VIRIAL  =      4245.3934  VOLUME     =    181176.2150
                                                    Density    =         1.0204
 ------------------------------------------------------------------------------


 NSTEP =    23000   TIME(PS) =    2319.000  TEMP(K) =   301.20  PRESS =   112.5
 Etot   =    -43703.1518  EKtot   =     11165.0469  EPtot      =    -54868.1987
 BOND   =       363.8054  ANGLE   =      1028.0401  DIHED      =      2102.7024
 1-4 NB =       442.4397  1-4 EEL =      6165.6599  VDWAALS    =      6648.1462
 EELEC  =    -71644.7156  EHBOND  =         0.0000  RESTRAINT  =        25.7233
 EAMBER (non-restraint)  =    -54893.9220
 EKCMT  =      4848.0384  VIRIAL  =      4407.2821  VOLUME     =    181466.8472
                                                    Density    =         1.0188
 ------------------------------------------------------------------------------


 NSTEP =    23500   TIME(PS) =    2320.000  TEMP(K) =   300.31  PRESS =   -46.5
 Etot   =    -43686.9750  EKtot   =     11131.8643  EPtot      =    -54818.8392
 BOND   =       381.6038  ANGLE   =       982.8257  DIHED      =      2127.6023
 1-4 NB =       449.2645  1-4 EEL =      6208.8810  VDWAALS    =      6563.6177
 EELEC  =    -71560.4258  EHBOND  =         0.0000  RESTRAINT  =        27.7916
 EAMBER (non-restraint)  =    -54846.6308
 EKCMT  =      4854.9674  VIRIAL  =      5037.0097  VOLUME     =    181308.4451
                                                    Density    =         1.0196
 ------------------------------------------------------------------------------


 NSTEP =    24000   TIME(PS) =    2321.000  TEMP(K) =   298.29  PRESS =    82.2
 Etot   =    -43852.0216  EKtot   =     11057.1064  EPtot      =    -54909.1280
 BOND   =       366.4272  ANGLE   =       958.5794  DIHED      =      2149.3033
 1-4 NB =       442.1242  1-4 EEL =      6211.4030  VDWAALS    =      6600.1813
 EELEC  =    -71665.3144  EHBOND  =         0.0000  RESTRAINT  =        28.1680
 EAMBER (non-restraint)  =    -54937.2960
 EKCMT  =      4846.4472  VIRIAL  =      4525.0823  VOLUME     =    180968.8568
                                                    Density    =         1.0216
 ------------------------------------------------------------------------------


 NSTEP =    24500   TIME(PS) =    2322.000  TEMP(K) =   299.85  PRESS =  -217.1
 Etot   =    -43694.5632  EKtot   =     11114.7061  EPtot      =    -54809.2692
 BOND   =       369.1472  ANGLE   =       954.1734  DIHED      =      2122.0265
 1-4 NB =       444.9743  1-4 EEL =      6236.4870  VDWAALS    =      6404.9212
 EELEC  =    -71372.0120  EHBOND  =         0.0000  RESTRAINT  =        31.0131
 EAMBER (non-restraint)  =    -54840.2823
 EKCMT  =      4853.2812  VIRIAL  =      5701.4958  VOLUME     =    180982.5105
                                                    Density    =         1.0215
 ------------------------------------------------------------------------------


 NSTEP =    25000   TIME(PS) =    2323.000  TEMP(K) =   302.75  PRESS =    -3.2
 Etot   =    -43368.2362  EKtot   =     11222.5020  EPtot      =    -54590.7382
 BOND   =       353.7019  ANGLE   =       987.5311  DIHED      =      2123.2702
 1-4 NB =       453.8049  1-4 EEL =      6207.6665  VDWAALS    =      6501.7857
 EELEC  =    -71247.1149  EHBOND  =         0.0000  RESTRAINT  =        28.6164
 EAMBER (non-restraint)  =    -54619.3546
 EKCMT  =      4917.1875  VIRIAL  =      4929.8295  VOLUME     =    181129.8609
                                                    Density    =         1.0206
 ------------------------------------------------------------------------------


 NSTEP =    25500   TIME(PS) =    2324.000  TEMP(K) =   302.92  PRESS =     1.3
 Etot   =    -43398.5407  EKtot   =     11228.7471  EPtot      =    -54627.2878
 BOND   =       359.1565  ANGLE   =       999.2081  DIHED      =      2141.2206
 1-4 NB =       443.1114  1-4 EEL =      6210.5803  VDWAALS    =      6585.2323
 EELEC  =    -71395.4852  EHBOND  =         0.0000  RESTRAINT  =        29.6882
 EAMBER (non-restraint)  =    -54656.9760
 EKCMT  =      4874.0607  VIRIAL  =      4869.1001  VOLUME     =    181182.5578
                                                    Density    =         1.0204
 ------------------------------------------------------------------------------


 NSTEP =    26000   TIME(PS) =    2325.000  TEMP(K) =   299.73  PRESS =  -120.8
 Etot   =    -43591.0003  EKtot   =     11110.2998  EPtot      =    -54701.3001
 BOND   =       338.8550  ANGLE   =       977.4958  DIHED      =      2096.5643
 1-4 NB =       447.8578  1-4 EEL =      6224.5703  VDWAALS    =      6359.0045
 EELEC  =    -71173.5385  EHBOND  =         0.0000  RESTRAINT  =        27.8907
 EAMBER (non-restraint)  =    -54729.1908
 EKCMT  =      4863.9277  VIRIAL  =      5335.5011  VOLUME     =    180819.5863
                                                    Density    =         1.0224
 ------------------------------------------------------------------------------


 NSTEP =    26500   TIME(PS) =    2326.000  TEMP(K) =   298.18  PRESS =  -153.9
 Etot   =    -43705.9720  EKtot   =     11053.0859  EPtot      =    -54759.0580
 BOND   =       384.0856  ANGLE   =      1035.0330  DIHED      =      2108.0559
 1-4 NB =       433.6394  1-4 EEL =      6179.2034  VDWAALS    =      6411.5966
 EELEC  =    -71340.6470  EHBOND  =         0.0000  RESTRAINT  =        29.9751
 EAMBER (non-restraint)  =    -54789.0330
 EKCMT  =      4883.0408  VIRIAL  =      5485.2166  VOLUME     =    181196.4835
                                                    Density    =         1.0203
 ------------------------------------------------------------------------------


 NSTEP =    27000   TIME(PS) =    2327.000  TEMP(K) =   300.27  PRESS =   146.3
 Etot   =    -43675.9128  EKtot   =     11130.5371  EPtot      =    -54806.4499
 BOND   =       351.3152  ANGLE   =      1001.2846  DIHED      =      2119.8708
 1-4 NB =       465.6805  1-4 EEL =      6201.8887  VDWAALS    =      6658.5169
 EELEC  =    -71636.5324  EHBOND  =         0.0000  RESTRAINT  =        31.5258
 EAMBER (non-restraint)  =    -54837.9757
 EKCMT  =      4874.2986  VIRIAL  =      4303.0935  VOLUME     =    180828.6963
                                                    Density    =         1.0223
 ------------------------------------------------------------------------------


 NSTEP =    27500   TIME(PS) =    2328.000  TEMP(K) =   301.54  PRESS =  -126.8
 Etot   =    -43624.8004  EKtot   =     11177.5859  EPtot      =    -54802.3863
 BOND   =       333.5149  ANGLE   =      1011.3471  DIHED      =      2111.6112
 1-4 NB =       433.3574  1-4 EEL =      6201.4102  VDWAALS    =      6473.5115
 EELEC  =    -71394.7461  EHBOND  =         0.0000  RESTRAINT  =        27.6075
 EAMBER (non-restraint)  =    -54829.9938
 EKCMT  =      4961.3352  VIRIAL  =      5456.2371  VOLUME     =    180761.2153
                                                    Density    =         1.0227
 ------------------------------------------------------------------------------


 NSTEP =    28000   TIME(PS) =    2329.000  TEMP(K) =   302.74  PRESS =  -224.2
 Etot   =    -43474.8550  EKtot   =     11221.8086  EPtot      =    -54696.6635
 BOND   =       366.9616  ANGLE   =       998.8343  DIHED      =      2129.1433
 1-4 NB =       437.7853  1-4 EEL =      6170.1953  VDWAALS    =      6509.6458
 EELEC  =    -71341.3014  EHBOND  =         0.0000  RESTRAINT  =        32.0724
 EAMBER (non-restraint)  =    -54728.7359
 EKCMT  =      4889.7410  VIRIAL  =      5762.4869  VOLUME     =    180293.1730
                                                    Density    =         1.0254
 ------------------------------------------------------------------------------


 NSTEP =    28500   TIME(PS) =    2330.000  TEMP(K) =   300.48  PRESS =  -161.0
 Etot   =    -43694.5324  EKtot   =     11138.1982  EPtot      =    -54832.7307
 BOND   =       349.8476  ANGLE   =       978.1250  DIHED      =      2124.3971
 1-4 NB =       466.9494  1-4 EEL =      6214.8356  VDWAALS    =      6417.8361
 EELEC  =    -71414.8791  EHBOND  =         0.0000  RESTRAINT  =        30.1576
 EAMBER (non-restraint)  =    -54862.8883
 EKCMT  =      4898.1054  VIRIAL  =      5525.3852  VOLUME     =    180504.3446
                                                    Density    =         1.0242
 ------------------------------------------------------------------------------


 NSTEP =    29000   TIME(PS) =    2331.000  TEMP(K) =   304.18  PRESS =  -229.1
 Etot   =    -43677.9319  EKtot   =     11275.3125  EPtot      =    -54953.2444
 BOND   =       378.7071  ANGLE   =       937.0790  DIHED      =      2117.0062
 1-4 NB =       448.1268  1-4 EEL =      6204.8676  VDWAALS    =      6539.3014
 EELEC  =    -71604.7071  EHBOND  =         0.0000  RESTRAINT  =        26.3745
 EAMBER (non-restraint)  =    -54979.6189
 EKCMT  =      5010.1253  VIRIAL  =      5906.3149  VOLUME     =    181195.0366
                                                    Density    =         1.0203
 ------------------------------------------------------------------------------


 NSTEP =    29500   TIME(PS) =    2332.000  TEMP(K) =   295.38  PRESS =   211.0
 Etot   =    -43788.8570  EKtot   =     10949.1865  EPtot      =    -54738.0435
 BOND   =       348.0357  ANGLE   =       979.6675  DIHED      =      2132.7340
 1-4 NB =       453.0694  1-4 EEL =      6216.8225  VDWAALS    =      6652.3436
 EELEC  =    -71549.0712  EHBOND  =         0.0000  RESTRAINT  =        28.3549
 EAMBER (non-restraint)  =    -54766.3985
 EKCMT  =      4793.6973  VIRIAL  =      3969.1249  VOLUME     =    181000.5844
                                                    Density    =         1.0214
 ------------------------------------------------------------------------------


 NSTEP =    30000   TIME(PS) =    2333.000  TEMP(K) =   299.84  PRESS =   -52.3
 Etot   =    -43511.1160  EKtot   =     11114.6172  EPtot      =    -54625.7331
 BOND   =       338.8007  ANGLE   =       981.9272  DIHED      =      2120.8631
 1-4 NB =       463.9105  1-4 EEL =      6274.9831  VDWAALS    =      6488.0266
 EELEC  =    -71321.5431  EHBOND  =         0.0000  RESTRAINT  =        27.2987
 EAMBER (non-restraint)  =    -54653.0319
 EKCMT  =      4801.7415  VIRIAL  =      5006.3712  VOLUME     =    181233.4436
                                                    Density    =         1.0201
 ------------------------------------------------------------------------------


 NSTEP =    30500   TIME(PS) =    2334.000  TEMP(K) =   305.19  PRESS =  -144.0
 Etot   =    -43252.4131  EKtot   =     11312.9336  EPtot      =    -54565.3467
 BOND   =       370.4530  ANGLE   =       997.3774  DIHED      =      2155.5174
 1-4 NB =       436.7087  1-4 EEL =      6210.2725  VDWAALS    =      6468.8202
 EELEC  =    -71228.8853  EHBOND  =         0.0000  RESTRAINT  =        24.3894
 EAMBER (non-restraint)  =    -54589.7361
 EKCMT  =      4908.9731  VIRIAL  =      5471.8832  VOLUME     =    181041.2341
                                                    Density    =         1.0211
 ------------------------------------------------------------------------------


 NSTEP =    31000   TIME(PS) =    2335.000  TEMP(K) =   301.04  PRESS =  -160.2
 Etot   =    -43446.3510  EKtot   =     11159.0293  EPtot      =    -54605.3803
 BOND   =       359.0841  ANGLE   =       942.7274  DIHED      =      2141.8528
 1-4 NB =       448.6167  1-4 EEL =      6240.3160  VDWAALS    =      6452.2951
 EELEC  =    -71215.5127  EHBOND  =         0.0000  RESTRAINT  =        25.2403
 EAMBER (non-restraint)  =    -54630.6206
 EKCMT  =      4873.3260  VIRIAL  =      5499.3280  VOLUME     =    180977.3444
                                                    Density    =         1.0215
 ------------------------------------------------------------------------------


 NSTEP =    31500   TIME(PS) =    2336.000  TEMP(K) =   298.57  PRESS =   195.8
 Etot   =    -43618.4364  EKtot   =     11067.4385  EPtot      =    -54685.8749
 BOND   =       380.5609  ANGLE   =       990.0685  DIHED      =      2126.9643
 1-4 NB =       444.6356  1-4 EEL =      6215.0881  VDWAALS    =      6653.8927
 EELEC  =    -71526.1222  EHBOND  =         0.0000  RESTRAINT  =        29.0372
 EAMBER (non-restraint)  =    -54714.9121
 EKCMT  =      4870.7268  VIRIAL  =      4105.1137  VOLUME     =    181062.5188
                                                    Density    =         1.0210
 ------------------------------------------------------------------------------


 NSTEP =    32000   TIME(PS) =    2337.000  TEMP(K) =   298.81  PRESS =   -19.5
 Etot   =    -43630.6165  EKtot   =     11076.2578  EPtot      =    -54706.8743
 BOND   =       355.8980  ANGLE   =       972.4136  DIHED      =      2145.0142
 1-4 NB =       448.9844  1-4 EEL =      6206.4703  VDWAALS    =      6610.8014
 EELEC  =    -71477.4905  EHBOND  =         0.0000  RESTRAINT  =        31.0344
 EAMBER (non-restraint)  =    -54737.9087
 EKCMT  =      4824.5835  VIRIAL  =      4900.6395  VOLUME     =    180892.6226
                                                    Density    =         1.0220
 ------------------------------------------------------------------------------


 NSTEP =    32500   TIME(PS) =    2338.000  TEMP(K) =   301.68  PRESS =    20.6
 Etot   =    -43494.4274  EKtot   =     11182.6104  EPtot      =    -54677.0378
 BOND   =       349.1988  ANGLE   =       988.8458  DIHED      =      2136.6568
 1-4 NB =       431.4257  1-4 EEL =      6197.2981  VDWAALS    =      6446.8131
 EELEC  =    -71258.7754  EHBOND  =         0.0000  RESTRAINT  =        31.4995
 EAMBER (non-restraint)  =    -54708.5372
 EKCMT  =      4886.4591  VIRIAL  =      4806.2627  VOLUME     =    180694.0140
                                                    Density    =         1.0231
 ------------------------------------------------------------------------------


 NSTEP =    33000   TIME(PS) =    2339.000  TEMP(K) =   298.44  PRESS =    82.1
 Etot   =    -43589.1110  EKtot   =     11062.6025  EPtot      =    -54651.7136
 BOND   =       327.9791  ANGLE   =       978.4042  DIHED      =      2139.3889
 1-4 NB =       454.9997  1-4 EEL =      6224.7209  VDWAALS    =      6482.7429
 EELEC  =    -71289.8040  EHBOND  =         0.0000  RESTRAINT  =        29.8548
 EAMBER (non-restraint)  =    -54681.5683
 EKCMT  =      4835.9750  VIRIAL  =      4515.5691  VOLUME     =    180683.1233
                                                    Density    =         1.0232
 ------------------------------------------------------------------------------


 NSTEP =    33500   TIME(PS) =    2340.000  TEMP(K) =   300.94  PRESS =   -51.6
 Etot   =    -43653.7209  EKtot   =     11155.3965  EPtot      =    -54809.1174
 BOND   =       351.1910  ANGLE   =      1023.6137  DIHED      =      2121.4373
 1-4 NB =       437.0521  1-4 EEL =      6181.8794  VDWAALS    =      6628.5335
 EELEC  =    -71583.1912  EHBOND  =         0.0000  RESTRAINT  =        30.3668
 EAMBER (non-restraint)  =    -54839.4842
 EKCMT  =      4916.0024  VIRIAL  =      5117.2389  VOLUME     =    180533.7308
                                                    Density    =         1.0240
 ------------------------------------------------------------------------------


 NSTEP =    34000   TIME(PS) =    2341.000  TEMP(K) =   298.60  PRESS =   -12.3
 Etot   =    -43714.3097  EKtot   =     11068.6279  EPtot      =    -54782.9377
 BOND   =       342.7894  ANGLE   =       985.6878  DIHED      =      2141.0584
 1-4 NB =       451.9344  1-4 EEL =      6213.4799  VDWAALS    =      6619.5254
 EELEC  =    -71563.0669  EHBOND  =         0.0000  RESTRAINT  =        25.6541
 EAMBER (non-restraint)  =    -54808.5918
 EKCMT  =      4902.7630  VIRIAL  =      4950.6191  VOLUME     =    180449.4220
                                                    Density    =         1.0245
 ------------------------------------------------------------------------------


 NSTEP =    34500   TIME(PS) =    2342.000  TEMP(K) =   301.20  PRESS =   191.2
 Etot   =    -43451.5550  EKtot   =     11164.9463  EPtot      =    -54616.5013
 BOND   =       344.0510  ANGLE   =       977.0197  DIHED      =      2116.5005
 1-4 NB =       447.5641  1-4 EEL =      6213.5851  VDWAALS    =      6572.4808
 EELEC  =    -71312.2443  EHBOND  =         0.0000  RESTRAINT  =        24.5418
 EAMBER (non-restraint)  =    -54641.0430
 EKCMT  =      4985.6079  VIRIAL  =      4239.2616  VOLUME     =    180791.6575
                                                    Density    =         1.0226
 ------------------------------------------------------------------------------


 NSTEP =    35000   TIME(PS) =    2343.000  TEMP(K) =   296.00  PRESS =   -15.7
 Etot   =    -43712.3708  EKtot   =     10972.0771  EPtot      =    -54684.4479
 BOND   =       387.9509  ANGLE   =       968.1754  DIHED      =      2100.8405
 1-4 NB =       436.1553  1-4 EEL =      6220.4495  VDWAALS    =      6425.8233
 EELEC  =    -71250.0625  EHBOND  =         0.0000  RESTRAINT  =        26.2198
 EAMBER (non-restraint)  =    -54710.6677
 EKCMT  =      4787.3599  VIRIAL  =      4848.5996  VOLUME     =    180782.5457
                                                    Density    =         1.0226
 ------------------------------------------------------------------------------


 NSTEP =    35500   TIME(PS) =    2344.000  TEMP(K) =   300.14  PRESS =   -84.9
 Etot   =    -43573.5710  EKtot   =     11125.6406  EPtot      =    -54699.2117
 BOND   =       353.3189  ANGLE   =       948.8092  DIHED      =      2157.8451
 1-4 NB =       454.8470  1-4 EEL =      6247.9749  VDWAALS    =      6566.5547
 EELEC  =    -71455.8159  EHBOND  =         0.0000  RESTRAINT  =        27.2544
 EAMBER (non-restraint)  =    -54726.4660
 EKCMT  =      4871.7595  VIRIAL  =      5202.4613  VOLUME     =    180502.9174
                                                    Density    =         1.0242
 ------------------------------------------------------------------------------


 NSTEP =    36000   TIME(PS) =    2345.000  TEMP(K) =   300.32  PRESS =  -164.8
 Etot   =    -43603.4589  EKtot   =     11132.4199  EPtot      =    -54735.8788
 BOND   =       364.0161  ANGLE   =       984.9949  DIHED      =      2145.8104
 1-4 NB =       443.0961  1-4 EEL =      6214.2038  VDWAALS    =      6476.7883
 EELEC  =    -71396.7651  EHBOND  =         0.0000  RESTRAINT  =        31.9767
 EAMBER (non-restraint)  =    -54767.8555
 EKCMT  =      4910.5619  VIRIAL  =      5553.6271  VOLUME     =    180710.9341
                                                    Density    =         1.0230
 ------------------------------------------------------------------------------


 NSTEP =    36500   TIME(PS) =    2346.000  TEMP(K) =   298.93  PRESS =    65.7
 Etot   =    -43874.6396  EKtot   =     11080.5771  EPtot      =    -54955.2168
 BOND   =       344.7793  ANGLE   =       989.0133  DIHED      =      2132.5192
 1-4 NB =       448.1781  1-4 EEL =      6224.5213  VDWAALS    =      6604.0908
 EELEC  =    -71729.7301  EHBOND  =         0.0000  RESTRAINT  =        31.4112
 EAMBER (non-restraint)  =    -54986.6280
 EKCMT  =      4809.5941  VIRIAL  =      4553.1202  VOLUME     =    180795.7900
                                                    Density    =         1.0225
 ------------------------------------------------------------------------------


 NSTEP =    37000   TIME(PS) =    2347.000  TEMP(K) =   300.68  PRESS =  -109.4
 Etot   =    -43594.6096  EKtot   =     11145.6465  EPtot      =    -54740.2561
 BOND   =       356.5487  ANGLE   =       965.3650  DIHED      =      2141.7656
 1-4 NB =       441.1378  1-4 EEL =      6207.4684  VDWAALS    =      6504.4598
 EELEC  =    -71388.4246  EHBOND  =         0.0000  RESTRAINT  =        31.4233
 EAMBER (non-restraint)  =    -54771.6794
 EKCMT  =      4865.6051  VIRIAL  =      5292.9361  VOLUME     =    180941.0248
                                                    Density    =         1.0217
 ------------------------------------------------------------------------------


 NSTEP =    37500   TIME(PS) =    2348.000  TEMP(K) =   299.76  PRESS =  -162.8
 Etot   =    -43804.0916  EKtot   =     11111.5439  EPtot      =    -54915.6356
 BOND   =       339.5338  ANGLE   =       972.6695  DIHED      =      2127.8732
 1-4 NB =       442.6575  1-4 EEL =      6215.7209  VDWAALS    =      6643.7598
 EELEC  =    -71696.4086  EHBOND  =         0.0000  RESTRAINT  =        38.5582
 EAMBER (non-restraint)  =    -54954.1938
 EKCMT  =      4829.4884  VIRIAL  =      5465.2556  VOLUME     =    180836.7500
                                                    Density    =         1.0223
 ------------------------------------------------------------------------------


 NSTEP =    38000   TIME(PS) =    2349.000  TEMP(K) =   300.31  PRESS =  -200.9
 Etot   =    -43593.9119  EKtot   =     11131.7734  EPtot      =    -54725.6853
 BOND   =       360.1401  ANGLE   =      1000.5151  DIHED      =      2135.9853
 1-4 NB =       437.5795  1-4 EEL =      6213.0747  VDWAALS    =      6363.8865
 EELEC  =    -71268.6916  EHBOND  =         0.0000  RESTRAINT  =        31.8251
 EAMBER (non-restraint)  =    -54757.5104
 EKCMT  =      4884.3752  VIRIAL  =      5668.0683  VOLUME     =    180648.7037
                                                    Density    =         1.0234
 ------------------------------------------------------------------------------


 NSTEP =    38500   TIME(PS) =    2350.000  TEMP(K) =   300.43  PRESS =    92.6
 Etot   =    -43721.8759  EKtot   =     11136.3184  EPtot      =    -54858.1943
 BOND   =       353.5565  ANGLE   =       979.3157  DIHED      =      2137.2677
 1-4 NB =       452.4182  1-4 EEL =      6210.4432  VDWAALS    =      6557.3757
 EELEC  =    -71579.7458  EHBOND  =         0.0000  RESTRAINT  =        31.1745
 EAMBER (non-restraint)  =    -54889.3688
 EKCMT  =      4875.1495  VIRIAL  =      4513.3250  VOLUME     =    180935.2435
                                                    Density    =         1.0217
 ------------------------------------------------------------------------------


 NSTEP =    39000   TIME(PS) =    2351.000  TEMP(K) =   297.30  PRESS =   148.0
 Etot   =    -43914.5942  EKtot   =     11020.4922  EPtot      =    -54935.0864
 BOND   =       370.4859  ANGLE   =       992.0154  DIHED      =      2109.4765
 1-4 NB =       434.8658  1-4 EEL =      6203.3177  VDWAALS    =      6535.3507
 EELEC  =    -71612.9848  EHBOND  =         0.0000  RESTRAINT  =        32.3864
 EAMBER (non-restraint)  =    -54967.4728
 EKCMT  =      4832.8688  VIRIAL  =      4255.9680  VOLUME     =    180558.2058
                                                    Density    =         1.0239
 ------------------------------------------------------------------------------


 NSTEP =    39500   TIME(PS) =    2352.000  TEMP(K) =   296.16  PRESS =   149.4
 Etot   =    -43787.8183  EKtot   =     10978.0801  EPtot      =    -54765.8984
 BOND   =       347.5698  ANGLE   =       985.4562  DIHED      =      2128.6594
 1-4 NB =       444.9355  1-4 EEL =      6210.6256  VDWAALS    =      6714.7334
 EELEC  =    -71631.4278  EHBOND  =         0.0000  RESTRAINT  =        33.5496
 EAMBER (non-restraint)  =    -54799.4479
 EKCMT  =      4802.0137  VIRIAL  =      4219.7364  VOLUME     =    180485.3073
                                                    Density    =         1.0243
 ------------------------------------------------------------------------------


 NSTEP =    40000   TIME(PS) =    2353.000  TEMP(K) =   297.91  PRESS =   -56.8
 Etot   =    -43817.2521  EKtot   =     11042.9199  EPtot      =    -54860.1720
 BOND   =       345.0650  ANGLE   =       957.5778  DIHED      =      2123.9992
 1-4 NB =       477.2706  1-4 EEL =      6207.1042  VDWAALS    =      6516.5344
 EELEC  =    -71512.7764  EHBOND  =         0.0000  RESTRAINT  =        25.0533
 EAMBER (non-restraint)  =    -54885.2252
 EKCMT  =      4800.1588  VIRIAL  =      5021.5270  VOLUME     =    180629.1358
                                                    Density    =         1.0235
 ------------------------------------------------------------------------------


 NSTEP =    40500   TIME(PS) =    2354.000  TEMP(K) =   298.17  PRESS =  -156.5
 Etot   =    -43751.4217  EKtot   =     11052.7314  EPtot      =    -54804.1531
 BOND   =       348.1361  ANGLE   =       992.5757  DIHED      =      2130.8928
 1-4 NB =       446.4673  1-4 EEL =      6221.3549  VDWAALS    =      6469.0457
 EELEC  =    -71438.8079  EHBOND  =         0.0000  RESTRAINT  =        26.1822
 EAMBER (non-restraint)  =    -54830.3353
 EKCMT  =      4804.5102  VIRIAL  =      5412.8681  VOLUME     =    180019.0546
                                                    Density    =         1.0269
 ------------------------------------------------------------------------------


 NSTEP =    41000   TIME(PS) =    2355.000  TEMP(K) =   305.41  PRESS =  -159.7
 Etot   =    -43694.2517  EKtot   =     11320.8711  EPtot      =    -55015.1228
 BOND   =       347.3193  ANGLE   =       944.3057  DIHED      =      2125.7177
 1-4 NB =       449.1663  1-4 EEL =      6243.9585  VDWAALS    =      6478.7984
 EELEC  =    -71629.1764  EHBOND  =         0.0000  RESTRAINT  =        24.7875
 EAMBER (non-restraint)  =    -55039.9103
 EKCMT  =      4982.6628  VIRIAL  =      5603.7400  VOLUME     =    180097.9337
                                                    Density    =         1.0265
 ------------------------------------------------------------------------------


 NSTEP =    41500   TIME(PS) =    2356.000  TEMP(K) =   297.98  PRESS =   229.3
 Etot   =    -43750.0812  EKtot   =     11045.5449  EPtot      =    -54795.6261
 BOND   =       317.5256  ANGLE   =       962.5594  DIHED      =      2148.9002
 1-4 NB =       441.7783  1-4 EEL =      6218.3790  VDWAALS    =      6579.5046
 EELEC  =    -71494.8572  EHBOND  =         0.0000  RESTRAINT  =        30.5838
 EAMBER (non-restraint)  =    -54826.2100
 EKCMT  =      4900.7704  VIRIAL  =      4006.6997  VOLUME     =    180579.9336
                                                    Density    =         1.0238
 ------------------------------------------------------------------------------


 NSTEP =    42000   TIME(PS) =    2357.000  TEMP(K) =   304.77  PRESS =    59.0
 Etot   =    -43432.5715  EKtot   =     11297.4111  EPtot      =    -54729.9827
 BOND   =       374.0019  ANGLE   =      1011.6986  DIHED      =      2140.3476
 1-4 NB =       436.7400  1-4 EEL =      6240.3082  VDWAALS    =      6606.0614
 EELEC  =    -71566.1247  EHBOND  =         0.0000  RESTRAINT  =        26.9843
 EAMBER (non-restraint)  =    -54756.9670
 EKCMT  =      4960.3716  VIRIAL  =      4730.0625  VOLUME     =    180809.7219
                                                    Density    =         1.0225
 ------------------------------------------------------------------------------


 NSTEP =    42500   TIME(PS) =    2358.000  TEMP(K) =   301.26  PRESS =    49.4
 Etot   =    -43305.9655  EKtot   =     11167.1025  EPtot      =    -54473.0680
 BOND   =       325.6758  ANGLE   =      1020.1652  DIHED      =      2127.6848
 1-4 NB =       447.4502  1-4 EEL =      6243.9986  VDWAALS    =      6589.4274
 EELEC  =    -71257.6017  EHBOND  =         0.0000  RESTRAINT  =        30.1317
 EAMBER (non-restraint)  =    -54503.1997
 EKCMT  =      4933.1684  VIRIAL  =      4740.4442  VOLUME     =    180854.6936
                                                    Density    =         1.0222
 ------------------------------------------------------------------------------


 NSTEP =    43000   TIME(PS) =    2359.000  TEMP(K) =   300.01  PRESS =    32.2
 Etot   =    -43691.5059  EKtot   =     11120.7451  EPtot      =    -54812.2510
 BOND   =       354.0900  ANGLE   =       996.5950  DIHED      =      2137.5619
 1-4 NB =       449.2722  1-4 EEL =      6211.2578  VDWAALS    =      6735.5784
 EELEC  =    -71726.7517  EHBOND  =         0.0000  RESTRAINT  =        30.1454
 EAMBER (non-restraint)  =    -54842.3964
 EKCMT  =      4824.0072  VIRIAL  =      4697.8554  VOLUME     =    181210.1741
                                                    Density    =         1.0202
 ------------------------------------------------------------------------------


 NSTEP =    43500   TIME(PS) =    2360.000  TEMP(K) =   297.77  PRESS =   307.4
 Etot   =    -43966.9910  EKtot   =     11037.8066  EPtot      =    -55004.7976
 BOND   =       337.0909  ANGLE   =       929.6388  DIHED      =      2126.4232
 1-4 NB =       429.7442  1-4 EEL =      6193.9610  VDWAALS    =      6740.2089
 EELEC  =    -71789.2729  EHBOND  =         0.0000  RESTRAINT  =        27.4085
 EAMBER (non-restraint)  =    -55032.2061
 EKCMT  =      4915.0146  VIRIAL  =      3714.9942  VOLUME     =    180777.0566
                                                    Density    =         1.0226
 ------------------------------------------------------------------------------


 NSTEP =    44000   TIME(PS) =    2361.000  TEMP(K) =   302.79  PRESS =  -182.5
 Etot   =    -43466.9008  EKtot   =     11223.8613  EPtot      =    -54690.7622
 BOND   =       362.4497  ANGLE   =       989.0834  DIHED      =      2124.7970
 1-4 NB =       448.3139  1-4 EEL =      6208.8059  VDWAALS    =      6430.4937
 EELEC  =    -71283.9246  EHBOND  =         0.0000  RESTRAINT  =        29.2188
 EAMBER (non-restraint)  =    -54719.9810
 EKCMT  =      4874.1103  VIRIAL  =      5588.1944  VOLUME     =    181258.4584
                                                    Density    =         1.0199
 ------------------------------------------------------------------------------


 NSTEP =    44500   TIME(PS) =    2362.000  TEMP(K) =   303.16  PRESS =  -174.4
 Etot   =    -43663.5240  EKtot   =     11237.4336  EPtot      =    -54900.9576
 BOND   =       365.2111  ANGLE   =       946.0553  DIHED      =      2134.6669
 1-4 NB =       448.6851  1-4 EEL =      6185.0074  VDWAALS    =      6610.9856
 EELEC  =    -71620.7692  EHBOND  =         0.0000  RESTRAINT  =        29.2002
 EAMBER (non-restraint)  =    -54930.1578
 EKCMT  =      4906.6352  VIRIAL  =      5587.0439  VOLUME     =    180730.4745
                                                    Density    =         1.0229
 ------------------------------------------------------------------------------


 NSTEP =    45000   TIME(PS) =    2363.000  TEMP(K) =   301.44  PRESS =   125.5
 Etot   =    -43726.8002  EKtot   =     11173.7051  EPtot      =    -54900.5053
 BOND   =       357.3224  ANGLE   =       998.7541  DIHED      =      2124.5475
 1-4 NB =       435.5986  1-4 EEL =      6186.0029  VDWAALS    =      6645.6500
 EELEC  =    -71675.6753  EHBOND  =         0.0000  RESTRAINT  =        27.2944
 EAMBER (non-restraint)  =    -54927.7997
 EKCMT  =      4938.4655  VIRIAL  =      4448.2184  VOLUME     =    180970.7183
                                                    Density    =         1.0215
 ------------------------------------------------------------------------------


 NSTEP =    45500   TIME(PS) =    2364.000  TEMP(K) =   301.80  PRESS =    46.4
 Etot   =    -43600.4170  EKtot   =     11187.2666  EPtot      =    -54787.6836
 BOND   =       339.1879  ANGLE   =       966.7344  DIHED      =      2130.1026
 1-4 NB =       450.6831  1-4 EEL =      6217.8053  VDWAALS    =      6550.7757
 EELEC  =    -71473.0680  EHBOND  =         0.0000  RESTRAINT  =        30.0955
 EAMBER (non-restraint)  =    -54817.7791
 EKCMT  =      4864.5790  VIRIAL  =      4683.1771  VOLUME     =    180932.0817
                                                    Density    =         1.0218
 ------------------------------------------------------------------------------


 NSTEP =    46000   TIME(PS) =    2365.000  TEMP(K) =   299.16  PRESS =   -25.7
 Etot   =    -43607.8051  EKtot   =     11089.2490  EPtot      =    -54697.0541
 BOND   =       331.7293  ANGLE   =      1022.7775  DIHED      =      2113.6028
 1-4 NB =       434.1729  1-4 EEL =      6194.8104  VDWAALS    =      6447.2280
 EELEC  =    -71268.7386  EHBOND  =         0.0000  RESTRAINT  =        27.3638
 EAMBER (non-restraint)  =    -54724.4179
 EKCMT  =      4858.5484  VIRIAL  =      4958.6856  VOLUME     =    180579.3812
                                                    Density    =         1.0238
 ------------------------------------------------------------------------------


 NSTEP =    46500   TIME(PS) =    2366.000  TEMP(K) =   299.88  PRESS =    14.7
 Etot   =    -43662.6648  EKtot   =     11115.9932  EPtot      =    -54778.6580
 BOND   =       363.5366  ANGLE   =      1016.4751  DIHED      =      2137.5932
 1-4 NB =       443.2360  1-4 EEL =      6186.7676  VDWAALS    =      6480.1109
 EELEC  =    -71437.4657  EHBOND  =         0.0000  RESTRAINT  =        31.0883
 EAMBER (non-restraint)  =    -54809.7463
 EKCMT  =      4859.4476  VIRIAL  =      4802.0604  VOLUME     =    180418.9731
                                                    Density    =         1.0247
 ------------------------------------------------------------------------------


 NSTEP =    47000   TIME(PS) =    2367.000  TEMP(K) =   298.27  PRESS =   100.0
 Etot   =    -43835.4305  EKtot   =     11056.3496  EPtot      =    -54891.7801
 BOND   =       376.7892  ANGLE   =       950.6517  DIHED      =      2130.9809
 1-4 NB =       457.7680  1-4 EEL =      6190.9954  VDWAALS    =      6504.5375
 EELEC  =    -71531.8088  EHBOND  =         0.0000  RESTRAINT  =        28.3060
 EAMBER (non-restraint)  =    -54920.0860
 EKCMT  =      4854.8173  VIRIAL  =      4465.2062  VOLUME     =    180367.8867
                                                    Density    =         1.0250
 ------------------------------------------------------------------------------


 NSTEP =    47500   TIME(PS) =    2368.000  TEMP(K) =   298.45  PRESS =  -295.7
 Etot   =    -43966.9951  EKtot   =     11062.9238  EPtot      =    -55029.9189
 BOND   =       340.8548  ANGLE   =       977.2865  DIHED      =      2118.6638
 1-4 NB =       457.6034  1-4 EEL =      6226.6927  VDWAALS    =      6473.7710
 EELEC  =    -71651.3141  EHBOND  =         0.0000  RESTRAINT  =        26.5230
 EAMBER (non-restraint)  =    -55056.4419
 EKCMT  =      4858.3972  VIRIAL  =      6010.1597  VOLUME     =    180383.1207
                                                    Density    =         1.0249
 ------------------------------------------------------------------------------


 NSTEP =    48000   TIME(PS) =    2369.000  TEMP(K) =   299.26  PRESS =  -178.7
 Etot   =    -43541.4024  EKtot   =     11092.8672  EPtot      =    -54634.2696
 BOND   =       351.7968  ANGLE   =      1002.0617  DIHED      =      2130.2595
 1-4 NB =       447.5425  1-4 EEL =      6251.7803  VDWAALS    =      6471.7230
 EELEC  =    -71317.1633  EHBOND  =         0.0000  RESTRAINT  =        27.7299
 EAMBER (non-restraint)  =    -54661.9995
 EKCMT  =      4856.3033  VIRIAL  =      5552.2776  VOLUME     =    180407.5693
                                                    Density    =         1.0247
 ------------------------------------------------------------------------------


 NSTEP =    48500   TIME(PS) =    2370.000  TEMP(K) =   301.01  PRESS =    -0.2
 Etot   =    -43610.7614  EKtot   =     11158.0166  EPtot      =    -54768.7780
 BOND   =       350.6202  ANGLE   =       991.5852  DIHED      =      2138.3376
 1-4 NB =       456.5945  1-4 EEL =      6221.1329  VDWAALS    =      6490.5074
 EELEC  =    -71453.9716  EHBOND  =         0.0000  RESTRAINT  =        36.4157
 EAMBER (non-restraint)  =    -54805.1937
 EKCMT  =      4904.3623  VIRIAL  =      4905.0341  VOLUME     =    180556.4881
                                                    Density    =         1.0239
 ------------------------------------------------------------------------------


 NSTEP =    49000   TIME(PS) =    2371.000  TEMP(K) =   302.09  PRESS =   309.6
 Etot   =    -43435.1799  EKtot   =     11197.7549  EPtot      =    -54632.9348
 BOND   =       363.8210  ANGLE   =       982.1449  DIHED      =      2149.5599
 1-4 NB =       455.2020  1-4 EEL =      6207.4348  VDWAALS    =      6643.8361
 EELEC  =    -71464.4577  EHBOND  =         0.0000  RESTRAINT  =        29.5241
 EAMBER (non-restraint)  =    -54662.4589
 EKCMT  =      4904.9543  VIRIAL  =      3696.7364  VOLUME     =    180728.7527
                                                    Density    =         1.0229
 ------------------------------------------------------------------------------


 NSTEP =    49500   TIME(PS) =    2372.000  TEMP(K) =   302.46  PRESS =    35.1
 Etot   =    -43572.6251  EKtot   =     11211.7676  EPtot      =    -54784.3926
 BOND   =       362.5658  ANGLE   =       989.0577  DIHED      =      2122.1155
 1-4 NB =       430.7522  1-4 EEL =      6179.4122  VDWAALS    =      6454.9021
 EELEC  =    -71350.6087  EHBOND  =         0.0000  RESTRAINT  =        27.4105
 EAMBER (non-restraint)  =    -54811.8031
 EKCMT  =      4904.5671  VIRIAL  =      4767.5245  VOLUME     =    180692.0993
                                                    Density    =         1.0231
 ------------------------------------------------------------------------------


 NSTEP =    50000   TIME(PS) =    2373.000  TEMP(K) =   299.49  PRESS =   -87.2
 Etot   =    -43507.3643  EKtot   =     11101.3975  EPtot      =    -54608.7618
 BOND   =       340.5884  ANGLE   =       997.6836  DIHED      =      2139.4415
 1-4 NB =       431.8303  1-4 EEL =      6169.1497  VDWAALS    =      6359.6932
 EELEC  =    -71078.9655  EHBOND  =         0.0000  RESTRAINT  =        31.8170
 EAMBER (non-restraint)  =    -54640.5788
 EKCMT  =      4808.8003  VIRIAL  =      5148.7823  VOLUME     =    180510.4713
                                                    Density    =         1.0242
 ------------------------------------------------------------------------------


      A V E R A G E S   O V E R     100 S T E P S


 NSTEP =    50000   TIME(PS) =    2373.000  TEMP(K) =   300.38  PRESS =   -14.8
 Etot   =    -43616.9194  EKtot   =     11134.5554  EPtot      =    -54751.4748
 BOND   =       355.1657  ANGLE   =       984.9217  DIHED      =      2127.2080
 1-4 NB =       447.2409  1-4 EEL =      6212.5898  VDWAALS    =      6536.9103
 EELEC  =    -71443.7985  EHBOND  =         0.0000  RESTRAINT  =        28.2873
 EAMBER (non-restraint)  =    -54779.7622
 EKCMT  =      4869.6408  VIRIAL  =      4927.4843  VOLUME     =    180939.8014
                                                    Density    =         1.0217
 ------------------------------------------------------------------------------


      R M S  F L U C T U A T I O N S


 NSTEP =    50000   TIME(PS) =    2373.000  TEMP(K) =     2.07  PRESS =   151.6
 Etot   =       143.0249  EKtot   =        76.8798  EPtot      =       113.6281
 BOND   =        15.2637  ANGLE   =        23.5610  DIHED      =        14.3923
 1-4 NB =         8.5830  1-4 EEL =        22.9508  VDWAALS    =        88.9331
 EELEC  =       151.8239  EHBOND  =         0.0000  RESTRAINT  =         2.8404
 EAMBER (non-restraint)  =       110.7877
 EKCMT  =        52.3919  VIRIAL  =       594.3435  VOLUME     =       370.6501
                                                    Density    =         0.0021
 ------------------------------------------------------------------------------

--------------------------------------------------------------------------------
   5.  TIMINGS
--------------------------------------------------------------------------------

|  NonSetup CPU Time in Major Routines:
|
|     Routine           Sec        %
|     ------------------------------
|     Nonbond          90.54   86.74
|     Bond              0.00    0.00
|     Angle             0.00    0.00
|     Dihedral          0.00    0.00
|     Shake             0.30    0.29
|     RunMD            13.48   12.91
|     Other             0.05    0.05
|     ------------------------------
|     Total           104.38

|  PME Nonbond Pairlist CPU Time:
|
|     Routine              Sec        %
|     ---------------------------------
|     Set Up Cit           0.00    0.00
|     Build List           0.00    0.00
|     ---------------------------------
|     Total                0.00    0.00

|  PME Direct Force CPU Time:
|
|     Routine              Sec        %
|     ---------------------------------
|     NonBonded Calc       0.00    0.00
|     Exclude Masked       0.00    0.00
|     Other                0.03    0.03
|     ---------------------------------
|     Total                0.03    0.03

|  PME Reciprocal Force CPU Time:
|
|     Routine              Sec        %
|     ---------------------------------
|     1D bspline           0.00    0.00
|     Grid Charges         0.00    0.00
|     Scalar Sum           0.00    0.00
|     Gradient Sum         0.00    0.00
|     FFT                  0.00    0.00
|     ---------------------------------
|     Total                0.00    0.00

|  Final Performance Info:
|     -----------------------------------------------------
|     Average timings for last   21000 steps:
|     Elapsed(s) =      43.89 Per Step(ms) =       2.09
|         ns/day =      82.69   seconds/ns =    1044.88
|
|     Average timings for all steps:
|     Elapsed(s) =     104.38 Per Step(ms) =       2.09
|         ns/day =      82.78   seconds/ns =    1043.77
|     -----------------------------------------------------

|  Setup CPU time:            0.48 seconds
|  NonSetup CPU time:       104.38 seconds
|  Total CPU time:          104.85 seconds     0.03 hours

|  Setup wall time:           1    seconds
|  NonSetup wall time:      104    seconds
|  Total wall time:         105    seconds     0.03 hours
