
          -------------------------------------------------------
          Amber 16 PMEMD                              2016
          -------------------------------------------------------

| PMEMD implementation of SANDER, Release 16

| Run on 07/04/2017 at 01:16:22

|   Executable path: pmemd.cuda
| Working directory: /home/german/obp/run/mu_eol/mhe/e
|          Hostname: Unknown
  [-O]verwriting output

File Assignments:
|   MDIN: 26equ.in                                                              
|  MDOUT: 26equ.out                                                             
| INPCRD: 25emu_eol.rst7                                                        
|   PARM: /home/german/obp/top_files/mu_eol.prmtop                              
| RESTRT: 26emu_eol.rst7                                                        
|   REFC: 25emu_eol.rst7                                                        
|  MDVEL: mdvel                                                                 
|   MDEN: mden                                                                  
|  MDCRD: 26emu_eol.nc                                                          
| MDINFO: mdinfo                                                                
|  MDFRC: mdfrc                                                                 


 Here is the input file:

Equilibration with solute restrictions                                         
&cntrl                                                                         
imin = 0,                           ! No Minimization                          
nmropt = 0,                         ! No NMR restraints read                   
                                                                               
! Nature and format of the input                                               
ntx = 5,                            ! Coordinates but no velocities will be rea
irest = 1,                          ! Do not run a new simulation              
                                                                               
! Nature and format of the output                                              
ntxo = 1,                           ! rstrt file in ASCII format               
ntpr = 500,                         ! inf in output every ntpr steps           
ntwr = 500,                         ! rstrt file every ntwr steps              
ntwx = 500,                         ! mdcrd file every ntwx steps              
ntwv = 0,                           ! mdvel without velocities                 
ntwe = 0,                           ! Energies and temperatures not written in 
idecomp = 0,                        ! No energy decomposition                  
iwrap = 1,                          ! Coordinates of the restart and mdcrd file
                                                                               
! Frozen or restrained atoms                                                   
ibelly = 0,                         ! No frozen atoms                          
ntr=1,                              ! Harmonic potential restraints            
restraint_wt = 0.2,                ! The weight for the positional restraints  
restraintmask = ':1-120@N,CA,C,O',  ! restrained residues                      
                                                                               
! Molecular dynamics                                                           
nstlim = 50000,                     ! Number of MD-steps                       
dt = 0.002,                         ! Time step                                
                                                                               
! Temperature regulation                                                       
ntt = 3,                            ! Langevin thermostat                      
gamma_ln = 5,                       ! Gamma constant for Langevin              
!temp0 = 300.0,                     ! Reference T at which the system is to be 
tempi = 300.0,                      ! Initial T                                
ig = -1,                            ! Seed for the RNG                         
                                                                               
! P and V regulation                                                           
ntp = 1,                            ! Constant P. Isotropic scaling            
barostat = 1,                       ! Berendsen barostat                       
taup = 1,                           ! Pressure relaxation time                 
nrespa = 1,                         ! Evaluate at each step                    
ntb = 2,                            ! Periodic box for constant P              
                                                                               
! SHAKE variables                                                              
ntc = 2,                            ! Bonds involving H are constrained        
ntf = 2,                            ! Bond interaction involving H are ommited.
                                                                               
cut = 10.0,                         ! Nonbonded cutoff                         
/                                                                              
&end                                                                           


Note: ig = -1. Setting random seed to   375607 based on wallclock time in 
      microseconds.
 
|--------------------- INFORMATION ----------------------
| GPU (CUDA) Version of PMEMD in use: NVIDIA GPU IN USE.
|                    Version 16.0.0
| 
|                      02/25/2016
| 
| Implementation by:
|                    Ross C. Walker     (SDSC)
|                    Scott Le Grand     (nVIDIA)
| 
| Precision model in use:
|      [SPFP] - Single Precision Forces, 64-bit Fixed Point
|               Accumulation. (Default)
| 
|--------------------------------------------------------
 
|----------------- CITATION INFORMATION -----------------
|
|    When publishing work that utilized the CUDA version
|    of AMBER, please cite the following in addition to
|    the regular AMBER citations:
|
|  - Romelia Salomon-Ferrer; Andreas W. Goetz; Duncan
|    Poole; Scott Le Grand; Ross C. Walker "Routine
|    microsecond molecular dynamics simulations with
|    AMBER - Part II: Particle Mesh Ewald", J. Chem.
|    Theory Comput., 2013, 9 (9), pp3878-3888,
|    DOI: 10.1021/ct400314y.
|
|  - Andreas W. Goetz; Mark J. Williamson; Dong Xu;
|    Duncan Poole; Scott Le Grand; Ross C. Walker
|    "Routine microsecond molecular dynamics simulations
|    with AMBER - Part I: Generalized Born", J. Chem.
|    Theory Comput., 2012, 8 (5), pp1542-1555.
|
|  - Scott Le Grand; Andreas W. Goetz; Ross C. Walker
|    "SPFP: Speed without compromise - a mixed precision
|    model for GPU accelerated molecular dynamics
|    simulations.", Comp. Phys. Comm., 2013, 184
|    pp374-380, DOI: 10.1016/j.cpc.2012.09.022
|
|--------------------------------------------------------
 
|------------------- GPU DEVICE INFO --------------------
|
|            CUDA_VISIBLE_DEVICES: 1
|   CUDA Capable Devices Detected:      1
|           CUDA Device ID in use:      0
|                CUDA Device Name: GeForce GTX 1060 6GB
|     CUDA Device Global Mem Size:   6072 MB
| CUDA Device Num Multiprocessors:     10
|           CUDA Device Core Freq:   1.76 GHz
|
|--------------------------------------------------------
 
 
| Conditional Compilation Defines Used:
| PUBFFT
| BINTRAJ
| CUDA
| EMIL

| Largest sphere to fit in unit cell has radius =    26.688

| New format PARM file being parsed.
| Version =    1.000 Date = 02/20/15 Time = 17:35:03

| Note: 1-4 EEL scale factors are being read from the topology file.

| Note: 1-4 VDW scale factors are being read from the topology file.
| Duplicated    0 dihedrals

| Duplicated    0 dihedrals

--------------------------------------------------------------------------------
   1.  RESOURCE   USE: 
--------------------------------------------------------------------------------

 getting new box info from bottom of inpcrd
 NATOM  =   18178 NTYPES =      18 NBONH =   17227 MBONA  =     955
 NTHETH =    2228 MTHETA =    1282 NPHIH =    4328 MPHIA  =    4367
 NHPARM =       0 NPARM  =       0 NNB   =   32287 NRES   =    5542
 NBONA  =     955 NTHETA =    1282 NPHIA =    4367 NUMBND =      72
 NUMANG =     151 NPTRA  =     245 NATYP =      42 NPHB   =       1
 IFBOX  =       1 NMXRS  =      24 IFCAP =       0 NEXTRA =       0
 NCOPY  =       0

| Coordinate Index Table dimensions:    10   11    9
| Direct force subcell size =     5.5223    5.5771    5.9306

     BOX TYPE: RECTILINEAR

--------------------------------------------------------------------------------
   2.  CONTROL  DATA  FOR  THE  RUN
--------------------------------------------------------------------------------

default_name                                                                    

General flags:
     imin    =       0, nmropt  =       0

Nature and format of input:
     ntx     =       5, irest   =       1, ntrx    =       1

Nature and format of output:
     ntxo    =       1, ntpr    =     500, ntrx    =       1, ntwr    =     500
     iwrap   =       1, ntwx    =     500, ntwv    =       0, ntwe    =       0
     ioutfm  =       1, ntwprt  =       0, idecomp =       0, rbornstat=      0

Potential function:
     ntf     =       2, ntb     =       2, igb     =       0, nsnb    =      25
     ipol    =       0, gbsa    =       0, iesp    =       0
     dielc   =   1.00000, cut     =  10.00000, intdiel =   1.00000

Frozen or restrained atoms:
     ibelly  =       0, ntr     =       1
     restraint_wt =   0.20000

Molecular dynamics:
     nstlim  =     50000, nscm    =         0, nrespa  =         1
     t       =   0.00000, dt      =   0.00200, vlimit  =  -1.00000

Langevin dynamics temperature regulation:
     ig      =  375607
     temp0   = 300.00000, tempi   = 300.00000, gamma_ln=   5.00000

Pressure regulation:
     ntp     =       1
     pres0   =   1.00000, comp    =  44.60000, taup    =   1.00000

SHAKE:
     ntc     =       2, jfastw  =       0
     tol     =   0.00001

| Intermolecular bonds treatment:
|     no_intermolecular_bonds =       1

| Energy averages sample interval:
|     ene_avg_sampling =     500

Ewald parameters:
     verbose =       0, ew_type =       0, nbflag  =       1, use_pme =       1
     vdwmeth =       1, eedmeth =       1, netfrc  =       1
     Box X =   55.223   Box Y =   61.348   Box Z =   53.376
     Alpha =   90.000   Beta  =   90.000   Gamma =   90.000
     NFFT1 =   56       NFFT2 =   64       NFFT3 =   56
     Cutoff=   10.000   Tol   =0.100E-04
     Ewald Coefficient =  0.27511
     Interpolation order =    4

    LOADING THE CONSTRAINED ATOMS AS GROUPS


   5.  REFERENCE ATOM COORDINATES

  default_name                                                                    
     Mask :1-120@N,CA,C,O; matches   476 atoms

--------------------------------------------------------------------------------
   3.  ATOMIC COORDINATES AND VELOCITIES
--------------------------------------------------------------------------------

default_name                                                                    
 begin time read from input coords =  2573.000 ps

 
 Number of triangulated 3-point waters found:     5419

     Sum of charges from parm topology file =  -0.00000006
     Forcing neutrality...

| Dynamic Memory, Types Used:
| Reals              919375
| Integers           639592

| Nonbonded Pairs Initial Allocation:     5498390

| GPU memory information (estimate):
| KB of GPU memory in use:    116285
| KB of CPU memory in use:     23861

--------------------------------------------------------------------------------
   4.  RESULTS
--------------------------------------------------------------------------------

 ---------------------------------------------------
 APPROXIMATING switch and d/dx switch using CUBIC SPLINE INTERPOLATION
 using   5000.0 points per unit in tabled values
 TESTING RELATIVE ERROR over r ranging from 0.0 to cutoff
| CHECK switch(x): max rel err =   0.2738E-14   at   2.422500
| CHECK d/dx switch(x): max rel err =   0.8314E-11   at   2.736960
 ---------------------------------------------------
|---------------------------------------------------
| APPROXIMATING direct energy using CUBIC SPLINE INTERPOLATION
|  with   50.0 points per unit in tabled values
| Relative Error Limit not exceeded for r .gt.   2.33
| APPROXIMATING direct force using CUBIC SPLINE INTERPOLATION
|  with   50.0 points per unit in tabled values
| Relative Error Limit not exceeded for r .gt.   2.80
|---------------------------------------------------

 NSTEP =      500   TIME(PS) =    2574.000  TEMP(K) =   298.60  PRESS =   -55.4
 Etot   =    -43611.8605  EKtot   =     11068.4609  EPtot      =    -54680.3215
 BOND   =       339.8491  ANGLE   =      1006.6410  DIHED      =      2131.5156
 1-4 NB =       454.9481  1-4 EEL =      6195.6261  VDWAALS    =      6492.0557
 EELEC  =    -71313.8379  EHBOND  =         0.0000  RESTRAINT  =        12.8807
 EAMBER (non-restraint)  =    -54693.2022
 EKCMT  =      4853.1178  VIRIAL  =      5069.1567  VOLUME     =    180667.8334
                                                    Density    =         1.0233
 ------------------------------------------------------------------------------


 NSTEP =     1000   TIME(PS) =    2575.000  TEMP(K) =   300.04  PRESS =   -83.9
 Etot   =    -43584.0776  EKtot   =     11121.9033  EPtot      =    -54705.9809
 BOND   =       329.5119  ANGLE   =      1007.3553  DIHED      =      2127.0447
 1-4 NB =       430.8046  1-4 EEL =      6215.8118  VDWAALS    =      6356.8150
 EELEC  =    -71189.5436  EHBOND  =         0.0000  RESTRAINT  =        16.2195
 EAMBER (non-restraint)  =    -54722.2004
 EKCMT  =      4851.4415  VIRIAL  =      5178.3040  VOLUME     =    180436.8658
                                                    Density    =         1.0246
 ------------------------------------------------------------------------------


 NSTEP =     1500   TIME(PS) =    2576.000  TEMP(K) =   298.84  PRESS =   -65.4
 Etot   =    -43613.4452  EKtot   =     11077.4238  EPtot      =    -54690.8690
 BOND   =       323.6326  ANGLE   =      1001.4201  DIHED      =      2144.0662
 1-4 NB =       464.3414  1-4 EEL =      6250.9330  VDWAALS    =      6478.6509
 EELEC  =    -71371.9927  EHBOND  =         0.0000  RESTRAINT  =        18.0795
 EAMBER (non-restraint)  =    -54708.9486
 EKCMT  =      4762.9391  VIRIAL  =      5018.3372  VOLUME     =    180817.0078
                                                    Density    =         1.0224
 ------------------------------------------------------------------------------


 NSTEP =     2000   TIME(PS) =    2577.000  TEMP(K) =   298.88  PRESS =   -53.5
 Etot   =    -43627.9482  EKtot   =     11079.0566  EPtot      =    -54707.0049
 BOND   =       352.2158  ANGLE   =       987.5019  DIHED      =      2120.5498
 1-4 NB =       448.7365  1-4 EEL =      6229.8971  VDWAALS    =      6703.7142
 EELEC  =    -71565.3423  EHBOND  =         0.0000  RESTRAINT  =        15.7222
 EAMBER (non-restraint)  =    -54722.7271
 EKCMT  =      4818.6031  VIRIAL  =      5027.7576  VOLUME     =    181186.1267
                                                    Density    =         1.0203
 ------------------------------------------------------------------------------


 NSTEP =     2500   TIME(PS) =    2578.000  TEMP(K) =   302.62  PRESS =    45.0
 Etot   =    -43737.3902  EKtot   =     11217.6416  EPtot      =    -54955.0318
 BOND   =       345.6694  ANGLE   =       938.0308  DIHED      =      2130.3518
 1-4 NB =       460.7642  1-4 EEL =      6238.2332  VDWAALS    =      6685.1951
 EELEC  =    -71770.7344  EHBOND  =         0.0000  RESTRAINT  =        17.4581
 EAMBER (non-restraint)  =    -54972.4899
 EKCMT  =      4980.2068  VIRIAL  =      4803.9046  VOLUME     =    181582.2642
                                                    Density    =         1.0181
 ------------------------------------------------------------------------------


 NSTEP =     3000   TIME(PS) =    2579.000  TEMP(K) =   301.44  PRESS =   -96.2
 Etot   =    -43589.4365  EKtot   =     11173.9209  EPtot      =    -54763.3574
 BOND   =       366.7166  ANGLE   =       994.4736  DIHED      =      2105.8761
 1-4 NB =       442.3497  1-4 EEL =      6216.5916  VDWAALS    =      6586.1861
 EELEC  =    -71494.4334  EHBOND  =         0.0000  RESTRAINT  =        18.8824
 EAMBER (non-restraint)  =    -54782.2398
 EKCMT  =      4863.9606  VIRIAL  =      5241.0179  VOLUME     =    181543.6580
                                                    Density    =         1.0183
 ------------------------------------------------------------------------------


 NSTEP =     3500   TIME(PS) =    2580.000  TEMP(K) =   296.74  PRESS =  -346.5
 Etot   =    -43657.7337  EKtot   =     10999.4756  EPtot      =    -54657.2093
 BOND   =       356.2901  ANGLE   =      1027.5012  DIHED      =      2130.7578
 1-4 NB =       449.1317  1-4 EEL =      6204.2678  VDWAALS    =      6352.4192
 EELEC  =    -71193.8723  EHBOND  =         0.0000  RESTRAINT  =        16.2951
 EAMBER (non-restraint)  =    -54673.5044
 EKCMT  =      4734.7559  VIRIAL  =      6092.1573  VOLUME     =    181412.0925
                                                    Density    =         1.0191
 ------------------------------------------------------------------------------


 NSTEP =     4000   TIME(PS) =    2581.000  TEMP(K) =   300.18  PRESS =    24.4
 Etot   =    -43669.6570  EKtot   =     11127.1357  EPtot      =    -54796.7927
 BOND   =       338.3960  ANGLE   =       983.6829  DIHED      =      2126.2436
 1-4 NB =       442.9056  1-4 EEL =      6207.1197  VDWAALS    =      6589.6136
 EELEC  =    -71500.6584  EHBOND  =         0.0000  RESTRAINT  =        15.9043
 EAMBER (non-restraint)  =    -54812.6970
 EKCMT  =      4888.2214  VIRIAL  =      4792.9037  VOLUME     =    180824.2246
                                                    Density    =         1.0224
 ------------------------------------------------------------------------------


 NSTEP =     4500   TIME(PS) =    2582.000  TEMP(K) =   301.65  PRESS =    33.1
 Etot   =    -43401.6964  EKtot   =     11181.4697  EPtot      =    -54583.1661
 BOND   =       342.9775  ANGLE   =       987.1670  DIHED      =      2130.5601
 1-4 NB =       457.1349  1-4 EEL =      6214.4919  VDWAALS    =      6582.8886
 EELEC  =    -71315.9375  EHBOND  =         0.0000  RESTRAINT  =        17.5515
 EAMBER (non-restraint)  =    -54600.7176
 EKCMT  =      4875.2575  VIRIAL  =      4746.0579  VOLUME     =    180997.8742
                                                    Density    =         1.0214
 ------------------------------------------------------------------------------


 NSTEP =     5000   TIME(PS) =    2583.000  TEMP(K) =   301.05  PRESS =   153.0
 Etot   =    -43569.4580  EKtot   =     11159.2803  EPtot      =    -54728.7383
 BOND   =       350.1470  ANGLE   =       990.8586  DIHED      =      2145.4280
 1-4 NB =       450.8517  1-4 EEL =      6222.2184  VDWAALS    =      6643.5095
 EELEC  =    -71549.1244  EHBOND  =         0.0000  RESTRAINT  =        17.3728
 EAMBER (non-restraint)  =    -54746.1111
 EKCMT  =      4961.0830  VIRIAL  =      4362.2666  VOLUME     =    181248.7622
                                                    Density    =         1.0200
 ------------------------------------------------------------------------------


 NSTEP =     5500   TIME(PS) =    2584.000  TEMP(K) =   296.70  PRESS =   222.2
 Etot   =    -43714.7984  EKtot   =     10997.9619  EPtot      =    -54712.7603
 BOND   =       345.2703  ANGLE   =       967.0634  DIHED      =      2140.6920
 1-4 NB =       452.8781  1-4 EEL =      6230.9926  VDWAALS    =      6570.0358
 EELEC  =    -71437.8319  EHBOND  =         0.0000  RESTRAINT  =        18.1394
 EAMBER (non-restraint)  =    -54730.8996
 EKCMT  =      4790.6061  VIRIAL  =      3919.5779  VOLUME     =    181586.5542
                                                    Density    =         1.0181
 ------------------------------------------------------------------------------


 NSTEP =     6000   TIME(PS) =    2585.000  TEMP(K) =   302.42  PRESS =    35.9
 Etot   =    -43434.4043  EKtot   =     11210.2959  EPtot      =    -54644.7002
 BOND   =       382.5217  ANGLE   =      1016.3069  DIHED      =      2142.8442
 1-4 NB =       451.9503  1-4 EEL =      6180.6892  VDWAALS    =      6471.2567
 EELEC  =    -71305.3676  EHBOND  =         0.0000  RESTRAINT  =        15.0984
 EAMBER (non-restraint)  =    -54659.7986
 EKCMT  =      4931.2280  VIRIAL  =      4790.2606  VOLUME     =    181619.7994
                                                    Density    =         1.0179
 ------------------------------------------------------------------------------


 NSTEP =     6500   TIME(PS) =    2586.000  TEMP(K) =   299.97  PRESS =  -145.1
 Etot   =    -43440.8714  EKtot   =     11119.1357  EPtot      =    -54560.0071
 BOND   =       367.4588  ANGLE   =       963.1699  DIHED      =      2129.0769
 1-4 NB =       444.0079  1-4 EEL =      6183.5889  VDWAALS    =      6495.2707
 EELEC  =    -71158.8659  EHBOND  =         0.0000  RESTRAINT  =        16.2858
 EAMBER (non-restraint)  =    -54576.2929
 EKCMT  =      4813.2332  VIRIAL  =      5382.0135  VOLUME     =    181574.5573
                                                    Density    =         1.0181
 ------------------------------------------------------------------------------


 NSTEP =     7000   TIME(PS) =    2587.000  TEMP(K) =   303.51  PRESS =    95.3
 Etot   =    -43364.2831  EKtot   =     11250.6445  EPtot      =    -54614.9276
 BOND   =       331.0310  ANGLE   =      1011.4026  DIHED      =      2146.1076
 1-4 NB =       442.6321  1-4 EEL =      6181.9128  VDWAALS    =      6505.0298
 EELEC  =    -71250.5670  EHBOND  =         0.0000  RESTRAINT  =        17.5235
 EAMBER (non-restraint)  =    -54632.4512
 EKCMT  =      4944.2011  VIRIAL  =      4571.1678  VOLUME     =    181378.0373
                                                    Density    =         1.0193
 ------------------------------------------------------------------------------


 NSTEP =     7500   TIME(PS) =    2588.000  TEMP(K) =   298.68  PRESS =  -175.1
 Etot   =    -43708.8273  EKtot   =     11071.6260  EPtot      =    -54780.4533
 BOND   =       364.0045  ANGLE   =       995.2128  DIHED      =      2127.5773
 1-4 NB =       463.2948  1-4 EEL =      6220.4404  VDWAALS    =      6594.1851
 EELEC  =    -71560.8395  EHBOND  =         0.0000  RESTRAINT  =        15.6713
 EAMBER (non-restraint)  =    -54796.1246
 EKCMT  =      4835.4439  VIRIAL  =      5518.2016  VOLUME     =    180567.5036
                                                    Density    =         1.0238
 ------------------------------------------------------------------------------


 NSTEP =     8000   TIME(PS) =    2589.000  TEMP(K) =   302.03  PRESS =  -248.5
 Etot   =    -43608.1340  EKtot   =     11195.5117  EPtot      =    -54803.6457
 BOND   =       362.7457  ANGLE   =      1004.9248  DIHED      =      2126.2418
 1-4 NB =       450.6928  1-4 EEL =      6175.7451  VDWAALS    =      6524.0241
 EELEC  =    -71471.8985  EHBOND  =         0.0000  RESTRAINT  =        23.8785
 EAMBER (non-restraint)  =    -54827.5243
 EKCMT  =      4874.8325  VIRIAL  =      5843.9349  VOLUME     =    180607.8342
                                                    Density    =         1.0236
 ------------------------------------------------------------------------------


 NSTEP =     8500   TIME(PS) =    2590.000  TEMP(K) =   303.80  PRESS =  -105.1
 Etot   =    -43712.2050  EKtot   =     11261.4043  EPtot      =    -54973.6093
 BOND   =       337.0989  ANGLE   =       992.6915  DIHED      =      2123.0103
 1-4 NB =       448.5912  1-4 EEL =      6177.8874  VDWAALS    =      6567.2042
 EELEC  =    -71635.6391  EHBOND  =         0.0000  RESTRAINT  =        15.5464
 EAMBER (non-restraint)  =    -54989.1557
 EKCMT  =      4951.4069  VIRIAL  =      5361.7706  VOLUME     =    180830.1754
                                                    Density    =         1.0223
 ------------------------------------------------------------------------------


 NSTEP =     9000   TIME(PS) =    2591.000  TEMP(K) =   299.85  PRESS =   192.3
 Etot   =    -43819.7848  EKtot   =     11115.0322  EPtot      =    -54934.8170
 BOND   =       321.5573  ANGLE   =       992.0950  DIHED      =      2136.7369
 1-4 NB =       437.7124  1-4 EEL =      6202.7711  VDWAALS    =      6704.7226
 EELEC  =    -71750.1182  EHBOND  =         0.0000  RESTRAINT  =        19.7060
 EAMBER (non-restraint)  =    -54954.5230
 EKCMT  =      4808.3136  VIRIAL  =      4055.9106  VOLUME     =    181242.3002
                                                    Density    =         1.0200
 ------------------------------------------------------------------------------


 NSTEP =     9500   TIME(PS) =    2592.000  TEMP(K) =   304.34  PRESS =  -106.2
 Etot   =    -43384.0696  EKtot   =     11281.3994  EPtot      =    -54665.4690
 BOND   =       339.9685  ANGLE   =       998.1337  DIHED      =      2123.6717
 1-4 NB =       443.5183  1-4 EEL =      6207.2048  VDWAALS    =      6596.9045
 EELEC  =    -71393.4779  EHBOND  =         0.0000  RESTRAINT  =        18.6074
 EAMBER (non-restraint)  =    -54684.0764
 EKCMT  =      4987.6248  VIRIAL  =      5403.0553  VOLUME     =    181122.1964
                                                    Density    =         1.0207
 ------------------------------------------------------------------------------


 NSTEP =    10000   TIME(PS) =    2593.000  TEMP(K) =   299.69  PRESS =   -19.9
 Etot   =    -43712.4926  EKtot   =     11108.8604  EPtot      =    -54821.3529
 BOND   =       347.8409  ANGLE   =       984.5780  DIHED      =      2121.8617
 1-4 NB =       450.4823  1-4 EEL =      6217.6479  VDWAALS    =      6554.4878
 EELEC  =    -71522.4013  EHBOND  =         0.0000  RESTRAINT  =        24.1498
 EAMBER (non-restraint)  =    -54845.5027
 EKCMT  =      4883.7254  VIRIAL  =      4961.6270  VOLUME     =    181149.0690
                                                    Density    =         1.0205
 ------------------------------------------------------------------------------


 NSTEP =    10500   TIME(PS) =    2594.000  TEMP(K) =   297.16  PRESS =   189.4
 Etot   =    -43738.4675  EKtot   =     11015.2100  EPtot      =    -54753.6775
 BOND   =       351.3726  ANGLE   =      1006.3844  DIHED      =      2129.7818
 1-4 NB =       435.8089  1-4 EEL =      6223.0320  VDWAALS    =      6767.0964
 EELEC  =    -71691.3724  EHBOND  =         0.0000  RESTRAINT  =        24.2188
 EAMBER (non-restraint)  =    -54777.8963
 EKCMT  =      4781.8899  VIRIAL  =      4041.1753  VOLUME     =    181127.5934
                                                    Density    =         1.0207
 ------------------------------------------------------------------------------


 NSTEP =    11000   TIME(PS) =    2595.000  TEMP(K) =   297.01  PRESS =   -38.1
 Etot   =    -43697.9606  EKtot   =     11009.5342  EPtot      =    -54707.4948
 BOND   =       334.5845  ANGLE   =      1025.4275  DIHED      =      2154.3407
 1-4 NB =       454.4859  1-4 EEL =      6186.6735  VDWAALS    =      6516.0037
 EELEC  =    -71399.6527  EHBOND  =         0.0000  RESTRAINT  =        20.6421
 EAMBER (non-restraint)  =    -54728.1369
 EKCMT  =      4884.4657  VIRIAL  =      5033.4812  VOLUME     =    181376.2202
                                                    Density    =         1.0193
 ------------------------------------------------------------------------------


 NSTEP =    11500   TIME(PS) =    2596.000  TEMP(K) =   294.57  PRESS =    45.3
 Etot   =    -43825.3225  EKtot   =     10919.2910  EPtot      =    -54744.6135
 BOND   =       351.3974  ANGLE   =      1020.8821  DIHED      =      2142.9523
 1-4 NB =       445.7178  1-4 EEL =      6214.4822  VDWAALS    =      6580.7593
 EELEC  =    -71522.1995  EHBOND  =         0.0000  RESTRAINT  =        21.3950
 EAMBER (non-restraint)  =    -54766.0085
 EKCMT  =      4784.1400  VIRIAL  =      4607.0476  VOLUME     =    181019.3912
                                                    Density    =         1.0213
 ------------------------------------------------------------------------------


 NSTEP =    12000   TIME(PS) =    2597.000  TEMP(K) =   297.78  PRESS =   -40.6
 Etot   =    -43988.7595  EKtot   =     11038.0605  EPtot      =    -55026.8201
 BOND   =       362.1294  ANGLE   =       962.5041  DIHED      =      2139.6070
 1-4 NB =       442.0286  1-4 EEL =      6191.7561  VDWAALS    =      6571.8301
 EELEC  =    -71715.8558  EHBOND  =         0.0000  RESTRAINT  =        19.1804
 EAMBER (non-restraint)  =    -55046.0005
 EKCMT  =      4798.0122  VIRIAL  =      4956.2898  VOLUME     =    180758.5370
                                                    Density    =         1.0227
 ------------------------------------------------------------------------------


 NSTEP =    12500   TIME(PS) =    2598.000  TEMP(K) =   301.67  PRESS =    72.6
 Etot   =    -43540.7621  EKtot   =     11182.1973  EPtot      =    -54722.9594
 BOND   =       348.0934  ANGLE   =       975.7545  DIHED      =      2148.6897
 1-4 NB =       442.2540  1-4 EEL =      6201.3939  VDWAALS    =      6452.9930
 EELEC  =    -71309.1970  EHBOND  =         0.0000  RESTRAINT  =        17.0592
 EAMBER (non-restraint)  =    -54740.0185
 EKCMT  =      4952.7905  VIRIAL  =      4669.8505  VOLUME     =    180535.3711
                                                    Density    =         1.0240
 ------------------------------------------------------------------------------


 NSTEP =    13000   TIME(PS) =    2599.000  TEMP(K) =   300.04  PRESS =  -151.5
 Etot   =    -44011.6398  EKtot   =     11121.7754  EPtot      =    -55133.4151
 BOND   =       337.8226  ANGLE   =       982.2342  DIHED      =      2139.0057
 1-4 NB =       438.8147  1-4 EEL =      6184.6199  VDWAALS    =      6538.9165
 EELEC  =    -71776.2084  EHBOND  =         0.0000  RESTRAINT  =        21.3796
 EAMBER (non-restraint)  =    -55154.7948
 EKCMT  =      4925.9317  VIRIAL  =      5514.5342  VOLUME     =    179903.0374
                                                    Density    =         1.0276
 ------------------------------------------------------------------------------


 NSTEP =    13500   TIME(PS) =    2600.000  TEMP(K) =   301.93  PRESS =   444.6
 Etot   =    -43791.5046  EKtot   =     11191.7891  EPtot      =    -54983.2937
 BOND   =       370.4967  ANGLE   =      1005.7859  DIHED      =      2119.2430
 1-4 NB =       429.6567  1-4 EEL =      6158.7707  VDWAALS    =      6754.2642
 EELEC  =    -71839.6410  EHBOND  =         0.0000  RESTRAINT  =        18.1300
 EAMBER (non-restraint)  =    -55001.4237
 EKCMT  =      4920.8120  VIRIAL  =      3189.6200  VOLUME     =    180357.3700
                                                    Density    =         1.0250
 ------------------------------------------------------------------------------


 NSTEP =    14000   TIME(PS) =    2601.000  TEMP(K) =   299.83  PRESS =   228.4
 Etot   =    -43686.0720  EKtot   =     11114.2266  EPtot      =    -54800.2985
 BOND   =       342.5138  ANGLE   =       967.0559  DIHED      =      2135.4469
 1-4 NB =       429.1975  1-4 EEL =      6225.3351  VDWAALS    =      6642.6159
 EELEC  =    -71562.5007  EHBOND  =         0.0000  RESTRAINT  =        20.0373
 EAMBER (non-restraint)  =    -54820.3358
 EKCMT  =      4911.5358  VIRIAL  =      4020.9390  VOLUME     =    180563.6559
                                                    Density    =         1.0238
 ------------------------------------------------------------------------------


 NSTEP =    14500   TIME(PS) =    2602.000  TEMP(K) =   298.41  PRESS =  -344.9
 Etot   =    -43768.6812  EKtot   =     11061.4727  EPtot      =    -54830.1538
 BOND   =       381.2968  ANGLE   =       964.5377  DIHED      =      2146.9180
 1-4 NB =       439.8439  1-4 EEL =      6249.6335  VDWAALS    =      6392.1707
 EELEC  =    -71421.8467  EHBOND  =         0.0000  RESTRAINT  =        17.2922
 EAMBER (non-restraint)  =    -54847.4461
 EKCMT  =      4809.1846  VIRIAL  =      6152.3932  VOLUME     =    180379.2806
                                                    Density    =         1.0249
 ------------------------------------------------------------------------------


 NSTEP =    15000   TIME(PS) =    2603.000  TEMP(K) =   303.37  PRESS =   166.7
 Etot   =    -43502.8635  EKtot   =     11245.4209  EPtot      =    -54748.2844
 BOND   =       347.9089  ANGLE   =       987.3483  DIHED      =      2152.7519
 1-4 NB =       450.8516  1-4 EEL =      6219.4890  VDWAALS    =      6648.5429
 EELEC  =    -71571.6999  EHBOND  =         0.0000  RESTRAINT  =        16.5229
 EAMBER (non-restraint)  =    -54764.8072
 EKCMT  =      4897.4836  VIRIAL  =      4246.9129  VOLUME     =    180749.3261
                                                    Density    =         1.0228
 ------------------------------------------------------------------------------


 NSTEP =    15500   TIME(PS) =    2604.000  TEMP(K) =   298.24  PRESS =    91.8
 Etot   =    -43450.5425  EKtot   =     11055.1270  EPtot      =    -54505.6695
 BOND   =       356.2077  ANGLE   =      1028.9921  DIHED      =      2120.8905
 1-4 NB =       442.4007  1-4 EEL =      6215.0260  VDWAALS    =      6496.2691
 EELEC  =    -71181.5172  EHBOND  =         0.0000  RESTRAINT  =        16.0617
 EAMBER (non-restraint)  =    -54521.7312
 EKCMT  =      4836.6381  VIRIAL  =      4477.9574  VOLUME     =    180977.0902
                                                    Density    =         1.0215
 ------------------------------------------------------------------------------


 NSTEP =    16000   TIME(PS) =    2605.000  TEMP(K) =   301.53  PRESS =  -198.7
 Etot   =    -43482.5354  EKtot   =     11177.2695  EPtot      =    -54659.8049
 BOND   =       350.0148  ANGLE   =       959.5507  DIHED      =      2125.4041
 1-4 NB =       449.5477  1-4 EEL =      6245.8585  VDWAALS    =      6428.2625
 EELEC  =    -71240.0125  EHBOND  =         0.0000  RESTRAINT  =        21.5691
 EAMBER (non-restraint)  =    -54681.3741
 EKCMT  =      4883.5115  VIRIAL  =      5660.9214  VOLUME     =    181162.2808
                                                    Density    =         1.0205
 ------------------------------------------------------------------------------


 NSTEP =    16500   TIME(PS) =    2606.000  TEMP(K) =   300.87  PRESS =  -321.5
 Etot   =    -43641.2780  EKtot   =     11152.5410  EPtot      =    -54793.8190
 BOND   =       370.3167  ANGLE   =      1008.3210  DIHED      =      2161.0961
 1-4 NB =       436.3798  1-4 EEL =      6186.7457  VDWAALS    =      6429.3489
 EELEC  =    -71402.8286  EHBOND  =         0.0000  RESTRAINT  =        16.8012
 EAMBER (non-restraint)  =    -54810.6202
 EKCMT  =      4904.5229  VIRIAL  =      6161.4874  VOLUME     =    181086.4088
                                                    Density    =         1.0209
 ------------------------------------------------------------------------------


 NSTEP =    17000   TIME(PS) =    2607.000  TEMP(K) =   300.43  PRESS =   355.3
 Etot   =    -43474.8401  EKtot   =     11136.2305  EPtot      =    -54611.0705
 BOND   =       373.5483  ANGLE   =      1010.2467  DIHED      =      2138.0983
 1-4 NB =       438.4087  1-4 EEL =      6214.1926  VDWAALS    =      6645.7566
 EELEC  =    -71451.3995  EHBOND  =         0.0000  RESTRAINT  =        20.0779
 EAMBER (non-restraint)  =    -54631.1484
 EKCMT  =      4775.1718  VIRIAL  =      3383.2495  VOLUME     =    181434.8161
                                                    Density    =         1.0189
 ------------------------------------------------------------------------------


 NSTEP =    17500   TIME(PS) =    2608.000  TEMP(K) =   299.99  PRESS =   120.1
 Etot   =    -43579.3236  EKtot   =     11120.1631  EPtot      =    -54699.4866
 BOND   =       336.2885  ANGLE   =       980.9555  DIHED      =      2137.4995
 1-4 NB =       452.1336  1-4 EEL =      6183.1391  VDWAALS    =      6624.6189
 EELEC  =    -71431.1914  EHBOND  =         0.0000  RESTRAINT  =        17.0695
 EAMBER (non-restraint)  =    -54716.5562
 EKCMT  =      4809.1830  VIRIAL  =      4338.2850  VOLUME     =    181554.5105
                                                    Density    =         1.0183
 ------------------------------------------------------------------------------


 NSTEP =    18000   TIME(PS) =    2609.000  TEMP(K) =   298.38  PRESS =    82.6
 Etot   =    -43497.8110  EKtot   =     11060.1953  EPtot      =    -54558.0063
 BOND   =       349.8188  ANGLE   =       995.8520  DIHED      =      2156.6272
 1-4 NB =       464.0192  1-4 EEL =      6206.9726  VDWAALS    =      6606.9315
 EELEC  =    -71357.9310  EHBOND  =         0.0000  RESTRAINT  =        19.7034
 EAMBER (non-restraint)  =    -54577.7097
 EKCMT  =      4863.1176  VIRIAL  =      4538.9315  VOLUME     =    181697.9997
                                                    Density    =         1.0175
 ------------------------------------------------------------------------------


 NSTEP =    18500   TIME(PS) =    2610.000  TEMP(K) =   302.36  PRESS =    59.5
 Etot   =    -43541.4014  EKtot   =     11207.8789  EPtot      =    -54749.2803
 BOND   =       354.0506  ANGLE   =       999.7369  DIHED      =      2166.9213
 1-4 NB =       447.6786  1-4 EEL =      6219.4635  VDWAALS    =      6535.9612
 EELEC  =    -71494.5815  EHBOND  =         0.0000  RESTRAINT  =        21.4890
 EAMBER (non-restraint)  =    -54770.7694
 EKCMT  =      4955.8706  VIRIAL  =      4722.7478  VOLUME     =    181432.7427
                                                    Density    =         1.0189
 ------------------------------------------------------------------------------


 NSTEP =    19000   TIME(PS) =    2611.000  TEMP(K) =   301.98  PRESS =  -174.1
 Etot   =    -43557.3032  EKtot   =     11193.9492  EPtot      =    -54751.2524
 BOND   =       327.3732  ANGLE   =       980.8369  DIHED      =      2147.2500
 1-4 NB =       437.4251  1-4 EEL =      6205.6276  VDWAALS    =      6538.7661
 EELEC  =    -71406.3353  EHBOND  =         0.0000  RESTRAINT  =        17.8039
 EAMBER (non-restraint)  =    -54769.0563
 EKCMT  =      4860.7789  VIRIAL  =      5542.3652  VOLUME     =    181314.3485
                                                    Density    =         1.0196
 ------------------------------------------------------------------------------


 NSTEP =    19500   TIME(PS) =    2612.000  TEMP(K) =   294.13  PRESS =  -125.2
 Etot   =    -43801.5854  EKtot   =     10902.7793  EPtot      =    -54704.3647
 BOND   =       332.1065  ANGLE   =      1030.9847  DIHED      =      2147.2285
 1-4 NB =       437.0099  1-4 EEL =      6217.5522  VDWAALS    =      6632.1022
 EELEC  =    -71520.6659  EHBOND  =         0.0000  RESTRAINT  =        19.3172
 EAMBER (non-restraint)  =    -54723.6819
 EKCMT  =      4774.4477  VIRIAL  =      5264.8543  VOLUME     =    181386.3202
                                                    Density    =         1.0192
 ------------------------------------------------------------------------------


 NSTEP =    20000   TIME(PS) =    2613.000  TEMP(K) =   300.78  PRESS =  -192.4
 Etot   =    -43654.4949  EKtot   =     11149.3799  EPtot      =    -54803.8748
 BOND   =       335.9103  ANGLE   =       975.3646  DIHED      =      2146.7477
 1-4 NB =       449.4654  1-4 EEL =      6226.1568  VDWAALS    =      6585.0976
 EELEC  =    -71541.3714  EHBOND  =         0.0000  RESTRAINT  =        18.7541
 EAMBER (non-restraint)  =    -54822.6289
 EKCMT  =      4846.7462  VIRIAL  =      5600.0712  VOLUME     =    181324.1853
                                                    Density    =         1.0196
 ------------------------------------------------------------------------------


 NSTEP =    20500   TIME(PS) =    2614.000  TEMP(K) =   300.02  PRESS =   141.2
 Etot   =    -43602.7637  EKtot   =     11121.0996  EPtot      =    -54723.8633
 BOND   =       374.8842  ANGLE   =       973.8156  DIHED      =      2133.5143
 1-4 NB =       446.5623  1-4 EEL =      6247.0995  VDWAALS    =      6618.2213
 EELEC  =    -71533.2101  EHBOND  =         0.0000  RESTRAINT  =        15.2496
 EAMBER (non-restraint)  =    -54739.1130
 EKCMT  =      4825.6185  VIRIAL  =      4272.4552  VOLUME     =    181379.5079
                                                    Density    =         1.0192
 ------------------------------------------------------------------------------


 NSTEP =    21000   TIME(PS) =    2615.000  TEMP(K) =   295.92  PRESS =   -22.6
 Etot   =    -43661.3180  EKtot   =     10969.2041  EPtot      =    -54630.5221
 BOND   =       360.8937  ANGLE   =      1027.6950  DIHED      =      2154.5285
 1-4 NB =       448.4226  1-4 EEL =      6192.3886  VDWAALS    =      6468.6130
 EELEC  =    -71298.9011  EHBOND  =         0.0000  RESTRAINT  =        15.8377
 EAMBER (non-restraint)  =    -54646.3598
 EKCMT  =      4767.0028  VIRIAL  =      4855.2651  VOLUME     =    181216.0550
                                                    Density    =         1.0202
 ------------------------------------------------------------------------------


 NSTEP =    21500   TIME(PS) =    2616.000  TEMP(K) =   298.61  PRESS =   201.4
 Etot   =    -43630.8837  EKtot   =     11068.8711  EPtot      =    -54699.7548
 BOND   =       374.5920  ANGLE   =       991.4883  DIHED      =      2134.6469
 1-4 NB =       433.3302  1-4 EEL =      6232.8639  VDWAALS    =      6545.4469
 EELEC  =    -71427.8344  EHBOND  =         0.0000  RESTRAINT  =        15.7113
 EAMBER (non-restraint)  =    -54715.4661
 EKCMT  =      4851.9042  VIRIAL  =      4064.0582  VOLUME     =    181220.3526
                                                    Density    =         1.0201
 ------------------------------------------------------------------------------


 NSTEP =    22000   TIME(PS) =    2617.000  TEMP(K) =   298.71  PRESS =   209.9
 Etot   =    -43615.5757  EKtot   =     11072.7139  EPtot      =    -54688.2895
 BOND   =       332.3589  ANGLE   =       999.2559  DIHED      =      2151.5727
 1-4 NB =       437.0061  1-4 EEL =      6230.5127  VDWAALS    =      6577.0047
 EELEC  =    -71432.9914  EHBOND  =         0.0000  RESTRAINT  =        16.9908
 EAMBER (non-restraint)  =    -54705.2803
 EKCMT  =      4835.7249  VIRIAL  =      4016.5249  VOLUME     =    180790.5071
                                                    Density    =         1.0226
 ------------------------------------------------------------------------------


 NSTEP =    22500   TIME(PS) =    2618.000  TEMP(K) =   298.38  PRESS =   -75.9
 Etot   =    -43914.7183  EKtot   =     11060.4834  EPtot      =    -54975.2017
 BOND   =       365.8568  ANGLE   =       982.5150  DIHED      =      2141.7703
 1-4 NB =       439.4346  1-4 EEL =      6222.8241  VDWAALS    =      6486.6815
 EELEC  =    -71638.0359  EHBOND  =         0.0000  RESTRAINT  =        23.7520
 EAMBER (non-restraint)  =    -54998.9536
 EKCMT  =      4816.6618  VIRIAL  =      5112.6069  VOLUME     =    180635.9868
                                                    Density    =         1.0234
 ------------------------------------------------------------------------------


 NSTEP =    23000   TIME(PS) =    2619.000  TEMP(K) =   301.35  PRESS =  -187.9
 Etot   =    -43808.8582  EKtot   =     11170.3066  EPtot      =    -54979.1648
 BOND   =       339.6334  ANGLE   =      1007.9927  DIHED      =      2159.5790
 1-4 NB =       446.4026  1-4 EEL =      6206.2402  VDWAALS    =      6642.0235
 EELEC  =    -71804.3613  EHBOND  =         0.0000  RESTRAINT  =        23.3251
 EAMBER (non-restraint)  =    -55002.4899
 EKCMT  =      4889.5214  VIRIAL  =      5620.5965  VOLUME     =    180154.7992
                                                    Density    =         1.0262
 ------------------------------------------------------------------------------


 NSTEP =    23500   TIME(PS) =    2620.000  TEMP(K) =   298.97  PRESS =   211.4
 Etot   =    -43766.3567  EKtot   =     11082.3281  EPtot      =    -54848.6849
 BOND   =       336.4683  ANGLE   =       983.5105  DIHED      =      2142.4754
 1-4 NB =       441.7251  1-4 EEL =      6212.3150  VDWAALS    =      6656.1885
 EELEC  =    -71644.0257  EHBOND  =         0.0000  RESTRAINT  =        22.6579
 EAMBER (non-restraint)  =    -54871.3428
 EKCMT  =      4834.7725  VIRIAL  =      4011.4443  VOLUME     =    180340.5965
                                                    Density    =         1.0251
 ------------------------------------------------------------------------------


 NSTEP =    24000   TIME(PS) =    2621.000  TEMP(K) =   304.44  PRESS =    59.8
 Etot   =    -43538.2346  EKtot   =     11284.9229  EPtot      =    -54823.1574
 BOND   =       367.8624  ANGLE   =      1030.2133  DIHED      =      2138.9996
 1-4 NB =       451.1487  1-4 EEL =      6197.3544  VDWAALS    =      6689.5980
 EELEC  =    -71718.8295  EHBOND  =         0.0000  RESTRAINT  =        20.4955
 EAMBER (non-restraint)  =    -54843.6529
 EKCMT  =      4920.7972  VIRIAL  =      4688.0182  VOLUME     =    180389.1086
                                                    Density    =         1.0248
 ------------------------------------------------------------------------------


 NSTEP =    24500   TIME(PS) =    2622.000  TEMP(K) =   299.51  PRESS =   270.4
 Etot   =    -43668.6361  EKtot   =     11102.1260  EPtot      =    -54770.7620
 BOND   =       362.6134  ANGLE   =       996.2362  DIHED      =      2134.9100
 1-4 NB =       439.2851  1-4 EEL =      6202.5334  VDWAALS    =      6806.2230
 EELEC  =    -71735.6671  EHBOND  =         0.0000  RESTRAINT  =        23.1040
 EAMBER (non-restraint)  =    -54793.8661
 EKCMT  =      4864.1711  VIRIAL  =      3808.9452  VOLUME     =    180736.6615
                                                    Density    =         1.0229
 ------------------------------------------------------------------------------


 NSTEP =    25000   TIME(PS) =    2623.000  TEMP(K) =   306.14  PRESS =  -576.4
 Etot   =    -43455.7440  EKtot   =     11348.1670  EPtot      =    -54803.9110
 BOND   =       355.1440  ANGLE   =       981.8241  DIHED      =      2129.3630
 1-4 NB =       447.2935  1-4 EEL =      6214.9925  VDWAALS    =      6330.4416
 EELEC  =    -71287.5078  EHBOND  =         0.0000  RESTRAINT  =        24.5380
 EAMBER (non-restraint)  =    -54828.4490
 EKCMT  =      4963.5259  VIRIAL  =      7218.3668  VOLUME     =    181166.3439
                                                    Density    =         1.0204
 ------------------------------------------------------------------------------


 NSTEP =    25500   TIME(PS) =    2624.000  TEMP(K) =   297.56  PRESS =   106.9
 Etot   =    -43681.3493  EKtot   =     11030.0645  EPtot      =    -54711.4138
 BOND   =       346.0616  ANGLE   =       967.2761  DIHED      =      2149.7526
 1-4 NB =       449.5366  1-4 EEL =      6238.7339  VDWAALS    =      6538.1288
 EELEC  =    -71417.4547  EHBOND  =         0.0000  RESTRAINT  =        16.5514
 EAMBER (non-restraint)  =    -54727.9652
 EKCMT  =      4802.9133  VIRIAL  =      4385.2737  VOLUME     =    180899.2500
                                                    Density    =         1.0220
 ------------------------------------------------------------------------------


 NSTEP =    26000   TIME(PS) =    2625.000  TEMP(K) =   297.73  PRESS =    82.9
 Etot   =    -43703.6058  EKtot   =     11036.1064  EPtot      =    -54739.7123
 BOND   =       349.5723  ANGLE   =       970.8218  DIHED      =      2128.7330
 1-4 NB =       437.3501  1-4 EEL =      6204.4801  VDWAALS    =      6704.5914
 EELEC  =    -71550.7407  EHBOND  =         0.0000  RESTRAINT  =        15.4797
 EAMBER (non-restraint)  =    -54755.1920
 EKCMT  =      4815.7529  VIRIAL  =      4492.3711  VOLUME     =    180678.7053
                                                    Density    =         1.0232
 ------------------------------------------------------------------------------


 NSTEP =    26500   TIME(PS) =    2626.000  TEMP(K) =   302.71  PRESS =   105.3
 Etot   =    -43469.2877  EKtot   =     11220.8779  EPtot      =    -54690.1656
 BOND   =       362.8991  ANGLE   =       990.7455  DIHED      =      2127.8316
 1-4 NB =       438.5228  1-4 EEL =      6225.4746  VDWAALS    =      6554.6254
 EELEC  =    -71404.4793  EHBOND  =         0.0000  RESTRAINT  =        14.2146
 EAMBER (non-restraint)  =    -54704.3802
 EKCMT  =      4895.0590  VIRIAL  =      4482.6961  VOLUME     =    181418.3840
                                                    Density    =         1.0190
 ------------------------------------------------------------------------------


 NSTEP =    27000   TIME(PS) =    2627.000  TEMP(K) =   299.40  PRESS =   192.2
 Etot   =    -43391.2774  EKtot   =     11098.0703  EPtot      =    -54489.3477
 BOND   =       364.4615  ANGLE   =      1011.4709  DIHED      =      2135.9902
 1-4 NB =       460.0558  1-4 EEL =      6245.1681  VDWAALS    =      6534.3595
 EELEC  =    -71259.0584  EHBOND  =         0.0000  RESTRAINT  =        18.2047
 EAMBER (non-restraint)  =    -54507.5524
 EKCMT  =      4828.6551  VIRIAL  =      4074.3553  VOLUME     =    181792.1210
                                                    Density    =         1.0169
 ------------------------------------------------------------------------------


 NSTEP =    27500   TIME(PS) =    2628.000  TEMP(K) =   298.76  PRESS =   226.4
 Etot   =    -43643.1587  EKtot   =     11074.3799  EPtot      =    -54717.5386
 BOND   =       355.7781  ANGLE   =       957.4768  DIHED      =      2141.9035
 1-4 NB =       440.7012  1-4 EEL =      6217.4394  VDWAALS    =      6656.9307
 EELEC  =    -71505.8282  EHBOND  =         0.0000  RESTRAINT  =        18.0601
 EAMBER (non-restraint)  =    -54735.5987
 EKCMT  =      4814.9226  VIRIAL  =      3927.8407  VOLUME     =    181474.0489
                                                    Density    =         1.0187
 ------------------------------------------------------------------------------


 NSTEP =    28000   TIME(PS) =    2629.000  TEMP(K) =   301.58  PRESS =    41.6
 Etot   =    -43352.4114  EKtot   =     11178.8926  EPtot      =    -54531.3040
 BOND   =       346.6278  ANGLE   =       982.3953  DIHED      =      2127.8657
 1-4 NB =       456.2067  1-4 EEL =      6200.1085  VDWAALS    =      6505.4543
 EELEC  =    -71164.7625  EHBOND  =         0.0000  RESTRAINT  =        14.8003
 EAMBER (non-restraint)  =    -54546.1043
 EKCMT  =      4828.1359  VIRIAL  =      4664.7622  VOLUME     =    181839.1174
                                                    Density    =         1.0167
 ------------------------------------------------------------------------------


 NSTEP =    28500   TIME(PS) =    2630.000  TEMP(K) =   300.03  PRESS =  -252.8
 Etot   =    -43693.8465  EKtot   =     11121.3701  EPtot      =    -54815.2166
 BOND   =       364.8768  ANGLE   =       995.6683  DIHED      =      2157.2387
 1-4 NB =       437.2957  1-4 EEL =      6205.6904  VDWAALS    =      6559.9563
 EELEC  =    -71551.7437  EHBOND  =         0.0000  RESTRAINT  =        15.8009
 EAMBER (non-restraint)  =    -54831.0175
 EKCMT  =      4831.9769  VIRIAL  =      5822.1941  VOLUME     =    181405.0217
                                                    Density    =         1.0191
 ------------------------------------------------------------------------------


 NSTEP =    29000   TIME(PS) =    2631.000  TEMP(K) =   297.61  PRESS =   418.9
 Etot   =    -43614.9086  EKtot   =     11031.7266  EPtot      =    -54646.6351
 BOND   =       352.3469  ANGLE   =      1013.2678  DIHED      =      2128.4878
 1-4 NB =       438.1299  1-4 EEL =      6229.6058  VDWAALS    =      6704.8209
 EELEC  =    -71530.6193  EHBOND  =         0.0000  RESTRAINT  =        17.3252
 EAMBER (non-restraint)  =    -54663.9603
 EKCMT  =      4932.7015  VIRIAL  =      3293.3876  VOLUME     =    181254.1731
                                                    Density    =         1.0199
 ------------------------------------------------------------------------------


 NSTEP =    29500   TIME(PS) =    2632.000  TEMP(K) =   297.79  PRESS =  -172.4
 Etot   =    -43771.4859  EKtot   =     11038.6533  EPtot      =    -54810.1392
 BOND   =       373.7192  ANGLE   =       990.1585  DIHED      =      2099.3982
 1-4 NB =       452.1480  1-4 EEL =      6215.9011  VDWAALS    =      6518.2333
 EELEC  =    -71477.2783  EHBOND  =         0.0000  RESTRAINT  =        17.5808
 EAMBER (non-restraint)  =    -54827.7200
 EKCMT  =      4888.2477  VIRIAL  =      5563.0589  VOLUME     =    181308.8134
                                                    Density    =         1.0196
 ------------------------------------------------------------------------------


 NSTEP =    30000   TIME(PS) =    2633.000  TEMP(K) =   297.67  PRESS =    27.9
 Etot   =    -43511.9598  EKtot   =     11034.1914  EPtot      =    -54546.1512
 BOND   =       365.4513  ANGLE   =      1023.8444  DIHED      =      2131.5609
 1-4 NB =       434.7477  1-4 EEL =      6167.0176  VDWAALS    =      6550.9117
 EELEC  =    -71236.3064  EHBOND  =         0.0000  RESTRAINT  =        16.6217
 EAMBER (non-restraint)  =    -54562.7729
 EKCMT  =      4766.1926  VIRIAL  =      4656.5702  VOLUME     =    181713.9986
                                                    Density    =         1.0174
 ------------------------------------------------------------------------------


 NSTEP =    30500   TIME(PS) =    2634.000  TEMP(K) =   301.19  PRESS =   193.2
 Etot   =    -43499.5291  EKtot   =     11164.4668  EPtot      =    -54663.9959
 BOND   =       347.7025  ANGLE   =       960.9748  DIHED      =      2124.6019
 1-4 NB =       444.3417  1-4 EEL =      6205.7764  VDWAALS    =      6554.6945
 EELEC  =    -71322.2169  EHBOND  =         0.0000  RESTRAINT  =        20.1293
 EAMBER (non-restraint)  =    -54684.1252
 EKCMT  =      4900.7979  VIRIAL  =      4143.3397  VOLUME     =    181538.2109
                                                    Density    =         1.0184
 ------------------------------------------------------------------------------


 NSTEP =    31000   TIME(PS) =    2635.000  TEMP(K) =   294.43  PRESS =  -384.5
 Etot   =    -43732.9288  EKtot   =     10913.9756  EPtot      =    -54646.9044
 BOND   =       342.8292  ANGLE   =       995.8487  DIHED      =      2133.6214
 1-4 NB =       455.4723  1-4 EEL =      6217.9572  VDWAALS    =      6374.2755
 EELEC  =    -71187.7907  EHBOND  =         0.0000  RESTRAINT  =        20.8820
 EAMBER (non-restraint)  =    -54667.7864
 EKCMT  =      4786.1706  VIRIAL  =      6291.4985  VOLUME     =    181335.7735
                                                    Density    =         1.0195
 ------------------------------------------------------------------------------


 NSTEP =    31500   TIME(PS) =    2636.000  TEMP(K) =   299.50  PRESS =    79.1
 Etot   =    -43532.9439  EKtot   =     11101.7812  EPtot      =    -54634.7252
 BOND   =       373.3517  ANGLE   =       980.0511  DIHED      =      2158.4846
 1-4 NB =       449.2457  1-4 EEL =      6222.0779  VDWAALS    =      6587.4619
 EELEC  =    -71423.8962  EHBOND  =         0.0000  RESTRAINT  =        18.4980
 EAMBER (non-restraint)  =    -54653.2232
 EKCMT  =      4897.4612  VIRIAL  =      4587.9585  VOLUME     =    181296.0005
                                                    Density    =         1.0197
 ------------------------------------------------------------------------------


 NSTEP =    32000   TIME(PS) =    2637.000  TEMP(K) =   299.96  PRESS =   167.3
 Etot   =    -43744.8460  EKtot   =     11118.8076  EPtot      =    -54863.6536
 BOND   =       328.8377  ANGLE   =       981.4363  DIHED      =      2119.4993
 1-4 NB =       443.4841  1-4 EEL =      6195.5148  VDWAALS    =      6675.5564
 EELEC  =    -71626.5995  EHBOND  =         0.0000  RESTRAINT  =        18.6173
 EAMBER (non-restraint)  =    -54882.2709
 EKCMT  =      4814.8516  VIRIAL  =      4162.1602  VOLUME     =    180725.6130
                                                    Density    =         1.0229
 ------------------------------------------------------------------------------


 NSTEP =    32500   TIME(PS) =    2638.000  TEMP(K) =   301.39  PRESS =   104.2
 Etot   =    -43438.4503  EKtot   =     11171.8223  EPtot      =    -54610.2725
 BOND   =       338.9313  ANGLE   =       971.8694  DIHED      =      2146.2090
 1-4 NB =       455.7508  1-4 EEL =      6212.9233  VDWAALS    =      6526.1563
 EELEC  =    -71281.9189  EHBOND  =         0.0000  RESTRAINT  =        19.8063
 EAMBER (non-restraint)  =    -54630.0788
 EKCMT  =      4816.4364  VIRIAL  =      4409.2859  VOLUME     =    180955.5711
                                                    Density    =         1.0216
 ------------------------------------------------------------------------------


 NSTEP =    33000   TIME(PS) =    2639.000  TEMP(K) =   295.84  PRESS =   212.4
 Etot   =    -43715.3994  EKtot   =     10966.0859  EPtot      =    -54681.4853
 BOND   =       332.4786  ANGLE   =      1047.3949  DIHED      =      2150.4308
 1-4 NB =       450.5914  1-4 EEL =      6193.0274  VDWAALS    =      6586.3429
 EELEC  =    -71462.4698  EHBOND  =         0.0000  RESTRAINT  =        20.7184
 EAMBER (non-restraint)  =    -54702.2038
 EKCMT  =      4821.6406  VIRIAL  =      3992.2639  VOLUME     =    180890.3927
                                                    Density    =         1.0220
 ------------------------------------------------------------------------------


 NSTEP =    33500   TIME(PS) =    2640.000  TEMP(K) =   303.35  PRESS =  -124.5
 Etot   =    -43411.7438  EKtot   =     11244.5791  EPtot      =    -54656.3229
 BOND   =       361.8571  ANGLE   =      1012.6907  DIHED      =      2133.0243
 1-4 NB =       454.6020  1-4 EEL =      6194.8376  VDWAALS    =      6332.1984
 EELEC  =    -71170.6639  EHBOND  =         0.0000  RESTRAINT  =        25.1308
 EAMBER (non-restraint)  =    -54681.4537
 EKCMT  =      4879.4264  VIRIAL  =      5365.6634  VOLUME     =    180825.1710
                                                    Density    =         1.0224
 ------------------------------------------------------------------------------


 NSTEP =    34000   TIME(PS) =    2641.000  TEMP(K) =   296.68  PRESS =   -79.3
 Etot   =    -43744.3533  EKtot   =     10997.3330  EPtot      =    -54741.6863
 BOND   =       360.6766  ANGLE   =       984.2071  DIHED      =      2108.5205
 1-4 NB =       453.5570  1-4 EEL =      6209.7195  VDWAALS    =      6453.1065
 EELEC  =    -71333.0470  EHBOND  =         0.0000  RESTRAINT  =        21.5736
 EAMBER (non-restraint)  =    -54763.2599
 EKCMT  =      4835.3691  VIRIAL  =      5144.7183  VOLUME     =    180725.1067
                                                    Density    =         1.0229
 ------------------------------------------------------------------------------


 NSTEP =    34500   TIME(PS) =    2642.000  TEMP(K) =   303.54  PRESS =    33.4
 Etot   =    -43586.4254  EKtot   =     11251.7480  EPtot      =    -54838.1735
 BOND   =       338.2644  ANGLE   =       984.5077  DIHED      =      2145.9923
 1-4 NB =       449.3611  1-4 EEL =      6232.0721  VDWAALS    =      6613.0966
 EELEC  =    -71619.8631  EHBOND  =         0.0000  RESTRAINT  =        18.3953
 EAMBER (non-restraint)  =    -54856.5688
 EKCMT  =      4895.6464  VIRIAL  =      4764.8678  VOLUME     =    181352.8470
                                                    Density    =         1.0194
 ------------------------------------------------------------------------------


 NSTEP =    35000   TIME(PS) =    2643.000  TEMP(K) =   300.05  PRESS =   177.6
 Etot   =    -43429.7981  EKtot   =     11122.1689  EPtot      =    -54551.9670
 BOND   =       356.0760  ANGLE   =      1003.5943  DIHED      =      2133.5398
 1-4 NB =       447.4988  1-4 EEL =      6172.9768  VDWAALS    =      6491.8715
 EELEC  =    -71176.1040  EHBOND  =         0.0000  RESTRAINT  =        18.5798
 EAMBER (non-restraint)  =    -54570.5468
 EKCMT  =      4904.2728  VIRIAL  =      4210.8723  VOLUME     =    180818.7303
                                                    Density    =         1.0224
 ------------------------------------------------------------------------------


 NSTEP =    35500   TIME(PS) =    2644.000  TEMP(K) =   296.03  PRESS =   106.1
 Etot   =    -43833.8869  EKtot   =     10973.0996  EPtot      =    -54806.9865
 BOND   =       343.5282  ANGLE   =       971.8260  DIHED      =      2113.2143
 1-4 NB =       453.9630  1-4 EEL =      6208.4467  VDWAALS    =      6455.7579
 EELEC  =    -71372.8318  EHBOND  =         0.0000  RESTRAINT  =        19.1091
 EAMBER (non-restraint)  =    -54826.0957
 EKCMT  =      4718.7637  VIRIAL  =      4304.8673  VOLUME     =    180698.7160
                                                    Density    =         1.0231
 ------------------------------------------------------------------------------


 NSTEP =    36000   TIME(PS) =    2645.000  TEMP(K) =   300.51  PRESS =  -119.0
 Etot   =    -43655.0397  EKtot   =     11139.4297  EPtot      =    -54794.4694
 BOND   =       341.8194  ANGLE   =       979.2703  DIHED      =      2133.7974
 1-4 NB =       455.7052  1-4 EEL =      6188.2340  VDWAALS    =      6353.4575
 EELEC  =    -71270.9686  EHBOND  =         0.0000  RESTRAINT  =        24.2154
 EAMBER (non-restraint)  =    -54818.6848
 EKCMT  =      4865.0420  VIRIAL  =      5329.2155  VOLUME     =    180713.6159
                                                    Density    =         1.0230
 ------------------------------------------------------------------------------


 NSTEP =    36500   TIME(PS) =    2646.000  TEMP(K) =   296.95  PRESS =  -198.7
 Etot   =    -43668.9137  EKtot   =     11007.4082  EPtot      =    -54676.3219
 BOND   =       346.5931  ANGLE   =       993.1962  DIHED      =      2136.0368
 1-4 NB =       426.7369  1-4 EEL =      6163.3630  VDWAALS    =      6358.5213
 EELEC  =    -71123.0171  EHBOND  =         0.0000  RESTRAINT  =        22.2479
 EAMBER (non-restraint)  =    -54698.5698
 EKCMT  =      4750.0602  VIRIAL  =      5526.6950  VOLUME     =    181027.9979
                                                    Density    =         1.0212
 ------------------------------------------------------------------------------


 NSTEP =    37000   TIME(PS) =    2647.000  TEMP(K) =   300.35  PRESS =   306.5
 Etot   =    -43674.5442  EKtot   =     11133.4805  EPtot      =    -54808.0247
 BOND   =       378.8105  ANGLE   =      1021.3543  DIHED      =      2152.9115
 1-4 NB =       426.8914  1-4 EEL =      6213.4667  VDWAALS    =      6663.3266
 EELEC  =    -71684.0660  EHBOND  =         0.0000  RESTRAINT  =        19.2802
 EAMBER (non-restraint)  =    -54827.3049
 EKCMT  =      4866.7274  VIRIAL  =      3671.1324  VOLUME     =    180663.1149
                                                    Density    =         1.0233
 ------------------------------------------------------------------------------


 NSTEP =    37500   TIME(PS) =    2648.000  TEMP(K) =   298.95  PRESS =  -122.7
 Etot   =    -43570.1992  EKtot   =     11081.4766  EPtot      =    -54651.6758
 BOND   =       353.8873  ANGLE   =       991.5943  DIHED      =      2143.5132
 1-4 NB =       444.6689  1-4 EEL =      6182.9161  VDWAALS    =      6508.1485
 EELEC  =    -71295.6817  EHBOND  =         0.0000  RESTRAINT  =        19.2777
 EAMBER (non-restraint)  =    -54670.9535
 EKCMT  =      4825.8622  VIRIAL  =      5305.0793  VOLUME     =    180921.9435
                                                    Density    =         1.0218
 ------------------------------------------------------------------------------


 NSTEP =    38000   TIME(PS) =    2649.000  TEMP(K) =   303.66  PRESS =   109.9
 Etot   =    -43544.6784  EKtot   =     11256.1172  EPtot      =    -54800.7956
 BOND   =       388.8247  ANGLE   =       980.0650  DIHED      =      2113.4923
 1-4 NB =       454.8572  1-4 EEL =      6209.4570  VDWAALS    =      6618.3605
 EELEC  =    -71583.8879  EHBOND  =         0.0000  RESTRAINT  =        18.0356
 EAMBER (non-restraint)  =    -54818.8312
 EKCMT  =      4892.4020  VIRIAL  =      4462.8258  VOLUME     =    181006.1760
                                                    Density    =         1.0213
 ------------------------------------------------------------------------------


 NSTEP =    38500   TIME(PS) =    2650.000  TEMP(K) =   297.99  PRESS =  -183.1
 Etot   =    -43932.2165  EKtot   =     11045.9756  EPtot      =    -54978.1921
 BOND   =       349.3572  ANGLE   =       997.7502  DIHED      =      2121.2674
 1-4 NB =       452.5224  1-4 EEL =      6189.6343  VDWAALS    =      6587.7478
 EELEC  =    -71695.5653  EHBOND  =         0.0000  RESTRAINT  =        19.0938
 EAMBER (non-restraint)  =    -54997.2860
 EKCMT  =      4832.8339  VIRIAL  =      5549.1179  VOLUME     =    181143.2258
                                                    Density    =         1.0206
 ------------------------------------------------------------------------------


 NSTEP =    39000   TIME(PS) =    2651.000  TEMP(K) =   300.23  PRESS =   116.2
 Etot   =    -43603.3323  EKtot   =     11128.9180  EPtot      =    -54732.2503
 BOND   =       366.8479  ANGLE   =       992.3831  DIHED      =      2134.3012
 1-4 NB =       448.3563  1-4 EEL =      6206.7498  VDWAALS    =      6564.5100
 EELEC  =    -71467.4902  EHBOND  =         0.0000  RESTRAINT  =        22.0915
 EAMBER (non-restraint)  =    -54754.3418
 EKCMT  =      4916.0792  VIRIAL  =      4461.3507  VOLUME     =    181250.5526
                                                    Density    =         1.0200
 ------------------------------------------------------------------------------


 NSTEP =    39500   TIME(PS) =    2652.000  TEMP(K) =   296.68  PRESS =   224.6
 Etot   =    -43500.8366  EKtot   =     10997.5078  EPtot      =    -54498.3445
 BOND   =       312.4802  ANGLE   =      1007.8208  DIHED      =      2142.4990
 1-4 NB =       460.3608  1-4 EEL =      6224.3059  VDWAALS    =      6591.5234
 EELEC  =    -71254.2811  EHBOND  =         0.0000  RESTRAINT  =        16.9466
 EAMBER (non-restraint)  =    -54515.2910
 EKCMT  =      4880.4597  VIRIAL  =      3999.9509  VOLUME     =    181596.8910
                                                    Density    =         1.0180
 ------------------------------------------------------------------------------


 NSTEP =    40000   TIME(PS) =    2653.000  TEMP(K) =   302.16  PRESS =  -282.3
 Etot   =    -43592.3643  EKtot   =     11200.4922  EPtot      =    -54792.8564
 BOND   =       332.0946  ANGLE   =       970.1349  DIHED      =      2150.2341
 1-4 NB =       454.3210  1-4 EEL =      6255.6477  VDWAALS    =      6470.8585
 EELEC  =    -71449.5168  EHBOND  =         0.0000  RESTRAINT  =        23.3696
 EAMBER (non-restraint)  =    -54816.2260
 EKCMT  =      4935.3984  VIRIAL  =      6037.3831  VOLUME     =    180787.6440
                                                    Density    =         1.0226
 ------------------------------------------------------------------------------


 NSTEP =    40500   TIME(PS) =    2654.000  TEMP(K) =   297.90  PRESS =   286.1
 Etot   =    -43731.8571  EKtot   =     11042.4248  EPtot      =    -54774.2819
 BOND   =       369.8596  ANGLE   =      1013.1256  DIHED      =      2123.0069
 1-4 NB =       445.3662  1-4 EEL =      6227.3323  VDWAALS    =      6755.0091
 EELEC  =    -71729.8360  EHBOND  =         0.0000  RESTRAINT  =        21.8545
 EAMBER (non-restraint)  =    -54796.1364
 EKCMT  =      4813.0179  VIRIAL  =      3696.9926  VOLUME     =    180687.3551
                                                    Density    =         1.0231
 ------------------------------------------------------------------------------


 NSTEP =    41000   TIME(PS) =    2655.000  TEMP(K) =   299.33  PRESS =    95.8
 Etot   =    -43654.7560  EKtot   =     11095.7148  EPtot      =    -54750.4708
 BOND   =       366.2030  ANGLE   =       997.3662  DIHED      =      2135.1252
 1-4 NB =       437.8117  1-4 EEL =      6229.9103  VDWAALS    =      6738.5778
 EELEC  =    -71676.8878  EHBOND  =         0.0000  RESTRAINT  =        21.4227
 EAMBER (non-restraint)  =    -54771.8935
 EKCMT  =      4869.9356  VIRIAL  =      4495.5669  VOLUME     =    181050.2438
                                                    Density    =         1.0211
 ------------------------------------------------------------------------------


 NSTEP =    41500   TIME(PS) =    2656.000  TEMP(K) =   302.47  PRESS =   257.1
 Etot   =    -43557.2593  EKtot   =     11212.0254  EPtot      =    -54769.2847
 BOND   =       333.1882  ANGLE   =      1013.3095  DIHED      =      2125.6181
 1-4 NB =       434.5300  1-4 EEL =      6154.4910  VDWAALS    =      6694.4178
 EELEC  =    -71545.2181  EHBOND  =         0.0000  RESTRAINT  =        20.3788
 EAMBER (non-restraint)  =    -54789.6635
 EKCMT  =      4905.6750  VIRIAL  =      3900.3723  VOLUME     =    181092.1328
                                                    Density    =         1.0209
 ------------------------------------------------------------------------------


 NSTEP =    42000   TIME(PS) =    2657.000  TEMP(K) =   301.44  PRESS =   -10.3
 Etot   =    -43763.8258  EKtot   =     11173.8428  EPtot      =    -54937.6686
 BOND   =       332.4532  ANGLE   =      1013.6817  DIHED      =      2123.6043
 1-4 NB =       444.6533  1-4 EEL =      6209.3086  VDWAALS    =      6686.4894
 EELEC  =    -71769.0586  EHBOND  =         0.0000  RESTRAINT  =        21.1997
 EAMBER (non-restraint)  =    -54958.8682
 EKCMT  =      4868.1346  VIRIAL  =      4908.4408  VOLUME     =    181248.3851
                                                    Density    =         1.0200
 ------------------------------------------------------------------------------


 NSTEP =    42500   TIME(PS) =    2658.000  TEMP(K) =   302.85  PRESS =    47.2
 Etot   =    -43762.9344  EKtot   =     11226.0674  EPtot      =    -54989.0018
 BOND   =       336.5020  ANGLE   =       976.0575  DIHED      =      2131.5179
 1-4 NB =       445.7669  1-4 EEL =      6229.0656  VDWAALS    =      6708.3418
 EELEC  =    -71836.2164  EHBOND  =         0.0000  RESTRAINT  =        19.9629
 EAMBER (non-restraint)  =    -55008.9647
 EKCMT  =      4963.1686  VIRIAL  =      4779.0572  VOLUME     =    180810.3806
                                                    Density    =         1.0225
 ------------------------------------------------------------------------------


 NSTEP =    43000   TIME(PS) =    2659.000  TEMP(K) =   300.15  PRESS =   -24.5
 Etot   =    -43511.7102  EKtot   =     11126.1211  EPtot      =    -54637.8313
 BOND   =       336.0027  ANGLE   =       997.2595  DIHED      =      2130.5947
 1-4 NB =       447.2706  1-4 EEL =      6217.7156  VDWAALS    =      6449.6652
 EELEC  =    -71236.7686  EHBOND  =         0.0000  RESTRAINT  =        20.4289
 EAMBER (non-restraint)  =    -54658.2602
 EKCMT  =      4913.2998  VIRIAL  =      5008.7488  VOLUME     =    180671.3862
                                                    Density    =         1.0232
 ------------------------------------------------------------------------------


 NSTEP =    43500   TIME(PS) =    2660.000  TEMP(K) =   298.72  PRESS =  -129.2
 Etot   =    -43776.1944  EKtot   =     11072.9092  EPtot      =    -54849.1036
 BOND   =       341.9722  ANGLE   =       978.3941  DIHED      =      2133.7854
 1-4 NB =       448.3720  1-4 EEL =      6183.7037  VDWAALS    =      6594.2698
 EELEC  =    -71547.8108  EHBOND  =         0.0000  RESTRAINT  =        18.2100
 EAMBER (non-restraint)  =    -54867.3136
 EKCMT  =      4873.6526  VIRIAL  =      5377.9600  VOLUME     =    180821.4832
                                                    Density    =         1.0224
 ------------------------------------------------------------------------------


 NSTEP =    44000   TIME(PS) =    2661.000  TEMP(K) =   301.52  PRESS =    28.9
 Etot   =    -43825.0692  EKtot   =     11176.8066  EPtot      =    -55001.8758
 BOND   =       344.9130  ANGLE   =       955.6166  DIHED      =      2149.5806
 1-4 NB =       450.2473  1-4 EEL =      6218.9280  VDWAALS    =      6642.7517
 EELEC  =    -71782.0392  EHBOND  =         0.0000  RESTRAINT  =        18.1263
 EAMBER (non-restraint)  =    -55020.0021
 EKCMT  =      4807.8386  VIRIAL  =      4695.0719  VOLUME     =    180592.0096
                                                    Density    =         1.0237
 ------------------------------------------------------------------------------


 NSTEP =    44500   TIME(PS) =    2662.000  TEMP(K) =   301.23  PRESS =   311.9
 Etot   =    -43796.6448  EKtot   =     11166.0000  EPtot      =    -54962.6448
 BOND   =       337.6402  ANGLE   =       969.6498  DIHED      =      2142.2156
 1-4 NB =       451.8878  1-4 EEL =      6232.4455  VDWAALS    =      6607.0339
 EELEC  =    -71718.7464  EHBOND  =         0.0000  RESTRAINT  =        15.2288
 EAMBER (non-restraint)  =    -54977.8736
 EKCMT  =      4878.8885  VIRIAL  =      3663.1729  VOLUME     =    180541.8381
                                                    Density    =         1.0240
 ------------------------------------------------------------------------------


 NSTEP =    45000   TIME(PS) =    2663.000  TEMP(K) =   298.53  PRESS =   116.3
 Etot   =    -43702.5307  EKtot   =     11066.1172  EPtot      =    -54768.6479
 BOND   =       346.0867  ANGLE   =       998.4784  DIHED      =      2138.8102
 1-4 NB =       461.0822  1-4 EEL =      6235.7965  VDWAALS    =      6614.7926
 EELEC  =    -71581.1975  EHBOND  =         0.0000  RESTRAINT  =        17.5030
 EAMBER (non-restraint)  =    -54786.1509
 EKCMT  =      4891.6491  VIRIAL  =      4437.1910  VOLUME     =    180910.0525
                                                    Density    =         1.0219
 ------------------------------------------------------------------------------


 NSTEP =    45500   TIME(PS) =    2664.000  TEMP(K) =   302.59  PRESS =    84.4
 Etot   =    -43635.6002  EKtot   =     11216.5762  EPtot      =    -54852.1763
 BOND   =       369.5643  ANGLE   =      1000.2964  DIHED      =      2118.3048
 1-4 NB =       429.7250  1-4 EEL =      6238.4703  VDWAALS    =      6616.8863
 EELEC  =    -71644.2383  EHBOND  =         0.0000  RESTRAINT  =        18.8149
 EAMBER (non-restraint)  =    -54870.9912
 EKCMT  =      4941.3109  VIRIAL  =      4611.3122  VOLUME     =    181120.2865
                                                    Density    =         1.0207
 ------------------------------------------------------------------------------


 NSTEP =    46000   TIME(PS) =    2665.000  TEMP(K) =   299.25  PRESS =   -88.9
 Etot   =    -43756.8875  EKtot   =     11092.5908  EPtot      =    -54849.4783
 BOND   =       363.2129  ANGLE   =       989.9444  DIHED      =      2136.3147
 1-4 NB =       444.1976  1-4 EEL =      6233.7302  VDWAALS    =      6583.7417
 EELEC  =    -71616.6929  EHBOND  =         0.0000  RESTRAINT  =        16.0730
 EAMBER (non-restraint)  =    -54865.5514
 EKCMT  =      4840.2265  VIRIAL  =      5187.9768  VOLUME     =    181166.2322
                                                    Density    =         1.0204
 ------------------------------------------------------------------------------


 NSTEP =    46500   TIME(PS) =    2666.000  TEMP(K) =   299.02  PRESS =   452.3
 Etot   =    -43618.7522  EKtot   =     11084.0312  EPtot      =    -54702.7834
 BOND   =       335.5403  ANGLE   =      1018.1110  DIHED      =      2142.1417
 1-4 NB =       437.5451  1-4 EEL =      6186.0262  VDWAALS    =      6710.0930
 EELEC  =    -71550.9966  EHBOND  =         0.0000  RESTRAINT  =        18.7560
 EAMBER (non-restraint)  =    -54721.5394
 EKCMT  =      4894.4266  VIRIAL  =      3124.3695  VOLUME     =    181239.9035
                                                    Density    =         1.0200
 ------------------------------------------------------------------------------


 NSTEP =    47000   TIME(PS) =    2667.000  TEMP(K) =   302.26  PRESS =  -193.8
 Etot   =    -43554.3613  EKtot   =     11204.1621  EPtot      =    -54758.5234
 BOND   =       357.8511  ANGLE   =       982.6301  DIHED      =      2134.6616
 1-4 NB =       450.3462  1-4 EEL =      6224.6471  VDWAALS    =      6409.6762
 EELEC  =    -71338.2071  EHBOND  =         0.0000  RESTRAINT  =        19.8714
 EAMBER (non-restraint)  =    -54778.3948
 EKCMT  =      4896.3971  VIRIAL  =      5654.6574  VOLUME     =    181218.4840
                                                    Density    =         1.0202
 ------------------------------------------------------------------------------


 NSTEP =    47500   TIME(PS) =    2668.000  TEMP(K) =   298.51  PRESS =  -244.0
 Etot   =    -43978.4007  EKtot   =     11065.2734  EPtot      =    -55043.6741
 BOND   =       367.4577  ANGLE   =       963.7654  DIHED      =      2141.5661
 1-4 NB =       439.1841  1-4 EEL =      6225.4092  VDWAALS    =      6577.3242
 EELEC  =    -71777.0167  EHBOND  =         0.0000  RESTRAINT  =        18.6358
 EAMBER (non-restraint)  =    -55062.3099
 EKCMT  =      4817.1207  VIRIAL  =      5769.6740  VOLUME     =    180781.4821
                                                    Density    =         1.0226
 ------------------------------------------------------------------------------


 NSTEP =    48000   TIME(PS) =    2669.000  TEMP(K) =   302.43  PRESS =    27.0
 Etot   =    -43617.5224  EKtot   =     11210.4297  EPtot      =    -54827.9520
 BOND   =       358.6659  ANGLE   =      1024.1450  DIHED      =      2139.5774
 1-4 NB =       432.9898  1-4 EEL =      6211.1363  VDWAALS    =      6625.6830
 EELEC  =    -71638.7066  EHBOND  =         0.0000  RESTRAINT  =        18.5572
 EAMBER (non-restraint)  =    -54846.5092
 EKCMT  =      4897.4671  VIRIAL  =      4791.8664  VOLUME     =    181014.8977
                                                    Density    =         1.0213
 ------------------------------------------------------------------------------


 NSTEP =    48500   TIME(PS) =    2670.000  TEMP(K) =   296.70  PRESS =   -23.5
 Etot   =    -43912.6047  EKtot   =     10998.1309  EPtot      =    -54910.7356
 BOND   =       352.1623  ANGLE   =       948.2154  DIHED      =      2122.9387
 1-4 NB =       450.2657  1-4 EEL =      6209.2690  VDWAALS    =      6667.6545
 EELEC  =    -71681.7132  EHBOND  =         0.0000  RESTRAINT  =        20.4720
 EAMBER (non-restraint)  =    -54931.2076
 EKCMT  =      4747.8975  VIRIAL  =      4839.9366  VOLUME     =    181079.3700
                                                    Density    =         1.0209
 ------------------------------------------------------------------------------


 NSTEP =    49000   TIME(PS) =    2671.000  TEMP(K) =   300.12  PRESS =    36.1
 Etot   =    -43826.5411  EKtot   =     11124.8730  EPtot      =    -54951.4142
 BOND   =       336.7147  ANGLE   =       988.6758  DIHED      =      2133.4863
 1-4 NB =       457.6524  1-4 EEL =      6245.8948  VDWAALS    =      6614.5742
 EELEC  =    -71747.0153  EHBOND  =         0.0000  RESTRAINT  =        18.6030
 EAMBER (non-restraint)  =    -54970.0171
 EKCMT  =      4890.5129  VIRIAL  =      4749.4730  VOLUME     =    181181.2239
                                                    Density    =         1.0204
 ------------------------------------------------------------------------------


 NSTEP =    49500   TIME(PS) =    2672.000  TEMP(K) =   300.56  PRESS =  -245.5
 Etot   =    -43635.3238  EKtot   =     11141.2988  EPtot      =    -54776.6226
 BOND   =       358.4215  ANGLE   =      1022.0413  DIHED      =      2145.9886
 1-4 NB =       445.5009  1-4 EEL =      6208.7000  VDWAALS    =      6457.9558
 EELEC  =    -71436.0573  EHBOND  =         0.0000  RESTRAINT  =        20.8266
 EAMBER (non-restraint)  =    -54797.4493
 EKCMT  =      4917.3204  VIRIAL  =      5877.8619  VOLUME     =    181240.5391
                                                    Density    =         1.0200
 ------------------------------------------------------------------------------


 NSTEP =    50000   TIME(PS) =    2673.000  TEMP(K) =   298.90  PRESS =    42.8
 Etot   =    -43873.5084  EKtot   =     11079.6992  EPtot      =    -54953.2076
 BOND   =       369.0692  ANGLE   =       963.3579  DIHED      =      2151.4619
 1-4 NB =       438.1400  1-4 EEL =      6177.2755  VDWAALS    =      6706.4558
 EELEC  =    -71780.0033  EHBOND  =         0.0000  RESTRAINT  =        21.0354
 EAMBER (non-restraint)  =    -54974.2430
 EKCMT  =      4884.2640  VIRIAL  =      4716.9402  VOLUME     =    181080.6803
                                                    Density    =         1.0209
 ------------------------------------------------------------------------------


      A V E R A G E S   O V E R     100 S T E P S


 NSTEP =    50000   TIME(PS) =    2673.000  TEMP(K) =   299.88  PRESS =    17.4
 Etot   =    -43645.9682  EKtot   =     11116.0846  EPtot      =    -54762.0527
 BOND   =       351.1899  ANGLE   =       992.3873  DIHED      =      2136.1233
 1-4 NB =       446.0099  1-4 EEL =      6210.5709  VDWAALS    =      6569.1930
 EELEC  =    -71486.4643  EHBOND  =         0.0000  RESTRAINT  =        18.9374
 EAMBER (non-restraint)  =    -54780.9901
 EKCMT  =      4861.0860  VIRIAL  =      4793.0018  VOLUME     =    181041.7044
                                                    Density    =         1.0212
 ------------------------------------------------------------------------------


      R M S  F L U C T U A T I O N S


 NSTEP =    50000   TIME(PS) =    2673.000  TEMP(K) =     2.35  PRESS =   189.2
 Etot   =       144.3403  EKtot   =        87.0827  EPtot      =       130.7756
 BOND   =        15.2627  ANGLE   =        20.8001  DIHED      =        12.4986
 1-4 NB =         8.5166  1-4 EEL =        21.3410  VDWAALS    =       104.1019
 EELEC  =       186.1961  EHBOND  =         0.0000  RESTRAINT  =         2.6078
 EAMBER (non-restraint)  =       128.1678
 EKCMT  =        58.2051  VIRIAL  =       739.2057  VOLUME     =       380.7251
                                                    Density    =         0.0021
 ------------------------------------------------------------------------------

--------------------------------------------------------------------------------
   5.  TIMINGS
--------------------------------------------------------------------------------

|  NonSetup CPU Time in Major Routines:
|
|     Routine           Sec        %
|     ------------------------------
|     Nonbond          90.36   86.61
|     Bond              0.00    0.00
|     Angle             0.00    0.00
|     Dihedral          0.00    0.00
|     Shake             0.34    0.32
|     RunMD            13.58   13.01
|     Other             0.06    0.05
|     ------------------------------
|     Total           104.33

|  PME Nonbond Pairlist CPU Time:
|
|     Routine              Sec        %
|     ---------------------------------
|     Set Up Cit           0.00    0.00
|     Build List           0.00    0.00
|     ---------------------------------
|     Total                0.00    0.00

|  PME Direct Force CPU Time:
|
|     Routine              Sec        %
|     ---------------------------------
|     NonBonded Calc       0.00    0.00
|     Exclude Masked       0.00    0.00
|     Other                0.02    0.02
|     ---------------------------------
|     Total                0.02    0.02

|  PME Reciprocal Force CPU Time:
|
|     Routine              Sec        %
|     ---------------------------------
|     1D bspline           0.00    0.00
|     Grid Charges         0.00    0.00
|     Scalar Sum           0.00    0.00
|     Gradient Sum         0.00    0.00
|     FFT                  0.00    0.00
|     ---------------------------------
|     Total                0.00    0.00

|  Final Performance Info:
|     -----------------------------------------------------
|     Average timings for last   21000 steps:
|     Elapsed(s) =      43.91 Per Step(ms) =       2.09
|         ns/day =      82.63   seconds/ns =    1045.59
|
|     Average timings for all steps:
|     Elapsed(s) =     104.41 Per Step(ms) =       2.09
|         ns/day =      82.75   seconds/ns =    1044.09
|     -----------------------------------------------------

|  Setup CPU time:            0.48 seconds
|  NonSetup CPU time:       104.33 seconds
|  Total CPU time:          104.81 seconds     0.03 hours

|  Setup wall time:           1    seconds
|  NonSetup wall time:      104    seconds
|  Total wall time:         105    seconds     0.03 hours
