
          -------------------------------------------------------
          Amber 16 PMEMD                              2016
          -------------------------------------------------------

| PMEMD implementation of SANDER, Release 16

| Run on 07/04/2017 at 01:23:22

|   Executable path: pmemd.cuda
| Working directory: /home/german/obp/run/mu_eol/mhe/e
|          Hostname: Unknown
  [-O]verwriting output

File Assignments:
|   MDIN: 30equ.in                                                              
|  MDOUT: 30equ.out                                                             
| INPCRD: 29emu_eol.rst7                                                        
|   PARM: /home/german/obp/top_files/mu_eol.prmtop                              
| RESTRT: 30emu_eol.rst7                                                        
|   REFC: refc                                                                  
|  MDVEL: mdvel                                                                 
|   MDEN: mden                                                                  
|  MDCRD: 30emu_eol.nc                                                          
| MDINFO: mdinfo                                                                
|  MDFRC: mdfrc                                                                 


 Here is the input file:

Equilibration without solute restrictions                                      
&cntrl                                                                         
imin = 0,                           ! No Minimization                          
nmropt = 0,                         ! No NMR restraints read                   
                                                                               
! Nature and format of the input                                               
ntx = 5,                            ! Coordinates and velocities will be read  
irest = 1,                          ! Do not run a new simulation              
                                                                               
! Nature and format of the output                                              
ntxo = 1,                           ! rstrt file in ASCII format               
ntpr = 500,                         ! inf in output every ntpr steps           
ntwr = 500,                         ! rstrt file every ntwr steps              
ntwx = 500,                         ! mdcrd file every ntwx steps              
ntwv = 0,                           ! mdvel without velocities                 
ntwe = 0,                           ! Energies and temperatures not written in 
idecomp = 0,                        ! No energy decomposition                  
iwrap = 1,                          ! Coordinates of the restart and mdcrd file
                                                                               
! Frozen or restrained atoms                                                   
ibelly = 0,                         ! No frozen atoms                          
ntr=0,                              ! Harmonic potential restraints            
                                                                               
! Molecular dynamics                                                           
nstlim = 50000,                     ! Number of MD-steps                       
dt = 0.002,                         ! Time step                                
                                                                               
! Temperature regulation                                                       
ntt = 3,                            ! Langevin thermostat                      
gamma_ln = 2,                       ! Gamma constant for Langevin              
!temp0 = 300.0,                     ! Reference T at which the system is to be 
tempi = 300.0,                      ! Initial T                                
ig = -1,                            ! Seed for the RNG                         
                                                                               
! P and V regulation                                                           
ntp = 0,                            ! No P control                             
ntb = 1,                            ! constant V                               
                                                                               
! SHAKE variables                                                              
ntc = 2,                            ! Bonds involving H are constrained        
ntf = 2,                            ! Bond interaction involving H are ommited.
                                                                               
cut = 9.0,                         ! Nonbonded cutoff                          
/                                                                              
&end                                                                           


Note: ig = -1. Setting random seed to   271324 based on wallclock time in 
      microseconds.
 
|--------------------- INFORMATION ----------------------
| GPU (CUDA) Version of PMEMD in use: NVIDIA GPU IN USE.
|                    Version 16.0.0
| 
|                      02/25/2016
| 
| Implementation by:
|                    Ross C. Walker     (SDSC)
|                    Scott Le Grand     (nVIDIA)
| 
| Precision model in use:
|      [SPFP] - Single Precision Forces, 64-bit Fixed Point
|               Accumulation. (Default)
| 
|--------------------------------------------------------
 
|----------------- CITATION INFORMATION -----------------
|
|    When publishing work that utilized the CUDA version
|    of AMBER, please cite the following in addition to
|    the regular AMBER citations:
|
|  - Romelia Salomon-Ferrer; Andreas W. Goetz; Duncan
|    Poole; Scott Le Grand; Ross C. Walker "Routine
|    microsecond molecular dynamics simulations with
|    AMBER - Part II: Particle Mesh Ewald", J. Chem.
|    Theory Comput., 2013, 9 (9), pp3878-3888,
|    DOI: 10.1021/ct400314y.
|
|  - Andreas W. Goetz; Mark J. Williamson; Dong Xu;
|    Duncan Poole; Scott Le Grand; Ross C. Walker
|    "Routine microsecond molecular dynamics simulations
|    with AMBER - Part I: Generalized Born", J. Chem.
|    Theory Comput., 2012, 8 (5), pp1542-1555.
|
|  - Scott Le Grand; Andreas W. Goetz; Ross C. Walker
|    "SPFP: Speed without compromise - a mixed precision
|    model for GPU accelerated molecular dynamics
|    simulations.", Comp. Phys. Comm., 2013, 184
|    pp374-380, DOI: 10.1016/j.cpc.2012.09.022
|
|--------------------------------------------------------
 
|------------------- GPU DEVICE INFO --------------------
|
|            CUDA_VISIBLE_DEVICES: 1
|   CUDA Capable Devices Detected:      1
|           CUDA Device ID in use:      0
|                CUDA Device Name: GeForce GTX 1060 6GB
|     CUDA Device Global Mem Size:   6072 MB
| CUDA Device Num Multiprocessors:     10
|           CUDA Device Core Freq:   1.76 GHz
|
|--------------------------------------------------------
 
 
| Conditional Compilation Defines Used:
| PUBFFT
| BINTRAJ
| CUDA
| EMIL

| Largest sphere to fit in unit cell has radius =    26.685

| New format PARM file being parsed.
| Version =    1.000 Date = 02/20/15 Time = 17:35:03

| Note: 1-4 EEL scale factors are being read from the topology file.

| Note: 1-4 VDW scale factors are being read from the topology file.
| Duplicated    0 dihedrals

| Duplicated    0 dihedrals

--------------------------------------------------------------------------------
   1.  RESOURCE   USE: 
--------------------------------------------------------------------------------

 getting new box info from bottom of inpcrd
 NATOM  =   18178 NTYPES =      18 NBONH =   17227 MBONA  =     955
 NTHETH =    2228 MTHETA =    1282 NPHIH =    4328 MPHIA  =    4367
 NHPARM =       0 NPARM  =       0 NNB   =   32287 NRES   =    5542
 NBONA  =     955 NTHETA =    1282 NPHIA =    4367 NUMBND =      72
 NUMANG =     151 NPTRA  =     245 NATYP =      42 NPHB   =       1
 IFBOX  =       1 NMXRS  =      24 IFCAP =       0 NEXTRA =       0
 NCOPY  =       0

| Coordinate Index Table dimensions:    11   12   10
| Direct force subcell size =     5.0198    5.1119    5.3371

     BOX TYPE: RECTILINEAR

--------------------------------------------------------------------------------
   2.  CONTROL  DATA  FOR  THE  RUN
--------------------------------------------------------------------------------

default_name                                                                    

General flags:
     imin    =       0, nmropt  =       0

Nature and format of input:
     ntx     =       5, irest   =       1, ntrx    =       1

Nature and format of output:
     ntxo    =       1, ntpr    =     500, ntrx    =       1, ntwr    =     500
     iwrap   =       1, ntwx    =     500, ntwv    =       0, ntwe    =       0
     ioutfm  =       1, ntwprt  =       0, idecomp =       0, rbornstat=      0

Potential function:
     ntf     =       2, ntb     =       1, igb     =       0, nsnb    =      25
     ipol    =       0, gbsa    =       0, iesp    =       0
     dielc   =   1.00000, cut     =   9.00000, intdiel =   1.00000

Frozen or restrained atoms:
     ibelly  =       0, ntr     =       0

Molecular dynamics:
     nstlim  =     50000, nscm    =      1000, nrespa  =         1
     t       =   0.00000, dt      =   0.00200, vlimit  =  -1.00000

Langevin dynamics temperature regulation:
     ig      =  271324
     temp0   = 300.00000, tempi   = 300.00000, gamma_ln=   2.00000

SHAKE:
     ntc     =       2, jfastw  =       0
     tol     =   0.00001

| Intermolecular bonds treatment:
|     no_intermolecular_bonds =       1

| Energy averages sample interval:
|     ene_avg_sampling =     500

Ewald parameters:
     verbose =       0, ew_type =       0, nbflag  =       1, use_pme =       1
     vdwmeth =       1, eedmeth =       1, netfrc  =       1
     Box X =   55.218   Box Y =   61.342   Box Z =   53.371
     Alpha =   90.000   Beta  =   90.000   Gamma =   90.000
     NFFT1 =   56       NFFT2 =   64       NFFT3 =   56
     Cutoff=    9.000   Tol   =0.100E-04
     Ewald Coefficient =  0.30768
     Interpolation order =    4

--------------------------------------------------------------------------------
   3.  ATOMIC COORDINATES AND VELOCITIES
--------------------------------------------------------------------------------

default_name                                                                    
 begin time read from input coords =  2973.000 ps

 
 Number of triangulated 3-point waters found:     5419

     Sum of charges from parm topology file =  -0.00000006
     Forcing neutrality...

| Dynamic Memory, Types Used:
| Reals              590845
| Integers           621414

| Nonbonded Pairs Initial Allocation:     4144584

| GPU memory information (estimate):
| KB of GPU memory in use:    101142
| KB of CPU memory in use:     21318

--------------------------------------------------------------------------------
   4.  RESULTS
--------------------------------------------------------------------------------

 ---------------------------------------------------
 APPROXIMATING switch and d/dx switch using CUBIC SPLINE INTERPOLATION
 using   5000.0 points per unit in tabled values
 TESTING RELATIVE ERROR over r ranging from 0.0 to cutoff
| CHECK switch(x): max rel err =   0.2738E-14   at   2.422500
| CHECK d/dx switch(x): max rel err =   0.8314E-11   at   2.736960
 ---------------------------------------------------
|---------------------------------------------------
| APPROXIMATING direct energy using CUBIC SPLINE INTERPOLATION
|  with   50.0 points per unit in tabled values
| Relative Error Limit not exceeded for r .gt.   2.39
| APPROXIMATING direct force using CUBIC SPLINE INTERPOLATION
|  with   50.0 points per unit in tabled values
| Relative Error Limit not exceeded for r .gt.   2.84
|---------------------------------------------------

 NSTEP =      500   TIME(PS) =    2974.000  TEMP(K) =   297.11  PRESS =     0.0
 Etot   =    -43803.0597  EKtot   =     11013.3223  EPtot      =    -54816.3820
 BOND   =       345.8816  ANGLE   =      1000.9576  DIHED      =      2128.2610
 1-4 NB =       440.6782  1-4 EEL =      6195.8271  VDWAALS    =      6659.7646
 EELEC  =    -71587.7520  EHBOND  =         0.0000  RESTRAINT  =         0.0000
 ------------------------------------------------------------------------------


 NSTEP =     1000   TIME(PS) =    2975.000  TEMP(K) =   301.32  PRESS =     0.0
 Etot   =    -43710.3078  EKtot   =     11169.3301  EPtot      =    -54879.6379
 BOND   =       357.2882  ANGLE   =       954.8923  DIHED      =      2126.2216
 1-4 NB =       444.3607  1-4 EEL =      6195.7847  VDWAALS    =      6573.9536
 EELEC  =    -71532.1390  EHBOND  =         0.0000  RESTRAINT  =         0.0000
 ------------------------------------------------------------------------------


 NSTEP =     1500   TIME(PS) =    2976.000  TEMP(K) =   298.82  PRESS =     0.0
 Etot   =    -43515.5644  EKtot   =     11076.6641  EPtot      =    -54592.2284
 BOND   =       391.1157  ANGLE   =       970.5184  DIHED      =      2153.3237
 1-4 NB =       440.5111  1-4 EEL =      6175.6626  VDWAALS    =      6359.1283
 EELEC  =    -71082.4882  EHBOND  =         0.0000  RESTRAINT  =         0.0000
 ------------------------------------------------------------------------------


 NSTEP =     2000   TIME(PS) =    2977.000  TEMP(K) =   300.57  PRESS =     0.0
 Etot   =    -43606.4501  EKtot   =     11141.5303  EPtot      =    -54747.9804
 BOND   =       335.9021  ANGLE   =       988.4108  DIHED      =      2124.7653
 1-4 NB =       466.0566  1-4 EEL =      6256.0698  VDWAALS    =      6286.0234
 EELEC  =    -71205.2083  EHBOND  =         0.0000  RESTRAINT  =         0.0000
 ------------------------------------------------------------------------------


 NSTEP =     2500   TIME(PS) =    2978.000  TEMP(K) =   302.76  PRESS =     0.0
 Etot   =    -43373.8079  EKtot   =     11222.8730  EPtot      =    -54596.6810
 BOND   =       345.9875  ANGLE   =      1000.9999  DIHED      =      2159.4731
 1-4 NB =       435.5830  1-4 EEL =      6207.8895  VDWAALS    =      6555.0176
 EELEC  =    -71301.6316  EHBOND  =         0.0000  RESTRAINT  =         0.0000
 ------------------------------------------------------------------------------


 NSTEP =     3000   TIME(PS) =    2979.000  TEMP(K) =   299.42  PRESS =     0.0
 Etot   =    -43595.8895  EKtot   =     11099.0117  EPtot      =    -54694.9012
 BOND   =       374.5434  ANGLE   =       979.5084  DIHED      =      2135.0582
 1-4 NB =       449.9754  1-4 EEL =      6229.0324  VDWAALS    =      6408.1059
 EELEC  =    -71271.1250  EHBOND  =         0.0000  RESTRAINT  =         0.0000
 ------------------------------------------------------------------------------


 NSTEP =     3500   TIME(PS) =    2980.000  TEMP(K) =   297.01  PRESS =     0.0
 Etot   =    -43517.5060  EKtot   =     11009.6748  EPtot      =    -54527.1808
 BOND   =       370.1358  ANGLE   =       977.6271  DIHED      =      2146.4185
 1-4 NB =       447.6107  1-4 EEL =      6215.3920  VDWAALS    =      6478.1443
 EELEC  =    -71162.5094  EHBOND  =         0.0000  RESTRAINT  =         0.0000
 ------------------------------------------------------------------------------


 NSTEP =     4000   TIME(PS) =    2981.000  TEMP(K) =   303.46  PRESS =     0.0
 Etot   =    -43531.8932  EKtot   =     11248.7852  EPtot      =    -54780.6784
 BOND   =       351.3562  ANGLE   =       995.9605  DIHED      =      2133.2639
 1-4 NB =       460.0220  1-4 EEL =      6233.9648  VDWAALS    =      6613.8347
 EELEC  =    -71569.0804  EHBOND  =         0.0000  RESTRAINT  =         0.0000
 ------------------------------------------------------------------------------


 NSTEP =     4500   TIME(PS) =    2982.000  TEMP(K) =   304.12  PRESS =     0.0
 Etot   =    -43501.2809  EKtot   =     11273.1113  EPtot      =    -54774.3922
 BOND   =       371.1747  ANGLE   =      1017.3461  DIHED      =      2134.8743
 1-4 NB =       446.8999  1-4 EEL =      6228.1467  VDWAALS    =      6531.5903
 EELEC  =    -71504.4241  EHBOND  =         0.0000  RESTRAINT  =         0.0000
 ------------------------------------------------------------------------------


 NSTEP =     5000   TIME(PS) =    2983.000  TEMP(K) =   299.25  PRESS =     0.0
 Etot   =    -43591.0802  EKtot   =     11092.5752  EPtot      =    -54683.6554
 BOND   =       356.8788  ANGLE   =       982.2330  DIHED      =      2135.8914
 1-4 NB =       445.4218  1-4 EEL =      6227.8725  VDWAALS    =      6685.2489
 EELEC  =    -71517.2017  EHBOND  =         0.0000  RESTRAINT  =         0.0000
 ------------------------------------------------------------------------------


 NSTEP =     5500   TIME(PS) =    2984.000  TEMP(K) =   295.84  PRESS =     0.0
 Etot   =    -43692.8492  EKtot   =     10966.3516  EPtot      =    -54659.2008
 BOND   =       348.7906  ANGLE   =       986.0710  DIHED      =      2134.6748
 1-4 NB =       448.5709  1-4 EEL =      6227.6506  VDWAALS    =      6437.8566
 EELEC  =    -71242.8152  EHBOND  =         0.0000  RESTRAINT  =         0.0000
 ------------------------------------------------------------------------------


 NSTEP =     6000   TIME(PS) =    2985.000  TEMP(K) =   297.90  PRESS =     0.0
 Etot   =    -43759.7335  EKtot   =     11042.7217  EPtot      =    -54802.4551
 BOND   =       375.9555  ANGLE   =       984.5071  DIHED      =      2114.7093
 1-4 NB =       437.4782  1-4 EEL =      6201.1892  VDWAALS    =      6579.0218
 EELEC  =    -71495.3162  EHBOND  =         0.0000  RESTRAINT  =         0.0000
 ------------------------------------------------------------------------------


 NSTEP =     6500   TIME(PS) =    2986.000  TEMP(K) =   299.22  PRESS =     0.0
 Etot   =    -43628.4812  EKtot   =     11091.5967  EPtot      =    -54720.0779
 BOND   =       358.0271  ANGLE   =       982.4421  DIHED      =      2142.8140
 1-4 NB =       446.4825  1-4 EEL =      6199.1189  VDWAALS    =      6666.0720
 EELEC  =    -71515.0344  EHBOND  =         0.0000  RESTRAINT  =         0.0000
 ------------------------------------------------------------------------------


 NSTEP =     7000   TIME(PS) =    2987.000  TEMP(K) =   300.44  PRESS =     0.0
 Etot   =    -43538.2692  EKtot   =     11136.8428  EPtot      =    -54675.1119
 BOND   =       362.2228  ANGLE   =       984.7396  DIHED      =      2125.8004
 1-4 NB =       445.4381  1-4 EEL =      6235.1010  VDWAALS    =      6590.4443
 EELEC  =    -71418.8582  EHBOND  =         0.0000  RESTRAINT  =         0.0000
 ------------------------------------------------------------------------------


 NSTEP =     7500   TIME(PS) =    2988.000  TEMP(K) =   299.16  PRESS =     0.0
 Etot   =    -43903.1021  EKtot   =     11089.3486  EPtot      =    -54992.4507
 BOND   =       338.3988  ANGLE   =       994.4293  DIHED      =      2110.7139
 1-4 NB =       440.3473  1-4 EEL =      6175.4648  VDWAALS    =      6372.4177
 EELEC  =    -71424.2225  EHBOND  =         0.0000  RESTRAINT  =         0.0000
 ------------------------------------------------------------------------------


 NSTEP =     8000   TIME(PS) =    2989.000  TEMP(K) =   301.06  PRESS =     0.0
 Etot   =    -43809.9423  EKtot   =     11159.5498  EPtot      =    -54969.4921
 BOND   =       382.4432  ANGLE   =      1002.8520  DIHED      =      2153.0011
 1-4 NB =       436.8441  1-4 EEL =      6192.3107  VDWAALS    =      6497.4811
 EELEC  =    -71634.4243  EHBOND  =         0.0000  RESTRAINT  =         0.0000
 ------------------------------------------------------------------------------


 NSTEP =     8500   TIME(PS) =    2990.000  TEMP(K) =   301.55  PRESS =     0.0
 Etot   =    -43674.2068  EKtot   =     11177.8525  EPtot      =    -54852.0594
 BOND   =       353.8591  ANGLE   =       986.7515  DIHED      =      2131.9382
 1-4 NB =       457.3623  1-4 EEL =      6212.0034  VDWAALS    =      6567.5034
 EELEC  =    -71561.4772  EHBOND  =         0.0000  RESTRAINT  =         0.0000
 ------------------------------------------------------------------------------


 NSTEP =     9000   TIME(PS) =    2991.000  TEMP(K) =   299.92  PRESS =     0.0
 Etot   =    -43720.1161  EKtot   =     11117.5498  EPtot      =    -54837.6659
 BOND   =       369.7360  ANGLE   =      1013.5492  DIHED      =      2130.0162
 1-4 NB =       437.7920  1-4 EEL =      6191.4728  VDWAALS    =      6617.6355
 EELEC  =    -71597.8676  EHBOND  =         0.0000  RESTRAINT  =         0.0000
 ------------------------------------------------------------------------------


 NSTEP =     9500   TIME(PS) =    2992.000  TEMP(K) =   299.29  PRESS =     0.0
 Etot   =    -43843.8006  EKtot   =     11093.9922  EPtot      =    -54937.7928
 BOND   =       355.2561  ANGLE   =       966.3206  DIHED      =      2136.5938
 1-4 NB =       450.9372  1-4 EEL =      6242.9449  VDWAALS    =      6432.0365
 EELEC  =    -71521.8819  EHBOND  =         0.0000  RESTRAINT  =         0.0000
 ------------------------------------------------------------------------------


 NSTEP =    10000   TIME(PS) =    2993.000  TEMP(K) =   301.75  PRESS =     0.0
 Etot   =    -43660.8713  EKtot   =     11185.3242  EPtot      =    -54846.1955
 BOND   =       354.4349  ANGLE   =       983.0535  DIHED      =      2130.8274
 1-4 NB =       435.6783  1-4 EEL =      6243.9329  VDWAALS    =      6498.7671
 EELEC  =    -71492.8896  EHBOND  =         0.0000  RESTRAINT  =         0.0000
 ------------------------------------------------------------------------------


 NSTEP =    10500   TIME(PS) =    2994.000  TEMP(K) =   299.26  PRESS =     0.0
 Etot   =    -43665.6624  EKtot   =     11093.1738  EPtot      =    -54758.8362
 BOND   =       350.4529  ANGLE   =       987.6931  DIHED      =      2134.5503
 1-4 NB =       449.1888  1-4 EEL =      6212.6402  VDWAALS    =      6511.7507
 EELEC  =    -71405.1121  EHBOND  =         0.0000  RESTRAINT  =         0.0000
 ------------------------------------------------------------------------------


 NSTEP =    11000   TIME(PS) =    2995.000  TEMP(K) =   298.07  PRESS =     0.0
 Etot   =    -43752.2484  EKtot   =     11048.8008  EPtot      =    -54801.0492
 BOND   =       330.1470  ANGLE   =       942.6580  DIHED      =      2124.2599
 1-4 NB =       454.4684  1-4 EEL =      6208.7595  VDWAALS    =      6477.2926
 EELEC  =    -71338.6346  EHBOND  =         0.0000  RESTRAINT  =         0.0000
 ------------------------------------------------------------------------------


 NSTEP =    11500   TIME(PS) =    2996.000  TEMP(K) =   300.86  PRESS =     0.0
 Etot   =    -43777.6350  EKtot   =     11152.1348  EPtot      =    -54929.7698
 BOND   =       360.2158  ANGLE   =       966.1104  DIHED      =      2151.3158
 1-4 NB =       456.1004  1-4 EEL =      6224.2341  VDWAALS    =      6496.8152
 EELEC  =    -71584.5615  EHBOND  =         0.0000  RESTRAINT  =         0.0000
 ------------------------------------------------------------------------------


 NSTEP =    12000   TIME(PS) =    2997.000  TEMP(K) =   300.83  PRESS =     0.0
 Etot   =    -43601.4042  EKtot   =     11151.2822  EPtot      =    -54752.6864
 BOND   =       345.8659  ANGLE   =       965.8938  DIHED      =      2134.3567
 1-4 NB =       452.7135  1-4 EEL =      6206.8991  VDWAALS    =      6555.7647
 EELEC  =    -71414.1802  EHBOND  =         0.0000  RESTRAINT  =         0.0000
 ------------------------------------------------------------------------------


 NSTEP =    12500   TIME(PS) =    2998.000  TEMP(K) =   303.64  PRESS =     0.0
 Etot   =    -43656.5349  EKtot   =     11255.3789  EPtot      =    -54911.9138
 BOND   =       352.9744  ANGLE   =       943.0300  DIHED      =      2131.4833
 1-4 NB =       440.9011  1-4 EEL =      6195.1384  VDWAALS    =      6758.0526
 EELEC  =    -71733.4937  EHBOND  =         0.0000  RESTRAINT  =         0.0000
 ------------------------------------------------------------------------------


 NSTEP =    13000   TIME(PS) =    2999.000  TEMP(K) =   295.96  PRESS =     0.0
 Etot   =    -43863.0825  EKtot   =     10970.6074  EPtot      =    -54833.6899
 BOND   =       369.8073  ANGLE   =       994.9583  DIHED      =      2145.8010
 1-4 NB =       456.6096  1-4 EEL =      6202.7352  VDWAALS    =      6617.0319
 EELEC  =    -71620.6332  EHBOND  =         0.0000  RESTRAINT  =         0.0000
 ------------------------------------------------------------------------------


 NSTEP =    13500   TIME(PS) =    3000.000  TEMP(K) =   299.41  PRESS =     0.0
 Etot   =    -43850.0669  EKtot   =     11098.4482  EPtot      =    -54948.5152
 BOND   =       356.5128  ANGLE   =       960.1069  DIHED      =      2133.2491
 1-4 NB =       446.8774  1-4 EEL =      6233.3820  VDWAALS    =      6796.7523
 EELEC  =    -71875.3958  EHBOND  =         0.0000  RESTRAINT  =         0.0000
 ------------------------------------------------------------------------------


 NSTEP =    14000   TIME(PS) =    3001.000  TEMP(K) =   298.31  PRESS =     0.0
 Etot   =    -43698.2452  EKtot   =     11057.9170  EPtot      =    -54756.1622
 BOND   =       380.3539  ANGLE   =       954.6589  DIHED      =      2141.6978
 1-4 NB =       468.3213  1-4 EEL =      6210.4951  VDWAALS    =      6430.7663
 EELEC  =    -71342.4555  EHBOND  =         0.0000  RESTRAINT  =         0.0000
 ------------------------------------------------------------------------------


 NSTEP =    14500   TIME(PS) =    3002.000  TEMP(K) =   300.62  PRESS =     0.0
 Etot   =    -43762.0437  EKtot   =     11143.3008  EPtot      =    -54905.3444
 BOND   =       372.7770  ANGLE   =       974.6467  DIHED      =      2128.9103
 1-4 NB =       452.2596  1-4 EEL =      6231.4391  VDWAALS    =      6648.8944
 EELEC  =    -71714.2715  EHBOND  =         0.0000  RESTRAINT  =         0.0000
 ------------------------------------------------------------------------------


 NSTEP =    15000   TIME(PS) =    3003.000  TEMP(K) =   298.66  PRESS =     0.0
 Etot   =    -43738.4680  EKtot   =     11070.7266  EPtot      =    -54809.1946
 BOND   =       327.8988  ANGLE   =      1027.7694  DIHED      =      2140.5596
 1-4 NB =       456.0834  1-4 EEL =      6214.4299  VDWAALS    =      6561.3797
 EELEC  =    -71537.3153  EHBOND  =         0.0000  RESTRAINT  =         0.0000
 ------------------------------------------------------------------------------


 NSTEP =    15500   TIME(PS) =    3004.000  TEMP(K) =   299.09  PRESS =     0.0
 Etot   =    -43735.5782  EKtot   =     11086.6885  EPtot      =    -54822.2667
 BOND   =       355.2085  ANGLE   =       979.4784  DIHED      =      2141.5760
 1-4 NB =       450.2331  1-4 EEL =      6211.4732  VDWAALS    =      6596.5165
 EELEC  =    -71556.7525  EHBOND  =         0.0000  RESTRAINT  =         0.0000
 ------------------------------------------------------------------------------


 NSTEP =    16000   TIME(PS) =    3005.000  TEMP(K) =   299.30  PRESS =     0.0
 Etot   =    -43656.0351  EKtot   =     11094.3516  EPtot      =    -54750.3867
 BOND   =       360.8233  ANGLE   =      1032.1162  DIHED      =      2118.5771
 1-4 NB =       432.4563  1-4 EEL =      6210.9797  VDWAALS    =      6468.0502
 EELEC  =    -71373.3896  EHBOND  =         0.0000  RESTRAINT  =         0.0000
 ------------------------------------------------------------------------------


 NSTEP =    16500   TIME(PS) =    3006.000  TEMP(K) =   300.06  PRESS =     0.0
 Etot   =    -43610.3528  EKtot   =     11122.7686  EPtot      =    -54733.1214
 BOND   =       342.3270  ANGLE   =      1051.2380  DIHED      =      2152.7745
 1-4 NB =       442.4771  1-4 EEL =      6216.1428  VDWAALS    =      6377.7197
 EELEC  =    -71315.8005  EHBOND  =         0.0000  RESTRAINT  =         0.0000
 ------------------------------------------------------------------------------


 NSTEP =    17000   TIME(PS) =    3007.000  TEMP(K) =   301.78  PRESS =     0.0
 Etot   =    -43382.9985  EKtot   =     11186.5820  EPtot      =    -54569.5805
 BOND   =       356.2362  ANGLE   =       979.3824  DIHED      =      2139.1364
 1-4 NB =       456.6323  1-4 EEL =      6199.4113  VDWAALS    =      6238.6823
 EELEC  =    -70939.0615  EHBOND  =         0.0000  RESTRAINT  =         0.0000
 ------------------------------------------------------------------------------


 NSTEP =    17500   TIME(PS) =    3008.000  TEMP(K) =   298.54  PRESS =     0.0
 Etot   =    -43665.7404  EKtot   =     11066.2930  EPtot      =    -54732.0334
 BOND   =       356.4947  ANGLE   =       999.4497  DIHED      =      2123.4293
 1-4 NB =       447.4529  1-4 EEL =      6207.4677  VDWAALS    =      6555.1150
 EELEC  =    -71421.4429  EHBOND  =         0.0000  RESTRAINT  =         0.0000
 ------------------------------------------------------------------------------


 NSTEP =    18000   TIME(PS) =    3009.000  TEMP(K) =   302.67  PRESS =     0.0
 Etot   =    -43538.5355  EKtot   =     11219.4814  EPtot      =    -54758.0169
 BOND   =       390.4527  ANGLE   =       997.8444  DIHED      =      2139.0621
 1-4 NB =       433.2070  1-4 EEL =      6146.2619  VDWAALS    =      6864.0853
 EELEC  =    -71728.9302  EHBOND  =         0.0000  RESTRAINT  =         0.0000
 ------------------------------------------------------------------------------


 NSTEP =    18500   TIME(PS) =    3010.000  TEMP(K) =   301.07  PRESS =     0.0
 Etot   =    -43585.7317  EKtot   =     11160.2383  EPtot      =    -54745.9700
 BOND   =       342.0274  ANGLE   =      1003.8112  DIHED      =      2129.8295
 1-4 NB =       455.5056  1-4 EEL =      6223.6255  VDWAALS    =      6517.6258
 EELEC  =    -71418.3949  EHBOND  =         0.0000  RESTRAINT  =         0.0000
 ------------------------------------------------------------------------------


 NSTEP =    19000   TIME(PS) =    3011.000  TEMP(K) =   305.68  PRESS =     0.0
 Etot   =    -43354.2944  EKtot   =     11330.8486  EPtot      =    -54685.1430
 BOND   =       318.7673  ANGLE   =       992.4042  DIHED      =      2114.2816
 1-4 NB =       459.2726  1-4 EEL =      6217.3512  VDWAALS    =      6517.6980
 EELEC  =    -71304.9179  EHBOND  =         0.0000  RESTRAINT  =         0.0000
 ------------------------------------------------------------------------------


 NSTEP =    19500   TIME(PS) =    3012.000  TEMP(K) =   299.34  PRESS =     0.0
 Etot   =    -43701.5946  EKtot   =     11095.8926  EPtot      =    -54797.4872
 BOND   =       354.0052  ANGLE   =       949.2910  DIHED      =      2115.6832
 1-4 NB =       448.4561  1-4 EEL =      6230.2239  VDWAALS    =      6464.5512
 EELEC  =    -71359.6978  EHBOND  =         0.0000  RESTRAINT  =         0.0000
 ------------------------------------------------------------------------------


 NSTEP =    20000   TIME(PS) =    3013.000  TEMP(K) =   299.98  PRESS =     0.0
 Etot   =    -43516.9149  EKtot   =     11119.5762  EPtot      =    -54636.4911
 BOND   =       358.1978  ANGLE   =       964.7993  DIHED      =      2150.6652
 1-4 NB =       435.5469  1-4 EEL =      6235.5197  VDWAALS    =      6429.7352
 EELEC  =    -71210.9552  EHBOND  =         0.0000  RESTRAINT  =         0.0000
 ------------------------------------------------------------------------------


 NSTEP =    20500   TIME(PS) =    3014.000  TEMP(K) =   299.06  PRESS =     0.0
 Etot   =    -43881.6436  EKtot   =     11085.4531  EPtot      =    -54967.0967
 BOND   =       327.4130  ANGLE   =       969.0628  DIHED      =      2111.8322
 1-4 NB =       474.6689  1-4 EEL =      6249.9724  VDWAALS    =      6432.2687
 EELEC  =    -71532.3147  EHBOND  =         0.0000  RESTRAINT  =         0.0000
 ------------------------------------------------------------------------------


 NSTEP =    21000   TIME(PS) =    3015.000  TEMP(K) =   297.22  PRESS =     0.0
 Etot   =    -43466.7612  EKtot   =     11017.4072  EPtot      =    -54484.1685
 BOND   =       364.5981  ANGLE   =      1030.0800  DIHED      =      2113.1009
 1-4 NB =       457.3982  1-4 EEL =      6223.9222  VDWAALS    =      6556.8845
 EELEC  =    -71230.1524  EHBOND  =         0.0000  RESTRAINT  =         0.0000
 ------------------------------------------------------------------------------


 NSTEP =    21500   TIME(PS) =    3016.000  TEMP(K) =   302.27  PRESS =     0.0
 Etot   =    -43667.4680  EKtot   =     11204.5957  EPtot      =    -54872.0637
 BOND   =       356.3515  ANGLE   =       998.2976  DIHED      =      2118.1073
 1-4 NB =       444.2328  1-4 EEL =      6205.9214  VDWAALS    =      6548.2408
 EELEC  =    -71543.2152  EHBOND  =         0.0000  RESTRAINT  =         0.0000
 ------------------------------------------------------------------------------


 NSTEP =    22000   TIME(PS) =    3017.000  TEMP(K) =   300.46  PRESS =     0.0
 Etot   =    -43715.1701  EKtot   =     11137.4678  EPtot      =    -54852.6379
 BOND   =       368.4831  ANGLE   =      1001.5938  DIHED      =      2126.4760
 1-4 NB =       455.7220  1-4 EEL =      6196.7247  VDWAALS    =      6843.8512
 EELEC  =    -71845.4886  EHBOND  =         0.0000  RESTRAINT  =         0.0000
 ------------------------------------------------------------------------------


 NSTEP =    22500   TIME(PS) =    3018.000  TEMP(K) =   302.81  PRESS =     0.0
 Etot   =    -43575.8828  EKtot   =     11224.7588  EPtot      =    -54800.6416
 BOND   =       331.9512  ANGLE   =      1008.5889  DIHED      =      2133.7998
 1-4 NB =       440.4549  1-4 EEL =      6235.1241  VDWAALS    =      6673.7362
 EELEC  =    -71624.2967  EHBOND  =         0.0000  RESTRAINT  =         0.0000
 ------------------------------------------------------------------------------


 NSTEP =    23000   TIME(PS) =    3019.000  TEMP(K) =   297.41  PRESS =     0.0
 Etot   =    -43706.0456  EKtot   =     11024.2871  EPtot      =    -54730.3327
 BOND   =       353.8100  ANGLE   =      1008.2447  DIHED      =      2111.9583
 1-4 NB =       449.5926  1-4 EEL =      6196.3178  VDWAALS    =      6541.2163
 EELEC  =    -71391.4725  EHBOND  =         0.0000  RESTRAINT  =         0.0000
 ------------------------------------------------------------------------------


 NSTEP =    23500   TIME(PS) =    3020.000  TEMP(K) =   300.76  PRESS =     0.0
 Etot   =    -43617.4753  EKtot   =     11148.7422  EPtot      =    -54766.2175
 BOND   =       355.4513  ANGLE   =       989.7235  DIHED      =      2145.5153
 1-4 NB =       465.0448  1-4 EEL =      6251.1941  VDWAALS    =      6511.6690
 EELEC  =    -71484.8155  EHBOND  =         0.0000  RESTRAINT  =         0.0000
 ------------------------------------------------------------------------------


 NSTEP =    24000   TIME(PS) =    3021.000  TEMP(K) =   303.45  PRESS =     0.0
 Etot   =    -43517.6373  EKtot   =     11248.4004  EPtot      =    -54766.0377
 BOND   =       357.3475  ANGLE   =      1004.0539  DIHED      =      2138.9654
 1-4 NB =       452.8979  1-4 EEL =      6227.3162  VDWAALS    =      6721.1263
 EELEC  =    -71667.7449  EHBOND  =         0.0000  RESTRAINT  =         0.0000
 ------------------------------------------------------------------------------


 NSTEP =    24500   TIME(PS) =    3022.000  TEMP(K) =   303.76  PRESS =     0.0
 Etot   =    -43478.5879  EKtot   =     11259.6514  EPtot      =    -54738.2393
 BOND   =       388.1210  ANGLE   =       993.2984  DIHED      =      2141.1926
 1-4 NB =       439.5587  1-4 EEL =      6179.5677  VDWAALS    =      6514.0962
 EELEC  =    -71394.0740  EHBOND  =         0.0000  RESTRAINT  =         0.0000
 ------------------------------------------------------------------------------


 NSTEP =    25000   TIME(PS) =    3023.000  TEMP(K) =   300.23  PRESS =     0.0
 Etot   =    -43775.3406  EKtot   =     11128.9092  EPtot      =    -54904.2498
 BOND   =       316.7035  ANGLE   =      1005.4435  DIHED      =      2101.9569
 1-4 NB =       451.6461  1-4 EEL =      6249.6858  VDWAALS    =      6652.6370
 EELEC  =    -71682.3226  EHBOND  =         0.0000  RESTRAINT  =         0.0000
 ------------------------------------------------------------------------------


 NSTEP =    25500   TIME(PS) =    3024.000  TEMP(K) =   303.23  PRESS =     0.0
 Etot   =    -43440.3726  EKtot   =     11240.0898  EPtot      =    -54680.4624
 BOND   =       357.3064  ANGLE   =       959.3639  DIHED      =      2112.6134
 1-4 NB =       456.7477  1-4 EEL =      6229.7734  VDWAALS    =      6589.1744
 EELEC  =    -71385.4417  EHBOND  =         0.0000  RESTRAINT  =         0.0000
 ------------------------------------------------------------------------------


 NSTEP =    26000   TIME(PS) =    3025.000  TEMP(K) =   299.54  PRESS =     0.0
 Etot   =    -43838.4261  EKtot   =     11103.3154  EPtot      =    -54941.7415
 BOND   =       367.2332  ANGLE   =       984.5857  DIHED      =      2127.7294
 1-4 NB =       456.9492  1-4 EEL =      6242.5091  VDWAALS    =      6649.3155
 EELEC  =    -71770.0634  EHBOND  =         0.0000  RESTRAINT  =         0.0000
 ------------------------------------------------------------------------------


 NSTEP =    26500   TIME(PS) =    3026.000  TEMP(K) =   298.55  PRESS =     0.0
 Etot   =    -43800.9293  EKtot   =     11066.6582  EPtot      =    -54867.5875
 BOND   =       367.4831  ANGLE   =      1011.1655  DIHED      =      2128.6226
 1-4 NB =       450.4748  1-4 EEL =      6221.8625  VDWAALS    =      6431.5628
 EELEC  =    -71478.7587  EHBOND  =         0.0000  RESTRAINT  =         0.0000
 ------------------------------------------------------------------------------


 NSTEP =    27000   TIME(PS) =    3027.000  TEMP(K) =   300.51  PRESS =     0.0
 Etot   =    -43825.8128  EKtot   =     11139.1904  EPtot      =    -54965.0033
 BOND   =       347.3589  ANGLE   =      1006.8356  DIHED      =      2135.4424
 1-4 NB =       446.7078  1-4 EEL =      6237.0984  VDWAALS    =      6596.6339
 EELEC  =    -71735.0803  EHBOND  =         0.0000  RESTRAINT  =         0.0000
 ------------------------------------------------------------------------------


 NSTEP =    27500   TIME(PS) =    3028.000  TEMP(K) =   300.15  PRESS =     0.0
 Etot   =    -43696.2091  EKtot   =     11125.8984  EPtot      =    -54822.1075
 BOND   =       350.3035  ANGLE   =       984.3651  DIHED      =      2145.2979
 1-4 NB =       445.6014  1-4 EEL =      6215.2707  VDWAALS    =      6582.0492
 EELEC  =    -71544.9954  EHBOND  =         0.0000  RESTRAINT  =         0.0000
 ------------------------------------------------------------------------------


 NSTEP =    28000   TIME(PS) =    3029.000  TEMP(K) =   298.23  PRESS =     0.0
 Etot   =    -43768.3469  EKtot   =     11054.8887  EPtot      =    -54823.2356
 BOND   =       325.0997  ANGLE   =      1021.2420  DIHED      =      2122.1491
 1-4 NB =       452.7699  1-4 EEL =      6216.4254  VDWAALS    =      6793.8784
 EELEC  =    -71754.8001  EHBOND  =         0.0000  RESTRAINT  =         0.0000
 ------------------------------------------------------------------------------


 NSTEP =    28500   TIME(PS) =    3030.000  TEMP(K) =   300.53  PRESS =     0.0
 Etot   =    -43875.0271  EKtot   =     11140.2051  EPtot      =    -55015.2322
 BOND   =       367.6913  ANGLE   =       997.1616  DIHED      =      2128.7102
 1-4 NB =       441.9067  1-4 EEL =      6170.4895  VDWAALS    =      6494.0295
 EELEC  =    -71615.2209  EHBOND  =         0.0000  RESTRAINT  =         0.0000
 ------------------------------------------------------------------------------


 NSTEP =    29000   TIME(PS) =    3031.000  TEMP(K) =   304.92  PRESS =     0.0
 Etot   =    -43512.5304  EKtot   =     11302.8379  EPtot      =    -54815.3683
 BOND   =       357.0375  ANGLE   =       993.4769  DIHED      =      2138.5661
 1-4 NB =       456.9213  1-4 EEL =      6199.3905  VDWAALS    =      6625.5141
 EELEC  =    -71586.2748  EHBOND  =         0.0000  RESTRAINT  =         0.0000
 ------------------------------------------------------------------------------


 NSTEP =    29500   TIME(PS) =    3032.000  TEMP(K) =   301.06  PRESS =     0.0
 Etot   =    -43606.8081  EKtot   =     11159.8770  EPtot      =    -54766.6851
 BOND   =       362.2652  ANGLE   =       980.8344  DIHED      =      2111.8963
 1-4 NB =       440.6535  1-4 EEL =      6213.9770  VDWAALS    =      6746.8361
 EELEC  =    -71623.1477  EHBOND  =         0.0000  RESTRAINT  =         0.0000
 ------------------------------------------------------------------------------


 NSTEP =    30000   TIME(PS) =    3033.000  TEMP(K) =   298.80  PRESS =     0.0
 Etot   =    -43816.6356  EKtot   =     11075.7754  EPtot      =    -54892.4109
 BOND   =       322.4024  ANGLE   =       999.1874  DIHED      =      2133.5883
 1-4 NB =       449.4213  1-4 EEL =      6210.9441  VDWAALS    =      6525.9753
 EELEC  =    -71533.9298  EHBOND  =         0.0000  RESTRAINT  =         0.0000
 ------------------------------------------------------------------------------


 NSTEP =    30500   TIME(PS) =    3034.000  TEMP(K) =   298.95  PRESS =     0.0
 Etot   =    -43761.0482  EKtot   =     11081.6797  EPtot      =    -54842.7279
 BOND   =       309.1659  ANGLE   =       959.6577  DIHED      =      2138.9665
 1-4 NB =       457.4871  1-4 EEL =      6173.9509  VDWAALS    =      6736.7364
 EELEC  =    -71618.6925  EHBOND  =         0.0000  RESTRAINT  =         0.0000
 ------------------------------------------------------------------------------


 NSTEP =    31000   TIME(PS) =    3035.000  TEMP(K) =   301.57  PRESS =     0.0
 Etot   =    -43538.8447  EKtot   =     11178.6514  EPtot      =    -54717.4961
 BOND   =       343.4836  ANGLE   =       986.5873  DIHED      =      2148.1333
 1-4 NB =       442.4916  1-4 EEL =      6217.7620  VDWAALS    =      6454.2514
 EELEC  =    -71310.2053  EHBOND  =         0.0000  RESTRAINT  =         0.0000
 ------------------------------------------------------------------------------


 NSTEP =    31500   TIME(PS) =    3036.000  TEMP(K) =   300.36  PRESS =     0.0
 Etot   =    -43493.8904  EKtot   =     11133.7197  EPtot      =    -54627.6101
 BOND   =       355.8840  ANGLE   =       951.0146  DIHED      =      2141.9958
 1-4 NB =       457.5687  1-4 EEL =      6192.9589  VDWAALS    =      6665.6338
 EELEC  =    -71392.6659  EHBOND  =         0.0000  RESTRAINT  =         0.0000
 ------------------------------------------------------------------------------


 NSTEP =    32000   TIME(PS) =    3037.000  TEMP(K) =   299.74  PRESS =     0.0
 Etot   =    -43593.7648  EKtot   =     11110.9307  EPtot      =    -54704.6955
 BOND   =       365.8435  ANGLE   =       933.0027  DIHED      =      2148.6709
 1-4 NB =       461.0945  1-4 EEL =      6202.1564  VDWAALS    =      6538.4237
 EELEC  =    -71353.8872  EHBOND  =         0.0000  RESTRAINT  =         0.0000
 ------------------------------------------------------------------------------


 NSTEP =    32500   TIME(PS) =    3038.000  TEMP(K) =   297.50  PRESS =     0.0
 Etot   =    -43848.1497  EKtot   =     11027.8389  EPtot      =    -54875.9886
 BOND   =       351.4188  ANGLE   =       983.0514  DIHED      =      2111.5341
 1-4 NB =       445.1888  1-4 EEL =      6211.2263  VDWAALS    =      6745.7314
 EELEC  =    -71724.1395  EHBOND  =         0.0000  RESTRAINT  =         0.0000
 ------------------------------------------------------------------------------


 NSTEP =    33000   TIME(PS) =    3039.000  TEMP(K) =   301.76  PRESS =     0.0
 Etot   =    -43526.3761  EKtot   =     11185.6582  EPtot      =    -54712.0343
 BOND   =       368.0809  ANGLE   =       967.5230  DIHED      =      2151.6159
 1-4 NB =       438.4643  1-4 EEL =      6216.4190  VDWAALS    =      6665.9412
 EELEC  =    -71520.0786  EHBOND  =         0.0000  RESTRAINT  =         0.0000
 ------------------------------------------------------------------------------


 NSTEP =    33500   TIME(PS) =    3040.000  TEMP(K) =   300.87  PRESS =     0.0
 Etot   =    -43606.4993  EKtot   =     11152.5049  EPtot      =    -54759.0041
 BOND   =       343.1205  ANGLE   =       977.4991  DIHED      =      2155.7047
 1-4 NB =       468.7313  1-4 EEL =      6242.8144  VDWAALS    =      6429.3291
 EELEC  =    -71376.2032  EHBOND  =         0.0000  RESTRAINT  =         0.0000
 ------------------------------------------------------------------------------


 NSTEP =    34000   TIME(PS) =    3041.000  TEMP(K) =   301.31  PRESS =     0.0
 Etot   =    -43704.7289  EKtot   =     11168.9941  EPtot      =    -54873.7230
 BOND   =       372.0031  ANGLE   =      1016.6443  DIHED      =      2131.9334
 1-4 NB =       445.5144  1-4 EEL =      6170.9847  VDWAALS    =      6651.8813
 EELEC  =    -71662.6842  EHBOND  =         0.0000  RESTRAINT  =         0.0000
 ------------------------------------------------------------------------------


 NSTEP =    34500   TIME(PS) =    3042.000  TEMP(K) =   297.86  PRESS =     0.0
 Etot   =    -43696.1361  EKtot   =     11041.0645  EPtot      =    -54737.2006
 BOND   =       347.2046  ANGLE   =      1021.2763  DIHED      =      2143.2360
 1-4 NB =       451.0764  1-4 EEL =      6202.7471  VDWAALS    =      6506.8893
 EELEC  =    -71409.6303  EHBOND  =         0.0000  RESTRAINT  =         0.0000
 ------------------------------------------------------------------------------


 NSTEP =    35000   TIME(PS) =    3043.000  TEMP(K) =   306.62  PRESS =     0.0
 Etot   =    -43421.9122  EKtot   =     11365.6396  EPtot      =    -54787.5518
 BOND   =       328.6597  ANGLE   =       997.0993  DIHED      =      2138.6366
 1-4 NB =       448.7666  1-4 EEL =      6206.1617  VDWAALS    =      6374.4388
 EELEC  =    -71281.3146  EHBOND  =         0.0000  RESTRAINT  =         0.0000
 ------------------------------------------------------------------------------


 NSTEP =    35500   TIME(PS) =    3044.000  TEMP(K) =   298.62  PRESS =     0.0
 Etot   =    -43418.9645  EKtot   =     11069.2734  EPtot      =    -54488.2379
 BOND   =       366.5972  ANGLE   =      1009.7520  DIHED      =      2113.2095
 1-4 NB =       431.5470  1-4 EEL =      6180.4429  VDWAALS    =      6667.3911
 EELEC  =    -71257.1777  EHBOND  =         0.0000  RESTRAINT  =         0.0000
 ------------------------------------------------------------------------------


 NSTEP =    36000   TIME(PS) =    3045.000  TEMP(K) =   300.36  PRESS =     0.0
 Etot   =    -43727.2798  EKtot   =     11133.6387  EPtot      =    -54860.9184
 BOND   =       345.2169  ANGLE   =       967.4128  DIHED      =      2125.6304
 1-4 NB =       451.4804  1-4 EEL =      6204.3781  VDWAALS    =      6555.9209
 EELEC  =    -71510.9578  EHBOND  =         0.0000  RESTRAINT  =         0.0000
 ------------------------------------------------------------------------------


 NSTEP =    36500   TIME(PS) =    3046.000  TEMP(K) =   297.13  PRESS =     0.0
 Etot   =    -43707.8346  EKtot   =     11013.9121  EPtot      =    -54721.7467
 BOND   =       349.7992  ANGLE   =       961.1069  DIHED      =      2138.5332
 1-4 NB =       455.7881  1-4 EEL =      6219.7118  VDWAALS    =      6659.8293
 EELEC  =    -71506.5153  EHBOND  =         0.0000  RESTRAINT  =         0.0000
 ------------------------------------------------------------------------------


 NSTEP =    37000   TIME(PS) =    3047.000  TEMP(K) =   303.83  PRESS =     0.0
 Etot   =    -43580.1633  EKtot   =     11262.5693  EPtot      =    -54842.7327
 BOND   =       368.1407  ANGLE   =       997.8903  DIHED      =      2129.3218
 1-4 NB =       450.2579  1-4 EEL =      6197.4637  VDWAALS    =      6741.0188
 EELEC  =    -71726.8259  EHBOND  =         0.0000  RESTRAINT  =         0.0000
 ------------------------------------------------------------------------------


 NSTEP =    37500   TIME(PS) =    3048.000  TEMP(K) =   298.67  PRESS =     0.0
 Etot   =    -43662.8272  EKtot   =     11070.9541  EPtot      =    -54733.7813
 BOND   =       362.0204  ANGLE   =      1011.7890  DIHED      =      2150.3112
 1-4 NB =       434.0455  1-4 EEL =      6190.9590  VDWAALS    =      6546.5109
 EELEC  =    -71429.4173  EHBOND  =         0.0000  RESTRAINT  =         0.0000
 ------------------------------------------------------------------------------


 NSTEP =    38000   TIME(PS) =    3049.000  TEMP(K) =   302.67  PRESS =     0.0
 Etot   =    -43451.8934  EKtot   =     11219.2930  EPtot      =    -54671.1864
 BOND   =       370.2234  ANGLE   =       980.9377  DIHED      =      2158.8761
 1-4 NB =       440.6242  1-4 EEL =      6208.8701  VDWAALS    =      6736.3876
 EELEC  =    -71567.1054  EHBOND  =         0.0000  RESTRAINT  =         0.0000
 ------------------------------------------------------------------------------


 NSTEP =    38500   TIME(PS) =    3050.000  TEMP(K) =   300.56  PRESS =     0.0
 Etot   =    -43726.6165  EKtot   =     11141.0381  EPtot      =    -54867.6545
 BOND   =       356.4408  ANGLE   =       967.7122  DIHED      =      2143.4811
 1-4 NB =       456.8772  1-4 EEL =      6201.3825  VDWAALS    =      6549.0249
 EELEC  =    -71542.5732  EHBOND  =         0.0000  RESTRAINT  =         0.0000
 ------------------------------------------------------------------------------


 NSTEP =    39000   TIME(PS) =    3051.000  TEMP(K) =   296.27  PRESS =     0.0
 Etot   =    -43768.4283  EKtot   =     10982.3428  EPtot      =    -54750.7711
 BOND   =       349.9502  ANGLE   =      1026.4621  DIHED      =      2123.2829
 1-4 NB =       450.8318  1-4 EEL =      6181.2097  VDWAALS    =      6608.1975
 EELEC  =    -71490.7053  EHBOND  =         0.0000  RESTRAINT  =         0.0000
 ------------------------------------------------------------------------------


 NSTEP =    39500   TIME(PS) =    3052.000  TEMP(K) =   297.63  PRESS =     0.0
 Etot   =    -43804.4300  EKtot   =     11032.5439  EPtot      =    -54836.9740
 BOND   =       364.9638  ANGLE   =       963.7044  DIHED      =      2135.8330
 1-4 NB =       455.6519  1-4 EEL =      6239.2185  VDWAALS    =      6587.0362
 EELEC  =    -71583.3817  EHBOND  =         0.0000  RESTRAINT  =         0.0000
 ------------------------------------------------------------------------------


 NSTEP =    40000   TIME(PS) =    3053.000  TEMP(K) =   299.74  PRESS =     0.0
 Etot   =    -43694.9609  EKtot   =     11110.7109  EPtot      =    -54805.6718
 BOND   =       365.3889  ANGLE   =      1024.0901  DIHED      =      2133.9510
 1-4 NB =       425.3682  1-4 EEL =      6178.7751  VDWAALS    =      6272.3284
 EELEC  =    -71205.5736  EHBOND  =         0.0000  RESTRAINT  =         0.0000
 ------------------------------------------------------------------------------


 NSTEP =    40500   TIME(PS) =    3054.000  TEMP(K) =   299.39  PRESS =     0.0
 Etot   =    -43793.6876  EKtot   =     11097.9727  EPtot      =    -54891.6603
 BOND   =       342.3806  ANGLE   =      1016.0399  DIHED      =      2118.1075
 1-4 NB =       455.3149  1-4 EEL =      6196.5899  VDWAALS    =      6529.2741
 EELEC  =    -71549.3671  EHBOND  =         0.0000  RESTRAINT  =         0.0000
 ------------------------------------------------------------------------------


 NSTEP =    41000   TIME(PS) =    3055.000  TEMP(K) =   296.38  PRESS =     0.0
 Etot   =    -44080.4869  EKtot   =     10986.1904  EPtot      =    -55066.6773
 BOND   =       350.1776  ANGLE   =       976.3276  DIHED      =      2133.6495
 1-4 NB =       448.4700  1-4 EEL =      6241.2696  VDWAALS    =      6607.7505
 EELEC  =    -71824.3222  EHBOND  =         0.0000  RESTRAINT  =         0.0000
 ------------------------------------------------------------------------------


 NSTEP =    41500   TIME(PS) =    3056.000  TEMP(K) =   297.68  PRESS =     0.0
 Etot   =    -43821.2692  EKtot   =     11034.3545  EPtot      =    -54855.6237
 BOND   =       353.4970  ANGLE   =      1011.8288  DIHED      =      2144.8579
 1-4 NB =       442.0854  1-4 EEL =      6197.0658  VDWAALS    =      6592.4131
 EELEC  =    -71597.3717  EHBOND  =         0.0000  RESTRAINT  =         0.0000
 ------------------------------------------------------------------------------


 NSTEP =    42000   TIME(PS) =    3057.000  TEMP(K) =   298.56  PRESS =     0.0
 Etot   =    -43593.5803  EKtot   =     11067.0566  EPtot      =    -54660.6370
 BOND   =       383.1435  ANGLE   =      1020.9636  DIHED      =      2156.1747
 1-4 NB =       431.2685  1-4 EEL =      6226.3206  VDWAALS    =      6472.9856
 EELEC  =    -71351.4935  EHBOND  =         0.0000  RESTRAINT  =         0.0000
 ------------------------------------------------------------------------------


 NSTEP =    42500   TIME(PS) =    3058.000  TEMP(K) =   300.51  PRESS =     0.0
 Etot   =    -43693.1271  EKtot   =     11139.4473  EPtot      =    -54832.5743
 BOND   =       353.2513  ANGLE   =       991.8649  DIHED      =      2138.6864
 1-4 NB =       437.1522  1-4 EEL =      6188.6764  VDWAALS    =      6626.7339
 EELEC  =    -71568.9394  EHBOND  =         0.0000  RESTRAINT  =         0.0000
 ------------------------------------------------------------------------------


 NSTEP =    43000   TIME(PS) =    3059.000  TEMP(K) =   295.95  PRESS =     0.0
 Etot   =    -43781.0964  EKtot   =     10970.1738  EPtot      =    -54751.2702
 BOND   =       388.0789  ANGLE   =       978.4805  DIHED      =      2126.9261
 1-4 NB =       448.3668  1-4 EEL =      6202.3770  VDWAALS    =      6554.6656
 EELEC  =    -71450.1651  EHBOND  =         0.0000  RESTRAINT  =         0.0000
 ------------------------------------------------------------------------------


 NSTEP =    43500   TIME(PS) =    3060.000  TEMP(K) =   299.47  PRESS =     0.0
 Etot   =    -43747.8838  EKtot   =     11100.8887  EPtot      =    -54848.7725
 BOND   =       335.5916  ANGLE   =      1054.0588  DIHED      =      2133.6950
 1-4 NB =       444.5143  1-4 EEL =      6203.2118  VDWAALS    =      6663.8586
 EELEC  =    -71683.7027  EHBOND  =         0.0000  RESTRAINT  =         0.0000
 ------------------------------------------------------------------------------


 NSTEP =    44000   TIME(PS) =    3061.000  TEMP(K) =   302.09  PRESS =     0.0
 Etot   =    -43696.2854  EKtot   =     11198.0518  EPtot      =    -54894.3372
 BOND   =       357.2792  ANGLE   =       972.0764  DIHED      =      2122.6948
 1-4 NB =       454.3246  1-4 EEL =      6200.7860  VDWAALS    =      6631.0959
 EELEC  =    -71632.5941  EHBOND  =         0.0000  RESTRAINT  =         0.0000
 ------------------------------------------------------------------------------


 NSTEP =    44500   TIME(PS) =    3062.000  TEMP(K) =   299.09  PRESS =     0.0
 Etot   =    -43858.8912  EKtot   =     11086.6631  EPtot      =    -54945.5542
 BOND   =       324.3016  ANGLE   =      1023.8921  DIHED      =      2113.5378
 1-4 NB =       446.9976  1-4 EEL =      6186.5062  VDWAALS    =      6496.8718
 EELEC  =    -71537.6613  EHBOND  =         0.0000  RESTRAINT  =         0.0000
 ------------------------------------------------------------------------------


 NSTEP =    45000   TIME(PS) =    3063.000  TEMP(K) =   300.51  PRESS =     0.0
 Etot   =    -43757.6348  EKtot   =     11139.3721  EPtot      =    -54897.0069
 BOND   =       371.5910  ANGLE   =       960.6051  DIHED      =      2153.6571
 1-4 NB =       445.3061  1-4 EEL =      6161.5115  VDWAALS    =      6613.2490
 EELEC  =    -71602.9268  EHBOND  =         0.0000  RESTRAINT  =         0.0000
 ------------------------------------------------------------------------------


 NSTEP =    45500   TIME(PS) =    3064.000  TEMP(K) =   302.22  PRESS =     0.0
 Etot   =    -43789.5537  EKtot   =     11202.7490  EPtot      =    -54992.3027
 BOND   =       325.6216  ANGLE   =      1006.9323  DIHED      =      2156.2278
 1-4 NB =       435.9661  1-4 EEL =      6205.0325  VDWAALS    =      6709.6048
 EELEC  =    -71831.6878  EHBOND  =         0.0000  RESTRAINT  =         0.0000
 ------------------------------------------------------------------------------


 NSTEP =    46000   TIME(PS) =    3065.000  TEMP(K) =   301.70  PRESS =     0.0
 Etot   =    -43538.9387  EKtot   =     11183.3818  EPtot      =    -54722.3205
 BOND   =       368.2550  ANGLE   =      1027.0165  DIHED      =      2124.3895
 1-4 NB =       435.7333  1-4 EEL =      6197.1727  VDWAALS    =      6476.5438
 EELEC  =    -71351.4313  EHBOND  =         0.0000  RESTRAINT  =         0.0000
 ------------------------------------------------------------------------------


 NSTEP =    46500   TIME(PS) =    3066.000  TEMP(K) =   303.00  PRESS =     0.0
 Etot   =    -43287.9532  EKtot   =     11231.5879  EPtot      =    -54519.5411
 BOND   =       345.3320  ANGLE   =      1005.2822  DIHED      =      2135.9775
 1-4 NB =       453.1664  1-4 EEL =      6217.5831  VDWAALS    =      6494.7026
 EELEC  =    -71171.5850  EHBOND  =         0.0000  RESTRAINT  =         0.0000
 ------------------------------------------------------------------------------


 NSTEP =    47000   TIME(PS) =    3067.000  TEMP(K) =   301.74  PRESS =     0.0
 Etot   =    -43399.0134  EKtot   =     11184.7646  EPtot      =    -54583.7780
 BOND   =       369.1696  ANGLE   =      1020.8224  DIHED      =      2129.1673
 1-4 NB =       458.3664  1-4 EEL =      6203.6674  VDWAALS    =      6347.0085
 EELEC  =    -71111.9797  EHBOND  =         0.0000  RESTRAINT  =         0.0000
 ------------------------------------------------------------------------------


 NSTEP =    47500   TIME(PS) =    3068.000  TEMP(K) =   299.84  PRESS =     0.0
 Etot   =    -43449.3509  EKtot   =     11114.3516  EPtot      =    -54563.7024
 BOND   =       359.4916  ANGLE   =      1005.1925  DIHED      =      2138.5598
 1-4 NB =       443.9159  1-4 EEL =      6197.3104  VDWAALS    =      6663.8292
 EELEC  =    -71372.0019  EHBOND  =         0.0000  RESTRAINT  =         0.0000
 ------------------------------------------------------------------------------


 NSTEP =    48000   TIME(PS) =    3069.000  TEMP(K) =   300.68  PRESS =     0.0
 Etot   =    -43466.2066  EKtot   =     11145.5254  EPtot      =    -54611.7320
 BOND   =       379.9403  ANGLE   =       980.9908  DIHED      =      2135.5771
 1-4 NB =       444.7253  1-4 EEL =      6181.8727  VDWAALS    =      6493.0896
 EELEC  =    -71227.9279  EHBOND  =         0.0000  RESTRAINT  =         0.0000
 ------------------------------------------------------------------------------


 NSTEP =    48500   TIME(PS) =    3070.000  TEMP(K) =   297.68  PRESS =     0.0
 Etot   =    -43757.0993  EKtot   =     11034.3760  EPtot      =    -54791.4753
 BOND   =       395.9278  ANGLE   =      1016.1380  DIHED      =      2168.6315
 1-4 NB =       441.3817  1-4 EEL =      6205.0437  VDWAALS    =      6874.7173
 EELEC  =    -71893.3153  EHBOND  =         0.0000  RESTRAINT  =         0.0000
 ------------------------------------------------------------------------------


 NSTEP =    49000   TIME(PS) =    3071.000  TEMP(K) =   299.89  PRESS =     0.0
 Etot   =    -43819.7501  EKtot   =     11116.5273  EPtot      =    -54936.2774
 BOND   =       358.1713  ANGLE   =       997.6669  DIHED      =      2093.9637
 1-4 NB =       436.5642  1-4 EEL =      6186.5792  VDWAALS    =      6682.9527
 EELEC  =    -71692.1755  EHBOND  =         0.0000  RESTRAINT  =         0.0000
 ------------------------------------------------------------------------------


 NSTEP =    49500   TIME(PS) =    3072.000  TEMP(K) =   299.90  PRESS =     0.0
 Etot   =    -43666.8905  EKtot   =     11116.7812  EPtot      =    -54783.6718
 BOND   =       352.8873  ANGLE   =      1016.7620  DIHED      =      2140.9233
 1-4 NB =       454.6774  1-4 EEL =      6237.4689  VDWAALS    =      6565.7600
 EELEC  =    -71552.1507  EHBOND  =         0.0000  RESTRAINT  =         0.0000
 ------------------------------------------------------------------------------


 NSTEP =    50000   TIME(PS) =    3073.000  TEMP(K) =   302.42  PRESS =     0.0
 Etot   =    -43682.8981  EKtot   =     11210.0059  EPtot      =    -54892.9040
 BOND   =       334.4923  ANGLE   =       983.2155  DIHED      =      2147.1772
 1-4 NB =       453.5587  1-4 EEL =      6202.7433  VDWAALS    =      6424.8008
 EELEC  =    -71438.8919  EHBOND  =         0.0000  RESTRAINT  =         0.0000
 ------------------------------------------------------------------------------


      A V E R A G E S   O V E R     100 S T E P S


 NSTEP =    50000   TIME(PS) =    3073.000  TEMP(K) =   300.17  PRESS =     0.0
 Etot   =    -43660.9084  EKtot   =     11126.6409  EPtot      =    -54787.5492
 BOND   =       355.5753  ANGLE   =       991.3749  DIHED      =      2133.8280
 1-4 NB =       448.1890  1-4 EEL =      6209.7731  VDWAALS    =      6565.3983
 EELEC  =    -71491.6878  EHBOND  =         0.0000  RESTRAINT  =         0.0000
 ------------------------------------------------------------------------------


      R M S  F L U C T U A T I O N S


 NSTEP =    50000   TIME(PS) =    3073.000  TEMP(K) =     2.16  PRESS =     0.0
 Etot   =       143.8957  EKtot   =        79.9403  EPtot      =       119.0131
 BOND   =        17.0959  ANGLE   =        23.6875  DIHED      =        13.6658
 1-4 NB =         9.0602  1-4 EEL =        21.3076  VDWAALS    =       124.1867
 EELEC  =       183.4969  EHBOND  =         0.0000  RESTRAINT  =         0.0000
 ------------------------------------------------------------------------------

--------------------------------------------------------------------------------
   5.  TIMINGS
--------------------------------------------------------------------------------

|  NonSetup CPU Time in Major Routines:
|
|     Routine           Sec        %
|     ------------------------------
|     Nonbond           5.52    8.39
|     Bond              0.00    0.00
|     Angle             0.00    0.00
|     Dihedral          0.00    0.00
|     Shake             0.22    0.33
|     RunMD            59.99   91.21
|     Other             0.04    0.06
|     ------------------------------
|     Total            65.77

|  PME Nonbond Pairlist CPU Time:
|
|     Routine              Sec        %
|     ---------------------------------
|     Set Up Cit           0.00    0.00
|     Build List           0.00    0.00
|     ---------------------------------
|     Total                0.00    0.00

|  PME Direct Force CPU Time:
|
|     Routine              Sec        %
|     ---------------------------------
|     NonBonded Calc       0.00    0.00
|     Exclude Masked       0.00    0.00
|     Other                0.01    0.01
|     ---------------------------------
|     Total                0.01    0.01

|  PME Reciprocal Force CPU Time:
|
|     Routine              Sec        %
|     ---------------------------------
|     1D bspline           0.00    0.00
|     Grid Charges         0.00    0.00
|     Scalar Sum           0.00    0.00
|     Gradient Sum         0.00    0.00
|     FFT                  0.00    0.00
|     ---------------------------------
|     Total                0.00    0.00

|  Final Performance Info:
|     -----------------------------------------------------
|     Average timings for last    4000 steps:
|     Elapsed(s) =       5.27 Per Step(ms) =       1.32
|         ns/day =     131.27   seconds/ns =     658.20
|
|     Average timings for all steps:
|     Elapsed(s) =      65.87 Per Step(ms) =       1.32
|         ns/day =     131.16   seconds/ns =     658.72
|     -----------------------------------------------------

|  Setup CPU time:            0.48 seconds
|  NonSetup CPU time:        65.77 seconds
|  Total CPU time:           66.25 seconds     0.02 hours

|  Setup wall time:           1    seconds
|  NonSetup wall time:       66    seconds
|  Total wall time:          67    seconds     0.02 hours
