
          -------------------------------------------------------
          Amber 16 PMEMD                              2016
          -------------------------------------------------------

| PMEMD implementation of SANDER, Release 16

| Run on 07/04/2017 at 00:36:08

|   Executable path: pmemd.cuda
| Working directory: /home/german/obp/run/mu_eol/mhe/e
|          Hostname: Unknown
  [-O]verwriting output

File Assignments:
|   MDIN: 3equ.in                                                               
|  MDOUT: 3equ.out                                                              
| INPCRD: 2emu_eol.rst7                                                         
|   PARM: /home/german/obp/top_files/mu_eol.prmtop                              
| RESTRT: 3emu_eol.rst7                                                         
|   REFC: 2emu_eol.rst7                                                         
|  MDVEL: mdvel                                                                 
|   MDEN: mden                                                                  
|  MDCRD: 3emu_eol.nc                                                           
| MDINFO: mdinfo                                                                
|  MDFRC: mdfrc                                                                 


 Here is the input file:

Equilibration with solute restrictions                                         
&cntrl                                                                         
imin = 0,                           ! No Minimization                          
nmropt = 0,                         ! No NMR restraints read                   
                                                                               
! Nature and format of the input                                               
ntx = 5,                            ! Coordinates but no velocities will be rea
irest = 1,                          ! Do not run a new simulation              
                                                                               
! Nature and format of the output                                              
ntxo = 1,                           ! rstrt file in ASCII format               
ntpr = 500,                         ! inf in output every ntpr steps           
ntwr = 500,                         ! rstrt file every ntwr steps              
ntwx = 500,                         ! mdcrd file every ntwx steps              
ntwv = 0,                           ! mdvel without velocities                 
ntwe = 0,                           ! Energies and temperatures not written in 
idecomp = 0,                        ! No energy decomposition                  
iwrap = 1,                          ! Coordinates of the restart and mdcrd file
                                                                               
! Frozen or restrained atoms                                                   
ibelly = 0,                         ! No frozen atoms                          
ntr=1,                              ! Harmonic potential restraints            
restraint_wt = 30.0,                ! The weight for the positional restraints 
restraintmask = ':1-120@N,CA,C,O',  ! restrained residues                      
                                                                               
! Molecular dynamics                                                           
nstlim = 50000,                     ! Number of MD-steps                       
dt = 0.002,                         ! Time step                                
                                                                               
! Temperature regulation                                                       
ntt = 3,                            ! Langevin thermostat                      
gamma_ln = 5,                       ! Gamma constant for Langevin              
!temp0 = 300.0,                     ! Reference T at which the system is to be 
tempi = 300.0,                      ! Initial T                                
ig = -1,                            ! Seed for the RNG                         
                                                                               
! P and V regulation                                                           
ntp = 1,                            ! Constant P. Isotropic scaling            
barostat = 1,                       ! Berendsen barostat                       
taup = 1,                           ! Pressure relaxation time                 
nrespa = 1,                         ! Evaluate at each step                    
ntb = 2,                            ! Periodic box for constant P              
                                                                               
! SHAKE variables                                                              
ntc = 2,                            ! Bonds involving H are constrained        
ntf = 2,                            ! Bond interaction involving H are ommited.
                                                                               
cut = 10.0,                         ! Nonbonded cutoff                         
/                                                                              
&end                                                                           


Note: ig = -1. Setting random seed to   227223 based on wallclock time in 
      microseconds.
 
|--------------------- INFORMATION ----------------------
| GPU (CUDA) Version of PMEMD in use: NVIDIA GPU IN USE.
|                    Version 16.0.0
| 
|                      02/25/2016
| 
| Implementation by:
|                    Ross C. Walker     (SDSC)
|                    Scott Le Grand     (nVIDIA)
| 
| Precision model in use:
|      [SPFP] - Single Precision Forces, 64-bit Fixed Point
|               Accumulation. (Default)
| 
|--------------------------------------------------------
 
|----------------- CITATION INFORMATION -----------------
|
|    When publishing work that utilized the CUDA version
|    of AMBER, please cite the following in addition to
|    the regular AMBER citations:
|
|  - Romelia Salomon-Ferrer; Andreas W. Goetz; Duncan
|    Poole; Scott Le Grand; Ross C. Walker "Routine
|    microsecond molecular dynamics simulations with
|    AMBER - Part II: Particle Mesh Ewald", J. Chem.
|    Theory Comput., 2013, 9 (9), pp3878-3888,
|    DOI: 10.1021/ct400314y.
|
|  - Andreas W. Goetz; Mark J. Williamson; Dong Xu;
|    Duncan Poole; Scott Le Grand; Ross C. Walker
|    "Routine microsecond molecular dynamics simulations
|    with AMBER - Part I: Generalized Born", J. Chem.
|    Theory Comput., 2012, 8 (5), pp1542-1555.
|
|  - Scott Le Grand; Andreas W. Goetz; Ross C. Walker
|    "SPFP: Speed without compromise - a mixed precision
|    model for GPU accelerated molecular dynamics
|    simulations.", Comp. Phys. Comm., 2013, 184
|    pp374-380, DOI: 10.1016/j.cpc.2012.09.022
|
|--------------------------------------------------------
 
|------------------- GPU DEVICE INFO --------------------
|
|            CUDA_VISIBLE_DEVICES: 1
|   CUDA Capable Devices Detected:      1
|           CUDA Device ID in use:      0
|                CUDA Device Name: GeForce GTX 1060 6GB
|     CUDA Device Global Mem Size:   6072 MB
| CUDA Device Num Multiprocessors:     10
|           CUDA Device Core Freq:   1.76 GHz
|
|--------------------------------------------------------
 
 
| Conditional Compilation Defines Used:
| PUBFFT
| BINTRAJ
| CUDA
| EMIL

| Largest sphere to fit in unit cell has radius =    26.729

| New format PARM file being parsed.
| Version =    1.000 Date = 02/20/15 Time = 17:35:03

| Note: 1-4 EEL scale factors are being read from the topology file.

| Note: 1-4 VDW scale factors are being read from the topology file.
| Duplicated    0 dihedrals

| Duplicated    0 dihedrals

--------------------------------------------------------------------------------
   1.  RESOURCE   USE: 
--------------------------------------------------------------------------------

 getting new box info from bottom of inpcrd
 NATOM  =   18178 NTYPES =      18 NBONH =   17227 MBONA  =     955
 NTHETH =    2228 MTHETA =    1282 NPHIH =    4328 MPHIA  =    4367
 NHPARM =       0 NPARM  =       0 NNB   =   32287 NRES   =    5542
 NBONA  =     955 NTHETA =    1282 NPHIA =    4367 NUMBND =      72
 NUMANG =     151 NPTRA  =     245 NATYP =      42 NPHB   =       1
 IFBOX  =       1 NMXRS  =      24 IFCAP =       0 NEXTRA =       0
 NCOPY  =       0

| Coordinate Index Table dimensions:    10   11    9
| Direct force subcell size =     5.5309    5.5857    5.9398

     BOX TYPE: RECTILINEAR

--------------------------------------------------------------------------------
   2.  CONTROL  DATA  FOR  THE  RUN
--------------------------------------------------------------------------------

default_name                                                                    

General flags:
     imin    =       0, nmropt  =       0

Nature and format of input:
     ntx     =       5, irest   =       1, ntrx    =       1

Nature and format of output:
     ntxo    =       1, ntpr    =     500, ntrx    =       1, ntwr    =     500
     iwrap   =       1, ntwx    =     500, ntwv    =       0, ntwe    =       0
     ioutfm  =       1, ntwprt  =       0, idecomp =       0, rbornstat=      0

Potential function:
     ntf     =       2, ntb     =       2, igb     =       0, nsnb    =      25
     ipol    =       0, gbsa    =       0, iesp    =       0
     dielc   =   1.00000, cut     =  10.00000, intdiel =   1.00000

Frozen or restrained atoms:
     ibelly  =       0, ntr     =       1
     restraint_wt =  30.00000

Molecular dynamics:
     nstlim  =     50000, nscm    =         0, nrespa  =         1
     t       =   0.00000, dt      =   0.00200, vlimit  =  -1.00000

Langevin dynamics temperature regulation:
     ig      =  227223
     temp0   = 300.00000, tempi   = 300.00000, gamma_ln=   5.00000

Pressure regulation:
     ntp     =       1
     pres0   =   1.00000, comp    =  44.60000, taup    =   1.00000

SHAKE:
     ntc     =       2, jfastw  =       0
     tol     =   0.00001

| Intermolecular bonds treatment:
|     no_intermolecular_bonds =       1

| Energy averages sample interval:
|     ene_avg_sampling =     500

Ewald parameters:
     verbose =       0, ew_type =       0, nbflag  =       1, use_pme =       1
     vdwmeth =       1, eedmeth =       1, netfrc  =       1
     Box X =   55.309   Box Y =   61.443   Box Z =   53.458
     Alpha =   90.000   Beta  =   90.000   Gamma =   90.000
     NFFT1 =   56       NFFT2 =   64       NFFT3 =   56
     Cutoff=   10.000   Tol   =0.100E-04
     Ewald Coefficient =  0.27511
     Interpolation order =    4

    LOADING THE CONSTRAINED ATOMS AS GROUPS


   5.  REFERENCE ATOM COORDINATES

  default_name                                                                    
     Mask :1-120@N,CA,C,O; matches   476 atoms

--------------------------------------------------------------------------------
   3.  ATOMIC COORDINATES AND VELOCITIES
--------------------------------------------------------------------------------

default_name                                                                    
 begin time read from input coords =   273.000 ps

 
 Number of triangulated 3-point waters found:     5419

     Sum of charges from parm topology file =  -0.00000006
     Forcing neutrality...

| Dynamic Memory, Types Used:
| Reals              919375
| Integers           639592

| Nonbonded Pairs Initial Allocation:     5498390

| GPU memory information (estimate):
| KB of GPU memory in use:    116285
| KB of CPU memory in use:     23861

--------------------------------------------------------------------------------
   4.  RESULTS
--------------------------------------------------------------------------------

 ---------------------------------------------------
 APPROXIMATING switch and d/dx switch using CUBIC SPLINE INTERPOLATION
 using   5000.0 points per unit in tabled values
 TESTING RELATIVE ERROR over r ranging from 0.0 to cutoff
| CHECK switch(x): max rel err =   0.2738E-14   at   2.422500
| CHECK d/dx switch(x): max rel err =   0.8314E-11   at   2.736960
 ---------------------------------------------------
|---------------------------------------------------
| APPROXIMATING direct energy using CUBIC SPLINE INTERPOLATION
|  with   50.0 points per unit in tabled values
| Relative Error Limit not exceeded for r .gt.   2.33
| APPROXIMATING direct force using CUBIC SPLINE INTERPOLATION
|  with   50.0 points per unit in tabled values
| Relative Error Limit not exceeded for r .gt.   2.80
|---------------------------------------------------

 NSTEP =      500   TIME(PS) =     274.000  TEMP(K) =   304.08  PRESS =   -48.7
 Etot   =    -43466.3727  EKtot   =     11271.5752  EPtot      =    -54737.9479
 BOND   =       336.7014  ANGLE   =      1001.3081  DIHED      =      2134.2431
 1-4 NB =       452.6889  1-4 EEL =      6304.9073  VDWAALS    =      6564.3494
 EELEC  =    -71688.6317  EHBOND  =         0.0000  RESTRAINT  =       156.4856
 EAMBER (non-restraint)  =    -54894.4335
 EKCMT  =      4929.2249  VIRIAL  =      5120.2788  VOLUME     =    181525.5670
                                                    Density    =         1.0184
 ------------------------------------------------------------------------------


 NSTEP =     1000   TIME(PS) =     275.000  TEMP(K) =   303.13  PRESS =  -309.7
 Etot   =    -43337.7867  EKtot   =     11236.6230  EPtot      =    -54574.4098
 BOND   =       358.2992  ANGLE   =       926.9393  DIHED      =      2147.4343
 1-4 NB =       453.4338  1-4 EEL =      6282.2070  VDWAALS    =      6333.8520
 EELEC  =    -71223.8769  EHBOND  =         0.0000  RESTRAINT  =       147.3015
 EAMBER (non-restraint)  =    -54721.7113
 EKCMT  =      4904.1697  VIRIAL  =      6118.9782  VOLUME     =    181652.8364
                                                    Density    =         1.0177
 ------------------------------------------------------------------------------


 NSTEP =     1500   TIME(PS) =     276.000  TEMP(K) =   300.84  PRESS =     8.4
 Etot   =    -43505.0331  EKtot   =     11151.6611  EPtot      =    -54656.6943
 BOND   =       325.6673  ANGLE   =       992.1253  DIHED      =      2114.9688
 1-4 NB =       442.9392  1-4 EEL =      6294.0463  VDWAALS    =      6415.5983
 EELEC  =    -71395.0825  EHBOND  =         0.0000  RESTRAINT  =       153.0430
 EAMBER (non-restraint)  =    -54809.7372
 EKCMT  =      4928.6514  VIRIAL  =      4895.7014  VOLUME     =    181411.8520
                                                    Density    =         1.0191
 ------------------------------------------------------------------------------


 NSTEP =     2000   TIME(PS) =     277.000  TEMP(K) =   299.39  PRESS =  -246.4
 Etot   =    -43576.5605  EKtot   =     11097.8535  EPtot      =    -54674.4140
 BOND   =       339.4162  ANGLE   =       989.0532  DIHED      =      2140.9122
 1-4 NB =       447.6169  1-4 EEL =      6257.7676  VDWAALS    =      6532.3881
 EELEC  =    -71532.9169  EHBOND  =         0.0000  RESTRAINT  =       151.3487
 EAMBER (non-restraint)  =    -54825.7627
 EKCMT  =      4865.3176  VIRIAL  =      5828.4133  VOLUME     =    181007.1819
                                                    Density    =         1.0213
 ------------------------------------------------------------------------------


 NSTEP =     2500   TIME(PS) =     278.000  TEMP(K) =   300.97  PRESS =   202.8
 Etot   =    -43540.9816  EKtot   =     11156.4707  EPtot      =    -54697.4523
 BOND   =       329.9516  ANGLE   =       940.6681  DIHED      =      2149.7546
 1-4 NB =       454.3954  1-4 EEL =      6269.3155  VDWAALS    =      6673.5027
 EELEC  =    -71677.2191  EHBOND  =         0.0000  RESTRAINT  =       162.1790
 EAMBER (non-restraint)  =    -54859.6313
 EKCMT  =      4905.5404  VIRIAL  =      4110.5961  VOLUME     =    181568.9299
                                                    Density    =         1.0182
 ------------------------------------------------------------------------------


 NSTEP =     3000   TIME(PS) =     279.000  TEMP(K) =   300.98  PRESS =    65.4
 Etot   =    -43354.3045  EKtot   =     11156.8867  EPtot      =    -54511.1913
 BOND   =       352.4706  ANGLE   =      1010.9961  DIHED      =      2128.5746
 1-4 NB =       452.4182  1-4 EEL =      6298.0737  VDWAALS    =      6577.1471
 EELEC  =    -71490.4241  EHBOND  =         0.0000  RESTRAINT  =       159.5526
 EAMBER (non-restraint)  =    -54670.7438
 EKCMT  =      4845.4796  VIRIAL  =      4589.4551  VOLUME     =    181415.3316
                                                    Density    =         1.0190
 ------------------------------------------------------------------------------


 NSTEP =     3500   TIME(PS) =     280.000  TEMP(K) =   301.50  PRESS =   115.9
 Etot   =    -43545.6983  EKtot   =     11175.8682  EPtot      =    -54721.5665
 BOND   =       348.8884  ANGLE   =       931.9268  DIHED      =      2126.9606
 1-4 NB =       446.6679  1-4 EEL =      6242.8495  VDWAALS    =      6525.7526
 EELEC  =    -71520.6144  EHBOND  =         0.0000  RESTRAINT  =       176.0023
 EAMBER (non-restraint)  =    -54897.5687
 EKCMT  =      4906.1739  VIRIAL  =      4453.3670  VOLUME     =    180970.4356
                                                    Density    =         1.0215
 ------------------------------------------------------------------------------


 NSTEP =     4000   TIME(PS) =     281.000  TEMP(K) =   302.21  PRESS =    41.3
 Etot   =    -43387.2254  EKtot   =     11202.2217  EPtot      =    -54589.4471
 BOND   =       349.8853  ANGLE   =       998.4749  DIHED      =      2134.2240
 1-4 NB =       455.8232  1-4 EEL =      6272.9582  VDWAALS    =      6433.8935
 EELEC  =    -71391.6380  EHBOND  =         0.0000  RESTRAINT  =       156.9318
 EAMBER (non-restraint)  =    -54746.3789
 EKCMT  =      4908.3423  VIRIAL  =      4746.5747  VOLUME     =    181283.7975
                                                    Density    =         1.0198
 ------------------------------------------------------------------------------


 NSTEP =     4500   TIME(PS) =     282.000  TEMP(K) =   301.69  PRESS =   -20.1
 Etot   =    -43592.9211  EKtot   =     11183.0137  EPtot      =    -54775.9348
 BOND   =       340.5341  ANGLE   =       943.7312  DIHED      =      2140.5935
 1-4 NB =       449.2286  1-4 EEL =      6256.1065  VDWAALS    =      6512.6622
 EELEC  =    -71579.2848  EHBOND  =         0.0000  RESTRAINT  =       160.4938
 EAMBER (non-restraint)  =    -54936.4286
 EKCMT  =      4956.0475  VIRIAL  =      5034.7780  VOLUME     =    181264.9080
                                                    Density    =         1.0199
 ------------------------------------------------------------------------------


 NSTEP =     5000   TIME(PS) =     283.000  TEMP(K) =   300.63  PRESS =   212.6
 Etot   =    -43643.3302  EKtot   =     11143.8193  EPtot      =    -54787.1495
 BOND   =       318.9192  ANGLE   =       978.7650  DIHED      =      2141.6069
 1-4 NB =       439.1980  1-4 EEL =      6226.5716  VDWAALS    =      6660.9034
 EELEC  =    -71719.8885  EHBOND  =         0.0000  RESTRAINT  =       166.7750
 EAMBER (non-restraint)  =    -54953.9245
 EKCMT  =      4800.0784  VIRIAL  =      3966.8932  VOLUME     =    181486.2197
                                                    Density    =         1.0186
 ------------------------------------------------------------------------------


 NSTEP =     5500   TIME(PS) =     284.000  TEMP(K) =   303.63  PRESS =   155.2
 Etot   =    -43407.0036  EKtot   =     11255.1318  EPtot      =    -54662.1355
 BOND   =       358.8337  ANGLE   =       990.2307  DIHED      =      2159.1377
 1-4 NB =       443.4893  1-4 EEL =      6253.0406  VDWAALS    =      6611.7911
 EELEC  =    -71654.5948  EHBOND  =         0.0000  RESTRAINT  =       175.9363
 EAMBER (non-restraint)  =    -54838.0717
 EKCMT  =      4935.4858  VIRIAL  =      4327.3414  VOLUME     =    181482.5553
                                                    Density    =         1.0187
 ------------------------------------------------------------------------------


 NSTEP =     6000   TIME(PS) =     285.000  TEMP(K) =   299.59  PRESS =   182.9
 Etot   =    -43591.4455  EKtot   =     11105.1758  EPtot      =    -54696.6213
 BOND   =       347.5735  ANGLE   =       989.6018  DIHED      =      2135.9434
 1-4 NB =       462.6295  1-4 EEL =      6290.5778  VDWAALS    =      6635.6984
 EELEC  =    -71733.3437  EHBOND  =         0.0000  RESTRAINT  =       174.6980
 EAMBER (non-restraint)  =    -54871.3193
 EKCMT  =      4868.0152  VIRIAL  =      4153.1446  VOLUME     =    181063.2756
                                                    Density    =         1.0210
 ------------------------------------------------------------------------------


 NSTEP =     6500   TIME(PS) =     286.000  TEMP(K) =   300.12  PRESS =  -334.6
 Etot   =    -43628.6252  EKtot   =     11124.9092  EPtot      =    -54753.5344
 BOND   =       342.7344  ANGLE   =      1010.7730  DIHED      =      2144.7991
 1-4 NB =       438.2017  1-4 EEL =      6257.3795  VDWAALS    =      6285.6170
 EELEC  =    -71394.6951  EHBOND  =         0.0000  RESTRAINT  =       161.6561
 EAMBER (non-restraint)  =    -54915.1905
 EKCMT  =      4905.0110  VIRIAL  =      6208.3557  VOLUME     =    180433.6785
                                                    Density    =         1.0246
 ------------------------------------------------------------------------------


 NSTEP =     7000   TIME(PS) =     287.000  TEMP(K) =   301.14  PRESS =    97.0
 Etot   =    -43474.6290  EKtot   =     11162.8486  EPtot      =    -54637.4777
 BOND   =       350.7050  ANGLE   =       964.4211  DIHED      =      2140.8125
 1-4 NB =       438.3304  1-4 EEL =      6281.5466  VDWAALS    =      6523.5135
 EELEC  =    -71485.8962  EHBOND  =         0.0000  RESTRAINT  =       149.0895
 EAMBER (non-restraint)  =    -54786.5672
 EKCMT  =      4862.5890  VIRIAL  =      4484.0795  VOLUME     =    180729.0265
                                                    Density    =         1.0229
 ------------------------------------------------------------------------------


 NSTEP =     7500   TIME(PS) =     288.000  TEMP(K) =   300.83  PRESS =    39.9
 Etot   =    -43608.9589  EKtot   =     11151.0547  EPtot      =    -54760.0136
 BOND   =       332.9449  ANGLE   =       981.5549  DIHED      =      2163.1105
 1-4 NB =       446.2571  1-4 EEL =      6278.2219  VDWAALS    =      6546.1615
 EELEC  =    -71685.4996  EHBOND  =         0.0000  RESTRAINT  =       177.2354
 EAMBER (non-restraint)  =    -54937.2489
 EKCMT  =      4859.3642  VIRIAL  =      4703.6581  VOLUME     =    180849.2012
                                                    Density    =         1.0222
 ------------------------------------------------------------------------------


 NSTEP =     8000   TIME(PS) =     289.000  TEMP(K) =   300.89  PRESS =    67.6
 Etot   =    -43614.2072  EKtot   =     11153.5195  EPtot      =    -54767.7267
 BOND   =       342.2169  ANGLE   =       979.9950  DIHED      =      2160.5828
 1-4 NB =       440.2635  1-4 EEL =      6259.4481  VDWAALS    =      6547.5575
 EELEC  =    -71655.7205  EHBOND  =         0.0000  RESTRAINT  =       157.9300
 EAMBER (non-restraint)  =    -54925.6567
 EKCMT  =      4889.2153  VIRIAL  =      4625.4909  VOLUME     =    180737.3836
                                                    Density    =         1.0229
 ------------------------------------------------------------------------------


 NSTEP =     8500   TIME(PS) =     290.000  TEMP(K) =   300.37  PRESS =   195.4
 Etot   =    -43662.4095  EKtot   =     11134.1045  EPtot      =    -54796.5140
 BOND   =       328.7462  ANGLE   =       966.6849  DIHED      =      2138.5413
 1-4 NB =       451.6505  1-4 EEL =      6266.4080  VDWAALS    =      6644.9248
 EELEC  =    -71752.2457  EHBOND  =         0.0000  RESTRAINT  =       158.7760
 EAMBER (non-restraint)  =    -54955.2901
 EKCMT  =      4938.9835  VIRIAL  =      4178.3441  VOLUME     =    180311.9204
                                                    Density    =         1.0253
 ------------------------------------------------------------------------------


 NSTEP =     9000   TIME(PS) =     291.000  TEMP(K) =   300.27  PRESS =   123.8
 Etot   =    -43744.1271  EKtot   =     11130.2754  EPtot      =    -54874.4025
 BOND   =       354.9784  ANGLE   =       978.4188  DIHED      =      2115.8488
 1-4 NB =       452.4061  1-4 EEL =      6287.5506  VDWAALS    =      6549.9463
 EELEC  =    -71767.3348  EHBOND  =         0.0000  RESTRAINT  =       153.7831
 EAMBER (non-restraint)  =    -55028.1856
 EKCMT  =      4902.0454  VIRIAL  =      4419.6619  VOLUME     =    180506.4800
                                                    Density    =         1.0242
 ------------------------------------------------------------------------------


 NSTEP =     9500   TIME(PS) =     292.000  TEMP(K) =   298.61  PRESS =    96.1
 Etot   =    -43443.1286  EKtot   =     11069.0264  EPtot      =    -54512.1549
 BOND   =       352.9913  ANGLE   =      1000.2662  DIHED      =      2131.0527
 1-4 NB =       450.9515  1-4 EEL =      6273.4073  VDWAALS    =      6629.9372
 EELEC  =    -71507.0431  EHBOND  =         0.0000  RESTRAINT  =       156.2818
 EAMBER (non-restraint)  =    -54668.4367
 EKCMT  =      4744.9617  VIRIAL  =      4368.8831  VOLUME     =    181304.2510
                                                    Density    =         1.0197
 ------------------------------------------------------------------------------


 NSTEP =    10000   TIME(PS) =     293.000  TEMP(K) =   299.20  PRESS =  -159.0
 Etot   =    -43852.8979  EKtot   =     11090.7441  EPtot      =    -54943.6420
 BOND   =       343.9879  ANGLE   =       910.7572  DIHED      =      2138.4419
 1-4 NB =       473.4457  1-4 EEL =      6263.5151  VDWAALS    =      6599.3650
 EELEC  =    -71835.8811  EHBOND  =         0.0000  RESTRAINT  =       162.7263
 EAMBER (non-restraint)  =    -55106.3683
 EKCMT  =      4831.6009  VIRIAL  =      5452.7680  VOLUME     =    180913.3744
                                                    Density    =         1.0219
 ------------------------------------------------------------------------------


 NSTEP =    10500   TIME(PS) =     294.000  TEMP(K) =   301.90  PRESS =   242.3
 Etot   =    -43615.0572  EKtot   =     11190.7031  EPtot      =    -54805.7603
 BOND   =       340.0402  ANGLE   =       992.3733  DIHED      =      2133.1178
 1-4 NB =       432.1723  1-4 EEL =      6267.5777  VDWAALS    =      6611.5838
 EELEC  =    -71737.5262  EHBOND  =         0.0000  RESTRAINT  =       154.9008
 EAMBER (non-restraint)  =    -54960.6612
 EKCMT  =      4941.5248  VIRIAL  =      3993.4814  VOLUME     =    181245.5898
                                                    Density    =         1.0200
 ------------------------------------------------------------------------------


 NSTEP =    11000   TIME(PS) =     295.000  TEMP(K) =   301.06  PRESS =   -96.3
 Etot   =    -43678.3385  EKtot   =     11159.8447  EPtot      =    -54838.1833
 BOND   =       337.4856  ANGLE   =       924.2142  DIHED      =      2142.8742
 1-4 NB =       450.0851  1-4 EEL =      6288.0486  VDWAALS    =      6501.9396
 EELEC  =    -71659.4949  EHBOND  =         0.0000  RESTRAINT  =       176.6643
 EAMBER (non-restraint)  =    -55014.8475
 EKCMT  =      4863.3471  VIRIAL  =      5239.6533  VOLUME     =    181018.7846
                                                    Density    =         1.0213
 ------------------------------------------------------------------------------


 NSTEP =    11500   TIME(PS) =     296.000  TEMP(K) =   300.92  PRESS =    43.5
 Etot   =    -43600.2430  EKtot   =     11154.4414  EPtot      =    -54754.6844
 BOND   =       344.5289  ANGLE   =       935.5126  DIHED      =      2146.1992
 1-4 NB =       443.6153  1-4 EEL =      6293.0599  VDWAALS    =      6510.4960
 EELEC  =    -71582.0766  EHBOND  =         0.0000  RESTRAINT  =       153.9803
 EAMBER (non-restraint)  =    -54908.6647
 EKCMT  =      4823.9823  VIRIAL  =      4654.4195  VOLUME     =    180329.0189
                                                    Density    =         1.0252
 ------------------------------------------------------------------------------


 NSTEP =    12000   TIME(PS) =     297.000  TEMP(K) =   296.96  PRESS =   129.6
 Etot   =    -43755.1038  EKtot   =     11007.5713  EPtot      =    -54762.6751
 BOND   =       329.6864  ANGLE   =       988.8479  DIHED      =      2142.8498
 1-4 NB =       437.9338  1-4 EEL =      6229.2242  VDWAALS    =      6532.1506
 EELEC  =    -71583.4601  EHBOND  =         0.0000  RESTRAINT  =       160.0922
 EAMBER (non-restraint)  =    -54922.7673
 EKCMT  =      4791.6858  VIRIAL  =      4287.4753  VOLUME     =    180181.4929
                                                    Density    =         1.0260
 ------------------------------------------------------------------------------


 NSTEP =    12500   TIME(PS) =     298.000  TEMP(K) =   299.74  PRESS =   166.1
 Etot   =    -43621.3772  EKtot   =     11110.8887  EPtot      =    -54732.2659
 BOND   =       321.2083  ANGLE   =       978.0652  DIHED      =      2137.9920
 1-4 NB =       457.0876  1-4 EEL =      6271.4513  VDWAALS    =      6573.3178
 EELEC  =    -71636.6797  EHBOND  =         0.0000  RESTRAINT  =       165.2916
 EAMBER (non-restraint)  =    -54897.5575
 EKCMT  =      4850.9592  VIRIAL  =      4202.7990  VOLUME     =    180697.1200
                                                    Density    =         1.0231
 ------------------------------------------------------------------------------


 NSTEP =    13000   TIME(PS) =     299.000  TEMP(K) =   299.66  PRESS =     4.1
 Etot   =    -43516.7652  EKtot   =     11107.7061  EPtot      =    -54624.4712
 BOND   =       314.4117  ANGLE   =       993.8945  DIHED      =      2125.9730
 1-4 NB =       444.4756  1-4 EEL =      6275.5357  VDWAALS    =      6451.7307
 EELEC  =    -71398.0921  EHBOND  =         0.0000  RESTRAINT  =       167.5997
 EAMBER (non-restraint)  =    -54792.0709
 EKCMT  =      4948.9846  VIRIAL  =      4932.8632  VOLUME     =    181339.5253
                                                    Density    =         1.0195
 ------------------------------------------------------------------------------


 NSTEP =    13500   TIME(PS) =     300.000  TEMP(K) =   298.67  PRESS =   286.4
 Etot   =    -43468.5395  EKtot   =     11071.0908  EPtot      =    -54539.6304
 BOND   =       329.9509  ANGLE   =       986.5878  DIHED      =      2132.3514
 1-4 NB =       452.5293  1-4 EEL =      6288.6353  VDWAALS    =      6601.5163
 EELEC  =    -71497.0470  EHBOND  =         0.0000  RESTRAINT  =       165.8457
 EAMBER (non-restraint)  =    -54705.4761
 EKCMT  =      4886.8887  VIRIAL  =      3765.4256  VOLUME     =    181338.2452
                                                    Density    =         1.0195
 ------------------------------------------------------------------------------


 NSTEP =    14000   TIME(PS) =     301.000  TEMP(K) =   300.21  PRESS =   156.6
 Etot   =    -43686.0168  EKtot   =     11128.0586  EPtot      =    -54814.0754
 BOND   =       341.7133  ANGLE   =       975.5508  DIHED      =      2140.0102
 1-4 NB =       465.1515  1-4 EEL =      6287.4050  VDWAALS    =      6514.7693
 EELEC  =    -71699.3517  EHBOND  =         0.0000  RESTRAINT  =       160.6762
 EAMBER (non-restraint)  =    -54974.7515
 EKCMT  =      4873.3871  VIRIAL  =      4261.2043  VOLUME     =    181072.4207
                                                    Density    =         1.0210
 ------------------------------------------------------------------------------


 NSTEP =    14500   TIME(PS) =     302.000  TEMP(K) =   300.24  PRESS =  -402.4
 Etot   =    -43725.7446  EKtot   =     11129.2988  EPtot      =    -54855.0434
 BOND   =       325.5118  ANGLE   =       913.8420  DIHED      =      2151.1368
 1-4 NB =       457.3769  1-4 EEL =      6255.4415  VDWAALS    =      6352.2394
 EELEC  =    -71469.6124  EHBOND  =         0.0000  RESTRAINT  =       159.0207
 EAMBER (non-restraint)  =    -55014.0641
 EKCMT  =      4852.0088  VIRIAL  =      6423.7646  VOLUME     =    180918.7405
                                                    Density    =         1.0218
 ------------------------------------------------------------------------------


 NSTEP =    15000   TIME(PS) =     303.000  TEMP(K) =   299.49  PRESS =    45.8
 Etot   =    -43790.2173  EKtot   =     11101.6025  EPtot      =    -54891.8198
 BOND   =       340.7935  ANGLE   =       922.8903  DIHED      =      2156.8369
 1-4 NB =       445.7540  1-4 EEL =      6283.9325  VDWAALS    =      6555.9190
 EELEC  =    -71744.5285  EHBOND  =         0.0000  RESTRAINT  =       146.5826
 EAMBER (non-restraint)  =    -55038.4024
 EKCMT  =      4894.0224  VIRIAL  =      4715.1461  VOLUME     =    181058.5667
                                                    Density    =         1.0211
 ------------------------------------------------------------------------------


 NSTEP =    15500   TIME(PS) =     304.000  TEMP(K) =   301.05  PRESS =   146.0
 Etot   =    -43663.0693  EKtot   =     11159.4688  EPtot      =    -54822.5381
 BOND   =       319.1577  ANGLE   =       966.3585  DIHED      =      2119.5245
 1-4 NB =       448.4989  1-4 EEL =      6242.7725  VDWAALS    =      6515.7211
 EELEC  =    -71597.3406  EHBOND  =         0.0000  RESTRAINT  =       162.7694
 EAMBER (non-restraint)  =    -54985.3075
 EKCMT  =      4893.0639  VIRIAL  =      4323.2560  VOLUME     =    180726.8090
                                                    Density    =         1.0229
 ------------------------------------------------------------------------------


 NSTEP =    16000   TIME(PS) =     305.000  TEMP(K) =   296.94  PRESS =    65.5
 Etot   =    -43510.3108  EKtot   =     11006.8418  EPtot      =    -54517.1526
 BOND   =       363.3997  ANGLE   =       981.7347  DIHED      =      2139.4757
 1-4 NB =       442.0715  1-4 EEL =      6235.8326  VDWAALS    =      6499.5212
 EELEC  =    -71335.2481  EHBOND  =         0.0000  RESTRAINT  =       156.0603
 EAMBER (non-restraint)  =    -54673.2128
 EKCMT  =      4773.8115  VIRIAL  =      4518.2283  VOLUME     =    180635.1589
                                                    Density    =         1.0234
 ------------------------------------------------------------------------------


 NSTEP =    16500   TIME(PS) =     306.000  TEMP(K) =   301.70  PRESS =   -31.1
 Etot   =    -43356.0700  EKtot   =     11183.2832  EPtot      =    -54539.3532
 BOND   =       337.8698  ANGLE   =       927.3074  DIHED      =      2123.7950
 1-4 NB =       443.3933  1-4 EEL =      6290.6169  VDWAALS    =      6445.4662
 EELEC  =    -71264.0872  EHBOND  =         0.0000  RESTRAINT  =       156.2854
 EAMBER (non-restraint)  =    -54695.6386
 EKCMT  =      4886.9231  VIRIAL  =      5008.3828  VOLUME     =    180714.5008
                                                    Density    =         1.0230
 ------------------------------------------------------------------------------


 NSTEP =    17000   TIME(PS) =     307.000  TEMP(K) =   304.40  PRESS =    12.5
 Etot   =    -43526.4104  EKtot   =     11283.4199  EPtot      =    -54809.8303
 BOND   =       347.2753  ANGLE   =       952.7864  DIHED      =      2149.1292
 1-4 NB =       450.3576  1-4 EEL =      6271.2624  VDWAALS    =      6514.0510
 EELEC  =    -71661.7457  EHBOND  =         0.0000  RESTRAINT  =       167.0536
 EAMBER (non-restraint)  =    -54976.8839
 EKCMT  =      4887.5407  VIRIAL  =      4838.5187  VOLUME     =    180995.9131
                                                    Density    =         1.0214
 ------------------------------------------------------------------------------


 NSTEP =    17500   TIME(PS) =     308.000  TEMP(K) =   298.44  PRESS =   247.8
 Etot   =    -43631.4746  EKtot   =     11062.7363  EPtot      =    -54694.2110
 BOND   =       317.9387  ANGLE   =       965.5410  DIHED      =      2137.8139
 1-4 NB =       438.1634  1-4 EEL =      6242.1479  VDWAALS    =      6555.7997
 EELEC  =    -71489.2357  EHBOND  =         0.0000  RESTRAINT  =       137.6203
 EAMBER (non-restraint)  =    -54831.8312
 EKCMT  =      4804.6667  VIRIAL  =      3835.9210  VOLUME     =    181047.8126
                                                    Density    =         1.0211
 ------------------------------------------------------------------------------


 NSTEP =    18000   TIME(PS) =     309.000  TEMP(K) =   299.66  PRESS =    39.3
 Etot   =    -43525.2599  EKtot   =     11107.8584  EPtot      =    -54633.1183
 BOND   =       336.3324  ANGLE   =       935.9106  DIHED      =      2121.4606
 1-4 NB =       443.5908  1-4 EEL =      6285.6546  VDWAALS    =      6511.1686
 EELEC  =    -71432.0028  EHBOND  =         0.0000  RESTRAINT  =       164.7670
 EAMBER (non-restraint)  =    -54797.8853
 EKCMT  =      4952.3347  VIRIAL  =      4798.6602  VOLUME     =    181101.2758
                                                    Density    =         1.0208
 ------------------------------------------------------------------------------


 NSTEP =    18500   TIME(PS) =     310.000  TEMP(K) =   299.51  PRESS =  -238.1
 Etot   =    -43801.6385  EKtot   =     11102.3887  EPtot      =    -54904.0271
 BOND   =       331.7930  ANGLE   =       932.4084  DIHED      =      2122.4472
 1-4 NB =       443.6859  1-4 EEL =      6284.4870  VDWAALS    =      6510.5119
 EELEC  =    -71684.7438  EHBOND  =         0.0000  RESTRAINT  =       155.3832
 EAMBER (non-restraint)  =    -55059.4103
 EKCMT  =      4808.0418  VIRIAL  =      5738.4434  VOLUME     =    180982.8388
                                                    Density    =         1.0215
 ------------------------------------------------------------------------------


 NSTEP =    19000   TIME(PS) =     311.000  TEMP(K) =   300.98  PRESS =   -10.9
 Etot   =    -43722.0145  EKtot   =     11156.9229  EPtot      =    -54878.9373
 BOND   =       329.6012  ANGLE   =       953.5913  DIHED      =      2142.9250
 1-4 NB =       444.3970  1-4 EEL =      6258.8834  VDWAALS    =      6542.6540
 EELEC  =    -71708.3685  EHBOND  =         0.0000  RESTRAINT  =       157.3793
 EAMBER (non-restraint)  =    -55036.3166
 EKCMT  =      4827.6738  VIRIAL  =      4870.3642  VOLUME     =    180755.6614
                                                    Density    =         1.0228
 ------------------------------------------------------------------------------


 NSTEP =    19500   TIME(PS) =     312.000  TEMP(K) =   298.71  PRESS =   108.1
 Etot   =    -43756.8062  EKtot   =     11072.4785  EPtot      =    -54829.2847
 BOND   =       362.0985  ANGLE   =       961.3406  DIHED      =      2135.5096
 1-4 NB =       449.0510  1-4 EEL =      6258.1933  VDWAALS    =      6784.0876
 EELEC  =    -71944.6103  EHBOND  =         0.0000  RESTRAINT  =       165.0450
 EAMBER (non-restraint)  =    -54994.3297
 EKCMT  =      4762.4704  VIRIAL  =      4340.7011  VOLUME     =    180763.6615
                                                    Density    =         1.0227
 ------------------------------------------------------------------------------


 NSTEP =    20000   TIME(PS) =     313.000  TEMP(K) =   299.54  PRESS =   165.6
 Etot   =    -43558.5831  EKtot   =     11103.4170  EPtot      =    -54662.0001
 BOND   =       357.6998  ANGLE   =       982.8565  DIHED      =      2140.0784
 1-4 NB =       450.8768  1-4 EEL =      6253.3502  VDWAALS    =      6551.9101
 EELEC  =    -71581.2230  EHBOND  =         0.0000  RESTRAINT  =       182.4511
 EAMBER (non-restraint)  =    -54844.4512
 EKCMT  =      4856.8316  VIRIAL  =      4210.4176  VOLUME     =    180738.9614
                                                    Density    =         1.0229
 ------------------------------------------------------------------------------


 NSTEP =    20500   TIME(PS) =     314.000  TEMP(K) =   299.80  PRESS =    66.1
 Etot   =    -43624.5411  EKtot   =     11112.8379  EPtot      =    -54737.3790
 BOND   =       351.5792  ANGLE   =       982.4950  DIHED      =      2125.2873
 1-4 NB =       433.8533  1-4 EEL =      6266.5931  VDWAALS    =      6524.3657
 EELEC  =    -71583.7098  EHBOND  =         0.0000  RESTRAINT  =       162.1572
 EAMBER (non-restraint)  =    -54899.5362
 EKCMT  =      4831.7164  VIRIAL  =      4573.9478  VOLUME     =    180579.6928
                                                    Density    =         1.0238
 ------------------------------------------------------------------------------


 NSTEP =    21000   TIME(PS) =     315.000  TEMP(K) =   299.77  PRESS =  -284.5
 Etot   =    -43575.1766  EKtot   =     11111.9863  EPtot      =    -54687.1630
 BOND   =       333.4815  ANGLE   =       982.8719  DIHED      =      2134.5146
 1-4 NB =       449.1105  1-4 EEL =      6265.1538  VDWAALS    =      6317.1541
 EELEC  =    -71327.8944  EHBOND  =         0.0000  RESTRAINT  =       158.4450
 EAMBER (non-restraint)  =    -54845.6080
 EKCMT  =      4853.2859  VIRIAL  =      5965.5181  VOLUME     =    181043.4444
                                                    Density    =         1.0211
 ------------------------------------------------------------------------------


 NSTEP =    21500   TIME(PS) =     316.000  TEMP(K) =   301.66  PRESS =   294.2
 Etot   =    -43413.5517  EKtot   =     11182.0654  EPtot      =    -54595.6171
 BOND   =       337.6259  ANGLE   =       940.0912  DIHED      =      2136.2301
 1-4 NB =       447.7526  1-4 EEL =      6281.9273  VDWAALS    =      6560.6398
 EELEC  =    -71449.0954  EHBOND  =         0.0000  RESTRAINT  =       149.2113
 EAMBER (non-restraint)  =    -54744.8285
 EKCMT  =      4861.7484  VIRIAL  =      3713.7012  VOLUME     =    180712.6368
                                                    Density    =         1.0230
 ------------------------------------------------------------------------------


 NSTEP =    22000   TIME(PS) =     317.000  TEMP(K) =   301.12  PRESS =  -112.7
 Etot   =    -43459.2081  EKtot   =     11162.0010  EPtot      =    -54621.2091
 BOND   =       341.1638  ANGLE   =       948.4777  DIHED      =      2126.9185
 1-4 NB =       447.3005  1-4 EEL =      6286.2645  VDWAALS    =      6554.6481
 EELEC  =    -71477.4467  EHBOND  =         0.0000  RESTRAINT  =       151.4646
 EAMBER (non-restraint)  =    -54772.6736
 EKCMT  =      4820.2880  VIRIAL  =      5260.3430  VOLUME     =    180797.5210
                                                    Density    =         1.0225
 ------------------------------------------------------------------------------


 NSTEP =    22500   TIME(PS) =     318.000  TEMP(K) =   299.62  PRESS =  -214.7
 Etot   =    -43504.7193  EKtot   =     11106.2539  EPtot      =    -54610.9732
 BOND   =       353.7111  ANGLE   =       964.2411  DIHED      =      2122.3400
 1-4 NB =       452.6231  1-4 EEL =      6274.2447  VDWAALS    =      6402.2143
 EELEC  =    -71347.6174  EHBOND  =         0.0000  RESTRAINT  =       167.2700
 EAMBER (non-restraint)  =    -54778.2432
 EKCMT  =      4911.7088  VIRIAL  =      5749.9963  VOLUME     =    180795.3456
                                                    Density    =         1.0225
 ------------------------------------------------------------------------------


 NSTEP =    23000   TIME(PS) =     319.000  TEMP(K) =   301.28  PRESS =  -366.0
 Etot   =    -43625.2794  EKtot   =     11167.9277  EPtot      =    -54793.2071
 BOND   =       347.7857  ANGLE   =       930.5455  DIHED      =      2169.9014
 1-4 NB =       448.8563  1-4 EEL =      6282.3594  VDWAALS    =      6435.3372
 EELEC  =    -71574.7173  EHBOND  =         0.0000  RESTRAINT  =       166.7248
 EAMBER (non-restraint)  =    -54959.9319
 EKCMT  =      4897.4079  VIRIAL  =      6323.4292  VOLUME     =    180468.6016
                                                    Density    =         1.0244
 ------------------------------------------------------------------------------


 NSTEP =    23500   TIME(PS) =     320.000  TEMP(K) =   300.16  PRESS =   -28.8
 Etot   =    -43351.7279  EKtot   =     11126.4238  EPtot      =    -54478.1517
 BOND   =       322.7024  ANGLE   =       944.4260  DIHED      =      2127.4675
 1-4 NB =       464.0555  1-4 EEL =      6256.7106  VDWAALS    =      6408.7453
 EELEC  =    -71155.4849  EHBOND  =         0.0000  RESTRAINT  =       153.2258
 EAMBER (non-restraint)  =    -54631.3775
 EKCMT  =      4833.0052  VIRIAL  =      4945.4667  VOLUME     =    180812.0550
                                                    Density    =         1.0224
 ------------------------------------------------------------------------------


 NSTEP =    24000   TIME(PS) =     321.000  TEMP(K) =   300.93  PRESS =   159.8
 Etot   =    -43447.7389  EKtot   =     11155.0381  EPtot      =    -54602.7770
 BOND   =       356.7066  ANGLE   =       995.6065  DIHED      =      2150.4101
 1-4 NB =       465.7305  1-4 EEL =      6272.1314  VDWAALS    =      6654.6183
 EELEC  =    -71657.7806  EHBOND  =         0.0000  RESTRAINT  =       159.8003
 EAMBER (non-restraint)  =    -54762.5773
 EKCMT  =      4976.9920  VIRIAL  =      4352.5483  VOLUME     =    180952.4390
                                                    Density    =         1.0217
 ------------------------------------------------------------------------------


 NSTEP =    24500   TIME(PS) =     322.000  TEMP(K) =   296.39  PRESS =  -312.1
 Etot   =    -43690.6859  EKtot   =     10986.5186  EPtot      =    -54677.2045
 BOND   =       349.1545  ANGLE   =       949.0262  DIHED      =      2134.2724
 1-4 NB =       438.3761  1-4 EEL =      6272.3546  VDWAALS    =      6431.9275
 EELEC  =    -71423.5704  EHBOND  =         0.0000  RESTRAINT  =       171.2547
 EAMBER (non-restraint)  =    -54848.4592
 EKCMT  =      4818.2720  VIRIAL  =      6039.2096  VOLUME     =    181198.6635
                                                    Density    =         1.0203
 ------------------------------------------------------------------------------


 NSTEP =    25000   TIME(PS) =     323.000  TEMP(K) =   297.80  PRESS =   -80.5
 Etot   =    -43671.7103  EKtot   =     11038.7676  EPtot      =    -54710.4779
 BOND   =       330.0797  ANGLE   =       958.7883  DIHED      =      2133.2524
 1-4 NB =       470.0088  1-4 EEL =      6270.0820  VDWAALS    =      6522.1747
 EELEC  =    -71560.4119  EHBOND  =         0.0000  RESTRAINT  =       165.5483
 EAMBER (non-restraint)  =    -54876.0262
 EKCMT  =      4852.1502  VIRIAL  =      5165.9733  VOLUME     =    180482.3647
                                                    Density    =         1.0243
 ------------------------------------------------------------------------------


 NSTEP =    25500   TIME(PS) =     324.000  TEMP(K) =   300.98  PRESS =   154.0
 Etot   =    -43596.9128  EKtot   =     11156.6689  EPtot      =    -54753.5817
 BOND   =       365.8368  ANGLE   =       971.6163  DIHED      =      2144.9827
 1-4 NB =       455.0377  1-4 EEL =      6254.9828  VDWAALS    =      6562.8098
 EELEC  =    -71659.1130  EHBOND  =         0.0000  RESTRAINT  =       150.2652
 EAMBER (non-restraint)  =    -54903.8469
 EKCMT  =      4891.6658  VIRIAL  =      4292.1506  VOLUME     =    180283.8975
                                                    Density    =         1.0254
 ------------------------------------------------------------------------------


 NSTEP =    26000   TIME(PS) =     325.000  TEMP(K) =   299.20  PRESS =  -148.8
 Etot   =    -43526.7950  EKtot   =     11090.6729  EPtot      =    -54617.4678
 BOND   =       338.9852  ANGLE   =       995.4300  DIHED      =      2126.1760
 1-4 NB =       435.6030  1-4 EEL =      6250.4722  VDWAALS    =      6545.4529
 EELEC  =    -71482.0524  EHBOND  =         0.0000  RESTRAINT  =       172.4652
 EAMBER (non-restraint)  =    -54789.9331
 EKCMT  =      4878.9017  VIRIAL  =      5459.8451  VOLUME     =    180860.8702
                                                    Density    =         1.0222
 ------------------------------------------------------------------------------


 NSTEP =    26500   TIME(PS) =     326.000  TEMP(K) =   298.35  PRESS =    49.7
 Etot   =    -43864.3983  EKtot   =     11059.1416  EPtot      =    -54923.5399
 BOND   =       336.1204  ANGLE   =       938.0281  DIHED      =      2133.5734
 1-4 NB =       451.6511  1-4 EEL =      6281.2452  VDWAALS    =      6616.3918
 EELEC  =    -71852.0601  EHBOND  =         0.0000  RESTRAINT  =       171.5102
 EAMBER (non-restraint)  =    -55095.0501
 EKCMT  =      4828.6504  VIRIAL  =      4634.5409  VOLUME     =    180783.5956
                                                    Density    =         1.0226
 ------------------------------------------------------------------------------


 NSTEP =    27000   TIME(PS) =     327.000  TEMP(K) =   300.51  PRESS =   -81.7
 Etot   =    -43513.8763  EKtot   =     11139.1650  EPtot      =    -54653.0414
 BOND   =       298.5156  ANGLE   =       971.5968  DIHED      =      2130.8887
 1-4 NB =       449.0502  1-4 EEL =      6298.5574  VDWAALS    =      6405.5990
 EELEC  =    -71371.1504  EHBOND  =         0.0000  RESTRAINT  =       163.9014
 EAMBER (non-restraint)  =    -54816.9428
 EKCMT  =      4884.4175  VIRIAL  =      5202.4807  VOLUME     =    180352.8179
                                                    Density    =         1.0250
 ------------------------------------------------------------------------------


 NSTEP =    27500   TIME(PS) =     328.000  TEMP(K) =   299.87  PRESS =    54.5
 Etot   =    -43526.4758  EKtot   =     11115.7139  EPtot      =    -54642.1896
 BOND   =       354.1784  ANGLE   =       955.7234  DIHED      =      2132.1272
 1-4 NB =       447.2406  1-4 EEL =      6279.7163  VDWAALS    =      6503.7039
 EELEC  =    -71475.2287  EHBOND  =         0.0000  RESTRAINT  =       160.3493
 EAMBER (non-restraint)  =    -54802.5389
 EKCMT  =      4945.9179  VIRIAL  =      4733.7161  VOLUME     =    180207.9053
                                                    Density    =         1.0259
 ------------------------------------------------------------------------------


 NSTEP =    28000   TIME(PS) =     329.000  TEMP(K) =   301.49  PRESS =   223.4
 Etot   =    -43576.4966  EKtot   =     11175.6318  EPtot      =    -54752.1285
 BOND   =       370.9487  ANGLE   =      1003.5358  DIHED      =      2141.4167
 1-4 NB =       443.3363  1-4 EEL =      6280.5421  VDWAALS    =      6696.9062
 EELEC  =    -71848.5872  EHBOND  =         0.0000  RESTRAINT  =       159.7730
 EAMBER (non-restraint)  =    -54911.9015
 EKCMT  =      4882.2537  VIRIAL  =      4008.7809  VOLUME     =    181114.3470
                                                    Density    =         1.0207
 ------------------------------------------------------------------------------


 NSTEP =    28500   TIME(PS) =     330.000  TEMP(K) =   299.44  PRESS =    53.0
 Etot   =    -43686.7062  EKtot   =     11099.7197  EPtot      =    -54786.4259
 BOND   =       337.0995  ANGLE   =       958.4605  DIHED      =      2138.6394
 1-4 NB =       445.9689  1-4 EEL =      6267.7770  VDWAALS    =      6680.8646
 EELEC  =    -71778.2941  EHBOND  =         0.0000  RESTRAINT  =       163.0583
 EAMBER (non-restraint)  =    -54949.4842
 EKCMT  =      4903.5449  VIRIAL  =      4696.2540  VOLUME     =    180989.4450
                                                    Density    =         1.0214
 ------------------------------------------------------------------------------


 NSTEP =    29000   TIME(PS) =     331.000  TEMP(K) =   302.98  PRESS =   167.4
 Etot   =    -43679.6756  EKtot   =     11231.0176  EPtot      =    -54910.6932
 BOND   =       361.4176  ANGLE   =      1000.8913  DIHED      =      2140.5787
 1-4 NB =       444.8645  1-4 EEL =      6221.0940  VDWAALS    =      6721.4610
 EELEC  =    -71965.9644  EHBOND  =         0.0000  RESTRAINT  =       164.9640
 EAMBER (non-restraint)  =    -55075.6571
 EKCMT  =      4854.3369  VIRIAL  =      4199.2045  VOLUME     =    181277.7673
                                                    Density    =         1.0198
 ------------------------------------------------------------------------------


 NSTEP =    29500   TIME(PS) =     332.000  TEMP(K) =   301.18  PRESS =  -154.6
 Etot   =    -43461.7611  EKtot   =     11164.0957  EPtot      =    -54625.8568
 BOND   =       358.9906  ANGLE   =       892.6236  DIHED      =      2134.5455
 1-4 NB =       446.2088  1-4 EEL =      6291.4699  VDWAALS    =      6488.7502
 EELEC  =    -71386.6262  EHBOND  =         0.0000  RESTRAINT  =       148.1810
 EAMBER (non-restraint)  =    -54774.0378
 EKCMT  =      4896.1020  VIRIAL  =      5502.1681  VOLUME     =    181567.4777
                                                    Density    =         1.0182
 ------------------------------------------------------------------------------


 NSTEP =    30000   TIME(PS) =     333.000  TEMP(K) =   303.00  PRESS =    86.0
 Etot   =    -43423.6226  EKtot   =     11231.7285  EPtot      =    -54655.3512
 BOND   =       346.4577  ANGLE   =       972.8187  DIHED      =      2151.3451
 1-4 NB =       444.5399  1-4 EEL =      6258.9646  VDWAALS    =      6672.1446
 EELEC  =    -71666.9644  EHBOND  =         0.0000  RESTRAINT  =       165.3427
 EAMBER (non-restraint)  =    -54820.6939
 EKCMT  =      4909.2149  VIRIAL  =      4572.7641  VOLUME     =    181255.3870
                                                    Density    =         1.0199
 ------------------------------------------------------------------------------


 NSTEP =    30500   TIME(PS) =     334.000  TEMP(K) =   300.37  PRESS =  -246.7
 Etot   =    -43573.6793  EKtot   =     11134.3203  EPtot      =    -54707.9996
 BOND   =       336.8460  ANGLE   =       927.5026  DIHED      =      2150.1033
 1-4 NB =       451.1136  1-4 EEL =      6263.9436  VDWAALS    =      6501.5717
 EELEC  =    -71492.1586  EHBOND  =         0.0000  RESTRAINT  =       153.0782
 EAMBER (non-restraint)  =    -54861.0778
 EKCMT  =      4851.5038  VIRIAL  =      5814.9322  VOLUME     =    180889.6671
                                                    Density    =         1.0220
 ------------------------------------------------------------------------------


 NSTEP =    31000   TIME(PS) =     335.000  TEMP(K) =   297.50  PRESS =     7.2
 Etot   =    -43696.5622  EKtot   =     11027.7744  EPtot      =    -54724.3366
 BOND   =       325.7536  ANGLE   =       943.2241  DIHED      =      2142.4055
 1-4 NB =       450.5137  1-4 EEL =      6266.4675  VDWAALS    =      6554.5490
 EELEC  =    -71569.1826  EHBOND  =         0.0000  RESTRAINT  =       161.9327
 EAMBER (non-restraint)  =    -54886.2693
 EKCMT  =      4769.3294  VIRIAL  =      4741.3322  VOLUME     =    180761.4050
                                                    Density    =         1.0227
 ------------------------------------------------------------------------------


 NSTEP =    31500   TIME(PS) =     336.000  TEMP(K) =   301.26  PRESS =   -19.5
 Etot   =    -43703.4752  EKtot   =     11167.1953  EPtot      =    -54870.6705
 BOND   =       370.8164  ANGLE   =       933.0504  DIHED      =      2133.3640
 1-4 NB =       440.7388  1-4 EEL =      6261.8770  VDWAALS    =      6406.9701
 EELEC  =    -71579.7013  EHBOND  =         0.0000  RESTRAINT  =       162.2141
 EAMBER (non-restraint)  =    -55032.8846
 EKCMT  =      4878.3933  VIRIAL  =      4954.4814  VOLUME     =    181003.5346
                                                    Density    =         1.0214
 ------------------------------------------------------------------------------


 NSTEP =    32000   TIME(PS) =     337.000  TEMP(K) =   303.75  PRESS =  -188.0
 Etot   =    -43339.0645  EKtot   =     11259.4346  EPtot      =    -54598.4991
 BOND   =       352.6884  ANGLE   =       976.0158  DIHED      =      2128.7094
 1-4 NB =       448.3359  1-4 EEL =      6254.0137  VDWAALS    =      6455.2069
 EELEC  =    -71368.8207  EHBOND  =         0.0000  RESTRAINT  =       155.3514
 EAMBER (non-restraint)  =    -54753.8505
 EKCMT  =      4859.6621  VIRIAL  =      5594.4012  VOLUME     =    180961.9344
                                                    Density    =         1.0216
 ------------------------------------------------------------------------------


 NSTEP =    32500   TIME(PS) =     338.000  TEMP(K) =   298.38  PRESS =    31.6
 Etot   =    -43682.3602  EKtot   =     11060.5186  EPtot      =    -54742.8787
 BOND   =       344.5912  ANGLE   =       962.6522  DIHED      =      2144.7836
 1-4 NB =       444.6106  1-4 EEL =      6288.4632  VDWAALS    =      6518.4371
 EELEC  =    -71612.3859  EHBOND  =         0.0000  RESTRAINT  =       165.9692
 EAMBER (non-restraint)  =    -54908.8479
 EKCMT  =      4796.2950  VIRIAL  =      4672.9972  VOLUME     =    180908.0351
                                                    Density    =         1.0219
 ------------------------------------------------------------------------------


 NSTEP =    33000   TIME(PS) =     339.000  TEMP(K) =   298.52  PRESS =  -350.2
 Etot   =    -43504.5133  EKtot   =     11065.4453  EPtot      =    -54569.9586
 BOND   =       361.8944  ANGLE   =      1002.0026  DIHED      =      2149.2387
 1-4 NB =       450.1156  1-4 EEL =      6282.3067  VDWAALS    =      6417.7213
 EELEC  =    -71394.4878  EHBOND  =         0.0000  RESTRAINT  =       161.2499
 EAMBER (non-restraint)  =    -54731.2084
 EKCMT  =      4844.3676  VIRIAL  =      6213.6758  VOLUME     =    181082.8591
                                                    Density    =         1.0209
 ------------------------------------------------------------------------------


 NSTEP =    33500   TIME(PS) =     340.000  TEMP(K) =   300.33  PRESS =     4.0
 Etot   =    -43558.6447  EKtot   =     11132.7764  EPtot      =    -54691.4210
 BOND   =       352.8127  ANGLE   =       956.0623  DIHED      =      2121.8593
 1-4 NB =       446.8208  1-4 EEL =      6234.0503  VDWAALS    =      6515.6233
 EELEC  =    -71482.2212  EHBOND  =         0.0000  RESTRAINT  =       163.5715
 EAMBER (non-restraint)  =    -54854.9926
 EKCMT  =      4899.5406  VIRIAL  =      4883.8002  VOLUME     =    180681.6746
                                                    Density    =         1.0232
 ------------------------------------------------------------------------------


 NSTEP =    34000   TIME(PS) =     341.000  TEMP(K) =   300.70  PRESS =   -43.0
 Etot   =    -43644.7963  EKtot   =     11146.2119  EPtot      =    -54791.0082
 BOND   =       348.5325  ANGLE   =       987.2189  DIHED      =      2140.3624
 1-4 NB =       442.7773  1-4 EEL =      6278.3763  VDWAALS    =      6605.5155
 EELEC  =    -71747.2496  EHBOND  =         0.0000  RESTRAINT  =       153.4586
 EAMBER (non-restraint)  =    -54944.4667
 EKCMT  =      4793.1235  VIRIAL  =      4961.2894  VOLUME     =    180942.5115
                                                    Density    =         1.0217
 ------------------------------------------------------------------------------


 NSTEP =    34500   TIME(PS) =     342.000  TEMP(K) =   298.48  PRESS =  -242.5
 Etot   =    -43572.3640  EKtot   =     11064.1211  EPtot      =    -54636.4851
 BOND   =       321.3825  ANGLE   =       949.6071  DIHED      =      2135.0982
 1-4 NB =       478.7299  1-4 EEL =      6264.1799  VDWAALS    =      6324.6643
 EELEC  =    -71268.2595  EHBOND  =         0.0000  RESTRAINT  =       158.1125
 EAMBER (non-restraint)  =    -54794.5976
 EKCMT  =      4832.6528  VIRIAL  =      5778.3712  VOLUME     =    180610.5088
                                                    Density    =         1.0236
 ------------------------------------------------------------------------------


 NSTEP =    35000   TIME(PS) =     343.000  TEMP(K) =   300.84  PRESS =  -182.5
 Etot   =    -43602.2968  EKtot   =     11151.4531  EPtot      =    -54753.7499
 BOND   =       338.4427  ANGLE   =       995.0246  DIHED      =      2152.4774
 1-4 NB =       449.8169  1-4 EEL =      6248.4420  VDWAALS    =      6336.6199
 EELEC  =    -71433.5248  EHBOND  =         0.0000  RESTRAINT  =       158.9513
 EAMBER (non-restraint)  =    -54912.7012
 EKCMT  =      4883.6254  VIRIAL  =      5595.7337  VOLUME     =    180712.8174
                                                    Density    =         1.0230
 ------------------------------------------------------------------------------


 NSTEP =    35500   TIME(PS) =     344.000  TEMP(K) =   293.60  PRESS =    73.6
 Etot   =    -43715.0779  EKtot   =     10883.3232  EPtot      =    -54598.4012
 BOND   =       328.2086  ANGLE   =       906.7475  DIHED      =      2166.7973
 1-4 NB =       463.4112  1-4 EEL =      6286.4372  VDWAALS    =      6498.8097
 EELEC  =    -71406.1904  EHBOND  =         0.0000  RESTRAINT  =       157.3777
 EAMBER (non-restraint)  =    -54755.7788
 EKCMT  =      4783.2412  VIRIAL  =      4496.7355  VOLUME     =    180384.7721
                                                    Density    =         1.0249
 ------------------------------------------------------------------------------


 NSTEP =    36000   TIME(PS) =     345.000  TEMP(K) =   296.83  PRESS =  -261.4
 Etot   =    -43824.0830  EKtot   =     11002.9102  EPtot      =    -54826.9931
 BOND   =       342.7815  ANGLE   =       990.0418  DIHED      =      2121.3736
 1-4 NB =       443.0446  1-4 EEL =      6254.7040  VDWAALS    =      6436.2451
 EELEC  =    -71562.8279  EHBOND  =         0.0000  RESTRAINT  =       147.6442
 EAMBER (non-restraint)  =    -54974.6373
 EKCMT  =      4800.7444  VIRIAL  =      5817.3048  VOLUME     =    180141.3774
                                                    Density    =         1.0262
 ------------------------------------------------------------------------------


 NSTEP =    36500   TIME(PS) =     346.000  TEMP(K) =   301.25  PRESS =   105.5
 Etot   =    -43808.2191  EKtot   =     11166.7412  EPtot      =    -54974.9604
 BOND   =       359.7862  ANGLE   =       955.9897  DIHED      =      2146.5171
 1-4 NB =       440.9484  1-4 EEL =      6237.5419  VDWAALS    =      6642.1065
 EELEC  =    -71907.4162  EHBOND  =         0.0000  RESTRAINT  =       149.5659
 EAMBER (non-restraint)  =    -55124.5262
 EKCMT  =      4881.7497  VIRIAL  =      4470.0214  VOLUME     =    180727.2597
                                                    Density    =         1.0229
 ------------------------------------------------------------------------------


 NSTEP =    37000   TIME(PS) =     347.000  TEMP(K) =   298.30  PRESS =  -101.0
 Etot   =    -43513.8202  EKtot   =     11057.2305  EPtot      =    -54571.0506
 BOND   =       348.4443  ANGLE   =       964.7265  DIHED      =      2151.0165
 1-4 NB =       449.5058  1-4 EEL =      6275.8765  VDWAALS    =      6541.8605
 EELEC  =    -71470.6505  EHBOND  =         0.0000  RESTRAINT  =       168.1698
 EAMBER (non-restraint)  =    -54739.2204
 EKCMT  =      4840.3832  VIRIAL  =      5234.2270  VOLUME     =    180684.2247
                                                    Density    =         1.0232
 ------------------------------------------------------------------------------


 NSTEP =    37500   TIME(PS) =     348.000  TEMP(K) =   296.79  PRESS =   -63.9
 Etot   =    -43682.3043  EKtot   =     11001.4316  EPtot      =    -54683.7359
 BOND   =       332.9131  ANGLE   =       974.1657  DIHED      =      2132.7270
 1-4 NB =       450.5904  1-4 EEL =      6255.8747  VDWAALS    =      6534.2943
 EELEC  =    -71524.5833  EHBOND  =         0.0000  RESTRAINT  =       160.2822
 EAMBER (non-restraint)  =    -54844.0181
 EKCMT  =      4811.5994  VIRIAL  =      5060.9038  VOLUME     =    180673.0949
                                                    Density    =         1.0232
 ------------------------------------------------------------------------------


 NSTEP =    38000   TIME(PS) =     349.000  TEMP(K) =   304.18  PRESS =   -36.6
 Etot   =    -43526.6514  EKtot   =     11275.4922  EPtot      =    -54802.1436
 BOND   =       361.2954  ANGLE   =       948.8363  DIHED      =      2141.7158
 1-4 NB =       454.8061  1-4 EEL =      6257.1244  VDWAALS    =      6552.8521
 EELEC  =    -71674.6823  EHBOND  =         0.0000  RESTRAINT  =       155.9086
 EAMBER (non-restraint)  =    -54958.0523
 EKCMT  =      4929.1311  VIRIAL  =      5071.8078  VOLUME     =    180659.1214
                                                    Density    =         1.0233
 ------------------------------------------------------------------------------


 NSTEP =    38500   TIME(PS) =     350.000  TEMP(K) =   298.06  PRESS =   160.0
 Etot   =    -43739.2725  EKtot   =     11048.3740  EPtot      =    -54787.6466
 BOND   =       334.2000  ANGLE   =       969.3534  DIHED      =      2157.2749
 1-4 NB =       451.7201  1-4 EEL =      6256.8143  VDWAALS    =      6697.6656
 EELEC  =    -71816.5312  EHBOND  =         0.0000  RESTRAINT  =       161.8563
 EAMBER (non-restraint)  =    -54949.5029
 EKCMT  =      4840.9448  VIRIAL  =      4214.4798  VOLUME     =    181297.3377
                                                    Density    =         1.0197
 ------------------------------------------------------------------------------


 NSTEP =    39000   TIME(PS) =     351.000  TEMP(K) =   298.89  PRESS =  -115.5
 Etot   =    -43679.4272  EKtot   =     11079.3809  EPtot      =    -54758.8081
 BOND   =       337.8105  ANGLE   =       952.8781  DIHED      =      2131.2034
 1-4 NB =       451.3688  1-4 EEL =      6245.3641  VDWAALS    =      6596.4879
 EELEC  =    -71634.3152  EHBOND  =         0.0000  RESTRAINT  =       160.3944
 EAMBER (non-restraint)  =    -54919.2025
 EKCMT  =      4688.0088  VIRIAL  =      5138.9128  VOLUME     =    180836.8762
                                                    Density    =         1.0223
 ------------------------------------------------------------------------------


 NSTEP =    39500   TIME(PS) =     352.000  TEMP(K) =   295.57  PRESS =    92.7
 Etot   =    -43809.7413  EKtot   =     10956.2979  EPtot      =    -54766.0392
 BOND   =       355.4385  ANGLE   =       989.9110  DIHED      =      2146.3825
 1-4 NB =       431.7547  1-4 EEL =      6265.5291  VDWAALS    =      6534.8186
 EELEC  =    -71655.8464  EHBOND  =         0.0000  RESTRAINT  =       165.9728
 EAMBER (non-restraint)  =    -54932.0120
 EKCMT  =      4831.4723  VIRIAL  =      4470.1683  VOLUME     =    180520.1618
                                                    Density    =         1.0241
 ------------------------------------------------------------------------------


 NSTEP =    40000   TIME(PS) =     353.000  TEMP(K) =   299.89  PRESS =    -4.8
 Etot   =    -43716.9876  EKtot   =     11116.1777  EPtot      =    -54833.1654
 BOND   =       342.6885  ANGLE   =       908.4948  DIHED      =      2156.5649
 1-4 NB =       451.1752  1-4 EEL =      6252.9248  VDWAALS    =      6544.2866
 EELEC  =    -71642.0483  EHBOND  =         0.0000  RESTRAINT  =       152.7480
 EAMBER (non-restraint)  =    -54985.9133
 EKCMT  =      4922.3122  VIRIAL  =      4941.0762  VOLUME     =    181218.5981
                                                    Density    =         1.0201
 ------------------------------------------------------------------------------


 NSTEP =    40500   TIME(PS) =     354.000  TEMP(K) =   299.82  PRESS =  -141.9
 Etot   =    -43614.1150  EKtot   =     11113.9277  EPtot      =    -54728.0427
 BOND   =       342.3649  ANGLE   =       950.9959  DIHED      =      2134.5236
 1-4 NB =       452.8881  1-4 EEL =      6261.3806  VDWAALS    =      6447.0747
 EELEC  =    -71487.7070  EHBOND  =         0.0000  RESTRAINT  =       170.4365
 EAMBER (non-restraint)  =    -54898.4792
 EKCMT  =      4810.8864  VIRIAL  =      5365.2928  VOLUME     =    180911.2608
                                                    Density    =         1.0219
 ------------------------------------------------------------------------------


 NSTEP =    41000   TIME(PS) =     355.000  TEMP(K) =   298.15  PRESS =  -353.8
 Etot   =    -43487.1093  EKtot   =     11051.8467  EPtot      =    -54538.9560
 BOND   =       353.6516  ANGLE   =       982.0176  DIHED      =      2134.2826
 1-4 NB =       455.3022  1-4 EEL =      6293.4140  VDWAALS    =      6458.4133
 EELEC  =    -71371.6987  EHBOND  =         0.0000  RESTRAINT  =       155.6613
 EAMBER (non-restraint)  =    -54694.6173
 EKCMT  =      4754.0309  VIRIAL  =      6135.3383  VOLUME     =    180815.0613
                                                    Density    =         1.0224
 ------------------------------------------------------------------------------


 NSTEP =    41500   TIME(PS) =     356.000  TEMP(K) =   301.21  PRESS =   143.9
 Etot   =    -43599.2734  EKtot   =     11165.2373  EPtot      =    -54764.5107
 BOND   =       316.2121  ANGLE   =       940.3514  DIHED      =      2159.8315
 1-4 NB =       445.1618  1-4 EEL =      6247.1647  VDWAALS    =      6506.0401
 EELEC  =    -71537.6516  EHBOND  =         0.0000  RESTRAINT  =       158.3793
 EAMBER (non-restraint)  =    -54922.8900
 EKCMT  =      4861.6627  VIRIAL  =      4298.3194  VOLUME     =    181342.3181
                                                    Density    =         1.0195
 ------------------------------------------------------------------------------


 NSTEP =    42000   TIME(PS) =     357.000  TEMP(K) =   297.91  PRESS =    73.3
 Etot   =    -43568.6742  EKtot   =     11042.8184  EPtot      =    -54611.4926
 BOND   =       334.0353  ANGLE   =       939.8037  DIHED      =      2151.2626
 1-4 NB =       444.1447  1-4 EEL =      6281.5399  VDWAALS    =      6602.9380
 EELEC  =    -71522.5789  EHBOND  =         0.0000  RESTRAINT  =       157.3620
 EAMBER (non-restraint)  =    -54768.8546
 EKCMT  =      4787.7121  VIRIAL  =      4501.2664  VOLUME     =    181099.2118
                                                    Density    =         1.0208
 ------------------------------------------------------------------------------


 NSTEP =    42500   TIME(PS) =     358.000  TEMP(K) =   300.91  PRESS =   -97.7
 Etot   =    -43586.9628  EKtot   =     11154.0117  EPtot      =    -54740.9745
 BOND   =       328.2532  ANGLE   =      1000.9581  DIHED      =      2137.9432
 1-4 NB =       449.3630  1-4 EEL =      6231.8266  VDWAALS    =      6573.6677
 EELEC  =    -71628.0878  EHBOND  =         0.0000  RESTRAINT  =       165.1014
 EAMBER (non-restraint)  =    -54906.0759
 EKCMT  =      4839.6116  VIRIAL  =      5221.8449  VOLUME     =    181269.5015
                                                    Density    =         1.0199
 ------------------------------------------------------------------------------


 NSTEP =    43000   TIME(PS) =     359.000  TEMP(K) =   298.34  PRESS =    63.9
 Etot   =    -43699.2871  EKtot   =     11058.8359  EPtot      =    -54758.1230
 BOND   =       338.8113  ANGLE   =       929.1071  DIHED      =      2126.9198
 1-4 NB =       441.6844  1-4 EEL =      6288.2429  VDWAALS    =      6621.0914
 EELEC  =    -71665.6445  EHBOND  =         0.0000  RESTRAINT  =       161.6647
 EAMBER (non-restraint)  =    -54919.7877
 EKCMT  =      4832.7350  VIRIAL  =      4583.1317  VOLUME     =    180891.5227
                                                    Density    =         1.0220
 ------------------------------------------------------------------------------


 NSTEP =    43500   TIME(PS) =     360.000  TEMP(K) =   298.85  PRESS =    57.3
 Etot   =    -43636.3978  EKtot   =     11077.7158  EPtot      =    -54714.1136
 BOND   =       342.1219  ANGLE   =       980.3588  DIHED      =      2125.6923
 1-4 NB =       452.1676  1-4 EEL =      6235.7498  VDWAALS    =      6507.9472
 EELEC  =    -71533.4420  EHBOND  =         0.0000  RESTRAINT  =       175.2908
 EAMBER (non-restraint)  =    -54889.4044
 EKCMT  =      4826.5400  VIRIAL  =      4602.6769  VOLUME     =    181057.7031
                                                    Density    =         1.0211
 ------------------------------------------------------------------------------


 NSTEP =    44000   TIME(PS) =     361.000  TEMP(K) =   299.11  PRESS =   -96.0
 Etot   =    -43568.0969  EKtot   =     11087.3887  EPtot      =    -54655.4855
 BOND   =       349.7425  ANGLE   =       920.3926  DIHED      =      2159.4860
 1-4 NB =       442.7373  1-4 EEL =      6277.2968  VDWAALS    =      6536.1556
 EELEC  =    -71500.1050  EHBOND  =         0.0000  RESTRAINT  =       158.8086
 EAMBER (non-restraint)  =    -54814.2941
 EKCMT  =      4887.3979  VIRIAL  =      5263.0718  VOLUME     =    181321.2079
                                                    Density    =         1.0196
 ------------------------------------------------------------------------------


 NSTEP =    44500   TIME(PS) =     362.000  TEMP(K) =   301.06  PRESS =  -122.3
 Etot   =    -43425.9699  EKtot   =     11159.5996  EPtot      =    -54585.5695
 BOND   =       361.7335  ANGLE   =       939.4611  DIHED      =      2145.7506
 1-4 NB =       463.3040  1-4 EEL =      6267.1168  VDWAALS    =      6584.7854
 EELEC  =    -71514.4964  EHBOND  =         0.0000  RESTRAINT  =       166.7755
 EAMBER (non-restraint)  =    -54752.3450
 EKCMT  =      4851.0837  VIRIAL  =      5329.5913  VOLUME     =    181258.4830
                                                    Density    =         1.0199
 ------------------------------------------------------------------------------


 NSTEP =    45000   TIME(PS) =     363.000  TEMP(K) =   299.75  PRESS =   232.0
 Etot   =    -43416.1286  EKtot   =     11110.9854  EPtot      =    -54527.1139
 BOND   =       330.6182  ANGLE   =       973.3897  DIHED      =      2136.1601
 1-4 NB =       447.2930  1-4 EEL =      6253.0238  VDWAALS    =      6544.7428
 EELEC  =    -71362.9554  EHBOND  =         0.0000  RESTRAINT  =       150.6138
 EAMBER (non-restraint)  =    -54677.7277
 EKCMT  =      4815.1148  VIRIAL  =      3906.1330  VOLUME     =    181499.9194
                                                    Density    =         1.0186
 ------------------------------------------------------------------------------


 NSTEP =    45500   TIME(PS) =     364.000  TEMP(K) =   301.70  PRESS =  -105.9
 Etot   =    -43568.3266  EKtot   =     11183.4541  EPtot      =    -54751.7807
 BOND   =       330.1389  ANGLE   =       936.3582  DIHED      =      2143.9784
 1-4 NB =       453.4851  1-4 EEL =      6288.9763  VDWAALS    =      6593.7195
 EELEC  =    -71652.7450  EHBOND  =         0.0000  RESTRAINT  =       154.3079
 EAMBER (non-restraint)  =    -54906.0887
 EKCMT  =      4861.3445  VIRIAL  =      5276.6851  VOLUME     =    181685.1322
                                                    Density    =         1.0175
 ------------------------------------------------------------------------------


 NSTEP =    46000   TIME(PS) =     365.000  TEMP(K) =   302.01  PRESS =    82.8
 Etot   =    -43666.3849  EKtot   =     11195.0557  EPtot      =    -54861.4406
 BOND   =       324.6485  ANGLE   =       926.0665  DIHED      =      2160.6756
 1-4 NB =       462.2108  1-4 EEL =      6260.2063  VDWAALS    =      6761.8968
 EELEC  =    -71913.2343  EHBOND  =         0.0000  RESTRAINT  =       156.0893
 EAMBER (non-restraint)  =    -55017.5299
 EKCMT  =      4850.6775  VIRIAL  =      4526.5124  VOLUME     =    181422.9179
                                                    Density    =         1.0190
 ------------------------------------------------------------------------------


 NSTEP =    46500   TIME(PS) =     366.000  TEMP(K) =   300.83  PRESS =   138.9
 Etot   =    -43445.6183  EKtot   =     11151.0859  EPtot      =    -54596.7043
 BOND   =       361.4198  ANGLE   =      1016.4723  DIHED      =      2136.1337
 1-4 NB =       441.8024  1-4 EEL =      6233.9127  VDWAALS    =      6601.4262
 EELEC  =    -71558.2765  EHBOND  =         0.0000  RESTRAINT  =       170.4052
 EAMBER (non-restraint)  =    -54767.1094
 EKCMT  =      4889.5404  VIRIAL  =      4345.7148  VOLUME     =    181284.1327
                                                    Density    =         1.0198
 ------------------------------------------------------------------------------


 NSTEP =    47000   TIME(PS) =     367.000  TEMP(K) =   302.81  PRESS =   -67.5
 Etot   =    -43338.1586  EKtot   =     11224.5205  EPtot      =    -54562.6791
 BOND   =       320.0157  ANGLE   =       978.2806  DIHED      =      2155.5220
 1-4 NB =       448.2337  1-4 EEL =      6254.5252  VDWAALS    =      6506.5278
 EELEC  =    -71394.8922  EHBOND  =         0.0000  RESTRAINT  =       169.1080
 EAMBER (non-restraint)  =    -54731.7871
 EKCMT  =      4912.6099  VIRIAL  =      5176.6694  VOLUME     =    181063.7887
                                                    Density    =         1.0210
 ------------------------------------------------------------------------------


 NSTEP =    47500   TIME(PS) =     368.000  TEMP(K) =   299.94  PRESS =    61.9
 Etot   =    -43503.2948  EKtot   =     11118.0928  EPtot      =    -54621.3876
 BOND   =       332.0666  ANGLE   =       937.0284  DIHED      =      2143.3030
 1-4 NB =       447.3264  1-4 EEL =      6230.2131  VDWAALS    =      6568.9187
 EELEC  =    -71447.2000  EHBOND  =         0.0000  RESTRAINT  =       166.9562
 EAMBER (non-restraint)  =    -54788.3438
 EKCMT  =      4812.2265  VIRIAL  =      4570.2449  VOLUME     =    181169.8825
                                                    Density    =         1.0204
 ------------------------------------------------------------------------------


 NSTEP =    48000   TIME(PS) =     369.000  TEMP(K) =   298.91  PRESS =   208.3
 Etot   =    -43683.0618  EKtot   =     11079.8350  EPtot      =    -54762.8967
 BOND   =       349.1226  ANGLE   =       946.4896  DIHED      =      2151.3396
 1-4 NB =       438.9977  1-4 EEL =      6283.8366  VDWAALS    =      6706.1869
 EELEC  =    -71802.0869  EHBOND  =         0.0000  RESTRAINT  =       163.2172
 EAMBER (non-restraint)  =    -54926.1139
 EKCMT  =      4794.1020  VIRIAL  =      3977.4942  VOLUME     =    181529.6365
                                                    Density    =         1.0184
 ------------------------------------------------------------------------------


 NSTEP =    48500   TIME(PS) =     370.000  TEMP(K) =   299.38  PRESS =  -198.3
 Etot   =    -43574.1766  EKtot   =     11097.5664  EPtot      =    -54671.7430
 BOND   =       354.0881  ANGLE   =       962.9043  DIHED      =      2158.7542
 1-4 NB =       441.0672  1-4 EEL =      6255.7905  VDWAALS    =      6520.6276
 EELEC  =    -71533.7442  EHBOND  =         0.0000  RESTRAINT  =       168.7692
 EAMBER (non-restraint)  =    -54840.5122
 EKCMT  =      4846.7182  VIRIAL  =      5623.4858  VOLUME     =    181449.0091
                                                    Density    =         1.0189
 ------------------------------------------------------------------------------


 NSTEP =    49000   TIME(PS) =     371.000  TEMP(K) =   296.57  PRESS =   -26.1
 Etot   =    -43635.0560  EKtot   =     10993.1338  EPtot      =    -54628.1898
 BOND   =       342.0789  ANGLE   =       957.9479  DIHED      =      2154.2847
 1-4 NB =       442.7625  1-4 EEL =      6225.2159  VDWAALS    =      6499.0045
 EELEC  =    -71405.8640  EHBOND  =         0.0000  RESTRAINT  =       156.3799
 EAMBER (non-restraint)  =    -54784.5696
 EKCMT  =      4881.2548  VIRIAL  =      4983.4146  VOLUME     =    181423.9800
                                                    Density    =         1.0190
 ------------------------------------------------------------------------------


 NSTEP =    49500   TIME(PS) =     372.000  TEMP(K) =   302.32  PRESS =   -72.8
 Etot   =    -43243.0602  EKtot   =     11206.3389  EPtot      =    -54449.3991
 BOND   =       361.1693  ANGLE   =       961.3085  DIHED      =      2157.4156
 1-4 NB =       436.1091  1-4 EEL =      6247.5688  VDWAALS    =      6541.0020
 EELEC  =    -71311.8567  EHBOND  =         0.0000  RESTRAINT  =       157.8844
 EAMBER (non-restraint)  =    -54607.2835
 EKCMT  =      4813.6907  VIRIAL  =      5099.0650  VOLUME     =    181468.8882
                                                    Density    =         1.0187
 ------------------------------------------------------------------------------


 NSTEP =    50000   TIME(PS) =     373.000  TEMP(K) =   303.57  PRESS =  -338.7
 Etot   =    -43299.9508  EKtot   =     11252.7178  EPtot      =    -54552.6686
 BOND   =       350.1097  ANGLE   =       976.9877  DIHED      =      2139.7662
 1-4 NB =       457.5070  1-4 EEL =      6271.4070  VDWAALS    =      6405.7266
 EELEC  =    -71302.4611  EHBOND  =         0.0000  RESTRAINT  =       148.2881
 EAMBER (non-restraint)  =    -54700.9567
 EKCMT  =      4924.4222  VIRIAL  =      6254.5239  VOLUME     =    181867.8969
                                                    Density    =         1.0165
 ------------------------------------------------------------------------------


      A V E R A G E S   O V E R     100 S T E P S


 NSTEP =    50000   TIME(PS) =     373.000  TEMP(K) =   300.12  PRESS =    -8.5
 Etot   =    -43581.6019  EKtot   =     11124.8696  EPtot      =    -54706.4715
 BOND   =       341.9721  ANGLE   =       962.6578  DIHED      =      2140.2691
 1-4 NB =       448.6892  1-4 EEL =      6266.1077  VDWAALS    =      6534.5122
 EELEC  =    -71561.3189  EHBOND  =         0.0000  RESTRAINT  =       160.6392
 EAMBER (non-restraint)  =    -54867.1107
 EKCMT  =      4859.8947  VIRIAL  =      4893.0506  VOLUME     =    180976.4580
                                                    Density    =         1.0215
 ------------------------------------------------------------------------------


      R M S  F L U C T U A T I O N S


 NSTEP =    50000   TIME(PS) =     373.000  TEMP(K) =     1.91  PRESS =   165.7
 Etot   =       129.7208  EKtot   =        70.8619  EPtot      =       112.2750
 BOND   =        13.8756  ANGLE   =        27.1925  DIHED      =        11.7895
 1-4 NB =         8.3402  1-4 EEL =        18.9353  VDWAALS    =        94.9860
 EELEC  =       165.3010  EHBOND  =         0.0000  RESTRAINT  =         7.8221
 EAMBER (non-restraint)  =       104.4529
 EKCMT  =        52.1641  VIRIAL  =       645.7312  VOLUME     =       370.4393
                                                    Density    =         0.0021
 ------------------------------------------------------------------------------

--------------------------------------------------------------------------------
   5.  TIMINGS
--------------------------------------------------------------------------------

|  NonSetup CPU Time in Major Routines:
|
|     Routine           Sec        %
|     ------------------------------
|     Nonbond          90.39   86.67
|     Bond              0.00    0.00
|     Angle             0.00    0.00
|     Dihedral          0.00    0.00
|     Shake             0.37    0.35
|     RunMD            13.48   12.92
|     Other             0.06    0.06
|     ------------------------------
|     Total           104.30

|  PME Nonbond Pairlist CPU Time:
|
|     Routine              Sec        %
|     ---------------------------------
|     Set Up Cit           0.00    0.00
|     Build List           0.00    0.00
|     ---------------------------------
|     Total                0.00    0.00

|  PME Direct Force CPU Time:
|
|     Routine              Sec        %
|     ---------------------------------
|     NonBonded Calc       0.00    0.00
|     Exclude Masked       0.00    0.00
|     Other                0.03    0.03
|     ---------------------------------
|     Total                0.03    0.03

|  PME Reciprocal Force CPU Time:
|
|     Routine              Sec        %
|     ---------------------------------
|     1D bspline           0.00    0.00
|     Grid Charges         0.00    0.00
|     Scalar Sum           0.00    0.00
|     Gradient Sum         0.00    0.00
|     FFT                  0.00    0.00
|     ---------------------------------
|     Total                0.00    0.00

|  Final Performance Info:
|     -----------------------------------------------------
|     Average timings for last   21000 steps:
|     Elapsed(s) =      43.76 Per Step(ms) =       2.08
|         ns/day =      82.92   seconds/ns =    1042.00
|
|     Average timings for all steps:
|     Elapsed(s) =     104.30 Per Step(ms) =       2.09
|         ns/day =      82.84   seconds/ns =    1042.95
|     -----------------------------------------------------

|  Setup CPU time:            0.48 seconds
|  NonSetup CPU time:       104.30 seconds
|  Total CPU time:          104.78 seconds     0.03 hours

|  Setup wall time:           1    seconds
|  NonSetup wall time:      104    seconds
|  Total wall time:         105    seconds     0.03 hours
