
          -------------------------------------------------------
          Amber 16 PMEMD                              2016
          -------------------------------------------------------

| PMEMD implementation of SANDER, Release 16

| Run on 07/03/2017 at 15:53:53

|   Executable path: pmemd.cuda
| Working directory: /home/german/obp/run/wt_apo/mhe/e
|          Hostname: Unknown
  [-O]verwriting output

File Assignments:
|   MDIN: 12equ.in                                                              
|  MDOUT: 12equ.out                                                             
| INPCRD: 11ewt_apo.rst7                                                        
|   PARM: /home/german/obp/top_files/wt_apo.prmtop                              
| RESTRT: 12ewt_apo.rst7                                                        
|   REFC: 11ewt_apo.rst7                                                        
|  MDVEL: mdvel                                                                 
|   MDEN: mden                                                                  
|  MDCRD: 12ewt_apo.nc                                                          
| MDINFO: mdinfo                                                                
|  MDFRC: mdfrc                                                                 


 Here is the input file:

Equilibration with solute restrictions                                         
&cntrl                                                                         
imin = 0,                           ! No Minimization                          
nmropt = 0,                         ! No NMR restraints read                   
                                                                               
! Nature and format of the input                                               
ntx = 5,                            ! Coordinates but no velocities will be rea
irest = 1,                          ! Do not run a new simulation              
                                                                               
! Nature and format of the output                                              
ntxo = 1,                           ! rstrt file in ASCII format               
ntpr = 500,                         ! inf in output every ntpr steps           
ntwr = 500,                         ! rstrt file every ntwr steps              
ntwx = 500,                         ! mdcrd file every ntwx steps              
ntwv = 0,                           ! mdvel without velocities                 
ntwe = 0,                           ! Energies and temperatures not written in 
idecomp = 0,                        ! No energy decomposition                  
iwrap = 1,                          ! Coordinates of the restart and mdcrd file
                                                                               
! Frozen or restrained atoms                                                   
ibelly = 0,                         ! No frozen atoms                          
ntr=1,                              ! Harmonic potential restraints            
restraint_wt = 4.0,                ! The weight for the positional restraints  
restraintmask = ':1-119@N,CA,C,O',  ! restrained residues                      
                                                                               
! Molecular dynamics                                                           
nstlim = 50000,                     ! Number of MD-steps                       
dt = 0.002,                         ! Time step                                
                                                                               
! Temperature regulation                                                       
ntt = 3,                            ! Langevin thermostat                      
gamma_ln = 5,                       ! Gamma constant for Langevin              
!temp0 = 300.0,                     ! Reference T at which the system is to be 
tempi = 300.0,                      ! Initial T                                
ig = -1,                            ! Seed for the RNG                         
                                                                               
! P and V regulation                                                           
ntp = 1,                            ! Constant P. Isotropic scaling            
barostat = 1,                       ! Berendsen barostat                       
taup = 1,                           ! Pressure relaxation time                 
nrespa = 1,                         ! Evaluate at each step                    
ntb = 2,                            ! Periodic box for constant P              
                                                                               
! SHAKE variables                                                              
ntc = 2,                            ! Bonds involving H are constrained        
ntf = 2,                            ! Bond interaction involving H are ommited.
                                                                               
cut = 10.0,                         ! Nonbonded cutoff                         
/                                                                              
&end                                                                           


Note: ig = -1. Setting random seed to   312973 based on wallclock time in 
      microseconds.
 
|--------------------- INFORMATION ----------------------
| GPU (CUDA) Version of PMEMD in use: NVIDIA GPU IN USE.
|                    Version 16.0.0
| 
|                      02/25/2016
| 
| Implementation by:
|                    Ross C. Walker     (SDSC)
|                    Scott Le Grand     (nVIDIA)
| 
| Precision model in use:
|      [SPFP] - Single Precision Forces, 64-bit Fixed Point
|               Accumulation. (Default)
| 
|--------------------------------------------------------
 
|----------------- CITATION INFORMATION -----------------
|
|    When publishing work that utilized the CUDA version
|    of AMBER, please cite the following in addition to
|    the regular AMBER citations:
|
|  - Romelia Salomon-Ferrer; Andreas W. Goetz; Duncan
|    Poole; Scott Le Grand; Ross C. Walker "Routine
|    microsecond molecular dynamics simulations with
|    AMBER - Part II: Particle Mesh Ewald", J. Chem.
|    Theory Comput., 2013, 9 (9), pp3878-3888,
|    DOI: 10.1021/ct400314y.
|
|  - Andreas W. Goetz; Mark J. Williamson; Dong Xu;
|    Duncan Poole; Scott Le Grand; Ross C. Walker
|    "Routine microsecond molecular dynamics simulations
|    with AMBER - Part I: Generalized Born", J. Chem.
|    Theory Comput., 2012, 8 (5), pp1542-1555.
|
|  - Scott Le Grand; Andreas W. Goetz; Ross C. Walker
|    "SPFP: Speed without compromise - a mixed precision
|    model for GPU accelerated molecular dynamics
|    simulations.", Comp. Phys. Comm., 2013, 184
|    pp374-380, DOI: 10.1016/j.cpc.2012.09.022
|
|--------------------------------------------------------
 
|------------------- GPU DEVICE INFO --------------------
|
|            CUDA_VISIBLE_DEVICES: 0
|   CUDA Capable Devices Detected:      1
|           CUDA Device ID in use:      0
|                CUDA Device Name: GeForce GTX 1060 6GB
|     CUDA Device Global Mem Size:   6072 MB
| CUDA Device Num Multiprocessors:     10
|           CUDA Device Core Freq:   1.76 GHz
|
|--------------------------------------------------------
 
 
| Conditional Compilation Defines Used:
| PUBFFT
| BINTRAJ
| CUDA
| EMIL

| Largest sphere to fit in unit cell has radius =    27.124

| New format PARM file being parsed.
| Version =    1.000 Date = 02/24/15 Time = 11:47:22

| Note: 1-4 EEL scale factors are being read from the topology file.

| Note: 1-4 VDW scale factors are being read from the topology file.
| Duplicated    0 dihedrals

| Duplicated    0 dihedrals

--------------------------------------------------------------------------------
   1.  RESOURCE   USE: 
--------------------------------------------------------------------------------

 getting new box info from bottom of inpcrd
 NATOM  =   17574 NTYPES =      17 NBONH =   16628 MBONA  =     951
 NTHETH =    2219 MTHETA =    1278 NPHIH =    4331 MPHIA  =    4375
 NHPARM =       0 NPARM  =       0 NNB   =   31462 NRES   =    5343
 NBONA  =     951 NTHETA =    1278 NPHIA =    4375 NUMBND =      60
 NUMANG =     134 NPTRA  =     240 NATYP =      33 NPHB   =       1
 IFBOX  =       1 NMXRS  =      24 IFCAP =       0 NEXTRA =       0
 NCOPY  =       0

| Coordinate Index Table dimensions:    10   10    9
| Direct force subcell size =     5.5234    5.8473    6.0276

     BOX TYPE: RECTILINEAR

--------------------------------------------------------------------------------
   2.  CONTROL  DATA  FOR  THE  RUN
--------------------------------------------------------------------------------

default_name                                                                    

General flags:
     imin    =       0, nmropt  =       0

Nature and format of input:
     ntx     =       5, irest   =       1, ntrx    =       1

Nature and format of output:
     ntxo    =       1, ntpr    =     500, ntrx    =       1, ntwr    =     500
     iwrap   =       1, ntwx    =     500, ntwv    =       0, ntwe    =       0
     ioutfm  =       1, ntwprt  =       0, idecomp =       0, rbornstat=      0

Potential function:
     ntf     =       2, ntb     =       2, igb     =       0, nsnb    =      25
     ipol    =       0, gbsa    =       0, iesp    =       0
     dielc   =   1.00000, cut     =  10.00000, intdiel =   1.00000

Frozen or restrained atoms:
     ibelly  =       0, ntr     =       1
     restraint_wt =   4.00000

Molecular dynamics:
     nstlim  =     50000, nscm    =         0, nrespa  =         1
     t       =   0.00000, dt      =   0.00200, vlimit  =  -1.00000

Langevin dynamics temperature regulation:
     ig      =  312973
     temp0   = 300.00000, tempi   = 300.00000, gamma_ln=   5.00000

Pressure regulation:
     ntp     =       1
     pres0   =   1.00000, comp    =  44.60000, taup    =   1.00000

SHAKE:
     ntc     =       2, jfastw  =       0
     tol     =   0.00001

| Intermolecular bonds treatment:
|     no_intermolecular_bonds =       1

| Energy averages sample interval:
|     ene_avg_sampling =     500

Ewald parameters:
     verbose =       0, ew_type =       0, nbflag  =       1, use_pme =       1
     vdwmeth =       1, eedmeth =       1, netfrc  =       1
     Box X =   55.234   Box Y =   58.473   Box Z =   54.249
     Alpha =   90.000   Beta  =   90.000   Gamma =   90.000
     NFFT1 =   56       NFFT2 =   64       NFFT3 =   56
     Cutoff=   10.000   Tol   =0.100E-04
     Ewald Coefficient =  0.27511
     Interpolation order =    4

    LOADING THE CONSTRAINED ATOMS AS GROUPS


   5.  REFERENCE ATOM COORDINATES

  default_name                                                                    
     Mask :1-119@N,CA,C,O; matches   476 atoms

--------------------------------------------------------------------------------
   3.  ATOMIC COORDINATES AND VELOCITIES
--------------------------------------------------------------------------------

default_name                                                                    
 begin time read from input coords =  1240.000 ps

 
 Number of triangulated 3-point waters found:     5221

     Sum of charges from parm topology file =  -0.00000007
     Forcing neutrality...

| Dynamic Memory, Types Used:
| Reals              893281
| Integers           624385

| Nonbonded Pairs Initial Allocation:     5315695

| GPU memory information (estimate):
| KB of GPU memory in use:    114042
| KB of CPU memory in use:     23442

--------------------------------------------------------------------------------
   4.  RESULTS
--------------------------------------------------------------------------------

 ---------------------------------------------------
 APPROXIMATING switch and d/dx switch using CUBIC SPLINE INTERPOLATION
 using   5000.0 points per unit in tabled values
 TESTING RELATIVE ERROR over r ranging from 0.0 to cutoff
| CHECK switch(x): max rel err =   0.2738E-14   at   2.422500
| CHECK d/dx switch(x): max rel err =   0.8314E-11   at   2.736960
 ---------------------------------------------------
|---------------------------------------------------
| APPROXIMATING direct energy using CUBIC SPLINE INTERPOLATION
|  with   50.0 points per unit in tabled values
| Relative Error Limit not exceeded for r .gt.   2.33
| APPROXIMATING direct force using CUBIC SPLINE INTERPOLATION
|  with   50.0 points per unit in tabled values
| Relative Error Limit not exceeded for r .gt.   2.80
|---------------------------------------------------

 NSTEP =      500   TIME(PS) =    1241.000  TEMP(K) =   298.93  PRESS =   224.7
 Etot   =    -42099.1206  EKtot   =     10720.6035  EPtot      =    -52819.7241
 BOND   =       368.9842  ANGLE   =      1014.5992  DIHED      =      2165.3405
 1-4 NB =       451.2854  1-4 EEL =      6146.8868  VDWAALS    =      6431.4468
 EELEC  =    -69476.1279  EHBOND  =         0.0000  RESTRAINT  =        77.8610
 EAMBER (non-restraint)  =    -52897.5850
 EKCMT  =      4629.2493  VIRIAL  =      3780.7085  VOLUME     =    174925.4902
                                                    Density    =         1.0220
 ------------------------------------------------------------------------------


 NSTEP =     1000   TIME(PS) =    1242.000  TEMP(K) =   297.48  PRESS =   165.9
 Etot   =    -42283.4308  EKtot   =     10668.6416  EPtot      =    -52952.0724
 BOND   =       353.9017  ANGLE   =       978.0546  DIHED      =      2119.1724
 1-4 NB =       429.5981  1-4 EEL =      6163.5029  VDWAALS    =      6408.1410
 EELEC  =    -69480.8484  EHBOND  =         0.0000  RESTRAINT  =        76.4053
 EAMBER (non-restraint)  =    -53028.4777
 EKCMT  =      4530.6840  VIRIAL  =      3903.8681  VOLUME     =    175023.6913
                                                    Density    =         1.0214
 ------------------------------------------------------------------------------


 NSTEP =     1500   TIME(PS) =    1243.000  TEMP(K) =   298.47  PRESS =    99.0
 Etot   =    -42218.5594  EKtot   =     10703.9746  EPtot      =    -52922.5340
 BOND   =       350.7287  ANGLE   =       981.9736  DIHED      =      2145.2711
 1-4 NB =       458.3277  1-4 EEL =      6148.1002  VDWAALS    =      6355.5002
 EELEC  =    -69432.7232  EHBOND  =         0.0000  RESTRAINT  =        70.2877
 EAMBER (non-restraint)  =    -52992.8217
 EKCMT  =      4673.8564  VIRIAL  =      4300.2900  VOLUME     =    174803.2617
                                                    Density    =         1.0227
 ------------------------------------------------------------------------------


 NSTEP =     2000   TIME(PS) =    1244.000  TEMP(K) =   297.98  PRESS =    20.3
 Etot   =    -42398.5626  EKtot   =     10686.2598  EPtot      =    -53084.8224
 BOND   =       363.0717  ANGLE   =       982.4051  DIHED      =      2159.0485
 1-4 NB =       443.4956  1-4 EEL =      6097.5307  VDWAALS    =      6378.0605
 EELEC  =    -69578.4946  EHBOND  =         0.0000  RESTRAINT  =        70.0600
 EAMBER (non-restraint)  =    -53154.8824
 EKCMT  =      4665.8227  VIRIAL  =      4589.2202  VOLUME     =    174720.5359
                                                    Density    =         1.0232
 ------------------------------------------------------------------------------


 NSTEP =     2500   TIME(PS) =    1245.000  TEMP(K) =   303.64  PRESS =  -196.3
 Etot   =    -41998.7116  EKtot   =     10889.2715  EPtot      =    -52887.9831
 BOND   =       350.5355  ANGLE   =      1003.1505  DIHED      =      2125.0934
 1-4 NB =       440.6654  1-4 EEL =      6139.1614  VDWAALS    =      6301.6414
 EELEC  =    -69323.5393  EHBOND  =         0.0000  RESTRAINT  =        75.3086
 EAMBER (non-restraint)  =    -52963.2917
 EKCMT  =      4688.0591  VIRIAL  =      5429.4037  VOLUME     =    174879.2190
                                                    Density    =         1.0223
 ------------------------------------------------------------------------------


 NSTEP =     3000   TIME(PS) =    1246.000  TEMP(K) =   298.88  PRESS =  -275.4
 Etot   =    -42141.9094  EKtot   =     10718.5508  EPtot      =    -52860.4602
 BOND   =       329.9163  ANGLE   =       992.2833  DIHED      =      2141.8444
 1-4 NB =       459.2065  1-4 EEL =      6170.5863  VDWAALS    =      6122.5890
 EELEC  =    -69150.2291  EHBOND  =         0.0000  RESTRAINT  =        73.3431
 EAMBER (non-restraint)  =    -52933.8033
 EKCMT  =      4683.5895  VIRIAL  =      5721.5394  VOLUME     =    174550.2763
                                                    Density    =         1.0242
 ------------------------------------------------------------------------------


 NSTEP =     3500   TIME(PS) =    1247.000  TEMP(K) =   299.63  PRESS =    41.3
 Etot   =    -42133.0256  EKtot   =     10745.6406  EPtot      =    -52878.6662
 BOND   =       343.7439  ANGLE   =      1030.5551  DIHED      =      2161.5997
 1-4 NB =       445.9521  1-4 EEL =      6162.8384  VDWAALS    =      6187.2939
 EELEC  =    -69290.9860  EHBOND  =         0.0000  RESTRAINT  =        80.3367
 EAMBER (non-restraint)  =    -52959.0029
 EKCMT  =      4658.4705  VIRIAL  =      4502.8657  VOLUME     =    174294.8777
                                                    Density    =         1.0257
 ------------------------------------------------------------------------------


 NSTEP =     4000   TIME(PS) =    1248.000  TEMP(K) =   303.86  PRESS =  -138.1
 Etot   =    -42014.5557  EKtot   =     10897.1621  EPtot      =    -52911.7178
 BOND   =       342.6422  ANGLE   =      1010.8602  DIHED      =      2170.3426
 1-4 NB =       440.4634  1-4 EEL =      6129.5565  VDWAALS    =      6206.4511
 EELEC  =    -69291.7596  EHBOND  =         0.0000  RESTRAINT  =        79.7258
 EAMBER (non-restraint)  =    -52991.4436
 EKCMT  =      4701.6566  VIRIAL  =      5220.5221  VOLUME     =    174006.1085
                                                    Density    =         1.0274
 ------------------------------------------------------------------------------


 NSTEP =     4500   TIME(PS) =    1249.000  TEMP(K) =   301.48  PRESS =    79.7
 Etot   =    -42374.0821  EKtot   =     10811.8584  EPtot      =    -53185.9405
 BOND   =       337.1776  ANGLE   =      1027.1476  DIHED      =      2135.7189
 1-4 NB =       439.9422  1-4 EEL =      6159.6175  VDWAALS    =      6315.4482
 EELEC  =    -69673.6166  EHBOND  =         0.0000  RESTRAINT  =        72.6241
 EAMBER (non-restraint)  =    -53258.5646
 EKCMT  =      4650.9019  VIRIAL  =      4351.4159  VOLUME     =    174012.9154
                                                    Density    =         1.0274
 ------------------------------------------------------------------------------


 NSTEP =     5000   TIME(PS) =    1250.000  TEMP(K) =   297.17  PRESS =   -86.8
 Etot   =    -42421.1660  EKtot   =     10657.1895  EPtot      =    -53078.3555
 BOND   =       347.0543  ANGLE   =       983.8808  DIHED      =      2151.2646
 1-4 NB =       450.8720  1-4 EEL =      6170.1524  VDWAALS    =      6281.2322
 EELEC  =    -69535.0456  EHBOND  =         0.0000  RESTRAINT  =        72.2336
 EAMBER (non-restraint)  =    -53150.5891
 EKCMT  =      4633.8312  VIRIAL  =      4959.9303  VOLUME     =    174068.5986
                                                    Density    =         1.0270
 ------------------------------------------------------------------------------


 NSTEP =     5500   TIME(PS) =    1251.000  TEMP(K) =   301.25  PRESS =   362.0
 Etot   =    -42100.8945  EKtot   =     10803.8223  EPtot      =    -52904.7168
 BOND   =       345.3850  ANGLE   =       999.1128  DIHED      =      2154.1137
 1-4 NB =       437.8068  1-4 EEL =      6152.1973  VDWAALS    =      6420.1254
 EELEC  =    -69486.6507  EHBOND  =         0.0000  RESTRAINT  =        73.1930
 EAMBER (non-restraint)  =    -52977.9098
 EKCMT  =      4687.3670  VIRIAL  =      3324.3852  VOLUME     =    174390.6633
                                                    Density    =         1.0251
 ------------------------------------------------------------------------------


 NSTEP =     6000   TIME(PS) =    1252.000  TEMP(K) =   301.65  PRESS =    22.9
 Etot   =    -41970.9375  EKtot   =     10817.9775  EPtot      =    -52788.9151
 BOND   =       371.6369  ANGLE   =       936.4304  DIHED      =      2156.8096
 1-4 NB =       446.7106  1-4 EEL =      6125.9909  VDWAALS    =      6288.8315
 EELEC  =    -69184.9268  EHBOND  =         0.0000  RESTRAINT  =        69.6019
 EAMBER (non-restraint)  =    -52858.5170
 EKCMT  =      4741.8654  VIRIAL  =      4655.3072  VOLUME     =    174877.7247
                                                    Density    =         1.0223
 ------------------------------------------------------------------------------


 NSTEP =     6500   TIME(PS) =    1253.000  TEMP(K) =   297.54  PRESS =   -95.7
 Etot   =    -42208.0934  EKtot   =     10670.6270  EPtot      =    -52878.7204
 BOND   =       355.2310  ANGLE   =       996.1221  DIHED      =      2148.9086
 1-4 NB =       452.8224  1-4 EEL =      6129.7410  VDWAALS    =      6273.4301
 EELEC  =    -69311.5693  EHBOND  =         0.0000  RESTRAINT  =        76.5937
 EAMBER (non-restraint)  =    -52955.3141
 EKCMT  =      4654.0246  VIRIAL  =      5014.9444  VOLUME     =    174708.8893
                                                    Density    =         1.0233
 ------------------------------------------------------------------------------


 NSTEP =     7000   TIME(PS) =    1254.000  TEMP(K) =   304.12  PRESS =    69.4
 Etot   =    -41873.3442  EKtot   =     10906.6777  EPtot      =    -52780.0220
 BOND   =       345.4210  ANGLE   =      1008.8316  DIHED      =      2162.7010
 1-4 NB =       440.5777  1-4 EEL =      6136.0134  VDWAALS    =      6252.6530
 EELEC  =    -69202.1651  EHBOND  =         0.0000  RESTRAINT  =        75.9453
 EAMBER (non-restraint)  =    -52855.9673
 EKCMT  =      4764.7383  VIRIAL  =      4502.4072  VOLUME     =    174986.0231
                                                    Density    =         1.0217
 ------------------------------------------------------------------------------


 NSTEP =     7500   TIME(PS) =    1255.000  TEMP(K) =   298.98  PRESS =   -14.2
 Etot   =    -41886.3683  EKtot   =     10722.1074  EPtot      =    -52608.4757
 BOND   =       348.5926  ANGLE   =      1037.3069  DIHED      =      2168.6736
 1-4 NB =       439.8106  1-4 EEL =      6132.9503  VDWAALS    =      6308.3374
 EELEC  =    -69122.3756  EHBOND  =         0.0000  RESTRAINT  =        78.2284
 EAMBER (non-restraint)  =    -52686.7042
 EKCMT  =      4650.2965  VIRIAL  =      4704.0595  VOLUME     =    175037.8805
                                                    Density    =         1.0214
 ------------------------------------------------------------------------------


 NSTEP =     8000   TIME(PS) =    1256.000  TEMP(K) =   300.28  PRESS =   -21.5
 Etot   =    -42264.5483  EKtot   =     10768.9658  EPtot      =    -53033.5141
 BOND   =       355.8316  ANGLE   =      1009.8731  DIHED      =      2147.9487
 1-4 NB =       439.8565  1-4 EEL =      6161.3123  VDWAALS    =      6246.0337
 EELEC  =    -69483.7898  EHBOND  =         0.0000  RESTRAINT  =        89.4199
 EAMBER (non-restraint)  =    -53122.9340
 EKCMT  =      4749.0734  VIRIAL  =      4830.2209  VOLUME     =    174761.7753
                                                    Density    =         1.0230
 ------------------------------------------------------------------------------


 NSTEP =     8500   TIME(PS) =    1257.000  TEMP(K) =   296.29  PRESS =   182.9
 Etot   =    -42210.9721  EKtot   =     10625.7217  EPtot      =    -52836.6938
 BOND   =       352.5870  ANGLE   =       986.7672  DIHED      =      2149.9687
 1-4 NB =       451.9544  1-4 EEL =      6128.1501  VDWAALS    =      6437.7575
 EELEC  =    -69413.6911  EHBOND  =         0.0000  RESTRAINT  =        69.8124
 EAMBER (non-restraint)  =    -52906.5062
 EKCMT  =      4618.5954  VIRIAL  =      3926.9136  VOLUME     =    175127.8206
                                                    Density    =         1.0208
 ------------------------------------------------------------------------------


 NSTEP =     9000   TIME(PS) =    1258.000  TEMP(K) =   297.47  PRESS =  -155.1
 Etot   =    -42224.5976  EKtot   =     10668.0117  EPtot      =    -52892.6093
 BOND   =       358.7103  ANGLE   =       989.2630  DIHED      =      2172.1217
 1-4 NB =       451.3437  1-4 EEL =      6183.8382  VDWAALS    =      6260.5277
 EELEC  =    -69380.8151  EHBOND  =         0.0000  RESTRAINT  =        72.4012
 EAMBER (non-restraint)  =    -52965.0105
 EKCMT  =      4694.6631  VIRIAL  =      5280.8625  VOLUME     =    175078.9298
                                                    Density    =         1.0211
 ------------------------------------------------------------------------------


 NSTEP =     9500   TIME(PS) =    1259.000  TEMP(K) =   300.79  PRESS =   -33.7
 Etot   =    -42197.9925  EKtot   =     10787.3174  EPtot      =    -52985.3099
 BOND   =       366.4975  ANGLE   =       975.0863  DIHED      =      2154.6974
 1-4 NB =       433.9823  1-4 EEL =      6123.0085  VDWAALS    =      6448.0221
 EELEC  =    -69559.1066  EHBOND  =         0.0000  RESTRAINT  =        72.5027
 EAMBER (non-restraint)  =    -53057.8126
 EKCMT  =      4653.4432  VIRIAL  =      4780.5786  VOLUME     =    174582.4868
                                                    Density    =         1.0240
 ------------------------------------------------------------------------------


 NSTEP =    10000   TIME(PS) =    1260.000  TEMP(K) =   299.09  PRESS =   -90.4
 Etot   =    -42372.4602  EKtot   =     10726.1475  EPtot      =    -53098.6077
 BOND   =       352.6702  ANGLE   =       996.6989  DIHED      =      2148.1145
 1-4 NB =       459.4495  1-4 EEL =      6191.4283  VDWAALS    =      6389.4640
 EELEC  =    -69720.6245  EHBOND  =         0.0000  RESTRAINT  =        84.1915
 EAMBER (non-restraint)  =    -53182.7992
 EKCMT  =      4662.9940  VIRIAL  =      5003.6783  VOLUME     =    174540.1216
                                                    Density    =         1.0243
 ------------------------------------------------------------------------------


 NSTEP =    10500   TIME(PS) =    1261.000  TEMP(K) =   301.38  PRESS =    86.4
 Etot   =    -42133.0436  EKtot   =     10808.4414  EPtot      =    -52941.4850
 BOND   =       351.4014  ANGLE   =      1021.0656  DIHED      =      2147.6158
 1-4 NB =       445.9261  1-4 EEL =      6139.9273  VDWAALS    =      6200.4470
 EELEC  =    -69327.6959  EHBOND  =         0.0000  RESTRAINT  =        79.8277
 EAMBER (non-restraint)  =    -53021.3127
 EKCMT  =      4659.8848  VIRIAL  =      4334.5221  VOLUME     =    174424.5431
                                                    Density    =         1.0249
 ------------------------------------------------------------------------------


 NSTEP =    11000   TIME(PS) =    1262.000  TEMP(K) =   301.25  PRESS =   188.8
 Etot   =    -42070.5724  EKtot   =     10803.8438  EPtot      =    -52874.4162
 BOND   =       344.3542  ANGLE   =      1003.1634  DIHED      =      2131.5710
 1-4 NB =       447.3926  1-4 EEL =      6162.7990  VDWAALS    =      6321.2353
 EELEC  =    -69360.3420  EHBOND  =         0.0000  RESTRAINT  =        75.4104
 EAMBER (non-restraint)  =    -52949.8266
 EKCMT  =      4728.7588  VIRIAL  =      4016.9060  VOLUME     =    174662.6212
                                                    Density    =         1.0235
 ------------------------------------------------------------------------------


 NSTEP =    11500   TIME(PS) =    1263.000  TEMP(K) =   300.48  PRESS =    34.2
 Etot   =    -42352.1557  EKtot   =     10776.0312  EPtot      =    -53128.1870
 BOND   =       350.6737  ANGLE   =       951.9893  DIHED      =      2139.3037
 1-4 NB =       458.1518  1-4 EEL =      6146.9609  VDWAALS    =      6292.4405
 EELEC  =    -69542.1686  EHBOND  =         0.0000  RESTRAINT  =        74.4617
 EAMBER (non-restraint)  =    -53202.6487
 EKCMT  =      4616.5090  VIRIAL  =      4487.3666  VOLUME     =    175066.7849
                                                    Density    =         1.0212
 ------------------------------------------------------------------------------


 NSTEP =    12000   TIME(PS) =    1264.000  TEMP(K) =   302.54  PRESS =  -213.6
 Etot   =    -42181.5591  EKtot   =     10849.9531  EPtot      =    -53031.5122
 BOND   =       381.7649  ANGLE   =       943.9734  DIHED      =      2157.6244
 1-4 NB =       449.5348  1-4 EEL =      6143.3171  VDWAALS    =      6321.5346
 EELEC  =    -69507.6316  EHBOND  =         0.0000  RESTRAINT  =        78.3701
 EAMBER (non-restraint)  =    -53109.8823
 EKCMT  =      4619.6019  VIRIAL  =      5424.6258  VOLUME     =    174591.2480
                                                    Density    =         1.0240
 ------------------------------------------------------------------------------


 NSTEP =    12500   TIME(PS) =    1265.000  TEMP(K) =   298.53  PRESS =  -229.7
 Etot   =    -42215.9096  EKtot   =     10706.2998  EPtot      =    -52922.2094
 BOND   =       335.7616  ANGLE   =       977.1277  DIHED      =      2155.9891
 1-4 NB =       449.5014  1-4 EEL =      6142.2818  VDWAALS    =      6250.9679
 EELEC  =    -69308.7934  EHBOND  =         0.0000  RESTRAINT  =        74.9545
 EAMBER (non-restraint)  =    -52997.1639
 EKCMT  =      4638.4799  VIRIAL  =      5506.5984  VOLUME     =    175017.4151
                                                    Density    =         1.0215
 ------------------------------------------------------------------------------


 NSTEP =    13000   TIME(PS) =    1266.000  TEMP(K) =   300.26  PRESS =    -6.4
 Etot   =    -42286.2713  EKtot   =     10768.0020  EPtot      =    -53054.2733
 BOND   =       356.2571  ANGLE   =      1028.0280  DIHED      =      2141.9405
 1-4 NB =       441.2828  1-4 EEL =      6125.5665  VDWAALS    =      6331.8159
 EELEC  =    -69557.7855  EHBOND  =         0.0000  RESTRAINT  =        78.6213
 EAMBER (non-restraint)  =    -53132.8946
 EKCMT  =      4750.7963  VIRIAL  =      4774.7703  VOLUME     =    174858.5624
                                                    Density    =         1.0224
 ------------------------------------------------------------------------------


 NSTEP =    13500   TIME(PS) =    1267.000  TEMP(K) =   304.76  PRESS =   192.2
 Etot   =    -41932.9888  EKtot   =     10929.6836  EPtot      =    -52862.6724
 BOND   =       334.0305  ANGLE   =       997.5881  DIHED      =      2163.5868
 1-4 NB =       456.2199  1-4 EEL =      6156.7073  VDWAALS    =      6434.1821
 EELEC  =    -69476.5746  EHBOND  =         0.0000  RESTRAINT  =        71.5875
 EAMBER (non-restraint)  =    -52934.2599
 EKCMT  =      4744.6667  VIRIAL  =      4019.2496  VOLUME     =    174767.3843
                                                    Density    =         1.0229
 ------------------------------------------------------------------------------


 NSTEP =    14000   TIME(PS) =    1268.000  TEMP(K) =   299.82  PRESS =   257.0
 Etot   =    -41979.0235  EKtot   =     10752.2568  EPtot      =    -52731.2804
 BOND   =       349.7344  ANGLE   =      1002.7542  DIHED      =      2142.5588
 1-4 NB =       448.8271  1-4 EEL =      6134.5400  VDWAALS    =      6276.0687
 EELEC  =    -69158.5393  EHBOND  =         0.0000  RESTRAINT  =        72.7758
 EAMBER (non-restraint)  =    -52804.0562
 EKCMT  =      4719.0998  VIRIAL  =      3750.6608  VOLUME     =    174497.9238
                                                    Density    =         1.0245
 ------------------------------------------------------------------------------


 NSTEP =    14500   TIME(PS) =    1269.000  TEMP(K) =   299.07  PRESS =   -88.1
 Etot   =    -42109.3200  EKtot   =     10725.4277  EPtot      =    -52834.7478
 BOND   =       338.5982  ANGLE   =       997.0045  DIHED      =      2148.1445
 1-4 NB =       442.0889  1-4 EEL =      6140.0649  VDWAALS    =      6353.0240
 EELEC  =    -69336.7583  EHBOND  =         0.0000  RESTRAINT  =        83.0854
 EAMBER (non-restraint)  =    -52917.8331
 EKCMT  =      4694.3900  VIRIAL  =      5026.5736  VOLUME     =    174622.1656
                                                    Density    =         1.0238
 ------------------------------------------------------------------------------


 NSTEP =    15000   TIME(PS) =    1270.000  TEMP(K) =   302.22  PRESS =  -367.2
 Etot   =    -41946.5953  EKtot   =     10838.4414  EPtot      =    -52785.0367
 BOND   =       361.0604  ANGLE   =      1035.7270  DIHED      =      2168.6865
 1-4 NB =       452.9806  1-4 EEL =      6139.3643  VDWAALS    =      6042.9324
 EELEC  =    -69051.7314  EHBOND  =         0.0000  RESTRAINT  =        65.9435
 EAMBER (non-restraint)  =    -52850.9802
 EKCMT  =      4710.6741  VIRIAL  =      6095.7923  VOLUME     =    174705.7274
                                                    Density    =         1.0233
 ------------------------------------------------------------------------------


 NSTEP =    15500   TIME(PS) =    1271.000  TEMP(K) =   301.45  PRESS =   -28.3
 Etot   =    -41909.8671  EKtot   =     10810.9590  EPtot      =    -52720.8261
 BOND   =       346.8951  ANGLE   =       949.9063  DIHED      =      2157.5627
 1-4 NB =       439.6993  1-4 EEL =      6147.9459  VDWAALS    =      6097.7136
 EELEC  =    -68932.1785  EHBOND  =         0.0000  RESTRAINT  =        71.6296
 EAMBER (non-restraint)  =    -52792.4557
 EKCMT  =      4695.5321  VIRIAL  =      4802.0872  VOLUME     =    174475.1693
                                                    Density    =         1.0246
 ------------------------------------------------------------------------------


 NSTEP =    16000   TIME(PS) =    1272.000  TEMP(K) =   301.99  PRESS =    60.0
 Etot   =    -42063.2161  EKtot   =     10830.0996  EPtot      =    -52893.3157
 BOND   =       349.2323  ANGLE   =      1003.7409  DIHED      =      2157.7992
 1-4 NB =       436.4999  1-4 EEL =      6176.9730  VDWAALS    =      6358.3278
 EELEC  =    -69451.1402  EHBOND  =         0.0000  RESTRAINT  =        75.2514
 EAMBER (non-restraint)  =    -52968.5671
 EKCMT  =      4764.3207  VIRIAL  =      4538.1519  VOLUME     =    174682.2405
                                                    Density    =         1.0234
 ------------------------------------------------------------------------------


 NSTEP =    16500   TIME(PS) =    1273.000  TEMP(K) =   300.93  PRESS =     3.7
 Etot   =    -42181.4404  EKtot   =     10792.3145  EPtot      =    -52973.7549
 BOND   =       346.3365  ANGLE   =      1012.4653  DIHED      =      2140.5351
 1-4 NB =       459.1377  1-4 EEL =      6170.3097  VDWAALS    =      6311.6212
 EELEC  =    -69498.4780  EHBOND  =         0.0000  RESTRAINT  =        84.3176
 EAMBER (non-restraint)  =    -53058.0725
 EKCMT  =      4582.5072  VIRIAL  =      4568.6630  VOLUME     =    174797.2391
                                                    Density    =         1.0228
 ------------------------------------------------------------------------------


 NSTEP =    17000   TIME(PS) =    1274.000  TEMP(K) =   296.44  PRESS =   -61.1
 Etot   =    -42281.4887  EKtot   =     10631.0254  EPtot      =    -52912.5141
 BOND   =       358.5951  ANGLE   =       961.8296  DIHED      =      2165.5125
 1-4 NB =       451.5194  1-4 EEL =      6152.3785  VDWAALS    =      6313.7401
 EELEC  =    -69389.8769  EHBOND  =         0.0000  RESTRAINT  =        73.7876
 EAMBER (non-restraint)  =    -52986.3017
 EKCMT  =      4583.9308  VIRIAL  =      4814.2526  VOLUME     =    174660.9435
                                                    Density    =         1.0236
 ------------------------------------------------------------------------------


 NSTEP =    17500   TIME(PS) =    1275.000  TEMP(K) =   299.42  PRESS =    58.1
 Etot   =    -42319.4711  EKtot   =     10738.1748  EPtot      =    -53057.6459
 BOND   =       341.3756  ANGLE   =      1021.5799  DIHED      =      2163.3571
 1-4 NB =       428.1281  1-4 EEL =      6149.9056  VDWAALS    =      6438.3408
 EELEC  =    -69674.7959  EHBOND  =         0.0000  RESTRAINT  =        74.4628
 EAMBER (non-restraint)  =    -53132.1087
 EKCMT  =      4704.6155  VIRIAL  =      4485.9016  VOLUME     =    174438.6482
                                                    Density    =         1.0249
 ------------------------------------------------------------------------------


 NSTEP =    18000   TIME(PS) =    1276.000  TEMP(K) =   300.65  PRESS =    72.6
 Etot   =    -42125.0234  EKtot   =     10782.2490  EPtot      =    -52907.2724
 BOND   =       346.1426  ANGLE   =       957.0936  DIHED      =      2155.5316
 1-4 NB =       467.2393  1-4 EEL =      6174.7522  VDWAALS    =      6308.1927
 EELEC  =    -69390.9567  EHBOND  =         0.0000  RESTRAINT  =        74.7323
 EAMBER (non-restraint)  =    -52982.0047
 EKCMT  =      4687.9768  VIRIAL  =      4414.6268  VOLUME     =    174372.9001
                                                    Density    =         1.0252
 ------------------------------------------------------------------------------


 NSTEP =    18500   TIME(PS) =    1277.000  TEMP(K) =   305.39  PRESS =   -79.9
 Etot   =    -41841.9536  EKtot   =     10952.0752  EPtot      =    -52794.0288
 BOND   =       318.1010  ANGLE   =       962.8009  DIHED      =      2132.4784
 1-4 NB =       454.3420  1-4 EEL =      6169.7447  VDWAALS    =      6182.8071
 EELEC  =    -69093.6994  EHBOND  =         0.0000  RESTRAINT  =        79.3964
 EAMBER (non-restraint)  =    -52873.4253
 EKCMT  =      4768.2914  VIRIAL  =      5069.1394  VOLUME     =    174434.0044
                                                    Density    =         1.0249
 ------------------------------------------------------------------------------


 NSTEP =    19000   TIME(PS) =    1278.000  TEMP(K) =   298.01  PRESS =  -101.0
 Etot   =    -42345.7203  EKtot   =     10687.6191  EPtot      =    -53033.3394
 BOND   =       354.7648  ANGLE   =       979.8146  DIHED      =      2152.1627
 1-4 NB =       446.5824  1-4 EEL =      6161.1484  VDWAALS    =      6295.4621
 EELEC  =    -69504.4961  EHBOND  =         0.0000  RESTRAINT  =        81.2217
 EAMBER (non-restraint)  =    -53114.5611
 EKCMT  =      4681.2421  VIRIAL  =      5062.2380  VOLUME     =    174645.4520
                                                    Density    =         1.0236
 ------------------------------------------------------------------------------


 NSTEP =    19500   TIME(PS) =    1279.000  TEMP(K) =   298.36  PRESS =     1.4
 Etot   =    -42137.8576  EKtot   =     10700.0801  EPtot      =    -52837.9377
 BOND   =       354.4650  ANGLE   =       970.6520  DIHED      =      2150.6017
 1-4 NB =       466.5240  1-4 EEL =      6153.9156  VDWAALS    =      6179.4593
 EELEC  =    -69201.5868  EHBOND  =         0.0000  RESTRAINT  =        88.0315
 EAMBER (non-restraint)  =    -52925.9692
 EKCMT  =      4652.1125  VIRIAL  =      4646.6943  VOLUME     =    174670.7597
                                                    Density    =         1.0235
 ------------------------------------------------------------------------------


 NSTEP =    20000   TIME(PS) =    1280.000  TEMP(K) =   301.40  PRESS =    22.6
 Etot   =    -42113.4927  EKtot   =     10808.9189  EPtot      =    -52922.4116
 BOND   =       362.5688  ANGLE   =       984.3619  DIHED      =      2165.0058
 1-4 NB =       440.7962  1-4 EEL =      6140.1594  VDWAALS    =      6279.4445
 EELEC  =    -69370.8720  EHBOND  =         0.0000  RESTRAINT  =        76.1238
 EAMBER (non-restraint)  =    -52998.5354
 EKCMT  =      4705.5470  VIRIAL  =      4620.1053  VOLUME     =    174866.7282
                                                    Density    =         1.0224
 ------------------------------------------------------------------------------


 NSTEP =    20500   TIME(PS) =    1281.000  TEMP(K) =   297.87  PRESS =    36.5
 Etot   =    -42198.7497  EKtot   =     10682.5732  EPtot      =    -52881.3230
 BOND   =       363.4086  ANGLE   =       966.2534  DIHED      =      2152.6436
 1-4 NB =       442.2767  1-4 EEL =      6177.0261  VDWAALS    =      6293.4262
 EELEC  =    -69357.4537  EHBOND  =         0.0000  RESTRAINT  =        81.0962
 EAMBER (non-restraint)  =    -52962.4192
 EKCMT  =      4605.6017  VIRIAL  =      4467.7619  VOLUME     =    174930.7612
                                                    Density    =         1.0220
 ------------------------------------------------------------------------------


 NSTEP =    21000   TIME(PS) =    1282.000  TEMP(K) =   299.21  PRESS =    75.6
 Etot   =    -42178.4148  EKtot   =     10730.5771  EPtot      =    -52908.9920
 BOND   =       364.3183  ANGLE   =      1035.4057  DIHED      =      2155.0733
 1-4 NB =       441.8637  1-4 EEL =      6163.2348  VDWAALS    =      6332.9000
 EELEC  =    -69481.4784  EHBOND  =         0.0000  RESTRAINT  =        79.6906
 EAMBER (non-restraint)  =    -52988.6826
 EKCMT  =      4616.0768  VIRIAL  =      4332.0475  VOLUME     =    174009.1529
                                                    Density    =         1.0274
 ------------------------------------------------------------------------------


 NSTEP =    21500   TIME(PS) =    1283.000  TEMP(K) =   294.76  PRESS =    53.6
 Etot   =    -42348.8224  EKtot   =     10571.0254  EPtot      =    -52919.8478
 BOND   =       321.1191  ANGLE   =      1029.2344  DIHED      =      2161.8169
 1-4 NB =       451.4578  1-4 EEL =      6128.3880  VDWAALS    =      6393.5688
 EELEC  =    -69490.9234  EHBOND  =         0.0000  RESTRAINT  =        85.4907
 EAMBER (non-restraint)  =    -53005.3385
 EKCMT  =      4610.7064  VIRIAL  =      4409.4178  VOLUME     =    174029.1506
                                                    Density    =         1.0273
 ------------------------------------------------------------------------------


 NSTEP =    22000   TIME(PS) =    1284.000  TEMP(K) =   296.49  PRESS =   262.4
 Etot   =    -42155.6713  EKtot   =     10632.8887  EPtot      =    -52788.5600
 BOND   =       407.7566  ANGLE   =      1018.0979  DIHED      =      2154.3165
 1-4 NB =       441.4610  1-4 EEL =      6116.0621  VDWAALS    =      6446.6752
 EELEC  =    -69441.2920  EHBOND  =         0.0000  RESTRAINT  =        68.3627
 EAMBER (non-restraint)  =    -52856.9226
 EKCMT  =      4655.9569  VIRIAL  =      3666.1705  VOLUME     =    174713.5065
                                                    Density    =         1.0232
 ------------------------------------------------------------------------------


 NSTEP =    22500   TIME(PS) =    1285.000  TEMP(K) =   302.39  PRESS =   100.3
 Etot   =    -41949.6887  EKtot   =     10844.4922  EPtot      =    -52794.1808
 BOND   =       354.4003  ANGLE   =      1007.9209  DIHED      =      2160.5468
 1-4 NB =       435.7661  1-4 EEL =      6136.8126  VDWAALS    =      6331.7141
 EELEC  =    -69297.7146  EHBOND  =         0.0000  RESTRAINT  =        76.3730
 EAMBER (non-restraint)  =    -52870.5539
 EKCMT  =      4778.2531  VIRIAL  =      4399.4781  VOLUME     =    174907.6777
                                                    Density    =         1.0221
 ------------------------------------------------------------------------------


 NSTEP =    23000   TIME(PS) =    1286.000  TEMP(K) =   296.48  PRESS =  -255.7
 Etot   =    -42097.7451  EKtot   =     10632.4385  EPtot      =    -52730.1836
 BOND   =       372.0551  ANGLE   =      1005.2797  DIHED      =      2131.3634
 1-4 NB =       433.9676  1-4 EEL =      6169.0600  VDWAALS    =      6077.5101
 EELEC  =    -69006.4989  EHBOND  =         0.0000  RESTRAINT  =        87.0795
 EAMBER (non-restraint)  =    -52817.2630
 EKCMT  =      4638.6053  VIRIAL  =      5602.6627  VOLUME     =    174596.6202
                                                    Density    =         1.0239
 ------------------------------------------------------------------------------


 NSTEP =    23500   TIME(PS) =    1287.000  TEMP(K) =   301.61  PRESS =   213.0
 Etot   =    -41928.2741  EKtot   =     10816.7080  EPtot      =    -52744.9821
 BOND   =       352.1679  ANGLE   =      1003.1288  DIHED      =      2159.7391
 1-4 NB =       458.1928  1-4 EEL =      6145.3149  VDWAALS    =      6327.6093
 EELEC  =    -69267.1546  EHBOND  =         0.0000  RESTRAINT  =        76.0199
 EAMBER (non-restraint)  =    -52821.0020
 EKCMT  =      4696.6459  VIRIAL  =      3893.8779  VOLUME     =    174544.2254
                                                    Density    =         1.0242
 ------------------------------------------------------------------------------


 NSTEP =    24000   TIME(PS) =    1288.000  TEMP(K) =   302.39  PRESS =   104.8
 Etot   =    -42107.4947  EKtot   =     10844.4756  EPtot      =    -52951.9703
 BOND   =       346.7774  ANGLE   =      1008.7462  DIHED      =      2169.7372
 1-4 NB =       433.8831  1-4 EEL =      6180.5761  VDWAALS    =      6286.8446
 EELEC  =    -69452.7369  EHBOND  =         0.0000  RESTRAINT  =        74.2020
 EAMBER (non-restraint)  =    -53026.1722
 EKCMT  =      4724.1799  VIRIAL  =      4329.0146  VOLUME     =    174624.3943
                                                    Density    =         1.0238
 ------------------------------------------------------------------------------


 NSTEP =    24500   TIME(PS) =    1289.000  TEMP(K) =   300.31  PRESS =  -187.8
 Etot   =    -42023.2534  EKtot   =     10769.8691  EPtot      =    -52793.1226
 BOND   =       367.1671  ANGLE   =      1005.7213  DIHED      =      2139.6003
 1-4 NB =       447.5909  1-4 EEL =      6152.8479  VDWAALS    =      6234.5142
 EELEC  =    -69215.8765  EHBOND  =         0.0000  RESTRAINT  =        75.3123
 EAMBER (non-restraint)  =    -52868.4348
 EKCMT  =      4689.9627  VIRIAL  =      5398.0073  VOLUME     =    174617.5659
                                                    Density    =         1.0238
 ------------------------------------------------------------------------------


 NSTEP =    25000   TIME(PS) =    1290.000  TEMP(K) =   300.35  PRESS =   147.9
 Etot   =    -42197.9851  EKtot   =     10771.5850  EPtot      =    -52969.5700
 BOND   =       362.2611  ANGLE   =      1028.5875  DIHED      =      2152.8482
 1-4 NB =       445.1283  1-4 EEL =      6138.7070  VDWAALS    =      6403.2355
 EELEC  =    -69581.2302  EHBOND  =         0.0000  RESTRAINT  =        80.8925
 EAMBER (non-restraint)  =    -53050.4625
 EKCMT  =      4725.9605  VIRIAL  =      4169.6967  VOLUME     =    174219.0656
                                                    Density    =         1.0262
 ------------------------------------------------------------------------------


 NSTEP =    25500   TIME(PS) =    1291.000  TEMP(K) =   301.33  PRESS =    58.8
 Etot   =    -42146.3847  EKtot   =     10806.6709  EPtot      =    -52953.0556
 BOND   =       365.9080  ANGLE   =       990.1663  DIHED      =      2145.3722
 1-4 NB =       437.5935  1-4 EEL =      6119.3003  VDWAALS    =      6285.6032
 EELEC  =    -69365.5668  EHBOND  =         0.0000  RESTRAINT  =        68.5678
 EAMBER (non-restraint)  =    -53021.6234
 EKCMT  =      4651.9928  VIRIAL  =      4430.4677  VOLUME     =    174602.3298
                                                    Density    =         1.0239
 ------------------------------------------------------------------------------


 NSTEP =    26000   TIME(PS) =    1292.000  TEMP(K) =   296.44  PRESS =    68.8
 Etot   =    -42290.6585  EKtot   =     10631.3213  EPtot      =    -52921.9798
 BOND   =       340.3728  ANGLE   =       989.1534  DIHED      =      2159.3968
 1-4 NB =       449.3612  1-4 EEL =      6145.5876  VDWAALS    =      6261.1179
 EELEC  =    -69342.1952  EHBOND  =         0.0000  RESTRAINT  =        75.2256
 EAMBER (non-restraint)  =    -52997.2054
 EKCMT  =      4640.9191  VIRIAL  =      4381.4120  VOLUME     =    174736.1641
                                                    Density    =         1.0231
 ------------------------------------------------------------------------------


 NSTEP =    26500   TIME(PS) =    1293.000  TEMP(K) =   299.11  PRESS =   -91.0
 Etot   =    -42271.4805  EKtot   =     10726.9287  EPtot      =    -52998.4092
 BOND   =       327.0530  ANGLE   =       957.1226  DIHED      =      2149.6107
 1-4 NB =       441.8588  1-4 EEL =      6166.3907  VDWAALS    =      6236.3247
 EELEC  =    -69342.7322  EHBOND  =         0.0000  RESTRAINT  =        65.9624
 EAMBER (non-restraint)  =    -53064.3716
 EKCMT  =      4705.6223  VIRIAL  =      5048.7448  VOLUME     =    174727.5879
                                                    Density    =         1.0232
 ------------------------------------------------------------------------------


 NSTEP =    27000   TIME(PS) =    1294.000  TEMP(K) =   300.76  PRESS =    68.3
 Etot   =    -42162.5460  EKtot   =     10785.9717  EPtot      =    -52948.5177
 BOND   =       359.4469  ANGLE   =       985.7966  DIHED      =      2136.7875
 1-4 NB =       440.1314  1-4 EEL =      6147.1800  VDWAALS    =      6208.5634
 EELEC  =    -69297.1775  EHBOND  =         0.0000  RESTRAINT  =        70.7539
 EAMBER (non-restraint)  =    -53019.2716
 EKCMT  =      4740.9139  VIRIAL  =      4483.0425  VOLUME     =    174866.9145
                                                    Density    =         1.0224
 ------------------------------------------------------------------------------


 NSTEP =    27500   TIME(PS) =    1295.000  TEMP(K) =   301.82  PRESS =   -89.5
 Etot   =    -41835.8785  EKtot   =     10824.2070  EPtot      =    -52660.0855
 BOND   =       340.8592  ANGLE   =      1035.4200  DIHED      =      2175.9779
 1-4 NB =       444.0866  1-4 EEL =      6160.3708  VDWAALS    =      6257.6253
 EELEC  =    -69161.8497  EHBOND  =         0.0000  RESTRAINT  =        87.4245
 EAMBER (non-restraint)  =    -52747.5099
 EKCMT  =      4676.9761  VIRIAL  =      5015.4423  VOLUME     =    175098.5853
                                                    Density    =         1.0210
 ------------------------------------------------------------------------------


 NSTEP =    28000   TIME(PS) =    1296.000  TEMP(K) =   296.81  PRESS =  -272.1
 Etot   =    -42180.4460  EKtot   =     10644.6006  EPtot      =    -52825.0466
 BOND   =       356.3067  ANGLE   =      1003.1424  DIHED      =      2138.4490
 1-4 NB =       440.3594  1-4 EEL =      6157.8121  VDWAALS    =      6193.3493
 EELEC  =    -69194.5603  EHBOND  =         0.0000  RESTRAINT  =        80.0949
 EAMBER (non-restraint)  =    -52905.1415
 EKCMT  =      4631.4288  VIRIAL  =      5660.7070  VOLUME     =    175177.5219
                                                    Density    =         1.0205
 ------------------------------------------------------------------------------


 NSTEP =    28500   TIME(PS) =    1297.000  TEMP(K) =   300.18  PRESS =    88.8
 Etot   =    -42012.2525  EKtot   =     10765.3477  EPtot      =    -52777.6002
 BOND   =       340.2665  ANGLE   =      1010.3602  DIHED      =      2170.1947
 1-4 NB =       448.5750  1-4 EEL =      6167.1216  VDWAALS    =      6313.1755
 EELEC  =    -69302.0660  EHBOND  =         0.0000  RESTRAINT  =        74.7723
 EAMBER (non-restraint)  =    -52852.3725
 EKCMT  =      4721.9557  VIRIAL  =      4386.0625  VOLUME     =    175169.5961
                                                    Density    =         1.0206
 ------------------------------------------------------------------------------


 NSTEP =    29000   TIME(PS) =    1298.000  TEMP(K) =   300.31  PRESS =   -72.1
 Etot   =    -42050.8188  EKtot   =     10769.9814  EPtot      =    -52820.8002
 BOND   =       323.6406  ANGLE   =      1035.0386  DIHED      =      2129.5729
 1-4 NB =       446.2970  1-4 EEL =      6167.2515  VDWAALS    =      6283.5001
 EELEC  =    -69283.8832  EHBOND  =         0.0000  RESTRAINT  =        77.7822
 EAMBER (non-restraint)  =    -52898.5824
 EKCMT  =      4762.2805  VIRIAL  =      5034.5589  VOLUME     =    174799.6875
                                                    Density    =         1.0227
 ------------------------------------------------------------------------------


 NSTEP =    29500   TIME(PS) =    1299.000  TEMP(K) =   299.22  PRESS =   -27.4
 Etot   =    -42145.9664  EKtot   =     10730.8477  EPtot      =    -52876.8140
 BOND   =       340.1503  ANGLE   =      1010.2435  DIHED      =      2155.9046
 1-4 NB =       446.7738  1-4 EEL =      6150.2421  VDWAALS    =      6303.4175
 EELEC  =    -69362.4818  EHBOND  =         0.0000  RESTRAINT  =        78.9361
 EAMBER (non-restraint)  =    -52955.7501
 EKCMT  =      4635.7409  VIRIAL  =      4739.0106  VOLUME     =    174850.3068
                                                    Density    =         1.0224
 ------------------------------------------------------------------------------


 NSTEP =    30000   TIME(PS) =    1300.000  TEMP(K) =   296.92  PRESS =   283.9
 Etot   =    -42078.0796  EKtot   =     10648.3838  EPtot      =    -52726.4634
 BOND   =       361.4871  ANGLE   =       991.4754  DIHED      =      2157.1886
 1-4 NB =       454.8837  1-4 EEL =      6180.7551  VDWAALS    =      6341.0035
 EELEC  =    -69288.7418  EHBOND  =         0.0000  RESTRAINT  =        75.4849
 EAMBER (non-restraint)  =    -52801.9483
 EKCMT  =      4667.5593  VIRIAL  =      3596.6785  VOLUME     =    174730.4553
                                                    Density    =         1.0231
 ------------------------------------------------------------------------------


 NSTEP =    30500   TIME(PS) =    1301.000  TEMP(K) =   297.13  PRESS =   -64.0
 Etot   =    -42383.4588  EKtot   =     10655.9316  EPtot      =    -53039.3905
 BOND   =       341.4996  ANGLE   =      1014.6136  DIHED      =      2139.5023
 1-4 NB =       452.4515  1-4 EEL =      6153.8764  VDWAALS    =      6271.1324
 EELEC  =    -69493.1641  EHBOND  =         0.0000  RESTRAINT  =        80.6979
 EAMBER (non-restraint)  =    -53120.0883
 EKCMT  =      4644.1409  VIRIAL  =      4885.1848  VOLUME     =    174542.8139
                                                    Density    =         1.0242
 ------------------------------------------------------------------------------


 NSTEP =    31000   TIME(PS) =    1302.000  TEMP(K) =   303.10  PRESS =   -87.6
 Etot   =    -41861.1096  EKtot   =     10869.9385  EPtot      =    -52731.0481
 BOND   =       328.8699  ANGLE   =      1025.9264  DIHED      =      2122.4309
 1-4 NB =       442.8593  1-4 EEL =      6149.6431  VDWAALS    =      6027.0362
 EELEC  =    -68903.7578  EHBOND  =         0.0000  RESTRAINT  =        75.9438
 EAMBER (non-restraint)  =    -52806.9919
 EKCMT  =      4753.5447  VIRIAL  =      5084.0215  VOLUME     =    174663.1818
                                                    Density    =         1.0235
 ------------------------------------------------------------------------------


 NSTEP =    31500   TIME(PS) =    1303.000  TEMP(K) =   293.69  PRESS =    51.6
 Etot   =    -42225.4646  EKtot   =     10532.6348  EPtot      =    -52758.0994
 BOND   =       323.6962  ANGLE   =       996.3861  DIHED      =      2157.6029
 1-4 NB =       452.9454  1-4 EEL =      6164.6574  VDWAALS    =      6228.2315
 EELEC  =    -69172.5404  EHBOND  =         0.0000  RESTRAINT  =        90.9215
 EAMBER (non-restraint)  =    -52849.0209
 EKCMT  =      4648.8711  VIRIAL  =      4454.0431  VOLUME     =    174923.4676
                                                    Density    =         1.0220
 ------------------------------------------------------------------------------


 NSTEP =    32000   TIME(PS) =    1304.000  TEMP(K) =   299.54  PRESS =   158.4
 Etot   =    -42242.8574  EKtot   =     10742.3711  EPtot      =    -52985.2285
 BOND   =       360.4847  ANGLE   =      1006.2555  DIHED      =      2155.2019
 1-4 NB =       425.7243  1-4 EEL =      6178.5947  VDWAALS    =      6379.0343
 EELEC  =    -69556.6879  EHBOND  =         0.0000  RESTRAINT  =        66.1640
 EAMBER (non-restraint)  =    -53051.3926
 EKCMT  =      4689.5736  VIRIAL  =      4091.4461  VOLUME     =    174885.4041
                                                    Density    =         1.0222
 ------------------------------------------------------------------------------


 NSTEP =    32500   TIME(PS) =    1305.000  TEMP(K) =   302.63  PRESS =  -169.7
 Etot   =    -42277.8574  EKtot   =     10853.2725  EPtot      =    -53131.1298
 BOND   =       372.8512  ANGLE   =       968.6463  DIHED      =      2133.8335
 1-4 NB =       438.0810  1-4 EEL =      6170.5452  VDWAALS    =      6405.9806
 EELEC  =    -69700.7257  EHBOND  =         0.0000  RESTRAINT  =        79.6581
 EAMBER (non-restraint)  =    -53210.7879
 EKCMT  =      4750.6045  VIRIAL  =      5391.8300  VOLUME     =    175004.5985
                                                    Density    =         1.0215
 ------------------------------------------------------------------------------


 NSTEP =    33000   TIME(PS) =    1306.000  TEMP(K) =   300.24  PRESS =   124.5
 Etot   =    -42057.0801  EKtot   =     10767.3906  EPtot      =    -52824.4707
 BOND   =       364.3633  ANGLE   =       979.8651  DIHED      =      2154.9327
 1-4 NB =       452.5961  1-4 EEL =      6106.9767  VDWAALS    =      6235.7949
 EELEC  =    -69197.8116  EHBOND  =         0.0000  RESTRAINT  =        78.8121
 EAMBER (non-restraint)  =    -52903.2829
 EKCMT  =      4690.9660  VIRIAL  =      4220.9599  VOLUME     =    174864.0298
                                                    Density    =         1.0224
 ------------------------------------------------------------------------------


 NSTEP =    33500   TIME(PS) =    1307.000  TEMP(K) =   302.89  PRESS =   262.7
 Etot   =    -42006.9533  EKtot   =     10862.6670  EPtot      =    -52869.6203
 BOND   =       312.6798  ANGLE   =       998.0128  DIHED      =      2135.7453
 1-4 NB =       465.4175  1-4 EEL =      6148.8796  VDWAALS    =      6363.0214
 EELEC  =    -69377.5900  EHBOND  =         0.0000  RESTRAINT  =        84.2133
 EAMBER (non-restraint)  =    -52953.8336
 EKCMT  =      4807.2541  VIRIAL  =      3816.4578  VOLUME     =    174675.7860
                                                    Density    =         1.0235
 ------------------------------------------------------------------------------


 NSTEP =    34000   TIME(PS) =    1308.000  TEMP(K) =   298.13  PRESS =   -61.5
 Etot   =    -42222.1777  EKtot   =     10691.9297  EPtot      =    -52914.1074
 BOND   =       346.0764  ANGLE   =      1007.3432  DIHED      =      2142.5145
 1-4 NB =       442.6150  1-4 EEL =      6140.4307  VDWAALS    =      6262.6312
 EELEC  =    -69333.5456  EHBOND  =         0.0000  RESTRAINT  =        77.8272
 EAMBER (non-restraint)  =    -52991.9346
 EKCMT  =      4702.5633  VIRIAL  =      4934.5035  VOLUME     =    174762.9518
                                                    Density    =         1.0230
 ------------------------------------------------------------------------------


 NSTEP =    34500   TIME(PS) =    1309.000  TEMP(K) =   298.63  PRESS =    42.7
 Etot   =    -42304.9643  EKtot   =     10709.8555  EPtot      =    -53014.8198
 BOND   =       344.4951  ANGLE   =       967.3469  DIHED      =      2162.6839
 1-4 NB =       446.3882  1-4 EEL =      6145.7688  VDWAALS    =      6280.4167
 EELEC  =    -69436.9921  EHBOND  =         0.0000  RESTRAINT  =        75.0729
 EAMBER (non-restraint)  =    -53089.8927
 EKCMT  =      4723.0650  VIRIAL  =      4561.8547  VOLUME     =    174799.3228
                                                    Density    =         1.0227
 ------------------------------------------------------------------------------


 NSTEP =    35000   TIME(PS) =    1310.000  TEMP(K) =   302.92  PRESS =    79.9
 Etot   =    -41899.1439  EKtot   =     10863.6572  EPtot      =    -52762.8012
 BOND   =       353.7014  ANGLE   =      1014.6737  DIHED      =      2141.8305
 1-4 NB =       452.7961  1-4 EEL =      6190.9679  VDWAALS    =      6352.7393
 EELEC  =    -69350.4431  EHBOND  =         0.0000  RESTRAINT  =        80.9330
 EAMBER (non-restraint)  =    -52843.7341
 EKCMT  =      4699.1258  VIRIAL  =      4397.3311  VOLUME     =    174901.9523
                                                    Density    =         1.0221
 ------------------------------------------------------------------------------


 NSTEP =    35500   TIME(PS) =    1311.000  TEMP(K) =   300.44  PRESS =   174.6
 Etot   =    -42058.7188  EKtot   =     10774.7168  EPtot      =    -52833.4356
 BOND   =       338.0978  ANGLE   =       993.6441  DIHED      =      2148.4641
 1-4 NB =       443.0264  1-4 EEL =      6149.6565  VDWAALS    =      6357.4327
 EELEC  =    -69342.5848  EHBOND  =         0.0000  RESTRAINT  =        78.8275
 EAMBER (non-restraint)  =    -52912.2631
 EKCMT  =      4730.0884  VIRIAL  =      4070.2715  VOLUME     =    175066.5954
                                                    Density    =         1.0212
 ------------------------------------------------------------------------------


 NSTEP =    36000   TIME(PS) =    1312.000  TEMP(K) =   299.99  PRESS =    70.2
 Etot   =    -41869.7431  EKtot   =     10758.3672  EPtot      =    -52628.1103
 BOND   =       338.7475  ANGLE   =      1017.5460  DIHED      =      2164.6808
 1-4 NB =       451.4054  1-4 EEL =      6115.4783  VDWAALS    =      6195.3264
 EELEC  =    -68983.4014  EHBOND  =         0.0000  RESTRAINT  =        72.1066
 EAMBER (non-restraint)  =    -52700.2169
 EKCMT  =      4626.1745  VIRIAL  =      4360.4744  VOLUME     =    175191.0317
                                                    Density    =         1.0205
 ------------------------------------------------------------------------------


 NSTEP =    36500   TIME(PS) =    1313.000  TEMP(K) =   299.66  PRESS =   -75.9
 Etot   =    -42030.3102  EKtot   =     10746.6943  EPtot      =    -52777.0045
 BOND   =       332.5311  ANGLE   =       986.4837  DIHED      =      2152.2870
 1-4 NB =       460.7883  1-4 EEL =      6170.2256  VDWAALS    =      6261.0635
 EELEC  =    -69224.5244  EHBOND  =         0.0000  RESTRAINT  =        84.1408
 EAMBER (non-restraint)  =    -52861.1453
 EKCMT  =      4673.6095  VIRIAL  =      4961.2118  VOLUME     =    175457.9529
                                                    Density    =         1.0189
 ------------------------------------------------------------------------------


 NSTEP =    37000   TIME(PS) =    1314.000  TEMP(K) =   303.02  PRESS =    67.9
 Etot   =    -41940.1991  EKtot   =     10867.2676  EPtot      =    -52807.4666
 BOND   =       340.9461  ANGLE   =      1017.6112  DIHED      =      2123.3497
 1-4 NB =       442.9545  1-4 EEL =      6122.0123  VDWAALS    =      6273.0872
 EELEC  =    -69203.7608  EHBOND  =         0.0000  RESTRAINT  =        76.3332
 EAMBER (non-restraint)  =    -52883.7998
 EKCMT  =      4790.1921  VIRIAL  =      4532.9640  VOLUME     =    175464.3373
                                                    Density    =         1.0189
 ------------------------------------------------------------------------------


 NSTEP =    37500   TIME(PS) =    1315.000  TEMP(K) =   298.49  PRESS =   158.9
 Etot   =    -42269.1916  EKtot   =     10704.8086  EPtot      =    -52974.0002
 BOND   =       326.0896  ANGLE   =      1018.5397  DIHED      =      2126.4179
 1-4 NB =       424.0591  1-4 EEL =      6154.8875  VDWAALS    =      6336.4297
 EELEC  =    -69435.7735  EHBOND  =         0.0000  RESTRAINT  =        75.3496
 EAMBER (non-restraint)  =    -53049.3499
 EKCMT  =      4726.7327  VIRIAL  =      4124.8632  VOLUME     =    175413.8990
                                                    Density    =         1.0192
 ------------------------------------------------------------------------------


 NSTEP =    38000   TIME(PS) =    1316.000  TEMP(K) =   296.22  PRESS =  -249.6
 Etot   =    -42191.6736  EKtot   =     10623.1396  EPtot      =    -52814.8132
 BOND   =       331.2157  ANGLE   =      1029.7429  DIHED      =      2124.4003
 1-4 NB =       442.6682  1-4 EEL =      6170.5130  VDWAALS    =      6169.2718
 EELEC  =    -69159.6355  EHBOND  =         0.0000  RESTRAINT  =        77.0103
 EAMBER (non-restraint)  =    -52891.8235
 EKCMT  =      4620.8246  VIRIAL  =      5564.3575  VOLUME     =    175076.6526
                                                    Density    =         1.0211
 ------------------------------------------------------------------------------


 NSTEP =    38500   TIME(PS) =    1317.000  TEMP(K) =   303.54  PRESS =  -161.1
 Etot   =    -41977.4994  EKtot   =     10885.9648  EPtot      =    -52863.4642
 BOND   =       360.0412  ANGLE   =       992.9591  DIHED      =      2165.5421
 1-4 NB =       452.1516  1-4 EEL =      6150.2779  VDWAALS    =      6187.2003
 EELEC  =    -69254.4790  EHBOND  =         0.0000  RESTRAINT  =        82.8425
 EAMBER (non-restraint)  =    -52946.3067
 EKCMT  =      4760.5577  VIRIAL  =      5369.6538  VOLUME     =    175144.7016
                                                    Density    =         1.0207
 ------------------------------------------------------------------------------


 NSTEP =    39000   TIME(PS) =    1318.000  TEMP(K) =   299.72  PRESS =   -55.7
 Etot   =    -42162.4472  EKtot   =     10748.8271  EPtot      =    -52911.2743
 BOND   =       362.5300  ANGLE   =       973.1945  DIHED      =      2141.9212
 1-4 NB =       442.9565  1-4 EEL =      6161.4058  VDWAALS    =      6339.0944
 EELEC  =    -69407.4900  EHBOND  =         0.0000  RESTRAINT  =        75.1133
 EAMBER (non-restraint)  =    -52986.3877
 EKCMT  =      4742.0432  VIRIAL  =      4952.5309  VOLUME     =    174979.8353
                                                    Density    =         1.0217
 ------------------------------------------------------------------------------


 NSTEP =    39500   TIME(PS) =    1319.000  TEMP(K) =   299.59  PRESS =   151.6
 Etot   =    -42151.5517  EKtot   =     10744.2969  EPtot      =    -52895.8486
 BOND   =       353.8391  ANGLE   =       991.7278  DIHED      =      2142.5631
 1-4 NB =       458.5860  1-4 EEL =      6171.3247  VDWAALS    =      6349.4073
 EELEC  =    -69445.6578  EHBOND  =         0.0000  RESTRAINT  =        82.3614
 EAMBER (non-restraint)  =    -52978.2099
 EKCMT  =      4689.7130  VIRIAL  =      4118.1040  VOLUME     =    174678.3944
                                                    Density    =         1.0235
 ------------------------------------------------------------------------------


 NSTEP =    40000   TIME(PS) =    1320.000  TEMP(K) =   302.98  PRESS =    64.5
 Etot   =    -42155.2628  EKtot   =     10865.8223  EPtot      =    -53021.0850
 BOND   =       339.9311  ANGLE   =       960.5107  DIHED      =      2128.9921
 1-4 NB =       452.0119  1-4 EEL =      6175.4504  VDWAALS    =      6226.2070
 EELEC  =    -69375.6408  EHBOND  =         0.0000  RESTRAINT  =        71.4525
 EAMBER (non-restraint)  =    -53092.5375
 EKCMT  =      4769.8653  VIRIAL  =      4526.6990  VOLUME     =    174481.4853
                                                    Density    =         1.0246
 ------------------------------------------------------------------------------


 NSTEP =    40500   TIME(PS) =    1321.000  TEMP(K) =   305.59  PRESS =   143.8
 Etot   =    -42169.4435  EKtot   =     10959.3340  EPtot      =    -53128.7775
 BOND   =       338.4671  ANGLE   =       986.7403  DIHED      =      2143.0834
 1-4 NB =       434.7239  1-4 EEL =      6158.8326  VDWAALS    =      6313.6720
 EELEC  =    -69576.0228  EHBOND  =         0.0000  RESTRAINT  =        71.7260
 EAMBER (non-restraint)  =    -53200.5035
 EKCMT  =      4874.1132  VIRIAL  =      4332.1625  VOLUME     =    174512.1709
                                                    Density    =         1.0244
 ------------------------------------------------------------------------------


 NSTEP =    41000   TIME(PS) =    1322.000  TEMP(K) =   296.48  PRESS =   -88.5
 Etot   =    -42246.2423  EKtot   =     10632.4707  EPtot      =    -52878.7131
 BOND   =       336.0776  ANGLE   =       936.2882  DIHED      =      2125.9868
 1-4 NB =       443.4329  1-4 EEL =      6151.8018  VDWAALS    =      6254.0596
 EELEC  =    -69205.2606  EHBOND  =         0.0000  RESTRAINT  =        78.9006
 EAMBER (non-restraint)  =    -52957.6137
 EKCMT  =      4599.7182  VIRIAL  =      4933.7213  VOLUME     =    174841.4499
                                                    Density    =         1.0225
 ------------------------------------------------------------------------------


 NSTEP =    41500   TIME(PS) =    1323.000  TEMP(K) =   301.39  PRESS =   -20.9
 Etot   =    -41844.0697  EKtot   =     10808.8516  EPtot      =    -52652.9212
 BOND   =       326.8376  ANGLE   =      1043.9391  DIHED      =      2167.5628
 1-4 NB =       439.3867  1-4 EEL =      6165.3678  VDWAALS    =      6186.5833
 EELEC  =    -69055.4380  EHBOND  =         0.0000  RESTRAINT  =        72.8394
 EAMBER (non-restraint)  =    -52725.7606
 EKCMT  =      4699.3549  VIRIAL  =      4778.2731  VOLUME     =    175071.4748
                                                    Density    =         1.0212
 ------------------------------------------------------------------------------


 NSTEP =    42000   TIME(PS) =    1324.000  TEMP(K) =   298.68  PRESS =  -278.7
 Etot   =    -42167.6968  EKtot   =     10711.3652  EPtot      =    -52879.0620
 BOND   =       358.1606  ANGLE   =      1004.3097  DIHED      =      2152.4807
 1-4 NB =       462.5592  1-4 EEL =      6140.7758  VDWAALS    =      6245.7449
 EELEC  =    -69317.8576  EHBOND  =         0.0000  RESTRAINT  =        74.7647
 EAMBER (non-restraint)  =    -52953.8267
 EKCMT  =      4598.3841  VIRIAL  =      5650.5504  VOLUME     =    174833.2667
                                                    Density    =         1.0225
 ------------------------------------------------------------------------------


 NSTEP =    42500   TIME(PS) =    1325.000  TEMP(K) =   295.69  PRESS =   -60.3
 Etot   =    -42231.7104  EKtot   =     10604.4238  EPtot      =    -52836.1342
 BOND   =       353.7677  ANGLE   =      1006.9264  DIHED      =      2151.6806
 1-4 NB =       446.2968  1-4 EEL =      6147.3963  VDWAALS    =      6317.8242
 EELEC  =    -69342.9912  EHBOND  =         0.0000  RESTRAINT  =        82.9650
 EAMBER (non-restraint)  =    -52919.0992
 EKCMT  =      4582.1547  VIRIAL  =      4809.5295  VOLUME     =    174719.8881
                                                    Density    =         1.0232
 ------------------------------------------------------------------------------


 NSTEP =    43000   TIME(PS) =    1326.000  TEMP(K) =   300.54  PRESS =   151.9
 Etot   =    -42154.6247  EKtot   =     10778.2168  EPtot      =    -52932.8415
 BOND   =       337.7061  ANGLE   =       996.2449  DIHED      =      2166.1707
 1-4 NB =       449.0125  1-4 EEL =      6180.4989  VDWAALS    =      6318.0845
 EELEC  =    -69463.6906  EHBOND  =         0.0000  RESTRAINT  =        83.1316
 EAMBER (non-restraint)  =    -53015.9731
 EKCMT  =      4717.8879  VIRIAL  =      4145.9620  VOLUME     =    174437.3215
                                                    Density    =         1.0249
 ------------------------------------------------------------------------------


 NSTEP =    43500   TIME(PS) =    1327.000  TEMP(K) =   299.67  PRESS =    35.1
 Etot   =    -42055.8115  EKtot   =     10747.0762  EPtot      =    -52802.8876
 BOND   =       342.7738  ANGLE   =       988.1121  DIHED      =      2161.7099
 1-4 NB =       450.8747  1-4 EEL =      6134.7176  VDWAALS    =      6138.7610
 EELEC  =    -69100.1015  EHBOND  =         0.0000  RESTRAINT  =        80.2648
 EAMBER (non-restraint)  =    -52883.1524
 EKCMT  =      4681.0094  VIRIAL  =      4548.6309  VOLUME     =    174863.3324
                                                    Density    =         1.0224
 ------------------------------------------------------------------------------


 NSTEP =    44000   TIME(PS) =    1328.000  TEMP(K) =   297.20  PRESS =   -11.9
 Etot   =    -42188.9995  EKtot   =     10658.6152  EPtot      =    -52847.6147
 BOND   =       338.6029  ANGLE   =      1010.0624  DIHED      =      2162.4120
 1-4 NB =       442.7389  1-4 EEL =      6184.2401  VDWAALS    =      6303.3289
 EELEC  =    -69357.1592  EHBOND  =         0.0000  RESTRAINT  =        68.1593
 EAMBER (non-restraint)  =    -52915.7740
 EKCMT  =      4622.4120  VIRIAL  =      4667.3704  VOLUME     =    174795.3976
                                                    Density    =         1.0228
 ------------------------------------------------------------------------------


 NSTEP =    44500   TIME(PS) =    1329.000  TEMP(K) =   303.37  PRESS =   133.3
 Etot   =    -42070.9947  EKtot   =     10879.7627  EPtot      =    -52950.7574
 BOND   =       356.6017  ANGLE   =      1011.8130  DIHED      =      2128.7663
 1-4 NB =       441.6500  1-4 EEL =      6139.6703  VDWAALS    =      6351.1790
 EELEC  =    -69456.6390  EHBOND  =         0.0000  RESTRAINT  =        76.2013
 EAMBER (non-restraint)  =    -53026.9587
 EKCMT  =      4719.4870  VIRIAL  =      4216.5939  VOLUME     =    174788.7148
                                                    Density    =         1.0228
 ------------------------------------------------------------------------------


 NSTEP =    45000   TIME(PS) =    1330.000  TEMP(K) =   305.56  PRESS =   -52.1
 Etot   =    -41846.7628  EKtot   =     10958.1074  EPtot      =    -52804.8702
 BOND   =       330.8023  ANGLE   =       975.1815  DIHED      =      2147.9037
 1-4 NB =       467.5309  1-4 EEL =      6146.0684  VDWAALS    =      6183.4256
 EELEC  =    -69121.0561  EHBOND  =         0.0000  RESTRAINT  =        65.2735
 EAMBER (non-restraint)  =    -52870.1437
 EKCMT  =      4766.6305  VIRIAL  =      4963.1162  VOLUME     =    174751.6332
                                                    Density    =         1.0230
 ------------------------------------------------------------------------------


 NSTEP =    45500   TIME(PS) =    1331.000  TEMP(K) =   298.53  PRESS =   -42.3
 Etot   =    -42221.3167  EKtot   =     10706.0117  EPtot      =    -52927.3285
 BOND   =       345.6962  ANGLE   =      1013.9793  DIHED      =      2153.9479
 1-4 NB =       434.0354  1-4 EEL =      6145.8762  VDWAALS    =      6336.9418
 EELEC  =    -69433.6558  EHBOND  =         0.0000  RESTRAINT  =        75.8506
 EAMBER (non-restraint)  =    -53003.1791
 EKCMT  =      4670.6423  VIRIAL  =      4830.0095  VOLUME     =    174574.8607
                                                    Density    =         1.0241
 ------------------------------------------------------------------------------


 NSTEP =    46000   TIME(PS) =    1332.000  TEMP(K) =   304.43  PRESS =     3.3
 Etot   =    -41954.8313  EKtot   =     10917.8594  EPtot      =    -52872.6907
 BOND   =       341.0782  ANGLE   =      1002.8028  DIHED      =      2138.4241
 1-4 NB =       442.6057  1-4 EEL =      6149.5751  VDWAALS    =      6284.2874
 EELEC  =    -69312.2196  EHBOND  =         0.0000  RESTRAINT  =        80.7557
 EAMBER (non-restraint)  =    -52953.4464
 EKCMT  =      4775.6587  VIRIAL  =      4763.3276  VOLUME     =    174750.8751
                                                    Density    =         1.0230
 ------------------------------------------------------------------------------


 NSTEP =    46500   TIME(PS) =    1333.000  TEMP(K) =   298.90  PRESS =   -17.7
 Etot   =    -42030.7095  EKtot   =     10719.3223  EPtot      =    -52750.0318
 BOND   =       360.8862  ANGLE   =      1018.9402  DIHED      =      2183.3030
 1-4 NB =       449.4104  1-4 EEL =      6141.7980  VDWAALS    =      6182.7606
 EELEC  =    -69169.7469  EHBOND  =         0.0000  RESTRAINT  =        82.6167
 EAMBER (non-restraint)  =    -52832.6485
 EKCMT  =      4608.1083  VIRIAL  =      4674.8261  VOLUME     =    174949.2156
                                                    Density    =         1.0219
 ------------------------------------------------------------------------------


 NSTEP =    47000   TIME(PS) =    1334.000  TEMP(K) =   301.51  PRESS =    20.7
 Etot   =    -41978.0917  EKtot   =     10813.1748  EPtot      =    -52791.2665
 BOND   =       353.7838  ANGLE   =       994.9698  DIHED      =      2137.9714
 1-4 NB =       438.4945  1-4 EEL =      6178.9000  VDWAALS    =      6358.3694
 EELEC  =    -69322.1043  EHBOND  =         0.0000  RESTRAINT  =        68.3488
 EAMBER (non-restraint)  =    -52859.6153
 EKCMT  =      4687.1013  VIRIAL  =      4608.9020  VOLUME     =    174627.5533
                                                    Density    =         1.0238
 ------------------------------------------------------------------------------


 NSTEP =    47500   TIME(PS) =    1335.000  TEMP(K) =   299.46  PRESS =    17.9
 Etot   =    -42329.4601  EKtot   =     10739.5176  EPtot      =    -53068.9777
 BOND   =       366.7023  ANGLE   =      1038.5337  DIHED      =      2139.6613
 1-4 NB =       435.6974  1-4 EEL =      6165.6672  VDWAALS    =      6452.4081
 EELEC  =    -69742.5553  EHBOND  =         0.0000  RESTRAINT  =        74.9077
 EAMBER (non-restraint)  =    -53143.8854
 EKCMT  =      4672.3090  VIRIAL  =      4604.6592  VOLUME     =    174613.7318
                                                    Density    =         1.0238
 ------------------------------------------------------------------------------


 NSTEP =    48000   TIME(PS) =    1336.000  TEMP(K) =   298.83  PRESS =   204.1
 Etot   =    -42095.7466  EKtot   =     10716.9912  EPtot      =    -52812.7378
 BOND   =       380.6080  ANGLE   =       984.5865  DIHED      =      2140.3708
 1-4 NB =       428.1160  1-4 EEL =      6116.3006  VDWAALS    =      6309.7221
 EELEC  =    -69246.8524  EHBOND  =         0.0000  RESTRAINT  =        74.4106
 EAMBER (non-restraint)  =    -52887.1484
 EKCMT  =      4678.6862  VIRIAL  =      3907.7608  VOLUME     =    174982.5276
                                                    Density    =         1.0217
 ------------------------------------------------------------------------------


 NSTEP =    48500   TIME(PS) =    1337.000  TEMP(K) =   300.31  PRESS =  -113.9
 Etot   =    -42159.4263  EKtot   =     10769.8916  EPtot      =    -52929.3179
 BOND   =       346.4254  ANGLE   =      1006.6635  DIHED      =      2143.5313
 1-4 NB =       435.1438  1-4 EEL =      6135.0528  VDWAALS    =      6273.6561
 EELEC  =    -69349.6125  EHBOND  =         0.0000  RESTRAINT  =        79.8217
 EAMBER (non-restraint)  =    -53009.1396
 EKCMT  =      4673.1249  VIRIAL  =      5103.2980  VOLUME     =    174966.7390
                                                    Density    =         1.0218
 ------------------------------------------------------------------------------


 NSTEP =    49000   TIME(PS) =    1338.000  TEMP(K) =   299.22  PRESS =   -19.3
 Etot   =    -42448.8749  EKtot   =     10730.9688  EPtot      =    -53179.8436
 BOND   =       333.7661  ANGLE   =      1009.1142  DIHED      =      2135.8221
 1-4 NB =       442.8060  1-4 EEL =      6141.4072  VDWAALS    =      6469.3555
 EELEC  =    -69787.0489  EHBOND  =         0.0000  RESTRAINT  =        74.9341
 EAMBER (non-restraint)  =    -53254.7778
 EKCMT  =      4669.0181  VIRIAL  =      4741.7765  VOLUME     =    174151.6851
                                                    Density    =         1.0265
 ------------------------------------------------------------------------------


 NSTEP =    49500   TIME(PS) =    1339.000  TEMP(K) =   298.86  PRESS =   -75.4
 Etot   =    -42145.9080  EKtot   =     10717.8418  EPtot      =    -52863.7498
 BOND   =       340.8104  ANGLE   =      1011.3987  DIHED      =      2147.1417
 1-4 NB =       433.7659  1-4 EEL =      6155.6619  VDWAALS    =      6337.8644
 EELEC  =    -69372.8064  EHBOND  =         0.0000  RESTRAINT  =        82.4136
 EAMBER (non-restraint)  =    -52946.1634
 EKCMT  =      4713.8047  VIRIAL  =      4997.1254  VOLUME     =    173921.5575
                                                    Density    =         1.0279
 ------------------------------------------------------------------------------


 NSTEP =    50000   TIME(PS) =    1340.000  TEMP(K) =   301.75  PRESS =   378.1
 Etot   =    -42315.0255  EKtot   =     10821.5215  EPtot      =    -53136.5470
 BOND   =       352.9862  ANGLE   =       994.9721  DIHED      =      2137.1661
 1-4 NB =       449.8824  1-4 EEL =      6154.4962  VDWAALS    =      6494.3701
 EELEC  =    -69803.7176  EHBOND  =         0.0000  RESTRAINT  =        83.2975
 EAMBER (non-restraint)  =    -53219.8445
 EKCMT  =      4717.4429  VIRIAL  =      3297.2213  VOLUME     =    173964.1931
                                                    Density    =         1.0277
 ------------------------------------------------------------------------------


      A V E R A G E S   O V E R     100 S T E P S


 NSTEP =    50000   TIME(PS) =    1340.000  TEMP(K) =   300.03  PRESS =    13.2
 Etot   =    -42132.2432  EKtot   =     10759.8020  EPtot      =    -52892.0452
 BOND   =       349.0458  ANGLE   =       998.1597  DIHED      =      2149.6246
 1-4 NB =       445.8865  1-4 EEL =      6151.7704  VDWAALS    =      6293.2736
 EELEC  =    -69356.6154  EHBOND  =         0.0000  RESTRAINT  =        76.8096
 EAMBER (non-restraint)  =    -52968.8548
 EKCMT  =      4686.4602  VIRIAL  =      4636.7989  VOLUME     =    174726.8300
                                                    Density    =         1.0232
 ------------------------------------------------------------------------------


      R M S  F L U C T U A T I O N S


 NSTEP =    50000   TIME(PS) =    1340.000  TEMP(K) =     2.44  PRESS =   142.7
 Etot   =       147.6083  EKtot   =        87.6154  EPtot      =       120.4345
 BOND   =        14.7798  ANGLE   =        23.4735  DIHED      =        13.4592
 1-4 NB =         9.0597  1-4 EEL =        18.8623  VDWAALS    =        90.4961
 EELEC  =       178.6978  EHBOND  =         0.0000  RESTRAINT  =         5.3321
 EAMBER (non-restraint)  =       115.1024
 EKCMT  =        56.8491  VIRIAL  =       530.9506  VOLUME     =       314.5842
                                                    Density    =         0.0018
 ------------------------------------------------------------------------------

--------------------------------------------------------------------------------
   5.  TIMINGS
--------------------------------------------------------------------------------

|  NonSetup CPU Time in Major Routines:
|
|     Routine           Sec        %
|     ------------------------------
|     Nonbond          86.04   86.83
|     Bond              0.00    0.00
|     Angle             0.00    0.00
|     Dihedral          0.00    0.00
|     Shake             0.30    0.30
|     RunMD            12.71   12.83
|     Other             0.04    0.04
|     ------------------------------
|     Total            99.09

|  PME Nonbond Pairlist CPU Time:
|
|     Routine              Sec        %
|     ---------------------------------
|     Set Up Cit           0.00    0.00
|     Build List           0.00    0.00
|     ---------------------------------
|     Total                0.00    0.00

|  PME Direct Force CPU Time:
|
|     Routine              Sec        %
|     ---------------------------------
|     NonBonded Calc       0.00    0.00
|     Exclude Masked       0.00    0.00
|     Other                0.02    0.02
|     ---------------------------------
|     Total                0.02    0.02

|  PME Reciprocal Force CPU Time:
|
|     Routine              Sec        %
|     ---------------------------------
|     1D bspline           0.00    0.00
|     Grid Charges         0.00    0.00
|     Scalar Sum           0.00    0.00
|     Gradient Sum         0.00    0.00
|     FFT                  0.00    0.00
|     ---------------------------------
|     Total                0.00    0.00

|  Final Performance Info:
|     -----------------------------------------------------
|     Average timings for last   19500 steps:
|     Elapsed(s) =      38.61 Per Step(ms) =       1.98
|         ns/day =      87.28   seconds/ns =     989.88
|
|     Average timings for all steps:
|     Elapsed(s) =      99.09 Per Step(ms) =       1.98
|         ns/day =      87.19   seconds/ns =     990.88
|     -----------------------------------------------------

|  Setup CPU time:            0.43 seconds
|  NonSetup CPU time:        99.09 seconds
|  Total CPU time:           99.52 seconds     0.03 hours

|  Setup wall time:           1    seconds
|  NonSetup wall time:       99    seconds
|  Total wall time:         100    seconds     0.03 hours
