
          -------------------------------------------------------
          Amber 16 PMEMD                              2016
          -------------------------------------------------------

| PMEMD implementation of SANDER, Release 16

| Run on 07/03/2017 at 15:57:12

|   Executable path: pmemd.cuda
| Working directory: /home/german/obp/run/wt_apo/mhe/e
|          Hostname: Unknown
  [-O]verwriting output

File Assignments:
|   MDIN: 14equ.in                                                              
|  MDOUT: 14equ.out                                                             
| INPCRD: 13ewt_apo.rst7                                                        
|   PARM: /home/german/obp/top_files/wt_apo.prmtop                              
| RESTRT: 14ewt_apo.rst7                                                        
|   REFC: 13ewt_apo.rst7                                                        
|  MDVEL: mdvel                                                                 
|   MDEN: mden                                                                  
|  MDCRD: 14ewt_apo.nc                                                          
| MDINFO: mdinfo                                                                
|  MDFRC: mdfrc                                                                 


 Here is the input file:

Equilibration with solute restrictions                                         
&cntrl                                                                         
imin = 0,                           ! No Minimization                          
nmropt = 0,                         ! No NMR restraints read                   
                                                                               
! Nature and format of the input                                               
ntx = 5,                            ! Coordinates but no velocities will be rea
irest = 1,                          ! Do not run a new simulation              
                                                                               
! Nature and format of the output                                              
ntxo = 1,                           ! rstrt file in ASCII format               
ntpr = 500,                         ! inf in output every ntpr steps           
ntwr = 500,                         ! rstrt file every ntwr steps              
ntwx = 500,                         ! mdcrd file every ntwx steps              
ntwv = 0,                           ! mdvel without velocities                 
ntwe = 0,                           ! Energies and temperatures not written in 
idecomp = 0,                        ! No energy decomposition                  
iwrap = 1,                          ! Coordinates of the restart and mdcrd file
                                                                               
! Frozen or restrained atoms                                                   
ibelly = 0,                         ! No frozen atoms                          
ntr=1,                              ! Harmonic potential restraints            
restraint_wt = 2.5,                ! The weight for the positional restraints  
restraintmask = ':1-119@N,CA,C,O',  ! restrained residues                      
                                                                               
! Molecular dynamics                                                           
nstlim = 50000,                     ! Number of MD-steps                       
dt = 0.002,                         ! Time step                                
                                                                               
! Temperature regulation                                                       
ntt = 3,                            ! Langevin thermostat                      
gamma_ln = 5,                       ! Gamma constant for Langevin              
!temp0 = 300.0,                     ! Reference T at which the system is to be 
tempi = 300.0,                      ! Initial T                                
ig = -1,                            ! Seed for the RNG                         
                                                                               
! P and V regulation                                                           
ntp = 1,                            ! Constant P. Isotropic scaling            
barostat = 1,                       ! Berendsen barostat                       
taup = 1,                           ! Pressure relaxation time                 
nrespa = 1,                         ! Evaluate at each step                    
ntb = 2,                            ! Periodic box for constant P              
                                                                               
! SHAKE variables                                                              
ntc = 2,                            ! Bonds involving H are constrained        
ntf = 2,                            ! Bond interaction involving H are ommited.
                                                                               
cut = 10.0,                         ! Nonbonded cutoff                         
/                                                                              
&end                                                                           


Note: ig = -1. Setting random seed to   475254 based on wallclock time in 
      microseconds.
 
|--------------------- INFORMATION ----------------------
| GPU (CUDA) Version of PMEMD in use: NVIDIA GPU IN USE.
|                    Version 16.0.0
| 
|                      02/25/2016
| 
| Implementation by:
|                    Ross C. Walker     (SDSC)
|                    Scott Le Grand     (nVIDIA)
| 
| Precision model in use:
|      [SPFP] - Single Precision Forces, 64-bit Fixed Point
|               Accumulation. (Default)
| 
|--------------------------------------------------------
 
|----------------- CITATION INFORMATION -----------------
|
|    When publishing work that utilized the CUDA version
|    of AMBER, please cite the following in addition to
|    the regular AMBER citations:
|
|  - Romelia Salomon-Ferrer; Andreas W. Goetz; Duncan
|    Poole; Scott Le Grand; Ross C. Walker "Routine
|    microsecond molecular dynamics simulations with
|    AMBER - Part II: Particle Mesh Ewald", J. Chem.
|    Theory Comput., 2013, 9 (9), pp3878-3888,
|    DOI: 10.1021/ct400314y.
|
|  - Andreas W. Goetz; Mark J. Williamson; Dong Xu;
|    Duncan Poole; Scott Le Grand; Ross C. Walker
|    "Routine microsecond molecular dynamics simulations
|    with AMBER - Part I: Generalized Born", J. Chem.
|    Theory Comput., 2012, 8 (5), pp1542-1555.
|
|  - Scott Le Grand; Andreas W. Goetz; Ross C. Walker
|    "SPFP: Speed without compromise - a mixed precision
|    model for GPU accelerated molecular dynamics
|    simulations.", Comp. Phys. Comm., 2013, 184
|    pp374-380, DOI: 10.1016/j.cpc.2012.09.022
|
|--------------------------------------------------------
 
|------------------- GPU DEVICE INFO --------------------
|
|            CUDA_VISIBLE_DEVICES: 0
|   CUDA Capable Devices Detected:      1
|           CUDA Device ID in use:      0
|                CUDA Device Name: GeForce GTX 1060 6GB
|     CUDA Device Global Mem Size:   6072 MB
| CUDA Device Num Multiprocessors:     10
|           CUDA Device Core Freq:   1.76 GHz
|
|--------------------------------------------------------
 
 
| Conditional Compilation Defines Used:
| PUBFFT
| BINTRAJ
| CUDA
| EMIL

| Largest sphere to fit in unit cell has radius =    27.083

| New format PARM file being parsed.
| Version =    1.000 Date = 02/24/15 Time = 11:47:22

| Note: 1-4 EEL scale factors are being read from the topology file.

| Note: 1-4 VDW scale factors are being read from the topology file.
| Duplicated    0 dihedrals

| Duplicated    0 dihedrals

--------------------------------------------------------------------------------
   1.  RESOURCE   USE: 
--------------------------------------------------------------------------------

 getting new box info from bottom of inpcrd
 NATOM  =   17574 NTYPES =      17 NBONH =   16628 MBONA  =     951
 NTHETH =    2219 MTHETA =    1278 NPHIH =    4331 MPHIA  =    4375
 NHPARM =       0 NPARM  =       0 NNB   =   31462 NRES   =    5343
 NBONA  =     951 NTHETA =    1278 NPHIA =    4375 NUMBND =      60
 NUMANG =     134 NPTRA  =     240 NATYP =      33 NPHB   =       1
 IFBOX  =       1 NMXRS  =      24 IFCAP =       0 NEXTRA =       0
 NCOPY  =       0

| Coordinate Index Table dimensions:    10   10    9
| Direct force subcell size =     5.5150    5.8384    6.0184

     BOX TYPE: RECTILINEAR

--------------------------------------------------------------------------------
   2.  CONTROL  DATA  FOR  THE  RUN
--------------------------------------------------------------------------------

default_name                                                                    

General flags:
     imin    =       0, nmropt  =       0

Nature and format of input:
     ntx     =       5, irest   =       1, ntrx    =       1

Nature and format of output:
     ntxo    =       1, ntpr    =     500, ntrx    =       1, ntwr    =     500
     iwrap   =       1, ntwx    =     500, ntwv    =       0, ntwe    =       0
     ioutfm  =       1, ntwprt  =       0, idecomp =       0, rbornstat=      0

Potential function:
     ntf     =       2, ntb     =       2, igb     =       0, nsnb    =      25
     ipol    =       0, gbsa    =       0, iesp    =       0
     dielc   =   1.00000, cut     =  10.00000, intdiel =   1.00000

Frozen or restrained atoms:
     ibelly  =       0, ntr     =       1
     restraint_wt =   2.50000

Molecular dynamics:
     nstlim  =     50000, nscm    =         0, nrespa  =         1
     t       =   0.00000, dt      =   0.00200, vlimit  =  -1.00000

Langevin dynamics temperature regulation:
     ig      =  475254
     temp0   = 300.00000, tempi   = 300.00000, gamma_ln=   5.00000

Pressure regulation:
     ntp     =       1
     pres0   =   1.00000, comp    =  44.60000, taup    =   1.00000

SHAKE:
     ntc     =       2, jfastw  =       0
     tol     =   0.00001

| Intermolecular bonds treatment:
|     no_intermolecular_bonds =       1

| Energy averages sample interval:
|     ene_avg_sampling =     500

Ewald parameters:
     verbose =       0, ew_type =       0, nbflag  =       1, use_pme =       1
     vdwmeth =       1, eedmeth =       1, netfrc  =       1
     Box X =   55.150   Box Y =   58.384   Box Z =   54.166
     Alpha =   90.000   Beta  =   90.000   Gamma =   90.000
     NFFT1 =   56       NFFT2 =   64       NFFT3 =   56
     Cutoff=   10.000   Tol   =0.100E-04
     Ewald Coefficient =  0.27511
     Interpolation order =    4

    LOADING THE CONSTRAINED ATOMS AS GROUPS


   5.  REFERENCE ATOM COORDINATES

  default_name                                                                    
     Mask :1-119@N,CA,C,O; matches   476 atoms

--------------------------------------------------------------------------------
   3.  ATOMIC COORDINATES AND VELOCITIES
--------------------------------------------------------------------------------

default_name                                                                    
 begin time read from input coords =  1440.000 ps

 
 Number of triangulated 3-point waters found:     5221

     Sum of charges from parm topology file =  -0.00000007
     Forcing neutrality...

| Dynamic Memory, Types Used:
| Reals              893281
| Integers           624385

| Nonbonded Pairs Initial Allocation:     5315695

| GPU memory information (estimate):
| KB of GPU memory in use:    114042
| KB of CPU memory in use:     23442

--------------------------------------------------------------------------------
   4.  RESULTS
--------------------------------------------------------------------------------

 ---------------------------------------------------
 APPROXIMATING switch and d/dx switch using CUBIC SPLINE INTERPOLATION
 using   5000.0 points per unit in tabled values
 TESTING RELATIVE ERROR over r ranging from 0.0 to cutoff
| CHECK switch(x): max rel err =   0.2738E-14   at   2.422500
| CHECK d/dx switch(x): max rel err =   0.8314E-11   at   2.736960
 ---------------------------------------------------
|---------------------------------------------------
| APPROXIMATING direct energy using CUBIC SPLINE INTERPOLATION
|  with   50.0 points per unit in tabled values
| Relative Error Limit not exceeded for r .gt.   2.33
| APPROXIMATING direct force using CUBIC SPLINE INTERPOLATION
|  with   50.0 points per unit in tabled values
| Relative Error Limit not exceeded for r .gt.   2.80
|---------------------------------------------------

 NSTEP =      500   TIME(PS) =    1441.000  TEMP(K) =   304.47  PRESS =    70.0
 Etot   =    -42170.1453  EKtot   =     10919.0049  EPtot      =    -53089.1502
 BOND   =       317.4014  ANGLE   =       984.2643  DIHED      =      2145.6565
 1-4 NB =       441.8672  1-4 EEL =      6109.0461  VDWAALS    =      6330.2338
 EELEC  =    -69485.0744  EHBOND  =         0.0000  RESTRAINT  =        67.4549
 EAMBER (non-restraint)  =    -53156.6051
 EKCMT  =      4719.9971  VIRIAL  =      4456.3596  VOLUME     =    174461.5649
                                                    Density    =         1.0247
 ------------------------------------------------------------------------------


 NSTEP =     1000   TIME(PS) =    1442.000  TEMP(K) =   299.09  PRESS =   157.9
 Etot   =    -42321.3088  EKtot   =     10726.2539  EPtot      =    -53047.5627
 BOND   =       336.8200  ANGLE   =       992.0247  DIHED      =      2145.6036
 1-4 NB =       447.6193  1-4 EEL =      6124.2970  VDWAALS    =      6172.9697
 EELEC  =    -69330.6632  EHBOND  =         0.0000  RESTRAINT  =        63.7661
 EAMBER (non-restraint)  =    -53111.3288
 EKCMT  =      4734.5726  VIRIAL  =      4140.6233  VOLUME     =    174233.2308
                                                    Density    =         1.0261
 ------------------------------------------------------------------------------


 NSTEP =     1500   TIME(PS) =    1443.000  TEMP(K) =   297.96  PRESS =   181.3
 Etot   =    -42407.6795  EKtot   =     10685.7256  EPtot      =    -53093.4051
 BOND   =       334.5914  ANGLE   =       972.4248  DIHED      =      2149.6691
 1-4 NB =       445.5648  1-4 EEL =      6142.9687  VDWAALS    =      6342.0523
 EELEC  =    -69544.5639  EHBOND  =         0.0000  RESTRAINT  =        63.8877
 EAMBER (non-restraint)  =    -53157.2927
 EKCMT  =      4690.2340  VIRIAL  =      4008.8808  VOLUME     =    174052.0630
                                                    Density    =         1.0271
 ------------------------------------------------------------------------------


 NSTEP =     2000   TIME(PS) =    1444.000  TEMP(K) =   299.52  PRESS =  -243.4
 Etot   =    -42148.7001  EKtot   =     10741.4883  EPtot      =    -52890.1884
 BOND   =       371.5760  ANGLE   =      1026.7803  DIHED      =      2156.3968
 1-4 NB =       446.5436  1-4 EEL =      6120.9541  VDWAALS    =      6143.5886
 EELEC  =    -69213.7617  EHBOND  =         0.0000  RESTRAINT  =        57.7339
 EAMBER (non-restraint)  =    -52947.9223
 EKCMT  =      4771.2080  VIRIAL  =      5687.6673  VOLUME     =    174377.7515
                                                    Density    =         1.0252
 ------------------------------------------------------------------------------


 NSTEP =     2500   TIME(PS) =    1445.000  TEMP(K) =   297.17  PRESS =    45.8
 Etot   =    -42423.1047  EKtot   =     10657.5088  EPtot      =    -53080.6135
 BOND   =       361.4107  ANGLE   =       979.5763  DIHED      =      2130.3946
 1-4 NB =       449.2982  1-4 EEL =      6142.5689  VDWAALS    =      6324.8197
 EELEC  =    -69525.9673  EHBOND  =         0.0000  RESTRAINT  =        57.2855
 EAMBER (non-restraint)  =    -53137.8990
 EKCMT  =      4625.1090  VIRIAL  =      4452.0026  VOLUME     =    174880.9682
                                                    Density    =         1.0223
 ------------------------------------------------------------------------------


 NSTEP =     3000   TIME(PS) =    1446.000  TEMP(K) =   296.06  PRESS =    78.0
 Etot   =    -42344.6969  EKtot   =     10617.6758  EPtot      =    -52962.3726
 BOND   =       381.6258  ANGLE   =       951.1912  DIHED      =      2147.8079
 1-4 NB =       435.1816  1-4 EEL =      6125.3775  VDWAALS    =      6279.6468
 EELEC  =    -69346.1405  EHBOND  =         0.0000  RESTRAINT  =        62.9371
 EAMBER (non-restraint)  =    -53025.3097
 EKCMT  =      4612.3004  VIRIAL  =      4318.1781  VOLUME     =    174661.1151
                                                    Density    =         1.0236
 ------------------------------------------------------------------------------


 NSTEP =     3500   TIME(PS) =    1447.000  TEMP(K) =   298.40  PRESS =    90.7
 Etot   =    -42415.8948  EKtot   =     10701.6338  EPtot      =    -53117.5286
 BOND   =       354.3793  ANGLE   =       960.7709  DIHED      =      2152.4756
 1-4 NB =       442.0313  1-4 EEL =      6133.2858  VDWAALS    =      6387.7808
 EELEC  =    -69604.6903  EHBOND  =         0.0000  RESTRAINT  =        56.4380
 EAMBER (non-restraint)  =    -53173.9667
 EKCMT  =      4712.1323  VIRIAL  =      4369.4237  VOLUME     =    175016.2859
                                                    Density    =         1.0215
 ------------------------------------------------------------------------------


 NSTEP =     4000   TIME(PS) =    1448.000  TEMP(K) =   297.34  PRESS =  -302.5
 Etot   =    -42284.9408  EKtot   =     10663.3662  EPtot      =    -52948.3070
 BOND   =       334.2505  ANGLE   =       980.5892  DIHED      =      2133.4250
 1-4 NB =       442.4902  1-4 EEL =      6115.4205  VDWAALS    =      6112.6130
 EELEC  =    -69126.5387  EHBOND  =         0.0000  RESTRAINT  =        59.4433
 EAMBER (non-restraint)  =    -53007.7503
 EKCMT  =      4642.6903  VIRIAL  =      5787.6112  VOLUME     =    175286.5796
                                                    Density    =         1.0199
 ------------------------------------------------------------------------------


 NSTEP =     4500   TIME(PS) =    1449.000  TEMP(K) =   298.77  PRESS =   -33.3
 Etot   =    -42255.1326  EKtot   =     10714.5938  EPtot      =    -52969.7263
 BOND   =       350.0004  ANGLE   =       999.8674  DIHED      =      2122.3572
 1-4 NB =       453.4751  1-4 EEL =      6153.3026  VDWAALS    =      6293.1395
 EELEC  =    -69409.5566  EHBOND  =         0.0000  RESTRAINT  =        67.6880
 EAMBER (non-restraint)  =    -53037.4143
 EKCMT  =      4652.4960  VIRIAL  =      4778.7105  VOLUME     =    175321.2851
                                                    Density    =         1.0197
 ------------------------------------------------------------------------------


 NSTEP =     5000   TIME(PS) =    1450.000  TEMP(K) =   294.92  PRESS =  -131.4
 Etot   =    -42452.7414  EKtot   =     10576.6484  EPtot      =    -53029.3898
 BOND   =       354.2957  ANGLE   =      1001.2394  DIHED      =      2128.0439
 1-4 NB =       435.7042  1-4 EEL =      6125.1147  VDWAALS    =      6222.4119
 EELEC  =    -69357.5677  EHBOND  =         0.0000  RESTRAINT  =        61.3681
 EAMBER (non-restraint)  =    -53090.7579
 EKCMT  =      4669.2852  VIRIAL  =      5166.1831  VOLUME     =    175122.1807
                                                    Density    =         1.0209
 ------------------------------------------------------------------------------


 NSTEP =     5500   TIME(PS) =    1451.000  TEMP(K) =   302.70  PRESS =   -80.0
 Etot   =    -41949.7541  EKtot   =     10855.5088  EPtot      =    -52805.2629
 BOND   =       348.3777  ANGLE   =       977.3537  DIHED      =      2119.7519
 1-4 NB =       454.0774  1-4 EEL =      6178.6519  VDWAALS    =      6229.5286
 EELEC  =    -69171.5457  EHBOND  =         0.0000  RESTRAINT  =        58.5417
 EAMBER (non-restraint)  =    -52863.8046
 EKCMT  =      4661.4802  VIRIAL  =      4964.1343  VOLUME     =    175300.8123
                                                    Density    =         1.0198
 ------------------------------------------------------------------------------


 NSTEP =     6000   TIME(PS) =    1452.000  TEMP(K) =   300.97  PRESS =   239.2
 Etot   =    -42016.4721  EKtot   =     10793.5664  EPtot      =    -52810.0385
 BOND   =       346.3739  ANGLE   =      1042.7263  DIHED      =      2148.5240
 1-4 NB =       447.9676  1-4 EEL =      6129.3397  VDWAALS    =      6339.7216
 EELEC  =    -69331.3042  EHBOND  =         0.0000  RESTRAINT  =        66.6127
 EAMBER (non-restraint)  =    -52876.6512
 EKCMT  =      4708.0757  VIRIAL  =      3804.3716  VOLUME     =    174988.5377
                                                    Density    =         1.0216
 ------------------------------------------------------------------------------


 NSTEP =     6500   TIME(PS) =    1453.000  TEMP(K) =   301.21  PRESS =   116.5
 Etot   =    -41865.7844  EKtot   =     10802.1016  EPtot      =    -52667.8860
 BOND   =       334.3874  ANGLE   =      1071.6693  DIHED      =      2129.7988
 1-4 NB =       443.8108  1-4 EEL =      6117.7413  VDWAALS    =      6186.3540
 EELEC  =    -69021.3050  EHBOND  =         0.0000  RESTRAINT  =        69.6574
 EAMBER (non-restraint)  =    -52737.5434
 EKCMT  =      4672.0373  VIRIAL  =      4231.9407  VOLUME     =    174998.5944
                                                    Density    =         1.0216
 ------------------------------------------------------------------------------


 NSTEP =     7000   TIME(PS) =    1454.000  TEMP(K) =   302.71  PRESS =   280.6
 Etot   =    -42065.8086  EKtot   =     10855.9619  EPtot      =    -52921.7706
 BOND   =       360.0317  ANGLE   =       990.0621  DIHED      =      2129.6024
 1-4 NB =       432.2199  1-4 EEL =      6105.7240  VDWAALS    =      6513.5688
 EELEC  =    -69522.3626  EHBOND  =         0.0000  RESTRAINT  =        69.3831
 EAMBER (non-restraint)  =    -52991.1537
 EKCMT  =      4717.2065  VIRIAL  =      3657.5504  VOLUME     =    174892.8495
                                                    Density    =         1.0222
 ------------------------------------------------------------------------------


 NSTEP =     7500   TIME(PS) =    1455.000  TEMP(K) =   298.87  PRESS =   -72.8
 Etot   =    -42212.2468  EKtot   =     10718.3594  EPtot      =    -52930.6062
 BOND   =       381.7346  ANGLE   =       965.0914  DIHED      =      2134.3046
 1-4 NB =       436.7008  1-4 EEL =      6114.0977  VDWAALS    =      6259.0412
 EELEC  =    -69285.2734  EHBOND  =         0.0000  RESTRAINT  =        63.6970
 EAMBER (non-restraint)  =    -52994.3032
 EKCMT  =      4597.7492  VIRIAL  =      4872.8854  VOLUME     =    175092.4893
                                                    Density    =         1.0210
 ------------------------------------------------------------------------------


 NSTEP =     8000   TIME(PS) =    1456.000  TEMP(K) =   299.03  PRESS =  -256.5
 Etot   =    -42399.0003  EKtot   =     10724.1104  EPtot      =    -53123.1107
 BOND   =       346.3462  ANGLE   =       976.9607  DIHED      =      2139.8454
 1-4 NB =       452.7705  1-4 EEL =      6121.9754  VDWAALS    =      6261.4432
 EELEC  =    -69487.9735  EHBOND  =         0.0000  RESTRAINT  =        65.5213
 EAMBER (non-restraint)  =    -53188.6320
 EKCMT  =      4539.2061  VIRIAL  =      5507.1392  VOLUME     =    174767.6107
                                                    Density    =         1.0229
 ------------------------------------------------------------------------------


 NSTEP =     8500   TIME(PS) =    1457.000  TEMP(K) =   299.70  PRESS =   265.0
 Etot   =    -42285.8454  EKtot   =     10748.2383  EPtot      =    -53034.0837
 BOND   =       353.0986  ANGLE   =       979.0855  DIHED      =      2118.6485
 1-4 NB =       450.2471  1-4 EEL =      6152.4100  VDWAALS    =      6432.3660
 EELEC  =    -69586.4842  EHBOND  =         0.0000  RESTRAINT  =        66.5447
 EAMBER (non-restraint)  =    -53100.6284
 EKCMT  =      4711.0735  VIRIAL  =      3711.6856  VOLUME     =    174685.8278
                                                    Density    =         1.0234
 ------------------------------------------------------------------------------


 NSTEP =     9000   TIME(PS) =    1458.000  TEMP(K) =   298.09  PRESS =    -2.6
 Etot   =    -42192.3919  EKtot   =     10690.3496  EPtot      =    -52882.7415
 BOND   =       360.6824  ANGLE   =      1032.8678  DIHED      =      2159.5699
 1-4 NB =       451.1061  1-4 EEL =      6149.1004  VDWAALS    =      6430.1488
 EELEC  =    -69530.7008  EHBOND  =         0.0000  RESTRAINT  =        64.4838
 EAMBER (non-restraint)  =    -52947.2254
 EKCMT  =      4560.6898  VIRIAL  =      4570.3387  VOLUME     =    174681.1280
                                                    Density    =         1.0234
 ------------------------------------------------------------------------------


 NSTEP =     9500   TIME(PS) =    1459.000  TEMP(K) =   298.32  PRESS =  -151.8
 Etot   =    -42239.5267  EKtot   =     10698.7031  EPtot      =    -52938.2298
 BOND   =       366.6320  ANGLE   =       970.2309  DIHED      =      2145.2962
 1-4 NB =       448.8470  1-4 EEL =      6100.5304  VDWAALS    =      6249.8389
 EELEC  =    -69277.8346  EHBOND  =         0.0000  RESTRAINT  =        58.2294
 EAMBER (non-restraint)  =    -52996.4592
 EKCMT  =      4652.0486  VIRIAL  =      5223.6624  VOLUME     =    174431.0857
                                                    Density    =         1.0249
 ------------------------------------------------------------------------------


 NSTEP =    10000   TIME(PS) =    1460.000  TEMP(K) =   302.79  PRESS =    70.0
 Etot   =    -42078.3824  EKtot   =     10858.7568  EPtot      =    -52937.1393
 BOND   =       345.3416  ANGLE   =      1030.9895  DIHED      =      2108.0021
 1-4 NB =       455.0003  1-4 EEL =      6138.8337  VDWAALS    =      6299.3202
 EELEC  =    -69384.2554  EHBOND  =         0.0000  RESTRAINT  =        69.6289
 EAMBER (non-restraint)  =    -53006.7681
 EKCMT  =      4673.1701  VIRIAL  =      4409.4498  VOLUME     =    174406.3479
                                                    Density    =         1.0250
 ------------------------------------------------------------------------------


 NSTEP =    10500   TIME(PS) =    1461.000  TEMP(K) =   299.32  PRESS =  -220.9
 Etot   =    -42021.6233  EKtot   =     10734.3740  EPtot      =    -52755.9973
 BOND   =       378.6999  ANGLE   =      1010.5174  DIHED      =      2148.7266
 1-4 NB =       448.7043  1-4 EEL =      6146.7355  VDWAALS    =      6265.5351
 EELEC  =    -69222.8750  EHBOND  =         0.0000  RESTRAINT  =        67.9589
 EAMBER (non-restraint)  =    -52823.9562
 EKCMT  =      4676.3837  VIRIAL  =      5507.5926  VOLUME     =    174296.6688
                                                    Density    =         1.0257
 ------------------------------------------------------------------------------


 NSTEP =    11000   TIME(PS) =    1462.000  TEMP(K) =   298.09  PRESS =   155.2
 Etot   =    -42322.1094  EKtot   =     10690.3711  EPtot      =    -53012.4804
 BOND   =       364.2721  ANGLE   =      1005.3716  DIHED      =      2157.2954
 1-4 NB =       452.7387  1-4 EEL =      6133.5001  VDWAALS    =      6422.2255
 EELEC  =    -69614.6323  EHBOND  =         0.0000  RESTRAINT  =        66.7484
 EAMBER (non-restraint)  =    -53079.2288
 EKCMT  =      4645.5150  VIRIAL  =      4062.1242  VOLUME     =    174056.0489
                                                    Density    =         1.0271
 ------------------------------------------------------------------------------


 NSTEP =    11500   TIME(PS) =    1463.000  TEMP(K) =   303.84  PRESS =   368.5
 Etot   =    -41967.8303  EKtot   =     10896.7041  EPtot      =    -52864.5344
 BOND   =       363.1680  ANGLE   =      1014.8518  DIHED      =      2157.6619
 1-4 NB =       431.8856  1-4 EEL =      6100.2697  VDWAALS    =      6451.5992
 EELEC  =    -69452.2023  EHBOND  =         0.0000  RESTRAINT  =        68.2316
 EAMBER (non-restraint)  =    -52932.7661
 EKCMT  =      4730.3463  VIRIAL  =      3339.1390  VOLUME     =    174831.9919
                                                    Density    =         1.0226
 ------------------------------------------------------------------------------


 NSTEP =    12000   TIME(PS) =    1464.000  TEMP(K) =   300.53  PRESS =  -103.5
 Etot   =    -42070.6004  EKtot   =     10777.7666  EPtot      =    -52848.3670
 BOND   =       330.2985  ANGLE   =      1003.0316  DIHED      =      2153.3708
 1-4 NB =       434.7850  1-4 EEL =      6131.5380  VDWAALS    =      6358.8008
 EELEC  =    -69331.7523  EHBOND  =         0.0000  RESTRAINT  =        71.5605
 EAMBER (non-restraint)  =    -52919.9276
 EKCMT  =      4681.3411  VIRIAL  =      5071.3371  VOLUME     =    174510.3034
                                                    Density    =         1.0244
 ------------------------------------------------------------------------------


 NSTEP =    12500   TIME(PS) =    1465.000  TEMP(K) =   300.75  PRESS =   -65.3
 Etot   =    -41979.6409  EKtot   =     10785.6113  EPtot      =    -52765.2523
 BOND   =       347.7699  ANGLE   =      1005.3374  DIHED      =      2138.1739
 1-4 NB =       448.9008  1-4 EEL =      6123.0170  VDWAALS    =      6168.9835
 EELEC  =    -69058.4633  EHBOND  =         0.0000  RESTRAINT  =        61.0285
 EAMBER (non-restraint)  =    -52826.2808
 EKCMT  =      4726.7369  VIRIAL  =      4972.4856  VOLUME     =    174434.0351
                                                    Density    =         1.0249
 ------------------------------------------------------------------------------


 NSTEP =    13000   TIME(PS) =    1466.000  TEMP(K) =   299.12  PRESS =  -268.2
 Etot   =    -42220.0135  EKtot   =     10727.1875  EPtot      =    -52947.2010
 BOND   =       339.6703  ANGLE   =       993.8828  DIHED      =      2153.1224
 1-4 NB =       457.5110  1-4 EEL =      6152.0641  VDWAALS    =      6153.1492
 EELEC  =    -69260.4346  EHBOND  =         0.0000  RESTRAINT  =        63.8338
 EAMBER (non-restraint)  =    -53011.0348
 EKCMT  =      4688.1449  VIRIAL  =      5701.2818  VOLUME     =    174950.8741
                                                    Density    =         1.0219
 ------------------------------------------------------------------------------


 NSTEP =    13500   TIME(PS) =    1467.000  TEMP(K) =   299.98  PRESS =    -7.3
 Etot   =    -42095.8480  EKtot   =     10758.1621  EPtot      =    -52854.0101
 BOND   =       356.1809  ANGLE   =      1001.0676  DIHED      =      2131.2461
 1-4 NB =       438.5424  1-4 EEL =      6117.9877  VDWAALS    =      6187.2281
 EELEC  =    -69154.5738  EHBOND  =         0.0000  RESTRAINT  =        68.3109
 EAMBER (non-restraint)  =    -52922.3210
 EKCMT  =      4651.7964  VIRIAL  =      4679.4220  VOLUME     =    175293.6121
                                                    Density    =         1.0199
 ------------------------------------------------------------------------------


 NSTEP =    14000   TIME(PS) =    1468.000  TEMP(K) =   299.21  PRESS =   -43.5
 Etot   =    -42009.0003  EKtot   =     10730.4668  EPtot      =    -52739.4671
 BOND   =       350.1603  ANGLE   =       977.5203  DIHED      =      2146.3282
 1-4 NB =       428.6563  1-4 EEL =      6138.7473  VDWAALS    =      6180.2071
 EELEC  =    -69027.6039  EHBOND  =         0.0000  RESTRAINT  =        66.5172
 EAMBER (non-restraint)  =    -52805.9843
 EKCMT  =      4639.7146  VIRIAL  =      4804.6451  VOLUME     =    175422.9334
                                                    Density    =         1.0191
 ------------------------------------------------------------------------------


 NSTEP =    14500   TIME(PS) =    1469.000  TEMP(K) =   297.69  PRESS =    47.2
 Etot   =    -42206.7081  EKtot   =     10675.9658  EPtot      =    -52882.6739
 BOND   =       337.4635  ANGLE   =       960.7085  DIHED      =      2123.3781
 1-4 NB =       445.9894  1-4 EEL =      6131.4369  VDWAALS    =      6246.1063
 EELEC  =    -69197.2894  EHBOND  =         0.0000  RESTRAINT  =        69.5329
 EAMBER (non-restraint)  =    -52952.2067
 EKCMT  =      4629.0638  VIRIAL  =      4450.7301  VOLUME     =    175058.1651
                                                    Density    =         1.0212
 ------------------------------------------------------------------------------


 NSTEP =    15000   TIME(PS) =    1470.000  TEMP(K) =   300.61  PRESS =   -79.6
 Etot   =    -42063.7498  EKtot   =     10780.5947  EPtot      =    -52844.3445
 BOND   =       335.0585  ANGLE   =      1008.0535  DIHED      =      2152.0165
 1-4 NB =       436.4328  1-4 EEL =      6128.1628  VDWAALS    =      6271.6864
 EELEC  =    -69245.7163  EHBOND  =         0.0000  RESTRAINT  =        69.9612
 EAMBER (non-restraint)  =    -52914.3058
 EKCMT  =      4644.7401  VIRIAL  =      4944.8996  VOLUME     =    174691.5571
                                                    Density    =         1.0234
 ------------------------------------------------------------------------------


 NSTEP =    15500   TIME(PS) =    1471.000  TEMP(K) =   299.64  PRESS =  -208.8
 Etot   =    -42255.4288  EKtot   =     10745.9512  EPtot      =    -53001.3800
 BOND   =       336.1643  ANGLE   =      1051.9408  DIHED      =      2161.5092
 1-4 NB =       454.5248  1-4 EEL =      6148.9182  VDWAALS    =      6297.4344
 EELEC  =    -69516.7341  EHBOND  =         0.0000  RESTRAINT  =        64.8624
 EAMBER (non-restraint)  =    -53066.2425
 EKCMT  =      4641.7591  VIRIAL  =      5429.6747  VOLUME     =    174730.1667
                                                    Density    =         1.0232
 ------------------------------------------------------------------------------


 NSTEP =    16000   TIME(PS) =    1472.000  TEMP(K) =   302.13  PRESS =  -159.1
 Etot   =    -42060.2201  EKtot   =     10835.2012  EPtot      =    -52895.4212
 BOND   =       334.3644  ANGLE   =      1004.1420  DIHED      =      2144.9866
 1-4 NB =       445.6146  1-4 EEL =      6172.1929  VDWAALS    =      6337.6527
 EELEC  =    -69404.7176  EHBOND  =         0.0000  RESTRAINT  =        70.3432
 EAMBER (non-restraint)  =    -52965.7644
 EKCMT  =      4687.3283  VIRIAL  =      5287.1425  VOLUME     =    174622.9677
                                                    Density    =         1.0238
 ------------------------------------------------------------------------------


 NSTEP =    16500   TIME(PS) =    1473.000  TEMP(K) =   303.58  PRESS =   103.0
 Etot   =    -41970.2008  EKtot   =     10887.3320  EPtot      =    -52857.5328
 BOND   =       358.3535  ANGLE   =       959.3549  DIHED      =      2136.9536
 1-4 NB =       451.7559  1-4 EEL =      6146.7092  VDWAALS    =      6335.2212
 EELEC  =    -69308.1747  EHBOND  =         0.0000  RESTRAINT  =        62.2936
 EAMBER (non-restraint)  =    -52919.8264
 EKCMT  =      4750.5237  VIRIAL  =      4362.5550  VOLUME     =    174538.5626
                                                    Density    =         1.0243
 ------------------------------------------------------------------------------


 NSTEP =    17000   TIME(PS) =    1474.000  TEMP(K) =   296.95  PRESS =  -174.3
 Etot   =    -42289.7024  EKtot   =     10649.3535  EPtot      =    -52939.0560
 BOND   =       323.0422  ANGLE   =      1009.0415  DIHED      =      2142.4677
 1-4 NB =       447.2423  1-4 EEL =      6130.5005  VDWAALS    =      6110.3061
 EELEC  =    -69174.4387  EHBOND  =         0.0000  RESTRAINT  =        72.7824
 EAMBER (non-restraint)  =    -53011.8383
 EKCMT  =      4623.9468  VIRIAL  =      5281.5106  VOLUME     =    174754.9580
                                                    Density    =         1.0230
 ------------------------------------------------------------------------------


 NSTEP =    17500   TIME(PS) =    1475.000  TEMP(K) =   304.69  PRESS =   -77.3
 Etot   =    -42079.2752  EKtot   =     10926.9141  EPtot      =    -53006.1893
 BOND   =       346.6454  ANGLE   =       983.3433  DIHED      =      2171.8235
 1-4 NB =       442.8271  1-4 EEL =      6155.5042  VDWAALS    =      6238.3555
 EELEC  =    -69401.8317  EHBOND  =         0.0000  RESTRAINT  =        57.1435
 EAMBER (non-restraint)  =    -53063.3328
 EKCMT  =      4700.4772  VIRIAL  =      4992.2191  VOLUME     =    174781.1086
                                                    Density    =         1.0229
 ------------------------------------------------------------------------------


 NSTEP =    18000   TIME(PS) =    1476.000  TEMP(K) =   299.25  PRESS =   205.8
 Etot   =    -41988.8971  EKtot   =     10732.0234  EPtot      =    -52720.9205
 BOND   =       354.1561  ANGLE   =      1024.3109  DIHED      =      2132.3975
 1-4 NB =       437.4441  1-4 EEL =      6142.4083  VDWAALS    =      6374.2533
 EELEC  =    -69256.4352  EHBOND  =         0.0000  RESTRAINT  =        70.5445
 EAMBER (non-restraint)  =    -52791.4650
 EKCMT  =      4650.8527  VIRIAL  =      3872.4473  VOLUME     =    175157.6503
                                                    Density    =         1.0207
 ------------------------------------------------------------------------------


 NSTEP =    18500   TIME(PS) =    1477.000  TEMP(K) =   299.20  PRESS =  -395.5
 Etot   =    -42240.4160  EKtot   =     10730.0752  EPtot      =    -52970.4912
 BOND   =       359.2103  ANGLE   =       939.3639  DIHED      =      2148.4172
 1-4 NB =       429.6737  1-4 EEL =      6145.8053  VDWAALS    =      6127.9020
 EELEC  =    -69182.2244  EHBOND  =         0.0000  RESTRAINT  =        61.3607
 EAMBER (non-restraint)  =    -53031.8519
 EKCMT  =      4697.6860  VIRIAL  =      6191.4091  VOLUME     =    174919.5671
                                                    Density    =         1.0220
 ------------------------------------------------------------------------------


 NSTEP =    19000   TIME(PS) =    1478.000  TEMP(K) =   301.05  PRESS =   -17.9
 Etot   =    -42252.1026  EKtot   =     10796.6602  EPtot      =    -53048.7627
 BOND   =       334.3798  ANGLE   =      1045.0781  DIHED      =      2151.2491
 1-4 NB =       438.6154  1-4 EEL =      6169.4041  VDWAALS    =      6379.4136
 EELEC  =    -69630.1697  EHBOND  =         0.0000  RESTRAINT  =        63.2669
 EAMBER (non-restraint)  =    -53112.0296
 EKCMT  =      4748.5258  VIRIAL  =      4815.9524  VOLUME     =    174786.3808
                                                    Density    =         1.0228
 ------------------------------------------------------------------------------


 NSTEP =    19500   TIME(PS) =    1479.000  TEMP(K) =   295.37  PRESS =    22.6
 Etot   =    -42275.9207  EKtot   =     10592.6406  EPtot      =    -52868.5613
 BOND   =       355.6031  ANGLE   =      1036.9707  DIHED      =      2132.6726
 1-4 NB =       447.3812  1-4 EEL =      6125.0281  VDWAALS    =      6269.6730
 EELEC  =    -69295.3936  EHBOND  =         0.0000  RESTRAINT  =        59.5036
 EAMBER (non-restraint)  =    -52928.0649
 EKCMT  =      4584.2583  VIRIAL  =      4499.0737  VOLUME     =    174783.2463
                                                    Density    =         1.0228
 ------------------------------------------------------------------------------


 NSTEP =    20000   TIME(PS) =    1480.000  TEMP(K) =   305.09  PRESS =   380.8
 Etot   =    -41880.9991  EKtot   =     10941.3281  EPtot      =    -52822.3272
 BOND   =       362.5535  ANGLE   =       985.3904  DIHED      =      2152.8941
 1-4 NB =       431.9989  1-4 EEL =      6142.5059  VDWAALS    =      6504.4007
 EELEC  =    -69463.9343  EHBOND  =         0.0000  RESTRAINT  =        61.8635
 EAMBER (non-restraint)  =    -52884.1907
 EKCMT  =      4752.4937  VIRIAL  =      3315.4988  VOLUME     =    174759.8756
                                                    Density    =         1.0230
 ------------------------------------------------------------------------------


 NSTEP =    20500   TIME(PS) =    1481.000  TEMP(K) =   301.84  PRESS =  -161.3
 Etot   =    -41993.8877  EKtot   =     10824.8564  EPtot      =    -52818.7442
 BOND   =       351.1553  ANGLE   =       968.7094  DIHED      =      2139.6738
 1-4 NB =       461.7638  1-4 EEL =      6182.6636  VDWAALS    =      6221.6191
 EELEC  =    -69204.7606  EHBOND  =         0.0000  RESTRAINT  =        60.4314
 EAMBER (non-restraint)  =    -52879.1755
 EKCMT  =      4712.5335  VIRIAL  =      5322.5435  VOLUME     =    175196.1557
                                                    Density    =         1.0204
 ------------------------------------------------------------------------------


 NSTEP =    21000   TIME(PS) =    1482.000  TEMP(K) =   297.56  PRESS =   -70.5
 Etot   =    -42032.0924  EKtot   =     10671.2715  EPtot      =    -52703.3639
 BOND   =       384.9800  ANGLE   =      1038.9455  DIHED      =      2131.9685
 1-4 NB =       429.4981  1-4 EEL =      6123.3937  VDWAALS    =      6208.6009
 EELEC  =    -69080.9156  EHBOND  =         0.0000  RESTRAINT  =        60.1651
 EAMBER (non-restraint)  =    -52763.5290
 EKCMT  =      4587.3164  VIRIAL  =      4853.5616  VOLUME     =    174948.4570
                                                    Density    =         1.0219
 ------------------------------------------------------------------------------


 NSTEP =    21500   TIME(PS) =    1483.000  TEMP(K) =   301.95  PRESS =   -37.3
 Etot   =    -41965.6784  EKtot   =     10828.6494  EPtot      =    -52794.3278
 BOND   =       353.9161  ANGLE   =      1047.3801  DIHED      =      2148.9138
 1-4 NB =       437.2198  1-4 EEL =      6145.4998  VDWAALS    =      6254.9586
 EELEC  =    -69247.6982  EHBOND  =         0.0000  RESTRAINT  =        65.4822
 EAMBER (non-restraint)  =    -52859.8100
 EKCMT  =      4689.6701  VIRIAL  =      4830.8450  VOLUME     =    175235.6933
                                                    Density    =         1.0202
 ------------------------------------------------------------------------------


 NSTEP =    22000   TIME(PS) =    1484.000  TEMP(K) =   301.17  PRESS =   110.9
 Etot   =    -41818.2855  EKtot   =     10800.6943  EPtot      =    -52618.9799
 BOND   =       359.4276  ANGLE   =      1049.8478  DIHED      =      2142.6187
 1-4 NB =       446.2538  1-4 EEL =      6148.6453  VDWAALS    =      6118.2076
 EELEC  =    -68943.8587  EHBOND  =         0.0000  RESTRAINT  =        59.8782
 EAMBER (non-restraint)  =    -52678.8581
 EKCMT  =      4724.4126  VIRIAL  =      4304.5166  VOLUME     =    175332.3376
                                                    Density    =         1.0196
 ------------------------------------------------------------------------------


 NSTEP =    22500   TIME(PS) =    1485.000  TEMP(K) =   298.70  PRESS =   -39.5
 Etot   =    -42005.7971  EKtot   =     10712.3193  EPtot      =    -52718.1164
 BOND   =       333.6197  ANGLE   =      1043.6168  DIHED      =      2167.8400
 1-4 NB =       448.3703  1-4 EEL =      6157.3596  VDWAALS    =      6081.8171
 EELEC  =    -69018.7170  EHBOND  =         0.0000  RESTRAINT  =        67.9771
 EAMBER (non-restraint)  =    -52786.0935
 EKCMT  =      4680.6453  VIRIAL  =      4829.3519  VOLUME     =    174487.9272
                                                    Density    =         1.0246
 ------------------------------------------------------------------------------


 NSTEP =    23000   TIME(PS) =    1486.000  TEMP(K) =   301.68  PRESS =  -231.6
 Etot   =    -42063.6116  EKtot   =     10818.9658  EPtot      =    -52882.5774
 BOND   =       349.8859  ANGLE   =      1002.7548  DIHED      =      2147.8465
 1-4 NB =       448.8557  1-4 EEL =      6167.7398  VDWAALS    =      6196.1413
 EELEC  =    -69259.9324  EHBOND  =         0.0000  RESTRAINT  =        64.1311
 EAMBER (non-restraint)  =    -52946.7085
 EKCMT  =      4659.3464  VIRIAL  =      5534.1720  VOLUME     =    174915.1595
                                                    Density    =         1.0221
 ------------------------------------------------------------------------------


 NSTEP =    23500   TIME(PS) =    1487.000  TEMP(K) =   297.83  PRESS =    21.9
 Etot   =    -42377.0708  EKtot   =     10681.1904  EPtot      =    -53058.2612
 BOND   =       360.1082  ANGLE   =       983.4197  DIHED      =      2137.0908
 1-4 NB =       421.9305  1-4 EEL =      6097.9173  VDWAALS    =      6299.2550
 EELEC  =    -69414.9175  EHBOND  =         0.0000  RESTRAINT  =        56.9349
 EAMBER (non-restraint)  =    -53115.1961
 EKCMT  =      4664.7275  VIRIAL  =      4581.9129  VOLUME     =    174894.0700
                                                    Density    =         1.0222
 ------------------------------------------------------------------------------


 NSTEP =    24000   TIME(PS) =    1488.000  TEMP(K) =   301.45  PRESS =   193.9
 Etot   =    -42154.8711  EKtot   =     10810.8350  EPtot      =    -52965.7060
 BOND   =       340.4983  ANGLE   =      1042.8098  DIHED      =      2096.0732
 1-4 NB =       444.6831  1-4 EEL =      6153.8759  VDWAALS    =      6222.9891
 EELEC  =    -69340.3735  EHBOND  =         0.0000  RESTRAINT  =        73.7381
 EAMBER (non-restraint)  =    -53039.4441
 EKCMT  =      4674.6060  VIRIAL  =      3942.9550  VOLUME     =    174776.9628
                                                    Density    =         1.0229
 ------------------------------------------------------------------------------


 NSTEP =    24500   TIME(PS) =    1489.000  TEMP(K) =   299.83  PRESS =  -133.8
 Etot   =    -42103.1904  EKtot   =     10752.6895  EPtot      =    -52855.8799
 BOND   =       354.8001  ANGLE   =      1006.2065  DIHED      =      2142.9550
 1-4 NB =       431.2737  1-4 EEL =      6121.9989  VDWAALS    =      6179.7134
 EELEC  =    -69149.2933  EHBOND  =         0.0000  RESTRAINT  =        56.4659
 EAMBER (non-restraint)  =    -52912.3458
 EKCMT  =      4741.4684  VIRIAL  =      5246.2145  VOLUME     =    174760.1864
                                                    Density    =         1.0230
 ------------------------------------------------------------------------------


 NSTEP =    25000   TIME(PS) =    1490.000  TEMP(K) =   303.12  PRESS =   -71.6
 Etot   =    -42081.5183  EKtot   =     10870.7959  EPtot      =    -52952.3142
 BOND   =       338.1155  ANGLE   =      1034.1445  DIHED      =      2133.5262
 1-4 NB =       442.4496  1-4 EEL =      6119.7956  VDWAALS    =      6480.4579
 EELEC  =    -69563.4160  EHBOND  =         0.0000  RESTRAINT  =        62.6126
 EAMBER (non-restraint)  =    -53014.9267
 EKCMT  =      4737.6498  VIRIAL  =      5007.2372  VOLUME     =    174271.1248
                                                    Density    =         1.0258
 ------------------------------------------------------------------------------


 NSTEP =    25500   TIME(PS) =    1491.000  TEMP(K) =   300.58  PRESS =  -235.4
 Etot   =    -42251.5708  EKtot   =     10779.8340  EPtot      =    -53031.4048
 BOND   =       368.8400  ANGLE   =      1043.0055  DIHED      =      2158.7393
 1-4 NB =       424.9692  1-4 EEL =      6111.3719  VDWAALS    =      6217.8992
 EELEC  =    -69412.6725  EHBOND  =         0.0000  RESTRAINT  =        56.4426
 EAMBER (non-restraint)  =    -53087.8474
 EKCMT  =      4681.7807  VIRIAL  =      5568.4457  VOLUME     =    174459.7013
                                                    Density    =         1.0247
 ------------------------------------------------------------------------------


 NSTEP =    26000   TIME(PS) =    1492.000  TEMP(K) =   299.86  PRESS =  -364.2
 Etot   =    -42259.4208  EKtot   =     10753.9912  EPtot      =    -53013.4120
 BOND   =       356.9688  ANGLE   =      1027.6830  DIHED      =      2142.6826
 1-4 NB =       433.1291  1-4 EEL =      6138.4574  VDWAALS    =      6168.3335
 EELEC  =    -69340.8157  EHBOND  =         0.0000  RESTRAINT  =        60.1494
 EAMBER (non-restraint)  =    -53073.5614
 EKCMT  =      4712.6694  VIRIAL  =      6083.1364  VOLUME     =    174284.2092
                                                    Density    =         1.0258
 ------------------------------------------------------------------------------


 NSTEP =    26500   TIME(PS) =    1493.000  TEMP(K) =   300.40  PRESS =  -127.4
 Etot   =    -42022.5087  EKtot   =     10773.2725  EPtot      =    -52795.7811
 BOND   =       346.1739  ANGLE   =      1006.5112  DIHED      =      2152.7099
 1-4 NB =       447.1110  1-4 EEL =      6138.7092  VDWAALS    =      6203.4323
 EELEC  =    -69160.2642  EHBOND  =         0.0000  RESTRAINT  =        69.8355
 EAMBER (non-restraint)  =    -52865.6166
 EKCMT  =      4685.1572  VIRIAL  =      5165.0822  VOLUME     =    174413.8443
                                                    Density    =         1.0250
 ------------------------------------------------------------------------------


 NSTEP =    27000   TIME(PS) =    1494.000  TEMP(K) =   300.93  PRESS =   -36.0
 Etot   =    -42278.9882  EKtot   =     10792.2080  EPtot      =    -53071.1962
 BOND   =       347.9984  ANGLE   =       968.6597  DIHED      =      2134.5894
 1-4 NB =       437.2508  1-4 EEL =      6092.9764  VDWAALS    =      6272.9067
 EELEC  =    -69388.3814  EHBOND  =         0.0000  RESTRAINT  =        62.8038
 EAMBER (non-restraint)  =    -53134.0000
 EKCMT  =      4648.8990  VIRIAL  =      4784.2442  VOLUME     =    174353.7473
                                                    Density    =         1.0254
 ------------------------------------------------------------------------------


 NSTEP =    27500   TIME(PS) =    1495.000  TEMP(K) =   299.80  PRESS =   -90.9
 Etot   =    -42091.5704  EKtot   =     10751.7588  EPtot      =    -52843.3292
 BOND   =       372.5271  ANGLE   =      1015.3369  DIHED      =      2171.2207
 1-4 NB =       437.5589  1-4 EEL =      6105.8828  VDWAALS    =      6145.3336
 EELEC  =    -69159.4629  EHBOND  =         0.0000  RESTRAINT  =        68.2736
 EAMBER (non-restraint)  =    -52911.6028
 EKCMT  =      4697.9710  VIRIAL  =      5040.4197  VOLUME     =    174425.7392
                                                    Density    =         1.0249
 ------------------------------------------------------------------------------


 NSTEP =    28000   TIME(PS) =    1496.000  TEMP(K) =   298.79  PRESS =   -73.9
 Etot   =    -42289.2526  EKtot   =     10715.3809  EPtot      =    -53004.6335
 BOND   =       338.9278  ANGLE   =       969.6293  DIHED      =      2142.3980
 1-4 NB =       454.8765  1-4 EEL =      6121.0864  VDWAALS    =      6290.6577
 EELEC  =    -69385.7286  EHBOND  =         0.0000  RESTRAINT  =        63.5195
 EAMBER (non-restraint)  =    -53068.1530
 EKCMT  =      4693.3337  VIRIAL  =      4971.5109  VOLUME     =    174388.7658
                                                    Density    =         1.0252
 ------------------------------------------------------------------------------


 NSTEP =    28500   TIME(PS) =    1497.000  TEMP(K) =   299.73  PRESS =    -9.8
 Etot   =    -42222.6738  EKtot   =     10749.2578  EPtot      =    -52971.9316
 BOND   =       352.7361  ANGLE   =       977.6851  DIHED      =      2126.9304
 1-4 NB =       440.0333  1-4 EEL =      6146.6762  VDWAALS    =      6198.4123
 EELEC  =    -69280.0394  EHBOND  =         0.0000  RESTRAINT  =        65.6344
 EAMBER (non-restraint)  =    -53037.5660
 EKCMT  =      4631.8157  VIRIAL  =      4668.9138  VOLUME     =    174551.2565
                                                    Density    =         1.0242
 ------------------------------------------------------------------------------


 NSTEP =    29000   TIME(PS) =    1498.000  TEMP(K) =   301.72  PRESS =   406.3
 Etot   =    -42014.5475  EKtot   =     10820.6465  EPtot      =    -52835.1940
 BOND   =       339.1773  ANGLE   =      1013.9816  DIHED      =      2147.0315
 1-4 NB =       449.1011  1-4 EEL =      6136.5452  VDWAALS    =      6397.7415
 EELEC  =    -69382.4860  EHBOND  =         0.0000  RESTRAINT  =        63.7139
 EAMBER (non-restraint)  =    -52898.9078
 EKCMT  =      4649.2387  VIRIAL  =      3117.5135  VOLUME     =    174605.9910
                                                    Density    =         1.0239
 ------------------------------------------------------------------------------


 NSTEP =    29500   TIME(PS) =    1499.000  TEMP(K) =   298.80  PRESS =    37.5
 Etot   =    -42227.6903  EKtot   =     10715.9053  EPtot      =    -52943.5956
 BOND   =       359.1320  ANGLE   =      1002.9796  DIHED      =      2139.6349
 1-4 NB =       425.6220  1-4 EEL =      6161.0796  VDWAALS    =      6375.4421
 EELEC  =    -69477.4572  EHBOND  =         0.0000  RESTRAINT  =        69.9716
 EAMBER (non-restraint)  =    -53013.5671
 EKCMT  =      4667.6131  VIRIAL  =      4525.9325  VOLUME     =    175110.5992
                                                    Density    =         1.0209
 ------------------------------------------------------------------------------


 NSTEP =    30000   TIME(PS) =    1500.000  TEMP(K) =   300.72  PRESS =  -136.4
 Etot   =    -42193.8758  EKtot   =     10784.6768  EPtot      =    -52978.5526
 BOND   =       352.8292  ANGLE   =       980.4058  DIHED      =      2157.2522
 1-4 NB =       424.8467  1-4 EEL =      6132.0912  VDWAALS    =      6234.6983
 EELEC  =    -69325.2641  EHBOND  =         0.0000  RESTRAINT  =        64.5882
 EAMBER (non-restraint)  =    -53043.1408
 EKCMT  =      4695.2433  VIRIAL  =      5211.6189  VOLUME     =    175351.5240
                                                    Density    =         1.0195
 ------------------------------------------------------------------------------


 NSTEP =    30500   TIME(PS) =    1501.000  TEMP(K) =   298.75  PRESS =    13.2
 Etot   =    -42041.4530  EKtot   =     10714.0811  EPtot      =    -52755.5341
 BOND   =       385.2168  ANGLE   =      1051.2487  DIHED      =      2130.5656
 1-4 NB =       445.0465  1-4 EEL =      6133.0397  VDWAALS    =      6336.9947
 EELEC  =    -69305.0671  EHBOND  =         0.0000  RESTRAINT  =        67.4210
 EAMBER (non-restraint)  =    -52822.9551
 EKCMT  =      4585.9206  VIRIAL  =      4536.0779  VOLUME     =    175224.9081
                                                    Density    =         1.0203
 ------------------------------------------------------------------------------


 NSTEP =    31000   TIME(PS) =    1502.000  TEMP(K) =   300.01  PRESS =     9.7
 Etot   =    -42134.5356  EKtot   =     10759.2227  EPtot      =    -52893.7582
 BOND   =       362.0136  ANGLE   =      1000.4663  DIHED      =      2146.1839
 1-4 NB =       447.6287  1-4 EEL =      6153.8359  VDWAALS    =      6349.7844
 EELEC  =    -69416.6573  EHBOND  =         0.0000  RESTRAINT  =        62.9862
 EAMBER (non-restraint)  =    -52956.7444
 EKCMT  =      4626.5149  VIRIAL  =      4590.0038  VOLUME     =    174942.8694
                                                    Density    =         1.0219
 ------------------------------------------------------------------------------


 NSTEP =    31500   TIME(PS) =    1503.000  TEMP(K) =   301.94  PRESS =   -36.8
 Etot   =    -42006.5231  EKtot   =     10828.5605  EPtot      =    -52835.0836
 BOND   =       344.7681  ANGLE   =       990.4750  DIHED      =      2150.5092
 1-4 NB =       452.0674  1-4 EEL =      6167.9987  VDWAALS    =      6266.3080
 EELEC  =    -69276.4998  EHBOND  =         0.0000  RESTRAINT  =        69.2898
 EAMBER (non-restraint)  =    -52904.3734
 EKCMT  =      4700.6507  VIRIAL  =      4839.7151  VOLUME     =    175108.8721
                                                    Density    =         1.0209
 ------------------------------------------------------------------------------


 NSTEP =    32000   TIME(PS) =    1504.000  TEMP(K) =   302.33  PRESS =   -95.2
 Etot   =    -42018.1233  EKtot   =     10842.2617  EPtot      =    -52860.3851
 BOND   =       344.1373  ANGLE   =       987.0750  DIHED      =      2137.9470
 1-4 NB =       436.6138  1-4 EEL =      6117.4053  VDWAALS    =      6208.4033
 EELEC  =    -69158.3212  EHBOND  =         0.0000  RESTRAINT  =        66.3546
 EAMBER (non-restraint)  =    -52926.7396
 EKCMT  =      4657.8086  VIRIAL  =      5016.6116  VOLUME     =    174629.3861
                                                    Density    =         1.0237
 ------------------------------------------------------------------------------


 NSTEP =    32500   TIME(PS) =    1505.000  TEMP(K) =   299.25  PRESS =    -4.5
 Etot   =    -42224.0327  EKtot   =     10732.1035  EPtot      =    -52956.1363
 BOND   =       325.5805  ANGLE   =       988.2152  DIHED      =      2152.2776
 1-4 NB =       438.6401  1-4 EEL =      6121.2305  VDWAALS    =      6287.5270
 EELEC  =    -69337.9688  EHBOND  =         0.0000  RESTRAINT  =        68.3617
 EAMBER (non-restraint)  =    -53024.4980
 EKCMT  =      4698.9677  VIRIAL  =      4715.9316  VOLUME     =    174654.7120
                                                    Density    =         1.0236
 ------------------------------------------------------------------------------


 NSTEP =    33000   TIME(PS) =    1506.000  TEMP(K) =   300.94  PRESS =   209.7
 Etot   =    -42011.5233  EKtot   =     10792.7070  EPtot      =    -52804.2304
 BOND   =       340.4067  ANGLE   =       991.1366  DIHED      =      2153.0858
 1-4 NB =       447.2907  1-4 EEL =      6138.1733  VDWAALS    =      6355.0924
 EELEC  =    -69292.9323  EHBOND  =         0.0000  RESTRAINT  =        63.5165
 EAMBER (non-restraint)  =    -52867.7468
 EKCMT  =      4691.2817  VIRIAL  =      3898.4838  VOLUME     =    175086.2779
                                                    Density    =         1.0211
 ------------------------------------------------------------------------------


 NSTEP =    33500   TIME(PS) =    1507.000  TEMP(K) =   298.90  PRESS =   202.9
 Etot   =    -42316.6647  EKtot   =     10719.2295  EPtot      =    -53035.8942
 BOND   =       333.2094  ANGLE   =      1021.4341  DIHED      =      2141.6154
 1-4 NB =       431.7925  1-4 EEL =      6054.3528  VDWAALS    =      6411.1010
 EELEC  =    -69491.8169  EHBOND  =         0.0000  RESTRAINT  =        62.4175
 EAMBER (non-restraint)  =    -53098.3117
 EKCMT  =      4633.6693  VIRIAL  =      3865.7468  VOLUME     =    175331.0128
                                                    Density    =         1.0196
 ------------------------------------------------------------------------------


 NSTEP =    34000   TIME(PS) =    1508.000  TEMP(K) =   299.29  PRESS =    14.6
 Etot   =    -41994.9193  EKtot   =     10733.3975  EPtot      =    -52728.3167
 BOND   =       350.6129  ANGLE   =      1023.9388  DIHED      =      2122.9288
 1-4 NB =       444.8942  1-4 EEL =      6106.6975  VDWAALS    =      6394.5545
 EELEC  =    -69238.4246  EHBOND  =         0.0000  RESTRAINT  =        66.4812
 EAMBER (non-restraint)  =    -52794.7979
 EKCMT  =      4664.3329  VIRIAL  =      4609.2311  VOLUME     =    175385.1271
                                                    Density    =         1.0193
 ------------------------------------------------------------------------------


 NSTEP =    34500   TIME(PS) =    1509.000  TEMP(K) =   300.29  PRESS =   200.4
 Etot   =    -41925.4139  EKtot   =     10769.2969  EPtot      =    -52694.7107
 BOND   =       341.0903  ANGLE   =      1027.7583  DIHED      =      2132.8281
 1-4 NB =       442.1930  1-4 EEL =      6130.6923  VDWAALS    =      6332.7057
 EELEC  =    -69167.7987  EHBOND  =         0.0000  RESTRAINT  =        65.8202
 EAMBER (non-restraint)  =    -52760.5310
 EKCMT  =      4700.6616  VIRIAL  =      3940.7912  VOLUME     =    175649.8524
                                                    Density    =         1.0178
 ------------------------------------------------------------------------------


 NSTEP =    35000   TIME(PS) =    1510.000  TEMP(K) =   301.59  PRESS =   179.5
 Etot   =    -42116.4054  EKtot   =     10815.8516  EPtot      =    -52932.2569
 BOND   =       375.6748  ANGLE   =      1020.0960  DIHED      =      2143.9152
 1-4 NB =       443.9580  1-4 EEL =      6160.7758  VDWAALS    =      6298.7983
 EELEC  =    -69437.5252  EHBOND  =         0.0000  RESTRAINT  =        62.0501
 EAMBER (non-restraint)  =    -52994.3071
 EKCMT  =      4719.0555  VIRIAL  =      4039.5104  VOLUME     =    175367.2148
                                                    Density    =         1.0194
 ------------------------------------------------------------------------------


 NSTEP =    35500   TIME(PS) =    1511.000  TEMP(K) =   298.39  PRESS =  -103.8
 Etot   =    -42132.4632  EKtot   =     10701.0439  EPtot      =    -52833.5072
 BOND   =       387.2803  ANGLE   =       964.3177  DIHED      =      2135.7676
 1-4 NB =       433.2031  1-4 EEL =      6116.3094  VDWAALS    =      6067.3387
 EELEC  =    -69003.5176  EHBOND  =         0.0000  RESTRAINT  =        65.7937
 EAMBER (non-restraint)  =    -52899.3008
 EKCMT  =      4646.4588  VIRIAL  =      5038.4736  VOLUME     =    174991.5034
                                                    Density    =         1.0216
 ------------------------------------------------------------------------------


 NSTEP =    36000   TIME(PS) =    1512.000  TEMP(K) =   303.07  PRESS =   129.2
 Etot   =    -41859.1745  EKtot   =     10869.1143  EPtot      =    -52728.2887
 BOND   =       341.3105  ANGLE   =      1027.5914  DIHED      =      2130.0675
 1-4 NB =       446.7287  1-4 EEL =      6139.3463  VDWAALS    =      6320.8857
 EELEC  =    -69204.6437  EHBOND  =         0.0000  RESTRAINT  =        70.4249
 EAMBER (non-restraint)  =    -52798.7137
 EKCMT  =      4707.6429  VIRIAL  =      4219.4735  VOLUME     =    175000.7161
                                                    Density    =         1.0216
 ------------------------------------------------------------------------------


 NSTEP =    36500   TIME(PS) =    1513.000  TEMP(K) =   304.66  PRESS =   -64.1
 Etot   =    -41854.2278  EKtot   =     10926.1455  EPtot      =    -52780.3733
 BOND   =       357.6006  ANGLE   =      1027.8019  DIHED      =      2147.1693
 1-4 NB =       430.2420  1-4 EEL =      6109.3679  VDWAALS    =      6156.8254
 EELEC  =    -69076.9598  EHBOND  =         0.0000  RESTRAINT  =        67.5794
 EAMBER (non-restraint)  =    -52847.9527
 EKCMT  =      4826.1911  VIRIAL  =      5068.5395  VOLUME     =    175083.1385
                                                    Density    =         1.0211
 ------------------------------------------------------------------------------


 NSTEP =    37000   TIME(PS) =    1514.000  TEMP(K) =   305.73  PRESS =  -159.6
 Etot   =    -41939.7956  EKtot   =     10964.2324  EPtot      =    -52904.0280
 BOND   =       341.2077  ANGLE   =      1025.5171  DIHED      =      2146.9229
 1-4 NB =       450.5337  1-4 EEL =      6124.0042  VDWAALS    =      6225.1040
 EELEC  =    -69281.9679  EHBOND  =         0.0000  RESTRAINT  =        64.6504
 EAMBER (non-restraint)  =    -52968.6784
 EKCMT  =      4780.8758  VIRIAL  =      5383.0477  VOLUME     =    174785.1336
                                                    Density    =         1.0228
 ------------------------------------------------------------------------------


 NSTEP =    37500   TIME(PS) =    1515.000  TEMP(K) =   300.39  PRESS =   -60.2
 Etot   =    -42134.6390  EKtot   =     10772.7402  EPtot      =    -52907.3792
 BOND   =       357.7214  ANGLE   =      1006.0489  DIHED      =      2143.9627
 1-4 NB =       434.9593  1-4 EEL =      6120.7570  VDWAALS    =      6279.1926
 EELEC  =    -69306.6839  EHBOND  =         0.0000  RESTRAINT  =        56.6629
 EAMBER (non-restraint)  =    -52964.0421
 EKCMT  =      4700.2345  VIRIAL  =      4927.8109  VOLUME     =    175123.9432
                                                    Density    =         1.0208
 ------------------------------------------------------------------------------


 NSTEP =    38000   TIME(PS) =    1516.000  TEMP(K) =   298.99  PRESS =   -63.0
 Etot   =    -42234.1952  EKtot   =     10722.7031  EPtot      =    -52956.8984
 BOND   =       359.7571  ANGLE   =      1015.8549  DIHED      =      2127.5435
 1-4 NB =       457.6385  1-4 EEL =      6112.2097  VDWAALS    =      6224.1247
 EELEC  =    -69318.2197  EHBOND  =         0.0000  RESTRAINT  =        64.1931
 EAMBER (non-restraint)  =    -53021.0914
 EKCMT  =      4705.3197  VIRIAL  =      4943.5374  VOLUME     =    175045.3367
                                                    Density    =         1.0213
 ------------------------------------------------------------------------------


 NSTEP =    38500   TIME(PS) =    1517.000  TEMP(K) =   298.82  PRESS =    44.2
 Etot   =    -42245.9345  EKtot   =     10716.6426  EPtot      =    -52962.5771
 BOND   =       345.0067  ANGLE   =      1017.4252  DIHED      =      2162.7007
 1-4 NB =       438.8056  1-4 EEL =      6105.2828  VDWAALS    =      6266.0828
 EELEC  =    -69366.3396  EHBOND  =         0.0000  RESTRAINT  =        68.4588
 EAMBER (non-restraint)  =    -53031.0359
 EKCMT  =      4659.7355  VIRIAL  =      4492.8200  VOLUME     =    174705.7116
                                                    Density    =         1.0233
 ------------------------------------------------------------------------------


 NSTEP =    39000   TIME(PS) =    1518.000  TEMP(K) =   301.89  PRESS =    -7.6
 Etot   =    -42352.8781  EKtot   =     10826.8037  EPtot      =    -53179.6818
 BOND   =       350.1785  ANGLE   =       981.8352  DIHED      =      2125.5379
 1-4 NB =       450.6558  1-4 EEL =      6115.6995  VDWAALS    =      6281.1693
 EELEC  =    -69546.5698  EHBOND  =         0.0000  RESTRAINT  =        61.8120
 EAMBER (non-restraint)  =    -53241.4938
 EKCMT  =      4651.7599  VIRIAL  =      4680.4881  VOLUME     =    174635.7596
                                                    Density    =         1.0237
 ------------------------------------------------------------------------------


 NSTEP =    39500   TIME(PS) =    1519.000  TEMP(K) =   294.78  PRESS =  -170.3
 Etot   =    -42285.7760  EKtot   =     10571.7158  EPtot      =    -52857.4918
 BOND   =       367.2088  ANGLE   =      1006.7143  DIHED      =      2131.6116
 1-4 NB =       435.4183  1-4 EEL =      6092.1144  VDWAALS    =      6178.0989
 EELEC  =    -69137.1821  EHBOND  =         0.0000  RESTRAINT  =        68.5240
 EAMBER (non-restraint)  =    -52926.0158
 EKCMT  =      4585.9973  VIRIAL  =      5227.7631  VOLUME     =    174490.6473
                                                    Density    =         1.0246
 ------------------------------------------------------------------------------


 NSTEP =    40000   TIME(PS) =    1520.000  TEMP(K) =   299.11  PRESS =  -121.5
 Etot   =    -42123.4157  EKtot   =     10727.0596  EPtot      =    -52850.4753
 BOND   =       327.3710  ANGLE   =       999.2954  DIHED      =      2155.4499
 1-4 NB =       442.7374  1-4 EEL =      6133.9915  VDWAALS    =      6141.7428
 EELEC  =    -69117.8356  EHBOND  =         0.0000  RESTRAINT  =        66.7723
 EAMBER (non-restraint)  =    -52917.2475
 EKCMT  =      4639.2504  VIRIAL  =      5096.7557  VOLUME     =    174346.2531
                                                    Density    =         1.0254
 ------------------------------------------------------------------------------


 NSTEP =    40500   TIME(PS) =    1521.000  TEMP(K) =   302.38  PRESS =   -42.6
 Etot   =    -41906.2580  EKtot   =     10844.2256  EPtot      =    -52750.4836
 BOND   =       322.6423  ANGLE   =      1035.3307  DIHED      =      2157.2607
 1-4 NB =       452.5256  1-4 EEL =      6103.7523  VDWAALS    =      6306.5461
 EELEC  =    -69194.4148  EHBOND  =         0.0000  RESTRAINT  =        65.8735
 EAMBER (non-restraint)  =    -52816.3571
 EKCMT  =      4662.9643  VIRIAL  =      4823.3848  VOLUME     =    174607.2410
                                                    Density    =         1.0239
 ------------------------------------------------------------------------------


 NSTEP =    41000   TIME(PS) =    1522.000  TEMP(K) =   299.54  PRESS =   143.4
 Etot   =    -42215.1324  EKtot   =     10742.3311  EPtot      =    -52957.4635
 BOND   =       348.2126  ANGLE   =       984.0329  DIHED      =      2124.1281
 1-4 NB =       442.3353  1-4 EEL =      6137.2265  VDWAALS    =      6402.2055
 EELEC  =    -69460.2341  EHBOND  =         0.0000  RESTRAINT  =        64.6297
 EAMBER (non-restraint)  =    -53022.0932
 EKCMT  =      4698.3099  VIRIAL  =      4157.7529  VOLUME     =    174611.5492
                                                    Density    =         1.0238
 ------------------------------------------------------------------------------


 NSTEP =    41500   TIME(PS) =    1523.000  TEMP(K) =   295.75  PRESS =  -249.4
 Etot   =    -42161.8700  EKtot   =     10606.3525  EPtot      =    -52768.2225
 BOND   =       370.4138  ANGLE   =      1019.5480  DIHED      =      2157.0202
 1-4 NB =       441.7494  1-4 EEL =      6128.5434  VDWAALS    =      6083.5258
 EELEC  =    -69039.8394  EHBOND  =         0.0000  RESTRAINT  =        70.8162
 EAMBER (non-restraint)  =    -52839.0388
 EKCMT  =      4642.6732  VIRIAL  =      5583.4186  VOLUME     =    174687.7944
                                                    Density    =         1.0234
 ------------------------------------------------------------------------------


 NSTEP =    42000   TIME(PS) =    1524.000  TEMP(K) =   295.24  PRESS =   -81.2
 Etot   =    -42284.1453  EKtot   =     10588.1982  EPtot      =    -52872.3435
 BOND   =       346.6574  ANGLE   =       983.9193  DIHED      =      2167.2793
 1-4 NB =       450.8323  1-4 EEL =      6104.0979  VDWAALS    =      6169.3499
 EELEC  =    -69161.2297  EHBOND  =         0.0000  RESTRAINT  =        66.7501
 EAMBER (non-restraint)  =    -52939.0936
 EKCMT  =      4607.3534  VIRIAL  =      4914.1879  VOLUME     =    174909.4937
                                                    Density    =         1.0221
 ------------------------------------------------------------------------------


 NSTEP =    42500   TIME(PS) =    1525.000  TEMP(K) =   300.92  PRESS =   -86.8
 Etot   =    -41930.6328  EKtot   =     10791.7744  EPtot      =    -52722.4072
 BOND   =       363.5956  ANGLE   =      1012.2622  DIHED      =      2147.6042
 1-4 NB =       441.6072  1-4 EEL =      6107.1362  VDWAALS    =      6085.9801
 EELEC  =    -68941.5742  EHBOND  =         0.0000  RESTRAINT  =        60.9815
 EAMBER (non-restraint)  =    -52783.3887
 EKCMT  =      4734.7956  VIRIAL  =      5062.8021  VOLUME     =    175016.2527
                                                    Density    =         1.0215
 ------------------------------------------------------------------------------


 NSTEP =    43000   TIME(PS) =    1526.000  TEMP(K) =   296.94  PRESS =   267.9
 Etot   =    -42256.8585  EKtot   =     10649.1045  EPtot      =    -52905.9630
 BOND   =       312.1325  ANGLE   =      1041.5354  DIHED      =      2154.3671
 1-4 NB =       447.5459  1-4 EEL =      6150.9172  VDWAALS    =      6273.5096
 EELEC  =    -69354.7913  EHBOND  =         0.0000  RESTRAINT  =        68.8206
 EAMBER (non-restraint)  =    -52974.7836
 EKCMT  =      4740.3459  VIRIAL  =      3727.4476  VOLUME     =    175120.7240
                                                    Density    =         1.0209
 ------------------------------------------------------------------------------


 NSTEP =    43500   TIME(PS) =    1527.000  TEMP(K) =   300.15  PRESS =    50.9
 Etot   =    -42039.4232  EKtot   =     10764.2129  EPtot      =    -52803.6361
 BOND   =       334.8900  ANGLE   =      1035.8107  DIHED      =      2147.1950
 1-4 NB =       440.4099  1-4 EEL =      6139.8977  VDWAALS    =      6165.4265
 EELEC  =    -69131.5649  EHBOND  =         0.0000  RESTRAINT  =        64.2989
 EAMBER (non-restraint)  =    -52867.9350
 EKCMT  =      4661.5349  VIRIAL  =      4469.3571  VOLUME     =    174901.3156
                                                    Density    =         1.0221
 ------------------------------------------------------------------------------


 NSTEP =    44000   TIME(PS) =    1528.000  TEMP(K) =   297.79  PRESS =  -216.0
 Etot   =    -42066.5494  EKtot   =     10679.5557  EPtot      =    -52746.1051
 BOND   =       366.4808  ANGLE   =       981.9615  DIHED      =      2150.9707
 1-4 NB =       449.6210  1-4 EEL =      6100.6749  VDWAALS    =      6155.1840
 EELEC  =    -69018.2702  EHBOND  =         0.0000  RESTRAINT  =        67.2722
 EAMBER (non-restraint)  =    -52813.3773
 EKCMT  =      4655.2985  VIRIAL  =      5471.6640  VOLUME     =    175039.0897
                                                    Density    =         1.0213
 ------------------------------------------------------------------------------


 NSTEP =    44500   TIME(PS) =    1529.000  TEMP(K) =   298.89  PRESS =    75.1
 Etot   =    -42214.4291  EKtot   =     10719.1455  EPtot      =    -52933.5746
 BOND   =       336.4429  ANGLE   =      1015.4402  DIHED      =      2135.1875
 1-4 NB =       432.6637  1-4 EEL =      6097.7979  VDWAALS    =      6329.0041
 EELEC  =    -69336.9207  EHBOND  =         0.0000  RESTRAINT  =        56.8098
 EAMBER (non-restraint)  =    -52990.3844
 EKCMT  =      4675.0204  VIRIAL  =      4390.8999  VOLUME     =    175161.0110
                                                    Density    =         1.0206
 ------------------------------------------------------------------------------


 NSTEP =    45000   TIME(PS) =    1530.000  TEMP(K) =   299.25  PRESS =   141.4
 Etot   =    -42003.1303  EKtot   =     10731.9248  EPtot      =    -52735.0551
 BOND   =       337.0536  ANGLE   =      1009.6597  DIHED      =      2157.9449
 1-4 NB =       435.6821  1-4 EEL =      6122.7072  VDWAALS    =      6223.1167
 EELEC  =    -69093.8473  EHBOND  =         0.0000  RESTRAINT  =        72.6281
 EAMBER (non-restraint)  =    -52807.6832
 EKCMT  =      4661.0011  VIRIAL  =      4126.2733  VOLUME     =    175202.5108
                                                    Density    =         1.0204
 ------------------------------------------------------------------------------


 NSTEP =    45500   TIME(PS) =    1531.000  TEMP(K) =   297.54  PRESS =    87.3
 Etot   =    -42073.0468  EKtot   =     10670.6641  EPtot      =    -52743.7109
 BOND   =       362.5900  ANGLE   =       997.9569  DIHED      =      2149.9260
 1-4 NB =       427.7244  1-4 EEL =      6111.4057  VDWAALS    =      6361.2266
 EELEC  =    -69221.8614  EHBOND  =         0.0000  RESTRAINT  =        67.3209
 EAMBER (non-restraint)  =    -52811.0319
 EKCMT  =      4605.9251  VIRIAL  =      4276.5455  VOLUME     =    174788.7010
                                                    Density    =         1.0228
 ------------------------------------------------------------------------------


 NSTEP =    46000   TIME(PS) =    1532.000  TEMP(K) =   296.71  PRESS =  -262.1
 Etot   =    -42219.3441  EKtot   =     10640.8115  EPtot      =    -52860.1556
 BOND   =       331.8036  ANGLE   =      1015.1147  DIHED      =      2128.7740
 1-4 NB =       440.7072  1-4 EEL =      6100.0433  VDWAALS    =      6200.1600
 EELEC  =    -69141.1280  EHBOND  =         0.0000  RESTRAINT  =        64.3696
 EAMBER (non-restraint)  =    -52924.5252
 EKCMT  =      4641.2655  VIRIAL  =      5631.5455  VOLUME     =    174982.1521
                                                    Density    =         1.0217
 ------------------------------------------------------------------------------


 NSTEP =    46500   TIME(PS) =    1533.000  TEMP(K) =   300.93  PRESS =    37.9
 Etot   =    -42043.7846  EKtot   =     10792.3359  EPtot      =    -52836.1205
 BOND   =       352.9977  ANGLE   =       961.9263  DIHED      =      2149.9564
 1-4 NB =       442.6962  1-4 EEL =      6128.0521  VDWAALS    =      6323.5712
 EELEC  =    -69262.8418  EHBOND  =         0.0000  RESTRAINT  =        67.5213
 EAMBER (non-restraint)  =    -52903.6419
 EKCMT  =      4649.5049  VIRIAL  =      4505.9266  VOLUME     =    175329.2302
                                                    Density    =         1.0197
 ------------------------------------------------------------------------------


 NSTEP =    47000   TIME(PS) =    1534.000  TEMP(K) =   299.30  PRESS =   185.8
 Etot   =    -42202.5340  EKtot   =     10733.8350  EPtot      =    -52936.3690
 BOND   =       342.2203  ANGLE   =      1026.8710  DIHED      =      2171.2945
 1-4 NB =       434.0398  1-4 EEL =      6097.8856  VDWAALS    =      6389.1570
 EELEC  =    -69467.8431  EHBOND  =         0.0000  RESTRAINT  =        70.0060
 EAMBER (non-restraint)  =    -53006.3750
 EKCMT  =      4674.8525  VIRIAL  =      3971.5982  VOLUME     =    175313.6405
                                                    Density    =         1.0197
 ------------------------------------------------------------------------------


 NSTEP =    47500   TIME(PS) =    1535.000  TEMP(K) =   300.82  PRESS =  -140.2
 Etot   =    -42034.8413  EKtot   =     10788.2080  EPtot      =    -52823.0493
 BOND   =       351.9428  ANGLE   =       979.1739  DIHED      =      2148.6046
 1-4 NB =       445.3303  1-4 EEL =      6117.6441  VDWAALS    =      6219.4836
 EELEC  =    -69148.0611  EHBOND  =         0.0000  RESTRAINT  =        62.8324
 EAMBER (non-restraint)  =    -52885.8818
 EKCMT  =      4681.2353  VIRIAL  =      5212.0669  VOLUME     =    175366.7417
                                                    Density    =         1.0194
 ------------------------------------------------------------------------------


 NSTEP =    48000   TIME(PS) =    1536.000  TEMP(K) =   299.95  PRESS =  -291.8
 Etot   =    -42211.5834  EKtot   =     10756.9551  EPtot      =    -52968.5385
 BOND   =       364.8622  ANGLE   =      1035.8562  DIHED      =      2143.7739
 1-4 NB =       439.5143  1-4 EEL =      6079.5355  VDWAALS    =      6187.2069
 EELEC  =    -69284.4933  EHBOND  =         0.0000  RESTRAINT  =        65.2057
 EAMBER (non-restraint)  =    -53033.7443
 EKCMT  =      4693.6040  VIRIAL  =      5795.2620  VOLUME     =    174885.6717
                                                    Density    =         1.0222
 ------------------------------------------------------------------------------


 NSTEP =    48500   TIME(PS) =    1537.000  TEMP(K) =   299.64  PRESS =    -4.0
 Etot   =    -42140.0162  EKtot   =     10746.0576  EPtot      =    -52886.0738
 BOND   =       359.6959  ANGLE   =       969.4634  DIHED      =      2144.2846
 1-4 NB =       430.8973  1-4 EEL =      6074.7959  VDWAALS    =      6059.6709
 EELEC  =    -68985.6476  EHBOND  =         0.0000  RESTRAINT  =        60.7658
 EAMBER (non-restraint)  =    -52946.8396
 EKCMT  =      4650.3670  VIRIAL  =      4665.5925  VOLUME     =    174285.4632
                                                    Density    =         1.0258
 ------------------------------------------------------------------------------


 NSTEP =    49000   TIME(PS) =    1538.000  TEMP(K) =   299.99  PRESS =   206.7
 Etot   =    -42283.9375  EKtot   =     10758.5430  EPtot      =    -53042.4804
 BOND   =       335.6124  ANGLE   =       984.5642  DIHED      =      2151.2487
 1-4 NB =       428.4415  1-4 EEL =      6102.2977  VDWAALS    =      6372.2674
 EELEC  =    -69481.9725  EHBOND  =         0.0000  RESTRAINT  =        65.0602
 EAMBER (non-restraint)  =    -53107.5406
 EKCMT  =      4715.4919  VIRIAL  =      3934.3942  VOLUME     =    175038.1201
                                                    Density    =         1.0214
 ------------------------------------------------------------------------------


 NSTEP =    49500   TIME(PS) =    1539.000  TEMP(K) =   301.30  PRESS =   121.5
 Etot   =    -42250.1236  EKtot   =     10805.4111  EPtot      =    -53055.5347
 BOND   =       363.4024  ANGLE   =      1039.8872  DIHED      =      2147.9624
 1-4 NB =       435.5239  1-4 EEL =      6104.1957  VDWAALS    =      6522.3492
 EELEC  =    -69732.4908  EHBOND  =         0.0000  RESTRAINT  =        63.6352
 EAMBER (non-restraint)  =    -53119.1700
 EKCMT  =      4712.9336  VIRIAL  =      4253.2764  VOLUME     =    175231.1329
                                                    Density    =         1.0202
 ------------------------------------------------------------------------------


 NSTEP =    50000   TIME(PS) =    1540.000  TEMP(K) =   298.46  PRESS =    -1.8
 Etot   =    -42151.4301  EKtot   =     10703.4473  EPtot      =    -52854.8774
 BOND   =       351.9163  ANGLE   =       956.7815  DIHED      =      2178.3573
 1-4 NB =       443.7485  1-4 EEL =      6118.5227  VDWAALS    =      6225.6373
 EELEC  =    -69202.8401  EHBOND  =         0.0000  RESTRAINT  =        72.9990
 EAMBER (non-restraint)  =    -52927.8763
 EKCMT  =      4693.1267  VIRIAL  =      4699.8495  VOLUME     =    175056.4182
                                                    Density    =         1.0212
 ------------------------------------------------------------------------------


      A V E R A G E S   O V E R     100 S T E P S


 NSTEP =    50000   TIME(PS) =    1540.000  TEMP(K) =   299.91  PRESS =   -12.1
 Etot   =    -42138.6911  EKtot   =     10755.7145  EPtot      =    -52894.4056
 BOND   =       350.6131  ANGLE   =      1003.9010  DIHED      =      2143.7529
 1-4 NB =       442.0519  1-4 EEL =      6127.6736  VDWAALS    =      6266.9575
 EELEC  =    -69294.2441  EHBOND  =         0.0000  RESTRAINT  =        64.8887
 EAMBER (non-restraint)  =    -52959.2942
 EKCMT  =      4675.5043  VIRIAL  =      4720.9413  VOLUME     =    174849.2506
                                                    Density    =         1.0225
 ------------------------------------------------------------------------------


      R M S  F L U C T U A T I O N S


 NSTEP =    50000   TIME(PS) =    1540.000  TEMP(K) =     2.22  PRESS =   164.0
 Etot   =       144.9298  EKtot   =        79.4686  EPtot      =       114.9456
 BOND   =        15.1336  ANGLE   =        27.4966  DIHED      =        13.7173
 1-4 NB =         8.4268  1-4 EEL =        22.7269  VDWAALS    =       103.4467
 EELEC  =       168.3525  EHBOND  =         0.0000  RESTRAINT  =         4.2293
 EAMBER (non-restraint)  =       110.7163
 EKCMT  =        47.5212  VIRIAL  =       613.4415  VOLUME     =       343.5128
                                                    Density    =         0.0020
 ------------------------------------------------------------------------------

--------------------------------------------------------------------------------
   5.  TIMINGS
--------------------------------------------------------------------------------

|  NonSetup CPU Time in Major Routines:
|
|     Routine           Sec        %
|     ------------------------------
|     Nonbond          86.34   87.10
|     Bond              0.00    0.00
|     Angle             0.00    0.00
|     Dihedral          0.00    0.00
|     Shake             0.32    0.32
|     RunMD            12.43   12.54
|     Other             0.04    0.04
|     ------------------------------
|     Total            99.13

|  PME Nonbond Pairlist CPU Time:
|
|     Routine              Sec        %
|     ---------------------------------
|     Set Up Cit           0.00    0.00
|     Build List           0.00    0.00
|     ---------------------------------
|     Total                0.00    0.00

|  PME Direct Force CPU Time:
|
|     Routine              Sec        %
|     ---------------------------------
|     NonBonded Calc       0.00    0.00
|     Exclude Masked       0.00    0.00
|     Other                0.02    0.02
|     ---------------------------------
|     Total                0.02    0.02

|  PME Reciprocal Force CPU Time:
|
|     Routine              Sec        %
|     ---------------------------------
|     1D bspline           0.00    0.00
|     Grid Charges         0.00    0.00
|     Scalar Sum           0.00    0.00
|     Gradient Sum         0.00    0.00
|     FFT                  0.00    0.00
|     ---------------------------------
|     Total                0.00    0.00

|  Final Performance Info:
|     -----------------------------------------------------
|     Average timings for last   19500 steps:
|     Elapsed(s) =      38.62 Per Step(ms) =       1.98
|         ns/day =      87.25   seconds/ns =     990.22
|
|     Average timings for all steps:
|     Elapsed(s) =      99.13 Per Step(ms) =       1.98
|         ns/day =      87.16   seconds/ns =     991.25
|     -----------------------------------------------------

|  Setup CPU time:            0.43 seconds
|  NonSetup CPU time:        99.13 seconds
|  Total CPU time:           99.56 seconds     0.03 hours

|  Setup wall time:           1    seconds
|  NonSetup wall time:       99    seconds
|  Total wall time:         100    seconds     0.03 hours
