
          -------------------------------------------------------
          Amber 16 PMEMD                              2016
          -------------------------------------------------------

| PMEMD implementation of SANDER, Release 16

| Run on 07/03/2017 at 16:23:43

|   Executable path: pmemd.cuda
| Working directory: /home/german/obp/run/wt_apo/mhe/e
|          Hostname: Unknown
  [-O]verwriting output

File Assignments:
|   MDIN: 30equ.in                                                              
|  MDOUT: 30equ.out                                                             
| INPCRD: 29ewt_apo.rst7                                                        
|   PARM: /home/german/obp/top_files/wt_apo.prmtop                              
| RESTRT: 30ewt_apo.rst7                                                        
|   REFC: refc                                                                  
|  MDVEL: mdvel                                                                 
|   MDEN: mden                                                                  
|  MDCRD: 30ewt_apo.nc                                                          
| MDINFO: mdinfo                                                                
|  MDFRC: mdfrc                                                                 


 Here is the input file:

Equilibration without solute restrictions                                      
&cntrl                                                                         
imin = 0,                           ! No Minimization                          
nmropt = 0,                         ! No NMR restraints read                   
                                                                               
! Nature and format of the input                                               
ntx = 5,                            ! Coordinates and velocities will be read  
irest = 1,                          ! Do not run a new simulation              
                                                                               
! Nature and format of the output                                              
ntxo = 1,                           ! rstrt file in ASCII format               
ntpr = 500,                         ! inf in output every ntpr steps           
ntwr = 500,                         ! rstrt file every ntwr steps              
ntwx = 500,                         ! mdcrd file every ntwx steps              
ntwv = 0,                           ! mdvel without velocities                 
ntwe = 0,                           ! Energies and temperatures not written in 
idecomp = 0,                        ! No energy decomposition                  
iwrap = 1,                          ! Coordinates of the restart and mdcrd file
                                                                               
! Frozen or restrained atoms                                                   
ibelly = 0,                         ! No frozen atoms                          
ntr=0,                              ! Harmonic potential restraints            
                                                                               
! Molecular dynamics                                                           
nstlim = 50000,                     ! Number of MD-steps                       
dt = 0.002,                         ! Time step                                
                                                                               
! Temperature regulation                                                       
ntt = 3,                            ! Langevin thermostat                      
gamma_ln = 2,                       ! Gamma constant for Langevin              
!temp0 = 300.0,                     ! Reference T at which the system is to be 
tempi = 300.0,                      ! Initial T                                
ig = -1,                            ! Seed for the RNG                         
                                                                               
! P and V regulation                                                           
ntp = 0,                            ! No P control                             
ntb = 1,                            ! constant V                               
                                                                               
! SHAKE variables                                                              
ntc = 2,                            ! Bonds involving H are constrained        
ntf = 2,                            ! Bond interaction involving H are ommited.
                                                                               
cut = 9.0,                         ! Nonbonded cutoff                          
/                                                                              
&end                                                                           


Note: ig = -1. Setting random seed to    58817 based on wallclock time in 
      microseconds.
 
|--------------------- INFORMATION ----------------------
| GPU (CUDA) Version of PMEMD in use: NVIDIA GPU IN USE.
|                    Version 16.0.0
| 
|                      02/25/2016
| 
| Implementation by:
|                    Ross C. Walker     (SDSC)
|                    Scott Le Grand     (nVIDIA)
| 
| Precision model in use:
|      [SPFP] - Single Precision Forces, 64-bit Fixed Point
|               Accumulation. (Default)
| 
|--------------------------------------------------------
 
|----------------- CITATION INFORMATION -----------------
|
|    When publishing work that utilized the CUDA version
|    of AMBER, please cite the following in addition to
|    the regular AMBER citations:
|
|  - Romelia Salomon-Ferrer; Andreas W. Goetz; Duncan
|    Poole; Scott Le Grand; Ross C. Walker "Routine
|    microsecond molecular dynamics simulations with
|    AMBER - Part II: Particle Mesh Ewald", J. Chem.
|    Theory Comput., 2013, 9 (9), pp3878-3888,
|    DOI: 10.1021/ct400314y.
|
|  - Andreas W. Goetz; Mark J. Williamson; Dong Xu;
|    Duncan Poole; Scott Le Grand; Ross C. Walker
|    "Routine microsecond molecular dynamics simulations
|    with AMBER - Part I: Generalized Born", J. Chem.
|    Theory Comput., 2012, 8 (5), pp1542-1555.
|
|  - Scott Le Grand; Andreas W. Goetz; Ross C. Walker
|    "SPFP: Speed without compromise - a mixed precision
|    model for GPU accelerated molecular dynamics
|    simulations.", Comp. Phys. Comm., 2013, 184
|    pp374-380, DOI: 10.1016/j.cpc.2012.09.022
|
|--------------------------------------------------------
 
|------------------- GPU DEVICE INFO --------------------
|
|            CUDA_VISIBLE_DEVICES: 0
|   CUDA Capable Devices Detected:      1
|           CUDA Device ID in use:      0
|                CUDA Device Name: GeForce GTX 1060 6GB
|     CUDA Device Global Mem Size:   6072 MB
| CUDA Device Num Multiprocessors:     10
|           CUDA Device Core Freq:   1.76 GHz
|
|--------------------------------------------------------
 
 
| Conditional Compilation Defines Used:
| PUBFFT
| BINTRAJ
| CUDA
| EMIL

| Largest sphere to fit in unit cell has radius =    27.108

| New format PARM file being parsed.
| Version =    1.000 Date = 02/24/15 Time = 11:47:22

| Note: 1-4 EEL scale factors are being read from the topology file.

| Note: 1-4 VDW scale factors are being read from the topology file.
| Duplicated    0 dihedrals

| Duplicated    0 dihedrals

--------------------------------------------------------------------------------
   1.  RESOURCE   USE: 
--------------------------------------------------------------------------------

 getting new box info from bottom of inpcrd
 NATOM  =   17574 NTYPES =      17 NBONH =   16628 MBONA  =     951
 NTHETH =    2219 MTHETA =    1278 NPHIH =    4331 MPHIA  =    4375
 NHPARM =       0 NPARM  =       0 NNB   =   31462 NRES   =    5343
 NBONA  =     951 NTHETA =    1278 NPHIA =    4375 NUMBND =      60
 NUMANG =     134 NPTRA  =     240 NATYP =      33 NPHB   =       1
 IFBOX  =       1 NMXRS  =      24 IFCAP =       0 NEXTRA =       0
 NCOPY  =       0

| Coordinate Index Table dimensions:    11   11   10
| Direct force subcell size =     5.0182    5.3125    5.4216

     BOX TYPE: RECTILINEAR

--------------------------------------------------------------------------------
   2.  CONTROL  DATA  FOR  THE  RUN
--------------------------------------------------------------------------------

default_name                                                                    

General flags:
     imin    =       0, nmropt  =       0

Nature and format of input:
     ntx     =       5, irest   =       1, ntrx    =       1

Nature and format of output:
     ntxo    =       1, ntpr    =     500, ntrx    =       1, ntwr    =     500
     iwrap   =       1, ntwx    =     500, ntwv    =       0, ntwe    =       0
     ioutfm  =       1, ntwprt  =       0, idecomp =       0, rbornstat=      0

Potential function:
     ntf     =       2, ntb     =       1, igb     =       0, nsnb    =      25
     ipol    =       0, gbsa    =       0, iesp    =       0
     dielc   =   1.00000, cut     =   9.00000, intdiel =   1.00000

Frozen or restrained atoms:
     ibelly  =       0, ntr     =       0

Molecular dynamics:
     nstlim  =     50000, nscm    =      1000, nrespa  =         1
     t       =   0.00000, dt      =   0.00200, vlimit  =  -1.00000

Langevin dynamics temperature regulation:
     ig      =   58817
     temp0   = 300.00000, tempi   = 300.00000, gamma_ln=   2.00000

SHAKE:
     ntc     =       2, jfastw  =       0
     tol     =   0.00001

| Intermolecular bonds treatment:
|     no_intermolecular_bonds =       1

| Energy averages sample interval:
|     ene_avg_sampling =     500

Ewald parameters:
     verbose =       0, ew_type =       0, nbflag  =       1, use_pme =       1
     vdwmeth =       1, eedmeth =       1, netfrc  =       1
     Box X =   55.200   Box Y =   58.437   Box Z =   54.216
     Alpha =   90.000   Beta  =   90.000   Gamma =   90.000
     NFFT1 =   56       NFFT2 =   64       NFFT3 =   56
     Cutoff=    9.000   Tol   =0.100E-04
     Ewald Coefficient =  0.30768
     Interpolation order =    4

--------------------------------------------------------------------------------
   3.  ATOMIC COORDINATES AND VELOCITIES
--------------------------------------------------------------------------------

default_name                                                                    
 begin time read from input coords =  3040.000 ps

 
 Number of triangulated 3-point waters found:     5221

     Sum of charges from parm topology file =  -0.00000007
     Forcing neutrality...

| Dynamic Memory, Types Used:
| Reals              575588
| Integers           606811

| Nonbonded Pairs Initial Allocation:     4006872

| GPU memory information (estimate):
| KB of GPU memory in use:    107236
| KB of CPU memory in use:     21623

--------------------------------------------------------------------------------
   4.  RESULTS
--------------------------------------------------------------------------------

 ---------------------------------------------------
 APPROXIMATING switch and d/dx switch using CUBIC SPLINE INTERPOLATION
 using   5000.0 points per unit in tabled values
 TESTING RELATIVE ERROR over r ranging from 0.0 to cutoff
| CHECK switch(x): max rel err =   0.2738E-14   at   2.422500
| CHECK d/dx switch(x): max rel err =   0.8314E-11   at   2.736960
 ---------------------------------------------------
|---------------------------------------------------
| APPROXIMATING direct energy using CUBIC SPLINE INTERPOLATION
|  with   50.0 points per unit in tabled values
| Relative Error Limit not exceeded for r .gt.   2.39
| APPROXIMATING direct force using CUBIC SPLINE INTERPOLATION
|  with   50.0 points per unit in tabled values
| Relative Error Limit not exceeded for r .gt.   2.84
|---------------------------------------------------

 NSTEP =      500   TIME(PS) =    3041.000  TEMP(K) =   302.22  PRESS =     0.0
 Etot   =    -42024.9385  EKtot   =     10838.4893  EPtot      =    -52863.4278
 BOND   =       352.1923  ANGLE   =      1028.6191  DIHED      =      2143.4168
 1-4 NB =       441.0797  1-4 EEL =      6135.0457  VDWAALS    =      6282.3096
 EELEC  =    -69246.0910  EHBOND  =         0.0000  RESTRAINT  =         0.0000
 ------------------------------------------------------------------------------


 NSTEP =     1000   TIME(PS) =    3042.000  TEMP(K) =   303.57  PRESS =     0.0
 Etot   =    -41871.3718  EKtot   =     10886.7734  EPtot      =    -52758.1453
 BOND   =       350.0963  ANGLE   =      1021.4309  DIHED      =      2150.9794
 1-4 NB =       453.3818  1-4 EEL =      6188.7385  VDWAALS    =      6012.6832
 EELEC  =    -68935.4553  EHBOND  =         0.0000  RESTRAINT  =         0.0000
 ------------------------------------------------------------------------------


 NSTEP =     1500   TIME(PS) =    3043.000  TEMP(K) =   301.24  PRESS =     0.0
 Etot   =    -42282.7031  EKtot   =     10803.2666  EPtot      =    -53085.9697
 BOND   =       377.0220  ANGLE   =       979.9298  DIHED      =      2129.0020
 1-4 NB =       445.4904  1-4 EEL =      6146.3016  VDWAALS    =      6405.5317
 EELEC  =    -69569.2473  EHBOND  =         0.0000  RESTRAINT  =         0.0000
 ------------------------------------------------------------------------------


 NSTEP =     2000   TIME(PS) =    3044.000  TEMP(K) =   299.48  PRESS =     0.0
 Etot   =    -42366.6225  EKtot   =     10740.3770  EPtot      =    -53106.9994
 BOND   =       341.6991  ANGLE   =       996.9691  DIHED      =      2148.0076
 1-4 NB =       433.7155  1-4 EEL =      6166.8967  VDWAALS    =      6396.4780
 EELEC  =    -69590.7653  EHBOND  =         0.0000  RESTRAINT  =         0.0000
 ------------------------------------------------------------------------------


 NSTEP =     2500   TIME(PS) =    3045.000  TEMP(K) =   300.53  PRESS =     0.0
 Etot   =    -42215.1689  EKtot   =     10777.9805  EPtot      =    -52993.1494
 BOND   =       360.5453  ANGLE   =      1007.0093  DIHED      =      2154.7485
 1-4 NB =       446.1790  1-4 EEL =      6138.1144  VDWAALS    =      6194.0257
 EELEC  =    -69293.7716  EHBOND  =         0.0000  RESTRAINT  =         0.0000
 ------------------------------------------------------------------------------


 NSTEP =     3000   TIME(PS) =    3046.000  TEMP(K) =   302.53  PRESS =     0.0
 Etot   =    -41972.7028  EKtot   =     10849.5996  EPtot      =    -52822.3024
 BOND   =       340.0221  ANGLE   =      1014.3515  DIHED      =      2163.3291
 1-4 NB =       444.1518  1-4 EEL =      6160.9309  VDWAALS    =      6610.3091
 EELEC  =    -69555.3970  EHBOND  =         0.0000  RESTRAINT  =         0.0000
 ------------------------------------------------------------------------------


 NSTEP =     3500   TIME(PS) =    3047.000  TEMP(K) =   300.41  PRESS =     0.0
 Etot   =    -42040.2457  EKtot   =     10773.4297  EPtot      =    -52813.6754
 BOND   =       377.2527  ANGLE   =       993.5273  DIHED      =      2166.2387
 1-4 NB =       446.3697  1-4 EEL =      6134.6965  VDWAALS    =      6243.3661
 EELEC  =    -69175.1263  EHBOND  =         0.0000  RESTRAINT  =         0.0000
 ------------------------------------------------------------------------------


 NSTEP =     4000   TIME(PS) =    3048.000  TEMP(K) =   304.06  PRESS =     0.0
 Etot   =    -41799.0219  EKtot   =     10904.3906  EPtot      =    -52703.4125
 BOND   =       322.8409  ANGLE   =       978.3495  DIHED      =      2163.5415
 1-4 NB =       445.4231  1-4 EEL =      6147.4419  VDWAALS    =      6138.8162
 EELEC  =    -68899.8256  EHBOND  =         0.0000  RESTRAINT  =         0.0000
 ------------------------------------------------------------------------------


 NSTEP =     4500   TIME(PS) =    3049.000  TEMP(K) =   297.51  PRESS =     0.0
 Etot   =    -42132.9024  EKtot   =     10669.4824  EPtot      =    -52802.3848
 BOND   =       356.8096  ANGLE   =       996.9920  DIHED      =      2173.8537
 1-4 NB =       442.8467  1-4 EEL =      6161.3778  VDWAALS    =      6122.5118
 EELEC  =    -69056.7764  EHBOND  =         0.0000  RESTRAINT  =         0.0000
 ------------------------------------------------------------------------------


 NSTEP =     5000   TIME(PS) =    3050.000  TEMP(K) =   301.53  PRESS =     0.0
 Etot   =    -42117.4574  EKtot   =     10813.7910  EPtot      =    -52931.2484
 BOND   =       347.6147  ANGLE   =       981.0769  DIHED      =      2135.4085
 1-4 NB =       449.6614  1-4 EEL =      6169.9571  VDWAALS    =      6525.3322
 EELEC  =    -69540.2992  EHBOND  =         0.0000  RESTRAINT  =         0.0000
 ------------------------------------------------------------------------------


 NSTEP =     5500   TIME(PS) =    3051.000  TEMP(K) =   302.76  PRESS =     0.0
 Etot   =    -41970.0482  EKtot   =     10857.8779  EPtot      =    -52827.9262
 BOND   =       323.9439  ANGLE   =      1013.2474  DIHED      =      2150.7548
 1-4 NB =       437.3149  1-4 EEL =      6147.1817  VDWAALS    =      6266.8616
 EELEC  =    -69167.2303  EHBOND  =         0.0000  RESTRAINT  =         0.0000
 ------------------------------------------------------------------------------


 NSTEP =     6000   TIME(PS) =    3052.000  TEMP(K) =   305.83  PRESS =     0.0
 Etot   =    -41901.1303  EKtot   =     10968.0859  EPtot      =    -52869.2162
 BOND   =       337.2804  ANGLE   =      1008.7609  DIHED      =      2143.1333
 1-4 NB =       460.8779  1-4 EEL =      6143.5884  VDWAALS    =      6158.8949
 EELEC  =    -69121.7520  EHBOND  =         0.0000  RESTRAINT  =         0.0000
 ------------------------------------------------------------------------------


 NSTEP =     6500   TIME(PS) =    3053.000  TEMP(K) =   302.17  PRESS =     0.0
 Etot   =    -42031.3577  EKtot   =     10836.8418  EPtot      =    -52868.1995
 BOND   =       333.6565  ANGLE   =       976.4307  DIHED      =      2155.3164
 1-4 NB =       439.7703  1-4 EEL =      6167.6834  VDWAALS    =      6452.3087
 EELEC  =    -69393.3655  EHBOND  =         0.0000  RESTRAINT  =         0.0000
 ------------------------------------------------------------------------------


 NSTEP =     7000   TIME(PS) =    3054.000  TEMP(K) =   305.25  PRESS =     0.0
 Etot   =    -41821.9921  EKtot   =     10947.1504  EPtot      =    -52769.1425
 BOND   =       346.3777  ANGLE   =      1008.0101  DIHED      =      2167.7826
 1-4 NB =       449.5624  1-4 EEL =      6174.0063  VDWAALS    =      6318.2161
 EELEC  =    -69233.0976  EHBOND  =         0.0000  RESTRAINT  =         0.0000
 ------------------------------------------------------------------------------


 NSTEP =     7500   TIME(PS) =    3055.000  TEMP(K) =   302.75  PRESS =     0.0
 Etot   =    -41965.1468  EKtot   =     10857.5205  EPtot      =    -52822.6673
 BOND   =       393.0941  ANGLE   =       981.9802  DIHED      =      2168.5432
 1-4 NB =       440.6499  1-4 EEL =      6138.6243  VDWAALS    =      6264.6978
 EELEC  =    -69210.2569  EHBOND  =         0.0000  RESTRAINT  =         0.0000
 ------------------------------------------------------------------------------


 NSTEP =     8000   TIME(PS) =    3056.000  TEMP(K) =   301.95  PRESS =     0.0
 Etot   =    -42196.6067  EKtot   =     10828.6641  EPtot      =    -53025.2708
 BOND   =       343.4519  ANGLE   =       997.9623  DIHED      =      2147.1592
 1-4 NB =       441.2898  1-4 EEL =      6141.3283  VDWAALS    =      6479.8128
 EELEC  =    -69576.2750  EHBOND  =         0.0000  RESTRAINT  =         0.0000
 ------------------------------------------------------------------------------


 NSTEP =     8500   TIME(PS) =    3057.000  TEMP(K) =   301.26  PRESS =     0.0
 Etot   =    -42240.0363  EKtot   =     10804.0586  EPtot      =    -53044.0949
 BOND   =       336.9613  ANGLE   =       992.4608  DIHED      =      2152.0400
 1-4 NB =       448.6046  1-4 EEL =      6182.0688  VDWAALS    =      6438.7181
 EELEC  =    -69594.9485  EHBOND  =         0.0000  RESTRAINT  =         0.0000
 ------------------------------------------------------------------------------


 NSTEP =     9000   TIME(PS) =    3058.000  TEMP(K) =   296.23  PRESS =     0.0
 Etot   =    -42357.6505  EKtot   =     10623.8115  EPtot      =    -52981.4620
 BOND   =       373.9446  ANGLE   =      1027.1440  DIHED      =      2153.8144
 1-4 NB =       436.5555  1-4 EEL =      6172.0808  VDWAALS    =      6282.3079
 EELEC  =    -69427.3092  EHBOND  =         0.0000  RESTRAINT  =         0.0000
 ------------------------------------------------------------------------------


 NSTEP =     9500   TIME(PS) =    3059.000  TEMP(K) =   298.49  PRESS =     0.0
 Etot   =    -42376.5731  EKtot   =     10704.8281  EPtot      =    -53081.4012
 BOND   =       370.8150  ANGLE   =      1030.8409  DIHED      =      2153.5683
 1-4 NB =       438.7679  1-4 EEL =      6128.4600  VDWAALS    =      6176.9305
 EELEC  =    -69380.7838  EHBOND  =         0.0000  RESTRAINT  =         0.0000
 ------------------------------------------------------------------------------


 NSTEP =    10000   TIME(PS) =    3060.000  TEMP(K) =   300.68  PRESS =     0.0
 Etot   =    -41991.5243  EKtot   =     10783.4199  EPtot      =    -52774.9442
 BOND   =       360.0218  ANGLE   =      1004.6764  DIHED      =      2153.8892
 1-4 NB =       448.4946  1-4 EEL =      6134.4488  VDWAALS    =      6314.8584
 EELEC  =    -69191.3334  EHBOND  =         0.0000  RESTRAINT  =         0.0000
 ------------------------------------------------------------------------------


 NSTEP =    10500   TIME(PS) =    3061.000  TEMP(K) =   300.37  PRESS =     0.0
 Etot   =    -42095.9893  EKtot   =     10772.1416  EPtot      =    -52868.1309
 BOND   =       323.6100  ANGLE   =      1015.8828  DIHED      =      2171.7735
 1-4 NB =       443.6825  1-4 EEL =      6175.1573  VDWAALS    =      6257.3975
 EELEC  =    -69255.6345  EHBOND  =         0.0000  RESTRAINT  =         0.0000
 ------------------------------------------------------------------------------


 NSTEP =    11000   TIME(PS) =    3062.000  TEMP(K) =   300.06  PRESS =     0.0
 Etot   =    -42103.5136  EKtot   =     10760.9277  EPtot      =    -52864.4413
 BOND   =       344.5165  ANGLE   =      1006.2161  DIHED      =      2204.0034
 1-4 NB =       445.5024  1-4 EEL =      6188.9169  VDWAALS    =      6166.1202
 EELEC  =    -69219.7168  EHBOND  =         0.0000  RESTRAINT  =         0.0000
 ------------------------------------------------------------------------------


 NSTEP =    11500   TIME(PS) =    3063.000  TEMP(K) =   300.30  PRESS =     0.0
 Etot   =    -42221.1271  EKtot   =     10769.6436  EPtot      =    -52990.7707
 BOND   =       367.5486  ANGLE   =       968.0945  DIHED      =      2167.6940
 1-4 NB =       449.7782  1-4 EEL =      6209.2596  VDWAALS    =      6315.1900
 EELEC  =    -69468.3356  EHBOND  =         0.0000  RESTRAINT  =         0.0000
 ------------------------------------------------------------------------------


 NSTEP =    12000   TIME(PS) =    3064.000  TEMP(K) =   299.53  PRESS =     0.0
 Etot   =    -42117.0747  EKtot   =     10742.0020  EPtot      =    -52859.0766
 BOND   =       379.3696  ANGLE   =      1035.1832  DIHED      =      2167.3227
 1-4 NB =       435.4863  1-4 EEL =      6162.0624  VDWAALS    =      6163.3401
 EELEC  =    -69201.8409  EHBOND  =         0.0000  RESTRAINT  =         0.0000
 ------------------------------------------------------------------------------


 NSTEP =    12500   TIME(PS) =    3065.000  TEMP(K) =   302.28  PRESS =     0.0
 Etot   =    -42112.9974  EKtot   =     10840.6836  EPtot      =    -52953.6810
 BOND   =       341.2179  ANGLE   =      1003.6344  DIHED      =      2164.6562
 1-4 NB =       427.2073  1-4 EEL =      6119.2351  VDWAALS    =      6340.4370
 EELEC  =    -69350.0688  EHBOND  =         0.0000  RESTRAINT  =         0.0000
 ------------------------------------------------------------------------------


 NSTEP =    13000   TIME(PS) =    3066.000  TEMP(K) =   300.50  PRESS =     0.0
 Etot   =    -41951.0099  EKtot   =     10776.9609  EPtot      =    -52727.9708
 BOND   =       386.3876  ANGLE   =       997.8003  DIHED      =      2157.0706
 1-4 NB =       431.6814  1-4 EEL =      6167.1996  VDWAALS    =      6235.2517
 EELEC  =    -69103.3621  EHBOND  =         0.0000  RESTRAINT  =         0.0000
 ------------------------------------------------------------------------------


 NSTEP =    13500   TIME(PS) =    3067.000  TEMP(K) =   302.57  PRESS =     0.0
 Etot   =    -42112.9035  EKtot   =     10851.0156  EPtot      =    -52963.9191
 BOND   =       344.8689  ANGLE   =       975.7625  DIHED      =      2172.0373
 1-4 NB =       457.2013  1-4 EEL =      6208.1824  VDWAALS    =      6414.7245
 EELEC  =    -69536.6962  EHBOND  =         0.0000  RESTRAINT  =         0.0000
 ------------------------------------------------------------------------------


 NSTEP =    14000   TIME(PS) =    3068.000  TEMP(K) =   295.72  PRESS =     0.0
 Etot   =    -42191.0432  EKtot   =     10605.4619  EPtot      =    -52796.5051
 BOND   =       341.1439  ANGLE   =      1019.9879  DIHED      =      2152.1354
 1-4 NB =       441.7763  1-4 EEL =      6140.5508  VDWAALS    =      6401.8954
 EELEC  =    -69293.9949  EHBOND  =         0.0000  RESTRAINT  =         0.0000
 ------------------------------------------------------------------------------


 NSTEP =    14500   TIME(PS) =    3069.000  TEMP(K) =   300.39  PRESS =     0.0
 Etot   =    -42161.5296  EKtot   =     10772.8594  EPtot      =    -52934.3890
 BOND   =       349.0041  ANGLE   =       991.9787  DIHED      =      2155.5805
 1-4 NB =       441.6734  1-4 EEL =      6200.2992  VDWAALS    =      6332.0748
 EELEC  =    -69404.9997  EHBOND  =         0.0000  RESTRAINT  =         0.0000
 ------------------------------------------------------------------------------


 NSTEP =    15000   TIME(PS) =    3070.000  TEMP(K) =   297.70  PRESS =     0.0
 Etot   =    -42271.8400  EKtot   =     10676.4619  EPtot      =    -52948.3019
 BOND   =       339.4736  ANGLE   =       998.6887  DIHED      =      2168.7940
 1-4 NB =       431.9993  1-4 EEL =      6168.8318  VDWAALS    =      6277.4783
 EELEC  =    -69333.5677  EHBOND  =         0.0000  RESTRAINT  =         0.0000
 ------------------------------------------------------------------------------


 NSTEP =    15500   TIME(PS) =    3071.000  TEMP(K) =   303.33  PRESS =     0.0
 Etot   =    -41995.2266  EKtot   =     10878.4541  EPtot      =    -52873.6807
 BOND   =       358.5992  ANGLE   =       988.8980  DIHED      =      2167.7086
 1-4 NB =       434.2255  1-4 EEL =      6169.4597  VDWAALS    =      6416.1364
 EELEC  =    -69408.7080  EHBOND  =         0.0000  RESTRAINT  =         0.0000
 ------------------------------------------------------------------------------


 NSTEP =    16000   TIME(PS) =    3072.000  TEMP(K) =   299.70  PRESS =     0.0
 Etot   =    -42112.4197  EKtot   =     10748.2344  EPtot      =    -52860.6541
 BOND   =       348.8204  ANGLE   =      1006.1311  DIHED      =      2145.9944
 1-4 NB =       451.8306  1-4 EEL =      6178.7325  VDWAALS    =      6242.2111
 EELEC  =    -69234.3741  EHBOND  =         0.0000  RESTRAINT  =         0.0000
 ------------------------------------------------------------------------------


 NSTEP =    16500   TIME(PS) =    3073.000  TEMP(K) =   302.68  PRESS =     0.0
 Etot   =    -41850.9172  EKtot   =     10855.1182  EPtot      =    -52706.0354
 BOND   =       338.6602  ANGLE   =      1023.2210  DIHED      =      2147.4738
 1-4 NB =       434.5370  1-4 EEL =      6172.9628  VDWAALS    =      6378.5894
 EELEC  =    -69201.4796  EHBOND  =         0.0000  RESTRAINT  =         0.0000
 ------------------------------------------------------------------------------


 NSTEP =    17000   TIME(PS) =    3074.000  TEMP(K) =   302.15  PRESS =     0.0
 Etot   =    -42052.5671  EKtot   =     10835.9453  EPtot      =    -52888.5124
 BOND   =       365.3548  ANGLE   =      1026.9377  DIHED      =      2136.8334
 1-4 NB =       422.0657  1-4 EEL =      6159.1321  VDWAALS    =      6444.6413
 EELEC  =    -69443.4774  EHBOND  =         0.0000  RESTRAINT  =         0.0000
 ------------------------------------------------------------------------------


 NSTEP =    17500   TIME(PS) =    3075.000  TEMP(K) =   305.52  PRESS =     0.0
 Etot   =    -41855.8187  EKtot   =     10956.8965  EPtot      =    -52812.7152
 BOND   =       369.8385  ANGLE   =       952.2869  DIHED      =      2131.6218
 1-4 NB =       462.8323  1-4 EEL =      6167.9181  VDWAALS    =      6470.7503
 EELEC  =    -69367.9631  EHBOND  =         0.0000  RESTRAINT  =         0.0000
 ------------------------------------------------------------------------------


 NSTEP =    18000   TIME(PS) =    3076.000  TEMP(K) =   303.20  PRESS =     0.0
 Etot   =    -41924.7922  EKtot   =     10873.5020  EPtot      =    -52798.2942
 BOND   =       364.6608  ANGLE   =      1037.4404  DIHED      =      2138.6428
 1-4 NB =       437.8719  1-4 EEL =      6200.7430  VDWAALS    =      6275.6182
 EELEC  =    -69253.2714  EHBOND  =         0.0000  RESTRAINT  =         0.0000
 ------------------------------------------------------------------------------


 NSTEP =    18500   TIME(PS) =    3077.000  TEMP(K) =   298.42  PRESS =     0.0
 Etot   =    -42264.1977  EKtot   =     10702.2480  EPtot      =    -52966.4458
 BOND   =       366.5124  ANGLE   =       967.1481  DIHED      =      2150.0909
 1-4 NB =       455.9968  1-4 EEL =      6164.2592  VDWAALS    =      6209.5930
 EELEC  =    -69280.0463  EHBOND  =         0.0000  RESTRAINT  =         0.0000
 ------------------------------------------------------------------------------


 NSTEP =    19000   TIME(PS) =    3078.000  TEMP(K) =   301.57  PRESS =     0.0
 Etot   =    -42058.6707  EKtot   =     10815.1357  EPtot      =    -52873.8064
 BOND   =       335.4712  ANGLE   =      1009.0518  DIHED      =      2150.8800
 1-4 NB =       446.8752  1-4 EEL =      6187.5222  VDWAALS    =      6156.6661
 EELEC  =    -69160.2730  EHBOND  =         0.0000  RESTRAINT  =         0.0000
 ------------------------------------------------------------------------------


 NSTEP =    19500   TIME(PS) =    3079.000  TEMP(K) =   302.39  PRESS =     0.0
 Etot   =    -42041.2880  EKtot   =     10844.6104  EPtot      =    -52885.8984
 BOND   =       386.7686  ANGLE   =       974.3610  DIHED      =      2167.9954
 1-4 NB =       426.1868  1-4 EEL =      6189.2471  VDWAALS    =      6371.7454
 EELEC  =    -69402.2027  EHBOND  =         0.0000  RESTRAINT  =         0.0000
 ------------------------------------------------------------------------------


 NSTEP =    20000   TIME(PS) =    3080.000  TEMP(K) =   297.03  PRESS =     0.0
 Etot   =    -42446.7560  EKtot   =     10652.4961  EPtot      =    -53099.2521
 BOND   =       357.4609  ANGLE   =       978.4668  DIHED      =      2151.0149
 1-4 NB =       456.2659  1-4 EEL =      6199.4086  VDWAALS    =      6349.5101
 EELEC  =    -69591.3792  EHBOND  =         0.0000  RESTRAINT  =         0.0000
 ------------------------------------------------------------------------------


 NSTEP =    20500   TIME(PS) =    3081.000  TEMP(K) =   299.66  PRESS =     0.0
 Etot   =    -42298.5849  EKtot   =     10746.6426  EPtot      =    -53045.2275
 BOND   =       338.8239  ANGLE   =       995.0371  DIHED      =      2167.2577
 1-4 NB =       444.9981  1-4 EEL =      6154.8095  VDWAALS    =      6229.1947
 EELEC  =    -69375.3484  EHBOND  =         0.0000  RESTRAINT  =         0.0000
 ------------------------------------------------------------------------------


 NSTEP =    21000   TIME(PS) =    3082.000  TEMP(K) =   297.96  PRESS =     0.0
 Etot   =    -42012.2591  EKtot   =     10685.6699  EPtot      =    -52697.9291
 BOND   =       342.1089  ANGLE   =      1032.6852  DIHED      =      2132.7643
 1-4 NB =       457.6633  1-4 EEL =      6157.7110  VDWAALS    =      6103.4260
 EELEC  =    -68924.2878  EHBOND  =         0.0000  RESTRAINT  =         0.0000
 ------------------------------------------------------------------------------


 NSTEP =    21500   TIME(PS) =    3083.000  TEMP(K) =   297.78  PRESS =     0.0
 Etot   =    -42210.1940  EKtot   =     10679.3076  EPtot      =    -52889.5016
 BOND   =       336.3514  ANGLE   =      1000.8544  DIHED      =      2166.9168
 1-4 NB =       453.2217  1-4 EEL =      6171.7723  VDWAALS    =      6272.1829
 EELEC  =    -69290.8011  EHBOND  =         0.0000  RESTRAINT  =         0.0000
 ------------------------------------------------------------------------------


 NSTEP =    22000   TIME(PS) =    3084.000  TEMP(K) =   296.33  PRESS =     0.0
 Etot   =    -42191.4270  EKtot   =     10627.0625  EPtot      =    -52818.4895
 BOND   =       339.6565  ANGLE   =      1046.0044  DIHED      =      2148.7474
 1-4 NB =       450.9812  1-4 EEL =      6221.2871  VDWAALS    =      6397.1074
 EELEC  =    -69422.2736  EHBOND  =         0.0000  RESTRAINT  =         0.0000
 ------------------------------------------------------------------------------


 NSTEP =    22500   TIME(PS) =    3085.000  TEMP(K) =   300.77  PRESS =     0.0
 Etot   =    -42182.2740  EKtot   =     10786.6230  EPtot      =    -52968.8970
 BOND   =       330.3366  ANGLE   =      1024.3503  DIHED      =      2165.7446
 1-4 NB =       437.3308  1-4 EEL =      6183.9621  VDWAALS    =      6199.1878
 EELEC  =    -69309.8092  EHBOND  =         0.0000  RESTRAINT  =         0.0000
 ------------------------------------------------------------------------------


 NSTEP =    23000   TIME(PS) =    3086.000  TEMP(K) =   302.65  PRESS =     0.0
 Etot   =    -42152.5844  EKtot   =     10853.7363  EPtot      =    -53006.3207
 BOND   =       378.9980  ANGLE   =      1004.6744  DIHED      =      2144.0321
 1-4 NB =       424.9210  1-4 EEL =      6118.9523  VDWAALS    =      6319.1741
 EELEC  =    -69397.0726  EHBOND  =         0.0000  RESTRAINT  =         0.0000
 ------------------------------------------------------------------------------


 NSTEP =    23500   TIME(PS) =    3087.000  TEMP(K) =   302.76  PRESS =     0.0
 Etot   =    -41957.8073  EKtot   =     10857.7822  EPtot      =    -52815.5896
 BOND   =       349.4769  ANGLE   =       995.8712  DIHED      =      2160.2320
 1-4 NB =       448.7030  1-4 EEL =      6177.1086  VDWAALS    =      6352.5717
 EELEC  =    -69299.5528  EHBOND  =         0.0000  RESTRAINT  =         0.0000
 ------------------------------------------------------------------------------


 NSTEP =    24000   TIME(PS) =    3088.000  TEMP(K) =   295.53  PRESS =     0.0
 Etot   =    -42421.5138  EKtot   =     10598.5410  EPtot      =    -53020.0548
 BOND   =       364.8308  ANGLE   =       974.9829  DIHED      =      2156.9763
 1-4 NB =       455.8107  1-4 EEL =      6166.0622  VDWAALS    =      6293.0152
 EELEC  =    -69431.7329  EHBOND  =         0.0000  RESTRAINT  =         0.0000
 ------------------------------------------------------------------------------


 NSTEP =    24500   TIME(PS) =    3089.000  TEMP(K) =   297.83  PRESS =     0.0
 Etot   =    -42176.5840  EKtot   =     10681.0703  EPtot      =    -52857.6543
 BOND   =       372.6653  ANGLE   =      1009.1678  DIHED      =      2130.3286
 1-4 NB =       452.7196  1-4 EEL =      6182.6273  VDWAALS    =      6487.7123
 EELEC  =    -69492.8752  EHBOND  =         0.0000  RESTRAINT  =         0.0000
 ------------------------------------------------------------------------------


 NSTEP =    25000   TIME(PS) =    3090.000  TEMP(K) =   297.33  PRESS =     0.0
 Etot   =    -42486.6495  EKtot   =     10663.2178  EPtot      =    -53149.8673
 BOND   =       316.9291  ANGLE   =      1078.1388  DIHED      =      2137.3374
 1-4 NB =       444.2537  1-4 EEL =      6140.8730  VDWAALS    =      6330.9590
 EELEC  =    -69598.3583  EHBOND  =         0.0000  RESTRAINT  =         0.0000
 ------------------------------------------------------------------------------


 NSTEP =    25500   TIME(PS) =    3091.000  TEMP(K) =   299.33  PRESS =     0.0
 Etot   =    -42453.1702  EKtot   =     10734.9736  EPtot      =    -53188.1439
 BOND   =       321.3100  ANGLE   =      1000.5962  DIHED      =      2118.5723
 1-4 NB =       449.2365  1-4 EEL =      6179.8392  VDWAALS    =      6369.8191
 EELEC  =    -69627.5173  EHBOND  =         0.0000  RESTRAINT  =         0.0000
 ------------------------------------------------------------------------------


 NSTEP =    26000   TIME(PS) =    3092.000  TEMP(K) =   298.91  PRESS =     0.0
 Etot   =    -42212.9342  EKtot   =     10719.8857  EPtot      =    -52932.8200
 BOND   =       328.2359  ANGLE   =      1022.0266  DIHED      =      2140.1039
 1-4 NB =       455.9756  1-4 EEL =      6182.0281  VDWAALS    =      6086.3031
 EELEC  =    -69147.4932  EHBOND  =         0.0000  RESTRAINT  =         0.0000
 ------------------------------------------------------------------------------


 NSTEP =    26500   TIME(PS) =    3093.000  TEMP(K) =   299.95  PRESS =     0.0
 Etot   =    -42407.9199  EKtot   =     10756.9941  EPtot      =    -53164.9140
 BOND   =       343.4639  ANGLE   =      1008.3224  DIHED      =      2143.6810
 1-4 NB =       450.1008  1-4 EEL =      6152.6795  VDWAALS    =      6357.0431
 EELEC  =    -69620.2047  EHBOND  =         0.0000  RESTRAINT  =         0.0000
 ------------------------------------------------------------------------------


 NSTEP =    27000   TIME(PS) =    3094.000  TEMP(K) =   301.26  PRESS =     0.0
 Etot   =    -42289.7218  EKtot   =     10804.1836  EPtot      =    -53093.9054
 BOND   =       362.5140  ANGLE   =      1029.5054  DIHED      =      2133.9958
 1-4 NB =       439.5249  1-4 EEL =      6117.7607  VDWAALS    =      6349.5266
 EELEC  =    -69526.7328  EHBOND  =         0.0000  RESTRAINT  =         0.0000
 ------------------------------------------------------------------------------


 NSTEP =    27500   TIME(PS) =    3095.000  TEMP(K) =   304.93  PRESS =     0.0
 Etot   =    -42024.3223  EKtot   =     10935.6855  EPtot      =    -52960.0079
 BOND   =       354.4247  ANGLE   =      1002.2295  DIHED      =      2136.3079
 1-4 NB =       448.8708  1-4 EEL =      6156.2406  VDWAALS    =      6344.9364
 EELEC  =    -69403.0178  EHBOND  =         0.0000  RESTRAINT  =         0.0000
 ------------------------------------------------------------------------------


 NSTEP =    28000   TIME(PS) =    3096.000  TEMP(K) =   301.07  PRESS =     0.0
 Etot   =    -42160.5138  EKtot   =     10797.3779  EPtot      =    -52957.8918
 BOND   =       369.5117  ANGLE   =       982.1523  DIHED      =      2146.6845
 1-4 NB =       444.2367  1-4 EEL =      6171.1002  VDWAALS    =      6421.2195
 EELEC  =    -69492.7967  EHBOND  =         0.0000  RESTRAINT  =         0.0000
 ------------------------------------------------------------------------------


 NSTEP =    28500   TIME(PS) =    3097.000  TEMP(K) =   298.24  PRESS =     0.0
 Etot   =    -42078.0285  EKtot   =     10695.6436  EPtot      =    -52773.6721
 BOND   =       363.2952  ANGLE   =      1007.7326  DIHED      =      2140.0970
 1-4 NB =       440.4648  1-4 EEL =      6158.1339  VDWAALS    =      6217.1155
 EELEC  =    -69100.5111  EHBOND  =         0.0000  RESTRAINT  =         0.0000
 ------------------------------------------------------------------------------


 NSTEP =    29000   TIME(PS) =    3098.000  TEMP(K) =   295.68  PRESS =     0.0
 Etot   =    -42234.3294  EKtot   =     10604.0342  EPtot      =    -52838.3636
 BOND   =       342.3779  ANGLE   =       998.0732  DIHED      =      2158.9342
 1-4 NB =       441.9355  1-4 EEL =      6151.1288  VDWAALS    =      6154.1356
 EELEC  =    -69084.9487  EHBOND  =         0.0000  RESTRAINT  =         0.0000
 ------------------------------------------------------------------------------


 NSTEP =    29500   TIME(PS) =    3099.000  TEMP(K) =   300.36  PRESS =     0.0
 Etot   =    -42218.3438  EKtot   =     10771.7871  EPtot      =    -52990.1309
 BOND   =       343.3974  ANGLE   =      1026.8748  DIHED      =      2122.7616
 1-4 NB =       430.1351  1-4 EEL =      6108.8994  VDWAALS    =      6140.9788
 EELEC  =    -69163.1780  EHBOND  =         0.0000  RESTRAINT  =         0.0000
 ------------------------------------------------------------------------------


 NSTEP =    30000   TIME(PS) =    3100.000  TEMP(K) =   300.62  PRESS =     0.0
 Etot   =    -42128.0872  EKtot   =     10781.2275  EPtot      =    -52909.3147
 BOND   =       371.0016  ANGLE   =      1039.1818  DIHED      =      2151.1411
 1-4 NB =       429.1305  1-4 EEL =      6162.1391  VDWAALS    =      6249.2942
 EELEC  =    -69311.2031  EHBOND  =         0.0000  RESTRAINT  =         0.0000
 ------------------------------------------------------------------------------


 NSTEP =    30500   TIME(PS) =    3101.000  TEMP(K) =   298.27  PRESS =     0.0
 Etot   =    -42122.3493  EKtot   =     10696.8750  EPtot      =    -52819.2243
 BOND   =       366.2470  ANGLE   =      1012.9390  DIHED      =      2134.8797
 1-4 NB =       437.7249  1-4 EEL =      6172.8491  VDWAALS    =      6130.8788
 EELEC  =    -69074.7429  EHBOND  =         0.0000  RESTRAINT  =         0.0000
 ------------------------------------------------------------------------------


 NSTEP =    31000   TIME(PS) =    3102.000  TEMP(K) =   297.13  PRESS =     0.0
 Etot   =    -42169.8088  EKtot   =     10655.7627  EPtot      =    -52825.5715
 BOND   =       360.6202  ANGLE   =       995.6924  DIHED      =      2157.0639
 1-4 NB =       451.3562  1-4 EEL =      6185.2126  VDWAALS    =      6286.5450
 EELEC  =    -69262.0618  EHBOND  =         0.0000  RESTRAINT  =         0.0000
 ------------------------------------------------------------------------------


 NSTEP =    31500   TIME(PS) =    3103.000  TEMP(K) =   297.61  PRESS =     0.0
 Etot   =    -42199.6018  EKtot   =     10673.2861  EPtot      =    -52872.8879
 BOND   =       364.1011  ANGLE   =      1017.4198  DIHED      =      2174.4580
 1-4 NB =       429.4586  1-4 EEL =      6144.6894  VDWAALS    =      6322.2565
 EELEC  =    -69325.2712  EHBOND  =         0.0000  RESTRAINT  =         0.0000
 ------------------------------------------------------------------------------


 NSTEP =    32000   TIME(PS) =    3104.000  TEMP(K) =   298.73  PRESS =     0.0
 Etot   =    -42192.1396  EKtot   =     10713.2822  EPtot      =    -52905.4218
 BOND   =       343.7137  ANGLE   =       994.8745  DIHED      =      2159.3878
 1-4 NB =       450.6546  1-4 EEL =      6161.8693  VDWAALS    =      6491.7151
 EELEC  =    -69507.6369  EHBOND  =         0.0000  RESTRAINT  =         0.0000
 ------------------------------------------------------------------------------


 NSTEP =    32500   TIME(PS) =    3105.000  TEMP(K) =   303.05  PRESS =     0.0
 Etot   =    -41936.2540  EKtot   =     10868.0889  EPtot      =    -52804.3428
 BOND   =       347.4839  ANGLE   =      1048.6665  DIHED      =      2186.7415
 1-4 NB =       461.6080  1-4 EEL =      6184.1423  VDWAALS    =      6154.7163
 EELEC  =    -69187.7012  EHBOND  =         0.0000  RESTRAINT  =         0.0000
 ------------------------------------------------------------------------------


 NSTEP =    33000   TIME(PS) =    3106.000  TEMP(K) =   298.85  PRESS =     0.0
 Etot   =    -42094.9908  EKtot   =     10717.5830  EPtot      =    -52812.5738
 BOND   =       345.2345  ANGLE   =      1002.3648  DIHED      =      2181.5002
 1-4 NB =       449.2634  1-4 EEL =      6168.2571  VDWAALS    =      6270.9311
 EELEC  =    -69230.1249  EHBOND  =         0.0000  RESTRAINT  =         0.0000
 ------------------------------------------------------------------------------


 NSTEP =    33500   TIME(PS) =    3107.000  TEMP(K) =   297.46  PRESS =     0.0
 Etot   =    -42229.6557  EKtot   =     10667.5938  EPtot      =    -52897.2494
 BOND   =       331.4431  ANGLE   =      1000.4132  DIHED      =      2159.1426
 1-4 NB =       439.2533  1-4 EEL =      6169.7689  VDWAALS    =      6394.0235
 EELEC  =    -69391.2941  EHBOND  =         0.0000  RESTRAINT  =         0.0000
 ------------------------------------------------------------------------------


 NSTEP =    34000   TIME(PS) =    3108.000  TEMP(K) =   303.55  PRESS =     0.0
 Etot   =    -42174.4287  EKtot   =     10886.3252  EPtot      =    -53060.7539
 BOND   =       375.5789  ANGLE   =      1001.1553  DIHED      =      2124.2825
 1-4 NB =       445.0233  1-4 EEL =      6180.3347  VDWAALS    =      6237.2454
 EELEC  =    -69424.3740  EHBOND  =         0.0000  RESTRAINT  =         0.0000
 ------------------------------------------------------------------------------


 NSTEP =    34500   TIME(PS) =    3109.000  TEMP(K) =   303.06  PRESS =     0.0
 Etot   =    -41962.1616  EKtot   =     10868.6348  EPtot      =    -52830.7964
 BOND   =       362.9378  ANGLE   =      1027.1099  DIHED      =      2173.1948
 1-4 NB =       428.6169  1-4 EEL =      6184.9523  VDWAALS    =      6204.5238
 EELEC  =    -69212.1319  EHBOND  =         0.0000  RESTRAINT  =         0.0000
 ------------------------------------------------------------------------------


 NSTEP =    35000   TIME(PS) =    3110.000  TEMP(K) =   301.95  PRESS =     0.0
 Etot   =    -42310.2363  EKtot   =     10828.7109  EPtot      =    -53138.9473
 BOND   =       323.9215  ANGLE   =      1025.3308  DIHED      =      2129.5846
 1-4 NB =       442.6044  1-4 EEL =      6170.5811  VDWAALS    =      6277.7321
 EELEC  =    -69508.7017  EHBOND  =         0.0000  RESTRAINT  =         0.0000
 ------------------------------------------------------------------------------


 NSTEP =    35500   TIME(PS) =    3111.000  TEMP(K) =   299.77  PRESS =     0.0
 Etot   =    -42263.8380  EKtot   =     10750.7676  EPtot      =    -53014.6056
 BOND   =       370.7922  ANGLE   =      1044.5020  DIHED      =      2155.0980
 1-4 NB =       419.2200  1-4 EEL =      6133.7056  VDWAALS    =      6219.1699
 EELEC  =    -69357.0933  EHBOND  =         0.0000  RESTRAINT  =         0.0000
 ------------------------------------------------------------------------------


 NSTEP =    36000   TIME(PS) =    3112.000  TEMP(K) =   296.88  PRESS =     0.0
 Etot   =    -42181.2814  EKtot   =     10646.9932  EPtot      =    -52828.2745
 BOND   =       364.4940  ANGLE   =      1019.3690  DIHED      =      2137.6442
 1-4 NB =       461.3016  1-4 EEL =      6179.1419  VDWAALS    =      6315.0799
 EELEC  =    -69305.3051  EHBOND  =         0.0000  RESTRAINT  =         0.0000
 ------------------------------------------------------------------------------


 NSTEP =    36500   TIME(PS) =    3113.000  TEMP(K) =   299.47  PRESS =     0.0
 Etot   =    -42175.6377  EKtot   =     10739.6953  EPtot      =    -52915.3330
 BOND   =       348.1269  ANGLE   =      1005.4034  DIHED      =      2141.5196
 1-4 NB =       446.9858  1-4 EEL =      6173.0180  VDWAALS    =      6334.8160
 EELEC  =    -69365.2027  EHBOND  =         0.0000  RESTRAINT  =         0.0000
 ------------------------------------------------------------------------------


 NSTEP =    37000   TIME(PS) =    3114.000  TEMP(K) =   300.00  PRESS =     0.0
 Etot   =    -42333.6529  EKtot   =     10758.8057  EPtot      =    -53092.4586
 BOND   =       345.4141  ANGLE   =      1006.3505  DIHED      =      2148.4676
 1-4 NB =       433.4754  1-4 EEL =      6176.6642  VDWAALS    =      6504.4518
 EELEC  =    -69707.2822  EHBOND  =         0.0000  RESTRAINT  =         0.0000
 ------------------------------------------------------------------------------


 NSTEP =    37500   TIME(PS) =    3115.000  TEMP(K) =   299.77  PRESS =     0.0
 Etot   =    -42238.6741  EKtot   =     10750.4639  EPtot      =    -52989.1379
 BOND   =       340.6798  ANGLE   =      1008.1344  DIHED      =      2128.5447
 1-4 NB =       454.8510  1-4 EEL =      6182.3374  VDWAALS    =      6587.6384
 EELEC  =    -69691.3235  EHBOND  =         0.0000  RESTRAINT  =         0.0000
 ------------------------------------------------------------------------------


 NSTEP =    38000   TIME(PS) =    3116.000  TEMP(K) =   299.51  PRESS =     0.0
 Etot   =    -42138.6219  EKtot   =     10741.2617  EPtot      =    -52879.8836
 BOND   =       391.1419  ANGLE   =       997.3050  DIHED      =      2177.7779
 1-4 NB =       444.9116  1-4 EEL =      6166.7092  VDWAALS    =      6302.9060
 EELEC  =    -69360.6353  EHBOND  =         0.0000  RESTRAINT  =         0.0000
 ------------------------------------------------------------------------------


 NSTEP =    38500   TIME(PS) =    3117.000  TEMP(K) =   294.37  PRESS =     0.0
 Etot   =    -42370.0368  EKtot   =     10556.9629  EPtot      =    -52926.9997
 BOND   =       316.8612  ANGLE   =      1009.9914  DIHED      =      2165.9093
 1-4 NB =       446.7558  1-4 EEL =      6186.4889  VDWAALS    =      6380.9778
 EELEC  =    -69433.9842  EHBOND  =         0.0000  RESTRAINT  =         0.0000
 ------------------------------------------------------------------------------


 NSTEP =    39000   TIME(PS) =    3118.000  TEMP(K) =   298.19  PRESS =     0.0
 Etot   =    -42237.2049  EKtot   =     10693.9453  EPtot      =    -52931.1502
 BOND   =       386.3677  ANGLE   =       947.4306  DIHED      =      2160.7800
 1-4 NB =       438.1935  1-4 EEL =      6149.6396  VDWAALS    =      6167.6241
 EELEC  =    -69181.1857  EHBOND  =         0.0000  RESTRAINT  =         0.0000
 ------------------------------------------------------------------------------


 NSTEP =    39500   TIME(PS) =    3119.000  TEMP(K) =   298.78  PRESS =     0.0
 Etot   =    -42204.6351  EKtot   =     10715.0029  EPtot      =    -52919.6380
 BOND   =       369.8471  ANGLE   =       973.8046  DIHED      =      2165.2795
 1-4 NB =       444.5496  1-4 EEL =      6156.5174  VDWAALS    =      6325.4845
 EELEC  =    -69355.1209  EHBOND  =         0.0000  RESTRAINT  =         0.0000
 ------------------------------------------------------------------------------


 NSTEP =    40000   TIME(PS) =    3120.000  TEMP(K) =   301.77  PRESS =     0.0
 Etot   =    -42147.5325  EKtot   =     10822.3984  EPtot      =    -52969.9309
 BOND   =       364.9204  ANGLE   =      1013.5060  DIHED      =      2176.5890
 1-4 NB =       421.2546  1-4 EEL =      6114.3135  VDWAALS    =      6237.6361
 EELEC  =    -69298.1505  EHBOND  =         0.0000  RESTRAINT  =         0.0000
 ------------------------------------------------------------------------------


 NSTEP =    40500   TIME(PS) =    3121.000  TEMP(K) =   302.38  PRESS =     0.0
 Etot   =    -42047.7369  EKtot   =     10844.0928  EPtot      =    -52891.8297
 BOND   =       334.6333  ANGLE   =      1000.3686  DIHED      =      2156.2767
 1-4 NB =       468.2611  1-4 EEL =      6202.2206  VDWAALS    =      6170.5982
 EELEC  =    -69224.1881  EHBOND  =         0.0000  RESTRAINT  =         0.0000
 ------------------------------------------------------------------------------


 NSTEP =    41000   TIME(PS) =    3122.000  TEMP(K) =   301.12  PRESS =     0.0
 Etot   =    -41944.1628  EKtot   =     10799.0967  EPtot      =    -52743.2595
 BOND   =       354.3726  ANGLE   =      1008.2854  DIHED      =      2171.0010
 1-4 NB =       446.8885  1-4 EEL =      6195.6013  VDWAALS    =      6369.5135
 EELEC  =    -69288.9218  EHBOND  =         0.0000  RESTRAINT  =         0.0000
 ------------------------------------------------------------------------------


 NSTEP =    41500   TIME(PS) =    3123.000  TEMP(K) =   303.18  PRESS =     0.0
 Etot   =    -41981.8628  EKtot   =     10872.9756  EPtot      =    -52854.8383
 BOND   =       361.6705  ANGLE   =      1033.4393  DIHED      =      2165.0102
 1-4 NB =       444.6318  1-4 EEL =      6182.4468  VDWAALS    =      6313.8418
 EELEC  =    -69355.8788  EHBOND  =         0.0000  RESTRAINT  =         0.0000
 ------------------------------------------------------------------------------


 NSTEP =    42000   TIME(PS) =    3124.000  TEMP(K) =   303.78  PRESS =     0.0
 Etot   =    -42080.3257  EKtot   =     10894.3506  EPtot      =    -52974.6763
 BOND   =       329.1969  ANGLE   =       986.7195  DIHED      =      2161.0758
 1-4 NB =       453.8500  1-4 EEL =      6157.3539  VDWAALS    =      6258.2460
 EELEC  =    -69321.1185  EHBOND  =         0.0000  RESTRAINT  =         0.0000
 ------------------------------------------------------------------------------


 NSTEP =    42500   TIME(PS) =    3125.000  TEMP(K) =   303.20  PRESS =     0.0
 Etot   =    -41989.0587  EKtot   =     10873.5576  EPtot      =    -52862.6163
 BOND   =       370.1057  ANGLE   =      1015.4568  DIHED      =      2156.6595
 1-4 NB =       431.7855  1-4 EEL =      6132.4154  VDWAALS    =      6350.9803
 EELEC  =    -69320.0195  EHBOND  =         0.0000  RESTRAINT  =         0.0000
 ------------------------------------------------------------------------------


 NSTEP =    43000   TIME(PS) =    3126.000  TEMP(K) =   304.08  PRESS =     0.0
 Etot   =    -42139.1871  EKtot   =     10905.1543  EPtot      =    -53044.3414
 BOND   =       341.6171  ANGLE   =      1003.3099  DIHED      =      2132.9851
 1-4 NB =       428.7719  1-4 EEL =      6154.0174  VDWAALS    =      6184.3045
 EELEC  =    -69289.3473  EHBOND  =         0.0000  RESTRAINT  =         0.0000
 ------------------------------------------------------------------------------


 NSTEP =    43500   TIME(PS) =    3127.000  TEMP(K) =   300.64  PRESS =     0.0
 Etot   =    -42152.3441  EKtot   =     10781.8613  EPtot      =    -52934.2054
 BOND   =       356.3494  ANGLE   =       973.4430  DIHED      =      2165.9139
 1-4 NB =       435.9263  1-4 EEL =      6141.5721  VDWAALS    =      6249.5324
 EELEC  =    -69256.9426  EHBOND  =         0.0000  RESTRAINT  =         0.0000
 ------------------------------------------------------------------------------


 NSTEP =    44000   TIME(PS) =    3128.000  TEMP(K) =   300.82  PRESS =     0.0
 Etot   =    -42188.3896  EKtot   =     10788.3145  EPtot      =    -52976.7040
 BOND   =       355.2721  ANGLE   =       980.9252  DIHED      =      2158.7837
 1-4 NB =       438.9869  1-4 EEL =      6156.3078  VDWAALS    =      6282.3526
 EELEC  =    -69349.3323  EHBOND  =         0.0000  RESTRAINT  =         0.0000
 ------------------------------------------------------------------------------


 NSTEP =    44500   TIME(PS) =    3129.000  TEMP(K) =   298.35  PRESS =     0.0
 Etot   =    -42129.8372  EKtot   =     10699.7627  EPtot      =    -52829.5999
 BOND   =       365.8830  ANGLE   =       989.1447  DIHED      =      2182.2022
 1-4 NB =       454.5507  1-4 EEL =      6189.2793  VDWAALS    =      6054.9468
 EELEC  =    -69065.6066  EHBOND  =         0.0000  RESTRAINT  =         0.0000
 ------------------------------------------------------------------------------


 NSTEP =    45000   TIME(PS) =    3130.000  TEMP(K) =   303.14  PRESS =     0.0
 Etot   =    -41998.3361  EKtot   =     10871.4863  EPtot      =    -52869.8225
 BOND   =       360.5940  ANGLE   =      1012.9816  DIHED      =      2146.5082
 1-4 NB =       434.7971  1-4 EEL =      6158.7272  VDWAALS    =      6285.0673
 EELEC  =    -69268.4979  EHBOND  =         0.0000  RESTRAINT  =         0.0000
 ------------------------------------------------------------------------------


 NSTEP =    45500   TIME(PS) =    3131.000  TEMP(K) =   297.62  PRESS =     0.0
 Etot   =    -42325.8561  EKtot   =     10673.5732  EPtot      =    -52999.4294
 BOND   =       373.4849  ANGLE   =      1024.1418  DIHED      =      2173.7259
 1-4 NB =       434.6881  1-4 EEL =      6136.4951  VDWAALS    =      6416.4202
 EELEC  =    -69558.3853  EHBOND  =         0.0000  RESTRAINT  =         0.0000
 ------------------------------------------------------------------------------


 NSTEP =    46000   TIME(PS) =    3132.000  TEMP(K) =   297.79  PRESS =     0.0
 Etot   =    -42446.5221  EKtot   =     10679.5215  EPtot      =    -53126.0436
 BOND   =       369.0190  ANGLE   =       973.8768  DIHED      =      2159.0760
 1-4 NB =       436.3120  1-4 EEL =      6156.2665  VDWAALS    =      6557.0689
 EELEC  =    -69777.6629  EHBOND  =         0.0000  RESTRAINT  =         0.0000
 ------------------------------------------------------------------------------


 NSTEP =    46500   TIME(PS) =    3133.000  TEMP(K) =   295.81  PRESS =     0.0
 Etot   =    -42322.4747  EKtot   =     10608.5205  EPtot      =    -52930.9952
 BOND   =       346.8693  ANGLE   =      1012.3034  DIHED      =      2158.6773
 1-4 NB =       442.5187  1-4 EEL =      6137.8554  VDWAALS    =      6391.5576
 EELEC  =    -69420.7769  EHBOND  =         0.0000  RESTRAINT  =         0.0000
 ------------------------------------------------------------------------------


 NSTEP =    47000   TIME(PS) =    3134.000  TEMP(K) =   298.59  PRESS =     0.0
 Etot   =    -42137.1586  EKtot   =     10708.1680  EPtot      =    -52845.3266
 BOND   =       361.5218  ANGLE   =      1053.3959  DIHED      =      2146.1912
 1-4 NB =       436.7973  1-4 EEL =      6151.1775  VDWAALS    =      6474.2206
 EELEC  =    -69468.6310  EHBOND  =         0.0000  RESTRAINT  =         0.0000
 ------------------------------------------------------------------------------


 NSTEP =    47500   TIME(PS) =    3135.000  TEMP(K) =   297.00  PRESS =     0.0
 Etot   =    -42297.4044  EKtot   =     10651.1787  EPtot      =    -52948.5831
 BOND   =       342.3395  ANGLE   =       997.7705  DIHED      =      2115.6546
 1-4 NB =       435.8508  1-4 EEL =      6161.2484  VDWAALS    =      6307.5080
 EELEC  =    -69308.9550  EHBOND  =         0.0000  RESTRAINT  =         0.0000
 ------------------------------------------------------------------------------


 NSTEP =    48000   TIME(PS) =    3136.000  TEMP(K) =   302.69  PRESS =     0.0
 Etot   =    -42122.3907  EKtot   =     10855.3086  EPtot      =    -52977.6993
 BOND   =       361.4137  ANGLE   =      1012.7027  DIHED      =      2151.5496
 1-4 NB =       442.5953  1-4 EEL =      6165.2592  VDWAALS    =      6371.2380
 EELEC  =    -69482.4577  EHBOND  =         0.0000  RESTRAINT  =         0.0000
 ------------------------------------------------------------------------------


 NSTEP =    48500   TIME(PS) =    3137.000  TEMP(K) =   299.34  PRESS =     0.0
 Etot   =    -42227.3748  EKtot   =     10735.3350  EPtot      =    -52962.7098
 BOND   =       365.2422  ANGLE   =      1026.5207  DIHED      =      2144.0479
 1-4 NB =       430.3900  1-4 EEL =      6133.1603  VDWAALS    =      6398.6824
 EELEC  =    -69460.7532  EHBOND  =         0.0000  RESTRAINT  =         0.0000
 ------------------------------------------------------------------------------


 NSTEP =    49000   TIME(PS) =    3138.000  TEMP(K) =   300.05  PRESS =     0.0
 Etot   =    -42132.3299  EKtot   =     10760.5352  EPtot      =    -52892.8650
 BOND   =       348.3389  ANGLE   =      1041.7553  DIHED      =      2116.6383
 1-4 NB =       447.7928  1-4 EEL =      6137.1336  VDWAALS    =      6281.6750
 EELEC  =    -69266.1990  EHBOND  =         0.0000  RESTRAINT  =         0.0000
 ------------------------------------------------------------------------------


 NSTEP =    49500   TIME(PS) =    3139.000  TEMP(K) =   302.03  PRESS =     0.0
 Etot   =    -42008.7899  EKtot   =     10831.5645  EPtot      =    -52840.3544
 BOND   =       372.1775  ANGLE   =      1007.2358  DIHED      =      2165.2248
 1-4 NB =       440.1282  1-4 EEL =      6131.0639  VDWAALS    =      6397.3575
 EELEC  =    -69353.5419  EHBOND  =         0.0000  RESTRAINT  =         0.0000
 ------------------------------------------------------------------------------


 NSTEP =    50000   TIME(PS) =    3140.000  TEMP(K) =   302.36  PRESS =     0.0
 Etot   =    -42035.6676  EKtot   =     10843.4980  EPtot      =    -52879.1656
 BOND   =       361.8504  ANGLE   =      1004.3806  DIHED      =      2138.9556
 1-4 NB =       442.2756  1-4 EEL =      6156.1775  VDWAALS    =      6172.8306
 EELEC  =    -69155.6359  EHBOND  =         0.0000  RESTRAINT  =         0.0000
 ------------------------------------------------------------------------------


      A V E R A G E S   O V E R     100 S T E P S


 NSTEP =    50000   TIME(PS) =    3140.000  TEMP(K) =   300.37  PRESS =     0.0
 Etot   =    -42143.0408  EKtot   =     10772.1238  EPtot      =    -52915.1646
 BOND   =       353.7652  ANGLE   =      1006.0532  DIHED      =      2153.5047
 1-4 NB =       442.9994  1-4 EEL =      6163.0014  VDWAALS    =      6304.1354
 EELEC  =    -69338.6239  EHBOND  =         0.0000  RESTRAINT  =         0.0000
 ------------------------------------------------------------------------------


      R M S  F L U C T U A T I O N S


 NSTEP =    50000   TIME(PS) =    3140.000  TEMP(K) =     2.49  PRESS =     0.0
 Etot   =       149.3470  EKtot   =        89.3920  EPtot      =       108.1338
 BOND   =        17.2774  ANGLE   =        21.9721  DIHED      =        16.1419
 1-4 NB =         9.7153  1-4 EEL =        22.5232  VDWAALS    =       117.4267
 EELEC  =       170.0723  EHBOND  =         0.0000  RESTRAINT  =         0.0000
 ------------------------------------------------------------------------------

--------------------------------------------------------------------------------
   5.  TIMINGS
--------------------------------------------------------------------------------

|  NonSetup CPU Time in Major Routines:
|
|     Routine           Sec        %
|     ------------------------------
|     Nonbond           4.44    7.01
|     Bond              0.00    0.00
|     Angle             0.00    0.00
|     Dihedral          0.00    0.00
|     Shake             0.28    0.44
|     RunMD            58.59   92.51
|     Other             0.03    0.04
|     ------------------------------
|     Total            63.33

|  PME Nonbond Pairlist CPU Time:
|
|     Routine              Sec        %
|     ---------------------------------
|     Set Up Cit           0.00    0.00
|     Build List           0.00    0.00
|     ---------------------------------
|     Total                0.00    0.00

|  PME Direct Force CPU Time:
|
|     Routine              Sec        %
|     ---------------------------------
|     NonBonded Calc       0.00    0.00
|     Exclude Masked       0.00    0.00
|     Other                0.01    0.02
|     ---------------------------------
|     Total                0.01    0.02

|  PME Reciprocal Force CPU Time:
|
|     Routine              Sec        %
|     ---------------------------------
|     1D bspline           0.00    0.00
|     Grid Charges         0.00    0.00
|     Scalar Sum           0.00    0.00
|     Gradient Sum         0.00    0.00
|     FFT                  0.00    0.00
|     ---------------------------------
|     Total                0.00    0.00

|  Final Performance Info:
|     -----------------------------------------------------
|     Average timings for last    2000 steps:
|     Elapsed(s) =       2.53 Per Step(ms) =       1.27
|         ns/day =     136.52   seconds/ns =     632.87
|
|     Average timings for all steps:
|     Elapsed(s) =      63.41 Per Step(ms) =       1.27
|         ns/day =     136.25   seconds/ns =     634.13
|     -----------------------------------------------------

|  Setup CPU time:            0.42 seconds
|  NonSetup CPU time:        63.33 seconds
|  Total CPU time:           63.75 seconds     0.02 hours

|  Setup wall time:           0    seconds
|  NonSetup wall time:       64    seconds
|  Total wall time:          64    seconds     0.02 hours
