
          -------------------------------------------------------
          Amber 16 PMEMD                              2016
          -------------------------------------------------------

| PMEMD implementation of SANDER, Release 16

| Run on 07/03/2017 at 15:16:15

|   Executable path: pmemd
| Working directory: /home/german/obp/run/wt_apo/mhe/m
|          Hostname: Unknown
  [-O]verwriting output

File Assignments:
|   MDIN: min.in                                                                
|  MDOUT: min.out                                                               
| INPCRD: wt_apo.rst7                                                           
|   PARM: /home/german/obp/top_files/wt_apo.prmtop                              
| RESTRT: mwt_apo.rst7                                                          
|   REFC: wt_apo.rst7                                                           
|  MDVEL: mdvel                                                                 
|   MDEN: mden                                                                  
|  MDCRD: mwt_apo.crd                                                           
| MDINFO: mdinfo                                                                
|  MDFRC: mdfrc                                                                 


 Here is the input file:

Minimization with Cartesian restraints                                         
&cntrl                                                                         
imin=1,                                                                        
ntmin=1,                                ! Steepest Descent, then Conjugate Grad
ncyc=100,                               ! 100 steps of Steepest Descent        
maxcyc=500,                             ! 400 steps of Conjugate Gradient      
ntpr=5,                                                                        
ntr=1,                                  ! Use restraints                       
restraint_wt=100.0,                     ! 100 Kcal/mol                         
restraintmask=':1-119',                 ! Apply restraints on whole molecule. M
&end                                                                           


Note: ig = -1. Setting random seed to   103048 based on wallclock time in 
      microseconds.
 
 
| Conditional Compilation Defines Used:
| PUBFFT
| BINTRAJ
| EMIL

| Largest sphere to fit in unit cell has radius =    29.622

| New format PARM file being parsed.
| Version =    1.000 Date = 02/24/15 Time = 11:47:22

| Note: 1-4 EEL scale factors are being read from the topology file.

| Note: 1-4 VDW scale factors are being read from the topology file.
| Duplicated    0 dihedrals

| Duplicated    0 dihedrals

--------------------------------------------------------------------------------
   1.  RESOURCE   USE: 
--------------------------------------------------------------------------------

 getting new box info from bottom of inpcrd
 NATOM  =   17574 NTYPES =      17 NBONH =   16628 MBONA  =     951
 NTHETH =    2219 MTHETA =    1278 NPHIH =    4331 MPHIA  =    4375
 NHPARM =       0 NPARM  =       0 NNB   =   31462 NRES   =    5343
 NBONA  =     951 NTHETA =    1278 NPHIA =    4375 NUMBND =      60
 NUMANG =     134 NPTRA  =     240 NATYP =      33 NPHB   =       1
 IFBOX  =       1 NMXRS  =      24 IFCAP =       0 NEXTRA =       0
 NCOPY  =       0

| Coordinate Index Table dimensions:    13   14   13
| Direct force subcell size =     4.6400    4.5612    4.5572

     BOX TYPE: RECTILINEAR

--------------------------------------------------------------------------------
   2.  CONTROL  DATA  FOR  THE  RUN
--------------------------------------------------------------------------------

default_name                                                                    

General flags:
     imin    =       1, nmropt  =       0

Nature and format of input:
     ntx     =       1, irest   =       0, ntrx    =       1

Nature and format of output:
     ntxo    =       2, ntpr    =       5, ntrx    =       1, ntwr    =       1
     iwrap   =       0, ntwx    =       0, ntwv    =       0, ntwe    =       0
     ioutfm  =       1, ntwprt  =       0, idecomp =       0, rbornstat=      0

Potential function:
     ntf     =       1, ntb     =       1, igb     =       0, nsnb    =      25
     ipol    =       0, gbsa    =       0, iesp    =       0
     dielc   =   1.00000, cut     =   8.00000, intdiel =   1.00000

Frozen or restrained atoms:
     ibelly  =       0, ntr     =       1
     restraint_wt = 100.00000

Energy minimization:
     maxcyc  =     500, ncyc    =     100, ntmin   =       1
     dx0     =   0.01000, drms    =   0.00010

| Intermolecular bonds treatment:
|     no_intermolecular_bonds =       1

| Energy averages sample interval:
|     ene_avg_sampling =       1

Ewald parameters:
     verbose =       0, ew_type =       0, nbflag  =       1, use_pme =       1
     vdwmeth =       1, eedmeth =       1, netfrc  =       0
     Box X =   60.320   Box Y =   63.857   Box Z =   59.244
     Alpha =   90.000   Beta  =   90.000   Gamma =   90.000
     NFFT1 =   64       NFFT2 =   64       NFFT3 =   60
     Cutoff=    8.000   Tol   =0.100E-04
     Ewald Coefficient =  0.34864
     Interpolation order =    4

    LOADING THE CONSTRAINED ATOMS AS GROUPS


   5.  REFERENCE ATOM COORDINATES

  default_name                                                                    
     Mask :1-119; matches  1908 atoms

--------------------------------------------------------------------------------
   3.  ATOMIC COORDINATES AND VELOCITIES
--------------------------------------------------------------------------------

default_name                                                                    
 begin time read from input coords =     0.000 ps

 
 Number of triangulated 3-point waters found:     5221

     Sum of charges from parm topology file =  -0.00000007
     Forcing neutrality...

| Dynamic Memory, Types Used:
| Reals              582617
| Integers           578756

| Nonbonded Pairs Initial Allocation:     2935297

--------------------------------------------------------------------------------
   4.  RESULTS
--------------------------------------------------------------------------------

 ---------------------------------------------------
 APPROXIMATING switch and d/dx switch using CUBIC SPLINE INTERPOLATION
 using   5000.0 points per unit in tabled values
 TESTING RELATIVE ERROR over r ranging from 0.0 to cutoff
| CHECK switch(x): max rel err =   0.2738E-14   at   2.422500
| CHECK d/dx switch(x): max rel err =   0.8332E-11   at   2.782960
 ---------------------------------------------------
|---------------------------------------------------
| APPROXIMATING direct energy using CUBIC SPLINE INTERPOLATION
|  with   50.0 points per unit in tabled values
| Relative Error Limit not exceeded for r .gt.   2.47
| APPROXIMATING direct force using CUBIC SPLINE INTERPOLATION
|  with   50.0 points per unit in tabled values
| Relative Error Limit not exceeded for r .gt.   2.89
|---------------------------------------------------


   NSTEP       ENERGY          RMS            GMAX         NAME    NUMBER
      1      -4.3783E+04     4.4181E+01     4.9683E+03     SG       1406

 BOND    =      154.5580  ANGLE   =      246.1281  DIHED      =     2050.4857
 VDWAALS =     6186.3114  EEL     =   -59433.3616  HBOND      =        0.0000
 1-4 VDW =      533.5680  1-4 EEL =     6479.3685  RESTRAINT  =        0.0000


   NSTEP       ENERGY          RMS            GMAX         NAME    NUMBER
      5      -4.4335E+04     3.1575E+01     3.2487E+03     SG       1406

 BOND    =      151.3296  ANGLE   =      244.9518  DIHED      =     2050.3918
 VDWAALS =     5686.1324  EEL     =   -59481.0942  HBOND      =        0.0000
 1-4 VDW =      533.4308  1-4 EEL =     6479.2081  RESTRAINT  =        0.3591
 EAMBER  =   -44335.6498


   NSTEP       ENERGY          RMS            GMAX         NAME    NUMBER
     10      -4.5286E+04     1.6479E+01     1.2124E+03     SG       1406

 BOND    =      147.6934  ANGLE   =      240.1171  DIHED      =     2049.8256
 VDWAALS =     4964.7721  EEL     =   -59703.6461  HBOND      =        0.0000
 1-4 VDW =      532.8034  1-4 EEL =     6478.3587  RESTRAINT  =        4.5535
 EAMBER  =   -45290.0757


   NSTEP       ENERGY          RMS            GMAX         NAME    NUMBER
     15      -4.6546E+04     9.4042E+00     2.9854E+02     SG       1406

 BOND    =      275.5653  ANGLE   =      223.5061  DIHED      =     2047.1483
 VDWAALS =     4491.8685  EEL     =   -60610.3659  HBOND      =        0.0000
 1-4 VDW =      530.2604  1-4 EEL =     6474.3052  RESTRAINT  =       21.2733
 EAMBER  =   -46567.7120


   NSTEP       ENERGY          RMS            GMAX         NAME    NUMBER
     20      -4.8313E+04     4.8616E+00     1.1618E+02     H2       1923

 BOND    =     1207.1108  ANGLE   =      196.2641  DIHED      =     2041.0332
 VDWAALS =     4189.4578  EEL     =   -62989.2578  HBOND      =        0.0000
 1-4 VDW =      522.7206  1-4 EEL =     6459.0007  RESTRAINT  =       60.3503
 EAMBER  =   -48373.6707


   NSTEP       ENERGY          RMS            GMAX         NAME    NUMBER
     25      -5.0419E+04     2.5760E+00     3.8357E+01     H2       1923

 BOND    =     2583.7376  ANGLE   =      176.2485  DIHED      =     2037.9197
 VDWAALS =     4021.0176  EEL     =   -66282.8387  HBOND      =        0.0000
 1-4 VDW =      507.6622  1-4 EEL =     6416.0972  RESTRAINT  =      121.0727
 EAMBER  =   -50540.1560


   NSTEP       ENERGY          RMS            GMAX         NAME    NUMBER
     30      -5.2449E+04     2.6413E+00     7.1365E+01     CG       1864

 BOND    =     2921.5647  ANGLE   =      174.0041  DIHED      =     2037.5914
 VDWAALS =     4098.4119  EEL     =   -68728.7599  HBOND      =        0.0000
 1-4 VDW =      502.2277  1-4 EEL =     6403.2982  RESTRAINT  =      143.0460
 EAMBER  =   -52591.6620


   NSTEP       ENERGY          RMS            GMAX         NAME    NUMBER
     35      -5.3124E+04     1.7462E+00     3.0381E+01     Na+      1909

 BOND    =     2797.5593  ANGLE   =      174.4212  DIHED      =     2037.2436
 VDWAALS =     4127.6456  EEL     =   -69311.6126  HBOND      =        0.0000
 1-4 VDW =      501.5063  1-4 EEL =     6402.6339  RESTRAINT  =      146.5760
 EAMBER  =   -53270.6028


   NSTEP       ENERGY          RMS            GMAX         NAME    NUMBER
     40      -5.3267E+04     7.5005E+00     3.8438E+02     CG       1864

 BOND    =     3907.6129  ANGLE   =      190.2458  DIHED      =     2037.5858
 VDWAALS =     4194.3678  EEL     =   -70655.6198  HBOND      =        0.0000
 1-4 VDW =      501.8279  1-4 EEL =     6401.8924  RESTRAINT  =      155.3605
 EAMBER  =   -53422.0872


   NSTEP       ENERGY          RMS            GMAX         NAME    NUMBER
     45      -5.4042E+04     2.3857E+00     2.6537E+01     ND2       977

 BOND    =     2695.6790  ANGLE   =      174.8461  DIHED      =     2037.1601
 VDWAALS =     4234.5434  EEL     =   -70234.1809  HBOND      =        0.0000
 1-4 VDW =      501.3807  1-4 EEL =     6402.7165  RESTRAINT  =      146.1592
 EAMBER  =   -54187.8551


   NSTEP       ENERGY          RMS            GMAX         NAME    NUMBER
     50      -5.4401E+04     1.9037E+00     2.0316E+01     Na+      1909

 BOND    =     2773.1227  ANGLE   =      174.1403  DIHED      =     2037.1405
 VDWAALS =     4285.7261  EEL     =   -70720.5691  HBOND      =        0.0000
 1-4 VDW =      501.5289  1-4 EEL =     6402.9575  RESTRAINT  =      145.2302
 EAMBER  =   -54545.9531


   NSTEP       ENERGY          RMS            GMAX         NAME    NUMBER
     55      -5.4721E+04     2.1299E+00     2.3717E+01     ND2       977

 BOND    =     2765.5180  ANGLE   =      173.7734  DIHED      =     2037.0960
 VDWAALS =     4340.1090  EEL     =   -71087.5162  HBOND      =        0.0000
 1-4 VDW =      501.6159  1-4 EEL =     6403.2411  RESTRAINT  =      144.6897
 EAMBER  =   -54866.1629


   NSTEP       ENERGY          RMS            GMAX         NAME    NUMBER
     60      -5.4942E+04     3.2256E+00     3.4300E+01     ND2       977

 BOND    =     2670.5015  ANGLE   =      173.6778  DIHED      =     2037.0532
 VDWAALS =     4390.5339  EEL     =   -71263.1565  HBOND      =        0.0000
 1-4 VDW =      501.6734  1-4 EEL =     6403.3781  RESTRAINT  =      144.4476
 EAMBER  =   -55086.3386


   NSTEP       ENERGY          RMS            GMAX         NAME    NUMBER
     65      -5.5194E+04     3.6060E+00     4.4613E+01     ND2       977

 BOND    =     2664.5544  ANGLE   =      173.6215  DIHED      =     2037.0506
 VDWAALS =     4447.0665  EEL     =   -71565.5424  HBOND      =        0.0000
 1-4 VDW =      501.6980  1-4 EEL =     6403.5349  RESTRAINT  =      144.2669
 EAMBER  =   -55338.0165


   NSTEP       ENERGY          RMS            GMAX         NAME    NUMBER
     70      -5.5411E+04     3.4981E+00     3.8853E+01     ND2       977

 BOND    =     2692.3541  ANGLE   =      173.2888  DIHED      =     2037.0186
 VDWAALS =     4495.3907  EEL     =   -71858.6975  HBOND      =        0.0000
 1-4 VDW =      501.7701  1-4 EEL =     6403.6089  RESTRAINT  =      143.9842
 EAMBER  =   -55555.2663


   NSTEP       ENERGY          RMS            GMAX         NAME    NUMBER
     75      -5.5701E+04     1.0710E+00     1.2288E+01     Na+      1911

 BOND    =     3130.1005  ANGLE   =      172.8012  DIHED      =     2037.0726
 VDWAALS =     4543.8812  EEL     =   -72634.0392  HBOND      =        0.0000
 1-4 VDW =      501.9479  1-4 EEL =     6403.4157  RESTRAINT  =      143.7069
 EAMBER  =   -55844.8202


   NSTEP       ENERGY          RMS            GMAX         NAME    NUMBER
     80      -5.5793E+04     3.8251E+00     4.3907E+01     ND2       977

 BOND    =     2707.2061  ANGLE   =      173.1640  DIHED      =     2036.9901
 VDWAALS =     4599.8352  EEL     =   -72359.0802  HBOND      =        0.0000
 1-4 VDW =      501.8075  1-4 EEL =     6403.7329  RESTRAINT  =      143.7295
 EAMBER  =   -55936.3444


   NSTEP       ENERGY          RMS            GMAX         NAME    NUMBER
     85      -5.5969E+04     4.0147E+00     5.0471E+01     ND2       977

 BOND    =     2715.7035  ANGLE   =      173.3173  DIHED      =     2036.9814
 VDWAALS =     4655.2015  EEL     =   -72599.1586  HBOND      =        0.0000
 1-4 VDW =      501.7927  1-4 EEL =     6403.7347  RESTRAINT  =      143.8237
 EAMBER  =   -56112.4276


   NSTEP       ENERGY          RMS            GMAX         NAME    NUMBER
     90      -5.6251E+04     1.3372E+00     2.0839E+01     ND2       977

 BOND    =     3283.0426  ANGLE   =      172.7172  DIHED      =     2037.0534
 VDWAALS =     4706.3853  EEL     =   -73499.2647  HBOND      =        0.0000
 1-4 VDW =      502.0314  1-4 EEL =     6403.4128  RESTRAINT  =      143.5536
 EAMBER  =   -56394.6220


   NSTEP       ENERGY          RMS            GMAX         NAME    NUMBER
     95      -5.6389E+04     9.0656E-01     8.3776E+00     Na+      1911

 BOND    =     3192.8403  ANGLE   =      172.5635  DIHED      =     2037.0239
 VDWAALS =     4750.2705  EEL     =   -73591.1010  HBOND      =        0.0000
 1-4 VDW =      501.9858  1-4 EEL =     6403.5096  RESTRAINT  =      143.4709
 EAMBER  =   -56532.9072


   NSTEP       ENERGY          RMS            GMAX         NAME    NUMBER
    100      -5.6549E+04     9.0312E-01     8.2408E+00     ND2       977

 BOND    =     3222.1274  ANGLE   =      172.5287  DIHED      =     2037.0173
 VDWAALS =     4806.7776  EEL     =   -73836.6533  HBOND      =        0.0000
 1-4 VDW =      501.9984  1-4 EEL =     6403.5058  RESTRAINT  =      143.4405
 EAMBER  =   -56692.6981


   NSTEP       ENERGY          RMS            GMAX         NAME    NUMBER
    105      -5.6643E+04     1.0292E+00     1.5435E+01     ND2       977

 BOND    =     3274.8276  ANGLE   =      172.5483  DIHED      =     2037.0205
 VDWAALS =     4841.9910  EEL     =   -74017.9870  HBOND      =        0.0000
 1-4 VDW =      502.0254  1-4 EEL =     6403.4714  RESTRAINT  =      143.4454
 EAMBER  =   -56786.1028


   NSTEP       ENERGY          RMS            GMAX         NAME    NUMBER
    110      -5.8036E+04     5.5566E+00     1.0515E+02     CG       1864

 BOND    =     4473.0810  ANGLE   =      173.9268  DIHED      =     2037.0888
 VDWAALS =     6020.1559  EEL     =   -77790.4200  HBOND      =        0.0000
 1-4 VDW =      502.2723  1-4 EEL =     6403.1847  RESTRAINT  =      144.4981
 EAMBER  =   -58180.7106


   NSTEP       ENERGY          RMS            GMAX         NAME    NUMBER
    115      -5.8550E+04     1.4433E+00     6.6516E+01     CG       1864

 BOND    =     3568.5432  ANGLE   =      172.4144  DIHED      =     2036.9934
 VDWAALS =     6376.5526  EEL     =   -77753.5423  HBOND      =        0.0000
 1-4 VDW =      502.1591  1-4 EEL =     6403.4833  RESTRAINT  =      143.3923
 EAMBER  =   -58693.3964


   NSTEP       ENERGY          RMS            GMAX         NAME    NUMBER
    120      -5.8927E+04     4.9337E+00     1.6029E+02     ND2       977

 BOND    =     4093.9295  ANGLE   =      178.1179  DIHED      =     2037.1381
 VDWAALS =     6972.2237  EEL     =   -79258.3157  HBOND      =        0.0000
 1-4 VDW =      502.8773  1-4 EEL =     6402.3029  RESTRAINT  =      144.7011
 EAMBER  =   -59071.7262


   NSTEP       ENERGY          RMS            GMAX         NAME    NUMBER
    125      -5.9330E+04     2.0325E+00     9.9762E+01     CG       1864

 BOND    =     4004.4916  ANGLE   =      171.9337  DIHED      =     2036.8917
 VDWAALS =     7404.6998  EEL     =   -79997.4410  HBOND      =        0.0000
 1-4 VDW =      502.2517  1-4 EEL =     6403.1740  RESTRAINT  =      144.0136
 EAMBER  =   -59473.9985


   NSTEP       ENERGY          RMS            GMAX         NAME    NUMBER
    130      -5.9333E+04     1.9790E+00     9.4731E+01     CG       1864

 BOND    =     3997.3691  ANGLE   =      171.8820  DIHED      =     2036.8942
 VDWAALS =     7404.4079  EEL     =   -79992.7582  HBOND      =        0.0000
 1-4 VDW =      502.2503  1-4 EEL =     6403.1666  RESTRAINT  =      143.9782
 EAMBER  =   -59476.7881


   NSTEP       ENERGY          RMS            GMAX         NAME    NUMBER
    135      -5.9527E+04     1.8216E+00     4.8726E+01     CG       1864

 BOND    =     3956.1854  ANGLE   =      172.0797  DIHED      =     2037.0284
 VDWAALS =     7345.9735  EEL     =   -80086.4423  HBOND      =        0.0000
 1-4 VDW =      501.9782  1-4 EEL =     6403.4217  RESTRAINT  =      143.2626
 EAMBER  =   -59669.7755


   NSTEP       ENERGY          RMS            GMAX         NAME    NUMBER
    140      -5.9891E+04     1.5918E+00     8.8190E+01     H2       1929

 BOND    =     3782.2899  ANGLE   =      173.5921  DIHED      =     2037.3772
 VDWAALS =     7296.0681  EEL     =   -80242.4250  HBOND      =        0.0000
 1-4 VDW =      501.6482  1-4 EEL =     6403.7711  RESTRAINT  =      156.3043
 EAMBER  =   -60047.6784


   NSTEP       ENERGY          RMS            GMAX         NAME    NUMBER
    145      -6.0162E+04     1.5186E+00     9.8195E+01     CD        521

 BOND    =     3770.3774  ANGLE   =      173.4126  DIHED      =     2037.0199
 VDWAALS =     7276.9834  EEL     =   -80468.5365  HBOND      =        0.0000
 1-4 VDW =      502.1935  1-4 EEL =     6402.7449  RESTRAINT  =      143.3171
 EAMBER  =   -60305.8047


   NSTEP       ENERGY          RMS            GMAX         NAME    NUMBER
    150      -6.0334E+04     1.6702E+00     6.3515E+01     CD        521

 BOND    =     3779.8922  ANGLE   =      174.3563  DIHED      =     2036.7523
 VDWAALS =     7311.4475  EEL     =   -80694.5486  HBOND      =        0.0000
 1-4 VDW =      501.9585  1-4 EEL =     6402.7351  RESTRAINT  =      153.8990
 EAMBER  =   -60487.4067


   NSTEP       ENERGY          RMS            GMAX         NAME    NUMBER
    155      -6.0337E+04     1.5743E+00     6.0305E+01     CD        521

 BOND    =     3782.4717  ANGLE   =      174.2415  DIHED      =     2036.7580
 VDWAALS =     7311.7248  EEL     =   -80700.9967  HBOND      =        0.0000
 1-4 VDW =      501.9693  1-4 EEL =     6402.7289  RESTRAINT  =      153.6478
 EAMBER  =   -60491.1025


   NSTEP       ENERGY          RMS            GMAX         NAME    NUMBER
    160      -6.0483E+04     1.2073E+00     5.2012E+01     OE1       522

 BOND    =     3882.2645  ANGLE   =      174.6324  DIHED      =     2037.3665
 VDWAALS =     7324.3775  EEL     =   -80954.6485  HBOND      =        0.0000
 1-4 VDW =      501.7391  1-4 EEL =     6404.0130  RESTRAINT  =      147.7399
 EAMBER  =   -60630.2555


   NSTEP       ENERGY          RMS            GMAX         NAME    NUMBER
    165      -6.0584E+04     1.1874E+00     8.0959E+01     OE1       522

 BOND    =     3856.9830  ANGLE   =      177.8619  DIHED      =     2038.1979
 VDWAALS =     7385.2067  EEL     =   -81122.5132  HBOND      =        0.0000
 1-4 VDW =      501.6049  1-4 EEL =     6404.3446  RESTRAINT  =      174.4697
 EAMBER  =   -60758.3143


   NSTEP       ENERGY          RMS            GMAX         NAME    NUMBER
    170      -6.0777E+04     1.6139E+00     1.3778E+02     OE1       522

 BOND    =     3972.8207  ANGLE   =      178.3323  DIHED      =     2036.9693
 VDWAALS =     7651.4531  EEL     =   -81677.2402  HBOND      =        0.0000
 1-4 VDW =      503.2524  1-4 EEL =     6402.7580  RESTRAINT  =      154.8306
 EAMBER  =   -60931.6544


   NSTEP       ENERGY          RMS            GMAX         NAME    NUMBER
    175      -6.0890E+04     1.7564E+00     8.1209E+01     CG       1864

 BOND    =     4083.1476  ANGLE   =      175.7537  DIHED      =     2036.9554
 VDWAALS =     7854.7634  EEL     =   -82095.2793  HBOND      =        0.0000
 1-4 VDW =      501.8618  1-4 EEL =     6403.2563  RESTRAINT  =      149.0636
 EAMBER  =   -61039.5412


   NSTEP       ENERGY          RMS            GMAX         NAME    NUMBER
    180      -6.0896E+04     1.6124E+00     7.2710E+01     CG        518

 BOND    =     4070.4146  ANGLE   =      175.2914  DIHED      =     2036.9395
 VDWAALS =     7854.9445  EEL     =   -82087.5419  HBOND      =        0.0000
 1-4 VDW =      501.8634  1-4 EEL =     6403.2570  RESTRAINT  =      148.7461
 EAMBER  =   -61044.8315


   NSTEP       ENERGY          RMS            GMAX         NAME    NUMBER
    185      -6.0989E+04     1.0182E+00     6.0880E+01     CD        521

 BOND    =     3978.3468  ANGLE   =      177.9746  DIHED      =     2037.0550
 VDWAALS =     7863.4424  EEL     =   -82094.6718  HBOND      =        0.0000
 1-4 VDW =      501.9292  1-4 EEL =     6402.9328  RESTRAINT  =      144.4014
 EAMBER  =   -61132.9909


   NSTEP       ENERGY          RMS            GMAX         NAME    NUMBER
    190      -6.1109E+04     1.1114E+00     7.7476E+01     OE1       522

 BOND    =     4051.3790  ANGLE   =      178.0313  DIHED      =     2038.1960
 VDWAALS =     7940.9261  EEL     =   -82380.5495  HBOND      =        0.0000
 1-4 VDW =      501.6769  1-4 EEL =     6403.5448  RESTRAINT  =      157.9282
 EAMBER  =   -61266.7954


   NSTEP       ENERGY          RMS            GMAX         NAME    NUMBER
    195      -6.1220E+04     1.0272E+00     6.0243E+01     CG        518

 BOND    =     4032.1683  ANGLE   =      174.8793  DIHED      =     2037.5497
 VDWAALS =     8032.7749  EEL     =   -82549.6775  HBOND      =        0.0000
 1-4 VDW =      502.1626  1-4 EEL =     6403.4095  RESTRAINT  =      146.4401
 EAMBER  =   -61366.7332


   NSTEP       ENERGY          RMS            GMAX         NAME    NUMBER
    200      -6.1301E+04     1.4653E+00     6.8935E+01     OE1       522

 BOND    =     4060.6579  ANGLE   =      180.9232  DIHED      =     2037.3400
 VDWAALS =     8135.5224  EEL     =   -82793.9937  HBOND      =        0.0000
 1-4 VDW =      502.9801  1-4 EEL =     6404.1951  RESTRAINT  =      171.1223
 EAMBER  =   -61472.3752


   NSTEP       ENERGY          RMS            GMAX         NAME    NUMBER
    205      -6.1304E+04     1.3950E+00     6.8622E+01     OE1       522

 BOND    =     4056.9488  ANGLE   =      180.6202  DIHED      =     2037.3257
 VDWAALS =     8135.7269  EEL     =   -82792.5037  HBOND      =        0.0000
 1-4 VDW =      502.9558  1-4 EEL =     6404.1530  RESTRAINT  =      170.5862
 EAMBER  =   -61474.7733


   NSTEP       ENERGY          RMS            GMAX         NAME    NUMBER
    210      -6.1395E+04     1.1093E+00     4.0119E+01     CG        379

 BOND    =     4074.6494  ANGLE   =      173.8168  DIHED      =     2037.2645
 VDWAALS =     8148.2878  EEL     =   -82876.4580  HBOND      =        0.0000
 1-4 VDW =      501.6864  1-4 EEL =     6402.5545  RESTRAINT  =      143.3485
 EAMBER  =   -61538.1985


   NSTEP       ENERGY          RMS            GMAX         NAME    NUMBER
    215      -6.1435E+04     8.5598E-01     3.3078E+01     OE1       522

 BOND    =     4062.1527  ANGLE   =      175.0953  DIHED      =     2037.5203
 VDWAALS =     8170.0128  EEL     =   -82937.3458  HBOND      =        0.0000
 1-4 VDW =      501.6424  1-4 EEL =     6403.7161  RESTRAINT  =      151.8388
 EAMBER  =   -61587.2063


   NSTEP       ENERGY          RMS            GMAX         NAME    NUMBER
    220      -6.1583E+04     1.3425E+00     7.4454E+01     CG        518

 BOND    =     4115.7715  ANGLE   =      183.4099  DIHED      =     2037.7329
 VDWAALS =     8363.9252  EEL     =   -83356.6310  HBOND      =        0.0000
 1-4 VDW =      502.4714  1-4 EEL =     6404.2703  RESTRAINT  =      166.0479
 EAMBER  =   -61749.0500


   NSTEP       ENERGY          RMS            GMAX         NAME    NUMBER
    225      -6.1689E+04     1.5356E+00     6.2108E+01     CD        521

 BOND    =     4137.9120  ANGLE   =      181.1631  DIHED      =     2038.0232
 VDWAALS =     8553.5363  EEL     =   -83672.1349  HBOND      =        0.0000
 1-4 VDW =      503.5771  1-4 EEL =     6403.4924  RESTRAINT  =      165.4774
 EAMBER  =   -61854.4309


   NSTEP       ENERGY          RMS            GMAX         NAME    NUMBER
    230      -6.1692E+04     1.4616E+00     5.5773E+01     CD        521

 BOND    =     4136.1901  ANGLE   =      180.7326  DIHED      =     2037.9644
 VDWAALS =     8553.6036  EEL     =   -83672.7331  HBOND      =        0.0000
 1-4 VDW =      503.5254  1-4 EEL =     6403.4814  RESTRAINT  =      164.9304
 EAMBER  =   -61857.2355


   NSTEP       ENERGY          RMS            GMAX         NAME    NUMBER
    235      -6.1793E+04     1.2604E+00     9.5642E+01     CD        521

 BOND    =     4128.8205  ANGLE   =      178.3005  DIHED      =     2037.7997
 VDWAALS =     8562.1858  EEL     =   -83749.9159  HBOND      =        0.0000
 1-4 VDW =      501.6477  1-4 EEL =     6402.3468  RESTRAINT  =      146.2954
 EAMBER  =   -61938.8149


   NSTEP       ENERGY          RMS            GMAX         NAME    NUMBER
    240      -6.1844E+04     9.6792E-01     3.7560E+01     HG2       519

 BOND    =     4138.9970  ANGLE   =      177.5307  DIHED      =     2038.0005
 VDWAALS =     8588.9155  EEL     =   -83844.8803  HBOND      =        0.0000
 1-4 VDW =      501.5681  1-4 EEL =     6403.9279  RESTRAINT  =      152.0752
 EAMBER  =   -61995.9407


   NSTEP       ENERGY          RMS            GMAX         NAME    NUMBER
    245      -6.1949E+04     9.2685E-01     3.8840E+01     OD2       473

 BOND    =     4158.7997  ANGLE   =      173.2062  DIHED      =     2037.3995
 VDWAALS =     8705.9767  EEL     =   -84074.9914  HBOND      =        0.0000
 1-4 VDW =      502.6015  1-4 EEL =     6403.6357  RESTRAINT  =      144.7500
 EAMBER  =   -62093.3720


   NSTEP       ENERGY          RMS            GMAX         NAME    NUMBER
    250      -6.1995E+04     1.3127E+00     8.2213E+01     CG        471

 BOND    =     4146.7427  ANGLE   =      177.1822  DIHED      =     2037.0692
 VDWAALS =     8766.8675  EEL     =   -84178.4672  HBOND      =        0.0000
 1-4 VDW =      502.4660  1-4 EEL =     6403.5628  RESTRAINT  =      149.3768
 EAMBER  =   -62144.5768


   NSTEP       ENERGY          RMS            GMAX         NAME    NUMBER
    255      -6.1998E+04     1.1976E+00     7.2310E+01     CG        471

 BOND    =     4146.4747  ANGLE   =      176.8604  DIHED      =     2037.0515
 VDWAALS =     8766.9963  EEL     =   -84180.8862  HBOND      =        0.0000
 1-4 VDW =      502.4378  1-4 EEL =     6403.5554  RESTRAINT  =      149.0626
 EAMBER  =   -62147.5101


   NSTEP       ENERGY          RMS            GMAX         NAME    NUMBER
    260      -6.2053E+04     9.3048E-01     4.7372E+01     CD        521

 BOND    =     4192.4683  ANGLE   =      172.4371  DIHED      =     2037.3050
 VDWAALS =     8772.6146  EEL     =   -84276.5378  HBOND      =        0.0000
 1-4 VDW =      501.9068  1-4 EEL =     6403.0594  RESTRAINT  =      143.8680
 EAMBER  =   -62196.7466


   NSTEP       ENERGY          RMS            GMAX         NAME    NUMBER
    265      -6.2106E+04     9.2007E-01     4.3036E+01     HG2       519

 BOND    =     4179.0215  ANGLE   =      177.8151  DIHED      =     2037.8827
 VDWAALS =     8801.1431  EEL     =   -84361.0209  HBOND      =        0.0000
 1-4 VDW =      502.0133  1-4 EEL =     6404.2825  RESTRAINT  =      153.0373
 EAMBER  =   -62258.8628


   NSTEP       ENERGY          RMS            GMAX         NAME    NUMBER
    270      -6.2199E+04     1.1487E+00     7.1138E+01     CD        327

 BOND    =     4211.3587  ANGLE   =      175.7327  DIHED      =     2037.2436
 VDWAALS =     8940.5875  EEL     =   -84612.7839  HBOND      =        0.0000
 1-4 VDW =      501.8561  1-4 EEL =     6402.4935  RESTRAINT  =      144.8204
 EAMBER  =   -62343.5118


   NSTEP       ENERGY          RMS            GMAX         NAME    NUMBER
    275      -6.2257E+04     1.3320E+00     5.1561E+01     CA        466

 BOND    =     4264.4484  ANGLE   =      176.6184  DIHED      =     2037.7090
 VDWAALS =     9047.9248  EEL     =   -84841.4946  HBOND      =        0.0000
 1-4 VDW =      502.7000  1-4 EEL =     6403.0272  RESTRAINT  =      151.8938
 EAMBER  =   -62409.0668


   NSTEP       ENERGY          RMS            GMAX         NAME    NUMBER
    280      -6.2261E+04     1.2415E+00     4.9063E+01     CA        466

 BOND    =     4260.3162  ANGLE   =      176.2455  DIHED      =     2037.6389
 VDWAALS =     9048.0169  EEL     =   -84839.9401  HBOND      =        0.0000
 1-4 VDW =      502.6664  1-4 EEL =     6403.0551  RESTRAINT  =      151.4898
 EAMBER  =   -62412.0011


   NSTEP       ENERGY          RMS            GMAX         NAME    NUMBER
    285      -6.2337E+04     9.3114E-01     4.4406E+01     CD        521

 BOND    =     4240.8730  ANGLE   =      176.7363  DIHED      =     2038.0717
 VDWAALS =     9057.1199  EEL     =   -84898.9586  HBOND      =        0.0000
 1-4 VDW =      501.8599  1-4 EEL =     6403.0051  RESTRAINT  =      144.6260
 EAMBER  =   -62481.2927


   NSTEP       ENERGY          RMS            GMAX         NAME    NUMBER
    290      -6.2389E+04     9.0443E-01     4.8106E+01     C         462

 BOND    =     4270.0782  ANGLE   =      176.8455  DIHED      =     2038.1042
 VDWAALS =     9093.6325  EEL     =   -85023.6804  HBOND      =        0.0000
 1-4 VDW =      501.8877  1-4 EEL =     6403.8115  RESTRAINT  =      150.8201
 EAMBER  =   -62539.3208


   NSTEP       ENERGY          RMS            GMAX         NAME    NUMBER
    295      -6.2452E+04     9.4421E-01     4.2715E+01     CD        327

 BOND    =     4278.0137  ANGLE   =      173.3330  DIHED      =     2036.9852
 VDWAALS =     9179.3687  EEL     =   -85169.6172  HBOND      =        0.0000
 1-4 VDW =      502.2691  1-4 EEL =     6403.0092  RESTRAINT  =      144.4188
 EAMBER  =   -62596.6382


   NSTEP       ENERGY          RMS            GMAX         NAME    NUMBER
    300      -6.2485E+04     9.8258E-01     3.9299E+01     CD        327

 BOND    =     4266.4071  ANGLE   =      177.4587  DIHED      =     2037.0069
 VDWAALS =     9219.1590  EEL     =   -85241.0332  HBOND      =        0.0000
 1-4 VDW =      502.5887  1-4 EEL =     6403.8566  RESTRAINT  =      149.8214
 EAMBER  =   -62634.5563


   NSTEP       ENERGY          RMS            GMAX         NAME    NUMBER
    305      -6.2487E+04     9.0308E-01     3.6569E+01     OD2       473

 BOND    =     4265.2071  ANGLE   =      177.0465  DIHED      =     2036.9847
 VDWAALS =     9219.3950  EEL     =   -85241.6022  HBOND      =        0.0000
 1-4 VDW =      502.5602  1-4 EEL =     6403.8478  RESTRAINT  =      149.4539
 EAMBER  =   -62636.5609


   NSTEP       ENERGY          RMS            GMAX         NAME    NUMBER
    310      -6.2527E+04     6.2587E-01     2.5624E+01     OD1       472

 BOND    =     4283.4482  ANGLE   =      172.4369  DIHED      =     2036.9851
 VDWAALS =     9227.3137  EEL     =   -85295.2756  HBOND      =        0.0000
 1-4 VDW =      501.7488  1-4 EEL =     6402.8658  RESTRAINT  =      143.0205
 EAMBER  =   -62670.4772


   NSTEP       ENERGY          RMS            GMAX         NAME    NUMBER
    315      -6.2560E+04     8.4042E-01     4.5711E+01     C         462

 BOND    =     4281.9030  ANGLE   =      176.8079  DIHED      =     2037.6101
 VDWAALS =     9250.3008  EEL     =   -85362.2102  HBOND      =        0.0000
 1-4 VDW =      501.8224  1-4 EEL =     6403.6326  RESTRAINT  =      150.3392
 EAMBER  =   -62710.1335


   NSTEP       ENERGY          RMS            GMAX         NAME    NUMBER
    320      -6.2658E+04     1.0116E+00     4.9533E+01     CA        466

 BOND    =     4322.9138  ANGLE   =      174.8950  DIHED      =     2037.2636
 VDWAALS =     9394.4429  EEL     =   -85636.2691  HBOND      =        0.0000
 1-4 VDW =      502.1752  1-4 EEL =     6402.6897  RESTRAINT  =      144.1301
 EAMBER  =   -62801.8890


   NSTEP       ENERGY          RMS            GMAX         NAME    NUMBER
    325      -6.2710E+04     1.2491E+00     4.6860E+01     CA        466

 BOND    =     4333.6219  ANGLE   =      175.5617  DIHED      =     2037.5372
 VDWAALS =     9504.3796  EEL     =   -85815.4611  HBOND      =        0.0000
 1-4 VDW =      502.7327  1-4 EEL =     6403.0548  RESTRAINT  =      148.5694
 EAMBER  =   -62858.5732


   NSTEP       ENERGY          RMS            GMAX         NAME    NUMBER
    330      -6.2713E+04     1.1658E+00     4.4663E+01     CA        466

 BOND    =     4332.2836  ANGLE   =      175.2148  DIHED      =     2037.4684
 VDWAALS =     9504.4344  EEL     =   -85816.3649  HBOND      =        0.0000
 1-4 VDW =      502.6863  1-4 EEL =     6403.0847  RESTRAINT  =      148.2513
 EAMBER  =   -62861.1927


   NSTEP       ENERGY          RMS            GMAX         NAME    NUMBER
    335      -6.2788E+04     8.7669E-01     4.4389E+01     CB        468

 BOND    =     4333.4422  ANGLE   =      177.1663  DIHED      =     2038.0368
 VDWAALS =     9511.4450  EEL     =   -85898.2060  HBOND      =        0.0000
 1-4 VDW =      501.9569  1-4 EEL =     6403.0673  RESTRAINT  =      144.6639
 EAMBER  =   -62933.0916


   NSTEP       ENERGY          RMS            GMAX         NAME    NUMBER
    340      -6.2840E+04     7.9036E-01     4.1251E+01     C         462

 BOND    =     4349.2010  ANGLE   =      176.3806  DIHED      =     2037.7679
 VDWAALS =     9549.2066  EEL     =   -86006.7152  HBOND      =        0.0000
 1-4 VDW =      501.7858  1-4 EEL =     6403.7429  RESTRAINT  =      149.0062
 EAMBER  =   -62988.6304


   NSTEP       ENERGY          RMS            GMAX         NAME    NUMBER
    345      -6.2881E+04     7.4398E-01     4.1867E+01     CD        222

 BOND    =     4343.4812  ANGLE   =      172.8235  DIHED      =     2036.6932
 VDWAALS =     9610.6477  EEL     =   -86092.8507  HBOND      =        0.0000
 1-4 VDW =      502.0926  1-4 EEL =     6403.0443  RESTRAINT  =      142.9708
 EAMBER  =   -63024.0681


   NSTEP       ENERGY          RMS            GMAX         NAME    NUMBER
    350      -6.2906E+04     8.8758E-01     3.7923E+01     CD        327

 BOND    =     4366.3729  ANGLE   =      176.7266  DIHED      =     2036.8941
 VDWAALS =     9652.4737  EEL     =   -86192.3683  HBOND      =        0.0000
 1-4 VDW =      502.4417  1-4 EEL =     6403.8700  RESTRAINT  =      147.3539
 EAMBER  =   -63053.5893


   NSTEP       ENERGY          RMS            GMAX         NAME    NUMBER
    355      -6.2908E+04     8.0651E-01     3.3150E+01     OD1       472

 BOND    =     4364.8193  ANGLE   =      176.3171  DIHED      =     2036.8702
 VDWAALS =     9652.6865  EEL     =   -86192.4625  HBOND      =        0.0000
 1-4 VDW =      502.4215  1-4 EEL =     6403.8567  RESTRAINT  =      147.0288
 EAMBER  =   -63055.4912


   NSTEP       ENERGY          RMS            GMAX         NAME    NUMBER
    360      -6.2941E+04     5.8128E-01     2.7585E+01     OD1       472

 BOND    =     4363.6763  ANGLE   =      172.5860  DIHED      =     2036.9324
 VDWAALS =     9657.7582  EEL     =   -86219.8666  HBOND      =        0.0000
 1-4 VDW =      501.7323  1-4 EEL =     6402.9017  RESTRAINT  =      142.8400
 EAMBER  =   -63084.2796


   NSTEP       ENERGY          RMS            GMAX         NAME    NUMBER
    365      -6.2972E+04     7.5595E-01     3.9730E+01     HG2       519

 BOND    =     4375.0177  ANGLE   =      176.4955  DIHED      =     2037.3543
 VDWAALS =     9677.0384  EEL     =   -86292.0072  HBOND      =        0.0000
 1-4 VDW =      501.7770  1-4 EEL =     6403.6401  RESTRAINT  =      148.7027
 EAMBER  =   -63120.6843


   NSTEP       ENERGY          RMS            GMAX         NAME    NUMBER
    370      -6.3036E+04     8.0951E-01     4.2859E+01     CA        466

 BOND    =     4389.0762  ANGLE   =      174.1838  DIHED      =     2036.9244
 VDWAALS =     9767.4379  EEL     =   -86451.3771  HBOND      =        0.0000
 1-4 VDW =      502.1148  1-4 EEL =     6402.7311  RESTRAINT  =      143.1737
 EAMBER  =   -63178.9089


   NSTEP       ENERGY          RMS            GMAX         NAME    NUMBER
    375      -6.3074E+04     1.0983E+00     4.1466E+01     C         462

 BOND    =     4405.8821  ANGLE   =      175.3503  DIHED      =     2037.2904
 VDWAALS =     9852.6844  EEL     =   -86599.5130  HBOND      =        0.0000
 1-4 VDW =      502.6833  1-4 EEL =     6403.1074  RESTRAINT  =      148.0974
 EAMBER  =   -63222.5150


   NSTEP       ENERGY          RMS            GMAX         NAME    NUMBER
    380      -6.3077E+04     1.0125E+00     3.7890E+01     CA        466

 BOND    =     4404.5040  ANGLE   =      175.0318  DIHED      =     2037.2229
 VDWAALS =     9852.8151  EEL     =   -86600.1822  HBOND      =        0.0000
 1-4 VDW =      502.6378  1-4 EEL =     6403.1377  RESTRAINT  =      147.7738
 EAMBER  =   -63224.8329


   NSTEP       ENERGY          RMS            GMAX         NAME    NUMBER
    385      -6.3133E+04     7.7679E-01     4.2110E+01     CB        468

 BOND    =     4412.5068  ANGLE   =      176.3333  DIHED      =     2037.6230
 VDWAALS =     9863.7124  EEL     =   -86672.3661  HBOND      =        0.0000
 1-4 VDW =      501.9835  1-4 EEL =     6403.1715  RESTRAINT  =      144.0131
 EAMBER  =   -63277.0355


   NSTEP       ENERGY          RMS            GMAX         NAME    NUMBER
    390      -6.3167E+04     7.0585E-01     3.7923E+01     HG2       519

 BOND    =     4418.3533  ANGLE   =      175.8720  DIHED      =     2037.4725
 VDWAALS =     9895.5875  EEL     =   -86747.5447  HBOND      =        0.0000
 1-4 VDW =      501.7828  1-4 EEL =     6403.7697  RESTRAINT  =      147.5687
 EAMBER  =   -63314.7069


   NSTEP       ENERGY          RMS            GMAX         NAME    NUMBER
    395      -6.3204E+04     6.8874E-01     4.0784E+01     CD        222

 BOND    =     4421.8559  ANGLE   =      172.7812  DIHED      =     2036.6284
 VDWAALS =     9957.2431  EEL     =   -86840.8271  HBOND      =        0.0000
 1-4 VDW =      502.0969  1-4 EEL =     6403.1156  RESTRAINT  =      142.7358
 EAMBER  =   -63347.1061


   NSTEP       ENERGY          RMS            GMAX         NAME    NUMBER
    400      -6.3226E+04     8.4055E-01     3.7928E+01     CD        327

 BOND    =     4436.7955  ANGLE   =      176.4346  DIHED      =     2036.7270
 VDWAALS =     9992.1846  EEL     =   -86920.6564  HBOND      =        0.0000
 1-4 VDW =      502.4173  1-4 EEL =     6403.8527  RESTRAINT  =      146.4516
 EAMBER  =   -63372.2447


   NSTEP       ENERGY          RMS            GMAX         NAME    NUMBER
    405      -6.3228E+04     7.5431E-01     3.2066E+01     OD1       472

 BOND    =     4435.3198  ANGLE   =      176.0245  DIHED      =     2036.7039
 VDWAALS =     9992.3787  EEL     =   -86920.7618  HBOND      =        0.0000
 1-4 VDW =      502.3978  1-4 EEL =     6403.8388  RESTRAINT  =      146.1305
 EAMBER  =   -63374.0985


   NSTEP       ENERGY          RMS            GMAX         NAME    NUMBER
    410      -6.3256E+04     5.2557E-01     2.5485E+01     OD1       472

 BOND    =     4433.6842  ANGLE   =      172.5512  DIHED      =     2036.8540
 VDWAALS =     9995.8700  EEL     =   -86942.0440  HBOND      =        0.0000
 1-4 VDW =      501.7706  1-4 EEL =     6402.9434  RESTRAINT  =      142.4398
 EAMBER  =   -63398.3706


   NSTEP       ENERGY          RMS            GMAX         NAME    NUMBER
    415      -6.3281E+04     6.8519E-01     3.6906E+01     HG2       519

 BOND    =     4442.6932  ANGLE   =      175.9136  DIHED      =     2037.1782
 VDWAALS =    10010.4650  EEL     =   -87000.4439  HBOND      =        0.0000
 1-4 VDW =      501.7747  1-4 EEL =     6403.6705  RESTRAINT  =      147.2532
 EAMBER  =   -63428.7486


   NSTEP       ENERGY          RMS            GMAX         NAME    NUMBER
    420      -6.3333E+04     7.2439E-01     3.8858E+01     CA        466

 BOND    =     4454.2562  ANGLE   =      173.9954  DIHED      =     2036.6888
 VDWAALS =    10079.3591  EEL     =   -87125.0889  HBOND      =        0.0000
 1-4 VDW =      502.0984  1-4 EEL =     6402.7837  RESTRAINT  =      142.6797
 EAMBER  =   -63475.9074


   NSTEP       ENERGY          RMS            GMAX         NAME    NUMBER
    425      -6.3367E+04     1.0387E+00     3.7559E+01     C         462

 BOND    =     4469.8074  ANGLE   =      175.0209  DIHED      =     2037.1248
 VDWAALS =    10150.9406  EEL     =   -87252.4995  HBOND      =        0.0000
 1-4 VDW =      502.6130  1-4 EEL =     6403.1617  RESTRAINT  =      147.1277
 EAMBER  =   -63513.8312


   NSTEP       ENERGY          RMS            GMAX         NAME    NUMBER
    430      -6.3369E+04     9.4852E-01     3.4361E+01     CA        466

 BOND    =     4468.4160  ANGLE   =      174.7154  DIHED      =     2037.0592
 VDWAALS =    10151.0819  EEL     =   -87253.1290  HBOND      =        0.0000
 1-4 VDW =      502.5689  1-4 EEL =     6403.1903  RESTRAINT  =      146.8146
 EAMBER  =   -63516.0973


   NSTEP       ENERGY          RMS            GMAX         NAME    NUMBER
    435      -6.3418E+04     7.3201E-01     3.8749E+01     CD        222

 BOND    =     4476.3078  ANGLE   =      176.1542  DIHED      =     2037.4042
 VDWAALS =    10161.2182  EEL     =   -87317.7937  HBOND      =        0.0000
 1-4 VDW =      501.9887  1-4 EEL =     6403.2559  RESTRAINT  =      143.6244
 EAMBER  =   -63561.4647


   NSTEP       ENERGY          RMS            GMAX         NAME    NUMBER
    440      -6.3447E+04     6.5136E-01     3.5383E+01     HG2       519

 BOND    =     4480.5087  ANGLE   =      175.4527  DIHED      =     2037.2902
 VDWAALS =    10189.2365  EEL     =   -87381.5496  HBOND      =        0.0000
 1-4 VDW =      501.7860  1-4 EEL =     6403.7914  RESTRAINT  =      146.5531
 EAMBER  =   -63593.4842


   NSTEP       ENERGY          RMS            GMAX         NAME    NUMBER
    445      -6.3479E+04     6.4518E-01     3.9542E+01     CD        222

 BOND    =     4483.9360  ANGLE   =      172.8054  DIHED      =     2036.5676
 VDWAALS =    10242.9106  EEL     =   -87462.8985  HBOND      =        0.0000
 1-4 VDW =      502.0907  1-4 EEL =     6403.1625  RESTRAINT  =      142.4740
 EAMBER  =   -63621.4258


   NSTEP       ENERGY          RMS            GMAX         NAME    NUMBER
    450      -6.3498E+04     8.1059E-01     3.6767E+01     CD        327

 BOND    =     4498.1730  ANGLE   =      176.2987  DIHED      =     2036.6009
 VDWAALS =    10273.1129  EEL     =   -87534.3675  HBOND      =        0.0000
 1-4 VDW =      502.3934  1-4 EEL =     6403.8338  RESTRAINT  =      145.8942
 EAMBER  =   -63643.9548


   NSTEP       ENERGY          RMS            GMAX         NAME    NUMBER
    455      -6.3500E+04     7.2037E-01     3.0461E+01     OD1       472

 BOND    =     4496.6680  ANGLE   =      175.8838  DIHED      =     2036.5794
 VDWAALS =    10273.2976  EEL     =   -87534.4093  HBOND      =        0.0000
 1-4 VDW =      502.3739  1-4 EEL =     6403.8207  RESTRAINT  =      145.5758
 EAMBER  =   -63645.7860


   NSTEP       ENERGY          RMS            GMAX         NAME    NUMBER
    460      -6.3525E+04     4.8842E-01     2.3631E+01     OD1       472

 BOND    =     4494.0806  ANGLE   =      172.5588  DIHED      =     2036.8047
 VDWAALS =    10275.5208  EEL     =   -87551.0504  HBOND      =        0.0000
 1-4 VDW =      501.7955  1-4 EEL =     6402.9869  RESTRAINT  =      142.1531
 EAMBER  =   -63667.3032


   NSTEP       ENERGY          RMS            GMAX         NAME    NUMBER
    465      -6.3547E+04     6.3905E-01     3.4963E+01     HG2       519

 BOND    =     4502.0936  ANGLE   =      175.5887  DIHED      =     2037.0881
 VDWAALS =    10286.1271  EEL     =   -87600.2479  HBOND      =        0.0000
 1-4 VDW =      501.7688  1-4 EEL =     6403.7010  RESTRAINT  =      146.4082
 EAMBER  =   -63693.8806


   NSTEP       ENERGY          RMS            GMAX         NAME    NUMBER
    470      -6.3592E+04     6.7288E-01     3.5297E+01     CA        466

 BOND    =     4511.6690  ANGLE   =      173.9809  DIHED      =     2036.5542
 VDWAALS =    10340.2037  EEL     =   -87702.1112  HBOND      =        0.0000
 1-4 VDW =      502.0874  1-4 EEL =     6402.8377  RESTRAINT  =      142.4317
 EAMBER  =   -63734.7783


   NSTEP       ENERGY          RMS            GMAX         NAME    NUMBER
    475      -6.3622E+04     9.8866E-01     3.4358E+01     C         462

 BOND    =     4525.1764  ANGLE   =      174.7760  DIHED      =     2037.0042
 VDWAALS =    10399.7733  EEL     =   -87810.9272  HBOND      =        0.0000
 1-4 VDW =      502.5505  1-4 EEL =     6403.2068  RESTRAINT  =      146.4754
 EAMBER  =   -63768.4401


   NSTEP       ENERGY          RMS            GMAX         NAME    NUMBER
    480      -6.3624E+04     8.9448E-01     3.1881E+01     HG2       519

 BOND    =     4523.8210  ANGLE   =      174.4842  DIHED      =     2036.9410
 VDWAALS =    10399.9288  EEL     =   -87811.5661  HBOND      =        0.0000
 1-4 VDW =      502.5074  1-4 EEL =     6403.2337  RESTRAINT  =      146.1712
 EAMBER  =   -63770.6501


   NSTEP       ENERGY          RMS            GMAX         NAME    NUMBER
    485      -6.3668E+04     6.9557E-01     3.6881E+01     CD        222

 BOND    =     4532.1042  ANGLE   =      175.9597  DIHED      =     2037.2459
 VDWAALS =    10409.7700  EEL     =   -87871.3694  HBOND      =        0.0000
 1-4 VDW =      501.9763  1-4 EEL =     6403.3206  RESTRAINT  =      143.3713
 EAMBER  =   -63810.9927


   NSTEP       ENERGY          RMS            GMAX         NAME    NUMBER
    490      -6.3693E+04     6.1305E-01     3.3350E+01     HG2       519

 BOND    =     4534.8588  ANGLE   =      175.2138  DIHED      =     2037.1746
 VDWAALS =    10434.9416  EEL     =   -87926.6388  HBOND      =        0.0000
 1-4 VDW =      501.7817  1-4 EEL =     6403.7966  RESTRAINT  =      145.8855
 EAMBER  =   -63838.8717


   NSTEP       ENERGY          RMS            GMAX         NAME    NUMBER
    495      -6.3721E+04     6.0881E-01     3.7698E+01     CD        222

 BOND    =     4538.4934  ANGLE   =      172.8444  DIHED      =     2036.5292
 VDWAALS =    10482.7788  EEL     =   -87999.6098  HBOND      =        0.0000
 1-4 VDW =      502.0833  1-4 EEL =     6403.1983  RESTRAINT  =      142.2691
 EAMBER  =   -63863.6824


   NSTEP       ENERGY          RMS            GMAX         NAME    NUMBER
    500      -6.3739E+04     7.8127E-01     3.5822E+01     CD        327

 BOND    =     4551.7948  ANGLE   =      176.1294  DIHED      =     2036.5087
 VDWAALS =    10509.0479  EEL     =   -88063.7293  HBOND      =        0.0000
 1-4 VDW =      502.3663  1-4 EEL =     6403.8069  RESTRAINT  =      145.3855
 EAMBER  =   -63884.0753


  Maximum number of minimization cycles reached.


                    FINAL RESULTS



   NSTEP       ENERGY          RMS            GMAX         NAME    NUMBER
    500      -6.3739E+04     7.8127E-01     3.5822E+01     CD        327

 BOND    =     4551.7948  ANGLE   =      176.1294  DIHED      =     2036.5087
 VDWAALS =    10509.0479  EEL     =   -88063.7293  HBOND      =        0.0000
 1-4 VDW =      502.3663  1-4 EEL =     6403.8069  RESTRAINT  =      145.3855
 EAMBER  =   -63884.0753
--------------------------------------------------------------------------------
   5.  TIMINGS
--------------------------------------------------------------------------------

|  NonSetup CPU Time in Major Routines:
|
|     Routine           Sec        %
|     ------------------------------
|     Nonbond          25.86   95.93
|     Bond              0.12    0.43
|     Angle             0.12    0.45
|     Dihedral          0.74    2.73
|     Shake             0.00    0.00
|     Other             0.12    0.46
|     ------------------------------
|     Total            26.96

|  PME Nonbond Pairlist CPU Time:
|
|     Routine              Sec        %
|     ---------------------------------
|     Set Up Cit           0.01    0.03
|     Build List           0.47    1.75
|     ---------------------------------
|     Total                0.48    1.78

|  PME Direct Force CPU Time:
|
|     Routine              Sec        %
|     ---------------------------------
|     NonBonded Calc      18.90   70.10
|     Exclude Masked       0.47    1.74
|     Other                0.05    0.19
|     ---------------------------------
|     Total               19.42   72.03

|  PME Reciprocal Force CPU Time:
|
|     Routine              Sec        %
|     ---------------------------------
|     1D bspline           0.20    0.74
|     Grid Charges         0.61    2.26
|     Scalar Sum           1.22    4.53
|     Gradient Sum         1.08    4.02
|     FFT                  2.84   10.52
|     ---------------------------------
|     Total                5.95   22.06

|  Setup CPU time:            0.08 seconds
|  NonSetup CPU time:        26.96 seconds
|  Total CPU time:           27.04 seconds     0.01 hours

|  Setup wall time:           0    seconds
|  NonSetup wall time:       27    seconds
|  Total wall time:          27    seconds     0.01 hours
