
          -------------------------------------------------------
          Amber 16 PMEMD                              2016
          -------------------------------------------------------

| PMEMD implementation of SANDER, Release 16

| Run on 07/03/2017 at 15:16:49

|   Executable path: pmemd
| Working directory: /home/german/obp/run/wt_apo/mhe/m
|          Hostname: Unknown
  [-O]verwriting output

File Assignments:
|   MDIN: mmin.in                                                               
|  MDOUT: mmin.out                                                              
| INPCRD: mwt_apo.rst7                                                          
|   PARM: /home/german/obp/top_files/wt_apo.prmtop                              
| RESTRT: mmwt_apo.rst7                                                         
|   REFC: wt_apo.rst7                                                           
|  MDVEL: mdvel                                                                 
|   MDEN: mden                                                                  
|  MDCRD: mmwt_apo.crd                                                          
| MDINFO: mdinfo                                                                
|  MDFRC: mdfrc                                                                 


 Here is the input file:

Minimization with Cartesian restraints                                         
&cntrl                                                                         
imin=1,                                                                        
ntmin=1,                                ! Steepest Descent, then Conjugate Grad
ncyc=100,                               ! 100 steps of Steepest Descent        
maxcyc=500,                             ! 400 steps of Conjugate Gradient      
ntpr=5,                                                                        
&end                                                                           


Note: ig = -1. Setting random seed to   364580 based on wallclock time in 
      microseconds.
 
 
| Conditional Compilation Defines Used:
| PUBFFT
| BINTRAJ
| EMIL

| Largest sphere to fit in unit cell has radius =    29.622

| New format PARM file being parsed.
| Version =    1.000 Date = 02/24/15 Time = 11:47:22

| Note: 1-4 EEL scale factors are being read from the topology file.

| Note: 1-4 VDW scale factors are being read from the topology file.
| Duplicated    0 dihedrals

| Duplicated    0 dihedrals

--------------------------------------------------------------------------------
   1.  RESOURCE   USE: 
--------------------------------------------------------------------------------

 getting box info from netcdf restart file
 NATOM  =   17574 NTYPES =      17 NBONH =   16628 MBONA  =     951
 NTHETH =    2219 MTHETA =    1278 NPHIH =    4331 MPHIA  =    4375
 NHPARM =       0 NPARM  =       0 NNB   =   31462 NRES   =    5343
 NBONA  =     951 NTHETA =    1278 NPHIA =    4375 NUMBND =      60
 NUMANG =     134 NPTRA  =     240 NATYP =      33 NPHB   =       1
 IFBOX  =       1 NMXRS  =      24 IFCAP =       0 NEXTRA =       0
 NCOPY  =       0

| Coordinate Index Table dimensions:    13   14   13
| Direct force subcell size =     4.6400    4.5612    4.5572

     BOX TYPE: RECTILINEAR

--------------------------------------------------------------------------------
   2.  CONTROL  DATA  FOR  THE  RUN
--------------------------------------------------------------------------------

default_name                                                                    

General flags:
     imin    =       1, nmropt  =       0

Nature and format of input:
     ntx     =       1, irest   =       0, ntrx    =       1

Nature and format of output:
     ntxo    =       2, ntpr    =       5, ntrx    =       1, ntwr    =       1
     iwrap   =       0, ntwx    =       0, ntwv    =       0, ntwe    =       0
     ioutfm  =       1, ntwprt  =       0, idecomp =       0, rbornstat=      0

Potential function:
     ntf     =       1, ntb     =       1, igb     =       0, nsnb    =      25
     ipol    =       0, gbsa    =       0, iesp    =       0
     dielc   =   1.00000, cut     =   8.00000, intdiel =   1.00000

Frozen or restrained atoms:
     ibelly  =       0, ntr     =       0

Energy minimization:
     maxcyc  =     500, ncyc    =     100, ntmin   =       1
     dx0     =   0.01000, drms    =   0.00010

| Intermolecular bonds treatment:
|     no_intermolecular_bonds =       1

| Energy averages sample interval:
|     ene_avg_sampling =       1

Ewald parameters:
     verbose =       0, ew_type =       0, nbflag  =       1, use_pme =       1
     vdwmeth =       1, eedmeth =       1, netfrc  =       0
     Box X =   60.320   Box Y =   63.857   Box Z =   59.244
     Alpha =   90.000   Beta  =   90.000   Gamma =   90.000
     NFFT1 =   64       NFFT2 =   64       NFFT3 =   60
     Cutoff=    8.000   Tol   =0.100E-04
     Ewald Coefficient =  0.34864
     Interpolation order =    4

--------------------------------------------------------------------------------
   3.  ATOMIC COORDINATES AND VELOCITIES
--------------------------------------------------------------------------------

default_name                                                                    
 begin time read from input coords =     0.000 ps

 
 Number of triangulated 3-point waters found:     5221

     Sum of charges from parm topology file =  -0.00000007
     Forcing neutrality...

| Dynamic Memory, Types Used:
| Reals              512321
| Integers           561182

| Nonbonded Pairs Initial Allocation:     2935297

--------------------------------------------------------------------------------
   4.  RESULTS
--------------------------------------------------------------------------------

 ---------------------------------------------------
 APPROXIMATING switch and d/dx switch using CUBIC SPLINE INTERPOLATION
 using   5000.0 points per unit in tabled values
 TESTING RELATIVE ERROR over r ranging from 0.0 to cutoff
| CHECK switch(x): max rel err =   0.2738E-14   at   2.422500
| CHECK d/dx switch(x): max rel err =   0.8332E-11   at   2.782960
 ---------------------------------------------------
|---------------------------------------------------
| APPROXIMATING direct energy using CUBIC SPLINE INTERPOLATION
|  with   50.0 points per unit in tabled values
| Relative Error Limit not exceeded for r .gt.   2.47
| APPROXIMATING direct force using CUBIC SPLINE INTERPOLATION
|  with   50.0 points per unit in tabled values
| Relative Error Limit not exceeded for r .gt.   2.89
|---------------------------------------------------


   NSTEP       ENERGY          RMS            GMAX         NAME    NUMBER
      1      -6.3884E+04     1.2412E+00     6.9521E+01     SG       1406

 BOND    =     4551.7948  ANGLE   =      176.1294  DIHED      =     2036.5087
 VDWAALS =    10509.0479  EEL     =   -88063.7293  HBOND      =        0.0000
 1-4 VDW =      502.3663  1-4 EEL =     6403.8069  RESTRAINT  =        0.0000


   NSTEP       ENERGY          RMS            GMAX         NAME    NUMBER
      5      -6.3901E+04     1.0239E+00     5.6704E+01     SG       1406

 BOND    =     4547.9829  ANGLE   =      175.2374  DIHED      =     2036.3181
 VDWAALS =    10502.7669  EEL     =   -88064.0589  HBOND      =        0.0000
 1-4 VDW =      500.9825  1-4 EEL =     6400.1101  RESTRAINT  =        0.0000


   NSTEP       ENERGY          RMS            GMAX         NAME    NUMBER
     10      -6.3938E+04     7.7140E-01     3.2300E+01     SG       1682

 BOND    =     4545.8224  ANGLE   =      174.2400  DIHED      =     2036.2331
 VDWAALS =    10488.5707  EEL     =   -88066.3913  HBOND      =        0.0000
 1-4 VDW =      496.4710  1-4 EEL =     6387.2592  RESTRAINT  =        0.0000


   NSTEP       ENERGY          RMS            GMAX         NAME    NUMBER
     15      -6.4006E+04     5.5708E-01     1.3138E+01     OE1       522

 BOND    =     4549.2841  ANGLE   =      176.0218  DIHED      =     2037.3036
 VDWAALS =    10470.7513  EEL     =   -88077.0628  HBOND      =        0.0000
 1-4 VDW =      484.6239  1-4 EEL =     6352.9077  RESTRAINT  =        0.0000


   NSTEP       ENERGY          RMS            GMAX         NAME    NUMBER
     20      -6.4108E+04     1.3409E+00     9.3548E+01     CD       1172

 BOND    =     4574.6928  ANGLE   =      188.4703  DIHED      =     2039.9100
 VDWAALS =    10465.9572  EEL     =   -88124.1848  HBOND      =        0.0000
 1-4 VDW =      457.3506  1-4 EEL =     6290.0007  RESTRAINT  =        0.0000


   NSTEP       ENERGY          RMS            GMAX         NAME    NUMBER
     25      -6.4138E+04     1.0233E+00     4.6420E+01     CD       1172

 BOND    =     4572.0200  ANGLE   =      190.6654  DIHED      =     2039.9751
 VDWAALS =    10469.8219  EEL     =   -88141.0855  HBOND      =        0.0000
 1-4 VDW =      450.9883  1-4 EEL =     6279.8472  RESTRAINT  =        0.0000


   NSTEP       ENERGY          RMS            GMAX         NAME    NUMBER
     30      -6.4164E+04     3.4460E-01     5.4451E+00     OE1       522

 BOND    =     4568.3867  ANGLE   =      192.5841  DIHED      =     2040.0472
 VDWAALS =    10474.2928  EEL     =   -88157.9539  HBOND      =        0.0000
 1-4 VDW =      446.1992  1-4 EEL =     6272.1189  RESTRAINT  =        0.0000


   NSTEP       ENERGY          RMS            GMAX         NAME    NUMBER
     35      -6.4175E+04     1.1689E+00     2.5030E+01     C         524

 BOND    =     4580.3343  ANGLE   =      195.3734  DIHED      =     2039.9650
 VDWAALS =    10480.1444  EEL     =   -88176.5448  HBOND      =        0.0000
 1-4 VDW =      441.2585  1-4 EEL =     6264.7809  RESTRAINT  =        0.0000


   NSTEP       ENERGY          RMS            GMAX         NAME    NUMBER
     40      -6.4193E+04     1.2027E+00     2.7381E+01     C         524

 BOND    =     4583.8771  ANGLE   =      197.7246  DIHED      =     2039.8495
 VDWAALS =    10486.3232  EEL     =   -88195.8448  HBOND      =        0.0000
 1-4 VDW =      436.9654  1-4 EEL =     6258.3749  RESTRAINT  =        0.0000


   NSTEP       ENERGY          RMS            GMAX         NAME    NUMBER
     45      -6.4221E+04     3.5512E-01     5.6379E+00     C          51

 BOND    =     4577.6343  ANGLE   =      199.1653  DIHED      =     2039.6860
 VDWAALS =    10492.4540  EEL     =   -88215.5367  HBOND      =        0.0000
 1-4 VDW =      433.2602  1-4 EEL =     6252.7414  RESTRAINT  =        0.0000


   NSTEP       ENERGY          RMS            GMAX         NAME    NUMBER
     50      -6.4235E+04     2.9206E-01     4.0370E+00     OE1      1065

 BOND    =     4579.5599  ANGLE   =      200.8067  DIHED      =     2039.5004
 VDWAALS =    10498.0202  EEL     =   -88231.7656  HBOND      =        0.0000
 1-4 VDW =      430.4157  1-4 EEL =     6248.5792  RESTRAINT  =        0.0000


   NSTEP       ENERGY          RMS            GMAX         NAME    NUMBER
     55      -6.4250E+04     2.8681E-01     3.9503E+00     OE1      1065

 BOND    =     4582.2197  ANGLE   =      202.6083  DIHED      =     2039.2594
 VDWAALS =    10504.6246  EEL     =   -88250.7841  HBOND      =        0.0000
 1-4 VDW =      427.4193  1-4 EEL =     6244.1662  RESTRAINT  =        0.0000


   NSTEP       ENERGY          RMS            GMAX         NAME    NUMBER
     60      -6.4266E+04     5.2884E-01     1.2516E+01     C         524

 BOND    =     4587.0386  ANGLE   =      204.5449  DIHED      =     2038.9640
 VDWAALS =    10512.1612  EEL     =   -88272.6146  HBOND      =        0.0000
 1-4 VDW =      424.4024  1-4 EEL =     6239.6611  RESTRAINT  =        0.0000


   NSTEP       ENERGY          RMS            GMAX         NAME    NUMBER
     65      -6.4280E+04     3.5614E-01     7.1748E+00     C          51

 BOND    =     4587.9380  ANGLE   =      205.9378  DIHED      =     2038.7065
 VDWAALS =    10518.3107  EEL     =   -88289.5924  HBOND      =        0.0000
 1-4 VDW =      422.2456  1-4 EEL =     6236.4709  RESTRAINT  =        0.0000


   NSTEP       ENERGY          RMS            GMAX         NAME    NUMBER
     70      -6.4294E+04     3.5916E-01     7.7510E+00     C          51

 BOND    =     4590.4789  ANGLE   =      207.4484  DIHED      =     2038.4088
 VDWAALS =    10525.2584  EEL     =   -88308.8836  HBOND      =        0.0000
 1-4 VDW =      420.0467  1-4 EEL =     6233.1668  RESTRAINT  =        0.0000


   NSTEP       ENERGY          RMS            GMAX         NAME    NUMBER
     75      -6.4308E+04     4.0207E-01     9.7521E+00     C          51

 BOND    =     4593.2785  ANGLE   =      208.8918  DIHED      =     2038.0992
 VDWAALS =    10532.3132  EEL     =   -88328.4019  HBOND      =        0.0000
 1-4 VDW =      418.0346  1-4 EEL =     6230.1117  RESTRAINT  =        0.0000


   NSTEP       ENERGY          RMS            GMAX         NAME    NUMBER
     80      -6.4318E+04     6.5802E-01     1.8287E+01     C          51

 BOND    =     4597.9088  ANGLE   =      210.2617  DIHED      =     2037.8074
 VDWAALS =    10538.8800  EEL     =   -88346.8028  HBOND      =        0.0000
 1-4 VDW =      416.3324  1-4 EEL =     6227.4845  RESTRAINT  =        0.0000


   NSTEP       ENERGY          RMS            GMAX         NAME    NUMBER
     85      -6.4331E+04     6.7791E-01     1.9810E+01     C          51

 BOND    =     4600.4437  ANGLE   =      211.5449  DIHED      =     2037.4956
 VDWAALS =    10545.8497  EEL     =   -88365.7827  HBOND      =        0.0000
 1-4 VDW =      414.7009  1-4 EEL =     6224.9741  RESTRAINT  =        0.0000


   NSTEP       ENERGY          RMS            GMAX         NAME    NUMBER
     90      -6.4343E+04     7.2647E-01     2.2335E+01     C          51

 BOND    =     4603.3089  ANGLE   =      212.8000  DIHED      =     2037.1778
 VDWAALS =    10552.9170  EEL     =   -88385.0269  HBOND      =        0.0000
 1-4 VDW =      413.1903  1-4 EEL =     6222.6288  RESTRAINT  =        0.0000


   NSTEP       ENERGY          RMS            GMAX         NAME    NUMBER
     95      -6.4354E+04     7.9923E-01     2.6084E+01     CD        394

 BOND    =     4606.4123  ANGLE   =      213.9861  DIHED      =     2036.8674
 VDWAALS =    10559.8420  EEL     =   -88403.8234  HBOND      =        0.0000
 1-4 VDW =      411.8412  1-4 EEL =     6220.5134  RESTRAINT  =        0.0000


   NSTEP       ENERGY          RMS            GMAX         NAME    NUMBER
    100      -6.4365E+04     7.5547E-01     2.4152E+01     CD        394

 BOND    =     4607.6933  ANGLE   =      214.8190  DIHED      =     2036.5985
 VDWAALS =    10565.8072  EEL     =   -88419.7116  HBOND      =        0.0000
 1-4 VDW =      410.7729  1-4 EEL =     6218.8168  RESTRAINT  =        0.0000


   NSTEP       ENERGY          RMS            GMAX         NAME    NUMBER
    105      -6.4382E+04     2.5682E-01     7.0255E+00     CD        394

 BOND    =     4605.6184  ANGLE   =      215.6054  DIHED      =     2036.2508
 VDWAALS =    10573.6413  EEL     =   -88439.7479  HBOND      =        0.0000
 1-4 VDW =      409.4710  1-4 EEL =     6216.7853  RESTRAINT  =        0.0000


   NSTEP       ENERGY          RMS            GMAX         NAME    NUMBER
    110      -6.4646E+04     2.7700E+00     1.2828E+02     H2      17478

 BOND    =     4832.8056  ANGLE   =      269.8492  DIHED      =     2035.1872
 VDWAALS =    10906.1008  EEL     =   -89206.6764  HBOND      =        0.0000
 1-4 VDW =      366.1339  1-4 EEL =     6150.4505  RESTRAINT  =        0.0000


   NSTEP       ENERGY          RMS            GMAX         NAME    NUMBER
    115      -6.4805E+04     9.2440E-01     3.5751E+01     CB        376

 BOND    =     4743.7922  ANGLE   =      328.1376  DIHED      =     2041.6097
 VDWAALS =    11074.2748  EEL     =   -89463.9273  HBOND      =        0.0000
 1-4 VDW =      354.7429  1-4 EEL =     6116.6347  RESTRAINT  =        0.0000


   NSTEP       ENERGY          RMS            GMAX         NAME    NUMBER
    120      -6.4855E+04     1.1472E+00     3.8306E+01     H1      17477

 BOND    =     4787.8632  ANGLE   =      348.6469  DIHED      =     2042.7379
 VDWAALS =    11115.7526  EEL     =   -89619.6993  HBOND      =        0.0000
 1-4 VDW =      358.4825  1-4 EEL =     6111.0996  RESTRAINT  =        0.0000


   NSTEP       ENERGY          RMS            GMAX         NAME    NUMBER
    125      -6.4967E+04     1.0707E+00     3.3334E+01     CB        376

 BOND    =     4839.7014  ANGLE   =      320.6057  DIHED      =     2046.6681
 VDWAALS =    11312.3531  EEL     =   -89953.3716  HBOND      =        0.0000
 1-4 VDW =      356.1844  1-4 EEL =     6110.4421  RESTRAINT  =        0.0000


   NSTEP       ENERGY          RMS            GMAX         NAME    NUMBER
    130      -6.4970E+04     9.9701E-01     3.1698E+01     CB        376

 BOND    =     4833.7134  ANGLE   =      320.3323  DIHED      =     2046.5754
 VDWAALS =    11312.1601  EEL     =   -89949.4171  HBOND      =        0.0000
 1-4 VDW =      356.2510  1-4 EEL =     6110.4408  RESTRAINT  =        0.0000


   NSTEP       ENERGY          RMS            GMAX         NAME    NUMBER
    135      -6.5019E+04     5.7259E-01     3.1784E+01     CD        759

 BOND    =     4794.2365  ANGLE   =      323.0981  DIHED      =     2041.4080
 VDWAALS =    11297.8325  EEL     =   -89950.1151  HBOND      =        0.0000
 1-4 VDW =      360.6590  1-4 EEL =     6114.3201  RESTRAINT  =        0.0000


   NSTEP       ENERGY          RMS            GMAX         NAME    NUMBER
    140      -6.5064E+04     1.0220E+00     4.8185E+01     CD        759

 BOND    =     4805.0260  ANGLE   =      303.8382  DIHED      =     2034.5341
 VDWAALS =    11301.9127  EEL     =   -90010.5293  HBOND      =        0.0000
 1-4 VDW =      367.8473  1-4 EEL =     6132.8756  RESTRAINT  =        0.0000


   NSTEP       ENERGY          RMS            GMAX         NAME    NUMBER
    145      -6.5127E+04     7.7823E-01     2.9719E+01     CB        376

 BOND    =     4799.4996  ANGLE   =      265.4249  DIHED      =     2027.3503
 VDWAALS =    11324.1497  EEL     =   -90077.4308  HBOND      =        0.0000
 1-4 VDW =      376.1564  1-4 EEL =     6157.3734  RESTRAINT  =        0.0000


   NSTEP       ENERGY          RMS            GMAX         NAME    NUMBER
    150      -6.5169E+04     8.2533E-01     3.5968E+01     CD        327

 BOND    =     4810.7040  ANGLE   =      255.2846  DIHED      =     2023.7535
 VDWAALS =    11337.3673  EEL     =   -90150.5304  HBOND      =        0.0000
 1-4 VDW =      385.5874  1-4 EEL =     6168.4457  RESTRAINT  =        0.0000


   NSTEP       ENERGY          RMS            GMAX         NAME    NUMBER
    155      -6.5171E+04     7.4012E-01     2.8534E+01     CD        327

 BOND    =     4805.6085  ANGLE   =      254.9603  DIHED      =     2023.6987
 VDWAALS =    11337.2686  EEL     =   -90147.0362  HBOND      =        0.0000
 1-4 VDW =      385.6575  1-4 EEL =     6168.4269  RESTRAINT  =        0.0000


   NSTEP       ENERGY          RMS            GMAX         NAME    NUMBER
    160      -6.5196E+04     4.9508E-01     2.1008E+01     CD        327

 BOND    =     4787.5768  ANGLE   =      256.0315  DIHED      =     2022.3641
 VDWAALS =    11331.8688  EEL     =   -90150.5083  HBOND      =        0.0000
 1-4 VDW =      388.6973  1-4 EEL =     6168.1279  RESTRAINT  =        0.0000


   NSTEP       ENERGY          RMS            GMAX         NAME    NUMBER
    165      -6.5209E+04     6.0336E-01     2.5894E+01     H2      17478

 BOND    =     4796.7909  ANGLE   =      256.1575  DIHED      =     2022.1745
 VDWAALS =    11336.2372  EEL     =   -90177.0791  HBOND      =        0.0000
 1-4 VDW =      388.0074  1-4 EEL =     6168.6200  RESTRAINT  =        0.0000


   NSTEP       ENERGY          RMS            GMAX         NAME    NUMBER
    170      -6.5255E+04     6.6736E-01     2.5824E+01     CD        327

 BOND    =     4811.5069  ANGLE   =      252.4700  DIHED      =     2022.9779
 VDWAALS =    11378.2005  EEL     =   -90272.5498  HBOND      =        0.0000
 1-4 VDW =      383.7389  1-4 EEL =     6168.3757  RESTRAINT  =        0.0000


   NSTEP       ENERGY          RMS            GMAX         NAME    NUMBER
    175      -6.5298E+04     7.2782E-01     3.2884E+01     OD2       575

 BOND    =     4824.0665  ANGLE   =      262.7139  DIHED      =     2024.8314
 VDWAALS =    11437.3486  EEL     =   -90393.6613  HBOND      =        0.0000
 1-4 VDW =      383.6443  1-4 EEL =     6163.3487  RESTRAINT  =        0.0000


   NSTEP       ENERGY          RMS            GMAX         NAME    NUMBER
    180      -6.5299E+04     6.6174E-01     3.1554E+01     OD2       575

 BOND    =     4820.4043  ANGLE   =      262.3298  DIHED      =     2024.7672
 VDWAALS =    11437.0422  EEL     =   -90391.0879  HBOND      =        0.0000
 1-4 VDW =      383.6601  1-4 EEL =     6163.4193  RESTRAINT  =        0.0000


   NSTEP       ENERGY          RMS            GMAX         NAME    NUMBER
    185      -6.5334E+04     7.9087E-01     5.0973E+01     CD        222

 BOND    =     4817.4261  ANGLE   =      255.9843  DIHED      =     2023.4974
 VDWAALS =    11425.8489  EEL     =   -90410.8912  HBOND      =        0.0000
 1-4 VDW =      385.0137  1-4 EEL =     6168.9813  RESTRAINT  =        0.0000


   NSTEP       ENERGY          RMS            GMAX         NAME    NUMBER
    190      -6.5355E+04     5.8036E-01     2.6240E+01     H2      17478

 BOND    =     4819.7664  ANGLE   =      250.4976  DIHED      =     2022.0544
 VDWAALS =    11434.6540  EEL     =   -90437.8965  HBOND      =        0.0000
 1-4 VDW =      386.1880  1-4 EEL =     6169.7988  RESTRAINT  =        0.0000


   NSTEP       ENERGY          RMS            GMAX         NAME    NUMBER
    195      -6.5378E+04     5.1373E-01     1.7722E+01     CD        327

 BOND    =     4817.0632  ANGLE   =      248.9053  DIHED      =     2021.3306
 VDWAALS =    11457.6403  EEL     =   -90478.4594  HBOND      =        0.0000
 1-4 VDW =      386.4274  1-4 EEL =     6169.1339  RESTRAINT  =        0.0000


   NSTEP       ENERGY          RMS            GMAX         NAME    NUMBER
    200      -6.5395E+04     7.3114E-01     3.0765E+01     CD        327

 BOND    =     4834.6017  ANGLE   =      251.9206  DIHED      =     2020.6533
 VDWAALS =    11476.5403  EEL     =   -90533.3059  HBOND      =        0.0000
 1-4 VDW =      386.8180  1-4 EEL =     6168.2151  RESTRAINT  =        0.0000


   NSTEP       ENERGY          RMS            GMAX         NAME    NUMBER
    205      -6.5397E+04     6.0597E-01     2.1875E+01     CD        327

 BOND    =     4828.7791  ANGLE   =      251.5308  DIHED      =     2020.6288
 VDWAALS =    11476.6901  EEL     =   -90529.4585  HBOND      =        0.0000
 1-4 VDW =      386.8555  1-4 EEL =     6168.2445  RESTRAINT  =        0.0000


   NSTEP       ENERGY          RMS            GMAX         NAME    NUMBER
    210      -6.5412E+04     3.9321E-01     1.7497E+01     CG        379

 BOND    =     4821.3059  ANGLE   =      246.3200  DIHED      =     2020.5727
 VDWAALS =    11478.2072  EEL     =   -90535.7101  HBOND      =        0.0000
 1-4 VDW =      387.9203  1-4 EEL =     6169.6007  RESTRAINT  =        0.0000


   NSTEP       ENERGY          RMS            GMAX         NAME    NUMBER
    215      -6.5429E+04     4.0905E-01     1.4237E+01     HG3      1063

 BOND    =     4821.6455  ANGLE   =      248.9905  DIHED      =     2020.0109
 VDWAALS =    11487.3478  EEL     =   -90566.0760  HBOND      =        0.0000
 1-4 VDW =      387.6666  1-4 EEL =     6171.3887  RESTRAINT  =        0.0000


   NSTEP       ENERGY          RMS            GMAX         NAME    NUMBER
    220      -6.5480E+04     1.0663E+00     5.1683E+01     CD        327

 BOND    =     4865.7538  ANGLE   =      260.2782  DIHED      =     2021.8735
 VDWAALS =    11563.8593  EEL     =   -90751.4570  HBOND      =        0.0000
 1-4 VDW =      386.3717  1-4 EEL =     6173.3585  RESTRAINT  =        0.0000


   NSTEP       ENERGY          RMS            GMAX         NAME    NUMBER
    225      -6.5553E+04     7.4845E-01     2.4032E+01     H2       6627

 BOND    =     4870.4735  ANGLE   =      263.8398  DIHED      =     2022.5151
 VDWAALS =    11671.8123  EEL     =   -90937.3194  HBOND      =        0.0000
 1-4 VDW =      385.5690  1-4 EEL =     6170.1687  RESTRAINT  =        0.0000


   NSTEP       ENERGY          RMS            GMAX         NAME    NUMBER
    230      -6.5555E+04     6.9765E-01     2.2968E+01     H2       6627

 BOND    =     4867.2054  ANGLE   =      263.4286  DIHED      =     2022.4660
 VDWAALS =    11671.5597  EEL     =   -90935.2082  HBOND      =        0.0000
 1-4 VDW =      385.5802  1-4 EEL =     6170.1610  RESTRAINT  =        0.0000


   NSTEP       ENERGY          RMS            GMAX         NAME    NUMBER
    235      -6.5605E+04     6.7701E-01     3.4687E+01     CG        379

 BOND    =     4866.8898  ANGLE   =      253.8312  DIHED      =     2020.4549
 VDWAALS =    11660.2685  EEL     =   -90963.6052  HBOND      =        0.0000
 1-4 VDW =      386.1169  1-4 EEL =     6171.2633  RESTRAINT  =        0.0000


   NSTEP       ENERGY          RMS            GMAX         NAME    NUMBER
    240      -6.5625E+04     5.4513E-01     2.9269E+01     CG        379

 BOND    =     4871.9637  ANGLE   =      249.0080  DIHED      =     2019.6571
 VDWAALS =    11666.9308  EEL     =   -90990.3923  HBOND      =        0.0000
 1-4 VDW =      386.7696  1-4 EEL =     6170.8799  RESTRAINT  =        0.0000


   NSTEP       ENERGY          RMS            GMAX         NAME    NUMBER
    245      -6.5644E+04     3.7151E-01     1.1101E+01     NE2      1066

 BOND    =     4862.7633  ANGLE   =      247.0584  DIHED      =     2019.6395
 VDWAALS =    11682.7927  EEL     =   -91012.3992  HBOND      =        0.0000
 1-4 VDW =      387.0204  1-4 EEL =     6169.4944  RESTRAINT  =        0.0000


   NSTEP       ENERGY          RMS            GMAX         NAME    NUMBER
    250      -6.5657E+04     6.5432E-01     5.4201E+01     CD        759

 BOND    =     4882.4789  ANGLE   =      251.1197  DIHED      =     2019.7796
 VDWAALS =    11698.3618  EEL     =   -91063.2717  HBOND      =        0.0000
 1-4 VDW =      387.0735  1-4 EEL =     6167.6785  RESTRAINT  =        0.0000


   NSTEP       ENERGY          RMS            GMAX         NAME    NUMBER
    255      -6.5659E+04     5.2443E-01     3.5211E+01     CD        759

 BOND    =     4876.4046  ANGLE   =      250.7511  DIHED      =     2019.7340
 VDWAALS =    11698.3372  EEL     =   -91058.8544  HBOND      =        0.0000
 1-4 VDW =      387.0816  1-4 EEL =     6167.7579  RESTRAINT  =        0.0000


   NSTEP       ENERGY          RMS            GMAX         NAME    NUMBER
    260      -6.5670E+04     3.3057E-01     1.8950E+01     NE2      1066

 BOND    =     4871.3435  ANGLE   =      245.2934  DIHED      =     2019.5839
 VDWAALS =    11701.0157  EEL     =   -91063.5287  HBOND      =        0.0000
 1-4 VDW =      387.4271  1-4 EEL =     6168.7802  RESTRAINT  =        0.0000


   NSTEP       ENERGY          RMS            GMAX         NAME    NUMBER
    265      -6.5688E+04     4.6520E-01     1.7740E+01     CD        222

 BOND    =     4865.4468  ANGLE   =      250.4173  DIHED      =     2019.5458
 VDWAALS =    11716.3021  EEL     =   -91097.1414  HBOND      =        0.0000
 1-4 VDW =      386.9592  1-4 EEL =     6170.6711  RESTRAINT  =        0.0000


   NSTEP       ENERGY          RMS            GMAX         NAME    NUMBER
    270      -6.5730E+04     1.0172E+00     7.0563E+01     CD        222

 BOND    =     4907.2319  ANGLE   =      259.6897  DIHED      =     2021.1359
 VDWAALS =    11784.6714  EEL     =   -91259.3178  HBOND      =        0.0000
 1-4 VDW =      385.7816  1-4 EEL =     6171.1674  RESTRAINT  =        0.0000


   NSTEP       ENERGY          RMS            GMAX         NAME    NUMBER
    275      -6.5792E+04     6.7547E-01     2.6721E+01     Na+      1910

 BOND    =     4913.7518  ANGLE   =      263.7168  DIHED      =     2022.1310
 VDWAALS =    11878.0668  EEL     =   -91423.4093  HBOND      =        0.0000
 1-4 VDW =      384.7217  1-4 EEL =     6169.2252  RESTRAINT  =        0.0000


   NSTEP       ENERGY          RMS            GMAX         NAME    NUMBER
    280      -6.5794E+04     6.3427E-01     2.6008E+01     Na+      1910

 BOND    =     4911.1198  ANGLE   =      263.2740  DIHED      =     2022.0927
 VDWAALS =    11877.7930  EEL     =   -91421.7462  HBOND      =        0.0000
 1-4 VDW =      384.7339  1-4 EEL =     6169.2064  RESTRAINT  =        0.0000


   NSTEP       ENERGY          RMS            GMAX         NAME    NUMBER
    285      -6.5843E+04     8.0423E-01     4.9022E+01     CD        759

 BOND    =     4891.6334  ANGLE   =      255.8149  DIHED      =     2020.2250
 VDWAALS =    11867.3284  EEL     =   -91433.9402  HBOND      =        0.0000
 1-4 VDW =      385.3774  1-4 EEL =     6170.2370  RESTRAINT  =        0.0000


   NSTEP       ENERGY          RMS            GMAX         NAME    NUMBER
    290      -6.5861E+04     4.9467E-01     1.7588E+01     NE2      1066

 BOND    =     4924.9983  ANGLE   =      249.5340  DIHED      =     2019.8467
 VDWAALS =    11873.5836  EEL     =   -91485.1747  HBOND      =        0.0000
 1-4 VDW =      386.0305  1-4 EEL =     6170.1897  RESTRAINT  =        0.0000


   NSTEP       ENERGY          RMS            GMAX         NAME    NUMBER
    295      -6.5875E+04     3.5472E-01     1.6385E+01     NE2      1066

 BOND    =     4900.1087  ANGLE   =      248.7394  DIHED      =     2019.4710
 VDWAALS =    11886.1428  EEL     =   -91485.1932  HBOND      =        0.0000
 1-4 VDW =      386.2441  1-4 EEL =     6169.3739  RESTRAINT  =        0.0000


   NSTEP       ENERGY          RMS            GMAX         NAME    NUMBER
    300      -6.5884E+04     4.7555E-01     2.4554E+01     CD        327

 BOND    =     4921.1324  ANGLE   =      251.5819  DIHED      =     2019.5849
 VDWAALS =    11897.5852  EEL     =   -91527.4905  HBOND      =        0.0000
 1-4 VDW =      386.0610  1-4 EEL =     6167.9225  RESTRAINT  =        0.0000


   NSTEP       ENERGY          RMS            GMAX         NAME    NUMBER
    305      -6.5885E+04     3.6457E-01     1.2758E+01     CD        327

 BOND    =     4913.3697  ANGLE   =      251.0827  DIHED      =     2019.5466
 VDWAALS =    11897.7257  EEL     =   -91520.9594  HBOND      =        0.0000
 1-4 VDW =      386.0848  1-4 EEL =     6167.9911  RESTRAINT  =        0.0000


   NSTEP       ENERGY          RMS            GMAX         NAME    NUMBER
    310      -6.5893E+04     3.1655E-01     1.6696E+01     NE2      1066

 BOND    =     4914.4761  ANGLE   =      246.4719  DIHED      =     2019.7163
 VDWAALS =    11900.4948  EEL     =   -91529.4803  HBOND      =        0.0000
 1-4 VDW =      386.5330  1-4 EEL =     6168.8071  RESTRAINT  =        0.0000


   NSTEP       ENERGY          RMS            GMAX         NAME    NUMBER
    315      -6.5909E+04     4.1954E-01     1.5896E+01     CD        327

 BOND    =     4909.7258  ANGLE   =      251.8623  DIHED      =     2019.3915
 VDWAALS =    11912.9130  EEL     =   -91559.5900  HBOND      =        0.0000
 1-4 VDW =      386.7570  1-4 EEL =     6170.0796  RESTRAINT  =        0.0000


   NSTEP       ENERGY          RMS            GMAX         NAME    NUMBER
    320      -6.5958E+04     1.3502E+00     7.4116E+01     CD        222

 BOND    =     4984.6196  ANGLE   =      267.1444  DIHED      =     2021.4642
 VDWAALS =    11989.9792  EEL     =   -91779.3924  HBOND      =        0.0000
 1-4 VDW =      386.7716  1-4 EEL =     6171.1313  RESTRAINT  =        0.0000


   NSTEP       ENERGY          RMS            GMAX         NAME    NUMBER
    325      -6.6063E+04     8.3776E-01     2.3118E+01     CD        759

 BOND    =     4975.1943  ANGLE   =      271.6166  DIHED      =     2022.5897
 VDWAALS =    12127.1505  EEL     =   -92014.9075  HBOND      =        0.0000
 1-4 VDW =      385.8510  1-4 EEL =     6169.6064  RESTRAINT  =        0.0000


   NSTEP       ENERGY          RMS            GMAX         NAME    NUMBER
    330      -6.6065E+04     7.8557E-01     2.1319E+01     HB2       571

 BOND    =     4971.5727  ANGLE   =      271.1334  DIHED      =     2022.5676
 VDWAALS =    12127.1319  EEL     =   -92012.6787  HBOND      =        0.0000
 1-4 VDW =      385.8502  1-4 EEL =     6169.5650  RESTRAINT  =        0.0000


   NSTEP       ENERGY          RMS            GMAX         NAME    NUMBER
    335      -6.6126E+04     7.2359E-01     4.2708E+01     CD        222

 BOND    =     4970.9288  ANGLE   =      258.2519  DIHED      =     2020.7824
 VDWAALS =    12126.9351  EEL     =   -92055.5658  HBOND      =        0.0000
 1-4 VDW =      385.0713  1-4 EEL =     6167.9593  RESTRAINT  =        0.0000


   NSTEP       ENERGY          RMS            GMAX         NAME    NUMBER
    340      -6.6142E+04     5.0852E-01     2.7883E+01     H2       5199

 BOND    =     4972.5014  ANGLE   =      252.9652  DIHED      =     2020.1330
 VDWAALS =    12133.1137  EEL     =   -92072.9918  HBOND      =        0.0000
 1-4 VDW =      385.2931  1-4 EEL =     6167.2857  RESTRAINT  =        0.0000


   NSTEP       ENERGY          RMS            GMAX         NAME    NUMBER
    345      -6.6158E+04     4.9939E-01     2.8555E+01     CD        759

 BOND    =     4967.4540  ANGLE   =      252.2984  DIHED      =     2020.1614
 VDWAALS =    12143.9021  EEL     =   -92093.9998  HBOND      =        0.0000
 1-4 VDW =      385.5743  1-4 EEL =     6167.0711  RESTRAINT  =        0.0000


   NSTEP       ENERGY          RMS            GMAX         NAME    NUMBER
    350      -6.6167E+04     4.1922E-01     1.7776E+01     CD        759

 BOND    =     4964.5581  ANGLE   =      254.6193  DIHED      =     2020.5296
 VDWAALS =    12148.3565  EEL     =   -92107.4010  HBOND      =        0.0000
 1-4 VDW =      385.8225  1-4 EEL =     6166.3834  RESTRAINT  =        0.0000


   NSTEP       ENERGY          RMS            GMAX         NAME    NUMBER
    355      -6.6169E+04     3.3326E-01     1.0779E+01     OE1       760

 BOND    =     4961.0950  ANGLE   =      254.1129  DIHED      =     2020.4928
 VDWAALS =    12148.6494  EEL     =   -92105.1135  HBOND      =        0.0000
 1-4 VDW =      385.8218  1-4 EEL =     6166.3894  RESTRAINT  =        0.0000


   NSTEP       ENERGY          RMS            GMAX         NAME    NUMBER
    360      -6.6176E+04     3.0606E-01     1.9932E+01     NE2      1066

 BOND    =     4962.7743  ANGLE   =      249.6559  DIHED      =     2020.6654
 VDWAALS =    12152.2224  EEL     =   -92113.3282  HBOND      =        0.0000
 1-4 VDW =      385.8984  1-4 EEL =     6166.2245  RESTRAINT  =        0.0000


   NSTEP       ENERGY          RMS            GMAX         NAME    NUMBER
    365      -6.6191E+04     3.6210E-01     1.3345E+01     CD       1064

 BOND    =     4963.3186  ANGLE   =      254.3216  DIHED      =     2020.8100
 VDWAALS =    12167.5830  EEL     =   -92148.6141  HBOND      =        0.0000
 1-4 VDW =      385.3328  1-4 EEL =     6166.0105  RESTRAINT  =        0.0000


   NSTEP       ENERGY          RMS            GMAX         NAME    NUMBER
    370      -6.6234E+04     1.0115E+00     5.0958E+01     CD        222

 BOND    =     5001.8815  ANGLE   =      265.5540  DIHED      =     2022.9960
 VDWAALS =    12237.3623  EEL     =   -92310.5546  HBOND      =        0.0000
 1-4 VDW =      384.8589  1-4 EEL =     6164.1761  RESTRAINT  =        0.0000


   NSTEP       ENERGY          RMS            GMAX         NAME    NUMBER
    375      -6.6287E+04     6.1606E-01     1.7210E+01     CA        374

 BOND    =     5005.2066  ANGLE   =      264.7831  DIHED      =     2023.5327
 VDWAALS =    12295.7991  EEL     =   -92424.9668  HBOND      =        0.0000
 1-4 VDW =      384.2629  1-4 EEL =     6164.1434  RESTRAINT  =        0.0000


   NSTEP       ENERGY          RMS            GMAX         NAME    NUMBER
    380      -6.6289E+04     5.5787E-01     1.4745E+01     CA        374

 BOND    =     5000.9360  ANGLE   =      264.4220  DIHED      =     2023.5281
 VDWAALS =    12295.5227  EEL     =   -92421.7581  HBOND      =        0.0000
 1-4 VDW =      384.2715  1-4 EEL =     6164.1320  RESTRAINT  =        0.0000


   NSTEP       ENERGY          RMS            GMAX         NAME    NUMBER
    385      -6.6325E+04     5.0006E-01     1.5925E+01     CD        327

 BOND    =     4995.2314  ANGLE   =      258.5667  DIHED      =     2022.7300
 VDWAALS =    12286.2788  EEL     =   -92436.9337  HBOND      =        0.0000
 1-4 VDW =      384.6518  1-4 EEL =     6164.2845  RESTRAINT  =        0.0000


   NSTEP       ENERGY          RMS            GMAX         NAME    NUMBER
    390      -6.6339E+04     3.8933E-01     1.4793E+01     CD        222

 BOND    =     5002.3695  ANGLE   =      255.4984  DIHED      =     2022.4717
 VDWAALS =    12289.0659  EEL     =   -92457.8434  HBOND      =        0.0000
 1-4 VDW =      385.2906  1-4 EEL =     6164.6137  RESTRAINT  =        0.0000


   NSTEP       ENERGY          RMS            GMAX         NAME    NUMBER
    395      -6.6350E+04     4.5274E-01     2.6853E+01     CD        222

 BOND    =     4996.9750  ANGLE   =      253.5957  DIHED      =     2022.2092
 VDWAALS =    12301.2107  EEL     =   -92474.4520  HBOND      =        0.0000
 1-4 VDW =      385.6717  1-4 EEL =     6164.4007  RESTRAINT  =        0.0000


   NSTEP       ENERGY          RMS            GMAX         NAME    NUMBER
    400      -6.6360E+04     4.3699E-01     1.7960E+01     CD        222

 BOND    =     4997.9701  ANGLE   =      256.8745  DIHED      =     2022.6478
 VDWAALS =    12308.6948  EEL     =   -92494.8553  HBOND      =        0.0000
 1-4 VDW =      385.7543  1-4 EEL =     6163.3885  RESTRAINT  =        0.0000


   NSTEP       ENERGY          RMS            GMAX         NAME    NUMBER
    405      -6.6361E+04     3.4103E-01     8.8662E+00     OE1       760

 BOND    =     4994.4641  ANGLE   =      256.3003  DIHED      =     2022.6180
 VDWAALS =    12308.7644  EEL     =   -92492.3061  HBOND      =        0.0000
 1-4 VDW =      385.7303  1-4 EEL =     6163.4175  RESTRAINT  =        0.0000


   NSTEP       ENERGY          RMS            GMAX         NAME    NUMBER
    410      -6.6369E+04     2.9551E-01     1.5204E+01     NE2      1066

 BOND    =     4993.8292  ANGLE   =      252.1596  DIHED      =     2022.8574
 VDWAALS =    12309.1514  EEL     =   -92495.9161  HBOND      =        0.0000
 1-4 VDW =      385.5778  1-4 EEL =     6163.7881  RESTRAINT  =        0.0000


   NSTEP       ENERGY          RMS            GMAX         NAME    NUMBER
    415      -6.6379E+04     3.3930E-01     1.3032E+01     CD        327

 BOND    =     4989.8190  ANGLE   =      255.9670  DIHED      =     2022.4993
 VDWAALS =    12311.6945  EEL     =   -92508.3020  HBOND      =        0.0000
 1-4 VDW =      385.3180  1-4 EEL =     6163.7741  RESTRAINT  =        0.0000


   NSTEP       ENERGY          RMS            GMAX         NAME    NUMBER
    420      -6.6402E+04     7.9287E-01     4.1198E+01     C        1906

 BOND    =     5018.8614  ANGLE   =      263.1234  DIHED      =     2023.9636
 VDWAALS =    12337.7066  EEL     =   -92594.1748  HBOND      =        0.0000
 1-4 VDW =      384.6032  1-4 EEL =     6163.4238  RESTRAINT  =        0.0000


   NSTEP       ENERGY          RMS            GMAX         NAME    NUMBER
    425      -6.6455E+04     6.1765E-01     1.5932E+01     NZ       1113

 BOND    =     5030.0305  ANGLE   =      268.0179  DIHED      =     2025.6209
 VDWAALS =    12402.9351  EEL     =   -92726.5354  HBOND      =        0.0000
 1-4 VDW =      383.4066  1-4 EEL =     6161.8386  RESTRAINT  =        0.0000


   NSTEP       ENERGY          RMS            GMAX         NAME    NUMBER
    430      -6.6456E+04     5.7236E-01     1.3862E+01     O        6625

 BOND    =     5026.4524  ANGLE   =      267.5682  DIHED      =     2025.5962
 VDWAALS =    12402.8033  EEL     =   -92724.0225  HBOND      =        0.0000
 1-4 VDW =      383.4049  1-4 EEL =     6161.8210  RESTRAINT  =        0.0000


   NSTEP       ENERGY          RMS            GMAX         NAME    NUMBER
    435      -6.6489E+04     5.8714E-01     4.4391E+01     CD        222

 BOND    =     5013.2469  ANGLE   =      259.8080  DIHED      =     2024.7922
 VDWAALS =    12402.4604  EEL     =   -92734.1255  HBOND      =        0.0000
 1-4 VDW =      383.3751  1-4 EEL =     6161.2139  RESTRAINT  =        0.0000


   NSTEP       ENERGY          RMS            GMAX         NAME    NUMBER
    440      -6.6501E+04     4.7514E-01     2.8525E+01     CD        222

 BOND    =     5035.8447  ANGLE   =      256.2114  DIHED      =     2024.4588
 VDWAALS =    12408.2259  EEL     =   -92770.0072  HBOND      =        0.0000
 1-4 VDW =      383.8397  1-4 EEL =     6160.8431  RESTRAINT  =        0.0000


   NSTEP       ENERGY          RMS            GMAX         NAME    NUMBER
    445      -6.6514E+04     2.4922E-01     9.9610E+00     C        1906

 BOND    =     5018.0340  ANGLE   =      254.1688  DIHED      =     2024.6196
 VDWAALS =    12420.0353  EEL     =   -92776.6241  HBOND      =        0.0000
 1-4 VDW =      384.7064  1-4 EEL =     6160.8815  RESTRAINT  =        0.0000


   NSTEP       ENERGY          RMS            GMAX         NAME    NUMBER
    450      -6.6521E+04     4.3592E-01     2.2614E+01     C        1906

 BOND    =     5025.3267  ANGLE   =      257.3656  DIHED      =     2025.1984
 VDWAALS =    12424.6596  EEL     =   -92798.9411  HBOND      =        0.0000
 1-4 VDW =      385.0383  1-4 EEL =     6160.7164  RESTRAINT  =        0.0000


   NSTEP       ENERGY          RMS            GMAX         NAME    NUMBER
    455      -6.6522E+04     3.1759E-01     9.5661E+00     OD2       929

 BOND    =     5020.5184  ANGLE   =      256.7177  DIHED      =     2025.1328
 VDWAALS =    12424.8863  EEL     =   -92795.1662  HBOND      =        0.0000
 1-4 VDW =      385.0269  1-4 EEL =     6160.6890  RESTRAINT  =        0.0000


   NSTEP       ENERGY          RMS            GMAX         NAME    NUMBER
    460      -6.6528E+04     2.8733E-01     1.5126E+01     C        1906

 BOND    =     5022.9602  ANGLE   =      252.8362  DIHED      =     2025.2389
 VDWAALS =    12427.2690  EEL     =   -92801.8505  HBOND      =        0.0000
 1-4 VDW =      384.9636  1-4 EEL =     6160.4123  RESTRAINT  =        0.0000


   NSTEP       ENERGY          RMS            GMAX         NAME    NUMBER
    465      -6.6542E+04     4.5400E-01     2.4991E+01     CD        222

 BOND    =     5008.4382  ANGLE   =      258.4817  DIHED      =     2025.1014
 VDWAALS =    12435.2813  EEL     =   -92813.5602  HBOND      =        0.0000
 1-4 VDW =      384.0358  1-4 EEL =     6160.1322  RESTRAINT  =        0.0000


   NSTEP       ENERGY          RMS            GMAX         NAME    NUMBER
    470      -6.6560E+04     6.8699E-01     5.1223E+01     CD        222

 BOND    =     5048.3933  ANGLE   =      261.6285  DIHED      =     2026.5540
 VDWAALS =    12456.6753  EEL     =   -92896.0333  HBOND      =        0.0000
 1-4 VDW =      383.5606  1-4 EEL =     6159.2796  RESTRAINT  =        0.0000


   NSTEP       ENERGY          RMS            GMAX         NAME    NUMBER
    475      -6.6594E+04     5.0868E-01     1.3478E+01     CD        327

 BOND    =     5046.5013  ANGLE   =      264.6678  DIHED      =     2027.9492
 VDWAALS =    12502.3565  EEL     =   -92977.1811  HBOND      =        0.0000
 1-4 VDW =      383.1065  1-4 EEL =     6158.6924  RESTRAINT  =        0.0000


   NSTEP       ENERGY          RMS            GMAX         NAME    NUMBER
    480      -6.6595E+04     4.6948E-01     1.2028E+01     O        6625

 BOND    =     5043.7276  ANGLE   =      264.3607  DIHED      =     2027.8923
 VDWAALS =    12502.1521  EEL     =   -92975.3841  HBOND      =        0.0000
 1-4 VDW =      383.1086  1-4 EEL =     6158.6646  RESTRAINT  =        0.0000


   NSTEP       ENERGY          RMS            GMAX         NAME    NUMBER
    485      -6.6628E+04     7.4034E-01     5.8394E+01     CD        222

 BOND    =     5033.7993  ANGLE   =      259.7839  DIHED      =     2026.6453
 VDWAALS =    12501.5761  EEL     =   -92991.8615  HBOND      =        0.0000
 1-4 VDW =      383.6382  1-4 EEL =     6158.7062  RESTRAINT  =        0.0000


   NSTEP       ENERGY          RMS            GMAX         NAME    NUMBER
    490      -6.6641E+04     4.3136E-01     2.1535E+01     CD        222

 BOND    =     5058.5262  ANGLE   =      254.6412  DIHED      =     2026.5509
 VDWAALS =    12507.3482  EEL     =   -93030.2059  HBOND      =        0.0000
 1-4 VDW =      384.0560  1-4 EEL =     6158.3207  RESTRAINT  =        0.0000


   NSTEP       ENERGY          RMS            GMAX         NAME    NUMBER
    495      -6.6650E+04     2.2184E-01     8.3452E+00     CD        327

 BOND    =     5042.4865  ANGLE   =      253.5980  DIHED      =     2026.4995
 VDWAALS =    12514.5628  EEL     =   -93029.9701  HBOND      =        0.0000
 1-4 VDW =      384.5537  1-4 EEL =     6158.3791  RESTRAINT  =        0.0000


   NSTEP       ENERGY          RMS            GMAX         NAME    NUMBER
    500      -6.6656E+04     4.4560E-01     2.4444E+01     CD        327

 BOND    =     5056.6043  ANGLE   =      257.2000  DIHED      =     2026.8091
 VDWAALS =    12519.7592  EEL     =   -93058.3660  HBOND      =        0.0000
 1-4 VDW =      384.6397  1-4 EEL =     6157.6393  RESTRAINT  =        0.0000


  Maximum number of minimization cycles reached.


                    FINAL RESULTS



   NSTEP       ENERGY          RMS            GMAX         NAME    NUMBER
    500      -6.6656E+04     4.4560E-01     2.4444E+01     CD        327

 BOND    =     5056.6043  ANGLE   =      257.2000  DIHED      =     2026.8091
 VDWAALS =    12519.7592  EEL     =   -93058.3660  HBOND      =        0.0000
 1-4 VDW =      384.6397  1-4 EEL =     6157.6393  RESTRAINT  =        0.0000
--------------------------------------------------------------------------------
   5.  TIMINGS
--------------------------------------------------------------------------------

|  NonSetup CPU Time in Major Routines:
|
|     Routine           Sec        %
|     ------------------------------
|     Nonbond          26.30   95.41
|     Bond              0.08    0.28
|     Angle             0.11    0.39
|     Dihedral          0.86    3.12
|     Shake             0.00    0.00
|     Other             0.22    0.80
|     ------------------------------
|     Total            27.57

|  PME Nonbond Pairlist CPU Time:
|
|     Routine              Sec        %
|     ---------------------------------
|     Set Up Cit           0.00    0.01
|     Build List           0.40    1.44
|     ---------------------------------
|     Total                0.40    1.45

|  PME Direct Force CPU Time:
|
|     Routine              Sec        %
|     ---------------------------------
|     NonBonded Calc      19.04   69.05
|     Exclude Masked       0.36    1.32
|     Other                0.14    0.52
|     ---------------------------------
|     Total               19.54   70.89

|  PME Reciprocal Force CPU Time:
|
|     Routine              Sec        %
|     ---------------------------------
|     1D bspline           0.42    1.51
|     Grid Charges         0.73    2.66
|     Scalar Sum           1.18    4.28
|     Gradient Sum         0.97    3.51
|     FFT                  3.04   11.03
|     ---------------------------------
|     Total                6.34   22.98

|  Setup CPU time:            0.06 seconds
|  NonSetup CPU time:        27.57 seconds
|  Total CPU time:           27.63 seconds     0.01 hours

|  Setup wall time:           0    seconds
|  NonSetup wall time:       28    seconds
|  Total wall time:          28    seconds     0.01 hours
