
          -------------------------------------------------------
          Amber 16 PMEMD                              2016
          -------------------------------------------------------

| PMEMD implementation of SANDER, Release 16

| Run on 07/03/2017 at 20:05:38

|   Executable path: pmemd
| Working directory: /home/german/obp/run/mu_ctv/mhe/m
|          Hostname: Unknown
  [-O]verwriting output

File Assignments:
|   MDIN: min.in                                                                
|  MDOUT: min.out                                                               
| INPCRD: mu_ctv.rst7                                                           
|   PARM: /home/german/obp/top_files/mu_ctv.prmtop                              
| RESTRT: mmu_ctv.rst7                                                          
|   REFC: mu_ctv.rst7                                                           
|  MDVEL: mdvel                                                                 
|   MDEN: mden                                                                  
|  MDCRD: mmu_ctv.crd                                                           
| MDINFO: mdinfo                                                                
|  MDFRC: mdfrc                                                                 


 Here is the input file:

Minimization with Cartesian restraints                                         
&cntrl                                                                         
imin=1,                                                                        
ntmin=1,                                ! Steepest Descent, then Conjugate Grad
ncyc=100,                               ! 100 steps of Steepest Descent        
maxcyc=500,                             ! 400 steps of Conjugate Gradient      
ntpr=5,                                                                        
ntr=1,                                  ! Use restraints                       
restraint_wt=100.0,                     ! 100 Kcal/mol                         
restraintmask=':1-120',                 ! Apply restraints on whole molecule. M
&end                                                                           


Note: ig = -1. Setting random seed to   222161 based on wallclock time in 
      microseconds.
 
 
| Conditional Compilation Defines Used:
| PUBFFT
| BINTRAJ
| EMIL

| Largest sphere to fit in unit cell has radius =    28.695

| New format PARM file being parsed.
| Version =    1.000 Date = 02/24/15 Time = 11:42:17

| Note: 1-4 EEL scale factors are being read from the topology file.

| Note: 1-4 VDW scale factors are being read from the topology file.
| Duplicated    0 dihedrals

| Duplicated    0 dihedrals

--------------------------------------------------------------------------------
   1.  RESOURCE   USE: 
--------------------------------------------------------------------------------

 getting new box info from bottom of inpcrd
 NATOM  =   18306 NTYPES =      18 NBONH =   17356 MBONA  =     953
 NTHETH =    2237 MTHETA =    1278 NPHIH =    4342 MPHIA  =    4359
 NHPARM =       0 NPARM  =       0 NNB   =   32466 NRES   =    5584
 NBONA  =     953 NTHETA =    1278 NPHIA =    4359 NUMBND =      69
 NUMANG =     147 NPTRA  =     245 NATYP =      40 NPHB   =       1
 IFBOX  =       1 NMXRS  =      26 IFCAP =       0 NEXTRA =       0
 NCOPY  =       0

| Coordinate Index Table dimensions:    13   15   12
| Direct force subcell size =     4.6836    4.5204    4.7826

     BOX TYPE: RECTILINEAR

--------------------------------------------------------------------------------
   2.  CONTROL  DATA  FOR  THE  RUN
--------------------------------------------------------------------------------

default_name                                                                    

General flags:
     imin    =       1, nmropt  =       0

Nature and format of input:
     ntx     =       1, irest   =       0, ntrx    =       1

Nature and format of output:
     ntxo    =       2, ntpr    =       5, ntrx    =       1, ntwr    =       1
     iwrap   =       0, ntwx    =       0, ntwv    =       0, ntwe    =       0
     ioutfm  =       1, ntwprt  =       0, idecomp =       0, rbornstat=      0

Potential function:
     ntf     =       1, ntb     =       1, igb     =       0, nsnb    =      25
     ipol    =       0, gbsa    =       0, iesp    =       0
     dielc   =   1.00000, cut     =   8.00000, intdiel =   1.00000

Frozen or restrained atoms:
     ibelly  =       0, ntr     =       1
     restraint_wt = 100.00000

Energy minimization:
     maxcyc  =     500, ncyc    =     100, ntmin   =       1
     dx0     =   0.01000, drms    =   0.00010

| Intermolecular bonds treatment:
|     no_intermolecular_bonds =       1

| Energy averages sample interval:
|     ene_avg_sampling =       1

Ewald parameters:
     verbose =       0, ew_type =       0, nbflag  =       1, use_pme =       1
     vdwmeth =       1, eedmeth =       1, netfrc  =       0
     Box X =   60.887   Box Y =   67.806   Box Z =   57.391
     Alpha =   90.000   Beta  =   90.000   Gamma =   90.000
     NFFT1 =   64       NFFT2 =   72       NFFT3 =   60
     Cutoff=    8.000   Tol   =0.100E-04
     Ewald Coefficient =  0.34864
     Interpolation order =    4

    LOADING THE CONSTRAINED ATOMS AS GROUPS


   5.  REFERENCE ATOM COORDINATES

  default_name                                                                    
     Mask :1-120; matches  1920 atoms

--------------------------------------------------------------------------------
   3.  ATOMIC COORDINATES AND VELOCITIES
--------------------------------------------------------------------------------

default_name                                                                    
 begin time read from input coords =     0.000 ps

 
 Number of triangulated 3-point waters found:     5461

     Sum of charges from parm topology file =   0.00000094
     Forcing neutrality...

| Dynamic Memory, Types Used:
| Reals              601795
| Integers           595369

| Nonbonded Pairs Initial Allocation:     3057559

--------------------------------------------------------------------------------
   4.  RESULTS
--------------------------------------------------------------------------------

 ---------------------------------------------------
 APPROXIMATING switch and d/dx switch using CUBIC SPLINE INTERPOLATION
 using   5000.0 points per unit in tabled values
 TESTING RELATIVE ERROR over r ranging from 0.0 to cutoff
| CHECK switch(x): max rel err =   0.2738E-14   at   2.422500
| CHECK d/dx switch(x): max rel err =   0.8332E-11   at   2.782960
 ---------------------------------------------------
|---------------------------------------------------
| APPROXIMATING direct energy using CUBIC SPLINE INTERPOLATION
|  with   50.0 points per unit in tabled values
| Relative Error Limit not exceeded for r .gt.   2.47
| APPROXIMATING direct force using CUBIC SPLINE INTERPOLATION
|  with   50.0 points per unit in tabled values
| Relative Error Limit not exceeded for r .gt.   2.89
|---------------------------------------------------


   NSTEP       ENERGY          RMS            GMAX         NAME    NUMBER
      1      -4.1048E+04     1.5858E+02     1.5498E+04     HD12      890

 BOND    =      366.0421  ANGLE   =      274.6283  DIHED      =     2168.0024
 VDWAALS =    10581.0650  EEL     =   -61323.4165  HBOND      =        0.0000
 1-4 VDW =      448.9629  1-4 EEL =     6437.1784  RESTRAINT  =        0.0000


   NSTEP       ENERGY          RMS            GMAX         NAME    NUMBER
      5      -4.2783E+04     8.4894E+01     6.7487E+03     HD12      890

 BOND    =      362.5312  ANGLE   =      274.4080  DIHED      =     2168.0870
 VDWAALS =     8864.9093  EEL     =   -61339.0358  HBOND      =        0.0000
 1-4 VDW =      449.0227  1-4 EEL =     6437.1574  RESTRAINT  =        0.4087
 EAMBER  =   -42782.9204


   NSTEP       ENERGY          RMS            GMAX         NAME    NUMBER
     10      -4.5071E+04     3.4263E+01     2.4245E+03     HG11     1129

 BOND    =      343.8376  ANGLE   =      273.4446  DIHED      =     2168.2414
 VDWAALS =     6689.0173  EEL     =   -61437.7430  HBOND      =        0.0000
 1-4 VDW =      449.1963  1-4 EEL =     6437.0433  RESTRAINT  =        5.7720
 EAMBER  =   -45076.9626


   NSTEP       ENERGY          RMS            GMAX         NAME    NUMBER
     15      -4.7212E+04     1.2778E+01     4.7431E+02     HG11     1129

 BOND    =      311.7010  ANGLE   =      266.4394  DIHED      =     2167.4414
 VDWAALS =     5166.7549  EEL     =   -62047.0568  HBOND      =        0.0000
 1-4 VDW =      449.4792  1-4 EEL =     6436.0656  RESTRAINT  =       37.5894
 EAMBER  =   -47249.1753


   NSTEP       ENERGY          RMS            GMAX         NAME    NUMBER
     20      -4.9436E+04     5.6806E+00     8.6017E+01     CG1      1128

 BOND    =     1027.9520  ANGLE   =      245.9975  DIHED      =     2161.5964
 VDWAALS =     4536.4723  EEL     =   -64408.8172  HBOND      =        0.0000
 1-4 VDW =      449.5874  1-4 EEL =     6428.2058  RESTRAINT  =      123.1915
 EAMBER  =   -49559.0057


   NSTEP       ENERGY          RMS            GMAX         NAME    NUMBER
     25      -5.1784E+04     2.6798E+00     3.4659E+01     Na+      1921

 BOND    =     2678.7430  ANGLE   =      221.3721  DIHED      =     2152.4476
 VDWAALS =     4258.2475  EEL     =   -68172.7637  HBOND      =        0.0000
 1-4 VDW =      447.7608  1-4 EEL =     6395.4462  RESTRAINT  =      235.0341
 EAMBER  =   -52018.7465


   NSTEP       ENERGY          RMS            GMAX         NAME    NUMBER
     30      -5.2968E+04     9.6473E+00     1.3382E+03     C10      1905

 BOND    =     3156.3681  ANGLE   =      216.8835  DIHED      =     2149.4665
 VDWAALS =     4280.3909  EEL     =   -69911.6534  HBOND      =        0.0000
 1-4 VDW =      446.3228  1-4 EEL =     6384.6045  RESTRAINT  =      309.5304
 EAMBER  =   -53277.6171


   NSTEP       ENERGY          RMS            GMAX         NAME    NUMBER
     35      -5.4000E+04     2.9622E+00     3.2020E+02     C10      1905

 BOND    =     2957.4448  ANGLE   =      215.2135  DIHED      =     2149.0359
 VDWAALS =     4309.2246  EEL     =   -70729.6227  HBOND      =        0.0000
 1-4 VDW =      446.0081  1-4 EEL =     6383.9826  RESTRAINT  =      268.4583
 EAMBER  =   -54268.7133


   NSTEP       ENERGY          RMS            GMAX         NAME    NUMBER
     40      -5.4491E+04     2.4253E+00     2.3922E+02     C10      1905

 BOND    =     2948.7795  ANGLE   =      214.7279  DIHED      =     2148.8149
 VDWAALS =     4346.8677  EEL     =   -71250.5383  HBOND      =        0.0000
 1-4 VDW =      445.8372  1-4 EEL =     6383.6473  RESTRAINT  =      270.6294
 EAMBER  =   -54761.8639


   NSTEP       ENERGY          RMS            GMAX         NAME    NUMBER
     45      -5.4937E+04     2.4864E+00     2.6944E+02     C10      1905

 BOND    =     2990.4793  ANGLE   =      214.7992  DIHED      =     2148.6524
 VDWAALS =     4389.6762  EEL     =   -71781.0230  HBOND      =        0.0000
 1-4 VDW =      445.7273  1-4 EEL =     6383.4575  RESTRAINT  =      271.2361
 EAMBER  =   -55208.2311


   NSTEP       ENERGY          RMS            GMAX         NAME    NUMBER
     50      -5.5239E+04     4.3691E+00     5.8955E+02     C10      1905

 BOND    =     3101.6542  ANGLE   =      215.6768  DIHED      =     2148.5549
 VDWAALS =     4431.3015  EEL     =   -72235.6939  HBOND      =        0.0000
 1-4 VDW =      445.7148  1-4 EEL =     6383.4036  RESTRAINT  =      269.9995
 EAMBER  =   -55509.3881


   NSTEP       ENERGY          RMS            GMAX         NAME    NUMBER
     55      -5.5558E+04     4.8789E+00     6.7191E+02     C10      1905

 BOND    =     3162.3229  ANGLE   =      216.0058  DIHED      =     2148.4826
 VDWAALS =     4474.9926  EEL     =   -72658.6010  HBOND      =        0.0000
 1-4 VDW =      445.6842  1-4 EEL =     6383.3804  RESTRAINT  =      270.1373
 EAMBER  =   -55827.7323


   NSTEP       ENERGY          RMS            GMAX         NAME    NUMBER
     60      -5.5831E+04     4.7030E+00     6.4811E+02     C10      1905

 BOND    =     3179.5628  ANGLE   =      216.0225  DIHED      =     2148.4331
 VDWAALS =     4512.2126  EEL     =   -72986.2945  HBOND      =        0.0000
 1-4 VDW =      445.6537  1-4 EEL =     6383.3949  RESTRAINT  =      270.1855
 EAMBER  =   -56101.0149


   NSTEP       ENERGY          RMS            GMAX         NAME    NUMBER
     65      -5.6199E+04     1.4185E+00     7.6818E+01     C10      1905

 BOND    =     3085.1853  ANGLE   =      214.5599  DIHED      =     2148.3657
 VDWAALS =     4551.9723  EEL     =   -73303.8300  HBOND      =        0.0000
 1-4 VDW =      445.5219  1-4 EEL =     6383.3234  RESTRAINT  =      276.2706
 EAMBER  =   -56474.9015


   NSTEP       ENERGY          RMS            GMAX         NAME    NUMBER
     70      -5.6308E+04     5.1185E+00     7.1496E+02     C10      1905

 BOND    =     3254.4951  ANGLE   =      216.4114  DIHED      =     2148.3522
 VDWAALS =     4593.1213  EEL     =   -73619.9605  HBOND      =        0.0000
 1-4 VDW =      445.6441  1-4 EEL =     6383.4738  RESTRAINT  =      270.1561
 EAMBER  =   -56578.4626


   NSTEP       ENERGY          RMS            GMAX         NAME    NUMBER
     75      -5.6670E+04     1.5093E+00     1.3061E+02     C10      1905

 BOND    =     3135.2475  ANGLE   =      214.6873  DIHED      =     2148.2893
 VDWAALS =     4635.3441  EEL     =   -73909.6226  HBOND      =        0.0000
 1-4 VDW =      445.5058  1-4 EEL =     6383.3848  RESTRAINT  =      277.1119
 EAMBER  =   -56947.1638


   NSTEP       ENERGY          RMS            GMAX         NAME    NUMBER
     80      -5.6853E+04     1.2336E+00     5.6999E+01     C10      1905

 BOND    =     3150.8919  ANGLE   =      214.7715  DIHED      =     2148.2612
 VDWAALS =     4670.8678  EEL     =   -74142.8386  HBOND      =        0.0000
 1-4 VDW =      445.5156  1-4 EEL =     6383.4167  RESTRAINT  =      275.7362
 EAMBER  =   -57129.1139


   NSTEP       ENERGY          RMS            GMAX         NAME    NUMBER
     85      -5.7051E+04     1.2064E+00     6.2023E+01     C10      1905

 BOND    =     3171.4749  ANGLE   =      214.7961  DIHED      =     2148.2309
 VDWAALS =     4712.8671  EEL     =   -74402.7381  HBOND      =        0.0000
 1-4 VDW =      445.5234  1-4 EEL =     6383.4297  RESTRAINT  =      275.7283
 EAMBER  =   -57326.4161


   NSTEP       ENERGY          RMS            GMAX         NAME    NUMBER
     90      -5.7232E+04     2.3656E+00     3.0292E+02     C10      1905

 BOND    =     3212.7084  ANGLE   =      214.7276  DIHED      =     2148.1936
 VDWAALS =     4760.0886  EEL     =   -74677.3933  HBOND      =        0.0000
 1-4 VDW =      445.5203  1-4 EEL =     6383.3902  RESTRAINT  =      280.3026
 EAMBER  =   -57512.7646


   NSTEP       ENERGY          RMS            GMAX         NAME    NUMBER
     95      -5.7408E+04     1.4754E+00     1.4881E+02     C10      1905

 BOND    =     3213.7463  ANGLE   =      214.7615  DIHED      =     2148.1750
 VDWAALS =     4798.3535  EEL     =   -74889.0431  HBOND      =        0.0000
 1-4 VDW =      445.5398  1-4 EEL =     6383.4080  RESTRAINT  =      277.1326
 EAMBER  =   -57685.0589


   NSTEP       ENERGY          RMS            GMAX         NAME    NUMBER
    100      -5.7573E+04     1.6212E+00     1.8148E+02     C10      1905

 BOND    =     3234.5728  ANGLE   =      214.7463  DIHED      =     2148.1458
 VDWAALS =     4842.1175  EEL     =   -75119.6164  HBOND      =        0.0000
 1-4 VDW =      445.5501  1-4 EEL =     6383.3854  RESTRAINT  =      277.6846
 EAMBER  =   -57851.0986


   NSTEP       ENERGY          RMS            GMAX         NAME    NUMBER
    105      -5.7652E+04     1.0568E+00     4.5173E+01     C10      1905

 BOND    =     3236.1209  ANGLE   =      214.8259  DIHED      =     2148.1371
 VDWAALS =     4861.1524  EEL     =   -75216.8230  HBOND      =        0.0000
 1-4 VDW =      445.5660  1-4 EEL =     6383.3987  RESTRAINT  =      275.2529
 EAMBER  =   -57927.6219


   NSTEP       ENERGY          RMS            GMAX         NAME    NUMBER
    110      -5.9495E+04     4.1980E+00     2.2142E+02     Na+      1921

 BOND    =     4090.3317  ANGLE   =      216.6408  DIHED      =     2147.4576
 VDWAALS =     6774.7440  EEL     =   -79832.9662  HBOND      =        0.0000
 1-4 VDW =      446.2173  1-4 EEL =     6383.1996  RESTRAINT  =      279.2029
 EAMBER  =   -59774.3752


   NSTEP       ENERGY          RMS            GMAX         NAME    NUMBER
    115      -5.9866E+04     1.7639E+00     1.4226E+02     CG        471

 BOND    =     3641.6661  ANGLE   =      215.9101  DIHED      =     2147.4263
 VDWAALS =     6392.6070  EEL     =   -79376.4682  HBOND      =        0.0000
 1-4 VDW =      447.2948  1-4 EEL =     6385.5786  RESTRAINT  =      280.2116
 EAMBER  =   -60145.9852


   NSTEP       ENERGY          RMS            GMAX         NAME    NUMBER
    120      -6.0411E+04     3.7281E+00     3.8215E+02     Na+      1922

 BOND    =     3666.6156  ANGLE   =      251.0692  DIHED      =     2148.7149
 VDWAALS =     6505.8723  EEL     =   -80116.8297  HBOND      =        0.0000
 1-4 VDW =      444.9037  1-4 EEL =     6381.0037  RESTRAINT  =      307.8476
 EAMBER  =   -60718.6504


   NSTEP       ENERGY          RMS            GMAX         NAME    NUMBER
    125      -6.0767E+04     2.3613E+00     1.2545E+02     C10      1905

 BOND    =     3992.1241  ANGLE   =      241.2132  DIHED      =     2149.4912
 VDWAALS =     6538.0541  EEL     =   -80829.3114  HBOND      =        0.0000
 1-4 VDW =      445.8364  1-4 EEL =     6379.0945  RESTRAINT  =      316.1560
 EAMBER  =   -61083.4980


   NSTEP       ENERGY          RMS            GMAX         NAME    NUMBER
    130      -6.0771E+04     2.3002E+00     1.1852E+02     C10      1905

 BOND    =     3985.1325  ANGLE   =      240.7170  DIHED      =     2149.4648
 VDWAALS =     6538.3640  EEL     =   -80825.1704  HBOND      =        0.0000
 1-4 VDW =      445.8291  1-4 EEL =     6379.1009  RESTRAINT  =      315.6783
 EAMBER  =   -61086.5621


   NSTEP       ENERGY          RMS            GMAX         NAME    NUMBER
    135      -6.0973E+04     1.8347E+00     1.0543E+02     C10      1905

 BOND    =     3745.2826  ANGLE   =      217.7500  DIHED      =     2148.0281
 VDWAALS =     6610.7046  EEL     =   -80800.5328  HBOND      =        0.0000
 1-4 VDW =      446.0916  1-4 EEL =     6382.5120  RESTRAINT  =      276.9051
 EAMBER  =   -61250.1640


   NSTEP       ENERGY          RMS            GMAX         NAME    NUMBER
    140      -6.1158E+04     1.7076E+00     1.0026E+02     C        1892

 BOND    =     3836.9590  ANGLE   =      221.0324  DIHED      =     2148.2129
 VDWAALS =     6753.7637  EEL     =   -81240.3877  HBOND      =        0.0000
 1-4 VDW =      448.7541  1-4 EEL =     6386.1432  RESTRAINT  =      287.6480
 EAMBER  =   -61445.5224


   NSTEP       ENERGY          RMS            GMAX         NAME    NUMBER
    145      -6.1342E+04     3.4549E+00     2.3303E+02     C10      1905

 BOND    =     3951.2574  ANGLE   =      236.5143  DIHED      =     2149.5254
 VDWAALS =     7084.1179  EEL     =   -81885.1263  HBOND      =        0.0000
 1-4 VDW =      445.5404  1-4 EEL =     6379.3363  RESTRAINT  =      296.9995
 EAMBER  =   -61638.8345


   NSTEP       ENERGY          RMS            GMAX         NAME    NUMBER
    150      -6.1564E+04     2.5011E+00     1.9681E+02     CA       1877

 BOND    =     3896.8935  ANGLE   =      244.1996  DIHED      =     2149.2175
 VDWAALS =     7149.2736  EEL     =   -82126.7167  HBOND      =        0.0000
 1-4 VDW =      445.4932  1-4 EEL =     6378.4923  RESTRAINT  =      299.0797
 EAMBER  =   -61863.1471


   NSTEP       ENERGY          RMS            GMAX         NAME    NUMBER
    155      -6.1570E+04     2.4061E+00     1.8919E+02     CA       1877

 BOND    =     3892.7796  ANGLE   =      243.1639  DIHED      =     2149.1665
 VDWAALS =     7148.6202  EEL     =   -82125.8207  HBOND      =        0.0000
 1-4 VDW =      445.4877  1-4 EEL =     6378.5094  RESTRAINT  =      298.4825
 EAMBER  =   -61868.0934


   NSTEP       ENERGY          RMS            GMAX         NAME    NUMBER
    160      -6.1707E+04     1.7095E+00     1.7340E+02     C10      1905

 BOND    =     3921.4386  ANGLE   =      219.7157  DIHED      =     2147.3403
 VDWAALS =     7123.9641  EEL     =   -82227.1868  HBOND      =        0.0000
 1-4 VDW =      445.8083  1-4 EEL =     6383.2564  RESTRAINT  =      278.6981
 EAMBER  =   -61985.6634


   NSTEP       ENERGY          RMS            GMAX         NAME    NUMBER
    165      -6.1780E+04     1.4031E+00     1.3505E+02     C        1892

 BOND    =     3886.0148  ANGLE   =      223.0634  DIHED      =     2148.0742
 VDWAALS =     7125.8448  EEL     =   -82277.4400  HBOND      =        0.0000
 1-4 VDW =      447.1500  1-4 EEL =     6384.9634  RESTRAINT  =      282.1388
 EAMBER  =   -62062.3295


   NSTEP       ENERGY          RMS            GMAX         NAME    NUMBER
    170      -6.2076E+04     2.2842E+00     2.2258E+02     C10      1905

 BOND    =     3948.1085  ANGLE   =      223.7922  DIHED      =     2147.9676
 VDWAALS =     7378.1750  EEL     =   -82908.1471  HBOND      =        0.0000
 1-4 VDW =      444.8539  1-4 EEL =     6382.0744  RESTRAINT  =      306.7154
 EAMBER  =   -62383.1755


   NSTEP       ENERGY          RMS            GMAX         NAME    NUMBER
    175      -6.2287E+04     2.2029E+00     1.2088E+02     OD1       472

 BOND    =     4014.8812  ANGLE   =      233.9529  DIHED      =     2148.9018
 VDWAALS =     7620.0710  EEL     =   -83441.9692  HBOND      =        0.0000
 1-4 VDW =      446.2013  1-4 EEL =     6380.9877  RESTRAINT  =      310.4577
 EAMBER  =   -62596.9733


   NSTEP       ENERGY          RMS            GMAX         NAME    NUMBER
    180      -6.2292E+04     2.1161E+00     1.1735E+02     OD1       472

 BOND    =     4013.6018  ANGLE   =      233.2614  DIHED      =     2148.8598
 VDWAALS =     7620.2875  EEL     =   -83444.6985  HBOND      =        0.0000
 1-4 VDW =      446.1861  1-4 EEL =     6381.0097  RESTRAINT  =      309.7273
 EAMBER  =   -62601.4921


   NSTEP       ENERGY          RMS            GMAX         NAME    NUMBER
    185      -6.2461E+04     1.8045E+00     1.5569E+02     C10      1905

 BOND    =     3954.4509  ANGLE   =      223.8546  DIHED      =     2148.3772
 VDWAALS =     7684.4065  EEL     =   -83579.4511  HBOND      =        0.0000
 1-4 VDW =      445.6612  1-4 EEL =     6384.0520  RESTRAINT  =      277.7837
 EAMBER  =   -62738.6486


   NSTEP       ENERGY          RMS            GMAX         NAME    NUMBER
    190      -6.2598E+04     1.4107E+00     9.1728E+01     C        1892

 BOND    =     4108.2870  ANGLE   =      221.1955  DIHED      =     2148.3198
 VDWAALS =     7820.6299  EEL     =   -84009.2814  HBOND      =        0.0000
 1-4 VDW =      446.4642  1-4 EEL =     6385.2407  RESTRAINT  =      281.4782
 EAMBER  =   -62879.1444


   NSTEP       ENERGY          RMS            GMAX         NAME    NUMBER
    195      -6.2702E+04     1.0459E+00     6.0002E+01     C10      1905

 BOND    =     4063.1611  ANGLE   =      215.4520  DIHED      =     2147.3587
 VDWAALS =     7992.5181  EEL     =   -84225.9557  HBOND      =        0.0000
 1-4 VDW =      445.8830  1-4 EEL =     6381.9328  RESTRAINT  =      277.6799
 EAMBER  =   -62979.6499


   NSTEP       ENERGY          RMS            GMAX         NAME    NUMBER
    200      -6.2782E+04     1.7376E+00     1.3169E+02     C10      1905

 BOND    =     4083.9657  ANGLE   =      227.1451  DIHED      =     2148.1718
 VDWAALS =     8152.7965  EEL     =   -84506.5811  HBOND      =        0.0000
 1-4 VDW =      445.6141  1-4 EEL =     6379.9824  RESTRAINT  =      286.8207
 EAMBER  =   -63068.9056


   NSTEP       ENERGY          RMS            GMAX         NAME    NUMBER
    205      -6.2785E+04     1.6477E+00     1.1921E+02     C10      1905

 BOND    =     4081.9633  ANGLE   =      226.6546  DIHED      =     2148.1428
 VDWAALS =     8152.3466  EEL     =   -84506.4368  HBOND      =        0.0000
 1-4 VDW =      445.6201  1-4 EEL =     6380.0241  RESTRAINT  =      286.3014
 EAMBER  =   -63071.6853


   NSTEP       ENERGY          RMS            GMAX         NAME    NUMBER
    210      -6.2874E+04     9.1999E-01     4.5184E+01     OXT      1894

 BOND    =     4136.2072  ANGLE   =      216.7435  DIHED      =     2147.7617
 VDWAALS =     8119.4055  EEL     =   -84599.2025  HBOND      =        0.0000
 1-4 VDW =      445.8896  1-4 EEL =     6384.4982  RESTRAINT  =      274.5727
 EAMBER  =   -63148.6969


   NSTEP       ENERGY          RMS            GMAX         NAME    NUMBER
    215      -6.2937E+04     1.2856E+00     8.4816E+01     O        1893

 BOND    =     4102.1408  ANGLE   =      219.5218  DIHED      =     2147.7495
 VDWAALS =     8112.1525  EEL     =   -84630.8850  HBOND      =        0.0000
 1-4 VDW =      446.2507  1-4 EEL =     6384.8191  RESTRAINT  =      280.7944
 EAMBER  =   -63218.2507


   NSTEP       ENERGY          RMS            GMAX         NAME    NUMBER
    220      -6.3095E+04     1.2268E+00     6.7079E+01     CB        468

 BOND    =     4136.4857  ANGLE   =      218.9955  DIHED      =     2147.8074
 VDWAALS =     8236.5919  EEL     =   -84940.4638  HBOND      =        0.0000
 1-4 VDW =      445.1403  1-4 EEL =     6380.5388  RESTRAINT  =      279.7969
 EAMBER  =   -63374.9043


   NSTEP       ENERGY          RMS            GMAX         NAME    NUMBER
    225      -6.3285E+04     2.8623E+00     1.8551E+02     C         474

 BOND    =     4214.5705  ANGLE   =      241.8655  DIHED      =     2152.4166
 VDWAALS =     8566.0199  EEL     =   -85594.0338  HBOND      =        0.0000
 1-4 VDW =      446.2859  1-4 EEL =     6382.7405  RESTRAINT  =      305.4016
 EAMBER  =   -63590.1349


   NSTEP       ENERGY          RMS            GMAX         NAME    NUMBER
    230      -6.3297E+04     2.6626E+00     1.6886E+02     C         474

 BOND    =     4210.9962  ANGLE   =      239.9397  DIHED      =     2152.1796
 VDWAALS =     8565.9571  EEL     =   -85599.2107  HBOND      =        0.0000
 1-4 VDW =      446.2789  1-4 EEL =     6382.7481  RESTRAINT  =      304.3356
 EAMBER  =   -63601.1111


   NSTEP       ENERGY          RMS            GMAX         NAME    NUMBER
    235      -6.3445E+04     1.5831E+00     1.4387E+02     C10      1905

 BOND    =     4185.1011  ANGLE   =      218.6131  DIHED      =     2148.2389
 VDWAALS =     8595.7782  EEL     =   -85702.2980  HBOND      =        0.0000
 1-4 VDW =      445.8733  1-4 EEL =     6383.0158  RESTRAINT  =      280.3161
 EAMBER  =   -63725.6777


   NSTEP       ENERGY          RMS            GMAX         NAME    NUMBER
    240      -6.3526E+04     1.1829E+00     9.6078E+01     CD        521

 BOND    =     4251.1118  ANGLE   =      219.1126  DIHED      =     2148.5715
 VDWAALS =     8671.7274  EEL     =   -85926.3010  HBOND      =        0.0000
 1-4 VDW =      445.7613  1-4 EEL =     6384.1331  RESTRAINT  =      280.3824
 EAMBER  =   -63805.8833


   NSTEP       ENERGY          RMS            GMAX         NAME    NUMBER
    245      -6.3614E+04     9.4440E-01     6.1389E+01     C10      1905

 BOND    =     4268.5036  ANGLE   =      216.6319  DIHED      =     2148.0764
 VDWAALS =     8818.7192  EEL     =   -86172.0514  HBOND      =        0.0000
 1-4 VDW =      445.6519  1-4 EEL =     6383.0617  RESTRAINT  =      277.3035
 EAMBER  =   -63891.4067


   NSTEP       ENERGY          RMS            GMAX         NAME    NUMBER
    250      -6.3663E+04     9.3878E-01     5.0166E+01     OE2       523

 BOND    =     4241.2212  ANGLE   =      220.2770  DIHED      =     2147.2570
 VDWAALS =     8915.0521  EEL     =   -86292.6298  HBOND      =        0.0000
 1-4 VDW =      445.4204  1-4 EEL =     6382.4020  RESTRAINT  =      277.9750
 EAMBER  =   -63941.0000


   NSTEP       ENERGY          RMS            GMAX         NAME    NUMBER
    255      -6.3665E+04     8.8336E-01     4.5071E+01     OE2       523

 BOND    =     4242.0724  ANGLE   =      219.9480  DIHED      =     2147.2544
 VDWAALS =     8914.9773  EEL     =   -86294.5976  HBOND      =        0.0000
 1-4 VDW =      445.4331  1-4 EEL =     6382.4043  RESTRAINT  =      277.6649
 EAMBER  =   -63942.5080


   NSTEP       ENERGY          RMS            GMAX         NAME    NUMBER
    260      -6.3725E+04     1.0197E+00     6.9226E+01     C10      1905

 BOND    =     4300.3329  ANGLE   =      219.7467  DIHED      =     2147.8953
 VDWAALS =     8894.3655  EEL     =   -86393.7799  HBOND      =        0.0000
 1-4 VDW =      445.8171  1-4 EEL =     6384.7840  RESTRAINT  =      276.2221
 EAMBER  =   -64000.8383


   NSTEP       ENERGY          RMS            GMAX         NAME    NUMBER
    265      -6.3779E+04     1.0721E+00     8.9983E+01     CD        521

 BOND    =     4285.6402  ANGLE   =      220.1718  DIHED      =     2147.5716
 VDWAALS =     8882.8974  EEL     =   -86427.1969  HBOND      =        0.0000
 1-4 VDW =      445.8705  1-4 EEL =     6384.2340  RESTRAINT  =      281.3459
 EAMBER  =   -64060.8114


   NSTEP       ENERGY          RMS            GMAX         NAME    NUMBER
    270      -6.3892E+04     1.1126E+00     8.2774E+01     CD        521

 BOND    =     4289.5770  ANGLE   =      219.1445  DIHED      =     2147.4600
 VDWAALS =     8972.2285  EEL     =   -86627.6440  HBOND      =        0.0000
 1-4 VDW =      445.4530  1-4 EEL =     6382.4721  RESTRAINT  =      279.4279
 EAMBER  =   -64171.3090


   NSTEP       ENERGY          RMS            GMAX         NAME    NUMBER
    275      -6.4082E+04     3.2299E+00     2.2504E+02     C        1892

 BOND    =     4595.5512  ANGLE   =      251.7354  DIHED      =     2151.4299
 VDWAALS =     9294.6034  EEL     =   -87517.0617  HBOND      =        0.0000
 1-4 VDW =      448.0491  1-4 EEL =     6383.2362  RESTRAINT  =      310.7707
 EAMBER  =   -64392.4567


   NSTEP       ENERGY          RMS            GMAX         NAME    NUMBER
    280      -6.4098E+04     2.9895E+00     2.0297E+02     C        1892

 BOND    =     4571.3362  ANGLE   =      248.7387  DIHED      =     2151.2550
 VDWAALS =     9295.0225  EEL     =   -87504.5000  HBOND      =        0.0000
 1-4 VDW =      447.9903  1-4 EEL =     6383.2292  RESTRAINT  =      309.1651
 EAMBER  =   -64406.9280


   NSTEP       ENERGY          RMS            GMAX         NAME    NUMBER
    285      -6.4272E+04     9.2097E-01     4.2458E+01     Na+      1922

 BOND    =     4403.7542  ANGLE   =      216.5461  DIHED      =     2147.6528
 VDWAALS =     9326.9772  EEL     =   -87473.6494  HBOND      =        0.0000
 1-4 VDW =      445.8673  1-4 EEL =     6383.3775  RESTRAINT  =      277.0646
 EAMBER  =   -64549.4743


   NSTEP       ENERGY          RMS            GMAX         NAME    NUMBER
    290      -6.4341E+04     1.2117E+00     1.2062E+02     C10      1905

 BOND    =     4393.6193  ANGLE   =      219.7269  DIHED      =     2148.1728
 VDWAALS =     9388.0021  EEL     =   -87596.7141  HBOND      =        0.0000
 1-4 VDW =      445.2803  1-4 EEL =     6383.3563  RESTRAINT  =      277.5999
 EAMBER  =   -64618.5564


   NSTEP       ENERGY          RMS            GMAX         NAME    NUMBER
    295      -6.4411E+04     7.3963E-01     4.4022E+01     C        1892

 BOND    =     4409.7114  ANGLE   =      216.7737  DIHED      =     2147.7563
 VDWAALS =     9488.7940  EEL     =   -87778.6262  HBOND      =        0.0000
 1-4 VDW =      445.7483  1-4 EEL =     6383.7512  RESTRAINT  =      275.3551
 EAMBER  =   -64686.0913


   NSTEP       ENERGY          RMS            GMAX         NAME    NUMBER
    300      -6.4451E+04     8.5837E-01     7.5967E+01     C        1892

 BOND    =     4399.8678  ANGLE   =      218.7942  DIHED      =     2147.2606
 VDWAALS =     9570.4202  EEL     =   -87893.1121  HBOND      =        0.0000
 1-4 VDW =      445.7546  1-4 EEL =     6383.4167  RESTRAINT  =      276.9851
 EAMBER  =   -64727.5980


   NSTEP       ENERGY          RMS            GMAX         NAME    NUMBER
    305      -6.4453E+04     7.8233E-01     6.2655E+01     C        1892

 BOND    =     4400.5845  ANGLE   =      218.3702  DIHED      =     2147.2547
 VDWAALS =     9570.1503  EEL     =   -87894.9343  HBOND      =        0.0000
 1-4 VDW =      445.7599  1-4 EEL =     6383.3894  RESTRAINT  =      276.7518
 EAMBER  =   -64729.4253


   NSTEP       ENERGY          RMS            GMAX         NAME    NUMBER
    310      -6.4503E+04     9.0390E-01     6.0798E+01     C        1892

 BOND    =     4444.5409  ANGLE   =      220.6569  DIHED      =     2147.9209
 VDWAALS =     9550.7401  EEL     =   -87974.5811  HBOND      =        0.0000
 1-4 VDW =      445.4058  1-4 EEL =     6383.7087  RESTRAINT  =      278.7478
 EAMBER  =   -64781.6079


   NSTEP       ENERGY          RMS            GMAX         NAME    NUMBER
    315      -6.4541E+04     1.1186E+00     9.4624E+01     C10      1905

 BOND    =     4423.4228  ANGLE   =      220.0073  DIHED      =     2147.5573
 VDWAALS =     9553.5448  EEL     =   -87995.9719  HBOND      =        0.0000
 1-4 VDW =      445.2435  1-4 EEL =     6383.2764  RESTRAINT  =      282.2279
 EAMBER  =   -64822.9198


   NSTEP       ENERGY          RMS            GMAX         NAME    NUMBER
    320      -6.4647E+04     1.2993E+00     1.0104E+02     CD        521

 BOND    =     4447.0435  ANGLE   =      219.2576  DIHED      =     2147.3456
 VDWAALS =     9639.9280  EEL     =   -88210.8159  HBOND      =        0.0000
 1-4 VDW =      446.1112  1-4 EEL =     6383.6542  RESTRAINT  =      280.9441
 EAMBER  =   -64927.4759


   NSTEP       ENERGY          RMS            GMAX         NAME    NUMBER
    325      -6.4770E+04     2.4037E+00     1.2698E+02     CD        521

 BOND    =     4614.6631  ANGLE   =      235.8152  DIHED      =     2151.9126
 VDWAALS =     9823.4021  EEL     =   -88730.3253  HBOND      =        0.0000
 1-4 VDW =      447.3541  1-4 EEL =     6383.7048  RESTRAINT  =      303.2169
 EAMBER  =   -65073.4734


   NSTEP       ENERGY          RMS            GMAX         NAME    NUMBER
    330      -6.4777E+04     2.2727E+00     1.2010E+02     CD        521

 BOND    =     4605.8111  ANGLE   =      234.9257  DIHED      =     2151.7452
 VDWAALS =     9823.5465  EEL     =   -88726.3478  HBOND      =        0.0000
 1-4 VDW =      447.3347  1-4 EEL =     6383.6878  RESTRAINT  =      302.2607
 EAMBER  =   -65079.2968


   NSTEP       ENERGY          RMS            GMAX         NAME    NUMBER
    335      -6.4892E+04     1.1348E+00     8.2006E+01     C10      1905

 BOND    =     4499.3870  ANGLE   =      215.9746  DIHED      =     2147.9259
 VDWAALS =     9847.9365  EEL     =   -88707.9066  HBOND      =        0.0000
 1-4 VDW =      445.7559  1-4 EEL =     6383.3197  RESTRAINT  =      275.6731
 EAMBER  =   -65167.6070


   NSTEP       ENERGY          RMS            GMAX         NAME    NUMBER
    340      -6.4943E+04     1.0298E+00     5.2013E+01     CG        471

 BOND    =     4490.9214  ANGLE   =      218.0474  DIHED      =     2148.1181
 VDWAALS =     9893.3518  EEL     =   -88800.6703  HBOND      =        0.0000
 1-4 VDW =      445.6430  1-4 EEL =     6383.4019  RESTRAINT  =      278.0859
 EAMBER  =   -65221.1866


   NSTEP       ENERGY          RMS            GMAX         NAME    NUMBER
    345      -6.5012E+04     7.5966E-01     3.5546E+01     CD        521

 BOND    =     4532.1777  ANGLE   =      216.9499  DIHED      =     2148.0650
 VDWAALS =    10002.6515  EEL     =   -89015.8554  HBOND      =        0.0000
 1-4 VDW =      445.7248  1-4 EEL =     6383.5539  RESTRAINT  =      275.2181
 EAMBER  =   -65286.7325


   NSTEP       ENERGY          RMS            GMAX         NAME    NUMBER
    350      -6.5043E+04     8.3127E-01     5.9921E+01     CD        521

 BOND    =     4516.4404  ANGLE   =      217.9867  DIHED      =     2147.2125
 VDWAALS =    10067.6949  EEL     =   -89097.4125  HBOND      =        0.0000
 1-4 VDW =      445.6190  1-4 EEL =     6383.2395  RESTRAINT  =      275.9343
 EAMBER  =   -65319.2196


   NSTEP       ENERGY          RMS            GMAX         NAME    NUMBER
    355      -6.5045E+04     7.4392E-01     5.1176E+01     CD        521

 BOND    =     4516.6789  ANGLE   =      217.7109  DIHED      =     2147.2116
 VDWAALS =    10067.5321  EEL     =   -89099.0604  HBOND      =        0.0000
 1-4 VDW =      445.6328  1-4 EEL =     6383.2287  RESTRAINT  =      275.9109
 EAMBER  =   -65321.0654


   NSTEP       ENERGY          RMS            GMAX         NAME    NUMBER
    360      -6.5084E+04     8.6856E-01     4.8220E+01     C10      1905

 BOND    =     4560.9160  ANGLE   =      217.7495  DIHED      =     2147.6273
 VDWAALS =    10053.7851  EEL     =   -89170.9606  HBOND      =        0.0000
 1-4 VDW =      445.5620  1-4 EEL =     6383.9064  RESTRAINT  =      277.3454
 EAMBER  =   -65361.4143


   NSTEP       ENERGY          RMS            GMAX         NAME    NUMBER
    365      -6.5120E+04     8.6540E-01     5.7362E+01     CD        521

 BOND    =     4544.9761  ANGLE   =      219.6697  DIHED      =     2147.5435
 VDWAALS =    10052.4898  EEL     =   -89193.9722  HBOND      =        0.0000
 1-4 VDW =      445.3706  1-4 EEL =     6383.3327  RESTRAINT  =      280.2390
 EAMBER  =   -65400.5897


   NSTEP       ENERGY          RMS            GMAX         NAME    NUMBER
    370      -6.5204E+04     1.1372E+00     6.6958E+01     C10      1905

 BOND    =     4553.6857  ANGLE   =      218.1740  DIHED      =     2147.3686
 VDWAALS =    10123.4705  EEL     =   -89354.8267  HBOND      =        0.0000
 1-4 VDW =      445.8968  1-4 EEL =     6383.3028  RESTRAINT  =      279.3484
 EAMBER  =   -65482.9284


   NSTEP       ENERGY          RMS            GMAX         NAME    NUMBER
    375      -6.5285E+04     1.9991E+00     1.0641E+02     C10      1905

 BOND    =     4687.0270  ANGLE   =      232.5967  DIHED      =     2149.7428
 VDWAALS =    10257.2830  EEL     =   -89740.6896  HBOND      =        0.0000
 1-4 VDW =      447.5237  1-4 EEL =     6384.1991  RESTRAINT  =      296.8734
 EAMBER  =   -65582.3172


   NSTEP       ENERGY          RMS            GMAX         NAME    NUMBER
    380      -6.5290E+04     1.8863E+00     9.6918E+01     CD        521

 BOND    =     4680.5845  ANGLE   =      231.7384  DIHED      =     2149.6757
 VDWAALS =    10257.4145  EEL     =   -89737.3175  HBOND      =        0.0000
 1-4 VDW =      447.4966  1-4 EEL =     6384.1560  RESTRAINT  =      296.1032
 EAMBER  =   -65586.2517


   NSTEP       ENERGY          RMS            GMAX         NAME    NUMBER
    385      -6.5373E+04     1.1768E+00     8.9666E+01     C10      1905

 BOND    =     4586.8070  ANGLE   =      216.7681  DIHED      =     2147.7923
 VDWAALS =    10282.6914  EEL     =   -89710.6657  HBOND      =        0.0000
 1-4 VDW =      445.6767  1-4 EEL =     6383.3701  RESTRAINT  =      274.3477
 EAMBER  =   -65647.5601


   NSTEP       ENERGY          RMS            GMAX         NAME    NUMBER
    390      -6.5416E+04     8.9778E-01     6.8314E+01     CD        521

 BOND    =     4588.4998  ANGLE   =      217.4217  DIHED      =     2147.7328
 VDWAALS =    10318.6243  EEL     =   -89793.7531  HBOND      =        0.0000
 1-4 VDW =      445.4251  1-4 EEL =     6383.3565  RESTRAINT  =      277.0447
 EAMBER  =   -65692.6929


   NSTEP       ENERGY          RMS            GMAX         NAME    NUMBER
    395      -6.5470E+04     7.7735E-01     4.1756E+01     C10      1905

 BOND    =     4614.1953  ANGLE   =      216.4306  DIHED      =     2147.7160
 VDWAALS =    10414.7395  EEL     =   -89966.5716  HBOND      =        0.0000
 1-4 VDW =      445.8859  1-4 EEL =     6383.6002  RESTRAINT  =      273.8631
 EAMBER  =   -65744.0041


   NSTEP       ENERGY          RMS            GMAX         NAME    NUMBER
    400      -6.5494E+04     6.5392E-01     3.6815E+01     CD        521

 BOND    =     4614.2354  ANGLE   =      217.0542  DIHED      =     2147.3206
 VDWAALS =    10464.5678  EEL     =   -90041.5772  HBOND      =        0.0000
 1-4 VDW =      445.7547  1-4 EEL =     6383.0447  RESTRAINT  =      275.2244
 EAMBER  =   -65769.5998


   NSTEP       ENERGY          RMS            GMAX         NAME    NUMBER
    405      -6.5496E+04     5.9671E-01     2.9942E+01     CD        521

 BOND    =     4612.6627  ANGLE   =      216.8029  DIHED      =     2147.3193
 VDWAALS =    10464.3464  EEL     =   -90041.0300  HBOND      =        0.0000
 1-4 VDW =      445.7592  1-4 EEL =     6383.0576  RESTRAINT  =      275.1672
 EAMBER  =   -65771.0818


   NSTEP       ENERGY          RMS            GMAX         NAME    NUMBER
    410      -6.5529E+04     7.3756E-01     4.4274E+01     OE1       522

 BOND    =     4674.5458  ANGLE   =      217.6909  DIHED      =     2147.6033
 VDWAALS =    10452.5676  EEL     =   -90127.0665  HBOND      =        0.0000
 1-4 VDW =      445.4854  1-4 EEL =     6383.8286  RESTRAINT  =      275.9557
 EAMBER  =   -65805.3448


   NSTEP       ENERGY          RMS            GMAX         NAME    NUMBER
    415      -6.5560E+04     8.0971E-01     6.3324E+01     CD        521

 BOND    =     4612.6583  ANGLE   =      218.6419  DIHED      =     2147.4624
 VDWAALS =    10450.5026  EEL     =   -90096.7767  HBOND      =        0.0000
 1-4 VDW =      445.3679  1-4 EEL =     6383.2482  RESTRAINT  =      278.6663
 EAMBER  =   -65838.8954


   NSTEP       ENERGY          RMS            GMAX         NAME    NUMBER
    420      -6.5627E+04     8.2128E-01     4.6543E+01     CD        521

 BOND    =     4666.5984  ANGLE   =      217.1032  DIHED      =     2147.4662
 VDWAALS =    10503.6117  EEL     =   -90268.5610  HBOND      =        0.0000
 1-4 VDW =      446.2187  1-4 EEL =     6383.1307  RESTRAINT  =      277.5376
 EAMBER  =   -65904.4321


   NSTEP       ENERGY          RMS            GMAX         NAME    NUMBER
    425      -6.5721E+04     2.5059E+00     1.8581E+02     CD        521

 BOND    =     4676.3434  ANGLE   =      230.6134  DIHED      =     2149.5211
 VDWAALS =    10666.0461  EEL     =   -90569.4449  HBOND      =        0.0000
 1-4 VDW =      446.9092  1-4 EEL =     6384.3393  RESTRAINT  =      295.1632
 EAMBER  =   -66015.6723


   NSTEP       ENERGY          RMS            GMAX         NAME    NUMBER
    430      -6.5729E+04     2.2968E+00     1.7159E+02     CD        521

 BOND    =     4675.5860  ANGLE   =      229.5974  DIHED      =     2149.4270
 VDWAALS =    10666.1173  EEL     =   -90575.2045  HBOND      =        0.0000
 1-4 VDW =      446.9087  1-4 EEL =     6384.2914  RESTRAINT  =      294.0634
 EAMBER  =   -66023.2767


   NSTEP       ENERGY          RMS            GMAX         NAME    NUMBER
    435      -6.5814E+04     8.3851E-01     4.9166E+01     C10      1905

 BOND    =     4649.7042  ANGLE   =      215.5759  DIHED      =     2147.6424
 VDWAALS =    10679.4212  EEL     =   -90609.6441  HBOND      =        0.0000
 1-4 VDW =      446.0768  1-4 EEL =     6383.0811  RESTRAINT  =      274.3447
 EAMBER  =   -66088.1425


   NSTEP       ENERGY          RMS            GMAX         NAME    NUMBER
    440      -6.5843E+04     7.0933E-01     2.9524E+01     CD        521

 BOND    =     4711.4140  ANGLE   =      217.0100  DIHED      =     2147.9720
 VDWAALS =    10707.8978  EEL     =   -90732.5159  HBOND      =        0.0000
 1-4 VDW =      445.5867  1-4 EEL =     6383.2724  RESTRAINT  =      276.3683
 EAMBER  =   -66119.3630


   NSTEP       ENERGY          RMS            GMAX         NAME    NUMBER
    445      -6.5893E+04     7.9539E-01     4.8449E+01     CD        521

 BOND    =     4711.1725  ANGLE   =      216.9589  DIHED      =     2147.9253
 VDWAALS =    10802.8547  EEL     =   -90875.9134  HBOND      =        0.0000
 1-4 VDW =      445.7199  1-4 EEL =     6383.7844  RESTRAINT  =      274.4334
 EAMBER  =   -66167.4978


   NSTEP       ENERGY          RMS            GMAX         NAME    NUMBER
    450      -6.5916E+04     6.2233E-01     3.1714E+01     CD        521

 BOND    =     4701.5914  ANGLE   =      216.6632  DIHED      =     2147.3883
 VDWAALS =    10849.5085  EEL     =   -90935.1238  HBOND      =        0.0000
 1-4 VDW =      445.6425  1-4 EEL =     6383.1084  RESTRAINT  =      274.8133
 EAMBER  =   -66191.2215


   NSTEP       ENERGY          RMS            GMAX         NAME    NUMBER
    455      -6.5918E+04     5.5582E-01     2.9663E+01     Na+      1922

 BOND    =     4700.0810  ANGLE   =      216.4961  DIHED      =     2147.3825
 VDWAALS =    10849.3576  EEL     =   -90934.8608  HBOND      =        0.0000
 1-4 VDW =      445.6534  1-4 EEL =     6383.1114  RESTRAINT  =      274.8314
 EAMBER  =   -66192.7789


   NSTEP       ENERGY          RMS            GMAX         NAME    NUMBER
    460      -6.5950E+04     7.9141E-01     4.7656E+01     CD        521

 BOND    =     4765.8606  ANGLE   =      217.5505  DIHED      =     2147.7034
 VDWAALS =    10835.8524  EEL     =   -91021.9459  HBOND      =        0.0000
 1-4 VDW =      445.5889  1-4 EEL =     6383.8802  RESTRAINT  =      275.6209
 EAMBER  =   -66225.5100


   NSTEP       ENERGY          RMS            GMAX         NAME    NUMBER
    465      -6.5992E+04     6.1612E-01     2.3755E+01     OE1       522

 BOND    =     4708.3623  ANGLE   =      215.6673  DIHED      =     2147.8461
 VDWAALS =    10835.9406  EEL     =   -91003.4408  HBOND      =        0.0000
 1-4 VDW =      445.5506  1-4 EEL =     6383.0146  RESTRAINT  =      274.6203
 EAMBER  =   -66267.0593


   NSTEP       ENERGY          RMS            GMAX         NAME    NUMBER
    470      -6.6018E+04     8.3305E-01     5.4617E+01     CD        521

 BOND    =     4707.2036  ANGLE   =      217.3048  DIHED      =     2147.4346
 VDWAALS =    10862.1299  EEL     =   -91057.9695  HBOND      =        0.0000
 1-4 VDW =      446.0736  1-4 EEL =     6383.2815  RESTRAINT  =      276.8008
 EAMBER  =   -66294.5416


   NSTEP       ENERGY          RMS            GMAX         NAME    NUMBER
    475      -6.6119E+04     1.2626E+00     6.3187E+01     CD        521

 BOND    =     4738.8219  ANGLE   =      224.2402  DIHED      =     2148.5232
 VDWAALS =    10984.5488  EEL     =   -91330.5198  HBOND      =        0.0000
 1-4 VDW =      446.7687  1-4 EEL =     6383.6925  RESTRAINT  =      284.9597
 EAMBER  =   -66403.9246


   NSTEP       ENERGY          RMS            GMAX         NAME    NUMBER
    480      -6.6121E+04     1.2033E+00     5.9408E+01     CD        521

 BOND    =     4740.4066  ANGLE   =      223.8281  DIHED      =     2148.4772
 VDWAALS =    10984.6026  EEL     =   -91333.3844  HBOND      =        0.0000
 1-4 VDW =      446.7617  1-4 EEL =     6383.6840  RESTRAINT  =      284.6114
 EAMBER  =   -66405.6241


   NSTEP       ENERGY          RMS            GMAX         NAME    NUMBER
    485      -6.6160E+04     8.4196E-01     9.2151E+01     C10      1905

 BOND    =     4723.2844  ANGLE   =      215.7047  DIHED      =     2147.7027
 VDWAALS =    10995.9507  EEL     =   -91344.3583  HBOND      =        0.0000
 1-4 VDW =      445.7693  1-4 EEL =     6383.2109  RESTRAINT  =      272.9277
 EAMBER  =   -66432.7355


   NSTEP       ENERGY          RMS            GMAX         NAME    NUMBER
    490      -6.6176E+04     5.8618E-01     3.9020E+01     OE2       523

 BOND    =     4755.8187  ANGLE   =      216.3592  DIHED      =     2147.5915
 VDWAALS =    11013.9602  EEL     =   -91413.4052  HBOND      =        0.0000
 1-4 VDW =      445.5596  1-4 EEL =     6383.3094  RESTRAINT  =      275.0133
 EAMBER  =   -66450.8065


   NSTEP       ENERGY          RMS            GMAX         NAME    NUMBER
    495      -6.6231E+04     8.0203E-01     3.0573E+01     CD        521

 BOND    =     4798.4503  ANGLE   =      218.4212  DIHED      =     2148.1045
 VDWAALS =    11124.8310  EEL     =   -91627.1344  HBOND      =        0.0000
 1-4 VDW =      445.8682  1-4 EEL =     6383.5249  RESTRAINT  =      277.1789
 EAMBER  =   -66507.9343


   NSTEP       ENERGY          RMS            GMAX         NAME    NUMBER
    500      -6.6276E+04     9.8388E-01     7.4332E+01     C10      1905

 BOND    =     4807.8427  ANGLE   =      218.6139  DIHED      =     2147.6572
 VDWAALS =    11230.7303  EEL     =   -91789.9392  HBOND      =        0.0000
 1-4 VDW =      445.5260  1-4 EEL =     6382.7816  RESTRAINT  =      280.3004
 EAMBER  =   -66556.7875


  Maximum number of minimization cycles reached.


                    FINAL RESULTS



   NSTEP       ENERGY          RMS            GMAX         NAME    NUMBER
    500      -6.6276E+04     9.8388E-01     7.4332E+01     C10      1905

 BOND    =     4807.8427  ANGLE   =      218.6139  DIHED      =     2147.6572
 VDWAALS =    11230.7303  EEL     =   -91789.9392  HBOND      =        0.0000
 1-4 VDW =      445.5260  1-4 EEL =     6382.7816  RESTRAINT  =      280.3004
 EAMBER  =   -66556.7875
--------------------------------------------------------------------------------
   5.  TIMINGS
--------------------------------------------------------------------------------

|  NonSetup CPU Time in Major Routines:
|
|     Routine           Sec        %
|     ------------------------------
|     Nonbond          27.08   96.01
|     Bond              0.10    0.35
|     Angle             0.12    0.43
|     Dihedral          0.78    2.77
|     Shake             0.00    0.00
|     Other             0.12    0.44
|     ------------------------------
|     Total            28.20

|  PME Nonbond Pairlist CPU Time:
|
|     Routine              Sec        %
|     ---------------------------------
|     Set Up Cit           0.00    0.01
|     Build List           0.75    2.65
|     ---------------------------------
|     Total                0.75    2.67

|  PME Direct Force CPU Time:
|
|     Routine              Sec        %
|     ---------------------------------
|     NonBonded Calc      19.28   68.34
|     Exclude Masked       0.41    1.45
|     Other                0.09    0.31
|     ---------------------------------
|     Total               19.77   70.10

|  PME Reciprocal Force CPU Time:
|
|     Routine              Sec        %
|     ---------------------------------
|     1D bspline           0.25    0.88
|     Grid Charges         0.57    2.01
|     Scalar Sum           1.23    4.37
|     Gradient Sum         1.10    3.89
|     FFT                  3.40   12.07
|     ---------------------------------
|     Total                6.55   23.22

|  Setup CPU time:            0.08 seconds
|  NonSetup CPU time:        28.20 seconds
|  Total CPU time:           28.29 seconds     0.01 hours

|  Setup wall time:           0    seconds
|  NonSetup wall time:       29    seconds
|  Total wall time:          29    seconds     0.01 hours
