
          -------------------------------------------------------
          Amber 16 PMEMD                              2016
          -------------------------------------------------------

| PMEMD implementation of SANDER, Release 16

| Run on 07/03/2017 at 20:06:47

|   Executable path: pmemd
| Working directory: /home/german/obp/run/mu_ctv/mhe/m
|          Hostname: Unknown
  [-O]verwriting output

File Assignments:
|   MDIN: mmin.in                                                               
|  MDOUT: mmin.out                                                              
| INPCRD: mmu_ctv.rst7                                                          
|   PARM: /home/german/obp/top_files/mu_ctv.prmtop                              
| RESTRT: mmmu_ctv.rst7                                                         
|   REFC: mu_ctv.rst7                                                           
|  MDVEL: mdvel                                                                 
|   MDEN: mden                                                                  
|  MDCRD: mmmu_ctv.crd                                                          
| MDINFO: mdinfo                                                                
|  MDFRC: mdfrc                                                                 


 Here is the input file:

Minimization with Cartesian restraints                                         
&cntrl                                                                         
imin=1,                                                                        
ntmin=1,                                ! Steepest Descent, then Conjugate Grad
ncyc=100,                               ! 100 steps of Steepest Descent        
maxcyc=500,                             ! 400 steps of Conjugate Gradient      
ntpr=5,                                                                        
&end                                                                           


Note: ig = -1. Setting random seed to   483263 based on wallclock time in 
      microseconds.
 
 
| Conditional Compilation Defines Used:
| PUBFFT
| BINTRAJ
| EMIL

| Largest sphere to fit in unit cell has radius =    28.695

| New format PARM file being parsed.
| Version =    1.000 Date = 02/24/15 Time = 11:42:17

| Note: 1-4 EEL scale factors are being read from the topology file.

| Note: 1-4 VDW scale factors are being read from the topology file.
| Duplicated    0 dihedrals

| Duplicated    0 dihedrals

--------------------------------------------------------------------------------
   1.  RESOURCE   USE: 
--------------------------------------------------------------------------------

 getting box info from netcdf restart file
 NATOM  =   18306 NTYPES =      18 NBONH =   17356 MBONA  =     953
 NTHETH =    2237 MTHETA =    1278 NPHIH =    4342 MPHIA  =    4359
 NHPARM =       0 NPARM  =       0 NNB   =   32466 NRES   =    5584
 NBONA  =     953 NTHETA =    1278 NPHIA =    4359 NUMBND =      69
 NUMANG =     147 NPTRA  =     245 NATYP =      40 NPHB   =       1
 IFBOX  =       1 NMXRS  =      26 IFCAP =       0 NEXTRA =       0
 NCOPY  =       0

| Coordinate Index Table dimensions:    13   15   12
| Direct force subcell size =     4.6836    4.5204    4.7826

     BOX TYPE: RECTILINEAR

--------------------------------------------------------------------------------
   2.  CONTROL  DATA  FOR  THE  RUN
--------------------------------------------------------------------------------

default_name                                                                    

General flags:
     imin    =       1, nmropt  =       0

Nature and format of input:
     ntx     =       1, irest   =       0, ntrx    =       1

Nature and format of output:
     ntxo    =       2, ntpr    =       5, ntrx    =       1, ntwr    =       1
     iwrap   =       0, ntwx    =       0, ntwv    =       0, ntwe    =       0
     ioutfm  =       1, ntwprt  =       0, idecomp =       0, rbornstat=      0

Potential function:
     ntf     =       1, ntb     =       1, igb     =       0, nsnb    =      25
     ipol    =       0, gbsa    =       0, iesp    =       0
     dielc   =   1.00000, cut     =   8.00000, intdiel =   1.00000

Frozen or restrained atoms:
     ibelly  =       0, ntr     =       0

Energy minimization:
     maxcyc  =     500, ncyc    =     100, ntmin   =       1
     dx0     =   0.01000, drms    =   0.00010

| Intermolecular bonds treatment:
|     no_intermolecular_bonds =       1

| Energy averages sample interval:
|     ene_avg_sampling =       1

Ewald parameters:
     verbose =       0, ew_type =       0, nbflag  =       1, use_pme =       1
     vdwmeth =       1, eedmeth =       1, netfrc  =       0
     Box X =   60.887   Box Y =   67.806   Box Z =   57.391
     Alpha =   90.000   Beta  =   90.000   Gamma =   90.000
     NFFT1 =   64       NFFT2 =   72       NFFT3 =   60
     Cutoff=    8.000   Tol   =0.100E-04
     Ewald Coefficient =  0.34864
     Interpolation order =    4

--------------------------------------------------------------------------------
   3.  ATOMIC COORDINATES AND VELOCITIES
--------------------------------------------------------------------------------

default_name                                                                    
 begin time read from input coords =     0.000 ps

 
 Number of triangulated 3-point waters found:     5461

     Sum of charges from parm topology file =   0.00000094
     Forcing neutrality...

| Dynamic Memory, Types Used:
| Reals              528571
| Integers           577063

| Nonbonded Pairs Initial Allocation:     3057559

--------------------------------------------------------------------------------
   4.  RESULTS
--------------------------------------------------------------------------------

 ---------------------------------------------------
 APPROXIMATING switch and d/dx switch using CUBIC SPLINE INTERPOLATION
 using   5000.0 points per unit in tabled values
 TESTING RELATIVE ERROR over r ranging from 0.0 to cutoff
| CHECK switch(x): max rel err =   0.2738E-14   at   2.422500
| CHECK d/dx switch(x): max rel err =   0.8332E-11   at   2.782960
 ---------------------------------------------------
|---------------------------------------------------
| APPROXIMATING direct energy using CUBIC SPLINE INTERPOLATION
|  with   50.0 points per unit in tabled values
| Relative Error Limit not exceeded for r .gt.   2.47
| APPROXIMATING direct force using CUBIC SPLINE INTERPOLATION
|  with   50.0 points per unit in tabled values
| Relative Error Limit not exceeded for r .gt.   2.89
|---------------------------------------------------


   NSTEP       ENERGY          RMS            GMAX         NAME    NUMBER
      1      -6.6557E+04     1.6310E+00     6.9596E+01     HD12      890

 BOND    =     4807.8427  ANGLE   =      218.6139  DIHED      =     2147.6572
 VDWAALS =    11230.7303  EEL     =   -91789.9392  HBOND      =        0.0000
 1-4 VDW =      445.5260  1-4 EEL =     6382.7816  RESTRAINT  =        0.0000


   NSTEP       ENERGY          RMS            GMAX         NAME    NUMBER
      5      -6.6579E+04     1.3916E+00     5.6963E+01     HD12      890

 BOND    =     4794.9590  ANGLE   =      219.4824  DIHED      =     2147.1660
 VDWAALS =    11214.8277  EEL     =   -91782.5098  HBOND      =        0.0000
 1-4 VDW =      445.6795  1-4 EEL =     6380.9592  RESTRAINT  =        0.0000


   NSTEP       ENERGY          RMS            GMAX         NAME    NUMBER
     10      -6.6632E+04     1.0641E+00     3.6627E+01     SG       1522

 BOND    =     4784.3723  ANGLE   =      222.6215  DIHED      =     2145.7494
 VDWAALS =    11178.3412  EEL     =   -91782.9904  HBOND      =        0.0000
 1-4 VDW =      445.9881  1-4 EEL =     6374.3312  RESTRAINT  =        0.0000


   NSTEP       ENERGY          RMS            GMAX         NAME    NUMBER
     15      -6.6726E+04     7.4387E-01     2.2872E+01     Na+      1922

 BOND    =     4785.3084  ANGLE   =      227.7013  DIHED      =     2142.9710
 VDWAALS =    11126.3014  EEL     =   -91809.0611  HBOND      =        0.0000
 1-4 VDW =      445.8568  1-4 EEL =     6354.5576  RESTRAINT  =        0.0000


   NSTEP       ENERGY          RMS            GMAX         NAME    NUMBER
     20      -6.6877E+04     8.8751E-01     1.0990E+02     C10      1905

 BOND    =     4789.5570  ANGLE   =      229.3762  DIHED      =     2138.2055
 VDWAALS =    11079.9155  EEL     =   -91868.3247  HBOND      =        0.0000
 1-4 VDW =      441.5802  1-4 EEL =     6312.9479  RESTRAINT  =        0.0000


   NSTEP       ENERGY          RMS            GMAX         NAME    NUMBER
     25      -6.6914E+04     1.1677E+00     1.5871E+02     C10      1905

 BOND    =     4797.7736  ANGLE   =      228.9805  DIHED      =     2136.2308
 VDWAALS =    11077.1209  EEL     =   -91897.4381  HBOND      =        0.0000
 1-4 VDW =      439.3248  1-4 EEL =     6304.3983  RESTRAINT  =        0.0000


   NSTEP       ENERGY          RMS            GMAX         NAME    NUMBER
     30      -6.6931E+04     1.4909E+00     2.1502E+02     C10      1905

 BOND    =     4802.2116  ANGLE   =      228.6213  DIHED      =     2134.9825
 VDWAALS =    11077.3694  EEL     =   -91912.7761  HBOND      =        0.0000
 1-4 VDW =      437.8924  1-4 EEL =     6300.2561  RESTRAINT  =        0.0000


   NSTEP       ENERGY          RMS            GMAX         NAME    NUMBER
     35      -6.6965E+04     4.6298E-01     3.8932E+01     C10      1905

 BOND    =     4790.6571  ANGLE   =      228.2766  DIHED      =     2133.7596
 VDWAALS =    11078.3751  EEL     =   -91928.7823  HBOND      =        0.0000
 1-4 VDW =      436.4458  1-4 EEL =     6296.6918  RESTRAINT  =        0.0000


   NSTEP       ENERGY          RMS            GMAX         NAME    NUMBER
     40      -6.6983E+04     3.7977E-01     1.5982E+01     C10      1905

 BOND    =     4791.4074  ANGLE   =      227.9957  DIHED      =     2132.6728
 VDWAALS =    11080.1246  EEL     =   -91944.2221  HBOND      =        0.0000
 1-4 VDW =      435.1888  1-4 EEL =     6293.9964  RESTRAINT  =        0.0000


   NSTEP       ENERGY          RMS            GMAX         NAME    NUMBER
     45      -6.7003E+04     3.6628E-01     1.5110E+01     C10      1905

 BOND    =     4792.6087  ANGLE   =      227.7326  DIHED      =     2131.4296
 VDWAALS =    11082.7673  EEL     =   -91962.1240  HBOND      =        0.0000
 1-4 VDW =      433.7633  1-4 EEL =     6291.2253  RESTRAINT  =        0.0000


   NSTEP       ENERGY          RMS            GMAX         NAME    NUMBER
     50      -6.7022E+04     3.6529E-01     1.9170E+01     C10      1905

 BOND    =     4793.9423  ANGLE   =      227.5251  DIHED      =     2130.1827
 VDWAALS =    11085.9262  EEL     =   -91980.3058  HBOND      =        0.0000
 1-4 VDW =      432.3584  1-4 EEL =     6288.7352  RESTRAINT  =        0.0000


   NSTEP       ENERGY          RMS            GMAX         NAME    NUMBER
     55      -6.7039E+04     7.5298E-01     1.0077E+02     C10      1905

 BOND    =     4798.0200  ANGLE   =      227.4220  DIHED      =     2128.8576
 VDWAALS =    11089.7497  EEL     =   -91999.7964  HBOND      =        0.0000
 1-4 VDW =      430.8964  1-4 EEL =     6286.3311  RESTRAINT  =        0.0000


   NSTEP       ENERGY          RMS            GMAX         NAME    NUMBER
     60      -6.7056E+04     4.5099E-01     4.6425E+01     C10      1905

 BOND    =     4797.1203  ANGLE   =      227.3067  DIHED      =     2127.7865
 VDWAALS =    11093.2217  EEL     =   -92015.6385  HBOND      =        0.0000
 1-4 VDW =      429.7648  1-4 EEL =     6284.5838  RESTRAINT  =        0.0000


   NSTEP       ENERGY          RMS            GMAX         NAME    NUMBER
     65      -6.7072E+04     5.0810E-01     5.9093E+01     C10      1905

 BOND    =     4798.9180  ANGLE   =      227.2768  DIHED      =     2126.5705
 VDWAALS =    11097.3861  EEL     =   -92033.6214  HBOND      =        0.0000
 1-4 VDW =      428.5177  1-4 EEL =     6282.7332  RESTRAINT  =        0.0000


   NSTEP       ENERGY          RMS            GMAX         NAME    NUMBER
     70      -6.7084E+04     8.4108E-01     1.1726E+02     C10      1905

 BOND    =     4802.9765  ANGLE   =      227.3316  DIHED      =     2125.4511
 VDWAALS =    11101.3292  EEL     =   -92050.1074  HBOND      =        0.0000
 1-4 VDW =      427.4116  1-4 EEL =     6281.1488  RESTRAINT  =        0.0000


   NSTEP       ENERGY          RMS            GMAX         NAME    NUMBER
     75      -6.7099E+04     8.8203E-01     1.2443E+02     C10      1905

 BOND    =     4804.8705  ANGLE   =      227.3882  DIHED      =     2124.2717
 VDWAALS =    11105.7031  EEL     =   -92067.3556  HBOND      =        0.0000
 1-4 VDW =      426.3008  1-4 EEL =     6279.6047  RESTRAINT  =        0.0000


   NSTEP       ENERGY          RMS            GMAX         NAME    NUMBER
     80      -6.7113E+04     9.6712E-01     1.3856E+02     C10      1905

 BOND    =     4807.2956  ANGLE   =      227.4907  DIHED      =     2123.0921
 VDWAALS =    11110.2251  EEL     =   -92084.4926  HBOND      =        0.0000
 1-4 VDW =      425.2406  1-4 EEL =     6278.1650  RESTRAINT  =        0.0000


   NSTEP       ENERGY          RMS            GMAX         NAME    NUMBER
     85      -6.7126E+04     9.2927E-01     1.3289E+02     C10      1905

 BOND    =     4808.1717  ANGLE   =      227.5878  DIHED      =     2122.0678
 VDWAALS =    11114.2591  EEL     =   -92099.2700  HBOND      =        0.0000
 1-4 VDW =      424.3630  1-4 EEL =     6276.9965  RESTRAINT  =        0.0000


   NSTEP       ENERGY          RMS            GMAX         NAME    NUMBER
     90      -6.7139E+04     9.7288E-01     1.4024E+02     C10      1905

 BOND    =     4810.1377  ANGLE   =      227.7371  DIHED      =     2120.9145
 VDWAALS =    11118.8224  EEL     =   -92115.7735  HBOND      =        0.0000
 1-4 VDW =      423.4162  1-4 EEL =     6275.7527  RESTRAINT  =        0.0000


   NSTEP       ENERGY          RMS            GMAX         NAME    NUMBER
     95      -6.7152E+04     9.9274E-01     1.4376E+02     C10      1905

 BOND    =     4811.8659  ANGLE   =      227.9074  DIHED      =     2119.7451
 VDWAALS =    11123.5271  EEL     =   -92132.3615  HBOND      =        0.0000
 1-4 VDW =      422.5008  1-4 EEL =     6274.5656  RESTRAINT  =        0.0000


   NSTEP       ENERGY          RMS            GMAX         NAME    NUMBER
    100      -6.7169E+04     3.1706E-01     2.1427E+01     C10      1905

 BOND    =     4807.9007  ANGLE   =      227.9376  DIHED      =     2118.7031
 VDWAALS =    11127.9300  EEL     =   -92147.0869  HBOND      =        0.0000
 1-4 VDW =      421.7406  1-4 EEL =     6273.5947  RESTRAINT  =        0.0000


   NSTEP       ENERGY          RMS            GMAX         NAME    NUMBER
    105      -6.7212E+04     3.8178E-01     4.0910E+01     C10      1905

 BOND    =     4813.6298  ANGLE   =      228.8025  DIHED      =     2114.7450
 VDWAALS =    11144.6612  EEL     =   -92203.1157  HBOND      =        0.0000
 1-4 VDW =      418.9056  1-4 EEL =     6269.9566  RESTRAINT  =        0.0000


   NSTEP       ENERGY          RMS            GMAX         NAME    NUMBER
    110      -6.7534E+04     1.3299E+00     1.4000E+02     C10      1905

 BOND    =     4938.2764  ANGLE   =      282.3527  DIHED      =     2102.5070
 VDWAALS =    11455.9900  EEL     =   -92927.7375  HBOND      =        0.0000
 1-4 VDW =      390.2570  1-4 EEL =     6224.6705  RESTRAINT  =        0.0000


   NSTEP       ENERGY          RMS            GMAX         NAME    NUMBER
    115      -6.7624E+04     7.7867E-01     5.6116E+01     H11      1915

 BOND    =     4914.5445  ANGLE   =      309.0086  DIHED      =     2104.2959
 VDWAALS =    11497.6984  EEL     =   -93057.6072  HBOND      =        0.0000
 1-4 VDW =      391.9108  1-4 EEL =     6216.1865  RESTRAINT  =        0.0000


   NSTEP       ENERGY          RMS            GMAX         NAME    NUMBER
    120      -6.7674E+04     1.1469E+00     1.1290E+02     C10      1905

 BOND    =     4918.0346  ANGLE   =      294.8120  DIHED      =     2099.6589
 VDWAALS =    11509.9881  EEL     =   -93105.9678  HBOND      =        0.0000
 1-4 VDW =      392.3948  1-4 EEL =     6217.1523  RESTRAINT  =        0.0000


   NSTEP       ENERGY          RMS            GMAX         NAME    NUMBER
    125      -6.7766E+04     8.7164E-01     5.8926E+01     C3       1898

 BOND    =     4949.0577  ANGLE   =      278.4475  DIHED      =     2093.7677
 VDWAALS =    11574.1774  EEL     =   -93269.6985  HBOND      =        0.0000
 1-4 VDW =      388.1362  1-4 EEL =     6219.9071  RESTRAINT  =        0.0000


   NSTEP       ENERGY          RMS            GMAX         NAME    NUMBER
    130      -6.7768E+04     8.1319E-01     5.5055E+01     C3       1898

 BOND    =     4946.7189  ANGLE   =      277.9545  DIHED      =     2093.6977
 VDWAALS =    11573.9614  EEL     =   -93268.5977  HBOND      =        0.0000
 1-4 VDW =      388.2062  1-4 EEL =     6219.8963  RESTRAINT  =        0.0000


   NSTEP       ENERGY          RMS            GMAX         NAME    NUMBER
    135      -6.7803E+04     7.1621E-01     6.1266E+01     C10      1905

 BOND    =     4937.2173  ANGLE   =      274.5418  DIHED      =     2091.3347
 VDWAALS =    11566.7646  EEL     =   -93285.4442  HBOND      =        0.0000
 1-4 VDW =      390.9334  1-4 EEL =     6222.1337  RESTRAINT  =        0.0000


   NSTEP       ENERGY          RMS            GMAX         NAME    NUMBER
    140      -6.7824E+04     7.7924E-01     2.9401E+01     C4       1899

 BOND    =     4936.6300  ANGLE   =      262.3301  DIHED      =     2088.4275
 VDWAALS =    11576.8691  EEL     =   -93305.2306  HBOND      =        0.0000
 1-4 VDW =      390.7755  1-4 EEL =     6225.9663  RESTRAINT  =        0.0000


   NSTEP       ENERGY          RMS            GMAX         NAME    NUMBER
    145      -6.7873E+04     8.0029E-01     6.2763E+01     C4       1899

 BOND    =     4952.6740  ANGLE   =      251.7650  DIHED      =     2081.1492
 VDWAALS =    11610.6161  EEL     =   -93398.0491  HBOND      =        0.0000
 1-4 VDW =      391.6505  1-4 EEL =     6236.8775  RESTRAINT  =        0.0000


   NSTEP       ENERGY          RMS            GMAX         NAME    NUMBER
    150      -6.7948E+04     1.2011E+00     5.9109E+01     CD        604

 BOND    =     4960.0716  ANGLE   =      258.7170  DIHED      =     2072.0897
 VDWAALS =    11664.5837  EEL     =   -93554.8975  HBOND      =        0.0000
 1-4 VDW =      401.9080  1-4 EEL =     6249.9839  RESTRAINT  =        0.0000


   NSTEP       ENERGY          RMS            GMAX         NAME    NUMBER
    155      -6.7950E+04     1.1181E+00     5.2808E+01     CD        604

 BOND    =     4958.6727  ANGLE   =      257.8835  DIHED      =     2072.0218
 VDWAALS =    11664.5035  EEL     =   -93555.1021  HBOND      =        0.0000
 1-4 VDW =      401.8814  1-4 EEL =     6249.9577  RESTRAINT  =        0.0000


   NSTEP       ENERGY          RMS            GMAX         NAME    NUMBER
    160      -6.7990E+04     7.8814E-01     7.7144E+01     C10      1905

 BOND    =     4944.6966  ANGLE   =      238.6053  DIHED      =     2071.1134
 VDWAALS =    11668.8794  EEL     =   -93561.1652  HBOND      =        0.0000
 1-4 VDW =      400.2623  1-4 EEL =     6247.9117  RESTRAINT  =        0.0000


   NSTEP       ENERGY          RMS            GMAX         NAME    NUMBER
    165      -6.8010E+04     6.3273E-01     3.7438E+01     CD        604

 BOND    =     4952.8346  ANGLE   =      231.8786  DIHED      =     2072.4814
 VDWAALS =    11672.9011  EEL     =   -93584.9389  HBOND      =        0.0000
 1-4 VDW =      399.7580  1-4 EEL =     6245.3619  RESTRAINT  =        0.0000


   NSTEP       ENERGY          RMS            GMAX         NAME    NUMBER
    170      -6.8039E+04     4.5099E-01     2.5955E+01     C1       1895

 BOND    =     4949.7500  ANGLE   =      241.0974  DIHED      =     2071.6205
 VDWAALS =    11687.5453  EEL     =   -93627.9905  HBOND      =        0.0000
 1-4 VDW =      399.5761  1-4 EEL =     6239.6588  RESTRAINT  =        0.0000


   NSTEP       ENERGY          RMS            GMAX         NAME    NUMBER
    175      -6.8068E+04     9.3895E-01     8.1628E+01     C10      1905

 BOND    =     4967.5355  ANGLE   =      250.4694  DIHED      =     2071.9536
 VDWAALS =    11726.1736  EEL     =   -93717.4892  HBOND      =        0.0000
 1-4 VDW =      398.2707  1-4 EEL =     6234.9563  RESTRAINT  =        0.0000


   NSTEP       ENERGY          RMS            GMAX         NAME    NUMBER
    180      -6.8071E+04     8.0807E-01     6.3094E+01     C10      1905

 BOND    =     4965.3367  ANGLE   =      249.8512  DIHED      =     2071.9167
 VDWAALS =    11726.1035  EEL     =   -93716.9625  HBOND      =        0.0000
 1-4 VDW =      398.2741  1-4 EEL =     6234.9686  RESTRAINT  =        0.0000


   NSTEP       ENERGY          RMS            GMAX         NAME    NUMBER
    185      -6.8094E+04     5.8871E-01     3.3916E+01     CD       1165

 BOND    =     4965.1103  ANGLE   =      240.7896  DIHED      =     2071.3183
 VDWAALS =    11727.5167  EEL     =   -93732.3608  HBOND      =        0.0000
 1-4 VDW =      397.2228  1-4 EEL =     6236.7399  RESTRAINT  =        0.0000


   NSTEP       ENERGY          RMS            GMAX         NAME    NUMBER
    190      -6.8117E+04     5.5122E-01     5.4119E+01     C3       1898

 BOND    =     4968.0612  ANGLE   =      237.6344  DIHED      =     2070.2710
 VDWAALS =    11743.1170  EEL     =   -93769.1090  HBOND      =        0.0000
 1-4 VDW =      395.5644  1-4 EEL =     6237.4963  RESTRAINT  =        0.0000


   NSTEP       ENERGY          RMS            GMAX         NAME    NUMBER
    195      -6.8134E+04     6.1489E-01     3.2635E+01     C1       1895

 BOND    =     4971.4733  ANGLE   =      236.2364  DIHED      =     2068.5202
 VDWAALS =    11760.4657  EEL     =   -93803.4846  HBOND      =        0.0000
 1-4 VDW =      395.0200  1-4 EEL =     6237.3563  RESTRAINT  =        0.0000


   NSTEP       ENERGY          RMS            GMAX         NAME    NUMBER
    200      -6.8182E+04     7.3352E-01     4.4817E+01     C5       1900

 BOND    =     4983.5631  ANGLE   =      245.3011  DIHED      =     2066.8487
 VDWAALS =    11803.8172  EEL     =   -93914.2630  HBOND      =        0.0000
 1-4 VDW =      394.7868  1-4 EEL =     6237.6538  RESTRAINT  =        0.0000


   NSTEP       ENERGY          RMS            GMAX         NAME    NUMBER
    205      -6.8184E+04     6.6065E-01     4.1419E+01     C5       1900

 BOND    =     4982.6547  ANGLE   =      244.6099  DIHED      =     2066.8168
 VDWAALS =    11803.6818  EEL     =   -93914.3067  HBOND      =        0.0000
 1-4 VDW =      394.7932  1-4 EEL =     6237.6097  RESTRAINT  =        0.0000


   NSTEP       ENERGY          RMS            GMAX         NAME    NUMBER
    210      -6.8205E+04     4.0036E-01     1.6042E+01     C4       1899

 BOND    =     4976.0048  ANGLE   =      238.5825  DIHED      =     2066.6216
 VDWAALS =    11806.7274  EEL     =   -93923.3208  HBOND      =        0.0000
 1-4 VDW =      394.6363  1-4 EEL =     6235.7378  RESTRAINT  =        0.0000


   NSTEP       ENERGY          RMS            GMAX         NAME    NUMBER
    215      -6.8216E+04     5.8830E-01     5.9915E+01     C10      1905

 BOND    =     4979.8650  ANGLE   =      237.1785  DIHED      =     2067.1727
 VDWAALS =    11812.9883  EEL     =   -93942.7850  HBOND      =        0.0000
 1-4 VDW =      394.7229  1-4 EEL =     6234.8379  RESTRAINT  =        0.0000


   NSTEP       ENERGY          RMS            GMAX         NAME    NUMBER
    220      -6.8252E+04     5.9087E-01     4.0164E+01     C1       1895

 BOND    =     4988.7454  ANGLE   =      244.4968  DIHED      =     2065.9448
 VDWAALS =    11846.7214  EEL     =   -94027.6518  HBOND      =        0.0000
 1-4 VDW =      395.5477  1-4 EEL =     6234.6673  RESTRAINT  =        0.0000


   NSTEP       ENERGY          RMS            GMAX         NAME    NUMBER
    225      -6.8283E+04     9.4621E-01     5.0801E+01     CD       1482

 BOND    =     5005.7410  ANGLE   =      256.4132  DIHED      =     2065.1995
 VDWAALS =    11893.8110  EEL     =   -94134.1053  HBOND      =        0.0000
 1-4 VDW =      396.9909  1-4 EEL =     6232.5395  RESTRAINT  =        0.0000


   NSTEP       ENERGY          RMS            GMAX         NAME    NUMBER
    230      -6.8286E+04     8.2911E-01     4.0879E+01     CD       1482

 BOND    =     5004.0313  ANGLE   =      255.7924  DIHED      =     2065.1505
 VDWAALS =    11893.7608  EEL     =   -94134.1940  HBOND      =        0.0000
 1-4 VDW =      396.9611  1-4 EEL =     6232.5589  RESTRAINT  =        0.0000


   NSTEP       ENERGY          RMS            GMAX         NAME    NUMBER
    235      -6.8318E+04     8.3212E-01     7.9800E+01     C10      1905

 BOND    =     5002.2348  ANGLE   =      243.6489  DIHED      =     2063.9995
 VDWAALS =    11895.2475  EEL     =   -94151.9131  HBOND      =        0.0000
 1-4 VDW =      395.0424  1-4 EEL =     6233.9773  RESTRAINT  =        0.0000


   NSTEP       ENERGY          RMS            GMAX         NAME    NUMBER
    240      -6.8341E+04     5.5974E-01     3.1759E+01     C7       1902

 BOND    =     5000.9575  ANGLE   =      239.6630  DIHED      =     2063.3617
 VDWAALS =    11901.6549  EEL     =   -94173.6700  HBOND      =        0.0000
 1-4 VDW =      393.4340  1-4 EEL =     6234.0780  RESTRAINT  =        0.0000


   NSTEP       ENERGY          RMS            GMAX         NAME    NUMBER
    245      -6.8361E+04     4.4168E-01     2.1387E+01     C2       1897

 BOND    =     5005.9691  ANGLE   =      237.3162  DIHED      =     2061.6491
 VDWAALS =    11919.5795  EEL     =   -94212.5972  HBOND      =        0.0000
 1-4 VDW =      392.8445  1-4 EEL =     6234.1550  RESTRAINT  =        0.0000


   NSTEP       ENERGY          RMS            GMAX         NAME    NUMBER
    250      -6.8376E+04     6.6235E-01     4.3558E+01     C5       1900

 BOND    =     5015.1397  ANGLE   =      242.0276  DIHED      =     2060.7089
 VDWAALS =    11937.8302  EEL     =   -94258.2121  HBOND      =        0.0000
 1-4 VDW =      392.9365  1-4 EEL =     6233.9415  RESTRAINT  =        0.0000


   NSTEP       ENERGY          RMS            GMAX         NAME    NUMBER
    255      -6.8378E+04     5.6860E-01     3.9239E+01     C5       1900

 BOND    =     5013.6884  ANGLE   =      241.5920  DIHED      =     2060.7012
 VDWAALS =    11937.8577  EEL     =   -94258.4120  HBOND      =        0.0000
 1-4 VDW =      392.9315  1-4 EEL =     6233.9184  RESTRAINT  =        0.0000


   NSTEP       ENERGY          RMS            GMAX         NAME    NUMBER
    260      -6.8393E+04     5.0066E-01     2.8451E+01     C10      1905

 BOND    =     5008.3944  ANGLE   =      237.3265  DIHED      =     2060.9798
 VDWAALS =    11940.6703  EEL     =   -94266.0868  HBOND      =        0.0000
 1-4 VDW =      392.9294  1-4 EEL =     6232.8413  RESTRAINT  =        0.0000


   NSTEP       ENERGY          RMS            GMAX         NAME    NUMBER
    265      -6.8410E+04     4.4100E-01     2.5247E+01     H52      1913

 BOND    =     5011.0661  ANGLE   =      237.7291  DIHED      =     2060.8140
 VDWAALS =    11950.8563  EEL     =   -94296.2458  HBOND      =        0.0000
 1-4 VDW =      393.1392  1-4 EEL =     6232.7197  RESTRAINT  =        0.0000


   NSTEP       ENERGY          RMS            GMAX         NAME    NUMBER
    270      -6.8431E+04     7.2424E-01     4.1530E+01     C10      1905

 BOND    =     5020.3140  ANGLE   =      241.8836  DIHED      =     2059.8808
 VDWAALS =    11974.1061  EEL     =   -94353.6443  HBOND      =        0.0000
 1-4 VDW =      393.6738  1-4 EEL =     6233.0802  RESTRAINT  =        0.0000


   NSTEP       ENERGY          RMS            GMAX         NAME    NUMBER
    275      -6.8473E+04     8.9430E-01     6.2947E+01     C10      1905

 BOND    =     5034.2670  ANGLE   =      249.0252  DIHED      =     2059.5291
 VDWAALS =    12022.8370  EEL     =   -94465.4872  HBOND      =        0.0000
 1-4 VDW =      394.5910  1-4 EEL =     6231.8262  RESTRAINT  =        0.0000


   NSTEP       ENERGY          RMS            GMAX         NAME    NUMBER
    280      -6.8476E+04     7.7309E-01     4.7139E+01     C10      1905

 BOND    =     5032.6965  ANGLE   =      248.5636  DIHED      =     2059.4930
 VDWAALS =    12022.7905  EEL     =   -94465.5861  HBOND      =        0.0000
 1-4 VDW =      394.5651  1-4 EEL =     6231.8346  RESTRAINT  =        0.0000


   NSTEP       ENERGY          RMS            GMAX         NAME    NUMBER
    285      -6.8499E+04     5.8261E-01     3.7722E+01     CD       1482

 BOND    =     5028.8947  ANGLE   =      241.0464  DIHED      =     2058.5892
 VDWAALS =    12025.1139  EEL     =   -94478.1833  HBOND      =        0.0000
 1-4 VDW =      393.4166  1-4 EEL =     6232.5304  RESTRAINT  =        0.0000


   NSTEP       ENERGY          RMS            GMAX         NAME    NUMBER
    290      -6.8521E+04     4.3639E-01     4.5014E+01     C3       1898

 BOND    =     5029.7450  ANGLE   =      238.2211  DIHED      =     2058.0168
 VDWAALS =    12035.8041  EEL     =   -94507.0275  HBOND      =        0.0000
 1-4 VDW =      392.0847  1-4 EEL =     6231.9970  RESTRAINT  =        0.0000


   NSTEP       ENERGY          RMS            GMAX         NAME    NUMBER
    295      -6.8533E+04     4.8070E-01     3.4147E+01     CD       1482

 BOND    =     5034.7876  ANGLE   =      237.0706  DIHED      =     2057.2588
 VDWAALS =    12048.1026  EEL     =   -94533.6391  HBOND      =        0.0000
 1-4 VDW =      391.8571  1-4 EEL =     6231.7052  RESTRAINT  =        0.0000


   NSTEP       ENERGY          RMS            GMAX         NAME    NUMBER
    300      -6.8557E+04     5.3630E-01     3.6950E+01     C5       1900

 BOND    =     5042.0629  ANGLE   =      241.1597  DIHED      =     2056.2239
 VDWAALS =    12071.7568  EEL     =   -94592.1826  HBOND      =        0.0000
 1-4 VDW =      391.8328  1-4 EEL =     6231.6818  RESTRAINT  =        0.0000


   NSTEP       ENERGY          RMS            GMAX         NAME    NUMBER
    305      -6.8559E+04     4.5316E-01     3.2660E+01     C5       1900

 BOND    =     5040.8766  ANGLE   =      240.7445  DIHED      =     2056.2208
 VDWAALS =    12071.8183  EEL     =   -94592.2958  HBOND      =        0.0000
 1-4 VDW =      391.8344  1-4 EEL =     6231.6361  RESTRAINT  =        0.0000


   NSTEP       ENERGY          RMS            GMAX         NAME    NUMBER
    310      -6.8572E+04     3.7688E-01     1.8628E+01     C10      1905

 BOND    =     5038.3226  ANGLE   =      237.3043  DIHED      =     2056.5799
 VDWAALS =    12076.6534  EEL     =   -94603.2997  HBOND      =        0.0000
 1-4 VDW =      391.9372  1-4 EEL =     6230.5748  RESTRAINT  =        0.0000


   NSTEP       ENERGY          RMS            GMAX         NAME    NUMBER
    315      -6.8587E+04     4.1365E-01     2.6849E+01     H52      1913

 BOND    =     5041.7170  ANGLE   =      239.5030  DIHED      =     2056.5305
 VDWAALS =    12088.8377  EEL     =   -94636.4706  HBOND      =        0.0000
 1-4 VDW =      392.0218  1-4 EEL =     6230.9533  RESTRAINT  =        0.0000


   NSTEP       ENERGY          RMS            GMAX         NAME    NUMBER
    320      -6.8623E+04     7.9059E-01     6.3647E+01     C1       1895

 BOND    =     5061.6749  ANGLE   =      249.1446  DIHED      =     2056.4864
 VDWAALS =    12139.9364  EEL     =   -94755.2293  HBOND      =        0.0000
 1-4 VDW =      393.6044  1-4 EEL =     6231.6180  RESTRAINT  =        0.0000


   NSTEP       ENERGY          RMS            GMAX         NAME    NUMBER
    325      -6.8674E+04     8.0769E-01     4.9232E+01     CG        471

 BOND    =     5074.5726  ANGLE   =      259.5141  DIHED      =     2056.7085
 VDWAALS =    12205.1824  EEL     =   -94895.8862  HBOND      =        0.0000
 1-4 VDW =      394.8094  1-4 EEL =     6230.6149  RESTRAINT  =        0.0000


   NSTEP       ENERGY          RMS            GMAX         NAME    NUMBER
    330      -6.8676E+04     7.3964E-01     4.0876E+01     CG        471

 BOND    =     5073.6569  ANGLE   =      259.0507  DIHED      =     2056.6625
 VDWAALS =    12205.1824  EEL     =   -94896.0909  HBOND      =        0.0000
 1-4 VDW =      394.7638  1-4 EEL =     6230.6359  RESTRAINT  =        0.0000


   NSTEP       ENERGY          RMS            GMAX         NAME    NUMBER
    335      -6.8719E+04     7.1156E-01     6.0088E+01     C7       1902

 BOND    =     5072.8133  ANGLE   =      245.9362  DIHED      =     2054.5200
 VDWAALS =    12206.2145  EEL     =   -94921.2568  HBOND      =        0.0000
 1-4 VDW =      391.6927  1-4 EEL =     6231.3526  RESTRAINT  =        0.0000


   NSTEP       ENERGY          RMS            GMAX         NAME    NUMBER
    340      -6.8740E+04     5.6605E-01     5.4853E+01     C10      1905

 BOND    =     5070.5956  ANGLE   =      240.5639  DIHED      =     2053.6569
 VDWAALS =    12212.5451  EEL     =   -94938.2811  HBOND      =        0.0000
 1-4 VDW =      390.6617  1-4 EEL =     6230.3334  RESTRAINT  =        0.0000


   NSTEP       ENERGY          RMS            GMAX         NAME    NUMBER
    345      -6.8753E+04     2.9967E-01     1.6096E+01     C2       1897

 BOND    =     5071.3594  ANGLE   =      238.2533  DIHED      =     2053.1951
 VDWAALS =    12222.6419  EEL     =   -94958.4678  HBOND      =        0.0000
 1-4 VDW =      390.5866  1-4 EEL =     6229.7000  RESTRAINT  =        0.0000


   NSTEP       ENERGY          RMS            GMAX         NAME    NUMBER
    350      -6.8763E+04     4.9184E-01     3.4618E+01     C5       1900

 BOND    =     5078.0628  ANGLE   =      242.0194  DIHED      =     2052.8762
 VDWAALS =    12236.4020  EEL     =   -94992.3558  HBOND      =        0.0000
 1-4 VDW =      390.5702  1-4 EEL =     6229.8449  RESTRAINT  =        0.0000


   NSTEP       ENERGY          RMS            GMAX         NAME    NUMBER
    355      -6.8764E+04     4.0622E-01     3.0011E+01     C5       1900

 BOND    =     5077.0056  ANGLE   =      241.5772  DIHED      =     2052.8789
 VDWAALS =    12236.5159  EEL     =   -94992.5872  HBOND      =        0.0000
 1-4 VDW =      390.5767  1-4 EEL =     6229.7926  RESTRAINT  =        0.0000


   NSTEP       ENERGY          RMS            GMAX         NAME    NUMBER
    360      -6.8776E+04     3.7674E-01     2.3101E+01     C10      1905

 BOND    =     5074.1295  ANGLE   =      238.5467  DIHED      =     2053.2261
 VDWAALS =    12241.3207  EEL     =   -95002.2705  HBOND      =        0.0000
 1-4 VDW =      390.7473  1-4 EEL =     6228.7765  RESTRAINT  =        0.0000


   NSTEP       ENERGY          RMS            GMAX         NAME    NUMBER
    365      -6.8789E+04     3.7791E-01     2.3134E+01     H52      1913

 BOND    =     5077.9361  ANGLE   =      239.7894  DIHED      =     2053.1965
 VDWAALS =    12251.6762  EEL     =   -95031.1948  HBOND      =        0.0000
 1-4 VDW =      390.7306  1-4 EEL =     6229.2720  RESTRAINT  =        0.0000


   NSTEP       ENERGY          RMS            GMAX         NAME    NUMBER
    370      -6.8818E+04     7.1967E-01     5.2939E+01     C1       1895

 BOND    =     5092.4697  ANGLE   =      246.1477  DIHED      =     2053.9170
 VDWAALS =    12293.6344  EEL     =   -95125.8781  HBOND      =        0.0000
 1-4 VDW =      391.8426  1-4 EEL =     6229.7952  RESTRAINT  =        0.0000


   NSTEP       ENERGY          RMS            GMAX         NAME    NUMBER
    375      -6.8858E+04     6.5533E-01     3.4985E+01     C1       1895

 BOND    =     5102.2326  ANGLE   =      251.1400  DIHED      =     2054.6658
 VDWAALS =    12345.0106  EEL     =   -95232.0282  HBOND      =        0.0000
 1-4 VDW =      392.5457  1-4 EEL =     6228.5678  RESTRAINT  =        0.0000


   NSTEP       ENERGY          RMS            GMAX         NAME    NUMBER
    380      -6.8859E+04     5.8446E-01     3.0890E+01     C1       1895

 BOND    =     5101.3682  ANGLE   =      250.6575  DIHED      =     2054.6159
 VDWAALS =    12344.9019  EEL     =   -95232.1239  HBOND      =        0.0000
 1-4 VDW =      392.5081  1-4 EEL =     6228.5730  RESTRAINT  =        0.0000


   NSTEP       ENERGY          RMS            GMAX         NAME    NUMBER
    385      -6.8885E+04     6.4307E-01     4.8037E+01     C10      1905

 BOND    =     5099.9706  ANGLE   =      244.1382  DIHED      =     2052.8569
 VDWAALS =    12343.8031  EEL     =   -95245.0516  HBOND      =        0.0000
 1-4 VDW =      390.8229  1-4 EEL =     6228.5599  RESTRAINT  =        0.0000


   NSTEP       ENERGY          RMS            GMAX         NAME    NUMBER
    390      -6.8904E+04     3.3675E-01     2.3684E+01     C7       1902

 BOND    =     5098.6977  ANGLE   =      239.3192  DIHED      =     2051.9968
 VDWAALS =    12350.2445  EEL     =   -95261.4058  HBOND      =        0.0000
 1-4 VDW =      390.1553  1-4 EEL =     6227.4671  RESTRAINT  =        0.0000


   NSTEP       ENERGY          RMS            GMAX         NAME    NUMBER
    395      -6.8911E+04     3.7129E-01     2.9808E+01     C2       1897

 BOND    =     5101.2087  ANGLE   =      238.2591  DIHED      =     2051.6662
 VDWAALS =    12356.9438  EEL     =   -95276.2735  HBOND      =        0.0000
 1-4 VDW =      390.0577  1-4 EEL =     6227.5050  RESTRAINT  =        0.0000


   NSTEP       ENERGY          RMS            GMAX         NAME    NUMBER
    400      -6.8923E+04     4.5110E-01     3.3716E+01     C5       1900

 BOND    =     5105.6377  ANGLE   =      241.6923  DIHED      =     2051.0226
 VDWAALS =    12369.8198  EEL     =   -95309.6791  HBOND      =        0.0000
 1-4 VDW =      390.0073  1-4 EEL =     6228.4210  RESTRAINT  =        0.0000


   NSTEP       ENERGY          RMS            GMAX         NAME    NUMBER
    405      -6.8924E+04     3.5844E-01     2.8847E+01     C5       1900

 BOND    =     5104.6635  ANGLE   =      241.2743  DIHED      =     2051.0218
 VDWAALS =    12369.9273  EEL     =   -95309.7525  HBOND      =        0.0000
 1-4 VDW =      390.0206  1-4 EEL =     6228.3620  RESTRAINT  =        0.0000


   NSTEP       ENERGY          RMS            GMAX         NAME    NUMBER
    410      -6.8932E+04     3.3429E-01     3.0026E+01     C10      1905

 BOND    =     5103.3085  ANGLE   =      238.2599  DIHED      =     2051.1780
 VDWAALS =    12373.8456  EEL     =   -95316.0945  HBOND      =        0.0000
 1-4 VDW =      390.1945  1-4 EEL =     6227.1660  RESTRAINT  =        0.0000


   NSTEP       ENERGY          RMS            GMAX         NAME    NUMBER
    415      -6.8942E+04     3.4525E-01     2.1707E+01     H52      1913

 BOND    =     5106.2531  ANGLE   =      240.9937  DIHED      =     2050.9758
 VDWAALS =    12383.2952  EEL     =   -95340.5110  HBOND      =        0.0000
 1-4 VDW =      389.9442  1-4 EEL =     6226.6300  RESTRAINT  =        0.0000


   NSTEP       ENERGY          RMS            GMAX         NAME    NUMBER
    420      -6.9035E+04     1.8280E+00     1.3139E+02     C1       1895

 BOND    =     5201.0317  ANGLE   =      274.1020  DIHED      =     2051.5536
 VDWAALS =    12545.4006  EEL     =   -95716.2340  HBOND      =        0.0000
 1-4 VDW =      388.9444  1-4 EEL =     6220.2340  RESTRAINT  =        0.0000


   NSTEP       ENERGY          RMS            GMAX         NAME    NUMBER
    425      -6.9146E+04     8.1992E-01     4.6978E+01     C10      1905

 BOND    =     5172.8541  ANGLE   =      259.8937  DIHED      =     2048.5286
 VDWAALS =    12653.5738  EEL     =   -95885.8940  HBOND      =        0.0000
 1-4 VDW =      388.6356  1-4 EEL =     6216.4500  RESTRAINT  =        0.0000


   NSTEP       ENERGY          RMS            GMAX         NAME    NUMBER
    430      -6.9148E+04     7.5413E-01     4.1635E+01     HH22      159

 BOND    =     5172.2316  ANGLE   =      259.4885  DIHED      =     2048.4682
 VDWAALS =    12653.6028  EEL     =   -95886.6078  HBOND      =        0.0000
 1-4 VDW =      388.6381  1-4 EEL =     6216.4995  RESTRAINT  =        0.0000


   NSTEP       ENERGY          RMS            GMAX         NAME    NUMBER
    435      -6.9192E+04     5.6274E-01     4.5071E+01     C1       1895

 BOND    =     5163.5919  ANGLE   =      243.6496  DIHED      =     2045.2585
 VDWAALS =    12646.4208  EEL     =   -95899.9356  HBOND      =        0.0000
 1-4 VDW =      388.9766  1-4 EEL =     6220.0908  RESTRAINT  =        0.0000


   NSTEP       ENERGY          RMS            GMAX         NAME    NUMBER
    440      -6.9209E+04     4.0576E-01     2.9420E+01     CD        521

 BOND    =     5163.1197  ANGLE   =      243.0539  DIHED      =     2044.5114
 VDWAALS =    12646.1655  EEL     =   -95917.3235  HBOND      =        0.0000
 1-4 VDW =      389.0697  1-4 EEL =     6222.6874  RESTRAINT  =        0.0000


   NSTEP       ENERGY          RMS            GMAX         NAME    NUMBER
    445      -6.9227E+04     3.5728E-01     1.9298E+01     C5       1900

 BOND    =     5162.7624  ANGLE   =      242.6548  DIHED      =     2045.0034
 VDWAALS =    12659.2875  EEL     =   -95949.7830  HBOND      =        0.0000
 1-4 VDW =      388.5210  1-4 EEL =     6224.4560  RESTRAINT  =        0.0000


   NSTEP       ENERGY          RMS            GMAX         NAME    NUMBER
    450      -6.9239E+04     4.9068E-01     2.7580E+01     C7       1902

 BOND    =     5170.6243  ANGLE   =      243.8747  DIHED      =     2044.8839
 VDWAALS =    12672.8412  EEL     =   -95984.9901  HBOND      =        0.0000
 1-4 VDW =      389.3110  1-4 EEL =     6224.1757  RESTRAINT  =        0.0000


   NSTEP       ENERGY          RMS            GMAX         NAME    NUMBER
    455      -6.9241E+04     3.8598E-01     1.7703E+01     C7       1902

 BOND    =     5170.0337  ANGLE   =      243.5600  DIHED      =     2044.8484
 VDWAALS =    12672.9008  EEL     =   -95985.5868  HBOND      =        0.0000
 1-4 VDW =      389.2946  1-4 EEL =     6224.0515  RESTRAINT  =        0.0000


   NSTEP       ENERGY          RMS            GMAX         NAME    NUMBER
    460      -6.9251E+04     4.3318E-01     2.5031E+01     C10      1905

 BOND    =     5168.5751  ANGLE   =      240.6330  DIHED      =     2044.3873
 VDWAALS =    12672.7465  EEL     =   -95987.8166  HBOND      =        0.0000
 1-4 VDW =      389.0240  1-4 EEL =     6221.6848  RESTRAINT  =        0.0000


   NSTEP       ENERGY          RMS            GMAX         NAME    NUMBER
    465      -6.9263E+04     3.9502E-01     2.2884E+01     C8       1903

 BOND    =     5175.3380  ANGLE   =      241.5490  DIHED      =     2044.3022
 VDWAALS =    12678.5137  EEL     =   -96010.5483  HBOND      =        0.0000
 1-4 VDW =      389.2467  1-4 EEL =     6218.9803  RESTRAINT  =        0.0000


   NSTEP       ENERGY          RMS            GMAX         NAME    NUMBER
    470      -6.9274E+04     5.6277E-01     2.4574E+01     CD        521

 BOND    =     5173.8323  ANGLE   =      245.4009  DIHED      =     2044.3184
 VDWAALS =    12691.3244  EEL     =   -96036.9854  HBOND      =        0.0000
 1-4 VDW =      389.5801  1-4 EEL =     6218.1893  RESTRAINT  =        0.0000


   NSTEP       ENERGY          RMS            GMAX         NAME    NUMBER
    475      -6.9309E+04     6.8515E-01     4.6235E+01     C10      1905

 BOND    =     5192.5138  ANGLE   =      253.9160  DIHED      =     2044.8032
 VDWAALS =    12741.6422  EEL     =   -96151.6790  HBOND      =        0.0000
 1-4 VDW =      389.1678  1-4 EEL =     6220.8442  RESTRAINT  =        0.0000


   NSTEP       ENERGY          RMS            GMAX         NAME    NUMBER
    480      -6.9311E+04     5.8381E-01     3.1469E+01     C10      1905

 BOND    =     5191.6440  ANGLE   =      253.3994  DIHED      =     2044.7404
 VDWAALS =    12741.6716  EEL     =   -96152.0360  HBOND      =        0.0000
 1-4 VDW =      389.1547  1-4 EEL =     6220.8533  RESTRAINT  =        0.0000


   NSTEP       ENERGY          RMS            GMAX         NAME    NUMBER
    485      -6.9336E+04     5.6580E-01     2.9615E+01     C8       1903

 BOND    =     5190.3020  ANGLE   =      243.3747  DIHED      =     2043.2900
 VDWAALS =    12744.5126  EEL     =   -96168.5794  HBOND      =        0.0000
 1-4 VDW =      389.3934  1-4 EEL =     6221.9492  RESTRAINT  =        0.0000


   NSTEP       ENERGY          RMS            GMAX         NAME    NUMBER
    490      -6.9353E+04     4.7116E-01     4.0180E+01     C7       1902

 BOND    =     5189.8008  ANGLE   =      242.0209  DIHED      =     2042.4341
 VDWAALS =    12748.4585  EEL     =   -96185.5032  HBOND      =        0.0000
 1-4 VDW =      388.9094  1-4 EEL =     6221.0769  RESTRAINT  =        0.0000


   NSTEP       ENERGY          RMS            GMAX         NAME    NUMBER
    495      -6.9361E+04     3.3188E-01     1.7449E+01     CD       1482

 BOND    =     5189.8134  ANGLE   =      241.5262  DIHED      =     2042.3950
 VDWAALS =    12754.6596  EEL     =   -96198.7552  HBOND      =        0.0000
 1-4 VDW =      388.6389  1-4 EEL =     6221.1135  RESTRAINT  =        0.0000


   NSTEP       ENERGY          RMS            GMAX         NAME    NUMBER
    500      -6.9370E+04     3.3206E-01     1.6504E+01     H62      1911

 BOND    =     5194.1608  ANGLE   =      240.9436  DIHED      =     2042.4441
 VDWAALS =    12765.4088  EEL     =   -96222.3260  HBOND      =        0.0000
 1-4 VDW =      388.7629  1-4 EEL =     6220.4139  RESTRAINT  =        0.0000


  Maximum number of minimization cycles reached.


                    FINAL RESULTS



   NSTEP       ENERGY          RMS            GMAX         NAME    NUMBER
    500      -6.9370E+04     3.3206E-01     1.6504E+01     H62      1911

 BOND    =     5194.1608  ANGLE   =      240.9436  DIHED      =     2042.4441
 VDWAALS =    12765.4088  EEL     =   -96222.3260  HBOND      =        0.0000
 1-4 VDW =      388.7629  1-4 EEL =     6220.4139  RESTRAINT  =        0.0000
--------------------------------------------------------------------------------
   5.  TIMINGS
--------------------------------------------------------------------------------

|  NonSetup CPU Time in Major Routines:
|
|     Routine           Sec        %
|     ------------------------------
|     Nonbond          29.41   95.94
|     Bond              0.10    0.34
|     Angle             0.11    0.37
|     Dihedral          0.76    2.47
|     Shake             0.00    0.00
|     Other             0.27    0.89
|     ------------------------------
|     Total            30.65

|  PME Nonbond Pairlist CPU Time:
|
|     Routine              Sec        %
|     ---------------------------------
|     Set Up Cit           0.01    0.04
|     Build List           0.51    1.67
|     ---------------------------------
|     Total                0.52    1.71

|  PME Direct Force CPU Time:
|
|     Routine              Sec        %
|     ---------------------------------
|     NonBonded Calc      20.76   67.74
|     Exclude Masked       0.44    1.45
|     Other                0.17    0.55
|     ---------------------------------
|     Total               21.38   69.74

|  PME Reciprocal Force CPU Time:
|
|     Routine              Sec        %
|     ---------------------------------
|     1D bspline           0.50    1.64
|     Grid Charges         0.83    2.71
|     Scalar Sum           1.26    4.12
|     Gradient Sum         1.12    3.65
|     FFT                  3.76   12.27
|     ---------------------------------
|     Total                7.48   24.40

|  Setup CPU time:            0.12 seconds
|  NonSetup CPU time:        30.65 seconds
|  Total CPU time:           30.78 seconds     0.01 hours

|  Setup wall time:           1    seconds
|  NonSetup wall time:       30    seconds
|  Total wall time:          31    seconds     0.01 hours
