
          -------------------------------------------------------
          Amber 16 PMEMD                              2016
          -------------------------------------------------------

| PMEMD implementation of SANDER, Release 16

| Run on 07/03/2017 at 20:56:59

|   Executable path: pmemd.cuda
| Working directory: /home/german/obp/run/mu_apo/mhe/e
|          Hostname: Unknown
  [-O]verwriting output

File Assignments:
|   MDIN: 28equ.in                                                              
|  MDOUT: 28equ.out                                                             
| INPCRD: 27emu_apo.rst7                                                        
|   PARM: /home/german/obp/top_files/mu_apo.prmtop                              
| RESTRT: 28emu_apo.rst7                                                        
|   REFC: 27emu_apo.rst7                                                        
|  MDVEL: mdvel                                                                 
|   MDEN: mden                                                                  
|  MDCRD: 28emu_apo.nc                                                          
| MDINFO: mdinfo                                                                
|  MDFRC: mdfrc                                                                 


 Here is the input file:

Equilibration with solute restrictions                                         
&cntrl                                                                         
imin = 0,                           ! No Minimization                          
nmropt = 0,                         ! No NMR restraints read                   
                                                                               
! Nature and format of the input                                               
ntx = 5,                            ! Coordinates but no velocities will be rea
irest = 1,                          ! Do not run a new simulation              
                                                                               
! Nature and format of the output                                              
ntxo = 1,                           ! rstrt file in ASCII format               
ntpr = 500,                         ! inf in output every ntpr steps           
ntwr = 500,                         ! rstrt file every ntwr steps              
ntwx = 500,                         ! mdcrd file every ntwx steps              
ntwv = 0,                           ! mdvel without velocities                 
ntwe = 0,                           ! Energies and temperatures not written in 
idecomp = 0,                        ! No energy decomposition                  
iwrap = 1,                          ! Coordinates of the restart and mdcrd file
                                                                               
! Frozen or restrained atoms                                                   
ibelly = 0,                         ! No frozen atoms                          
ntr=1,                              ! Harmonic potential restraints            
restraint_wt = 0.1,                ! The weight for the positional restraints  
restraintmask = ':1-119@N,CA,C,O',  ! restrained residues                      
                                                                               
! Molecular dynamics                                                           
nstlim = 50000,                     ! Number of MD-steps                       
dt = 0.002,                         ! Time step                                
                                                                               
! Temperature regulation                                                       
ntt = 3,                            ! Langevin thermostat                      
gamma_ln = 5,                       ! Gamma constant for Langevin              
!temp0 = 300.0,                     ! Reference T at which the system is to be 
tempi = 300.0,                      ! Initial T                                
ig = -1,                            ! Seed for the RNG                         
                                                                               
! P and V regulation                                                           
ntp = 1,                            ! Constant P. Isotropic scaling            
barostat = 1,                       ! Berendsen barostat                       
taup = 1,                           ! Pressure relaxation time                 
nrespa = 1,                         ! Evaluate at each step                    
ntb = 2,                            ! Periodic box for constant P              
                                                                               
! SHAKE variables                                                              
ntc = 2,                            ! Bonds involving H are constrained        
ntf = 2,                            ! Bond interaction involving H are ommited.
                                                                               
cut = 10.0,                         ! Nonbonded cutoff                         
/                                                                              
&end                                                                           


Note: ig = -1. Setting random seed to   795699 based on wallclock time in 
      microseconds.
 
|--------------------- INFORMATION ----------------------
| GPU (CUDA) Version of PMEMD in use: NVIDIA GPU IN USE.
|                    Version 16.0.0
| 
|                      02/25/2016
| 
| Implementation by:
|                    Ross C. Walker     (SDSC)
|                    Scott Le Grand     (nVIDIA)
| 
| Precision model in use:
|      [SPFP] - Single Precision Forces, 64-bit Fixed Point
|               Accumulation. (Default)
| 
|--------------------------------------------------------
 
|----------------- CITATION INFORMATION -----------------
|
|    When publishing work that utilized the CUDA version
|    of AMBER, please cite the following in addition to
|    the regular AMBER citations:
|
|  - Romelia Salomon-Ferrer; Andreas W. Goetz; Duncan
|    Poole; Scott Le Grand; Ross C. Walker "Routine
|    microsecond molecular dynamics simulations with
|    AMBER - Part II: Particle Mesh Ewald", J. Chem.
|    Theory Comput., 2013, 9 (9), pp3878-3888,
|    DOI: 10.1021/ct400314y.
|
|  - Andreas W. Goetz; Mark J. Williamson; Dong Xu;
|    Duncan Poole; Scott Le Grand; Ross C. Walker
|    "Routine microsecond molecular dynamics simulations
|    with AMBER - Part I: Generalized Born", J. Chem.
|    Theory Comput., 2012, 8 (5), pp1542-1555.
|
|  - Scott Le Grand; Andreas W. Goetz; Ross C. Walker
|    "SPFP: Speed without compromise - a mixed precision
|    model for GPU accelerated molecular dynamics
|    simulations.", Comp. Phys. Comm., 2013, 184
|    pp374-380, DOI: 10.1016/j.cpc.2012.09.022
|
|--------------------------------------------------------
 
|------------------- GPU DEVICE INFO --------------------
|
|            CUDA_VISIBLE_DEVICES: 1
|   CUDA Capable Devices Detected:      1
|           CUDA Device ID in use:      0
|                CUDA Device Name: GeForce GTX 1060 6GB
|     CUDA Device Global Mem Size:   6072 MB
| CUDA Device Num Multiprocessors:     10
|           CUDA Device Core Freq:   1.76 GHz
|
|--------------------------------------------------------
 
 
| Conditional Compilation Defines Used:
| PUBFFT
| BINTRAJ
| CUDA
| EMIL

| Largest sphere to fit in unit cell has radius =    26.158

| New format PARM file being parsed.
| Version =    1.000 Date = 02/24/15 Time = 11:47:26

| Note: 1-4 EEL scale factors are being read from the topology file.

| Note: 1-4 VDW scale factors are being read from the topology file.
| Duplicated    0 dihedrals

| Duplicated    0 dihedrals

--------------------------------------------------------------------------------
   1.  RESOURCE   USE: 
--------------------------------------------------------------------------------

 getting new box info from bottom of inpcrd
 NATOM  =   18031 NTYPES =      17 NBONH =   17092 MBONA  =     943
 NTHETH =    2205 MTHETA =    1267 NPHIH =    4292 MPHIA  =    4346
 NHPARM =       0 NPARM  =       0 NNB   =   32012 NRES   =    5500
 NBONA  =     943 NTHETA =    1267 NPHIA =    4346 NUMBND =      60
 NUMANG =     134 NPTRA  =     240 NATYP =      33 NPHB   =       1
 IFBOX  =       1 NMXRS  =      24 IFCAP =       0 NEXTRA =       0
 NCOPY  =       0

| Coordinate Index Table dimensions:    10   11    9
| Direct force subcell size =     5.5215    5.6637    5.8130

     BOX TYPE: RECTILINEAR

--------------------------------------------------------------------------------
   2.  CONTROL  DATA  FOR  THE  RUN
--------------------------------------------------------------------------------

default_name                                                                    

General flags:
     imin    =       0, nmropt  =       0

Nature and format of input:
     ntx     =       5, irest   =       1, ntrx    =       1

Nature and format of output:
     ntxo    =       1, ntpr    =     500, ntrx    =       1, ntwr    =     500
     iwrap   =       1, ntwx    =     500, ntwv    =       0, ntwe    =       0
     ioutfm  =       1, ntwprt  =       0, idecomp =       0, rbornstat=      0

Potential function:
     ntf     =       2, ntb     =       2, igb     =       0, nsnb    =      25
     ipol    =       0, gbsa    =       0, iesp    =       0
     dielc   =   1.00000, cut     =  10.00000, intdiel =   1.00000

Frozen or restrained atoms:
     ibelly  =       0, ntr     =       1
     restraint_wt =   0.10000

Molecular dynamics:
     nstlim  =     50000, nscm    =         0, nrespa  =         1
     t       =   0.00000, dt      =   0.00200, vlimit  =  -1.00000

Langevin dynamics temperature regulation:
     ig      =  795699
     temp0   = 300.00000, tempi   = 300.00000, gamma_ln=   5.00000

Pressure regulation:
     ntp     =       1
     pres0   =   1.00000, comp    =  44.60000, taup    =   1.00000

SHAKE:
     ntc     =       2, jfastw  =       0
     tol     =   0.00001

| Intermolecular bonds treatment:
|     no_intermolecular_bonds =       1

| Energy averages sample interval:
|     ene_avg_sampling =     500

Ewald parameters:
     verbose =       0, ew_type =       0, nbflag  =       1, use_pme =       1
     vdwmeth =       1, eedmeth =       1, netfrc  =       1
     Box X =   55.215   Box Y =   62.301   Box Z =   52.317
     Alpha =   90.000   Beta  =   90.000   Gamma =   90.000
     NFFT1 =   56       NFFT2 =   64       NFFT3 =   56
     Cutoff=   10.000   Tol   =0.100E-04
     Ewald Coefficient =  0.27511
     Interpolation order =    4

    LOADING THE CONSTRAINED ATOMS AS GROUPS


   5.  REFERENCE ATOM COORDINATES

  default_name                                                                    
     Mask :1-119@N,CA,C,O; matches   476 atoms

--------------------------------------------------------------------------------
   3.  ATOMIC COORDINATES AND VELOCITIES
--------------------------------------------------------------------------------

default_name                                                                    
 begin time read from input coords =  2786.000 ps

 
 Number of triangulated 3-point waters found:     5378

     Sum of charges from parm topology file =  -0.00000006
     Forcing neutrality...

| Dynamic Memory, Types Used:
| Reals              912995
| Integers           634418

| Nonbonded Pairs Initial Allocation:     5453926

| GPU memory information (estimate):
| KB of GPU memory in use:    115677
| KB of CPU memory in use:     23733

--------------------------------------------------------------------------------
   4.  RESULTS
--------------------------------------------------------------------------------

 ---------------------------------------------------
 APPROXIMATING switch and d/dx switch using CUBIC SPLINE INTERPOLATION
 using   5000.0 points per unit in tabled values
 TESTING RELATIVE ERROR over r ranging from 0.0 to cutoff
| CHECK switch(x): max rel err =   0.2738E-14   at   2.422500
| CHECK d/dx switch(x): max rel err =   0.8314E-11   at   2.736960
 ---------------------------------------------------
|---------------------------------------------------
| APPROXIMATING direct energy using CUBIC SPLINE INTERPOLATION
|  with   50.0 points per unit in tabled values
| Relative Error Limit not exceeded for r .gt.   2.33
| APPROXIMATING direct force using CUBIC SPLINE INTERPOLATION
|  with   50.0 points per unit in tabled values
| Relative Error Limit not exceeded for r .gt.   2.80
|---------------------------------------------------

 NSTEP =      500   TIME(PS) =    2787.000  TEMP(K) =   297.46  PRESS =    46.3
 Etot   =    -43363.1943  EKtot   =     10935.7549  EPtot      =    -54298.9491
 BOND   =       331.7864  ANGLE   =      1001.0877  DIHED      =      2136.6412
 1-4 NB =       447.6382  1-4 EEL =      6230.2936  VDWAALS    =      6447.7893
 EELEC  =    -70902.3907  EHBOND  =         0.0000  RESTRAINT  =         8.2052
 EAMBER (non-restraint)  =    -54307.1543
 EKCMT  =      4823.0856  VIRIAL  =      4643.1649  VOLUME     =    179886.2819
                                                    Density    =         1.0194
 ------------------------------------------------------------------------------


 NSTEP =     1000   TIME(PS) =    2788.000  TEMP(K) =   301.14  PRESS =   169.0
 Etot   =    -43226.9843  EKtot   =     11071.2148  EPtot      =    -54298.1992
 BOND   =       335.2622  ANGLE   =      1017.9064  DIHED      =      2127.1038
 1-4 NB =       453.9064  1-4 EEL =      6217.0587  VDWAALS    =      6493.0648
 EELEC  =    -70951.3056  EHBOND  =         0.0000  RESTRAINT  =         8.8041
 EAMBER (non-restraint)  =    -54307.0033
 EKCMT  =      4843.9066  VIRIAL  =      4189.1561  VOLUME     =    179431.1327
                                                    Density    =         1.0220
 ------------------------------------------------------------------------------


 NSTEP =     1500   TIME(PS) =    2789.000  TEMP(K) =   295.05  PRESS =  -120.3
 Etot   =    -43692.0442  EKtot   =     10847.3857  EPtot      =    -54539.4299
 BOND   =       360.9811  ANGLE   =       989.1984  DIHED      =      2112.6318
 1-4 NB =       444.9691  1-4 EEL =      6176.1281  VDWAALS    =      6626.4206
 EELEC  =    -71259.8255  EHBOND  =         0.0000  RESTRAINT  =        10.0665
 EAMBER (non-restraint)  =    -54549.4964
 EKCMT  =      4712.7098  VIRIAL  =      5179.4844  VOLUME     =    179632.5136
                                                    Density    =         1.0208
 ------------------------------------------------------------------------------


 NSTEP =     2000   TIME(PS) =    2790.000  TEMP(K) =   299.16  PRESS =  -120.6
 Etot   =    -43381.2296  EKtot   =     10998.3770  EPtot      =    -54379.6066
 BOND   =       327.6270  ANGLE   =       990.4342  DIHED      =      2149.8945
 1-4 NB =       449.6121  1-4 EEL =      6207.4663  VDWAALS    =      6585.1927
 EELEC  =    -71101.6401  EHBOND  =         0.0000  RESTRAINT  =        11.8068
 EAMBER (non-restraint)  =    -54391.4134
 EKCMT  =      4856.0071  VIRIAL  =      5323.3172  VOLUME     =    179409.4168
                                                    Density    =         1.0221
 ------------------------------------------------------------------------------


 NSTEP =     2500   TIME(PS) =    2791.000  TEMP(K) =   302.90  PRESS =   -16.1
 Etot   =    -43089.8498  EKtot   =     11135.8135  EPtot      =    -54225.6632
 BOND   =       363.0236  ANGLE   =       956.6188  DIHED      =      2138.6596
 1-4 NB =       450.9939  1-4 EEL =      6220.0256  VDWAALS    =      6509.4453
 EELEC  =    -70876.9660  EHBOND  =         0.0000  RESTRAINT  =        12.5360
 EAMBER (non-restraint)  =    -54238.1992
 EKCMT  =      4879.0923  VIRIAL  =      4941.4838  VOLUME     =    179526.5281
                                                    Density    =         1.0214
 ------------------------------------------------------------------------------


 NSTEP =     3000   TIME(PS) =    2792.000  TEMP(K) =   300.42  PRESS =   -71.9
 Etot   =    -43314.8000  EKtot   =     11044.6836  EPtot      =    -54359.4836
 BOND   =       357.9673  ANGLE   =       945.8902  DIHED      =      2119.0632
 1-4 NB =       448.6333  1-4 EEL =      6191.8091  VDWAALS    =      6485.2262
 EELEC  =    -70918.5862  EHBOND  =         0.0000  RESTRAINT  =        10.5133
 EAMBER (non-restraint)  =    -54369.9969
 EKCMT  =      4813.6697  VIRIAL  =      5092.1601  VOLUME     =    179484.6329
                                                    Density    =         1.0217
 ------------------------------------------------------------------------------


 NSTEP =     3500   TIME(PS) =    2793.000  TEMP(K) =   296.79  PRESS =   162.1
 Etot   =    -43439.1107  EKtot   =     10911.3320  EPtot      =    -54350.4427
 BOND   =       357.3268  ANGLE   =       979.8354  DIHED      =      2143.2529
 1-4 NB =       440.4771  1-4 EEL =      6185.9200  VDWAALS    =      6513.8455
 EELEC  =    -70981.2656  EHBOND  =         0.0000  RESTRAINT  =        10.1652
 EAMBER (non-restraint)  =    -54360.6078
 EKCMT  =      4759.3136  VIRIAL  =      4132.6879  VOLUME     =    179060.3251
                                                    Density    =         1.0241
 ------------------------------------------------------------------------------


 NSTEP =     4000   TIME(PS) =    2794.000  TEMP(K) =   296.46  PRESS =   -21.7
 Etot   =    -43437.4164  EKtot   =     10899.1895  EPtot      =    -54336.6059
 BOND   =       361.3022  ANGLE   =       967.5547  DIHED      =      2124.5878
 1-4 NB =       446.6450  1-4 EEL =      6217.3828  VDWAALS    =      6532.3652
 EELEC  =    -70999.6258  EHBOND  =         0.0000  RESTRAINT  =        13.1822
 EAMBER (non-restraint)  =    -54349.7881
 EKCMT  =      4814.7141  VIRIAL  =      4898.7110  VOLUME     =    179047.2787
                                                    Density    =         1.0241
 ------------------------------------------------------------------------------


 NSTEP =     4500   TIME(PS) =    2795.000  TEMP(K) =   299.90  PRESS =   -78.9
 Etot   =    -43351.0918  EKtot   =     11025.4580  EPtot      =    -54376.5498
 BOND   =       344.9540  ANGLE   =       969.7535  DIHED      =      2129.7801
 1-4 NB =       450.2511  1-4 EEL =      6204.5640  VDWAALS    =      6408.7038
 EELEC  =    -70897.3730  EHBOND  =         0.0000  RESTRAINT  =        12.8167
 EAMBER (non-restraint)  =    -54389.3665
 EKCMT  =      4768.9989  VIRIAL  =      5073.3955  VOLUME     =    178774.7948
                                                    Density    =         1.0257
 ------------------------------------------------------------------------------


 NSTEP =     5000   TIME(PS) =    2796.000  TEMP(K) =   302.30  PRESS =    62.3
 Etot   =    -43217.9965  EKtot   =     11113.7607  EPtot      =    -54331.7572
 BOND   =       339.2876  ANGLE   =      1038.3639  DIHED      =      2118.4006
 1-4 NB =       438.7681  1-4 EEL =      6192.4814  VDWAALS    =      6498.1432
 EELEC  =    -70973.7395  EHBOND  =         0.0000  RESTRAINT  =        16.5374
 EAMBER (non-restraint)  =    -54348.2947
 EKCMT  =      4796.1525  VIRIAL  =      4554.8607  VOLUME     =    179292.6100
                                                    Density    =         1.0227
 ------------------------------------------------------------------------------


 NSTEP =     5500   TIME(PS) =    2797.000  TEMP(K) =   297.14  PRESS =   -43.9
 Etot   =    -43601.7108  EKtot   =     10924.1328  EPtot      =    -54525.8436
 BOND   =       340.0802  ANGLE   =       990.1377  DIHED      =      2139.9004
 1-4 NB =       444.0227  1-4 EEL =      6197.7087  VDWAALS    =      6545.6783
 EELEC  =    -71200.2115  EHBOND  =         0.0000  RESTRAINT  =        16.8399
 EAMBER (non-restraint)  =    -54542.6835
 EKCMT  =      4793.4898  VIRIAL  =      4963.3454  VOLUME     =    179205.4113
                                                    Density    =         1.0232
 ------------------------------------------------------------------------------


 NSTEP =     6000   TIME(PS) =    2798.000  TEMP(K) =   299.50  PRESS =   -85.0
 Etot   =    -43466.2618  EKtot   =     11010.7715  EPtot      =    -54477.0333
 BOND   =       331.7595  ANGLE   =       939.6720  DIHED      =      2139.0633
 1-4 NB =       443.3525  1-4 EEL =      6206.0458  VDWAALS    =      6640.9235
 EELEC  =    -71193.0753  EHBOND  =         0.0000  RESTRAINT  =        15.2255
 EAMBER (non-restraint)  =    -54492.2587
 EKCMT  =      4789.8067  VIRIAL  =      5120.0301  VOLUME     =    179942.1471
                                                    Density    =         1.0191
 ------------------------------------------------------------------------------


 NSTEP =     6500   TIME(PS) =    2799.000  TEMP(K) =   298.83  PRESS =  -150.0
 Etot   =    -43401.1339  EKtot   =     10986.1592  EPtot      =    -54387.2931
 BOND   =       343.2621  ANGLE   =       962.8121  DIHED      =      2120.5058
 1-4 NB =       451.5322  1-4 EEL =      6217.1281  VDWAALS    =      6427.2609
 EELEC  =    -70926.2932  EHBOND  =         0.0000  RESTRAINT  =        16.4988
 EAMBER (non-restraint)  =    -54403.7919
 EKCMT  =      4776.7197  VIRIAL  =      5358.5105  VOLUME     =    179638.8394
                                                    Density    =         1.0208
 ------------------------------------------------------------------------------


 NSTEP =     7000   TIME(PS) =    2800.000  TEMP(K) =   300.21  PRESS =   148.1
 Etot   =    -43146.7536  EKtot   =     11036.8252  EPtot      =    -54183.5788
 BOND   =       373.9905  ANGLE   =       967.0328  DIHED      =      2114.6412
 1-4 NB =       446.4307  1-4 EEL =      6215.5123  VDWAALS    =      6539.4377
 EELEC  =    -70852.5793  EHBOND  =         0.0000  RESTRAINT  =        11.9553
 EAMBER (non-restraint)  =    -54195.5341
 EKCMT  =      4847.6232  VIRIAL  =      4272.7185  VOLUME     =    179745.9664
                                                    Density    =         1.0202
 ------------------------------------------------------------------------------


 NSTEP =     7500   TIME(PS) =    2801.000  TEMP(K) =   300.11  PRESS =   284.3
 Etot   =    -43339.3118  EKtot   =     11033.2500  EPtot      =    -54372.5618
 BOND   =       322.9707  ANGLE   =       973.2561  DIHED      =      2125.0200
 1-4 NB =       445.6528  1-4 EEL =      6171.3192  VDWAALS    =      6616.4690
 EELEC  =    -71039.0208  EHBOND  =         0.0000  RESTRAINT  =        11.7712
 EAMBER (non-restraint)  =    -54384.3330
 EKCMT  =      4895.4465  VIRIAL  =      3789.5010  VOLUME     =    180186.5120
                                                    Density    =         1.0177
 ------------------------------------------------------------------------------


 NSTEP =     8000   TIME(PS) =    2802.000  TEMP(K) =   300.27  PRESS =  -193.6
 Etot   =    -43159.9038  EKtot   =     11039.0146  EPtot      =    -54198.9185
 BOND   =       334.1914  ANGLE   =       958.2014  DIHED      =      2142.7433
 1-4 NB =       457.7674  1-4 EEL =      6209.0683  VDWAALS    =      6377.4007
 EELEC  =    -70688.5620  EHBOND  =         0.0000  RESTRAINT  =        10.2711
 EAMBER (non-restraint)  =    -54209.1896
 EKCMT  =      4845.2190  VIRIAL  =      5596.9958  VOLUME     =    179852.7853
                                                    Density    =         1.0196
 ------------------------------------------------------------------------------


 NSTEP =     8500   TIME(PS) =    2803.000  TEMP(K) =   298.01  PRESS =  -149.7
 Etot   =    -43198.3764  EKtot   =     10956.1514  EPtot      =    -54154.5278
 BOND   =       368.9667  ANGLE   =      1003.9856  DIHED      =      2113.5231
 1-4 NB =       446.1959  1-4 EEL =      6205.0615  VDWAALS    =      6386.7659
 EELEC  =    -70691.4850  EHBOND  =         0.0000  RESTRAINT  =        12.4587
 EAMBER (non-restraint)  =    -54166.9865
 EKCMT  =      4829.3208  VIRIAL  =      5411.8211  VOLUME     =    180160.5744
                                                    Density    =         1.0178
 ------------------------------------------------------------------------------


 NSTEP =     9000   TIME(PS) =    2804.000  TEMP(K) =   302.43  PRESS =   -55.2
 Etot   =    -43316.5597  EKtot   =     11118.5635  EPtot      =    -54435.1232
 BOND   =       314.3166  ANGLE   =       947.1903  DIHED      =      2139.5927
 1-4 NB =       454.6255  1-4 EEL =      6212.9665  VDWAALS    =      6389.1366
 EELEC  =    -70906.8473  EHBOND  =         0.0000  RESTRAINT  =        13.8960
 EAMBER (non-restraint)  =    -54449.0192
 EKCMT  =      4794.0665  VIRIAL  =      5008.3901  VOLUME     =    179914.9530
                                                    Density    =         1.0192
 ------------------------------------------------------------------------------


 NSTEP =     9500   TIME(PS) =    2805.000  TEMP(K) =   294.94  PRESS =   -75.8
 Etot   =    -43318.5293  EKtot   =     10843.1846  EPtot      =    -54161.7139
 BOND   =       376.7479  ANGLE   =       980.7979  DIHED      =      2138.5195
 1-4 NB =       445.9451  1-4 EEL =      6198.5611  VDWAALS    =      6326.4794
 EELEC  =    -70644.3646  EHBOND  =         0.0000  RESTRAINT  =        15.5998
 EAMBER (non-restraint)  =    -54177.3136
 EKCMT  =      4725.3627  VIRIAL  =      5019.7821  VOLUME     =    179961.2475
                                                    Density    =         1.0189
 ------------------------------------------------------------------------------


 NSTEP =    10000   TIME(PS) =    2806.000  TEMP(K) =   300.43  PRESS =    64.4
 Etot   =    -43354.6054  EKtot   =     11044.9365  EPtot      =    -54399.5420
 BOND   =       361.9216  ANGLE   =      1024.7898  DIHED      =      2115.1236
 1-4 NB =       431.9263  1-4 EEL =      6218.3631  VDWAALS    =      6417.0644
 EELEC  =    -70985.1047  EHBOND  =         0.0000  RESTRAINT  =        16.3739
 EAMBER (non-restraint)  =    -54415.9159
 EKCMT  =      4860.4654  VIRIAL  =      4610.4820  VOLUME     =    179895.9883
                                                    Density    =         1.0193
 ------------------------------------------------------------------------------


 NSTEP =    10500   TIME(PS) =    2807.000  TEMP(K) =   302.21  PRESS =    -3.7
 Etot   =    -43308.2053  EKtot   =     11110.5586  EPtot      =    -54418.7639
 BOND   =       338.9410  ANGLE   =       971.9541  DIHED      =      2124.1964
 1-4 NB =       442.4910  1-4 EEL =      6205.5702  VDWAALS    =      6570.0412
 EELEC  =    -71088.5445  EHBOND  =         0.0000  RESTRAINT  =        16.5867
 EAMBER (non-restraint)  =    -54435.3506
 EKCMT  =      4882.8394  VIRIAL  =      4897.3877  VOLUME     =    179841.8179
                                                    Density    =         1.0196
 ------------------------------------------------------------------------------


 NSTEP =    11000   TIME(PS) =    2808.000  TEMP(K) =   301.17  PRESS =  -237.4
 Etot   =    -43251.7598  EKtot   =     11072.2031  EPtot      =    -54323.9629
 BOND   =       331.3157  ANGLE   =       960.6073  DIHED      =      2148.3212
 1-4 NB =       447.6103  1-4 EEL =      6245.8767  VDWAALS    =      6427.4600
 EELEC  =    -70900.3322  EHBOND  =         0.0000  RESTRAINT  =        15.1781
 EAMBER (non-restraint)  =    -54339.1411
 EKCMT  =      4893.6730  VIRIAL  =      5816.0131  VOLUME     =    179956.3982
                                                    Density    =         1.0190
 ------------------------------------------------------------------------------


 NSTEP =    11500   TIME(PS) =    2809.000  TEMP(K) =   302.61  PRESS =  -151.0
 Etot   =    -43289.7673  EKtot   =     11125.0029  EPtot      =    -54414.7702
 BOND   =       352.1961  ANGLE   =      1007.2993  DIHED      =      2136.2487
 1-4 NB =       438.6009  1-4 EEL =      6219.7866  VDWAALS    =      6485.0395
 EELEC  =    -71067.4267  EHBOND  =         0.0000  RESTRAINT  =        13.4853
 EAMBER (non-restraint)  =    -54428.2556
 EKCMT  =      4890.5002  VIRIAL  =      5476.9531  VOLUME     =    179877.2650
                                                    Density    =         1.0194
 ------------------------------------------------------------------------------


 NSTEP =    12000   TIME(PS) =    2810.000  TEMP(K) =   298.97  PRESS =    28.3
 Etot   =    -43377.5373  EKtot   =     10991.4590  EPtot      =    -54368.9963
 BOND   =       354.1797  ANGLE   =       930.5489  DIHED      =      2132.9844
 1-4 NB =       443.1634  1-4 EEL =      6218.1152  VDWAALS    =      6596.7820
 EELEC  =    -71059.9182  EHBOND  =         0.0000  RESTRAINT  =        15.1483
 EAMBER (non-restraint)  =    -54384.1446
 EKCMT  =      4822.9068  VIRIAL  =      4713.1903  VOLUME     =    179604.4178
                                                    Density    =         1.0210
 ------------------------------------------------------------------------------


 NSTEP =    12500   TIME(PS) =    2811.000  TEMP(K) =   299.78  PRESS =  -209.2
 Etot   =    -43443.8928  EKtot   =     11021.2842  EPtot      =    -54465.1770
 BOND   =       350.7993  ANGLE   =       929.5130  DIHED      =      2140.0894
 1-4 NB =       444.6495  1-4 EEL =      6218.3004  VDWAALS    =      6440.4446
 EELEC  =    -71003.7688  EHBOND  =         0.0000  RESTRAINT  =        14.7956
 EAMBER (non-restraint)  =    -54479.9726
 EKCMT  =      4794.2673  VIRIAL  =      5607.0440  VOLUME     =    179946.3351
                                                    Density    =         1.0190
 ------------------------------------------------------------------------------


 NSTEP =    13000   TIME(PS) =    2812.000  TEMP(K) =   300.16  PRESS =  -148.2
 Etot   =    -43339.2293  EKtot   =     11034.9180  EPtot      =    -54374.1472
 BOND   =       354.4691  ANGLE   =       986.7789  DIHED      =      2116.2993
 1-4 NB =       451.8675  1-4 EEL =      6238.2751  VDWAALS    =      6344.6731
 EELEC  =    -70878.2687  EHBOND  =         0.0000  RESTRAINT  =        11.7585
 EAMBER (non-restraint)  =    -54385.9057
 EKCMT  =      4798.1374  VIRIAL  =      5373.9997  VOLUME     =    180014.3864
                                                    Density    =         1.0186
 ------------------------------------------------------------------------------


 NSTEP =    13500   TIME(PS) =    2813.000  TEMP(K) =   297.98  PRESS =  -216.2
 Etot   =    -43477.6567  EKtot   =     10954.8115  EPtot      =    -54432.4683
 BOND   =       335.0928  ANGLE   =       982.0311  DIHED      =      2150.0362
 1-4 NB =       443.2686  1-4 EEL =      6214.6605  VDWAALS    =      6520.3055
 EELEC  =    -71088.5921  EHBOND  =         0.0000  RESTRAINT  =        10.7290
 EAMBER (non-restraint)  =    -54443.1973
 EKCMT  =      4821.6941  VIRIAL  =      5661.9486  VOLUME     =    180017.1184
                                                    Density    =         1.0186
 ------------------------------------------------------------------------------


 NSTEP =    14000   TIME(PS) =    2814.000  TEMP(K) =   297.90  PRESS =    84.4
 Etot   =    -43358.7386  EKtot   =     10952.0703  EPtot      =    -54310.8089
 BOND   =       336.7187  ANGLE   =      1002.2938  DIHED      =      2154.3085
 1-4 NB =       430.6844  1-4 EEL =      6199.8685  VDWAALS    =      6467.4113
 EELEC  =    -70912.6440  EHBOND  =         0.0000  RESTRAINT  =        10.5499
 EAMBER (non-restraint)  =    -54321.3588
 EKCMT  =      4788.6840  VIRIAL  =      4460.3642  VOLUME     =    180171.4650
                                                    Density    =         1.0178
 ------------------------------------------------------------------------------


 NSTEP =    14500   TIME(PS) =    2815.000  TEMP(K) =   297.78  PRESS =   211.2
 Etot   =    -43331.4946  EKtot   =     10947.6260  EPtot      =    -54279.1206
 BOND   =       334.4507  ANGLE   =       997.8599  DIHED      =      2132.8682
 1-4 NB =       432.4336  1-4 EEL =      6199.6928  VDWAALS    =      6699.5946
 EELEC  =    -71087.9777  EHBOND  =         0.0000  RESTRAINT  =        11.9573
 EAMBER (non-restraint)  =    -54291.0779
 EKCMT  =      4759.1305  VIRIAL  =      3938.0214  VOLUME     =    180057.7562
                                                    Density    =         1.0184
 ------------------------------------------------------------------------------


 NSTEP =    15000   TIME(PS) =    2816.000  TEMP(K) =   299.84  PRESS =    74.2
 Etot   =    -43344.1792  EKtot   =     11023.1582  EPtot      =    -54367.3374
 BOND   =       368.7762  ANGLE   =       953.0552  DIHED      =      2138.8880
 1-4 NB =       432.9601  1-4 EEL =      6213.5429  VDWAALS    =      6637.6272
 EELEC  =    -71125.4656  EHBOND  =         0.0000  RESTRAINT  =        13.2787
 EAMBER (non-restraint)  =    -54380.6160
 EKCMT  =      4808.0228  VIRIAL  =      4519.2087  VOLUME     =    180212.7569
                                                    Density    =         1.0175
 ------------------------------------------------------------------------------


 NSTEP =    15500   TIME(PS) =    2817.000  TEMP(K) =   302.08  PRESS =  -133.8
 Etot   =    -43165.4002  EKtot   =     11105.5059  EPtot      =    -54270.9061
 BOND   =       347.8933  ANGLE   =      1009.0137  DIHED      =      2133.1726
 1-4 NB =       439.5857  1-4 EEL =      6153.4154  VDWAALS    =      6457.3231
 EELEC  =    -70823.9219  EHBOND  =         0.0000  RESTRAINT  =        12.6120
 EAMBER (non-restraint)  =    -54283.5181
 EKCMT  =      4841.3212  VIRIAL  =      5360.3240  VOLUME     =    179621.5220
                                                    Density    =         1.0209
 ------------------------------------------------------------------------------


 NSTEP =    16000   TIME(PS) =    2818.000  TEMP(K) =   297.87  PRESS =    73.8
 Etot   =    -43500.7369  EKtot   =     10951.0859  EPtot      =    -54451.8228
 BOND   =       353.6878  ANGLE   =       971.8421  DIHED      =      2136.1849
 1-4 NB =       447.2464  1-4 EEL =      6174.5108  VDWAALS    =      6579.0914
 EELEC  =    -71128.1081  EHBOND  =         0.0000  RESTRAINT  =        13.7218
 EAMBER (non-restraint)  =    -54465.5446
 EKCMT  =      4767.5673  VIRIAL  =      4481.1402  VOLUME     =    179726.5453
                                                    Density    =         1.0203
 ------------------------------------------------------------------------------


 NSTEP =    16500   TIME(PS) =    2819.000  TEMP(K) =   299.26  PRESS =  -352.4
 Etot   =    -43444.2570  EKtot   =     11002.1104  EPtot      =    -54446.3674
 BOND   =       325.4913  ANGLE   =       990.7588  DIHED      =      2132.4413
 1-4 NB =       457.9381  1-4 EEL =      6192.7319  VDWAALS    =      6298.6318
 EELEC  =    -70854.9345  EHBOND  =         0.0000  RESTRAINT  =        10.5739
 EAMBER (non-restraint)  =    -54456.9413
 EKCMT  =      4773.2131  VIRIAL  =      6139.0243  VOLUME     =    179495.5430
                                                    Density    =         1.0216
 ------------------------------------------------------------------------------


 NSTEP =    17000   TIME(PS) =    2820.000  TEMP(K) =   303.64  PRESS =   167.5
 Etot   =    -43121.0568  EKtot   =     11163.1973  EPtot      =    -54284.2541
 BOND   =       325.4927  ANGLE   =      1004.2264  DIHED      =      2142.5924
 1-4 NB =       461.5868  1-4 EEL =      6210.2678  VDWAALS    =      6582.1527
 EELEC  =    -71021.8776  EHBOND  =         0.0000  RESTRAINT  =        11.3048
 EAMBER (non-restraint)  =    -54295.5589
 EKCMT  =      4953.5302  VIRIAL  =      4304.7359  VOLUME     =    179440.2385
                                                    Density    =         1.0219
 ------------------------------------------------------------------------------


 NSTEP =    17500   TIME(PS) =    2821.000  TEMP(K) =   301.93  PRESS =    -5.4
 Etot   =    -43218.2834  EKtot   =     11100.2783  EPtot      =    -54318.5617
 BOND   =       360.6451  ANGLE   =      1010.7753  DIHED      =      2120.4106
 1-4 NB =       444.5454  1-4 EEL =      6136.9963  VDWAALS    =      6540.0777
 EELEC  =    -70945.8488  EHBOND  =         0.0000  RESTRAINT  =        13.8367
 EAMBER (non-restraint)  =    -54332.3984
 EKCMT  =      4847.0466  VIRIAL  =      4868.1525  VOLUME     =    179521.3385
                                                    Density    =         1.0214
 ------------------------------------------------------------------------------


 NSTEP =    18000   TIME(PS) =    2822.000  TEMP(K) =   297.01  PRESS =   -97.6
 Etot   =    -43479.4428  EKtot   =     10919.3945  EPtot      =    -54398.8373
 BOND   =       353.8674  ANGLE   =       985.0642  DIHED      =      2102.9846
 1-4 NB =       438.5949  1-4 EEL =      6182.8807  VDWAALS    =      6475.8035
 EELEC  =    -70951.9944  EHBOND  =         0.0000  RESTRAINT  =        13.9618
 EAMBER (non-restraint)  =    -54412.7991
 EKCMT  =      4816.6325  VIRIAL  =      5195.2701  VOLUME     =    179587.3787
                                                    Density    =         1.0211
 ------------------------------------------------------------------------------


 NSTEP =    18500   TIME(PS) =    2823.000  TEMP(K) =   302.55  PRESS =  -312.8
 Etot   =    -43247.3649  EKtot   =     11122.9277  EPtot      =    -54370.2926
 BOND   =       320.3368  ANGLE   =      1052.1596  DIHED      =      2120.8987
 1-4 NB =       447.8289  1-4 EEL =      6219.2309  VDWAALS    =      6448.4154
 EELEC  =    -70991.1693  EHBOND  =         0.0000  RESTRAINT  =        12.0062
 EAMBER (non-restraint)  =    -54382.2989
 EKCMT  =      4842.9590  VIRIAL  =      6059.0403  VOLUME     =    180050.2379
                                                    Density    =         1.0184
 ------------------------------------------------------------------------------


 NSTEP =    19000   TIME(PS) =    2824.000  TEMP(K) =   299.19  PRESS =  -128.1
 Etot   =    -43305.3331  EKtot   =     10999.5410  EPtot      =    -54304.8741
 BOND   =       341.9823  ANGLE   =       996.6704  DIHED      =      2105.6287
 1-4 NB =       432.0134  1-4 EEL =      6174.9859  VDWAALS    =      6428.9411
 EELEC  =    -70798.9023  EHBOND  =         0.0000  RESTRAINT  =        13.8064
 EAMBER (non-restraint)  =    -54318.6805
 EKCMT  =      4765.9455  VIRIAL  =      5264.0993  VOLUME     =    180177.6548
                                                    Density    =         1.0177
 ------------------------------------------------------------------------------


 NSTEP =    19500   TIME(PS) =    2825.000  TEMP(K) =   300.71  PRESS =  -176.5
 Etot   =    -43526.4089  EKtot   =     11055.2822  EPtot      =    -54581.6911
 BOND   =       320.7507  ANGLE   =       982.3683  DIHED      =      2125.7213
 1-4 NB =       450.2544  1-4 EEL =      6219.7813  VDWAALS    =      6433.2141
 EELEC  =    -71127.7454  EHBOND  =         0.0000  RESTRAINT  =        13.9643
 EAMBER (non-restraint)  =    -54595.6554
 EKCMT  =      4850.1909  VIRIAL  =      5535.8998  VOLUME     =    179920.0498
                                                    Density    =         1.0192
 ------------------------------------------------------------------------------


 NSTEP =    20000   TIME(PS) =    2826.000  TEMP(K) =   301.03  PRESS =   -74.5
 Etot   =    -43330.1471  EKtot   =     11066.9795  EPtot      =    -54397.1265
 BOND   =       333.0841  ANGLE   =       964.0671  DIHED      =      2119.9349
 1-4 NB =       457.5408  1-4 EEL =      6179.2432  VDWAALS    =      6511.8205
 EELEC  =    -70979.6679  EHBOND  =         0.0000  RESTRAINT  =        16.8509
 EAMBER (non-restraint)  =    -54413.9774
 EKCMT  =      4817.5980  VIRIAL  =      5106.7886  VOLUME     =    179807.6668
                                                    Density    =         1.0198
 ------------------------------------------------------------------------------


 NSTEP =    20500   TIME(PS) =    2827.000  TEMP(K) =   297.31  PRESS =   194.7
 Etot   =    -43529.8912  EKtot   =     10930.2305  EPtot      =    -54460.1217
 BOND   =       348.5274  ANGLE   =       972.9891  DIHED      =      2136.4143
 1-4 NB =       440.7420  1-4 EEL =      6204.2048  VDWAALS    =      6669.0766
 EELEC  =    -71251.2730  EHBOND  =         0.0000  RESTRAINT  =        19.1971
 EAMBER (non-restraint)  =    -54479.3188
 EKCMT  =      4827.1699  VIRIAL  =      4070.3464  VOLUME     =    180044.1791
                                                    Density    =         1.0185
 ------------------------------------------------------------------------------


 NSTEP =    21000   TIME(PS) =    2828.000  TEMP(K) =   300.58  PRESS =   -39.9
 Etot   =    -43469.3457  EKtot   =     11050.6094  EPtot      =    -54519.9550
 BOND   =       332.1471  ANGLE   =       986.3005  DIHED      =      2126.0231
 1-4 NB =       428.5359  1-4 EEL =      6166.2331  VDWAALS    =      6580.9288
 EELEC  =    -71159.1319  EHBOND  =         0.0000  RESTRAINT  =        19.0084
 EAMBER (non-restraint)  =    -54538.9634
 EKCMT  =      4816.0047  VIRIAL  =      4970.6158  VOLUME     =    179656.1669
                                                    Density    =         1.0207
 ------------------------------------------------------------------------------


 NSTEP =    21500   TIME(PS) =    2829.000  TEMP(K) =   301.21  PRESS =    -9.3
 Etot   =    -43320.5475  EKtot   =     11073.5283  EPtot      =    -54394.0758
 BOND   =       365.9591  ANGLE   =       959.7272  DIHED      =      2135.9152
 1-4 NB =       444.2955  1-4 EEL =      6219.8130  VDWAALS    =      6529.4041
 EELEC  =    -71065.1414  EHBOND  =         0.0000  RESTRAINT  =        15.9516
 EAMBER (non-restraint)  =    -54410.0273
 EKCMT  =      4860.2679  VIRIAL  =      4896.2215  VOLUME     =    179471.2648
                                                    Density    =         1.0217
 ------------------------------------------------------------------------------


 NSTEP =    22000   TIME(PS) =    2830.000  TEMP(K) =   300.67  PRESS =    75.0
 Etot   =    -43288.2352  EKtot   =     11053.9473  EPtot      =    -54342.1825
 BOND   =       361.9536  ANGLE   =      1037.5660  DIHED      =      2136.4566
 1-4 NB =       445.1326  1-4 EEL =      6179.4681  VDWAALS    =      6462.4421
 EELEC  =    -70982.0242  EHBOND  =         0.0000  RESTRAINT  =        16.8226
 EAMBER (non-restraint)  =    -54359.0051
 EKCMT  =      4848.3595  VIRIAL  =      4557.8915  VOLUME     =    179476.8127
                                                    Density    =         1.0217
 ------------------------------------------------------------------------------


 NSTEP =    22500   TIME(PS) =    2831.000  TEMP(K) =   303.12  PRESS =  -108.0
 Etot   =    -43151.8580  EKtot   =     11143.8320  EPtot      =    -54295.6901
 BOND   =       316.8979  ANGLE   =       950.4009  DIHED      =      2131.8434
 1-4 NB =       451.3116  1-4 EEL =      6151.7892  VDWAALS    =      6551.2645
 EELEC  =    -70866.6617  EHBOND  =         0.0000  RESTRAINT  =        17.4640
 EAMBER (non-restraint)  =    -54313.1540
 EKCMT  =      4799.3398  VIRIAL  =      5218.5666  VOLUME     =    179707.2773
                                                    Density    =         1.0204
 ------------------------------------------------------------------------------


 NSTEP =    23000   TIME(PS) =    2832.000  TEMP(K) =   294.33  PRESS =    51.2
 Etot   =    -43432.3823  EKtot   =     10820.5840  EPtot      =    -54252.9663
 BOND   =       325.5366  ANGLE   =       984.4064  DIHED      =      2135.1794
 1-4 NB =       435.5241  1-4 EEL =      6196.1489  VDWAALS    =      6551.6643
 EELEC  =    -70899.5455  EHBOND  =         0.0000  RESTRAINT  =        18.1196
 EAMBER (non-restraint)  =    -54271.0859
 EKCMT  =      4707.6658  VIRIAL  =      4509.2269  VOLUME     =    179519.4017
                                                    Density    =         1.0215
 ------------------------------------------------------------------------------


 NSTEP =    23500   TIME(PS) =    2833.000  TEMP(K) =   299.39  PRESS =    25.0
 Etot   =    -43326.5846  EKtot   =     11006.9434  EPtot      =    -54333.5280
 BOND   =       359.3718  ANGLE   =       978.5537  DIHED      =      2119.4431
 1-4 NB =       460.7036  1-4 EEL =      6211.2565  VDWAALS    =      6575.2836
 EELEC  =    -71053.6415  EHBOND  =         0.0000  RESTRAINT  =        15.5013
 EAMBER (non-restraint)  =    -54349.0292
 EKCMT  =      4901.5931  VIRIAL  =      4804.8536  VOLUME     =    179305.8121
                                                    Density    =         1.0227
 ------------------------------------------------------------------------------


 NSTEP =    24000   TIME(PS) =    2834.000  TEMP(K) =   300.38  PRESS =   -11.0
 Etot   =    -43360.8857  EKtot   =     11043.0605  EPtot      =    -54403.9462
 BOND   =       336.6438  ANGLE   =       956.4097  DIHED      =      2123.2416
 1-4 NB =       432.9225  1-4 EEL =      6226.2989  VDWAALS    =      6581.0725
 EELEC  =    -71075.6124  EHBOND  =         0.0000  RESTRAINT  =        15.0770
 EAMBER (non-restraint)  =    -54419.0233
 EKCMT  =      4803.9590  VIRIAL  =      4846.7825  VOLUME     =    179674.4685
                                                    Density    =         1.0206
 ------------------------------------------------------------------------------


 NSTEP =    24500   TIME(PS) =    2835.000  TEMP(K) =   301.26  PRESS =   125.3
 Etot   =    -43344.1281  EKtot   =     11075.4814  EPtot      =    -54419.6096
 BOND   =       329.1950  ANGLE   =       996.6426  DIHED      =      2121.2376
 1-4 NB =       436.5063  1-4 EEL =      6207.3377  VDWAALS    =      6598.6913
 EELEC  =    -71124.9078  EHBOND  =         0.0000  RESTRAINT  =        15.6877
 EAMBER (non-restraint)  =    -54435.2973
 EKCMT  =      4890.3579  VIRIAL  =      4403.6137  VOLUME     =    179850.8543
                                                    Density    =         1.0196
 ------------------------------------------------------------------------------


 NSTEP =    25000   TIME(PS) =    2836.000  TEMP(K) =   299.98  PRESS =   -10.2
 Etot   =    -43423.5719  EKtot   =     11028.6553  EPtot      =    -54452.2271
 BOND   =       333.6079  ANGLE   =      1003.1016  DIHED      =      2124.6040
 1-4 NB =       436.8401  1-4 EEL =      6225.1745  VDWAALS    =      6490.5282
 EELEC  =    -71084.3655  EHBOND  =         0.0000  RESTRAINT  =        18.2821
 EAMBER (non-restraint)  =    -54470.5092
 EKCMT  =      4837.2351  VIRIAL  =      4876.6931  VOLUME     =    179690.0112
                                                    Density    =         1.0205
 ------------------------------------------------------------------------------


 NSTEP =    25500   TIME(PS) =    2837.000  TEMP(K) =   298.26  PRESS =   176.6
 Etot   =    -43359.7275  EKtot   =     10965.4160  EPtot      =    -54325.1435
 BOND   =       352.5697  ANGLE   =       998.3112  DIHED      =      2132.9980
 1-4 NB =       441.9657  1-4 EEL =      6179.0242  VDWAALS    =      6554.1724
 EELEC  =    -71004.0692  EHBOND  =         0.0000  RESTRAINT  =        19.8847
 EAMBER (non-restraint)  =    -54345.0282
 EKCMT  =      4856.5249  VIRIAL  =      4171.2382  VOLUME     =    179753.1848
                                                    Density    =         1.0201
 ------------------------------------------------------------------------------


 NSTEP =    26000   TIME(PS) =    2838.000  TEMP(K) =   298.04  PRESS =   -93.1
 Etot   =    -43227.7931  EKtot   =     10957.0547  EPtot      =    -54184.8478
 BOND   =       359.7615  ANGLE   =       980.7156  DIHED      =      2123.6317
 1-4 NB =       446.1070  1-4 EEL =      6203.3692  VDWAALS    =      6451.7087
 EELEC  =    -70767.3452  EHBOND  =         0.0000  RESTRAINT  =        17.2036
 EAMBER (non-restraint)  =    -54202.0514
 EKCMT  =      4738.0736  VIRIAL  =      5099.8566  VOLUME     =    180024.1248
                                                    Density    =         1.0186
 ------------------------------------------------------------------------------


 NSTEP =    26500   TIME(PS) =    2839.000  TEMP(K) =   299.45  PRESS =  -270.3
 Etot   =    -43273.8884  EKtot   =     11009.1318  EPtot      =    -54283.0203
 BOND   =       364.5308  ANGLE   =       970.7007  DIHED      =      2134.9917
 1-4 NB =       450.7086  1-4 EEL =      6216.6505  VDWAALS    =      6568.5533
 EELEC  =    -71009.0892  EHBOND  =         0.0000  RESTRAINT  =        19.9332
 EAMBER (non-restraint)  =    -54302.9535
 EKCMT  =      4807.0399  VIRIAL  =      5859.9715  VOLUME     =    180446.3158
                                                    Density    =         1.0162
 ------------------------------------------------------------------------------


 NSTEP =    27000   TIME(PS) =    2840.000  TEMP(K) =   301.01  PRESS =  -100.2
 Etot   =    -43404.9756  EKtot   =     11066.4639  EPtot      =    -54471.4395
 BOND   =       337.4784  ANGLE   =       986.6630  DIHED      =      2154.6660
 1-4 NB =       439.5378  1-4 EEL =      6233.3837  VDWAALS    =      6561.4350
 EELEC  =    -71201.5729  EHBOND  =         0.0000  RESTRAINT  =        16.9695
 EAMBER (non-restraint)  =    -54488.4089
 EKCMT  =      4858.2205  VIRIAL  =      5246.6792  VOLUME     =    179543.8332
                                                    Density    =         1.0213
 ------------------------------------------------------------------------------


 NSTEP =    27500   TIME(PS) =    2841.000  TEMP(K) =   299.22  PRESS =   148.2
 Etot   =    -43008.3674  EKtot   =     11000.5244  EPtot      =    -54008.8918
 BOND   =       355.1307  ANGLE   =      1013.6315  DIHED      =      2126.8842
 1-4 NB =       434.0929  1-4 EEL =      6200.6479  VDWAALS    =      6394.2192
 EELEC  =    -70554.2061  EHBOND  =         0.0000  RESTRAINT  =        20.7079
 EAMBER (non-restraint)  =    -54029.5997
 EKCMT  =      4810.9768  VIRIAL  =      4235.1880  VOLUME     =    179956.0996
                                                    Density    =         1.0190
 ------------------------------------------------------------------------------


 NSTEP =    28000   TIME(PS) =    2842.000  TEMP(K) =   300.17  PRESS =   172.3
 Etot   =    -43136.0607  EKtot   =     11035.2959  EPtot      =    -54171.3566
 BOND   =       334.5250  ANGLE   =       991.6913  DIHED      =      2102.8420
 1-4 NB =       449.5265  1-4 EEL =      6226.2188  VDWAALS    =      6518.6266
 EELEC  =    -70813.8515  EHBOND  =         0.0000  RESTRAINT  =        19.0647
 EAMBER (non-restraint)  =    -54190.4213
 EKCMT  =      4826.1353  VIRIAL  =      4156.7723  VOLUME     =    179922.9865
                                                    Density    =         1.0192
 ------------------------------------------------------------------------------


 NSTEP =    28500   TIME(PS) =    2843.000  TEMP(K) =   296.85  PRESS =    28.4
 Etot   =    -43363.7734  EKtot   =     10913.4971  EPtot      =    -54277.2704
 BOND   =       346.6744  ANGLE   =       999.3562  DIHED      =      2119.8890
 1-4 NB =       440.7295  1-4 EEL =      6232.7292  VDWAALS    =      6536.6200
 EELEC  =    -70969.9596  EHBOND  =         0.0000  RESTRAINT  =        16.6909
 EAMBER (non-restraint)  =    -54293.9613
 EKCMT  =      4787.1865  VIRIAL  =      4677.0510  VOLUME     =    179793.2272
                                                    Density    =         1.0199
 ------------------------------------------------------------------------------


 NSTEP =    29000   TIME(PS) =    2844.000  TEMP(K) =   298.44  PRESS =   -86.7
 Etot   =    -43489.2143  EKtot   =     10971.7451  EPtot      =    -54460.9594
 BOND   =       330.2932  ANGLE   =       989.6815  DIHED      =      2127.8627
 1-4 NB =       431.6582  1-4 EEL =      6236.5659  VDWAALS    =      6509.8632
 EELEC  =    -71104.7151  EHBOND  =         0.0000  RESTRAINT  =        17.8309
 EAMBER (non-restraint)  =    -54478.7903
 EKCMT  =      4808.3787  VIRIAL  =      5145.0740  VOLUME     =    179892.6713
                                                    Density    =         1.0193
 ------------------------------------------------------------------------------


 NSTEP =    29500   TIME(PS) =    2845.000  TEMP(K) =   301.14  PRESS =   -45.5
 Etot   =    -43147.5922  EKtot   =     11071.3027  EPtot      =    -54218.8949
 BOND   =       345.0580  ANGLE   =      1034.6522  DIHED      =      2138.4570
 1-4 NB =       435.8227  1-4 EEL =      6167.6626  VDWAALS    =      6526.4203
 EELEC  =    -70882.4008  EHBOND  =         0.0000  RESTRAINT  =        15.4332
 EAMBER (non-restraint)  =    -54234.3281
 EKCMT  =      4914.4656  VIRIAL  =      5091.5918  VOLUME     =    180168.2785
                                                    Density    =         1.0178
 ------------------------------------------------------------------------------


 NSTEP =    30000   TIME(PS) =    2846.000  TEMP(K) =   299.75  PRESS =   136.1
 Etot   =    -43282.5049  EKtot   =     11020.0645  EPtot      =    -54302.5694
 BOND   =       354.4061  ANGLE   =       961.1623  DIHED      =      2120.6745
 1-4 NB =       433.5506  1-4 EEL =      6238.4333  VDWAALS    =      6501.6141
 EELEC  =    -70929.2811  EHBOND  =         0.0000  RESTRAINT  =        16.8708
 EAMBER (non-restraint)  =    -54319.4402
 EKCMT  =      4806.7177  VIRIAL  =      4277.6421  VOLUME     =    180006.9897
                                                    Density    =         1.0187
 ------------------------------------------------------------------------------


 NSTEP =    30500   TIME(PS) =    2847.000  TEMP(K) =   298.64  PRESS =   -74.7
 Etot   =    -43441.4263  EKtot   =     10979.3379  EPtot      =    -54420.7642
 BOND   =       351.2962  ANGLE   =       966.6208  DIHED      =      2117.2565
 1-4 NB =       435.4701  1-4 EEL =      6193.5806  VDWAALS    =      6635.1826
 EELEC  =    -71134.8934  EHBOND  =         0.0000  RESTRAINT  =        14.7225
 EAMBER (non-restraint)  =    -54435.4866
 EKCMT  =      4777.6646  VIRIAL  =      5068.3888  VOLUME     =    180164.6476
                                                    Density    =         1.0178
 ------------------------------------------------------------------------------


 NSTEP =    31000   TIME(PS) =    2848.000  TEMP(K) =   303.95  PRESS =    59.0
 Etot   =    -42910.3674  EKtot   =     11174.4746  EPtot      =    -54084.8420
 BOND   =       343.8959  ANGLE   =      1005.3683  DIHED      =      2141.0063
 1-4 NB =       439.2954  1-4 EEL =      6185.5968  VDWAALS    =      6540.4115
 EELEC  =    -70753.5610  EHBOND  =         0.0000  RESTRAINT  =        13.1447
 EAMBER (non-restraint)  =    -54097.9868
 EKCMT  =      4855.6134  VIRIAL  =      4626.1947  VOLUME     =    180099.2507
                                                    Density    =         1.0182
 ------------------------------------------------------------------------------


 NSTEP =    31500   TIME(PS) =    2849.000  TEMP(K) =   303.88  PRESS =   -28.4
 Etot   =    -43079.4537  EKtot   =     11171.7559  EPtot      =    -54251.2096
 BOND   =       346.1490  ANGLE   =       954.3757  DIHED      =      2109.4379
 1-4 NB =       449.3805  1-4 EEL =      6206.1540  VDWAALS    =      6495.8977
 EELEC  =    -70827.7728  EHBOND  =         0.0000  RESTRAINT  =        15.1684
 EAMBER (non-restraint)  =    -54266.3780
 EKCMT  =      4896.6157  VIRIAL  =      5006.9779  VOLUME     =    180142.5058
                                                    Density    =         1.0179
 ------------------------------------------------------------------------------


 NSTEP =    32000   TIME(PS) =    2850.000  TEMP(K) =   299.53  PRESS =   147.6
 Etot   =    -43371.3643  EKtot   =     11011.9668  EPtot      =    -54383.3311
 BOND   =       294.5132  ANGLE   =      1005.6188  DIHED      =      2119.2795
 1-4 NB =       445.5296  1-4 EEL =      6205.2921  VDWAALS    =      6479.0022
 EELEC  =    -70948.6857  EHBOND  =         0.0000  RESTRAINT  =        16.1192
 EAMBER (non-restraint)  =    -54399.4503
 EKCMT  =      4812.9316  VIRIAL  =      4240.5367  VOLUME     =    179603.4673
                                                    Density    =         1.0210
 ------------------------------------------------------------------------------


 NSTEP =    32500   TIME(PS) =    2851.000  TEMP(K) =   296.67  PRESS =   174.4
 Etot   =    -43627.8596  EKtot   =     10906.8926  EPtot      =    -54534.7522
 BOND   =       359.6785  ANGLE   =       950.6641  DIHED      =      2105.5376
 1-4 NB =       424.0678  1-4 EEL =      6221.1038  VDWAALS    =      6453.4183
 EELEC  =    -71063.3360  EHBOND  =         0.0000  RESTRAINT  =        14.1136
 EAMBER (non-restraint)  =    -54548.8658
 EKCMT  =      4830.1831  VIRIAL  =      4154.0431  VOLUME     =    179531.6035
                                                    Density    =         1.0214
 ------------------------------------------------------------------------------


 NSTEP =    33000   TIME(PS) =    2852.000  TEMP(K) =   301.91  PRESS =    66.0
 Etot   =    -43291.3344  EKtot   =     11099.4121  EPtot      =    -54390.7465
 BOND   =       324.5152  ANGLE   =       968.5361  DIHED      =      2126.1516
 1-4 NB =       451.5186  1-4 EEL =      6221.5502  VDWAALS    =      6506.6359
 EELEC  =    -71003.0262  EHBOND  =         0.0000  RESTRAINT  =        13.3722
 EAMBER (non-restraint)  =    -54404.1187
 EKCMT  =      4861.5404  VIRIAL  =      4605.1334  VOLUME     =    179810.2469
                                                    Density    =         1.0198
 ------------------------------------------------------------------------------


 NSTEP =    33500   TIME(PS) =    2853.000  TEMP(K) =   302.63  PRESS =  -355.5
 Etot   =    -43151.9056  EKtot   =     11125.8594  EPtot      =    -54277.7649
 BOND   =       361.7731  ANGLE   =       953.4289  DIHED      =      2148.2909
 1-4 NB =       446.1303  1-4 EEL =      6214.8185  VDWAALS    =      6289.5631
 EELEC  =    -70707.5874  EHBOND  =         0.0000  RESTRAINT  =        15.8176
 EAMBER (non-restraint)  =    -54293.5825
 EKCMT  =      4866.3054  VIRIAL  =      6247.7784  VOLUME     =    179996.0119
                                                    Density    =         1.0187
 ------------------------------------------------------------------------------


 NSTEP =    34000   TIME(PS) =    2854.000  TEMP(K) =   296.70  PRESS =   219.2
 Etot   =    -43294.1726  EKtot   =     10907.9004  EPtot      =    -54202.0730
 BOND   =       332.4657  ANGLE   =       929.4849  DIHED      =      2166.4922
 1-4 NB =       444.6802  1-4 EEL =      6212.6860  VDWAALS    =      6499.5977
 EELEC  =    -70802.5548  EHBOND  =         0.0000  RESTRAINT  =        15.0752
 EAMBER (non-restraint)  =    -54217.1482
 EKCMT  =      4796.1738  VIRIAL  =      3946.4608  VOLUME     =    179537.0279
                                                    Density    =         1.0214
 ------------------------------------------------------------------------------


 NSTEP =    34500   TIME(PS) =    2855.000  TEMP(K) =   298.23  PRESS =    92.0
 Etot   =    -43346.5701  EKtot   =     10964.0742  EPtot      =    -54310.6443
 BOND   =       350.7209  ANGLE   =       982.3202  DIHED      =      2124.7328
 1-4 NB =       436.0393  1-4 EEL =      6207.5758  VDWAALS    =      6625.6808
 EELEC  =    -71052.0324  EHBOND  =         0.0000  RESTRAINT  =        14.3183
 EAMBER (non-restraint)  =    -54324.9627
 EKCMT  =      4726.8699  VIRIAL  =      4370.4249  VOLUME     =    179535.3827
                                                    Density    =         1.0214
 ------------------------------------------------------------------------------


 NSTEP =    35000   TIME(PS) =    2856.000  TEMP(K) =   299.46  PRESS =    38.2
 Etot   =    -43371.6774  EKtot   =     11009.4580  EPtot      =    -54381.1354
 BOND   =       329.3094  ANGLE   =       986.9759  DIHED      =      2134.6193
 1-4 NB =       436.0408  1-4 EEL =      6177.8892  VDWAALS    =      6627.7409
 EELEC  =    -71086.7257  EHBOND  =         0.0000  RESTRAINT  =        13.0148
 EAMBER (non-restraint)  =    -54394.1502
 EKCMT  =      4815.9554  VIRIAL  =      4667.9683  VOLUME     =    179259.5337
                                                    Density    =         1.0229
 ------------------------------------------------------------------------------


 NSTEP =    35500   TIME(PS) =    2857.000  TEMP(K) =   301.62  PRESS =  -229.0
 Etot   =    -43297.7623  EKtot   =     11088.6416  EPtot      =    -54386.4039
 BOND   =       369.1072  ANGLE   =       996.3930  DIHED      =      2144.6975
 1-4 NB =       460.4626  1-4 EEL =      6207.1621  VDWAALS    =      6469.1022
 EELEC  =    -71046.5192  EHBOND  =         0.0000  RESTRAINT  =        13.1908
 EAMBER (non-restraint)  =    -54399.5947
 EKCMT  =      4845.0446  VIRIAL  =      5731.8623  VOLUME     =    179361.9859
                                                    Density    =         1.0224
 ------------------------------------------------------------------------------


 NSTEP =    36000   TIME(PS) =    2858.000  TEMP(K) =   300.57  PRESS =   156.8
 Etot   =    -43291.9556  EKtot   =     11050.2393  EPtot      =    -54342.1949
 BOND   =       358.2711  ANGLE   =      1016.0260  DIHED      =      2140.7879
 1-4 NB =       450.2431  1-4 EEL =      6221.9997  VDWAALS    =      6451.0515
 EELEC  =    -70995.5817  EHBOND  =         0.0000  RESTRAINT  =        15.0075
 EAMBER (non-restraint)  =    -54357.2024
 EKCMT  =      4846.8616  VIRIAL  =      4239.2990  VOLUME     =    179492.0024
                                                    Density    =         1.0216
 ------------------------------------------------------------------------------


 NSTEP =    36500   TIME(PS) =    2859.000  TEMP(K) =   298.86  PRESS =    54.4
 Etot   =    -43346.0711  EKtot   =     10987.4463  EPtot      =    -54333.5174
 BOND   =       341.8612  ANGLE   =       952.1817  DIHED      =      2140.9409
 1-4 NB =       438.2604  1-4 EEL =      6190.5135  VDWAALS    =      6491.7272
 EELEC  =    -70901.9323  EHBOND  =         0.0000  RESTRAINT  =        12.9299
 EAMBER (non-restraint)  =    -54346.4472
 EKCMT  =      4775.8291  VIRIAL  =      4564.6973  VOLUME     =    179612.8087
                                                    Density    =         1.0209
 ------------------------------------------------------------------------------


 NSTEP =    37000   TIME(PS) =    2860.000  TEMP(K) =   300.21  PRESS =  -210.2
 Etot   =    -43500.4043  EKtot   =     11037.0537  EPtot      =    -54537.4580
 BOND   =       358.3704  ANGLE   =      1003.8864  DIHED      =      2122.3206
 1-4 NB =       445.6100  1-4 EEL =      6197.2470  VDWAALS    =      6545.4433
 EELEC  =    -71221.5524  EHBOND  =         0.0000  RESTRAINT  =        11.2169
 EAMBER (non-restraint)  =    -54548.6749
 EKCMT  =      4834.7502  VIRIAL  =      5650.5050  VOLUME     =    179775.3420
                                                    Density    =         1.0200
 ------------------------------------------------------------------------------


 NSTEP =    37500   TIME(PS) =    2861.000  TEMP(K) =   301.82  PRESS =    -5.4
 Etot   =    -43370.9474  EKtot   =     11096.1406  EPtot      =    -54467.0881
 BOND   =       338.7729  ANGLE   =       978.2011  DIHED      =      2127.1355
 1-4 NB =       446.0391  1-4 EEL =      6202.9171  VDWAALS    =      6607.9019
 EELEC  =    -71181.8857  EHBOND  =         0.0000  RESTRAINT  =        13.8300
 EAMBER (non-restraint)  =    -54480.9181
 EKCMT  =      4858.6194  VIRIAL  =      4879.5202  VOLUME     =    179927.5927
                                                    Density    =         1.0191
 ------------------------------------------------------------------------------


 NSTEP =    38000   TIME(PS) =    2862.000  TEMP(K) =   301.69  PRESS =     2.0
 Etot   =    -43113.8165  EKtot   =     11091.2480  EPtot      =    -54205.0646
 BOND   =       339.6559  ANGLE   =      1011.7802  DIHED      =      2133.6869
 1-4 NB =       439.7478  1-4 EEL =      6206.5110  VDWAALS    =      6396.1560
 EELEC  =    -70747.8740  EHBOND  =         0.0000  RESTRAINT  =        15.2716
 EAMBER (non-restraint)  =    -54220.3362
 EKCMT  =      4828.1625  VIRIAL  =      4820.3052  VOLUME     =    179976.8378
                                                    Density    =         1.0189
 ------------------------------------------------------------------------------


 NSTEP =    38500   TIME(PS) =    2863.000  TEMP(K) =   296.04  PRESS =  -136.7
 Etot   =    -43180.0707  EKtot   =     10883.7275  EPtot      =    -54063.7982
 BOND   =       374.2953  ANGLE   =       991.8735  DIHED      =      2123.7351
 1-4 NB =       437.7379  1-4 EEL =      6213.2707  VDWAALS    =      6395.4959
 EELEC  =    -70615.7066  EHBOND  =         0.0000  RESTRAINT  =        15.4999
 EAMBER (non-restraint)  =    -54079.2982
 EKCMT  =      4758.7965  VIRIAL  =      5288.1025  VOLUME     =    179343.1460
                                                    Density    =         1.0225
 ------------------------------------------------------------------------------


 NSTEP =    39000   TIME(PS) =    2864.000  TEMP(K) =   301.68  PRESS =   -18.2
 Etot   =    -43232.1770  EKtot   =     11090.8760  EPtot      =    -54323.0530
 BOND   =       346.1960  ANGLE   =       968.1379  DIHED      =      2136.9768
 1-4 NB =       444.7042  1-4 EEL =      6201.5027  VDWAALS    =      6352.5723
 EELEC  =    -70786.7632  EHBOND  =         0.0000  RESTRAINT  =        13.6202
 EAMBER (non-restraint)  =    -54336.6732
 EKCMT  =      4842.9250  VIRIAL  =      4913.4441  VOLUME     =    179517.9048
                                                    Density    =         1.0215
 ------------------------------------------------------------------------------


 NSTEP =    39500   TIME(PS) =    2865.000  TEMP(K) =   302.03  PRESS =  -217.5
 Etot   =    -43316.1302  EKtot   =     11103.7373  EPtot      =    -54419.8675
 BOND   =       351.1770  ANGLE   =       948.8471  DIHED      =      2115.6123
 1-4 NB =       429.9899  1-4 EEL =      6189.8806  VDWAALS    =      6413.2440
 EELEC  =    -70880.7352  EHBOND  =         0.0000  RESTRAINT  =        12.1168
 EAMBER (non-restraint)  =    -54431.9843
 EKCMT  =      4876.4526  VIRIAL  =      5721.0921  VOLUME     =    179869.1479
                                                    Density    =         1.0195
 ------------------------------------------------------------------------------


 NSTEP =    40000   TIME(PS) =    2866.000  TEMP(K) =   299.13  PRESS =   288.4
 Etot   =    -43221.7605  EKtot   =     10997.2998  EPtot      =    -54219.0603
 BOND   =       352.1134  ANGLE   =       979.4184  DIHED      =      2151.8893
 1-4 NB =       448.3841  1-4 EEL =      6197.0332  VDWAALS    =      6602.2395
 EELEC  =    -70965.6980  EHBOND  =         0.0000  RESTRAINT  =        15.5598
 EAMBER (non-restraint)  =    -54234.6201
 EKCMT  =      4784.0017  VIRIAL  =      3664.4574  VOLUME     =    179803.0838
                                                    Density    =         1.0198
 ------------------------------------------------------------------------------


 NSTEP =    40500   TIME(PS) =    2867.000  TEMP(K) =   299.69  PRESS =    25.1
 Etot   =    -43347.3565  EKtot   =     11017.7686  EPtot      =    -54365.1251
 BOND   =       353.6856  ANGLE   =       992.8545  DIHED      =      2112.5997
 1-4 NB =       433.3983  1-4 EEL =      6206.4064  VDWAALS    =      6579.7651
 EELEC  =    -71058.9171  EHBOND  =         0.0000  RESTRAINT  =        15.0824
 EAMBER (non-restraint)  =    -54380.2075
 EKCMT  =      4841.5069  VIRIAL  =      4744.2723  VOLUME     =    179327.8761
                                                    Density    =         1.0225
 ------------------------------------------------------------------------------


 NSTEP =    41000   TIME(PS) =    2868.000  TEMP(K) =   297.05  PRESS =   -85.7
 Etot   =    -43679.7681  EKtot   =     10920.7744  EPtot      =    -54600.5425
 BOND   =       350.1547  ANGLE   =       942.0912  DIHED      =      2145.0993
 1-4 NB =       448.9820  1-4 EEL =      6198.3135  VDWAALS    =      6516.8985
 EELEC  =    -71216.5457  EHBOND  =         0.0000  RESTRAINT  =        14.4639
 EAMBER (non-restraint)  =    -54615.0064
 EKCMT  =      4704.5481  VIRIAL  =      5036.5539  VOLUME     =    179527.8041
                                                    Density    =         1.0214
 ------------------------------------------------------------------------------


 NSTEP =    41500   TIME(PS) =    2869.000  TEMP(K) =   301.92  PRESS =  -253.6
 Etot   =    -43410.3872  EKtot   =     11099.8086  EPtot      =    -54510.1958
 BOND   =       360.8529  ANGLE   =       944.4946  DIHED      =      2122.0409
 1-4 NB =       446.6456  1-4 EEL =      6207.8397  VDWAALS    =      6386.8097
 EELEC  =    -70992.1644  EHBOND  =         0.0000  RESTRAINT  =        13.2852
 EAMBER (non-restraint)  =    -54523.4810
 EKCMT  =      4875.4770  VIRIAL  =      5858.6442  VOLUME     =    179524.2350
                                                    Density    =         1.0214
 ------------------------------------------------------------------------------


 NSTEP =    42000   TIME(PS) =    2870.000  TEMP(K) =   300.54  PRESS =    66.3
 Etot   =    -43315.0125  EKtot   =     11049.1455  EPtot      =    -54364.1580
 BOND   =       346.5418  ANGLE   =       928.0328  DIHED      =      2131.4381
 1-4 NB =       433.6446  1-4 EEL =      6189.4660  VDWAALS    =      6692.7471
 EELEC  =    -71100.2200  EHBOND  =         0.0000  RESTRAINT  =        14.1915
 EAMBER (non-restraint)  =    -54378.3495
 EKCMT  =      4777.2271  VIRIAL  =      4520.0250  VOLUME     =    179785.4241
                                                    Density    =         1.0199
 ------------------------------------------------------------------------------


 NSTEP =    42500   TIME(PS) =    2871.000  TEMP(K) =   300.35  PRESS =   -86.3
 Etot   =    -43412.6599  EKtot   =     11041.9531  EPtot      =    -54454.6131
 BOND   =       351.2789  ANGLE   =       965.8893  DIHED      =      2112.8092
 1-4 NB =       432.7271  1-4 EEL =      6156.0410  VDWAALS    =      6513.9903
 EELEC  =    -71004.2661  EHBOND  =         0.0000  RESTRAINT  =        16.9172
 EAMBER (non-restraint)  =    -54471.5303
 EKCMT  =      4823.1263  VIRIAL  =      5158.0794  VOLUME     =    179775.1860
                                                    Density    =         1.0200
 ------------------------------------------------------------------------------


 NSTEP =    43000   TIME(PS) =    2872.000  TEMP(K) =   304.53  PRESS =   348.0
 Etot   =    -43172.8342  EKtot   =     11195.8184  EPtot      =    -54368.6525
 BOND   =       344.6368  ANGLE   =       985.5097  DIHED      =      2120.6553
 1-4 NB =       441.2477  1-4 EEL =      6174.1818  VDWAALS    =      6712.6602
 EELEC  =    -71161.0672  EHBOND  =         0.0000  RESTRAINT  =        13.5232
 EAMBER (non-restraint)  =    -54382.1757
 EKCMT  =      4943.8577  VIRIAL  =      3591.4004  VOLUME     =    180001.4329
                                                    Density    =         1.0187
 ------------------------------------------------------------------------------


 NSTEP =    43500   TIME(PS) =    2873.000  TEMP(K) =   300.61  PRESS =   -14.0
 Etot   =    -43370.0506  EKtot   =     11051.4609  EPtot      =    -54421.5115
 BOND   =       351.1074  ANGLE   =      1003.9403  DIHED      =      2091.4700
 1-4 NB =       439.9552  1-4 EEL =      6202.6667  VDWAALS    =      6519.9136
 EELEC  =    -71045.1032  EHBOND  =         0.0000  RESTRAINT  =        14.5386
 EAMBER (non-restraint)  =    -54436.0501
 EKCMT  =      4903.6983  VIRIAL  =      4958.0800  VOLUME     =    180077.6495
                                                    Density    =         1.0183
 ------------------------------------------------------------------------------


 NSTEP =    44000   TIME(PS) =    2874.000  TEMP(K) =   300.61  PRESS =    28.2
 Etot   =    -43272.1711  EKtot   =     11051.6465  EPtot      =    -54323.8176
 BOND   =       359.6921  ANGLE   =       995.9684  DIHED      =      2115.1444
 1-4 NB =       451.8468  1-4 EEL =      6200.1380  VDWAALS    =      6467.6382
 EELEC  =    -70926.9254  EHBOND  =         0.0000  RESTRAINT  =        12.6801
 EAMBER (non-restraint)  =    -54336.4976
 EKCMT  =      4773.5279  VIRIAL  =      4663.9949  VOLUME     =    179814.6565
                                                    Density    =         1.0198
 ------------------------------------------------------------------------------


 NSTEP =    44500   TIME(PS) =    2875.000  TEMP(K) =   303.83  PRESS =    44.1
 Etot   =    -43246.8782  EKtot   =     11170.0400  EPtot      =    -54416.9183
 BOND   =       375.7147  ANGLE   =       982.4730  DIHED      =      2111.3790
 1-4 NB =       438.6602  1-4 EEL =      6235.6316  VDWAALS    =      6496.2126
 EELEC  =    -71070.6811  EHBOND  =         0.0000  RESTRAINT  =        13.6917
 EAMBER (non-restraint)  =    -54430.6100
 EKCMT  =      4860.9033  VIRIAL  =      4689.8111  VOLUME     =    179667.6967
                                                    Density    =         1.0206
 ------------------------------------------------------------------------------


 NSTEP =    45000   TIME(PS) =    2876.000  TEMP(K) =   296.86  PRESS =  -302.2
 Etot   =    -43418.5277  EKtot   =     10913.7080  EPtot      =    -54332.2357
 BOND   =       354.6509  ANGLE   =      1014.9731  DIHED      =      2118.6871
 1-4 NB =       454.1751  1-4 EEL =      6212.9178  VDWAALS    =      6353.6979
 EELEC  =    -70856.0417  EHBOND  =         0.0000  RESTRAINT  =        14.7041
 EAMBER (non-restraint)  =    -54346.9397
 EKCMT  =      4792.6255  VIRIAL  =      5965.7013  VOLUME     =    179760.0641
                                                    Density    =         1.0201
 ------------------------------------------------------------------------------


 NSTEP =    45500   TIME(PS) =    2877.000  TEMP(K) =   298.77  PRESS =   100.8
 Etot   =    -43393.5266  EKtot   =     10984.0557  EPtot      =    -54377.5823
 BOND   =       358.6661  ANGLE   =       966.8881  DIHED      =      2102.3333
 1-4 NB =       445.1417  1-4 EEL =      6203.6283  VDWAALS    =      6517.3441
 EELEC  =    -70985.9363  EHBOND  =         0.0000  RESTRAINT  =        14.3524
 EAMBER (non-restraint)  =    -54391.9346
 EKCMT  =      4848.3027  VIRIAL  =      4456.9189  VOLUME     =    179910.5147
                                                    Density    =         1.0192
 ------------------------------------------------------------------------------


 NSTEP =    46000   TIME(PS) =    2878.000  TEMP(K) =   300.84  PRESS =    74.6
 Etot   =    -43159.6955  EKtot   =     11060.0137  EPtot      =    -54219.7092
 BOND   =       328.6721  ANGLE   =      1004.8414  DIHED      =      2124.8603
 1-4 NB =       444.7061  1-4 EEL =      6177.7681  VDWAALS    =      6398.0411
 EELEC  =    -70717.2264  EHBOND  =         0.0000  RESTRAINT  =        18.6282
 EAMBER (non-restraint)  =    -54238.3374
 EKCMT  =      4872.7159  VIRIAL  =      4583.1852  VOLUME     =    179770.7386
                                                    Density    =         1.0200
 ------------------------------------------------------------------------------


 NSTEP =    46500   TIME(PS) =    2879.000  TEMP(K) =   297.12  PRESS =  -156.9
 Etot   =    -43313.1884  EKtot   =     10923.1562  EPtot      =    -54236.3446
 BOND   =       354.5188  ANGLE   =       962.0368  DIHED      =      2146.4639
 1-4 NB =       428.1052  1-4 EEL =      6167.2163  VDWAALS    =      6475.6391
 EELEC  =    -70786.0864  EHBOND  =         0.0000  RESTRAINT  =        15.7617
 EAMBER (non-restraint)  =    -54252.1063
 EKCMT  =      4754.4904  VIRIAL  =      5363.4647  VOLUME     =    179753.2877
                                                    Density    =         1.0201
 ------------------------------------------------------------------------------


 NSTEP =    47000   TIME(PS) =    2880.000  TEMP(K) =   302.05  PRESS =   159.8
 Etot   =    -43152.1284  EKtot   =     11104.6279  EPtot      =    -54256.7563
 BOND   =       342.1647  ANGLE   =      1017.0462  DIHED      =      2123.3495
 1-4 NB =       447.2609  1-4 EEL =      6199.3330  VDWAALS    =      6505.7373
 EELEC  =    -70905.6439  EHBOND  =         0.0000  RESTRAINT  =        13.9960
 EAMBER (non-restraint)  =    -54270.7523
 EKCMT  =      4932.3928  VIRIAL  =      4312.2951  VOLUME     =    179701.2659
                                                    Density    =         1.0204
 ------------------------------------------------------------------------------


 NSTEP =    47500   TIME(PS) =    2881.000  TEMP(K) =   299.03  PRESS =  -252.1
 Etot   =    -43440.8670  EKtot   =     10993.5420  EPtot      =    -54434.4090
 BOND   =       371.5947  ANGLE   =       981.8527  DIHED      =      2129.5730
 1-4 NB =       436.2120  1-4 EEL =      6175.6357  VDWAALS    =      6375.8596
 EELEC  =    -70919.7508  EHBOND  =         0.0000  RESTRAINT  =        14.6141
 EAMBER (non-restraint)  =    -54449.0231
 EKCMT  =      4820.3577  VIRIAL  =      5799.2126  VOLUME     =    179821.2804
                                                    Density    =         1.0197
 ------------------------------------------------------------------------------


 NSTEP =    48000   TIME(PS) =    2882.000  TEMP(K) =   298.82  PRESS =   -33.7
 Etot   =    -43367.6247  EKtot   =     10985.6787  EPtot      =    -54353.3034
 BOND   =       355.9477  ANGLE   =       977.4791  DIHED      =      2129.1039
 1-4 NB =       435.7576  1-4 EEL =      6216.2473  VDWAALS    =      6647.2003
 EELEC  =    -71129.7357  EHBOND  =         0.0000  RESTRAINT  =        14.6964
 EAMBER (non-restraint)  =    -54367.9998
 EKCMT  =      4850.8739  VIRIAL  =      4981.6218  VOLUME     =    179814.5844
                                                    Density    =         1.0198
 ------------------------------------------------------------------------------


 NSTEP =    48500   TIME(PS) =    2883.000  TEMP(K) =   298.43  PRESS =  -279.6
 Etot   =    -43521.2249  EKtot   =     10971.3750  EPtot      =    -54492.5999
 BOND   =       371.2517  ANGLE   =       964.1006  DIHED      =      2128.7927
 1-4 NB =       436.1949  1-4 EEL =      6208.7662  VDWAALS    =      6575.0247
 EELEC  =    -71189.3960  EHBOND  =         0.0000  RESTRAINT  =        12.6654
 EAMBER (non-restraint)  =    -54505.2652
 EKCMT  =      4794.3640  VIRIAL  =      5880.9200  VOLUME     =    179966.9127
                                                    Density    =         1.0189
 ------------------------------------------------------------------------------


 NSTEP =    49000   TIME(PS) =    2884.000  TEMP(K) =   300.51  PRESS =   214.6
 Etot   =    -43352.3295  EKtot   =     11047.9570  EPtot      =    -54400.2866
 BOND   =       345.5242  ANGLE   =       969.2347  DIHED      =      2130.7853
 1-4 NB =       435.3301  1-4 EEL =      6191.2169  VDWAALS    =      6664.6782
 EELEC  =    -71151.4155  EHBOND  =         0.0000  RESTRAINT  =        14.3595
 EAMBER (non-restraint)  =    -54414.6460
 EKCMT  =      4791.1771  VIRIAL  =      3959.8812  VOLUME     =    179384.7465
                                                    Density    =         1.0222
 ------------------------------------------------------------------------------


 NSTEP =    49500   TIME(PS) =    2885.000  TEMP(K) =   302.42  PRESS =   -50.0
 Etot   =    -43167.6392  EKtot   =     11118.1328  EPtot      =    -54285.7720
 BOND   =       365.6896  ANGLE   =       961.0649  DIHED      =      2129.3466
 1-4 NB =       421.3544  1-4 EEL =      6174.0587  VDWAALS    =      6437.1432
 EELEC  =    -70789.6144  EHBOND  =         0.0000  RESTRAINT  =        15.1849
 EAMBER (non-restraint)  =    -54300.9570
 EKCMT  =      4899.5378  VIRIAL  =      5093.7082  VOLUME     =    179848.1106
                                                    Density    =         1.0196
 ------------------------------------------------------------------------------


 NSTEP =    50000   TIME(PS) =    2886.000  TEMP(K) =   301.99  PRESS =   422.8
 Etot   =    -43000.9554  EKtot   =     11102.2617  EPtot      =    -54103.2171
 BOND   =       365.2832  ANGLE   =      1013.4311  DIHED      =      2131.1657
 1-4 NB =       445.3980  1-4 EEL =      6179.0646  VDWAALS    =      6494.6051
 EELEC  =    -70747.5819  EHBOND  =         0.0000  RESTRAINT  =        15.4171
 EAMBER (non-restraint)  =    -54118.6342
 EKCMT  =      4835.4309  VIRIAL  =      3197.2077  VOLUME     =    179468.7991
                                                    Density    =         1.0217
 ------------------------------------------------------------------------------


      A V E R A G E S   O V E R     100 S T E P S


 NSTEP =    50000   TIME(PS) =    2886.000  TEMP(K) =   299.89  PRESS =   -15.0
 Etot   =    -43322.9114  EKtot   =     11025.1319  EPtot      =    -54348.0433
 BOND   =       347.0993  ANGLE   =       981.7041  DIHED      =      2128.6380
 1-4 NB =       442.8650  1-4 EEL =      6201.8583  VDWAALS    =      6506.3492
 EELEC  =    -70971.0491  EHBOND  =         0.0000  RESTRAINT  =        14.4919
 EAMBER (non-restraint)  =    -54362.5352
 EKCMT  =      4824.5414  VIRIAL  =      4882.9665  VOLUME     =    179740.6359
                                                    Density    =         1.0202
 ------------------------------------------------------------------------------


      R M S  F L U C T U A T I O N S


 NSTEP =    50000   TIME(PS) =    2886.000  TEMP(K) =     2.13  PRESS =   155.3
 Etot   =       138.6716  EKtot   =        78.1953  EPtot      =       111.7988
 BOND   =        15.5200  ANGLE   =        25.5072  DIHED      =        13.0065
 1-4 NB =         8.1123  1-4 EEL =        20.7433  VDWAALS    =        89.9255
 EELEC  =       150.1861  EHBOND  =         0.0000  RESTRAINT  =         2.4625
 EAMBER (non-restraint)  =       109.3363
 EKCMT  =        50.1323  VIRIAL  =       598.7189  VOLUME     =       288.3122
                                                    Density    =         0.0016
 ------------------------------------------------------------------------------

--------------------------------------------------------------------------------
   5.  TIMINGS
--------------------------------------------------------------------------------

|  NonSetup CPU Time in Major Routines:
|
|     Routine           Sec        %
|     ------------------------------
|     Nonbond          90.26   87.04
|     Bond              0.00    0.00
|     Angle             0.00    0.00
|     Dihedral          0.00    0.00
|     Shake             0.26    0.25
|     RunMD            13.14   12.67
|     Other             0.04    0.04
|     ------------------------------
|     Total           103.70

|  PME Nonbond Pairlist CPU Time:
|
|     Routine              Sec        %
|     ---------------------------------
|     Set Up Cit           0.00    0.00
|     Build List           0.00    0.00
|     ---------------------------------
|     Total                0.00    0.00

|  PME Direct Force CPU Time:
|
|     Routine              Sec        %
|     ---------------------------------
|     NonBonded Calc       0.00    0.00
|     Exclude Masked       0.00    0.00
|     Other                0.03    0.03
|     ---------------------------------
|     Total                0.03    0.03

|  PME Reciprocal Force CPU Time:
|
|     Routine              Sec        %
|     ---------------------------------
|     1D bspline           0.00    0.00
|     Grid Charges         0.00    0.00
|     Scalar Sum           0.00    0.00
|     Gradient Sum         0.00    0.00
|     FFT                  0.00    0.00
|     ---------------------------------
|     Total                0.00    0.00

|  Final Performance Info:
|     -----------------------------------------------------
|     Average timings for last   20500 steps:
|     Elapsed(s) =      42.52 Per Step(ms) =       2.07
|         ns/day =      83.31   seconds/ns =    1037.08
|
|     Average timings for all steps:
|     Elapsed(s) =     103.71 Per Step(ms) =       2.07
|         ns/day =      83.31   seconds/ns =    1037.13
|     -----------------------------------------------------

|  Setup CPU time:            0.48 seconds
|  NonSetup CPU time:       103.70 seconds
|  Total CPU time:          104.18 seconds     0.03 hours

|  Setup wall time:           0    seconds
|  NonSetup wall time:      104    seconds
|  Total wall time:         104    seconds     0.03 hours
