
          -------------------------------------------------------
          Amber 16 PMEMD                              2016
          -------------------------------------------------------

| PMEMD implementation of SANDER, Release 16

| Run on 07/03/2017 at 21:00:28

|   Executable path: pmemd.cuda
| Working directory: /home/german/obp/run/mu_apo/mhe/e
|          Hostname: Unknown
  [-O]verwriting output

File Assignments:
|   MDIN: 30equ.in                                                              
|  MDOUT: 30equ.out                                                             
| INPCRD: 29emu_apo.rst7                                                        
|   PARM: /home/german/obp/top_files/mu_apo.prmtop                              
| RESTRT: 30emu_apo.rst7                                                        
|   REFC: refc                                                                  
|  MDVEL: mdvel                                                                 
|   MDEN: mden                                                                  
|  MDCRD: 30emu_apo.nc                                                          
| MDINFO: mdinfo                                                                
|  MDFRC: mdfrc                                                                 


 Here is the input file:

Equilibration without solute restrictions                                      
&cntrl                                                                         
imin = 0,                           ! No Minimization                          
nmropt = 0,                         ! No NMR restraints read                   
                                                                               
! Nature and format of the input                                               
ntx = 5,                            ! Coordinates and velocities will be read  
irest = 1,                          ! Do not run a new simulation              
                                                                               
! Nature and format of the output                                              
ntxo = 1,                           ! rstrt file in ASCII format               
ntpr = 500,                         ! inf in output every ntpr steps           
ntwr = 500,                         ! rstrt file every ntwr steps              
ntwx = 500,                         ! mdcrd file every ntwx steps              
ntwv = 0,                           ! mdvel without velocities                 
ntwe = 0,                           ! Energies and temperatures not written in 
idecomp = 0,                        ! No energy decomposition                  
iwrap = 1,                          ! Coordinates of the restart and mdcrd file
                                                                               
! Frozen or restrained atoms                                                   
ibelly = 0,                         ! No frozen atoms                          
ntr=0,                              ! Harmonic potential restraints            
                                                                               
! Molecular dynamics                                                           
nstlim = 50000,                     ! Number of MD-steps                       
dt = 0.002,                         ! Time step                                
                                                                               
! Temperature regulation                                                       
ntt = 3,                            ! Langevin thermostat                      
gamma_ln = 2,                       ! Gamma constant for Langevin              
!temp0 = 300.0,                     ! Reference T at which the system is to be 
tempi = 300.0,                      ! Initial T                                
ig = -1,                            ! Seed for the RNG                         
                                                                               
! P and V regulation                                                           
ntp = 0,                            ! No P control                             
ntb = 1,                            ! constant V                               
                                                                               
! SHAKE variables                                                              
ntc = 2,                            ! Bonds involving H are constrained        
ntf = 2,                            ! Bond interaction involving H are ommited.
                                                                               
cut = 9.0,                         ! Nonbonded cutoff                          
/                                                                              
&end                                                                           


Note: ig = -1. Setting random seed to   577602 based on wallclock time in 
      microseconds.
 
|--------------------- INFORMATION ----------------------
| GPU (CUDA) Version of PMEMD in use: NVIDIA GPU IN USE.
|                    Version 16.0.0
| 
|                      02/25/2016
| 
| Implementation by:
|                    Ross C. Walker     (SDSC)
|                    Scott Le Grand     (nVIDIA)
| 
| Precision model in use:
|      [SPFP] - Single Precision Forces, 64-bit Fixed Point
|               Accumulation. (Default)
| 
|--------------------------------------------------------
 
|----------------- CITATION INFORMATION -----------------
|
|    When publishing work that utilized the CUDA version
|    of AMBER, please cite the following in addition to
|    the regular AMBER citations:
|
|  - Romelia Salomon-Ferrer; Andreas W. Goetz; Duncan
|    Poole; Scott Le Grand; Ross C. Walker "Routine
|    microsecond molecular dynamics simulations with
|    AMBER - Part II: Particle Mesh Ewald", J. Chem.
|    Theory Comput., 2013, 9 (9), pp3878-3888,
|    DOI: 10.1021/ct400314y.
|
|  - Andreas W. Goetz; Mark J. Williamson; Dong Xu;
|    Duncan Poole; Scott Le Grand; Ross C. Walker
|    "Routine microsecond molecular dynamics simulations
|    with AMBER - Part I: Generalized Born", J. Chem.
|    Theory Comput., 2012, 8 (5), pp1542-1555.
|
|  - Scott Le Grand; Andreas W. Goetz; Ross C. Walker
|    "SPFP: Speed without compromise - a mixed precision
|    model for GPU accelerated molecular dynamics
|    simulations.", Comp. Phys. Comm., 2013, 184
|    pp374-380, DOI: 10.1016/j.cpc.2012.09.022
|
|--------------------------------------------------------
 
|------------------- GPU DEVICE INFO --------------------
|
|            CUDA_VISIBLE_DEVICES: 1
|   CUDA Capable Devices Detected:      1
|           CUDA Device ID in use:      0
|                CUDA Device Name: GeForce GTX 1060 6GB
|     CUDA Device Global Mem Size:   6072 MB
| CUDA Device Num Multiprocessors:     10
|           CUDA Device Core Freq:   1.76 GHz
|
|--------------------------------------------------------
 
 
| Conditional Compilation Defines Used:
| PUBFFT
| BINTRAJ
| CUDA
| EMIL

| Largest sphere to fit in unit cell has radius =    26.165

| New format PARM file being parsed.
| Version =    1.000 Date = 02/24/15 Time = 11:47:26

| Note: 1-4 EEL scale factors are being read from the topology file.

| Note: 1-4 VDW scale factors are being read from the topology file.
| Duplicated    0 dihedrals

| Duplicated    0 dihedrals

--------------------------------------------------------------------------------
   1.  RESOURCE   USE: 
--------------------------------------------------------------------------------

 getting new box info from bottom of inpcrd
 NATOM  =   18031 NTYPES =      17 NBONH =   17092 MBONA  =     943
 NTHETH =    2205 MTHETA =    1267 NPHIH =    4292 MPHIA  =    4346
 NHPARM =       0 NPARM  =       0 NNB   =   32012 NRES   =    5500
 NBONA  =     943 NTHETA =    1267 NPHIA =    4346 NUMBND =      60
 NUMANG =     134 NPTRA  =     240 NATYP =      33 NPHB   =       1
 IFBOX  =       1 NMXRS  =      24 IFCAP =       0 NEXTRA =       0
 NCOPY  =       0

| Coordinate Index Table dimensions:    11   12   10
| Direct force subcell size =     5.0208    5.1930    5.2329

     BOX TYPE: RECTILINEAR

--------------------------------------------------------------------------------
   2.  CONTROL  DATA  FOR  THE  RUN
--------------------------------------------------------------------------------

default_name                                                                    

General flags:
     imin    =       0, nmropt  =       0

Nature and format of input:
     ntx     =       5, irest   =       1, ntrx    =       1

Nature and format of output:
     ntxo    =       1, ntpr    =     500, ntrx    =       1, ntwr    =     500
     iwrap   =       1, ntwx    =     500, ntwv    =       0, ntwe    =       0
     ioutfm  =       1, ntwprt  =       0, idecomp =       0, rbornstat=      0

Potential function:
     ntf     =       2, ntb     =       1, igb     =       0, nsnb    =      25
     ipol    =       0, gbsa    =       0, iesp    =       0
     dielc   =   1.00000, cut     =   9.00000, intdiel =   1.00000

Frozen or restrained atoms:
     ibelly  =       0, ntr     =       0

Molecular dynamics:
     nstlim  =     50000, nscm    =      1000, nrespa  =         1
     t       =   0.00000, dt      =   0.00200, vlimit  =  -1.00000

Langevin dynamics temperature regulation:
     ig      =  577602
     temp0   = 300.00000, tempi   = 300.00000, gamma_ln=   2.00000

SHAKE:
     ntc     =       2, jfastw  =       0
     tol     =   0.00001

| Intermolecular bonds treatment:
|     no_intermolecular_bonds =       1

| Energy averages sample interval:
|     ene_avg_sampling =     500

Ewald parameters:
     verbose =       0, ew_type =       0, nbflag  =       1, use_pme =       1
     vdwmeth =       1, eedmeth =       1, netfrc  =       1
     Box X =   55.229   Box Y =   62.315   Box Z =   52.329
     Alpha =   90.000   Beta  =   90.000   Gamma =   90.000
     NFFT1 =   56       NFFT2 =   64       NFFT3 =   56
     Cutoff=    9.000   Tol   =0.100E-04
     Ewald Coefficient =  0.30768
     Interpolation order =    4

--------------------------------------------------------------------------------
   3.  ATOMIC COORDINATES AND VELOCITIES
--------------------------------------------------------------------------------

default_name                                                                    
 begin time read from input coords =  2986.000 ps

 
 Number of triangulated 3-point waters found:     5378

     Sum of charges from parm topology file =  -0.00000006
     Forcing neutrality...

| Dynamic Memory, Types Used:
| Reals              587006
| Integers           616387

| Nonbonded Pairs Initial Allocation:     4111068

| GPU memory information (estimate):
| KB of GPU memory in use:    100539
| KB of CPU memory in use:     21195

--------------------------------------------------------------------------------
   4.  RESULTS
--------------------------------------------------------------------------------

 ---------------------------------------------------
 APPROXIMATING switch and d/dx switch using CUBIC SPLINE INTERPOLATION
 using   5000.0 points per unit in tabled values
 TESTING RELATIVE ERROR over r ranging from 0.0 to cutoff
| CHECK switch(x): max rel err =   0.2738E-14   at   2.422500
| CHECK d/dx switch(x): max rel err =   0.8314E-11   at   2.736960
 ---------------------------------------------------
|---------------------------------------------------
| APPROXIMATING direct energy using CUBIC SPLINE INTERPOLATION
|  with   50.0 points per unit in tabled values
| Relative Error Limit not exceeded for r .gt.   2.39
| APPROXIMATING direct force using CUBIC SPLINE INTERPOLATION
|  with   50.0 points per unit in tabled values
| Relative Error Limit not exceeded for r .gt.   2.84
|---------------------------------------------------

 NSTEP =      500   TIME(PS) =    2987.000  TEMP(K) =   300.16  PRESS =     0.0
 Etot   =    -43514.5090  EKtot   =     11034.9668  EPtot      =    -54549.4758
 BOND   =       369.6901  ANGLE   =       998.2032  DIHED      =      2102.1041
 1-4 NB =       449.4461  1-4 EEL =      6164.4381  VDWAALS    =      6556.3339
 EELEC  =    -71189.6914  EHBOND  =         0.0000  RESTRAINT  =         0.0000
 ------------------------------------------------------------------------------


 NSTEP =     1000   TIME(PS) =    2988.000  TEMP(K) =   299.31  PRESS =     0.0
 Etot   =    -43381.4353  EKtot   =     11003.6758  EPtot      =    -54385.1110
 BOND   =       324.4796  ANGLE   =      1002.2865  DIHED      =      2108.4607
 1-4 NB =       440.1876  1-4 EEL =      6142.3819  VDWAALS    =      6402.2201
 EELEC  =    -70805.1275  EHBOND  =         0.0000  RESTRAINT  =         0.0000
 ------------------------------------------------------------------------------


 NSTEP =     1500   TIME(PS) =    2989.000  TEMP(K) =   299.47  PRESS =     0.0
 Etot   =    -43186.7360  EKtot   =     11009.8613  EPtot      =    -54196.5973
 BOND   =       329.0462  ANGLE   =       997.9846  DIHED      =      2111.4483
 1-4 NB =       444.7507  1-4 EEL =      6171.1853  VDWAALS    =      6514.2045
 EELEC  =    -70765.2169  EHBOND  =         0.0000  RESTRAINT  =         0.0000
 ------------------------------------------------------------------------------


 NSTEP =     2000   TIME(PS) =    2990.000  TEMP(K) =   300.18  PRESS =     0.0
 Etot   =    -43264.9753  EKtot   =     11035.6562  EPtot      =    -54300.6315
 BOND   =       328.7750  ANGLE   =       994.1041  DIHED      =      2121.9831
 1-4 NB =       452.4328  1-4 EEL =      6176.7536  VDWAALS    =      6511.5236
 EELEC  =    -70886.2038  EHBOND  =         0.0000  RESTRAINT  =         0.0000
 ------------------------------------------------------------------------------


 NSTEP =     2500   TIME(PS) =    2991.000  TEMP(K) =   300.07  PRESS =     0.0
 Etot   =    -43338.5028  EKtot   =     11031.6523  EPtot      =    -54370.1552
 BOND   =       320.3562  ANGLE   =       975.9284  DIHED      =      2136.9234
 1-4 NB =       444.2047  1-4 EEL =      6211.8434  VDWAALS    =      6355.0457
 EELEC  =    -70814.4569  EHBOND  =         0.0000  RESTRAINT  =         0.0000
 ------------------------------------------------------------------------------


 NSTEP =     3000   TIME(PS) =    2992.000  TEMP(K) =   301.34  PRESS =     0.0
 Etot   =    -43394.8313  EKtot   =     11078.5850  EPtot      =    -54473.4162
 BOND   =       349.0466  ANGLE   =       982.1195  DIHED      =      2111.8258
 1-4 NB =       458.1622  1-4 EEL =      6227.0923  VDWAALS    =      6419.2457
 EELEC  =    -71020.9084  EHBOND  =         0.0000  RESTRAINT  =         0.0000
 ------------------------------------------------------------------------------


 NSTEP =     3500   TIME(PS) =    2993.000  TEMP(K) =   299.94  PRESS =     0.0
 Etot   =    -43408.6310  EKtot   =     11026.9180  EPtot      =    -54435.5490
 BOND   =       346.9505  ANGLE   =       995.5755  DIHED      =      2106.9855
 1-4 NB =       430.4330  1-4 EEL =      6179.3157  VDWAALS    =      6493.1301
 EELEC  =    -70987.9393  EHBOND  =         0.0000  RESTRAINT  =         0.0000
 ------------------------------------------------------------------------------


 NSTEP =     4000   TIME(PS) =    2994.000  TEMP(K) =   301.45  PRESS =     0.0
 Etot   =    -43208.0305  EKtot   =     11082.3555  EPtot      =    -54290.3860
 BOND   =       352.9150  ANGLE   =       991.8730  DIHED      =      2115.7770
 1-4 NB =       434.2329  1-4 EEL =      6200.0797  VDWAALS    =      6831.2845
 EELEC  =    -71216.5481  EHBOND  =         0.0000  RESTRAINT  =         0.0000
 ------------------------------------------------------------------------------


 NSTEP =     4500   TIME(PS) =    2995.000  TEMP(K) =   298.44  PRESS =     0.0
 Etot   =    -43336.7831  EKtot   =     10971.9893  EPtot      =    -54308.7723
 BOND   =       357.1589  ANGLE   =       972.3454  DIHED      =      2129.0603
 1-4 NB =       460.9349  1-4 EEL =      6228.5938  VDWAALS    =      6581.7180
 EELEC  =    -71038.5837  EHBOND  =         0.0000  RESTRAINT  =         0.0000
 ------------------------------------------------------------------------------


 NSTEP =     5000   TIME(PS) =    2996.000  TEMP(K) =   301.67  PRESS =     0.0
 Etot   =    -43360.1491  EKtot   =     11090.4248  EPtot      =    -54450.5739
 BOND   =       362.7185  ANGLE   =       955.6946  DIHED      =      2110.6223
 1-4 NB =       434.1497  1-4 EEL =      6187.6926  VDWAALS    =      6462.0662
 EELEC  =    -70963.5177  EHBOND  =         0.0000  RESTRAINT  =         0.0000
 ------------------------------------------------------------------------------


 NSTEP =     5500   TIME(PS) =    2997.000  TEMP(K) =   297.97  PRESS =     0.0
 Etot   =    -43317.4401  EKtot   =     10954.5273  EPtot      =    -54271.9675
 BOND   =       340.6806  ANGLE   =       999.5124  DIHED      =      2101.0302
 1-4 NB =       453.5679  1-4 EEL =      6219.4017  VDWAALS    =      6610.3202
 EELEC  =    -70996.4805  EHBOND  =         0.0000  RESTRAINT  =         0.0000
 ------------------------------------------------------------------------------


 NSTEP =     6000   TIME(PS) =    2998.000  TEMP(K) =   299.15  PRESS =     0.0
 Etot   =    -43109.0825  EKtot   =     10997.9844  EPtot      =    -54107.0669
 BOND   =       370.9631  ANGLE   =      1007.9735  DIHED      =      2120.1642
 1-4 NB =       437.3103  1-4 EEL =      6236.1277  VDWAALS    =      6540.5957
 EELEC  =    -70820.2013  EHBOND  =         0.0000  RESTRAINT  =         0.0000
 ------------------------------------------------------------------------------


 NSTEP =     6500   TIME(PS) =    2999.000  TEMP(K) =   300.16  PRESS =     0.0
 Etot   =    -43285.9690  EKtot   =     11034.9990  EPtot      =    -54320.9680
 BOND   =       353.7134  ANGLE   =       961.8420  DIHED      =      2134.6870
 1-4 NB =       432.9848  1-4 EEL =      6226.9959  VDWAALS    =      6329.1955
 EELEC  =    -70760.3865  EHBOND  =         0.0000  RESTRAINT  =         0.0000
 ------------------------------------------------------------------------------


 NSTEP =     7000   TIME(PS) =    3000.000  TEMP(K) =   298.66  PRESS =     0.0
 Etot   =    -43567.8403  EKtot   =     10979.9512  EPtot      =    -54547.7915
 BOND   =       360.1465  ANGLE   =       947.6824  DIHED      =      2115.0574
 1-4 NB =       444.9137  1-4 EEL =      6202.9711  VDWAALS    =      6540.0905
 EELEC  =    -71158.6530  EHBOND  =         0.0000  RESTRAINT  =         0.0000
 ------------------------------------------------------------------------------


 NSTEP =     7500   TIME(PS) =    3001.000  TEMP(K) =   298.45  PRESS =     0.0
 Etot   =    -43418.0258  EKtot   =     10972.3447  EPtot      =    -54390.3705
 BOND   =       333.9582  ANGLE   =      1024.9226  DIHED      =      2113.7727
 1-4 NB =       438.1985  1-4 EEL =      6188.9092  VDWAALS    =      6276.5197
 EELEC  =    -70766.6515  EHBOND  =         0.0000  RESTRAINT  =         0.0000
 ------------------------------------------------------------------------------


 NSTEP =     8000   TIME(PS) =    3002.000  TEMP(K) =   300.03  PRESS =     0.0
 Etot   =    -43384.3514  EKtot   =     11030.2646  EPtot      =    -54414.6160
 BOND   =       353.4391  ANGLE   =       991.2583  DIHED      =      2106.2463
 1-4 NB =       439.9437  1-4 EEL =      6175.7471  VDWAALS    =      6458.0272
 EELEC  =    -70939.2778  EHBOND  =         0.0000  RESTRAINT  =         0.0000
 ------------------------------------------------------------------------------


 NSTEP =     8500   TIME(PS) =    3003.000  TEMP(K) =   299.62  PRESS =     0.0
 Etot   =    -43348.6164  EKtot   =     11015.2334  EPtot      =    -54363.8498
 BOND   =       361.7784  ANGLE   =       988.2055  DIHED      =      2123.3082
 1-4 NB =       424.5950  1-4 EEL =      6174.4156  VDWAALS    =      6487.5274
 EELEC  =    -70923.6799  EHBOND  =         0.0000  RESTRAINT  =         0.0000
 ------------------------------------------------------------------------------


 NSTEP =     9000   TIME(PS) =    3004.000  TEMP(K) =   298.09  PRESS =     0.0
 Etot   =    -43534.7897  EKtot   =     10959.0234  EPtot      =    -54493.8131
 BOND   =       354.9564  ANGLE   =      1018.2580  DIHED      =      2112.5659
 1-4 NB =       431.1633  1-4 EEL =      6206.3431  VDWAALS    =      6403.2561
 EELEC  =    -71020.3558  EHBOND  =         0.0000  RESTRAINT  =         0.0000
 ------------------------------------------------------------------------------


 NSTEP =     9500   TIME(PS) =    3005.000  TEMP(K) =   304.77  PRESS =     0.0
 Etot   =    -43308.6651  EKtot   =     11204.3965  EPtot      =    -54513.0616
 BOND   =       322.1720  ANGLE   =       982.8362  DIHED      =      2127.0937
 1-4 NB =       458.4761  1-4 EEL =      6223.0204  VDWAALS    =      6676.2850
 EELEC  =    -71302.9451  EHBOND  =         0.0000  RESTRAINT  =         0.0000
 ------------------------------------------------------------------------------


 NSTEP =    10000   TIME(PS) =    3006.000  TEMP(K) =   301.81  PRESS =     0.0
 Etot   =    -43397.6431  EKtot   =     11095.8008  EPtot      =    -54493.4438
 BOND   =       350.8483  ANGLE   =       962.0105  DIHED      =      2111.4816
 1-4 NB =       449.9646  1-4 EEL =      6226.6350  VDWAALS    =      6539.9444
 EELEC  =    -71134.3283  EHBOND  =         0.0000  RESTRAINT  =         0.0000
 ------------------------------------------------------------------------------


 NSTEP =    10500   TIME(PS) =    3007.000  TEMP(K) =   298.42  PRESS =     0.0
 Etot   =    -43224.2580  EKtot   =     10971.1758  EPtot      =    -54195.4338
 BOND   =       344.1428  ANGLE   =      1007.2214  DIHED      =      2120.3687
 1-4 NB =       436.5511  1-4 EEL =      6181.8845  VDWAALS    =      6631.5813
 EELEC  =    -70917.1837  EHBOND  =         0.0000  RESTRAINT  =         0.0000
 ------------------------------------------------------------------------------


 NSTEP =    11000   TIME(PS) =    3008.000  TEMP(K) =   298.93  PRESS =     0.0
 Etot   =    -43447.5303  EKtot   =     10989.6973  EPtot      =    -54437.2276
 BOND   =       359.9974  ANGLE   =       935.9443  DIHED      =      2127.8408
 1-4 NB =       449.8188  1-4 EEL =      6198.1382  VDWAALS    =      6586.0887
 EELEC  =    -71095.0559  EHBOND  =         0.0000  RESTRAINT  =         0.0000
 ------------------------------------------------------------------------------


 NSTEP =    11500   TIME(PS) =    3009.000  TEMP(K) =   299.58  PRESS =     0.0
 Etot   =    -43264.6044  EKtot   =     11013.7324  EPtot      =    -54278.3368
 BOND   =       356.7379  ANGLE   =      1000.4032  DIHED      =      2139.8093
 1-4 NB =       429.8352  1-4 EEL =      6206.6190  VDWAALS    =      6554.4568
 EELEC  =    -70966.1981  EHBOND  =         0.0000  RESTRAINT  =         0.0000
 ------------------------------------------------------------------------------


 NSTEP =    12000   TIME(PS) =    3010.000  TEMP(K) =   299.97  PRESS =     0.0
 Etot   =    -43395.7966  EKtot   =     11028.2012  EPtot      =    -54423.9978
 BOND   =       352.4986  ANGLE   =       969.9283  DIHED      =      2130.7230
 1-4 NB =       447.3574  1-4 EEL =      6205.5098  VDWAALS    =      6562.2278
 EELEC  =    -71092.2427  EHBOND  =         0.0000  RESTRAINT  =         0.0000
 ------------------------------------------------------------------------------


 NSTEP =    12500   TIME(PS) =    3011.000  TEMP(K) =   298.87  PRESS =     0.0
 Etot   =    -43329.4252  EKtot   =     10987.5879  EPtot      =    -54317.0130
 BOND   =       333.6471  ANGLE   =       964.6116  DIHED      =      2140.8272
 1-4 NB =       433.7273  1-4 EEL =      6188.2968  VDWAALS    =      6482.7019
 EELEC  =    -70860.8251  EHBOND  =         0.0000  RESTRAINT  =         0.0000
 ------------------------------------------------------------------------------


 NSTEP =    13000   TIME(PS) =    3012.000  TEMP(K) =   297.85  PRESS =     0.0
 Etot   =    -43236.1875  EKtot   =     10950.3184  EPtot      =    -54186.5058
 BOND   =       379.8794  ANGLE   =       984.0175  DIHED      =      2125.7887
 1-4 NB =       436.8823  1-4 EEL =      6199.4844  VDWAALS    =      6679.7326
 EELEC  =    -70992.2907  EHBOND  =         0.0000  RESTRAINT  =         0.0000
 ------------------------------------------------------------------------------


 NSTEP =    13500   TIME(PS) =    3013.000  TEMP(K) =   295.37  PRESS =     0.0
 Etot   =    -43340.5688  EKtot   =     10858.8477  EPtot      =    -54199.4165
 BOND   =       353.2112  ANGLE   =      1016.7790  DIHED      =      2151.8464
 1-4 NB =       435.8298  1-4 EEL =      6147.3811  VDWAALS    =      6381.3894
 EELEC  =    -70685.8534  EHBOND  =         0.0000  RESTRAINT  =         0.0000
 ------------------------------------------------------------------------------


 NSTEP =    14000   TIME(PS) =    3014.000  TEMP(K) =   304.15  PRESS =     0.0
 Etot   =    -43339.4629  EKtot   =     11181.6924  EPtot      =    -54521.1553
 BOND   =       321.3584  ANGLE   =       974.2202  DIHED      =      2144.0853
 1-4 NB =       442.1386  1-4 EEL =      6171.4242  VDWAALS    =      6526.1706
 EELEC  =    -71100.5525  EHBOND  =         0.0000  RESTRAINT  =         0.0000
 ------------------------------------------------------------------------------


 NSTEP =    14500   TIME(PS) =    3015.000  TEMP(K) =   301.53  PRESS =     0.0
 Etot   =    -43276.7029  EKtot   =     11085.6436  EPtot      =    -54362.3464
 BOND   =       375.8002  ANGLE   =      1003.8654  DIHED      =      2136.2561
 1-4 NB =       435.7197  1-4 EEL =      6184.0004  VDWAALS    =      6724.2267
 EELEC  =    -71222.2149  EHBOND  =         0.0000  RESTRAINT  =         0.0000
 ------------------------------------------------------------------------------


 NSTEP =    15000   TIME(PS) =    3016.000  TEMP(K) =   297.30  PRESS =     0.0
 Etot   =    -43451.1851  EKtot   =     10930.0000  EPtot      =    -54381.1851
 BOND   =       349.6014  ANGLE   =       950.9579  DIHED      =      2117.5414
 1-4 NB =       431.3435  1-4 EEL =      6167.3644  VDWAALS    =      6352.1555
 EELEC  =    -70750.1492  EHBOND  =         0.0000  RESTRAINT  =         0.0000
 ------------------------------------------------------------------------------


 NSTEP =    15500   TIME(PS) =    3017.000  TEMP(K) =   295.94  PRESS =     0.0
 Etot   =    -43421.6214  EKtot   =     10879.8281  EPtot      =    -54301.4495
 BOND   =       328.3076  ANGLE   =       970.1292  DIHED      =      2125.7077
 1-4 NB =       451.9216  1-4 EEL =      6174.8064  VDWAALS    =      6500.9218
 EELEC  =    -70853.2438  EHBOND  =         0.0000  RESTRAINT  =         0.0000
 ------------------------------------------------------------------------------


 NSTEP =    16000   TIME(PS) =    3018.000  TEMP(K) =   301.18  PRESS =     0.0
 Etot   =    -43308.9038  EKtot   =     11072.4482  EPtot      =    -54381.3521
 BOND   =       362.2135  ANGLE   =       981.2308  DIHED      =      2125.4189
 1-4 NB =       448.2307  1-4 EEL =      6219.4892  VDWAALS    =      6492.6654
 EELEC  =    -71010.6005  EHBOND  =         0.0000  RESTRAINT  =         0.0000
 ------------------------------------------------------------------------------


 NSTEP =    16500   TIME(PS) =    3019.000  TEMP(K) =   301.41  PRESS =     0.0
 Etot   =    -43399.3427  EKtot   =     11081.0723  EPtot      =    -54480.4149
 BOND   =       374.5764  ANGLE   =       960.8734  DIHED      =      2123.8568
 1-4 NB =       426.0617  1-4 EEL =      6197.6819  VDWAALS    =      6546.4766
 EELEC  =    -71109.9417  EHBOND  =         0.0000  RESTRAINT  =         0.0000
 ------------------------------------------------------------------------------


 NSTEP =    17000   TIME(PS) =    3020.000  TEMP(K) =   299.79  PRESS =     0.0
 Etot   =    -43324.3303  EKtot   =     11021.5400  EPtot      =    -54345.8703
 BOND   =       370.1799  ANGLE   =       993.4623  DIHED      =      2110.5195
 1-4 NB =       439.9854  1-4 EEL =      6185.4007  VDWAALS    =      6529.2774
 EELEC  =    -70974.6956  EHBOND  =         0.0000  RESTRAINT  =         0.0000
 ------------------------------------------------------------------------------


 NSTEP =    17500   TIME(PS) =    3021.000  TEMP(K) =   301.47  PRESS =     0.0
 Etot   =    -43478.7668  EKtot   =     11083.0938  EPtot      =    -54561.8606
 BOND   =       363.0455  ANGLE   =       958.5903  DIHED      =      2120.8614
 1-4 NB =       440.8297  1-4 EEL =      6200.0213  VDWAALS    =      6495.2608
 EELEC  =    -71140.4695  EHBOND  =         0.0000  RESTRAINT  =         0.0000
 ------------------------------------------------------------------------------


 NSTEP =    18000   TIME(PS) =    3022.000  TEMP(K) =   299.64  PRESS =     0.0
 Etot   =    -43281.1991  EKtot   =     11016.0908  EPtot      =    -54297.2899
 BOND   =       350.5171  ANGLE   =       967.0401  DIHED      =      2115.9957
 1-4 NB =       436.1983  1-4 EEL =      6234.9519  VDWAALS    =      6362.1591
 EELEC  =    -70764.1522  EHBOND  =         0.0000  RESTRAINT  =         0.0000
 ------------------------------------------------------------------------------


 NSTEP =    18500   TIME(PS) =    3023.000  TEMP(K) =   301.63  PRESS =     0.0
 Etot   =    -42958.8357  EKtot   =     11089.0684  EPtot      =    -54047.9040
 BOND   =       344.4542  ANGLE   =       973.7460  DIHED      =      2136.9360
 1-4 NB =       462.2497  1-4 EEL =      6210.1907  VDWAALS    =      6539.9211
 EELEC  =    -70715.4019  EHBOND  =         0.0000  RESTRAINT  =         0.0000
 ------------------------------------------------------------------------------


 NSTEP =    19000   TIME(PS) =    3024.000  TEMP(K) =   298.62  PRESS =     0.0
 Etot   =    -43158.0051  EKtot   =     10978.6523  EPtot      =    -54136.6574
 BOND   =       362.9842  ANGLE   =      1000.9420  DIHED      =      2130.8022
 1-4 NB =       454.4417  1-4 EEL =      6189.3996  VDWAALS    =      6516.8853
 EELEC  =    -70792.1124  EHBOND  =         0.0000  RESTRAINT  =         0.0000
 ------------------------------------------------------------------------------


 NSTEP =    19500   TIME(PS) =    3025.000  TEMP(K) =   296.17  PRESS =     0.0
 Etot   =    -43477.4068  EKtot   =     10888.3184  EPtot      =    -54365.7251
 BOND   =       352.1824  ANGLE   =       979.6960  DIHED      =      2121.7944
 1-4 NB =       428.1481  1-4 EEL =      6158.7671  VDWAALS    =      6394.8031
 EELEC  =    -70801.1162  EHBOND  =         0.0000  RESTRAINT  =         0.0000
 ------------------------------------------------------------------------------


 NSTEP =    20000   TIME(PS) =    3026.000  TEMP(K) =   298.42  PRESS =     0.0
 Etot   =    -43431.5076  EKtot   =     10971.2061  EPtot      =    -54402.7136
 BOND   =       346.9804  ANGLE   =       944.0100  DIHED      =      2120.2238
 1-4 NB =       454.1768  1-4 EEL =      6207.1966  VDWAALS    =      6509.8945
 EELEC  =    -70985.1957  EHBOND  =         0.0000  RESTRAINT  =         0.0000
 ------------------------------------------------------------------------------


 NSTEP =    20500   TIME(PS) =    3027.000  TEMP(K) =   299.79  PRESS =     0.0
 Etot   =    -43423.8043  EKtot   =     11021.4766  EPtot      =    -54445.2809
 BOND   =       353.2330  ANGLE   =       986.1653  DIHED      =      2116.0808
 1-4 NB =       445.7239  1-4 EEL =      6210.6098  VDWAALS    =      6552.9876
 EELEC  =    -71110.0812  EHBOND  =         0.0000  RESTRAINT  =         0.0000
 ------------------------------------------------------------------------------


 NSTEP =    21000   TIME(PS) =    3028.000  TEMP(K) =   298.46  PRESS =     0.0
 Etot   =    -43363.8678  EKtot   =     10972.4385  EPtot      =    -54336.3062
 BOND   =       368.7386  ANGLE   =       978.0476  DIHED      =      2112.2788
 1-4 NB =       427.5922  1-4 EEL =      6184.1616  VDWAALS    =      6420.2403
 EELEC  =    -70827.3652  EHBOND  =         0.0000  RESTRAINT  =         0.0000
 ------------------------------------------------------------------------------


 NSTEP =    21500   TIME(PS) =    3029.000  TEMP(K) =   299.83  PRESS =     0.0
 Etot   =    -43323.8318  EKtot   =     11022.8770  EPtot      =    -54346.7087
 BOND   =       338.6608  ANGLE   =       998.4253  DIHED      =      2115.1884
 1-4 NB =       464.8363  1-4 EEL =      6217.8444  VDWAALS    =      6405.7673
 EELEC  =    -70887.4313  EHBOND  =         0.0000  RESTRAINT  =         0.0000
 ------------------------------------------------------------------------------


 NSTEP =    22000   TIME(PS) =    3030.000  TEMP(K) =   302.21  PRESS =     0.0
 Etot   =    -43218.8236  EKtot   =     11110.6348  EPtot      =    -54329.4584
 BOND   =       342.4666  ANGLE   =       968.6211  DIHED      =      2124.6118
 1-4 NB =       442.6008  1-4 EEL =      6224.7548  VDWAALS    =      6394.5289
 EELEC  =    -70827.0423  EHBOND  =         0.0000  RESTRAINT  =         0.0000
 ------------------------------------------------------------------------------


 NSTEP =    22500   TIME(PS) =    3031.000  TEMP(K) =   299.40  PRESS =     0.0
 Etot   =    -43147.9485  EKtot   =     11007.1543  EPtot      =    -54155.1028
 BOND   =       374.1598  ANGLE   =      1045.2858  DIHED      =      2128.8007
 1-4 NB =       432.7510  1-4 EEL =      6237.8942  VDWAALS    =      6486.5606
 EELEC  =    -70860.5550  EHBOND  =         0.0000  RESTRAINT  =         0.0000
 ------------------------------------------------------------------------------


 NSTEP =    23000   TIME(PS) =    3032.000  TEMP(K) =   301.23  PRESS =     0.0
 Etot   =    -43188.1760  EKtot   =     11074.4805  EPtot      =    -54262.6564
 BOND   =       356.4789  ANGLE   =       973.0277  DIHED      =      2119.7157
 1-4 NB =       448.3298  1-4 EEL =      6180.8236  VDWAALS    =      6414.0655
 EELEC  =    -70755.0976  EHBOND  =         0.0000  RESTRAINT  =         0.0000
 ------------------------------------------------------------------------------


 NSTEP =    23500   TIME(PS) =    3033.000  TEMP(K) =   297.60  PRESS =     0.0
 Etot   =    -43476.9066  EKtot   =     10941.0820  EPtot      =    -54417.9886
 BOND   =       347.5826  ANGLE   =       984.1784  DIHED      =      2136.8132
 1-4 NB =       432.4437  1-4 EEL =      6211.3694  VDWAALS    =      6699.5545
 EELEC  =    -71229.9305  EHBOND  =         0.0000  RESTRAINT  =         0.0000
 ------------------------------------------------------------------------------


 NSTEP =    24000   TIME(PS) =    3034.000  TEMP(K) =   301.47  PRESS =     0.0
 Etot   =    -43372.5218  EKtot   =     11083.3096  EPtot      =    -54455.8314
 BOND   =       340.1444  ANGLE   =      1020.8664  DIHED      =      2125.9389
 1-4 NB =       432.9994  1-4 EEL =      6223.2502  VDWAALS    =      6547.4284
 EELEC  =    -71146.4590  EHBOND  =         0.0000  RESTRAINT  =         0.0000
 ------------------------------------------------------------------------------


 NSTEP =    24500   TIME(PS) =    3035.000  TEMP(K) =   300.09  PRESS =     0.0
 Etot   =    -43393.6779  EKtot   =     11032.5869  EPtot      =    -54426.2649
 BOND   =       364.2342  ANGLE   =       969.3262  DIHED      =      2099.7042
 1-4 NB =       434.1155  1-4 EEL =      6170.8049  VDWAALS    =      6749.1641
 EELEC  =    -71213.6139  EHBOND  =         0.0000  RESTRAINT  =         0.0000
 ------------------------------------------------------------------------------


 NSTEP =    25000   TIME(PS) =    3036.000  TEMP(K) =   300.89  PRESS =     0.0
 Etot   =    -43226.4601  EKtot   =     11061.8760  EPtot      =    -54288.3361
 BOND   =       319.0547  ANGLE   =       986.2041  DIHED      =      2118.4813
 1-4 NB =       447.2201  1-4 EEL =      6184.7711  VDWAALS    =      6409.7328
 EELEC  =    -70753.8002  EHBOND  =         0.0000  RESTRAINT  =         0.0000
 ------------------------------------------------------------------------------


 NSTEP =    25500   TIME(PS) =    3037.000  TEMP(K) =   301.68  PRESS =     0.0
 Etot   =    -43363.1944  EKtot   =     11091.1572  EPtot      =    -54454.3516
 BOND   =       327.0779  ANGLE   =       975.4370  DIHED      =      2128.3281
 1-4 NB =       442.7132  1-4 EEL =      6201.2699  VDWAALS    =      6666.0577
 EELEC  =    -71195.2354  EHBOND  =         0.0000  RESTRAINT  =         0.0000
 ------------------------------------------------------------------------------


 NSTEP =    26000   TIME(PS) =    3038.000  TEMP(K) =   301.00  PRESS =     0.0
 Etot   =    -43268.0033  EKtot   =     11065.8945  EPtot      =    -54333.8978
 BOND   =       351.9507  ANGLE   =       989.1903  DIHED      =      2159.4051
 1-4 NB =       453.2188  1-4 EEL =      6223.1474  VDWAALS    =      6397.7139
 EELEC  =    -70908.5241  EHBOND  =         0.0000  RESTRAINT  =         0.0000
 ------------------------------------------------------------------------------


 NSTEP =    26500   TIME(PS) =    3039.000  TEMP(K) =   298.79  PRESS =     0.0
 Etot   =    -43365.5806  EKtot   =     10984.6611  EPtot      =    -54350.2418
 BOND   =       355.1044  ANGLE   =       996.5083  DIHED      =      2120.2887
 1-4 NB =       443.1769  1-4 EEL =      6181.1919  VDWAALS    =      6539.5272
 EELEC  =    -70986.0392  EHBOND  =         0.0000  RESTRAINT  =         0.0000
 ------------------------------------------------------------------------------


 NSTEP =    27000   TIME(PS) =    3040.000  TEMP(K) =   298.20  PRESS =     0.0
 Etot   =    -43521.3764  EKtot   =     10962.8896  EPtot      =    -54484.2661
 BOND   =       348.0397  ANGLE   =       972.0422  DIHED      =      2105.0658
 1-4 NB =       424.6748  1-4 EEL =      6216.6485  VDWAALS    =      6225.0377
 EELEC  =    -70775.7747  EHBOND  =         0.0000  RESTRAINT  =         0.0000
 ------------------------------------------------------------------------------


 NSTEP =    27500   TIME(PS) =    3041.000  TEMP(K) =   302.09  PRESS =     0.0
 Etot   =    -43158.9666  EKtot   =     11106.1211  EPtot      =    -54265.0877
 BOND   =       364.2522  ANGLE   =       981.3581  DIHED      =      2110.7468
 1-4 NB =       428.5975  1-4 EEL =      6186.8533  VDWAALS    =      6357.7935
 EELEC  =    -70694.6889  EHBOND  =         0.0000  RESTRAINT  =         0.0000
 ------------------------------------------------------------------------------


 NSTEP =    28000   TIME(PS) =    3042.000  TEMP(K) =   303.42  PRESS =     0.0
 Etot   =    -43160.1163  EKtot   =     11154.9082  EPtot      =    -54315.0245
 BOND   =       315.7989  ANGLE   =      1021.9865  DIHED      =      2116.9783
 1-4 NB =       448.9493  1-4 EEL =      6208.2132  VDWAALS    =      6351.9129
 EELEC  =    -70778.8637  EHBOND  =         0.0000  RESTRAINT  =         0.0000
 ------------------------------------------------------------------------------


 NSTEP =    28500   TIME(PS) =    3043.000  TEMP(K) =   299.45  PRESS =     0.0
 Etot   =    -43382.4375  EKtot   =     11008.9121  EPtot      =    -54391.3496
 BOND   =       355.2494  ANGLE   =       979.5945  DIHED      =      2110.3030
 1-4 NB =       437.6196  1-4 EEL =      6167.8370  VDWAALS    =      6587.5797
 EELEC  =    -71029.5329  EHBOND  =         0.0000  RESTRAINT  =         0.0000
 ------------------------------------------------------------------------------


 NSTEP =    29000   TIME(PS) =    3044.000  TEMP(K) =   301.38  PRESS =     0.0
 Etot   =    -43280.0467  EKtot   =     11080.0742  EPtot      =    -54360.1209
 BOND   =       336.6715  ANGLE   =       960.2641  DIHED      =      2121.2344
 1-4 NB =       425.6721  1-4 EEL =      6187.1665  VDWAALS    =      6582.3636
 EELEC  =    -70973.4932  EHBOND  =         0.0000  RESTRAINT  =         0.0000
 ------------------------------------------------------------------------------


 NSTEP =    29500   TIME(PS) =    3045.000  TEMP(K) =   297.95  PRESS =     0.0
 Etot   =    -43452.5291  EKtot   =     10953.8135  EPtot      =    -54406.3426
 BOND   =       328.8662  ANGLE   =       972.6263  DIHED      =      2081.6211
 1-4 NB =       456.8721  1-4 EEL =      6218.8465  VDWAALS    =      6582.0680
 EELEC  =    -71047.2428  EHBOND  =         0.0000  RESTRAINT  =         0.0000
 ------------------------------------------------------------------------------


 NSTEP =    30000   TIME(PS) =    3046.000  TEMP(K) =   301.72  PRESS =     0.0
 Etot   =    -43506.8084  EKtot   =     11092.3760  EPtot      =    -54599.1844
 BOND   =       357.8181  ANGLE   =       938.3792  DIHED      =      2146.1057
 1-4 NB =       441.6791  1-4 EEL =      6208.5043  VDWAALS    =      6437.1488
 EELEC  =    -71128.8196  EHBOND  =         0.0000  RESTRAINT  =         0.0000
 ------------------------------------------------------------------------------


 NSTEP =    30500   TIME(PS) =    3047.000  TEMP(K) =   298.67  PRESS =     0.0
 Etot   =    -43166.9829  EKtot   =     10980.1953  EPtot      =    -54147.1782
 BOND   =       357.8085  ANGLE   =       994.4373  DIHED      =      2147.4465
 1-4 NB =       433.0874  1-4 EEL =      6205.6825  VDWAALS    =      6518.2109
 EELEC  =    -70803.8514  EHBOND  =         0.0000  RESTRAINT  =         0.0000
 ------------------------------------------------------------------------------


 NSTEP =    31000   TIME(PS) =    3048.000  TEMP(K) =   296.15  PRESS =     0.0
 Etot   =    -43330.7258  EKtot   =     10887.7490  EPtot      =    -54218.4749
 BOND   =       351.1698  ANGLE   =      1010.4845  DIHED      =      2110.7491
 1-4 NB =       445.8643  1-4 EEL =      6161.9900  VDWAALS    =      6454.6954
 EELEC  =    -70753.4279  EHBOND  =         0.0000  RESTRAINT  =         0.0000
 ------------------------------------------------------------------------------


 NSTEP =    31500   TIME(PS) =    3049.000  TEMP(K) =   304.65  PRESS =     0.0
 Etot   =    -43096.1147  EKtot   =     11200.0732  EPtot      =    -54296.1880
 BOND   =       347.8568  ANGLE   =       987.9653  DIHED      =      2139.5065
 1-4 NB =       437.8957  1-4 EEL =      6181.6431  VDWAALS    =      6694.6671
 EELEC  =    -71085.7224  EHBOND  =         0.0000  RESTRAINT  =         0.0000
 ------------------------------------------------------------------------------


 NSTEP =    32000   TIME(PS) =    3050.000  TEMP(K) =   297.40  PRESS =     0.0
 Etot   =    -43283.3047  EKtot   =     10933.7021  EPtot      =    -54217.0069
 BOND   =       353.7570  ANGLE   =      1043.0357  DIHED      =      2101.1351
 1-4 NB =       440.3751  1-4 EEL =      6153.0828  VDWAALS    =      6510.7897
 EELEC  =    -70819.1823  EHBOND  =         0.0000  RESTRAINT  =         0.0000
 ------------------------------------------------------------------------------


 NSTEP =    32500   TIME(PS) =    3051.000  TEMP(K) =   299.36  PRESS =     0.0
 Etot   =    -43482.6799  EKtot   =     11005.7920  EPtot      =    -54488.4719
 BOND   =       305.7101  ANGLE   =       986.9235  DIHED      =      2109.7602
 1-4 NB =       461.1871  1-4 EEL =      6202.1604  VDWAALS    =      6457.8813
 EELEC  =    -71012.0945  EHBOND  =         0.0000  RESTRAINT  =         0.0000
 ------------------------------------------------------------------------------


 NSTEP =    33000   TIME(PS) =    3052.000  TEMP(K) =   298.26  PRESS =     0.0
 Etot   =    -43362.8173  EKtot   =     10965.1143  EPtot      =    -54327.9316
 BOND   =       342.5444  ANGLE   =       983.6597  DIHED      =      2126.1369
 1-4 NB =       433.0691  1-4 EEL =      6197.1513  VDWAALS    =      6374.9782
 EELEC  =    -70785.4712  EHBOND  =         0.0000  RESTRAINT  =         0.0000
 ------------------------------------------------------------------------------


 NSTEP =    33500   TIME(PS) =    3053.000  TEMP(K) =   301.07  PRESS =     0.0
 Etot   =    -43252.9213  EKtot   =     11068.5342  EPtot      =    -54321.4555
 BOND   =       382.7640  ANGLE   =      1002.5229  DIHED      =      2120.6624
 1-4 NB =       434.2232  1-4 EEL =      6209.3810  VDWAALS    =      6597.2097
 EELEC  =    -71068.2187  EHBOND  =         0.0000  RESTRAINT  =         0.0000
 ------------------------------------------------------------------------------


 NSTEP =    34000   TIME(PS) =    3054.000  TEMP(K) =   300.95  PRESS =     0.0
 Etot   =    -43106.3586  EKtot   =     11064.2910  EPtot      =    -54170.6496
 BOND   =       346.0356  ANGLE   =       963.0521  DIHED      =      2127.7370
 1-4 NB =       447.0801  1-4 EEL =      6191.9164  VDWAALS    =      6481.7348
 EELEC  =    -70728.2057  EHBOND  =         0.0000  RESTRAINT  =         0.0000
 ------------------------------------------------------------------------------


 NSTEP =    34500   TIME(PS) =    3055.000  TEMP(K) =   298.82  PRESS =     0.0
 Etot   =    -43092.4933  EKtot   =     10985.9375  EPtot      =    -54078.4308
 BOND   =       342.6802  ANGLE   =       967.4659  DIHED      =      2145.6066
 1-4 NB =       432.7114  1-4 EEL =      6182.7788  VDWAALS    =      6372.1059
 EELEC  =    -70521.7796  EHBOND  =         0.0000  RESTRAINT  =         0.0000
 ------------------------------------------------------------------------------


 NSTEP =    35000   TIME(PS) =    3056.000  TEMP(K) =   302.18  PRESS =     0.0
 Etot   =    -43172.0877  EKtot   =     11109.5146  EPtot      =    -54281.6023
 BOND   =       330.9985  ANGLE   =       998.7209  DIHED      =      2138.1414
 1-4 NB =       432.5668  1-4 EEL =      6180.0844  VDWAALS    =      6396.6086
 EELEC  =    -70758.7230  EHBOND  =         0.0000  RESTRAINT  =         0.0000
 ------------------------------------------------------------------------------


 NSTEP =    35500   TIME(PS) =    3057.000  TEMP(K) =   298.74  PRESS =     0.0
 Etot   =    -43287.1284  EKtot   =     10982.8760  EPtot      =    -54270.0044
 BOND   =       336.8233  ANGLE   =      1030.3374  DIHED      =      2117.4811
 1-4 NB =       447.3294  1-4 EEL =      6185.6131  VDWAALS    =      6457.3059
 EELEC  =    -70844.8946  EHBOND  =         0.0000  RESTRAINT  =         0.0000
 ------------------------------------------------------------------------------


 NSTEP =    36000   TIME(PS) =    3058.000  TEMP(K) =   298.05  PRESS =     0.0
 Etot   =    -43443.7161  EKtot   =     10957.7002  EPtot      =    -54401.4163
 BOND   =       347.9105  ANGLE   =       968.8753  DIHED      =      2107.5527
 1-4 NB =       445.5469  1-4 EEL =      6156.3060  VDWAALS    =      6419.5932
 EELEC  =    -70847.2008  EHBOND  =         0.0000  RESTRAINT  =         0.0000
 ------------------------------------------------------------------------------


 NSTEP =    36500   TIME(PS) =    3059.000  TEMP(K) =   302.16  PRESS =     0.0
 Etot   =    -43268.0978  EKtot   =     11108.6543  EPtot      =    -54376.7521
 BOND   =       335.8941  ANGLE   =       982.6258  DIHED      =      2108.2206
 1-4 NB =       447.7260  1-4 EEL =      6202.4101  VDWAALS    =      6461.2074
 EELEC  =    -70914.8361  EHBOND  =         0.0000  RESTRAINT  =         0.0000
 ------------------------------------------------------------------------------


 NSTEP =    37000   TIME(PS) =    3060.000  TEMP(K) =   300.63  PRESS =     0.0
 Etot   =    -43239.8281  EKtot   =     11052.3271  EPtot      =    -54292.1553
 BOND   =       364.9838  ANGLE   =      1002.4123  DIHED      =      2119.1266
 1-4 NB =       426.3125  1-4 EEL =      6146.0002  VDWAALS    =      6361.7314
 EELEC  =    -70712.7221  EHBOND  =         0.0000  RESTRAINT  =         0.0000
 ------------------------------------------------------------------------------


 NSTEP =    37500   TIME(PS) =    3061.000  TEMP(K) =   306.25  PRESS =     0.0
 Etot   =    -43112.3871  EKtot   =     11258.8906  EPtot      =    -54371.2777
 BOND   =       335.3039  ANGLE   =       997.4303  DIHED      =      2137.5100
 1-4 NB =       452.1778  1-4 EEL =      6161.2890  VDWAALS    =      6769.6042
 EELEC  =    -71224.5929  EHBOND  =         0.0000  RESTRAINT  =         0.0000
 ------------------------------------------------------------------------------


 NSTEP =    38000   TIME(PS) =    3062.000  TEMP(K) =   301.98  PRESS =     0.0
 Etot   =    -43269.3686  EKtot   =     11102.1201  EPtot      =    -54371.4887
 BOND   =       381.5590  ANGLE   =       971.1122  DIHED      =      2120.9824
 1-4 NB =       438.9880  1-4 EEL =      6181.2212  VDWAALS    =      6567.3306
 EELEC  =    -71032.6821  EHBOND  =         0.0000  RESTRAINT  =         0.0000
 ------------------------------------------------------------------------------


 NSTEP =    38500   TIME(PS) =    3063.000  TEMP(K) =   296.69  PRESS =     0.0
 Etot   =    -43257.3635  EKtot   =     10907.4922  EPtot      =    -54164.8557
 BOND   =       340.1011  ANGLE   =       960.8705  DIHED      =      2126.1161
 1-4 NB =       462.3401  1-4 EEL =      6197.5602  VDWAALS    =      6374.9509
 EELEC  =    -70626.7946  EHBOND  =         0.0000  RESTRAINT  =         0.0000
 ------------------------------------------------------------------------------


 NSTEP =    39000   TIME(PS) =    3064.000  TEMP(K) =   298.39  PRESS =     0.0
 Etot   =    -43555.7784  EKtot   =     10970.1641  EPtot      =    -54525.9425
 BOND   =       367.6811  ANGLE   =       939.5531  DIHED      =      2125.0154
 1-4 NB =       428.5078  1-4 EEL =      6168.3351  VDWAALS    =      6550.7429
 EELEC  =    -71105.7779  EHBOND  =         0.0000  RESTRAINT  =         0.0000
 ------------------------------------------------------------------------------


 NSTEP =    39500   TIME(PS) =    3065.000  TEMP(K) =   297.44  PRESS =     0.0
 Etot   =    -43207.9127  EKtot   =     10935.1523  EPtot      =    -54143.0650
 BOND   =       361.2294  ANGLE   =       973.1139  DIHED      =      2100.6811
 1-4 NB =       456.4911  1-4 EEL =      6169.6807  VDWAALS    =      6591.9933
 EELEC  =    -70796.2545  EHBOND  =         0.0000  RESTRAINT  =         0.0000
 ------------------------------------------------------------------------------


 NSTEP =    40000   TIME(PS) =    3066.000  TEMP(K) =   299.35  PRESS =     0.0
 Etot   =    -43124.9887  EKtot   =     11005.4199  EPtot      =    -54130.4086
 BOND   =       362.3780  ANGLE   =      1032.7688  DIHED      =      2124.7779
 1-4 NB =       441.8604  1-4 EEL =      6168.9873  VDWAALS    =      6267.4246
 EELEC  =    -70528.6057  EHBOND  =         0.0000  RESTRAINT  =         0.0000
 ------------------------------------------------------------------------------


 NSTEP =    40500   TIME(PS) =    3067.000  TEMP(K) =   297.21  PRESS =     0.0
 Etot   =    -43336.3098  EKtot   =     10926.6279  EPtot      =    -54262.9377
 BOND   =       329.6135  ANGLE   =       977.8765  DIHED      =      2116.0124
 1-4 NB =       454.2404  1-4 EEL =      6204.5013  VDWAALS    =      6367.8817
 EELEC  =    -70713.0635  EHBOND  =         0.0000  RESTRAINT  =         0.0000
 ------------------------------------------------------------------------------


 NSTEP =    41000   TIME(PS) =    3068.000  TEMP(K) =   300.39  PRESS =     0.0
 Etot   =    -43369.6956  EKtot   =     11043.4932  EPtot      =    -54413.1887
 BOND   =       341.8405  ANGLE   =       971.6472  DIHED      =      2128.5212
 1-4 NB =       447.1325  1-4 EEL =      6200.4698  VDWAALS    =      6602.6881
 EELEC  =    -71105.4880  EHBOND  =         0.0000  RESTRAINT  =         0.0000
 ------------------------------------------------------------------------------


 NSTEP =    41500   TIME(PS) =    3069.000  TEMP(K) =   301.86  PRESS =     0.0
 Etot   =    -43147.5249  EKtot   =     11097.7236  EPtot      =    -54245.2485
 BOND   =       336.4936  ANGLE   =      1002.4996  DIHED      =      2104.7044
 1-4 NB =       433.2878  1-4 EEL =      6202.0410  VDWAALS    =      6601.3172
 EELEC  =    -70925.5921  EHBOND  =         0.0000  RESTRAINT  =         0.0000
 ------------------------------------------------------------------------------


 NSTEP =    42000   TIME(PS) =    3070.000  TEMP(K) =   298.91  PRESS =     0.0
 Etot   =    -43316.2301  EKtot   =     10988.9648  EPtot      =    -54305.1950
 BOND   =       319.5417  ANGLE   =       993.8143  DIHED      =      2135.1559
 1-4 NB =       441.8740  1-4 EEL =      6171.3940  VDWAALS    =      6422.7261
 EELEC  =    -70789.7011  EHBOND  =         0.0000  RESTRAINT  =         0.0000
 ------------------------------------------------------------------------------


 NSTEP =    42500   TIME(PS) =    3071.000  TEMP(K) =   300.98  PRESS =     0.0
 Etot   =    -43308.0469  EKtot   =     11065.2285  EPtot      =    -54373.2755
 BOND   =       330.9671  ANGLE   =       959.9727  DIHED      =      2133.2011
 1-4 NB =       434.0649  1-4 EEL =      6177.9110  VDWAALS    =      6487.2240
 EELEC  =    -70896.6163  EHBOND  =         0.0000  RESTRAINT  =         0.0000
 ------------------------------------------------------------------------------


 NSTEP =    43000   TIME(PS) =    3072.000  TEMP(K) =   299.81  PRESS =     0.0
 Etot   =    -43366.6562  EKtot   =     11022.2236  EPtot      =    -54388.8798
 BOND   =       359.8197  ANGLE   =       982.6430  DIHED      =      2135.5097
 1-4 NB =       429.9236  1-4 EEL =      6139.7435  VDWAALS    =      6413.4979
 EELEC  =    -70850.0171  EHBOND  =         0.0000  RESTRAINT  =         0.0000
 ------------------------------------------------------------------------------


 NSTEP =    43500   TIME(PS) =    3073.000  TEMP(K) =   299.19  PRESS =     0.0
 Etot   =    -43349.0542  EKtot   =     10999.4580  EPtot      =    -54348.5122
 BOND   =       368.3047  ANGLE   =       990.4358  DIHED      =      2105.6027
 1-4 NB =       453.4239  1-4 EEL =      6189.7839  VDWAALS    =      6683.7232
 EELEC  =    -71139.7865  EHBOND  =         0.0000  RESTRAINT  =         0.0000
 ------------------------------------------------------------------------------


 NSTEP =    44000   TIME(PS) =    3074.000  TEMP(K) =   301.22  PRESS =     0.0
 Etot   =    -43422.9206  EKtot   =     11074.1553  EPtot      =    -54497.0759
 BOND   =       333.1522  ANGLE   =       974.3950  DIHED      =      2106.1767
 1-4 NB =       438.8725  1-4 EEL =      6194.8125  VDWAALS    =      6273.7890
 EELEC  =    -70818.2737  EHBOND  =         0.0000  RESTRAINT  =         0.0000
 ------------------------------------------------------------------------------


 NSTEP =    44500   TIME(PS) =    3075.000  TEMP(K) =   299.05  PRESS =     0.0
 Etot   =    -43335.0069  EKtot   =     10994.4023  EPtot      =    -54329.4092
 BOND   =       364.7352  ANGLE   =      1015.5327  DIHED      =      2108.5830
 1-4 NB =       437.7590  1-4 EEL =      6207.7497  VDWAALS    =      6447.7151
 EELEC  =    -70911.4839  EHBOND  =         0.0000  RESTRAINT  =         0.0000
 ------------------------------------------------------------------------------


 NSTEP =    45000   TIME(PS) =    3076.000  TEMP(K) =   303.43  PRESS =     0.0
 Etot   =    -43034.7405  EKtot   =     11155.1650  EPtot      =    -54189.9056
 BOND   =       367.8001  ANGLE   =      1006.5713  DIHED      =      2126.6805
 1-4 NB =       454.1821  1-4 EEL =      6183.8185  VDWAALS    =      6342.2211
 EELEC  =    -70671.1791  EHBOND  =         0.0000  RESTRAINT  =         0.0000
 ------------------------------------------------------------------------------


 NSTEP =    45500   TIME(PS) =    3077.000  TEMP(K) =   298.42  PRESS =     0.0
 Etot   =    -43282.4577  EKtot   =     10971.1631  EPtot      =    -54253.6208
 BOND   =       369.1921  ANGLE   =       975.4180  DIHED      =      2120.6239
 1-4 NB =       415.6904  1-4 EEL =      6149.4861  VDWAALS    =      6543.6571
 EELEC  =    -70827.6883  EHBOND  =         0.0000  RESTRAINT  =         0.0000
 ------------------------------------------------------------------------------


 NSTEP =    46000   TIME(PS) =    3078.000  TEMP(K) =   298.88  PRESS =     0.0
 Etot   =    -43518.8248  EKtot   =     10988.1367  EPtot      =    -54506.9615
 BOND   =       331.0571  ANGLE   =       990.6745  DIHED      =      2105.2792
 1-4 NB =       447.6672  1-4 EEL =      6212.2118  VDWAALS    =      6614.0285
 EELEC  =    -71207.8798  EHBOND  =         0.0000  RESTRAINT  =         0.0000
 ------------------------------------------------------------------------------


 NSTEP =    46500   TIME(PS) =    3079.000  TEMP(K) =   299.62  PRESS =     0.0
 Etot   =    -43284.4593  EKtot   =     11015.1094  EPtot      =    -54299.5687
 BOND   =       345.8733  ANGLE   =       921.5930  DIHED      =      2111.3331
 1-4 NB =       454.9360  1-4 EEL =      6214.3477  VDWAALS    =      6550.5260
 EELEC  =    -70898.1778  EHBOND  =         0.0000  RESTRAINT  =         0.0000
 ------------------------------------------------------------------------------


 NSTEP =    47000   TIME(PS) =    3080.000  TEMP(K) =   297.65  PRESS =     0.0
 Etot   =    -43236.5667  EKtot   =     10942.8066  EPtot      =    -54179.3734
 BOND   =       344.0791  ANGLE   =       967.1560  DIHED      =      2099.5623
 1-4 NB =       438.9461  1-4 EEL =      6237.5436  VDWAALS    =      6563.4357
 EELEC  =    -70830.0962  EHBOND  =         0.0000  RESTRAINT  =         0.0000
 ------------------------------------------------------------------------------


 NSTEP =    47500   TIME(PS) =    3081.000  TEMP(K) =   297.29  PRESS =     0.0
 Etot   =    -43367.7881  EKtot   =     10929.6211  EPtot      =    -54297.4092
 BOND   =       345.4981  ANGLE   =       946.2036  DIHED      =      2121.9794
 1-4 NB =       454.7419  1-4 EEL =      6216.8905  VDWAALS    =      6523.0286
 EELEC  =    -70905.7512  EHBOND  =         0.0000  RESTRAINT  =         0.0000
 ------------------------------------------------------------------------------


 NSTEP =    48000   TIME(PS) =    3082.000  TEMP(K) =   296.82  PRESS =     0.0
 Etot   =    -43356.2095  EKtot   =     10912.1348  EPtot      =    -54268.3443
 BOND   =       363.8648  ANGLE   =       991.2669  DIHED      =      2117.1890
 1-4 NB =       432.5702  1-4 EEL =      6171.0098  VDWAALS    =      6382.9173
 EELEC  =    -70727.1625  EHBOND  =         0.0000  RESTRAINT  =         0.0000
 ------------------------------------------------------------------------------


 NSTEP =    48500   TIME(PS) =    3083.000  TEMP(K) =   302.22  PRESS =     0.0
 Etot   =    -43072.5320  EKtot   =     11110.9902  EPtot      =    -54183.5222
 BOND   =       356.3288  ANGLE   =      1012.2137  DIHED      =      2124.3606
 1-4 NB =       405.5917  1-4 EEL =      6161.7524  VDWAALS    =      6553.9694
 EELEC  =    -70797.7388  EHBOND  =         0.0000  RESTRAINT  =         0.0000
 ------------------------------------------------------------------------------


 NSTEP =    49000   TIME(PS) =    3084.000  TEMP(K) =   299.69  PRESS =     0.0
 Etot   =    -43175.8006  EKtot   =     11017.8389  EPtot      =    -54193.6395
 BOND   =       369.7865  ANGLE   =      1056.5990  DIHED      =      2104.4708
 1-4 NB =       447.6669  1-4 EEL =      6208.4413  VDWAALS    =      6562.8012
 EELEC  =    -70943.4052  EHBOND  =         0.0000  RESTRAINT  =         0.0000
 ------------------------------------------------------------------------------


 NSTEP =    49500   TIME(PS) =    3085.000  TEMP(K) =   300.29  PRESS =     0.0
 Etot   =    -43105.4710  EKtot   =     11039.7295  EPtot      =    -54145.2005
 BOND   =       368.1081  ANGLE   =       958.5732  DIHED      =      2141.3974
 1-4 NB =       447.1314  1-4 EEL =      6207.9446  VDWAALS    =      6396.7935
 EELEC  =    -70665.1486  EHBOND  =         0.0000  RESTRAINT  =         0.0000
 ------------------------------------------------------------------------------


 NSTEP =    50000   TIME(PS) =    3086.000  TEMP(K) =   300.04  PRESS =     0.0
 Etot   =    -43314.1811  EKtot   =     11030.6211  EPtot      =    -54344.8022
 BOND   =       306.4076  ANGLE   =       949.0479  DIHED      =      2146.5108
 1-4 NB =       445.6895  1-4 EEL =      6256.1056  VDWAALS    =      6517.5853
 EELEC  =    -70966.1488  EHBOND  =         0.0000  RESTRAINT  =         0.0000
 ------------------------------------------------------------------------------


      A V E R A G E S   O V E R     100 S T E P S


 NSTEP =    50000   TIME(PS) =    3086.000  TEMP(K) =   299.84  PRESS =     0.0
 Etot   =    -43310.2126  EKtot   =     11023.2484  EPtot      =    -54333.4610
 BOND   =       349.1934  ANGLE   =       984.2732  DIHED      =      2121.3269
 1-4 NB =       441.5402  1-4 EEL =      6193.5515  VDWAALS    =      6496.9706
 EELEC  =    -70920.3168  EHBOND  =         0.0000  RESTRAINT  =         0.0000
 ------------------------------------------------------------------------------


      R M S  F L U C T U A T I O N S


 NSTEP =    50000   TIME(PS) =    3086.000  TEMP(K) =     1.98  PRESS =     0.0
 Etot   =       124.0481  EKtot   =        72.6884  EPtot      =       118.1950
 BOND   =        16.6503  ANGLE   =        24.2851  DIHED      =        13.4926
 1-4 NB =        10.7773  1-4 EEL =        23.9056  VDWAALS    =       114.6004
 EELEC  =       169.5815  EHBOND  =         0.0000  RESTRAINT  =         0.0000
 ------------------------------------------------------------------------------

--------------------------------------------------------------------------------
   5.  TIMINGS
--------------------------------------------------------------------------------

|  NonSetup CPU Time in Major Routines:
|
|     Routine           Sec        %
|     ------------------------------
|     Nonbond           5.24    8.01
|     Bond              0.00    0.00
|     Angle             0.00    0.00
|     Dihedral          0.00    0.00
|     Shake             0.32    0.48
|     RunMD            59.80   91.46
|     Other             0.03    0.05
|     ------------------------------
|     Total            65.38

|  PME Nonbond Pairlist CPU Time:
|
|     Routine              Sec        %
|     ---------------------------------
|     Set Up Cit           0.00    0.00
|     Build List           0.00    0.00
|     ---------------------------------
|     Total                0.00    0.00

|  PME Direct Force CPU Time:
|
|     Routine              Sec        %
|     ---------------------------------
|     NonBonded Calc       0.00    0.00
|     Exclude Masked       0.00    0.00
|     Other                0.01    0.01
|     ---------------------------------
|     Total                0.01    0.01

|  PME Reciprocal Force CPU Time:
|
|     Routine              Sec        %
|     ---------------------------------
|     1D bspline           0.00    0.00
|     Grid Charges         0.00    0.00
|     Scalar Sum           0.00    0.00
|     Gradient Sum         0.00    0.00
|     FFT                  0.00    0.00
|     ---------------------------------
|     Total                0.00    0.00

|  Final Performance Info:
|     -----------------------------------------------------
|     Average timings for last    4000 steps:
|     Elapsed(s) =       5.23 Per Step(ms) =       1.31
|         ns/day =     132.24   seconds/ns =     653.35
|
|     Average timings for all steps:
|     Elapsed(s) =      65.38 Per Step(ms) =       1.31
|         ns/day =     132.15   seconds/ns =     653.80
|     -----------------------------------------------------

|  Setup CPU time:            0.46 seconds
|  NonSetup CPU time:        65.38 seconds
|  Total CPU time:           65.84 seconds     0.02 hours

|  Setup wall time:           0    seconds
|  NonSetup wall time:       65    seconds
|  Total wall time:          65    seconds     0.02 hours
