
          -------------------------------------------------------
          Amber 16 PMEMD                              2016
          -------------------------------------------------------

| PMEMD implementation of SANDER, Release 16

| Run on 07/03/2017 at 20:18:42

|   Executable path: pmemd.cuda
| Working directory: /home/german/obp/run/mu_apo/mhe/e
|          Hostname: Unknown
  [-O]verwriting output

File Assignments:
|   MDIN: 6equ.in                                                               
|  MDOUT: 6equ.out                                                              
| INPCRD: 5emu_apo.rst7                                                         
|   PARM: /home/german/obp/top_files/mu_apo.prmtop                              
| RESTRT: 6emu_apo.rst7                                                         
|   REFC: 5emu_apo.rst7                                                         
|  MDVEL: mdvel                                                                 
|   MDEN: mden                                                                  
|  MDCRD: 6emu_apo.nc                                                           
| MDINFO: mdinfo                                                                
|  MDFRC: mdfrc                                                                 


 Here is the input file:

Equilibration with solute restrictions                                         
&cntrl                                                                         
imin = 0,                           ! No Minimization                          
nmropt = 0,                         ! No NMR restraints read                   
                                                                               
! Nature and format of the input                                               
ntx = 5,                            ! Coordinates but no velocities will be rea
irest = 1,                          ! Do not run a new simulation              
                                                                               
! Nature and format of the output                                              
ntxo = 1,                           ! rstrt file in ASCII format               
ntpr = 500,                         ! inf in output every ntpr steps           
ntwr = 500,                         ! rstrt file every ntwr steps              
ntwx = 500,                         ! mdcrd file every ntwx steps              
ntwv = 0,                           ! mdvel without velocities                 
ntwe = 0,                           ! Energies and temperatures not written in 
idecomp = 0,                        ! No energy decomposition                  
iwrap = 1,                          ! Coordinates of the restart and mdcrd file
                                                                               
! Frozen or restrained atoms                                                   
ibelly = 0,                         ! No frozen atoms                          
ntr=1,                              ! Harmonic potential restraints            
restraint_wt = 10.0,                ! The weight for the positional restraints 
restraintmask = ':1-119@N,CA,C,O',  ! restrained residues                      
                                                                               
! Molecular dynamics                                                           
nstlim = 50000,                     ! Number of MD-steps                       
dt = 0.002,                         ! Time step                                
                                                                               
! Temperature regulation                                                       
ntt = 3,                            ! Langevin thermostat                      
gamma_ln = 5,                       ! Gamma constant for Langevin              
!temp0 = 300.0,                     ! Reference T at which the system is to be 
tempi = 300.0,                      ! Initial T                                
ig = -1,                            ! Seed for the RNG                         
                                                                               
! P and V regulation                                                           
ntp = 1,                            ! Constant P. Isotropic scaling            
barostat = 1,                       ! Berendsen barostat                       
taup = 1,                           ! Pressure relaxation time                 
nrespa = 1,                         ! Evaluate at each step                    
ntb = 2,                            ! Periodic box for constant P              
                                                                               
! SHAKE variables                                                              
ntc = 2,                            ! Bonds involving H are constrained        
ntf = 2,                            ! Bond interaction involving H are ommited.
                                                                               
cut = 10.0,                         ! Nonbonded cutoff                         
/                                                                              
&end                                                                           


Note: ig = -1. Setting random seed to   305486 based on wallclock time in 
      microseconds.
 
|--------------------- INFORMATION ----------------------
| GPU (CUDA) Version of PMEMD in use: NVIDIA GPU IN USE.
|                    Version 16.0.0
| 
|                      02/25/2016
| 
| Implementation by:
|                    Ross C. Walker     (SDSC)
|                    Scott Le Grand     (nVIDIA)
| 
| Precision model in use:
|      [SPFP] - Single Precision Forces, 64-bit Fixed Point
|               Accumulation. (Default)
| 
|--------------------------------------------------------
 
|----------------- CITATION INFORMATION -----------------
|
|    When publishing work that utilized the CUDA version
|    of AMBER, please cite the following in addition to
|    the regular AMBER citations:
|
|  - Romelia Salomon-Ferrer; Andreas W. Goetz; Duncan
|    Poole; Scott Le Grand; Ross C. Walker "Routine
|    microsecond molecular dynamics simulations with
|    AMBER - Part II: Particle Mesh Ewald", J. Chem.
|    Theory Comput., 2013, 9 (9), pp3878-3888,
|    DOI: 10.1021/ct400314y.
|
|  - Andreas W. Goetz; Mark J. Williamson; Dong Xu;
|    Duncan Poole; Scott Le Grand; Ross C. Walker
|    "Routine microsecond molecular dynamics simulations
|    with AMBER - Part I: Generalized Born", J. Chem.
|    Theory Comput., 2012, 8 (5), pp1542-1555.
|
|  - Scott Le Grand; Andreas W. Goetz; Ross C. Walker
|    "SPFP: Speed without compromise - a mixed precision
|    model for GPU accelerated molecular dynamics
|    simulations.", Comp. Phys. Comm., 2013, 184
|    pp374-380, DOI: 10.1016/j.cpc.2012.09.022
|
|--------------------------------------------------------
 
|------------------- GPU DEVICE INFO --------------------
|
|            CUDA_VISIBLE_DEVICES: 1
|   CUDA Capable Devices Detected:      1
|           CUDA Device ID in use:      0
|                CUDA Device Name: GeForce GTX 1060 6GB
|     CUDA Device Global Mem Size:   6072 MB
| CUDA Device Num Multiprocessors:     10
|           CUDA Device Core Freq:   1.76 GHz
|
|--------------------------------------------------------
 
 
| Conditional Compilation Defines Used:
| PUBFFT
| BINTRAJ
| CUDA
| EMIL

| Largest sphere to fit in unit cell has radius =    26.159

| New format PARM file being parsed.
| Version =    1.000 Date = 02/24/15 Time = 11:47:26

| Note: 1-4 EEL scale factors are being read from the topology file.

| Note: 1-4 VDW scale factors are being read from the topology file.
| Duplicated    0 dihedrals

| Duplicated    0 dihedrals

--------------------------------------------------------------------------------
   1.  RESOURCE   USE: 
--------------------------------------------------------------------------------

 getting new box info from bottom of inpcrd
 NATOM  =   18031 NTYPES =      17 NBONH =   17092 MBONA  =     943
 NTHETH =    2205 MTHETA =    1267 NPHIH =    4292 MPHIA  =    4346
 NHPARM =       0 NPARM  =       0 NNB   =   32012 NRES   =    5500
 NBONA  =     943 NTHETA =    1267 NPHIA =    4346 NUMBND =      60
 NUMANG =     134 NPTRA  =     240 NATYP =      33 NPHB   =       1
 IFBOX  =       1 NMXRS  =      24 IFCAP =       0 NEXTRA =       0
 NCOPY  =       0

| Coordinate Index Table dimensions:    10   11    9
| Direct force subcell size =     5.5216    5.6637    5.8130

     BOX TYPE: RECTILINEAR

--------------------------------------------------------------------------------
   2.  CONTROL  DATA  FOR  THE  RUN
--------------------------------------------------------------------------------

default_name                                                                    

General flags:
     imin    =       0, nmropt  =       0

Nature and format of input:
     ntx     =       5, irest   =       1, ntrx    =       1

Nature and format of output:
     ntxo    =       1, ntpr    =     500, ntrx    =       1, ntwr    =     500
     iwrap   =       1, ntwx    =     500, ntwv    =       0, ntwe    =       0
     ioutfm  =       1, ntwprt  =       0, idecomp =       0, rbornstat=      0

Potential function:
     ntf     =       2, ntb     =       2, igb     =       0, nsnb    =      25
     ipol    =       0, gbsa    =       0, iesp    =       0
     dielc   =   1.00000, cut     =  10.00000, intdiel =   1.00000

Frozen or restrained atoms:
     ibelly  =       0, ntr     =       1
     restraint_wt =  10.00000

Molecular dynamics:
     nstlim  =     50000, nscm    =         0, nrespa  =         1
     t       =   0.00000, dt      =   0.00200, vlimit  =  -1.00000

Langevin dynamics temperature regulation:
     ig      =  305486
     temp0   = 300.00000, tempi   = 300.00000, gamma_ln=   5.00000

Pressure regulation:
     ntp     =       1
     pres0   =   1.00000, comp    =  44.60000, taup    =   1.00000

SHAKE:
     ntc     =       2, jfastw  =       0
     tol     =   0.00001

| Intermolecular bonds treatment:
|     no_intermolecular_bonds =       1

| Energy averages sample interval:
|     ene_avg_sampling =     500

Ewald parameters:
     verbose =       0, ew_type =       0, nbflag  =       1, use_pme =       1
     vdwmeth =       1, eedmeth =       1, netfrc  =       1
     Box X =   55.216   Box Y =   62.301   Box Z =   52.317
     Alpha =   90.000   Beta  =   90.000   Gamma =   90.000
     NFFT1 =   56       NFFT2 =   64       NFFT3 =   56
     Cutoff=   10.000   Tol   =0.100E-04
     Ewald Coefficient =  0.27511
     Interpolation order =    4

    LOADING THE CONSTRAINED ATOMS AS GROUPS


   5.  REFERENCE ATOM COORDINATES

  default_name                                                                    
     Mask :1-119@N,CA,C,O; matches   476 atoms

--------------------------------------------------------------------------------
   3.  ATOMIC COORDINATES AND VELOCITIES
--------------------------------------------------------------------------------

default_name                                                                    
 begin time read from input coords =   586.000 ps

 
 Number of triangulated 3-point waters found:     5378

     Sum of charges from parm topology file =  -0.00000006
     Forcing neutrality...

| Dynamic Memory, Types Used:
| Reals              912995
| Integers           634418

| Nonbonded Pairs Initial Allocation:     5453926

| GPU memory information (estimate):
| KB of GPU memory in use:    115677
| KB of CPU memory in use:     23733

--------------------------------------------------------------------------------
   4.  RESULTS
--------------------------------------------------------------------------------

 ---------------------------------------------------
 APPROXIMATING switch and d/dx switch using CUBIC SPLINE INTERPOLATION
 using   5000.0 points per unit in tabled values
 TESTING RELATIVE ERROR over r ranging from 0.0 to cutoff
| CHECK switch(x): max rel err =   0.2738E-14   at   2.422500
| CHECK d/dx switch(x): max rel err =   0.8314E-11   at   2.736960
 ---------------------------------------------------
|---------------------------------------------------
| APPROXIMATING direct energy using CUBIC SPLINE INTERPOLATION
|  with   50.0 points per unit in tabled values
| Relative Error Limit not exceeded for r .gt.   2.33
| APPROXIMATING direct force using CUBIC SPLINE INTERPOLATION
|  with   50.0 points per unit in tabled values
| Relative Error Limit not exceeded for r .gt.   2.80
|---------------------------------------------------

 NSTEP =      500   TIME(PS) =     587.000  TEMP(K) =   300.76  PRESS =  -341.6
 Etot   =    -43314.8280  EKtot   =     11057.0869  EPtot      =    -54371.9149
 BOND   =       355.7499  ANGLE   =       939.9390  DIHED      =      2146.6903
 1-4 NB =       434.6813  1-4 EEL =      6222.4493  VDWAALS    =      6457.3838
 EELEC  =    -71036.6225  EHBOND  =         0.0000  RESTRAINT  =       107.8140
 EAMBER (non-restraint)  =    -54479.7289
 EKCMT  =      4846.5849  VIRIAL  =      6168.2664  VOLUME     =    179183.9791
                                                    Density    =         1.0234
 ------------------------------------------------------------------------------


 NSTEP =     1000   TIME(PS) =     588.000  TEMP(K) =   300.55  PRESS =   -53.8
 Etot   =    -43430.0236  EKtot   =     11049.4463  EPtot      =    -54479.4699
 BOND   =       329.1790  ANGLE   =       951.3924  DIHED      =      2138.2716
 1-4 NB =       455.1204  1-4 EEL =      6249.5379  VDWAALS    =      6604.5007
 EELEC  =    -71316.9343  EHBOND  =         0.0000  RESTRAINT  =       109.4624
 EAMBER (non-restraint)  =    -54588.9323
 EKCMT  =      4784.7531  VIRIAL  =      4992.7405  VOLUME     =    179151.6405
                                                    Density    =         1.0236
 ------------------------------------------------------------------------------


 NSTEP =     1500   TIME(PS) =     589.000  TEMP(K) =   301.73  PRESS =    59.4
 Etot   =    -43376.4001  EKtot   =     11092.8818  EPtot      =    -54469.2819
 BOND   =       338.1334  ANGLE   =       942.0744  DIHED      =      2146.6887
 1-4 NB =       451.6564  1-4 EEL =      6276.1028  VDWAALS    =      6555.5803
 EELEC  =    -71295.4611  EHBOND  =         0.0000  RESTRAINT  =       115.9431
 EAMBER (non-restraint)  =    -54585.2250
 EKCMT  =      4891.9120  VIRIAL  =      4661.7169  VOLUME     =    179565.2675
                                                    Density    =         1.0212
 ------------------------------------------------------------------------------


 NSTEP =     2000   TIME(PS) =     590.000  TEMP(K) =   301.42  PRESS =   191.4
 Etot   =    -43169.6771  EKtot   =     11081.3125  EPtot      =    -54250.9896
 BOND   =       326.9422  ANGLE   =       953.6800  DIHED      =      2136.4189
 1-4 NB =       458.0980  1-4 EEL =      6238.5174  VDWAALS    =      6440.9499
 EELEC  =    -70915.8835  EHBOND  =         0.0000  RESTRAINT  =       110.2875
 EAMBER (non-restraint)  =    -54361.2771
 EKCMT  =      4868.2696  VIRIAL  =      4125.4709  VOLUME     =    179741.6557
                                                    Density    =         1.0202
 ------------------------------------------------------------------------------


 NSTEP =     2500   TIME(PS) =     591.000  TEMP(K) =   302.41  PRESS =  -288.4
 Etot   =    -43457.5086  EKtot   =     11117.8203  EPtot      =    -54575.3289
 BOND   =       366.7720  ANGLE   =       960.0909  DIHED      =      2129.3442
 1-4 NB =       444.1428  1-4 EEL =      6235.6305  VDWAALS    =      6518.5463
 EELEC  =    -71346.1252  EHBOND  =         0.0000  RESTRAINT  =       116.2695
 EAMBER (non-restraint)  =    -54691.5984
 EKCMT  =      4851.2644  VIRIAL  =      5967.5669  VOLUME     =    179278.2040
                                                    Density    =         1.0228
 ------------------------------------------------------------------------------


 NSTEP =     3000   TIME(PS) =     592.000  TEMP(K) =   301.28  PRESS =   -30.3
 Etot   =    -43172.6604  EKtot   =     11076.2314  EPtot      =    -54248.8918
 BOND   =       347.3290  ANGLE   =       934.4392  DIHED      =      2155.5786
 1-4 NB =       431.8783  1-4 EEL =      6242.7101  VDWAALS    =      6560.7148
 EELEC  =    -71027.2105  EHBOND  =         0.0000  RESTRAINT  =       105.6688
 EAMBER (non-restraint)  =    -54354.5606
 EKCMT  =      4871.4666  VIRIAL  =      4988.9957  VOLUME     =    179482.4000
                                                    Density    =         1.0217
 ------------------------------------------------------------------------------


 NSTEP =     3500   TIME(PS) =     593.000  TEMP(K) =   300.53  PRESS =   180.1
 Etot   =    -43203.8480  EKtot   =     11048.5498  EPtot      =    -54252.3978
 BOND   =       363.4367  ANGLE   =       976.7853  DIHED      =      2119.3765
 1-4 NB =       452.7670  1-4 EEL =      6227.5527  VDWAALS    =      6640.8631
 EELEC  =    -71133.0625  EHBOND  =         0.0000  RESTRAINT  =        99.8834
 EAMBER (non-restraint)  =    -54352.2812
 EKCMT  =      4847.0808  VIRIAL  =      4149.8099  VOLUME     =    179334.3224
                                                    Density    =         1.0225
 ------------------------------------------------------------------------------


 NSTEP =     4000   TIME(PS) =     594.000  TEMP(K) =   299.52  PRESS =    44.4
 Etot   =    -42996.6225  EKtot   =     11011.6309  EPtot      =    -54008.2533
 BOND   =       342.0829  ANGLE   =      1000.3555  DIHED      =      2136.8956
 1-4 NB =       435.8672  1-4 EEL =      6236.5677  VDWAALS    =      6433.3595
 EELEC  =    -70700.8168  EHBOND  =         0.0000  RESTRAINT  =       107.4351
 EAMBER (non-restraint)  =    -54115.6884
 EKCMT  =      4832.9587  VIRIAL  =      4661.0796  VOLUME     =    179405.2316
                                                    Density    =         1.0221
 ------------------------------------------------------------------------------


 NSTEP =     4500   TIME(PS) =     595.000  TEMP(K) =   304.98  PRESS =   425.0
 Etot   =    -43107.3396  EKtot   =     11212.1992  EPtot      =    -54319.5388
 BOND   =       346.4597  ANGLE   =       936.6659  DIHED      =      2156.2685
 1-4 NB =       437.5259  1-4 EEL =      6288.3730  VDWAALS    =      6624.1565
 EELEC  =    -71212.2671  EHBOND  =         0.0000  RESTRAINT  =       103.2788
 EAMBER (non-restraint)  =    -54422.8175
 EKCMT  =      4908.2941  VIRIAL  =      3260.5567  VOLUME     =    179548.7307
                                                    Density    =         1.0213
 ------------------------------------------------------------------------------


 NSTEP =     5000   TIME(PS) =     596.000  TEMP(K) =   301.85  PRESS =   -97.0
 Etot   =    -43111.9106  EKtot   =     11097.1875  EPtot      =    -54209.0981
 BOND   =       358.9880  ANGLE   =       958.3882  DIHED      =      2139.5029
 1-4 NB =       436.0407  1-4 EEL =      6213.8006  VDWAALS    =      6463.8260
 EELEC  =    -70885.5237  EHBOND  =         0.0000  RESTRAINT  =       105.8792
 EAMBER (non-restraint)  =    -54314.9773
 EKCMT  =      4783.3387  VIRIAL  =      5159.6040  VOLUME     =    179635.5055
                                                    Density    =         1.0208
 ------------------------------------------------------------------------------


 NSTEP =     5500   TIME(PS) =     597.000  TEMP(K) =   298.91  PRESS =   -57.1
 Etot   =    -43364.6329  EKtot   =     10989.2637  EPtot      =    -54353.8966
 BOND   =       339.8299  ANGLE   =       933.6281  DIHED      =      2162.8074
 1-4 NB =       453.6334  1-4 EEL =      6186.1268  VDWAALS    =      6552.6530
 EELEC  =    -71085.9496  EHBOND  =         0.0000  RESTRAINT  =       103.3745
 EAMBER (non-restraint)  =    -54457.2711
 EKCMT  =      4811.5319  VIRIAL  =      5032.1065  VOLUME     =    178865.4957
                                                    Density    =         1.0252
 ------------------------------------------------------------------------------


 NSTEP =     6000   TIME(PS) =     598.000  TEMP(K) =   301.57  PRESS =    22.3
 Etot   =    -43261.6473  EKtot   =     11087.0801  EPtot      =    -54348.7273
 BOND   =       350.5110  ANGLE   =       943.0601  DIHED      =      2134.8503
 1-4 NB =       442.9451  1-4 EEL =      6237.0519  VDWAALS    =      6596.6368
 EELEC  =    -71170.2720  EHBOND  =         0.0000  RESTRAINT  =       116.4895
 EAMBER (non-restraint)  =    -54465.2168
 EKCMT  =      4858.3150  VIRIAL  =      4772.0222  VOLUME     =    178951.2757
                                                    Density    =         1.0247
 ------------------------------------------------------------------------------


 NSTEP =     6500   TIME(PS) =     599.000  TEMP(K) =   302.40  PRESS =   212.2
 Etot   =    -43279.4513  EKtot   =     11117.4209  EPtot      =    -54396.8722
 BOND   =       334.9111  ANGLE   =       944.9814  DIHED      =      2154.8227
 1-4 NB =       444.1192  1-4 EEL =      6222.8465  VDWAALS    =      6613.4935
 EELEC  =    -71225.9298  EHBOND  =         0.0000  RESTRAINT  =       113.8831
 EAMBER (non-restraint)  =    -54510.7553
 EKCMT  =      4826.9683  VIRIAL  =      4004.9153  VOLUME     =    179407.9075
                                                    Density    =         1.0221
 ------------------------------------------------------------------------------


 NSTEP =     7000   TIME(PS) =     600.000  TEMP(K) =   303.21  PRESS =   -34.0
 Etot   =    -43281.0595  EKtot   =     11147.0977  EPtot      =    -54428.1572
 BOND   =       362.6849  ANGLE   =       938.3821  DIHED      =      2120.5282
 1-4 NB =       430.4839  1-4 EEL =      6201.7608  VDWAALS    =      6514.6275
 EELEC  =    -71115.4598  EHBOND  =         0.0000  RESTRAINT  =       118.8353
 EAMBER (non-restraint)  =    -54546.9924
 EKCMT  =      4918.0517  VIRIAL  =      5050.3502  VOLUME     =    180315.9379
                                                    Density    =         1.0169
 ------------------------------------------------------------------------------


 NSTEP =     7500   TIME(PS) =     601.000  TEMP(K) =   300.43  PRESS =   -38.4
 Etot   =    -43227.9329  EKtot   =     11045.0977  EPtot      =    -54273.0305
 BOND   =       325.4579  ANGLE   =       982.9329  DIHED      =      2128.7393
 1-4 NB =       439.5456  1-4 EEL =      6242.6194  VDWAALS    =      6542.2577
 EELEC  =    -71053.6453  EHBOND  =         0.0000  RESTRAINT  =       119.0620
 EAMBER (non-restraint)  =    -54392.0925
 EKCMT  =      4835.3747  VIRIAL  =      4984.8689  VOLUME     =    180422.8603
                                                    Density    =         1.0163
 ------------------------------------------------------------------------------


 NSTEP =     8000   TIME(PS) =     602.000  TEMP(K) =   303.52  PRESS =    60.4
 Etot   =    -43158.2650  EKtot   =     11158.7021  EPtot      =    -54316.9672
 BOND   =       354.4984  ANGLE   =       999.5390  DIHED      =      2107.6389
 1-4 NB =       430.2695  1-4 EEL =      6261.5666  VDWAALS    =      6615.5803
 EELEC  =    -71209.0470  EHBOND  =         0.0000  RESTRAINT  =       122.9870
 EAMBER (non-restraint)  =    -54439.9542
 EKCMT  =      4837.3174  VIRIAL  =      4602.5752  VOLUME     =    179926.7312
                                                    Density    =         1.0191
 ------------------------------------------------------------------------------


 NSTEP =     8500   TIME(PS) =     603.000  TEMP(K) =   302.12  PRESS =  -406.6
 Etot   =    -43096.3270  EKtot   =     11107.0840  EPtot      =    -54203.4109
 BOND   =       336.3476  ANGLE   =       958.4289  DIHED      =      2125.1234
 1-4 NB =       437.5305  1-4 EEL =      6252.1674  VDWAALS    =      6358.8963
 EELEC  =    -70785.1921  EHBOND  =         0.0000  RESTRAINT  =       113.2871
 EAMBER (non-restraint)  =    -54316.6980
 EKCMT  =      4879.2395  VIRIAL  =      6456.1510  VOLUME     =    179625.7796
                                                    Density    =         1.0208
 ------------------------------------------------------------------------------


 NSTEP =     9000   TIME(PS) =     604.000  TEMP(K) =   301.54  PRESS =   -91.8
 Etot   =    -43254.8381  EKtot   =     11085.7627  EPtot      =    -54340.6008
 BOND   =       327.4031  ANGLE   =       973.4232  DIHED      =      2109.2464
 1-4 NB =       436.3632  1-4 EEL =      6260.1398  VDWAALS    =      6513.3676
 EELEC  =    -71066.1814  EHBOND  =         0.0000  RESTRAINT  =       105.6372
 EAMBER (non-restraint)  =    -54446.2380
 EKCMT  =      4791.3456  VIRIAL  =      5146.5763  VOLUME     =    179191.0023
                                                    Density    =         1.0233
 ------------------------------------------------------------------------------


 NSTEP =     9500   TIME(PS) =     605.000  TEMP(K) =   297.90  PRESS =   139.8
 Etot   =    -43429.6756  EKtot   =     10952.0020  EPtot      =    -54381.6776
 BOND   =       335.4093  ANGLE   =      1011.8073  DIHED      =      2140.5643
 1-4 NB =       447.0959  1-4 EEL =      6202.8797  VDWAALS    =      6664.0989
 EELEC  =    -71302.7862  EHBOND  =         0.0000  RESTRAINT  =       119.2532
 EAMBER (non-restraint)  =    -54500.9308
 EKCMT  =      4761.5304  VIRIAL  =      4220.5240  VOLUME     =    179270.0671
                                                    Density    =         1.0229
 ------------------------------------------------------------------------------


 NSTEP =    10000   TIME(PS) =     606.000  TEMP(K) =   297.81  PRESS =   131.7
 Etot   =    -43323.7177  EKtot   =     10948.7080  EPtot      =    -54272.4257
 BOND   =       325.0288  ANGLE   =       961.1081  DIHED      =      2120.2748
 1-4 NB =       440.1221  1-4 EEL =      6214.5316  VDWAALS    =      6536.0078
 EELEC  =    -70976.6377  EHBOND  =         0.0000  RESTRAINT  =       107.1388
 EAMBER (non-restraint)  =    -54379.5644
 EKCMT  =      4738.3032  VIRIAL  =      4228.5037  VOLUME     =    179310.3353
                                                    Density    =         1.0226
 ------------------------------------------------------------------------------


 NSTEP =    10500   TIME(PS) =     607.000  TEMP(K) =   302.42  PRESS =   -10.9
 Etot   =    -43263.2246  EKtot   =     11118.0068  EPtot      =    -54381.2315
 BOND   =       333.0146  ANGLE   =       999.8743  DIHED      =      2122.2004
 1-4 NB =       452.0189  1-4 EEL =      6190.6757  VDWAALS    =      6438.1450
 EELEC  =    -71034.2571  EHBOND  =         0.0000  RESTRAINT  =       117.0968
 EAMBER (non-restraint)  =    -54498.3283
 EKCMT  =      4904.4960  VIRIAL  =      4946.6013  VOLUME     =    179654.4119
                                                    Density    =         1.0207
 ------------------------------------------------------------------------------


 NSTEP =    11000   TIME(PS) =     608.000  TEMP(K) =   299.34  PRESS =   -20.8
 Etot   =    -43201.0365  EKtot   =     11004.8535  EPtot      =    -54205.8900
 BOND   =       363.2068  ANGLE   =       979.7126  DIHED      =      2114.0683
 1-4 NB =       434.3799  1-4 EEL =      6201.5342  VDWAALS    =      6515.4431
 EELEC  =    -70921.2211  EHBOND  =         0.0000  RESTRAINT  =       106.9861
 EAMBER (non-restraint)  =    -54312.8762
 EKCMT  =      4852.3759  VIRIAL  =      4932.9136  VOLUME     =    179678.5410
                                                    Density    =         1.0205
 ------------------------------------------------------------------------------


 NSTEP =    11500   TIME(PS) =     609.000  TEMP(K) =   297.97  PRESS =    63.2
 Etot   =    -43550.1892  EKtot   =     10954.4795  EPtot      =    -54504.6687
 BOND   =       347.7105  ANGLE   =       977.8537  DIHED      =      2124.7285
 1-4 NB =       430.6902  1-4 EEL =      6191.2637  VDWAALS    =      6479.7961
 EELEC  =    -71167.8726  EHBOND  =         0.0000  RESTRAINT  =       111.1612
 EAMBER (non-restraint)  =    -54615.8299
 EKCMT  =      4737.0836  VIRIAL  =      4492.3029  VOLUME     =    179440.7228
                                                    Density    =         1.0219
 ------------------------------------------------------------------------------


 NSTEP =    12000   TIME(PS) =     610.000  TEMP(K) =   300.18  PRESS =   -63.2
 Etot   =    -43321.1590  EKtot   =     11036.0107  EPtot      =    -54357.1698
 BOND   =       348.4971  ANGLE   =       942.6623  DIHED      =      2156.6042
 1-4 NB =       448.8883  1-4 EEL =      6236.8122  VDWAALS    =      6526.6901
 EELEC  =    -71119.5064  EHBOND  =         0.0000  RESTRAINT  =       102.1824
 EAMBER (non-restraint)  =    -54459.3522
 EKCMT  =      4823.5622  VIRIAL  =      5067.9278  VOLUME     =    179065.7365
                                                    Density    =         1.0240
 ------------------------------------------------------------------------------


 NSTEP =    12500   TIME(PS) =     611.000  TEMP(K) =   303.85  PRESS =  -131.5
 Etot   =    -43223.2660  EKtot   =     11170.6729  EPtot      =    -54393.9388
 BOND   =       340.5898  ANGLE   =       968.0104  DIHED      =      2124.7688
 1-4 NB =       448.2951  1-4 EEL =      6227.5158  VDWAALS    =      6626.8246
 EELEC  =    -71233.6277  EHBOND  =         0.0000  RESTRAINT  =       103.6844
 EAMBER (non-restraint)  =    -54497.6232
 EKCMT  =      4886.8827  VIRIAL  =      5396.4520  VOLUME     =    179451.0725
                                                    Density    =         1.0218
 ------------------------------------------------------------------------------


 NSTEP =    13000   TIME(PS) =     612.000  TEMP(K) =   301.91  PRESS =  -139.1
 Etot   =    -43289.0671  EKtot   =     11099.3086  EPtot      =    -54388.3757
 BOND   =       317.0060  ANGLE   =       963.3171  DIHED      =      2123.6805
 1-4 NB =       445.0345  1-4 EEL =      6218.6172  VDWAALS    =      6568.6249
 EELEC  =    -71142.5593  EHBOND  =         0.0000  RESTRAINT  =       117.9033
 EAMBER (non-restraint)  =    -54506.2790
 EKCMT  =      4859.8780  VIRIAL  =      5400.1386  VOLUME     =    179869.5888
                                                    Density    =         1.0195
 ------------------------------------------------------------------------------


 NSTEP =    13500   TIME(PS) =     613.000  TEMP(K) =   301.42  PRESS =  -108.6
 Etot   =    -43468.9646  EKtot   =     11081.5625  EPtot      =    -54550.5271
 BOND   =       332.4906  ANGLE   =      1019.9924  DIHED      =      2147.2617
 1-4 NB =       448.7073  1-4 EEL =      6219.8726  VDWAALS    =      6490.3376
 EELEC  =    -71330.5884  EHBOND  =         0.0000  RESTRAINT  =       121.3992
 EAMBER (non-restraint)  =    -54671.9263
 EKCMT  =      4882.1573  VIRIAL  =      5302.4276  VOLUME     =    179200.8195
                                                    Density    =         1.0233
 ------------------------------------------------------------------------------


 NSTEP =    14000   TIME(PS) =     614.000  TEMP(K) =   303.36  PRESS =    39.5
 Etot   =    -43186.8594  EKtot   =     11152.6328  EPtot      =    -54339.4923
 BOND   =       343.9516  ANGLE   =       996.7918  DIHED      =      2139.5995
 1-4 NB =       446.9901  1-4 EEL =      6192.8239  VDWAALS    =      6603.9090
 EELEC  =    -71170.8112  EHBOND  =         0.0000  RESTRAINT  =       107.2530
 EAMBER (non-restraint)  =    -54446.7453
 EKCMT  =      4845.6875  VIRIAL  =      4693.0508  VOLUME     =    179195.7625
                                                    Density    =         1.0233
 ------------------------------------------------------------------------------


 NSTEP =    14500   TIME(PS) =     615.000  TEMP(K) =   299.78  PRESS =   187.4
 Etot   =    -43447.5628  EKtot   =     11021.1064  EPtot      =    -54468.6692
 BOND   =       324.8816  ANGLE   =       963.0588  DIHED      =      2122.7335
 1-4 NB =       458.3847  1-4 EEL =      6216.8752  VDWAALS    =      6470.3091
 EELEC  =    -71141.3868  EHBOND  =         0.0000  RESTRAINT  =       116.4747
 EAMBER (non-restraint)  =    -54585.1439
 EKCMT  =      4860.2065  VIRIAL  =      4134.6721  VOLUME     =    179298.6281
                                                    Density    =         1.0227
 ------------------------------------------------------------------------------


 NSTEP =    15000   TIME(PS) =     616.000  TEMP(K) =   299.06  PRESS =  -233.8
 Etot   =    -43199.4330  EKtot   =     10994.6396  EPtot      =    -54194.0726
 BOND   =       355.1746  ANGLE   =      1005.9052  DIHED      =      2151.7489
 1-4 NB =       422.1446  1-4 EEL =      6203.3675  VDWAALS    =      6456.8984
 EELEC  =    -70895.5041  EHBOND  =         0.0000  RESTRAINT  =       106.1924
 EAMBER (non-restraint)  =    -54300.2650
 EKCMT  =      4812.4289  VIRIAL  =      5717.5533  VOLUME     =    179265.1695
                                                    Density    =         1.0229
 ------------------------------------------------------------------------------


 NSTEP =    15500   TIME(PS) =     617.000  TEMP(K) =   304.09  PRESS =    37.0
 Etot   =    -43084.7205  EKtot   =     11179.4746  EPtot      =    -54264.1951
 BOND   =       336.0676  ANGLE   =       985.2507  DIHED      =      2140.3975
 1-4 NB =       440.0548  1-4 EEL =      6238.3175  VDWAALS    =      6451.1876
 EELEC  =    -70959.1509  EHBOND  =         0.0000  RESTRAINT  =       103.6801
 EAMBER (non-restraint)  =    -54367.8752
 EKCMT  =      4862.3847  VIRIAL  =      4719.0909  VOLUME     =    179259.1107
                                                    Density    =         1.0229
 ------------------------------------------------------------------------------


 NSTEP =    16000   TIME(PS) =     618.000  TEMP(K) =   298.50  PRESS =   -15.2
 Etot   =    -43470.4792  EKtot   =     10974.2207  EPtot      =    -54444.6999
 BOND   =       337.7617  ANGLE   =       974.0308  DIHED      =      2158.2628
 1-4 NB =       432.4044  1-4 EEL =      6195.2400  VDWAALS    =      6557.8731
 EELEC  =    -71216.3964  EHBOND  =         0.0000  RESTRAINT  =       116.1237
 EAMBER (non-restraint)  =    -54560.8236
 EKCMT  =      4833.2391  VIRIAL  =      4891.9927  VOLUME     =    179583.9282
                                                    Density    =         1.0211
 ------------------------------------------------------------------------------


 NSTEP =    16500   TIME(PS) =     619.000  TEMP(K) =   299.60  PRESS =   286.1
 Etot   =    -43361.9944  EKtot   =     11014.4502  EPtot      =    -54376.4446
 BOND   =       348.7412  ANGLE   =       947.9720  DIHED      =      2121.8603
 1-4 NB =       433.3747  1-4 EEL =      6196.0528  VDWAALS    =      6652.4450
 EELEC  =    -71198.0816  EHBOND  =         0.0000  RESTRAINT  =       121.1908
 EAMBER (non-restraint)  =    -54497.6354
 EKCMT  =      4772.5162  VIRIAL  =      3659.1424  VOLUME     =    180266.0623
                                                    Density    =         1.0172
 ------------------------------------------------------------------------------


 NSTEP =    17000   TIME(PS) =     620.000  TEMP(K) =   300.64  PRESS =   -45.4
 Etot   =    -43133.9927  EKtot   =     11052.6914  EPtot      =    -54186.6841
 BOND   =       352.2019  ANGLE   =       976.4016  DIHED      =      2114.9381
 1-4 NB =       439.7919  1-4 EEL =      6222.7926  VDWAALS    =      6471.7635
 EELEC  =    -70870.1159  EHBOND  =         0.0000  RESTRAINT  =       105.5422
 EAMBER (non-restraint)  =    -54292.2263
 EKCMT  =      4879.6376  VIRIAL  =      5056.3401  VOLUME     =    180295.2477
                                                    Density    =         1.0171
 ------------------------------------------------------------------------------


 NSTEP =    17500   TIME(PS) =     621.000  TEMP(K) =   300.59  PRESS =     7.0
 Etot   =    -43219.6870  EKtot   =     11050.7988  EPtot      =    -54270.4858
 BOND   =       369.1735  ANGLE   =       961.1460  DIHED      =      2115.6519
 1-4 NB =       449.4146  1-4 EEL =      6199.4423  VDWAALS    =      6476.2750
 EELEC  =    -70965.6908  EHBOND  =         0.0000  RESTRAINT  =       124.1018
 EAMBER (non-restraint)  =    -54394.5876
 EKCMT  =      4893.7412  VIRIAL  =      4866.6208  VOLUME     =    179897.8611
                                                    Density    =         1.0193
 ------------------------------------------------------------------------------


 NSTEP =    18000   TIME(PS) =     622.000  TEMP(K) =   300.54  PRESS =  -275.1
 Etot   =    -43326.2412  EKtot   =     11049.0488  EPtot      =    -54375.2900
 BOND   =       358.8202  ANGLE   =       953.5222  DIHED      =      2154.2240
 1-4 NB =       427.6772  1-4 EEL =      6201.0700  VDWAALS    =      6375.9959
 EELEC  =    -70964.5914  EHBOND  =         0.0000  RESTRAINT  =       117.9920
 EAMBER (non-restraint)  =    -54493.2820
 EKCMT  =      4845.3464  VIRIAL  =      5912.5063  VOLUME     =    179669.3214
                                                    Density    =         1.0206
 ------------------------------------------------------------------------------


 NSTEP =    18500   TIME(PS) =     623.000  TEMP(K) =   298.88  PRESS =  -107.9
 Etot   =    -43209.4258  EKtot   =     10988.1045  EPtot      =    -54197.5303
 BOND   =       340.4736  ANGLE   =       942.7537  DIHED      =      2140.5351
 1-4 NB =       440.5896  1-4 EEL =      6234.2865  VDWAALS    =      6503.7209
 EELEC  =    -70909.5170  EHBOND  =         0.0000  RESTRAINT  =       109.6273
 EAMBER (non-restraint)  =    -54307.1576
 EKCMT  =      4811.2286  VIRIAL  =      5229.3636  VOLUME     =    179559.9864
                                                    Density    =         1.0212
 ------------------------------------------------------------------------------


 NSTEP =    19000   TIME(PS) =     624.000  TEMP(K) =   300.27  PRESS =   112.1
 Etot   =    -43401.2302  EKtot   =     11039.0605  EPtot      =    -54440.2908
 BOND   =       336.5412  ANGLE   =       975.4681  DIHED      =      2139.8449
 1-4 NB =       442.3582  1-4 EEL =      6236.8237  VDWAALS    =      6531.1079
 EELEC  =    -71212.8667  EHBOND  =         0.0000  RESTRAINT  =       110.4319
 EAMBER (non-restraint)  =    -54550.7227
 EKCMT  =      4854.9558  VIRIAL  =      4420.7661  VOLUME     =    179335.0683
                                                    Density    =         1.0225
 ------------------------------------------------------------------------------


 NSTEP =    19500   TIME(PS) =     625.000  TEMP(K) =   298.67  PRESS =   240.3
 Etot   =    -43221.5892  EKtot   =     10980.3096  EPtot      =    -54201.8987
 BOND   =       371.6692  ANGLE   =       960.8870  DIHED      =      2139.9734
 1-4 NB =       424.0417  1-4 EEL =      6203.2739  VDWAALS    =      6523.9474
 EELEC  =    -70934.6988  EHBOND  =         0.0000  RESTRAINT  =       109.0074
 EAMBER (non-restraint)  =    -54310.9061
 EKCMT  =      4913.8534  VIRIAL  =      3982.5601  VOLUME     =    179467.4651
                                                    Density    =         1.0217
 ------------------------------------------------------------------------------


 NSTEP =    20000   TIME(PS) =     626.000  TEMP(K) =   301.15  PRESS =   113.8
 Etot   =    -43290.4439  EKtot   =     11071.6494  EPtot      =    -54362.0933
 BOND   =       318.5529  ANGLE   =       963.2406  DIHED      =      2114.5785
 1-4 NB =       442.2785  1-4 EEL =      6267.4615  VDWAALS    =      6551.3114
 EELEC  =    -71141.0697  EHBOND  =         0.0000  RESTRAINT  =       121.5530
 EAMBER (non-restraint)  =    -54483.6463
 EKCMT  =      4802.8147  VIRIAL  =      4361.2985  VOLUME     =    179701.3759
                                                    Density    =         1.0204
 ------------------------------------------------------------------------------


 NSTEP =    20500   TIME(PS) =     627.000  TEMP(K) =   297.95  PRESS =   138.9
 Etot   =    -43364.8494  EKtot   =     10953.8242  EPtot      =    -54318.6736
 BOND   =       350.2915  ANGLE   =       965.4193  DIHED      =      2121.1936
 1-4 NB =       438.5695  1-4 EEL =      6232.3524  VDWAALS    =      6561.8705
 EELEC  =    -71095.9316  EHBOND  =         0.0000  RESTRAINT  =       107.5613
 EAMBER (non-restraint)  =    -54426.2349
 EKCMT  =      4816.3783  VIRIAL  =      4278.3971  VOLUME     =    179351.5790
                                                    Density    =         1.0224
 ------------------------------------------------------------------------------


 NSTEP =    21000   TIME(PS) =     628.000  TEMP(K) =   300.45  PRESS =   -75.7
 Etot   =    -43189.3345  EKtot   =     11045.7686  EPtot      =    -54235.1030
 BOND   =       378.6315  ANGLE   =       965.1440  DIHED      =      2137.2136
 1-4 NB =       432.1417  1-4 EEL =      6224.9345  VDWAALS    =      6508.1530
 EELEC  =    -70991.6644  EHBOND  =         0.0000  RESTRAINT  =       110.3431
 EAMBER (non-restraint)  =    -54345.4461
 EKCMT  =      4918.3665  VIRIAL  =      5211.0884  VOLUME     =    178999.1168
                                                    Density    =         1.0244
 ------------------------------------------------------------------------------


 NSTEP =    21500   TIME(PS) =     629.000  TEMP(K) =   301.86  PRESS =   105.0
 Etot   =    -43037.0955  EKtot   =     11097.7061  EPtot      =    -54134.8016
 BOND   =       343.3833  ANGLE   =       952.2479  DIHED      =      2131.7283
 1-4 NB =       432.7973  1-4 EEL =      6231.8064  VDWAALS    =      6491.9164
 EELEC  =    -70835.8198  EHBOND  =         0.0000  RESTRAINT  =       117.1387
 EAMBER (non-restraint)  =    -54251.9403
 EKCMT  =      4872.4834  VIRIAL  =      4466.4245  VOLUME     =    179178.7868
                                                    Density    =         1.0234
 ------------------------------------------------------------------------------


 NSTEP =    22000   TIME(PS) =     630.000  TEMP(K) =   299.98  PRESS =     1.2
 Etot   =    -43329.0192  EKtot   =     11028.3477  EPtot      =    -54357.3668
 BOND   =       336.2279  ANGLE   =       969.4105  DIHED      =      2141.1588
 1-4 NB =       431.5220  1-4 EEL =      6223.0092  VDWAALS    =      6461.2263
 EELEC  =    -71033.4356  EHBOND  =         0.0000  RESTRAINT  =       113.5141
 EAMBER (non-restraint)  =    -54470.8809
 EKCMT  =      4838.6443  VIRIAL  =      4834.1540  VOLUME     =    179121.3716
                                                    Density    =         1.0237
 ------------------------------------------------------------------------------


 NSTEP =    22500   TIME(PS) =     631.000  TEMP(K) =   298.48  PRESS =   243.4
 Etot   =    -43308.4719  EKtot   =     10973.4590  EPtot      =    -54281.9308
 BOND   =       324.2893  ANGLE   =       996.7108  DIHED      =      2145.1059
 1-4 NB =       436.0533  1-4 EEL =      6240.5161  VDWAALS    =      6504.1378
 EELEC  =    -71044.0107  EHBOND  =         0.0000  RESTRAINT  =       115.2666
 EAMBER (non-restraint)  =    -54397.1974
 EKCMT  =      4815.2815  VIRIAL  =      3873.0009  VOLUME     =    179292.4381
                                                    Density    =         1.0227
 ------------------------------------------------------------------------------


 NSTEP =    23000   TIME(PS) =     632.000  TEMP(K) =   300.68  PRESS =     2.4
 Etot   =    -43184.6074  EKtot   =     11054.2021  EPtot      =    -54238.8096
 BOND   =       312.4865  ANGLE   =      1001.8199  DIHED      =      2152.7015
 1-4 NB =       437.6873  1-4 EEL =      6218.5447  VDWAALS    =      6373.5566
 EELEC  =    -70841.3608  EHBOND  =         0.0000  RESTRAINT  =       105.7547
 EAMBER (non-restraint)  =    -54344.5643
 EKCMT  =      4770.9617  VIRIAL  =      4761.7687  VOLUME     =    179600.7713
                                                    Density    =         1.0210
 ------------------------------------------------------------------------------


 NSTEP =    23500   TIME(PS) =     633.000  TEMP(K) =   302.79  PRESS =   263.1
 Etot   =    -43198.3703  EKtot   =     11131.6992  EPtot      =    -54330.0695
 BOND   =       352.4946  ANGLE   =      1006.8415  DIHED      =      2163.8736
 1-4 NB =       434.2231  1-4 EEL =      6222.2407  VDWAALS    =      6618.0975
 EELEC  =    -71231.7483  EHBOND  =         0.0000  RESTRAINT  =       103.9076
 EAMBER (non-restraint)  =    -54433.9771
 EKCMT  =      4941.5479  VIRIAL  =      3921.1661  VOLUME     =    179641.8996
                                                    Density    =         1.0208
 ------------------------------------------------------------------------------


 NSTEP =    24000   TIME(PS) =     634.000  TEMP(K) =   301.45  PRESS =   131.4
 Etot   =    -43152.5083  EKtot   =     11082.6826  EPtot      =    -54235.1909
 BOND   =       335.3655  ANGLE   =       972.3405  DIHED      =      2139.4058
 1-4 NB =       437.3882  1-4 EEL =      6225.0814  VDWAALS    =      6575.8704
 EELEC  =    -71035.5632  EHBOND  =         0.0000  RESTRAINT  =       114.9206
 EAMBER (non-restraint)  =    -54350.1115
 EKCMT  =      4816.1531  VIRIAL  =      4304.8994  VOLUME     =    180155.0459
                                                    Density    =         1.0179
 ------------------------------------------------------------------------------


 NSTEP =    24500   TIME(PS) =     635.000  TEMP(K) =   300.52  PRESS =  -132.9
 Etot   =    -42946.2994  EKtot   =     11048.4111  EPtot      =    -53994.7105
 BOND   =       328.5083  ANGLE   =       987.5213  DIHED      =      2142.0965
 1-4 NB =       433.7214  1-4 EEL =      6256.0891  VDWAALS    =      6345.3725
 EELEC  =    -70600.5089  EHBOND  =         0.0000  RESTRAINT  =       112.4894
 EAMBER (non-restraint)  =    -54107.1999
 EKCMT  =      4872.2782  VIRIAL  =      5388.4450  VOLUME     =    179892.6097
                                                    Density    =         1.0193
 ------------------------------------------------------------------------------


 NSTEP =    25000   TIME(PS) =     636.000  TEMP(K) =   299.76  PRESS =   150.5
 Etot   =    -43127.7728  EKtot   =     11020.3936  EPtot      =    -54148.1663
 BOND   =       331.6680  ANGLE   =       978.8913  DIHED      =      2137.9636
 1-4 NB =       435.9574  1-4 EEL =      6231.4935  VDWAALS    =      6547.2403
 EELEC  =    -70922.2117  EHBOND  =         0.0000  RESTRAINT  =       110.8313
 EAMBER (non-restraint)  =    -54258.9977
 EKCMT  =      4791.4604  VIRIAL  =      4206.2762  VOLUME     =    180032.1709
                                                    Density    =         1.0185
 ------------------------------------------------------------------------------


 NSTEP =    25500   TIME(PS) =     637.000  TEMP(K) =   302.25  PRESS =  -132.1
 Etot   =    -43038.3204  EKtot   =     11111.9023  EPtot      =    -54150.2227
 BOND   =       331.3194  ANGLE   =       982.5265  DIHED      =      2134.8826
 1-4 NB =       429.1062  1-4 EEL =      6254.5924  VDWAALS    =      6479.3371
 EELEC  =    -70872.9566  EHBOND  =         0.0000  RESTRAINT  =       110.9697
 EAMBER (non-restraint)  =    -54261.1924
 EKCMT  =      4908.1740  VIRIAL  =      5421.2269  VOLUME     =    179939.2537
                                                    Density    =         1.0191
 ------------------------------------------------------------------------------


 NSTEP =    26000   TIME(PS) =     638.000  TEMP(K) =   300.35  PRESS =   109.1
 Etot   =    -43171.5228  EKtot   =     11041.9160  EPtot      =    -54213.4388
 BOND   =       347.7488  ANGLE   =       950.8891  DIHED      =      2144.0678
 1-4 NB =       446.2559  1-4 EEL =      6237.2980  VDWAALS    =      6482.5452
 EELEC  =    -70940.3342  EHBOND  =         0.0000  RESTRAINT  =       118.0906
 EAMBER (non-restraint)  =    -54331.5294
 EKCMT  =      4817.7417  VIRIAL  =      4394.7772  VOLUME     =    179628.3599
                                                    Density    =         1.0208
 ------------------------------------------------------------------------------


 NSTEP =    26500   TIME(PS) =     639.000  TEMP(K) =   299.70  PRESS =  -161.9
 Etot   =    -43390.5164  EKtot   =     11018.1895  EPtot      =    -54408.7059
 BOND   =       316.6584  ANGLE   =       969.7730  DIHED      =      2145.6790
 1-4 NB =       428.1186  1-4 EEL =      6253.0693  VDWAALS    =      6445.6205
 EELEC  =    -71085.0381  EHBOND  =         0.0000  RESTRAINT  =       117.4135
 EAMBER (non-restraint)  =    -54526.1194
 EKCMT  =      4855.4759  VIRIAL  =      5483.7903  VOLUME     =    179764.5928
                                                    Density    =         1.0201
 ------------------------------------------------------------------------------


 NSTEP =    27000   TIME(PS) =     640.000  TEMP(K) =   300.09  PRESS =  -319.0
 Etot   =    -43346.4572  EKtot   =     11032.5488  EPtot      =    -54379.0060
 BOND   =       327.9450  ANGLE   =       986.8893  DIHED      =      2116.2293
 1-4 NB =       435.1117  1-4 EEL =      6215.0987  VDWAALS    =      6416.5744
 EELEC  =    -70991.6922  EHBOND  =         0.0000  RESTRAINT  =       114.8379
 EAMBER (non-restraint)  =    -54493.8439
 EKCMT  =      4824.9817  VIRIAL  =      6062.0438  VOLUME     =    179613.7302
                                                    Density    =         1.0209
 ------------------------------------------------------------------------------


 NSTEP =    27500   TIME(PS) =     641.000  TEMP(K) =   296.46  PRESS =   106.6
 Etot   =    -43475.4273  EKtot   =     10898.9199  EPtot      =    -54374.3472
 BOND   =       339.2056  ANGLE   =       944.0866  DIHED      =      2127.6059
 1-4 NB =       433.6653  1-4 EEL =      6225.1132  VDWAALS    =      6581.5809
 EELEC  =    -71131.1158  EHBOND  =         0.0000  RESTRAINT  =       105.5111
 EAMBER (non-restraint)  =    -54479.8583
 EKCMT  =      4768.3252  VIRIAL  =      4355.7240  VOLUME     =    179301.6701
                                                    Density    =         1.0227
 ------------------------------------------------------------------------------


 NSTEP =    28000   TIME(PS) =     642.000  TEMP(K) =   304.64  PRESS =   236.1
 Etot   =    -42720.6641  EKtot   =     11199.8926  EPtot      =    -53920.5567
 BOND   =       350.6207  ANGLE   =      1009.8222  DIHED      =      2127.2539
 1-4 NB =       446.1138  1-4 EEL =      6224.3084  VDWAALS    =      6465.5862
 EELEC  =    -70655.4739  EHBOND  =         0.0000  RESTRAINT  =       111.2119
 EAMBER (non-restraint)  =    -54031.7686
 EKCMT  =      4872.4932  VIRIAL  =      3958.1421  VOLUME     =    179373.8366
                                                    Density    =         1.0223
 ------------------------------------------------------------------------------


 NSTEP =    28500   TIME(PS) =     643.000  TEMP(K) =   301.30  PRESS =  -193.4
 Etot   =    -43261.4648  EKtot   =     11077.0039  EPtot      =    -54338.4687
 BOND   =       346.8474  ANGLE   =       967.7236  DIHED      =      2122.3836
 1-4 NB =       438.5982  1-4 EEL =      6223.3589  VDWAALS    =      6377.3002
 EELEC  =    -70922.1986  EHBOND  =         0.0000  RESTRAINT  =       107.5180
 EAMBER (non-restraint)  =    -54445.9867
 EKCMT  =      4795.3004  VIRIAL  =      5543.1583  VOLUME     =    179113.4454
                                                    Density    =         1.0238
 ------------------------------------------------------------------------------


 NSTEP =    29000   TIME(PS) =     644.000  TEMP(K) =   302.46  PRESS =  -357.9
 Etot   =    -43191.8895  EKtot   =     11119.7773  EPtot      =    -54311.6668
 BOND   =       358.1332  ANGLE   =       981.2000  DIHED      =      2128.9868
 1-4 NB =       431.0131  1-4 EEL =      6192.4955  VDWAALS    =      6325.0567
 EELEC  =    -70840.3805  EHBOND  =         0.0000  RESTRAINT  =       111.8283
 EAMBER (non-restraint)  =    -54423.4951
 EKCMT  =      4801.1390  VIRIAL  =      6184.0000  VOLUME     =    178933.0529
                                                    Density    =         1.0248
 ------------------------------------------------------------------------------


 NSTEP =    29500   TIME(PS) =     645.000  TEMP(K) =   301.89  PRESS =   220.4
 Etot   =    -43181.2813  EKtot   =     11098.7119  EPtot      =    -54279.9932
 BOND   =       330.6248  ANGLE   =       944.3451  DIHED      =      2140.2183
 1-4 NB =       432.1051  1-4 EEL =      6208.3084  VDWAALS    =      6487.1114
 EELEC  =    -70928.6809  EHBOND  =         0.0000  RESTRAINT  =       105.9746
 EAMBER (non-restraint)  =    -54385.9678
 EKCMT  =      4824.1724  VIRIAL  =      3973.8543  VOLUME     =    178674.9627
                                                    Density    =         1.0263
 ------------------------------------------------------------------------------


 NSTEP =    30000   TIME(PS) =     646.000  TEMP(K) =   302.06  PRESS =   356.5
 Etot   =    -43010.3242  EKtot   =     11105.1152  EPtot      =    -54115.4394
 BOND   =       329.1828  ANGLE   =       951.8576  DIHED      =      2147.9472
 1-4 NB =       456.5701  1-4 EEL =      6260.7459  VDWAALS    =      6646.4243
 EELEC  =    -71022.8749  EHBOND  =         0.0000  RESTRAINT  =       114.7076
 EAMBER (non-restraint)  =    -54230.1471
 EKCMT  =      4909.7673  VIRIAL  =      3528.2469  VOLUME     =    179461.4799
                                                    Density    =         1.0218
 ------------------------------------------------------------------------------


 NSTEP =    30500   TIME(PS) =     647.000  TEMP(K) =   297.92  PRESS =  -161.0
 Etot   =    -43307.9437  EKtot   =     10952.9141  EPtot      =    -54260.8577
 BOND   =       327.2872  ANGLE   =       986.3938  DIHED      =      2132.4930
 1-4 NB =       451.2030  1-4 EEL =      6251.4447  VDWAALS    =      6484.1683
 EELEC  =    -70997.8644  EHBOND  =         0.0000  RESTRAINT  =       104.0167
 EAMBER (non-restraint)  =    -54364.8744
 EKCMT  =      4847.1911  VIRIAL  =      5469.8675  VOLUME     =    179082.1072
                                                    Density    =         1.0239
 ------------------------------------------------------------------------------


 NSTEP =    31000   TIME(PS) =     648.000  TEMP(K) =   299.90  PRESS =    28.2
 Etot   =    -43408.1487  EKtot   =     11025.6602  EPtot      =    -54433.8088
 BOND   =       331.4950  ANGLE   =       967.7248  DIHED      =      2148.5212
 1-4 NB =       432.7487  1-4 EEL =      6190.0387  VDWAALS    =      6548.7084
 EELEC  =    -71171.1414  EHBOND  =         0.0000  RESTRAINT  =       118.0958
 EAMBER (non-restraint)  =    -54551.9046
 EKCMT  =      4820.2917  VIRIAL  =      4710.8212  VOLUME     =    179739.1723
                                                    Density    =         1.0202
 ------------------------------------------------------------------------------


 NSTEP =    31500   TIME(PS) =     649.000  TEMP(K) =   302.92  PRESS =  -150.4
 Etot   =    -43025.7787  EKtot   =     11136.6270  EPtot      =    -54162.4056
 BOND   =       348.6790  ANGLE   =       974.3974  DIHED      =      2130.7333
 1-4 NB =       441.7129  1-4 EEL =      6217.3190  VDWAALS    =      6374.1841
 EELEC  =    -70770.8111  EHBOND  =         0.0000  RESTRAINT  =       121.3798
 EAMBER (non-restraint)  =    -54283.7854
 EKCMT  =      4917.1117  VIRIAL  =      5500.9749  VOLUME     =    179760.5170
                                                    Density    =         1.0201
 ------------------------------------------------------------------------------


 NSTEP =    32000   TIME(PS) =     650.000  TEMP(K) =   299.19  PRESS =  -162.2
 Etot   =    -43434.5901  EKtot   =     10999.6006  EPtot      =    -54434.1907
 BOND   =       319.0500  ANGLE   =       960.9570  DIHED      =      2150.0526
 1-4 NB =       438.7926  1-4 EEL =      6241.3445  VDWAALS    =      6395.8298
 EELEC  =    -71038.2552  EHBOND  =         0.0000  RESTRAINT  =        98.0380
 EAMBER (non-restraint)  =    -54532.2287
 EKCMT  =      4744.6525  VIRIAL  =      5374.3003  VOLUME     =    179756.2358
                                                    Density    =         1.0201
 ------------------------------------------------------------------------------


 NSTEP =    32500   TIME(PS) =     651.000  TEMP(K) =   296.82  PRESS =    10.2
 Etot   =    -43252.7466  EKtot   =     10912.2988  EPtot      =    -54165.0454
 BOND   =       361.4050  ANGLE   =       958.3042  DIHED      =      2123.5930
 1-4 NB =       435.2772  1-4 EEL =      6231.0664  VDWAALS    =      6478.9448
 EELEC  =    -70879.0816  EHBOND  =         0.0000  RESTRAINT  =       125.4456
 EAMBER (non-restraint)  =    -54290.4910
 EKCMT  =      4760.1542  VIRIAL  =      4720.4385  VOLUME     =    179772.2033
                                                    Density    =         1.0200
 ------------------------------------------------------------------------------


 NSTEP =    33000   TIME(PS) =     652.000  TEMP(K) =   301.59  PRESS =   234.0
 Etot   =    -43241.5632  EKtot   =     11087.7021  EPtot      =    -54329.2653
 BOND   =       356.1681  ANGLE   =       954.2710  DIHED      =      2134.8885
 1-4 NB =       443.1043  1-4 EEL =      6252.5519  VDWAALS    =      6737.8262
 EELEC  =    -71319.1819  EHBOND  =         0.0000  RESTRAINT  =       111.1067
 EAMBER (non-restraint)  =    -54440.3720
 EKCMT  =      4802.0116  VIRIAL  =      3895.2598  VOLUME     =    179465.1699
                                                    Density    =         1.0218
 ------------------------------------------------------------------------------


 NSTEP =    33500   TIME(PS) =     653.000  TEMP(K) =   302.72  PRESS =  -333.9
 Etot   =    -43141.9344  EKtot   =     11129.3184  EPtot      =    -54271.2528
 BOND   =       359.8098  ANGLE   =       939.2811  DIHED      =      2148.7857
 1-4 NB =       439.4503  1-4 EEL =      6228.6173  VDWAALS    =      6436.4029
 EELEC  =    -70941.1561  EHBOND  =         0.0000  RESTRAINT  =       117.5563
 EAMBER (non-restraint)  =    -54388.8091
 EKCMT  =      4810.0135  VIRIAL  =      6102.9827  VOLUME     =    179372.6056
                                                    Density    =         1.0223
 ------------------------------------------------------------------------------


 NSTEP =    34000   TIME(PS) =     654.000  TEMP(K) =   298.62  PRESS =   -49.8
 Etot   =    -43379.3223  EKtot   =     10978.3711  EPtot      =    -54357.6933
 BOND   =       318.3403  ANGLE   =      1003.4101  DIHED      =      2123.9565
 1-4 NB =       445.0009  1-4 EEL =      6272.7488  VDWAALS    =      6364.0205
 EELEC  =    -70997.2920  EHBOND  =         0.0000  RESTRAINT  =       112.1216
 EAMBER (non-restraint)  =    -54469.8150
 EKCMT  =      4830.3098  VIRIAL  =      5023.5627  VOLUME     =    179740.9964
                                                    Density    =         1.0202
 ------------------------------------------------------------------------------


 NSTEP =    34500   TIME(PS) =     655.000  TEMP(K) =   299.85  PRESS =   139.7
 Etot   =    -43246.7143  EKtot   =     11023.8037  EPtot      =    -54270.5181
 BOND   =       354.3249  ANGLE   =       934.5120  DIHED      =      2133.8121
 1-4 NB =       444.4375  1-4 EEL =      6230.2011  VDWAALS    =      6741.0555
 EELEC  =    -71230.1619  EHBOND  =         0.0000  RESTRAINT  =       121.3008
 EAMBER (non-restraint)  =    -54391.8189
 EKCMT  =      4864.6733  VIRIAL  =      4321.8530  VOLUME     =    179955.3682
                                                    Density    =         1.0190
 ------------------------------------------------------------------------------


 NSTEP =    35000   TIME(PS) =     656.000  TEMP(K) =   299.50  PRESS =    75.1
 Etot   =    -43156.3792  EKtot   =     11010.9893  EPtot      =    -54167.3684
 BOND   =       320.7172  ANGLE   =       952.1246  DIHED      =      2137.7644
 1-4 NB =       437.9074  1-4 EEL =      6243.0275  VDWAALS    =      6404.4248
 EELEC  =    -70778.7882  EHBOND  =         0.0000  RESTRAINT  =       115.4540
 EAMBER (non-restraint)  =    -54282.8224
 EKCMT  =      4836.0609  VIRIAL  =      4544.3283  VOLUME     =    180022.2748
                                                    Density    =         1.0186
 ------------------------------------------------------------------------------


 NSTEP =    35500   TIME(PS) =     657.000  TEMP(K) =   299.59  PRESS =  -247.2
 Etot   =    -43260.8044  EKtot   =     11013.9746  EPtot      =    -54274.7790
 BOND   =       340.7774  ANGLE   =       998.0013  DIHED      =      2149.2029
 1-4 NB =       448.3861  1-4 EEL =      6227.5496  VDWAALS    =      6487.0503
 EELEC  =    -71034.0628  EHBOND  =         0.0000  RESTRAINT  =       108.3163
 EAMBER (non-restraint)  =    -54383.0952
 EKCMT  =      4797.2483  VIRIAL  =      5756.6077  VOLUME     =    179775.4384
                                                    Density    =         1.0200
 ------------------------------------------------------------------------------


 NSTEP =    36000   TIME(PS) =     658.000  TEMP(K) =   298.51  PRESS =  -295.0
 Etot   =    -43438.6382  EKtot   =     10974.5986  EPtot      =    -54413.2369
 BOND   =       316.7855  ANGLE   =       987.3297  DIHED      =      2120.6241
 1-4 NB =       448.3360  1-4 EEL =      6216.4127  VDWAALS    =      6426.7332
 EELEC  =    -71044.1971  EHBOND  =         0.0000  RESTRAINT  =       114.7390
 EAMBER (non-restraint)  =    -54527.9759
 EKCMT  =      4780.6297  VIRIAL  =      5924.0130  VOLUME     =    179537.4266
                                                    Density    =         1.0214
 ------------------------------------------------------------------------------


 NSTEP =    36500   TIME(PS) =     659.000  TEMP(K) =   300.36  PRESS =    12.1
 Etot   =    -43267.8271  EKtot   =     11042.3467  EPtot      =    -54310.1738
 BOND   =       352.1282  ANGLE   =       974.6594  DIHED      =      2126.5953
 1-4 NB =       456.3442  1-4 EEL =      6205.9379  VDWAALS    =      6433.6430
 EELEC  =    -70980.3793  EHBOND  =         0.0000  RESTRAINT  =       120.8975
 EAMBER (non-restraint)  =    -54431.0713
 EKCMT  =      4822.6578  VIRIAL  =      4775.8746  VOLUME     =    179651.8246
                                                    Density    =         1.0207
 ------------------------------------------------------------------------------


 NSTEP =    37000   TIME(PS) =     660.000  TEMP(K) =   305.76  PRESS =   -45.8
 Etot   =    -42855.8017  EKtot   =     11240.9980  EPtot      =    -54096.7997
 BOND   =       332.5785  ANGLE   =       946.0204  DIHED      =      2137.8195
 1-4 NB =       451.2648  1-4 EEL =      6244.1851  VDWAALS    =      6401.8556
 EELEC  =    -70719.0460  EHBOND  =         0.0000  RESTRAINT  =       108.5224
 EAMBER (non-restraint)  =    -54205.3221
 EKCMT  =      4974.4393  VIRIAL  =      5151.9786  VOLUME     =    179577.6997
                                                    Density    =         1.0211
 ------------------------------------------------------------------------------


 NSTEP =    37500   TIME(PS) =     661.000  TEMP(K) =   296.49  PRESS =   128.5
 Etot   =    -43441.1041  EKtot   =     10900.0752  EPtot      =    -54341.1793
 BOND   =       338.8264  ANGLE   =       966.0594  DIHED      =      2129.5424
 1-4 NB =       433.9591  1-4 EEL =      6224.9315  VDWAALS    =      6716.0399
 EELEC  =    -71262.6316  EHBOND  =         0.0000  RESTRAINT  =       112.0937
 EAMBER (non-restraint)  =    -54453.2730
 EKCMT  =      4807.6973  VIRIAL  =      4309.5019  VOLUME     =    179546.0621
                                                    Density    =         1.0213
 ------------------------------------------------------------------------------


 NSTEP =    38000   TIME(PS) =     662.000  TEMP(K) =   302.57  PRESS =  -207.5
 Etot   =    -43228.0539  EKtot   =     11123.5664  EPtot      =    -54351.6203
 BOND   =       327.5818  ANGLE   =       943.6713  DIHED      =      2139.5953
 1-4 NB =       450.5950  1-4 EEL =      6233.0771  VDWAALS    =      6425.0186
 EELEC  =    -70989.9408  EHBOND  =         0.0000  RESTRAINT  =       118.7814
 EAMBER (non-restraint)  =    -54470.4017
 EKCMT  =      4777.4400  VIRIAL  =      5581.9459  VOLUME     =    179609.4026
                                                    Density    =         1.0209
 ------------------------------------------------------------------------------


 NSTEP =    38500   TIME(PS) =     663.000  TEMP(K) =   300.57  PRESS =    94.1
 Etot   =    -43381.2851  EKtot   =     11050.0176  EPtot      =    -54431.3027
 BOND   =       350.3197  ANGLE   =       965.8822  DIHED      =      2136.9927
 1-4 NB =       440.0556  1-4 EEL =      6195.3864  VDWAALS    =      6580.4719
 EELEC  =    -71208.5218  EHBOND  =         0.0000  RESTRAINT  =       108.1106
 EAMBER (non-restraint)  =    -54539.4133
 EKCMT  =      4807.4674  VIRIAL  =      4441.6039  VOLUME     =    179991.7990
                                                    Density    =         1.0188
 ------------------------------------------------------------------------------


 NSTEP =    39000   TIME(PS) =     664.000  TEMP(K) =   300.60  PRESS =     3.3
 Etot   =    -43441.2697  EKtot   =     11051.2373  EPtot      =    -54492.5070
 BOND   =       356.6137  ANGLE   =       971.8260  DIHED      =      2129.6204
 1-4 NB =       455.4999  1-4 EEL =      6222.2076  VDWAALS    =      6604.9364
 EELEC  =    -71349.7609  EHBOND  =         0.0000  RESTRAINT  =       116.5498
 EAMBER (non-restraint)  =    -54609.0568
 EKCMT  =      4862.0767  VIRIAL  =      4849.1577  VOLUME     =    179933.6423
                                                    Density    =         1.0191
 ------------------------------------------------------------------------------


 NSTEP =    39500   TIME(PS) =     665.000  TEMP(K) =   300.73  PRESS =    59.1
 Etot   =    -43387.5783  EKtot   =     11056.0400  EPtot      =    -54443.6183
 BOND   =       343.8723  ANGLE   =       953.0509  DIHED      =      2137.5601
 1-4 NB =       429.1842  1-4 EEL =      6206.1436  VDWAALS    =      6573.5621
 EELEC  =    -71205.3775  EHBOND  =         0.0000  RESTRAINT  =       118.3861
 EAMBER (non-restraint)  =    -54562.0044
 EKCMT  =      4909.5793  VIRIAL  =      4679.6657  VOLUME     =    180156.9267
                                                    Density    =         1.0178
 ------------------------------------------------------------------------------


 NSTEP =    40000   TIME(PS) =     666.000  TEMP(K) =   303.21  PRESS =  -274.6
 Etot   =    -43162.5441  EKtot   =     11147.1982  EPtot      =    -54309.7423
 BOND   =       356.6894  ANGLE   =       966.8863  DIHED      =      2133.4114
 1-4 NB =       448.0334  1-4 EEL =      6231.9705  VDWAALS    =      6352.8606
 EELEC  =    -70912.3458  EHBOND  =         0.0000  RESTRAINT  =       112.7519
 EAMBER (non-restraint)  =    -54422.4942
 EKCMT  =      4814.0402  VIRIAL  =      5879.8488  VOLUME     =    179779.3677
                                                    Density    =         1.0200
 ------------------------------------------------------------------------------


 NSTEP =    40500   TIME(PS) =     667.000  TEMP(K) =   303.07  PRESS =   154.3
 Etot   =    -42868.0991  EKtot   =     11142.0830  EPtot      =    -54010.1821
 BOND   =       356.8860  ANGLE   =       962.2672  DIHED      =      2137.9168
 1-4 NB =       429.4968  1-4 EEL =      6215.8994  VDWAALS    =      6461.9238
 EELEC  =    -70691.8477  EHBOND  =         0.0000  RESTRAINT  =       117.2755
 EAMBER (non-restraint)  =    -54127.4576
 EKCMT  =      4915.8351  VIRIAL  =      4316.7753  VOLUME     =    179788.0943
                                                    Density    =         1.0199
 ------------------------------------------------------------------------------


 NSTEP =    41000   TIME(PS) =     668.000  TEMP(K) =   301.12  PRESS =  -300.3
 Etot   =    -43195.0152  EKtot   =     11070.5537  EPtot      =    -54265.5689
 BOND   =       328.8521  ANGLE   =       927.7926  DIHED      =      2125.2469
 1-4 NB =       450.5614  1-4 EEL =      6233.5767  VDWAALS    =      6448.2454
 EELEC  =    -70889.0122  EHBOND  =         0.0000  RESTRAINT  =       109.1681
 EAMBER (non-restraint)  =    -54374.7370
 EKCMT  =      4847.3383  VIRIAL  =      6015.0868  VOLUME     =    180090.4012
                                                    Density    =         1.0182
 ------------------------------------------------------------------------------


 NSTEP =    41500   TIME(PS) =     669.000  TEMP(K) =   300.50  PRESS =   342.1
 Etot   =    -43079.2508  EKtot   =     11047.5039  EPtot      =    -54126.7547
 BOND   =       332.7022  ANGLE   =       958.6940  DIHED      =      2154.3266
 1-4 NB =       444.9738  1-4 EEL =      6214.7751  VDWAALS    =      6536.1809
 EELEC  =    -70879.9877  EHBOND  =         0.0000  RESTRAINT  =       111.5803
 EAMBER (non-restraint)  =    -54238.3351
 EKCMT  =      4775.5361  VIRIAL  =      3449.7408  VOLUME     =    179492.7580
                                                    Density    =         1.0216
 ------------------------------------------------------------------------------


 NSTEP =    42000   TIME(PS) =     670.000  TEMP(K) =   300.65  PRESS =   249.7
 Etot   =    -43240.0731  EKtot   =     11053.2129  EPtot      =    -54293.2860
 BOND   =       310.9993  ANGLE   =       972.3106  DIHED      =      2149.7870
 1-4 NB =       442.5829  1-4 EEL =      6208.1589  VDWAALS    =      6384.4336
 EELEC  =    -70877.8261  EHBOND  =         0.0000  RESTRAINT  =       116.2677
 EAMBER (non-restraint)  =    -54409.5537
 EKCMT  =      4784.6110  VIRIAL  =      3814.5823  VOLUME     =    179914.0788
                                                    Density    =         1.0192
 ------------------------------------------------------------------------------


 NSTEP =    42500   TIME(PS) =     671.000  TEMP(K) =   303.74  PRESS =  -283.9
 Etot   =    -43390.7871  EKtot   =     11166.7070  EPtot      =    -54557.4942
 BOND   =       325.8126  ANGLE   =       959.5564  DIHED      =      2121.7208
 1-4 NB =       458.2916  1-4 EEL =      6253.2038  VDWAALS    =      6571.1022
 EELEC  =    -71367.0864  EHBOND  =         0.0000  RESTRAINT  =       119.9049
 EAMBER (non-restraint)  =    -54677.3990
 EKCMT  =      4860.2525  VIRIAL  =      5964.3304  VOLUME     =    180101.7812
                                                    Density    =         1.0182
 ------------------------------------------------------------------------------


 NSTEP =    43000   TIME(PS) =     672.000  TEMP(K) =   302.07  PRESS =   131.2
 Etot   =    -43040.8312  EKtot   =     11105.3799  EPtot      =    -54146.2111
 BOND   =       333.4717  ANGLE   =       967.9142  DIHED      =      2126.8555
 1-4 NB =       442.6417  1-4 EEL =      6195.8086  VDWAALS    =      6545.8394
 EELEC  =    -70876.0221  EHBOND  =         0.0000  RESTRAINT  =       117.2800
 EAMBER (non-restraint)  =    -54263.4910
 EKCMT  =      4840.9470  VIRIAL  =      4330.8903  VOLUME     =    180051.7812
                                                    Density    =         1.0184
 ------------------------------------------------------------------------------


 NSTEP =    43500   TIME(PS) =     673.000  TEMP(K) =   299.71  PRESS =    41.5
 Etot   =    -43085.1365  EKtot   =     11018.6436  EPtot      =    -54103.7800
 BOND   =       353.9799  ANGLE   =       960.1027  DIHED      =      2157.6726
 1-4 NB =       430.6128  1-4 EEL =      6167.4410  VDWAALS    =      6498.6032
 EELEC  =    -70792.5542  EHBOND  =         0.0000  RESTRAINT  =       120.3620
 EAMBER (non-restraint)  =    -54224.1421
 EKCMT  =      4822.5317  VIRIAL  =      4660.9938  VOLUME     =    180365.4177
                                                    Density    =         1.0167
 ------------------------------------------------------------------------------


 NSTEP =    44000   TIME(PS) =     674.000  TEMP(K) =   296.84  PRESS =   279.5
 Etot   =    -43392.8466  EKtot   =     10913.1445  EPtot      =    -54305.9911
 BOND   =       336.9646  ANGLE   =       982.0156  DIHED      =      2160.2921
 1-4 NB =       452.3573  1-4 EEL =      6243.8665  VDWAALS    =      6595.9116
 EELEC  =    -71185.3316  EHBOND  =         0.0000  RESTRAINT  =       107.9329
 EAMBER (non-restraint)  =    -54413.9240
 EKCMT  =      4834.7739  VIRIAL  =      3746.9066  VOLUME     =    180278.9698
                                                    Density    =         1.0172
 ------------------------------------------------------------------------------


 NSTEP =    44500   TIME(PS) =     675.000  TEMP(K) =   297.46  PRESS =  -279.3
 Etot   =    -43492.7188  EKtot   =     10935.9961  EPtot      =    -54428.7149
 BOND   =       334.7225  ANGLE   =       996.0160  DIHED      =      2129.5318
 1-4 NB =       431.7580  1-4 EEL =      6181.0437  VDWAALS    =      6507.8741
 EELEC  =    -71122.9977  EHBOND  =         0.0000  RESTRAINT  =       113.3368
 EAMBER (non-restraint)  =    -54542.0517
 EKCMT  =      4733.6180  VIRIAL  =      5820.3753  VOLUME     =    180199.2366
                                                    Density    =         1.0176
 ------------------------------------------------------------------------------


 NSTEP =    45000   TIME(PS) =     676.000  TEMP(K) =   299.59  PRESS =    64.3
 Etot   =    -43285.6745  EKtot   =     11014.2480  EPtot      =    -54299.9225
 BOND   =       355.5729  ANGLE   =       945.7251  DIHED      =      2145.5234
 1-4 NB =       442.6391  1-4 EEL =      6204.7985  VDWAALS    =      6645.8361
 EELEC  =    -71147.7062  EHBOND  =         0.0000  RESTRAINT  =       107.6887
 EAMBER (non-restraint)  =    -54407.6112
 EKCMT  =      4813.8601  VIRIAL  =      4563.7399  VOLUME     =    180222.6510
                                                    Density    =         1.0175
 ------------------------------------------------------------------------------


 NSTEP =    45500   TIME(PS) =     677.000  TEMP(K) =   302.27  PRESS =  -386.7
 Etot   =    -43339.2028  EKtot   =     11112.5107  EPtot      =    -54451.7135
 BOND   =       354.8161  ANGLE   =       964.5020  DIHED      =      2129.7583
 1-4 NB =       438.1777  1-4 EEL =      6191.3205  VDWAALS    =      6373.0447
 EELEC  =    -71011.9947  EHBOND  =         0.0000  RESTRAINT  =       108.6618
 EAMBER (non-restraint)  =    -54560.3754
 EKCMT  =      4827.4663  VIRIAL  =      6330.1714  VOLUME     =    179994.8914
                                                    Density    =         1.0188
 ------------------------------------------------------------------------------


 NSTEP =    46000   TIME(PS) =     678.000  TEMP(K) =   298.36  PRESS =   -51.2
 Etot   =    -43314.1621  EKtot   =     10968.9072  EPtot      =    -54283.0693
 BOND   =       343.5571  ANGLE   =       950.8278  DIHED      =      2129.6410
 1-4 NB =       446.4541  1-4 EEL =      6206.6676  VDWAALS    =      6451.5317
 EELEC  =    -70926.3509  EHBOND  =         0.0000  RESTRAINT  =       114.6024
 EAMBER (non-restraint)  =    -54397.6717
 EKCMT  =      4860.8958  VIRIAL  =      5059.9964  VOLUME     =    180149.4464
                                                    Density    =         1.0179
 ------------------------------------------------------------------------------


 NSTEP =    46500   TIME(PS) =     679.000  TEMP(K) =   299.84  PRESS =   158.6
 Etot   =    -43198.8534  EKtot   =     11023.5000  EPtot      =    -54222.3534
 BOND   =       337.8768  ANGLE   =       953.5319  DIHED      =      2134.1962
 1-4 NB =       457.8888  1-4 EEL =      6207.6754  VDWAALS    =      6696.0395
 EELEC  =    -71122.9398  EHBOND  =         0.0000  RESTRAINT  =       113.3779
 EAMBER (non-restraint)  =    -54335.7313
 EKCMT  =      4810.6809  VIRIAL  =      4193.6243  VOLUME     =    180191.5637
                                                    Density    =         1.0176
 ------------------------------------------------------------------------------


 NSTEP =    47000   TIME(PS) =     680.000  TEMP(K) =   298.87  PRESS =   -43.8
 Etot   =    -43079.9273  EKtot   =     10987.8125  EPtot      =    -54067.7398
 BOND   =       346.8104  ANGLE   =       945.6759  DIHED      =      2150.5078
 1-4 NB =       453.9542  1-4 EEL =      6229.7248  VDWAALS    =      6536.1248
 EELEC  =    -70847.8748  EHBOND  =         0.0000  RESTRAINT  =       117.3372
 EAMBER (non-restraint)  =    -54185.0769
 EKCMT  =      4734.6926  VIRIAL  =      4904.8196  VOLUME     =    180093.3939
                                                    Density    =         1.0182
 ------------------------------------------------------------------------------


 NSTEP =    47500   TIME(PS) =     681.000  TEMP(K) =   303.64  PRESS =     0.3
 Etot   =    -42957.5417  EKtot   =     11163.1582  EPtot      =    -54120.6999
 BOND   =       320.8127  ANGLE   =       961.7336  DIHED      =      2133.0194
 1-4 NB =       439.9365  1-4 EEL =      6196.7250  VDWAALS    =      6295.3577
 EELEC  =    -70574.2554  EHBOND  =         0.0000  RESTRAINT  =       105.9706
 EAMBER (non-restraint)  =    -54226.6706
 EKCMT  =      4892.6022  VIRIAL  =      4891.4973  VOLUME     =    180153.4390
                                                    Density    =         1.0179
 ------------------------------------------------------------------------------


 NSTEP =    48000   TIME(PS) =     682.000  TEMP(K) =   300.07  PRESS =   -27.7
 Etot   =    -43163.9720  EKtot   =     11031.6396  EPtot      =    -54195.6116
 BOND   =       357.9845  ANGLE   =       994.2945  DIHED      =      2136.9092
 1-4 NB =       436.5034  1-4 EEL =      6166.6684  VDWAALS    =      6361.6080
 EELEC  =    -70756.8237  EHBOND  =         0.0000  RESTRAINT  =       107.2440
 EAMBER (non-restraint)  =    -54302.8556
 EKCMT  =      4816.7798  VIRIAL  =      4924.3732  VOLUME     =    179765.1290
                                                    Density    =         1.0201
 ------------------------------------------------------------------------------


 NSTEP =    48500   TIME(PS) =     683.000  TEMP(K) =   299.22  PRESS =  -143.9
 Etot   =    -43263.9483  EKtot   =     11000.6602  EPtot      =    -54264.6085
 BOND   =       334.0429  ANGLE   =       947.6097  DIHED      =      2123.9287
 1-4 NB =       437.8359  1-4 EEL =      6182.3131  VDWAALS    =      6368.7206
 EELEC  =    -70781.4844  EHBOND  =         0.0000  RESTRAINT  =       122.4251
 EAMBER (non-restraint)  =    -54387.0336
 EKCMT  =      4779.9409  VIRIAL  =      5337.8864  VOLUME     =    179553.5903
                                                    Density    =         1.0213
 ------------------------------------------------------------------------------


 NSTEP =    49000   TIME(PS) =     684.000  TEMP(K) =   298.88  PRESS =    -2.0
 Etot   =    -43388.5901  EKtot   =     10987.9600  EPtot      =    -54376.5500
 BOND   =       381.8256  ANGLE   =       993.3266  DIHED      =      2124.6831
 1-4 NB =       451.3714  1-4 EEL =      6186.0099  VDWAALS    =      6453.7990
 EELEC  =    -71070.4087  EHBOND  =         0.0000  RESTRAINT  =       102.8430
 EAMBER (non-restraint)  =    -54479.3930
 EKCMT  =      4850.7750  VIRIAL  =      4858.5646  VOLUME     =    179910.3735
                                                    Density    =         1.0192
 ------------------------------------------------------------------------------


 NSTEP =    49500   TIME(PS) =     685.000  TEMP(K) =   297.50  PRESS =   -20.0
 Etot   =    -43510.2465  EKtot   =     10937.1836  EPtot      =    -54447.4301
 BOND   =       332.7518  ANGLE   =       972.7589  DIHED      =      2143.5703
 1-4 NB =       445.4983  1-4 EEL =      6168.4381  VDWAALS    =      6527.6667
 EELEC  =    -71136.8522  EHBOND  =         0.0000  RESTRAINT  =        98.7379
 EAMBER (non-restraint)  =    -54546.1680
 EKCMT  =      4781.4327  VIRIAL  =      4859.0614  VOLUME     =    179720.6008
                                                    Density    =         1.0203
 ------------------------------------------------------------------------------


 NSTEP =    50000   TIME(PS) =     686.000  TEMP(K) =   294.20  PRESS =    49.1
 Etot   =    -43537.9288  EKtot   =     10815.9717  EPtot      =    -54353.9005
 BOND   =       332.1414  ANGLE   =       939.2640  DIHED      =      2130.0792
 1-4 NB =       427.3952  1-4 EEL =      6189.4385  VDWAALS    =      6477.9365
 EELEC  =    -70972.9796  EHBOND  =         0.0000  RESTRAINT  =       122.8243
 EAMBER (non-restraint)  =    -54476.7248
 EKCMT  =      4687.1182  VIRIAL  =      4496.7612  VOLUME     =    179666.0604
                                                    Density    =         1.0206
 ------------------------------------------------------------------------------


      A V E R A G E S   O V E R     100 S T E P S


 NSTEP =    50000   TIME(PS) =     686.000  TEMP(K) =   300.57  PRESS =    -5.6
 Etot   =    -43247.9996  EKtot   =     11050.1023  EPtot      =    -54298.1020
 BOND   =       341.4135  ANGLE   =       967.0510  DIHED      =      2135.7572
 1-4 NB =       441.0635  1-4 EEL =      6222.1722  VDWAALS    =      6504.8020
 EELEC  =    -71022.7586  EHBOND  =         0.0000  RESTRAINT  =       112.3973
 EAMBER (non-restraint)  =    -54410.4992
 EKCMT  =      4833.6694  VIRIAL  =      4855.2347  VOLUME     =    179637.7028
                                                    Density    =         1.0208
 ------------------------------------------------------------------------------


      R M S  F L U C T U A T I O N S


 NSTEP =    50000   TIME(PS) =     686.000  TEMP(K) =     2.03  PRESS =   180.2
 Etot   =       155.4011  EKtot   =        74.7979  EPtot      =       126.8934
 BOND   =        14.8873  ANGLE   =        20.6761  DIHED      =        12.6198
 1-4 NB =         8.6500  1-4 EEL =        24.4547  VDWAALS    =        93.9212
 EELEC  =       176.4674  EHBOND  =         0.0000  RESTRAINT  =         6.2071
 EAMBER (non-restraint)  =       120.6863
 EKCMT  =        50.8316  VIRIAL  =       696.9956  VOLUME     =       376.9336
                                                    Density    =         0.0021
 ------------------------------------------------------------------------------

--------------------------------------------------------------------------------
   5.  TIMINGS
--------------------------------------------------------------------------------

|  NonSetup CPU Time in Major Routines:
|
|     Routine           Sec        %
|     ------------------------------
|     Nonbond          90.22   86.94
|     Bond              0.00    0.00
|     Angle             0.00    0.00
|     Dihedral          0.00    0.00
|     Shake             0.32    0.31
|     RunMD            13.18   12.70
|     Other             0.04    0.04
|     ------------------------------
|     Total           103.78

|  PME Nonbond Pairlist CPU Time:
|
|     Routine              Sec        %
|     ---------------------------------
|     Set Up Cit           0.00    0.00
|     Build List           0.00    0.00
|     ---------------------------------
|     Total                0.00    0.00

|  PME Direct Force CPU Time:
|
|     Routine              Sec        %
|     ---------------------------------
|     NonBonded Calc       0.00    0.00
|     Exclude Masked       0.00    0.00
|     Other                0.02    0.02
|     ---------------------------------
|     Total                0.02    0.02

|  PME Reciprocal Force CPU Time:
|
|     Routine              Sec        %
|     ---------------------------------
|     1D bspline           0.00    0.00
|     Grid Charges         0.00    0.00
|     Scalar Sum           0.00    0.00
|     Gradient Sum         0.00    0.00
|     FFT                  0.00    0.00
|     ---------------------------------
|     Total                0.00    0.00

|  Final Performance Info:
|     -----------------------------------------------------
|     Average timings for last   20500 steps:
|     Elapsed(s) =      42.56 Per Step(ms) =       2.08
|         ns/day =      83.22   seconds/ns =    1038.16
|
|     Average timings for all steps:
|     Elapsed(s) =     103.80 Per Step(ms) =       2.08
|         ns/day =      83.23   seconds/ns =    1038.03
|     -----------------------------------------------------

|  Setup CPU time:            0.48 seconds
|  NonSetup CPU time:       103.78 seconds
|  Total CPU time:          104.25 seconds     0.03 hours

|  Setup wall time:           1    seconds
|  NonSetup wall time:      104    seconds
|  Total wall time:         105    seconds     0.03 hours
