
          -------------------------------------------------------
          Amber 16 PMEMD                              2016
          -------------------------------------------------------

| PMEMD implementation of SANDER, Release 16

| Run on 07/03/2017 at 15:15:57

|   Executable path: pmemd
| Working directory: /home/german/obp/run/wt_eol/mhe/m
|          Hostname: Unknown
  [-O]verwriting output

File Assignments:
|   MDIN: min.in                                                                
|  MDOUT: min.out                                                               
| INPCRD: wt_eol.rst7                                                           
|   PARM: /home/german/obp/top_files/wt_eol.prmtop                              
| RESTRT: mwt_eol.rst7                                                          
|   REFC: wt_eol.rst7                                                           
|  MDVEL: mdvel                                                                 
|   MDEN: mden                                                                  
|  MDCRD: mwt_eol.crd                                                           
| MDINFO: mdinfo                                                                
|  MDFRC: mdfrc                                                                 


 Here is the input file:

Minimization with Cartesian restraints                                         
&cntrl                                                                         
imin=1,                                                                        
ntmin=1,                                ! Steepest Descent, then Conjugate Grad
ncyc=100,                               ! 100 steps of Steepest Descent        
maxcyc=500,                             ! 400 steps of Conjugate Gradient      
ntpr=5,                                                                        
ntr=1,                                  ! Use restraints                       
restraint_wt=100.0,                     ! 100 Kcal/mol                         
restraintmask=':1-120',                 ! Apply restraints on whole molecule. M
&end                                                                           


Note: ig = -1. Setting random seed to   248154 based on wallclock time in 
      microseconds.
 
 
| Conditional Compilation Defines Used:
| PUBFFT
| BINTRAJ
| EMIL

| Largest sphere to fit in unit cell has radius =    29.023

| New format PARM file being parsed.
| Version =    1.000 Date = 02/20/15 Time = 17:35:00

| Note: 1-4 EEL scale factors are being read from the topology file.

| Note: 1-4 VDW scale factors are being read from the topology file.
| Duplicated    0 dihedrals

| Duplicated    0 dihedrals

--------------------------------------------------------------------------------
   1.  RESOURCE   USE: 
--------------------------------------------------------------------------------

 getting new box info from bottom of inpcrd
 NATOM  =   17712 NTYPES =      18 NBONH =   16754 MBONA  =     963
 NTHETH =    2242 MTHETA =    1293 NPHIH =    4367 MPHIA  =    4396
 NHPARM =       0 NPARM  =       0 NNB   =   31725 NRES   =    5382
 NBONA  =     963 NTHETA =    1293 NPHIA =    4396 NUMBND =      72
 NUMANG =     151 NPTRA  =     245 NATYP =      42 NPHB   =       1
 IFBOX  =       1 NMXRS  =      24 IFCAP =       0 NEXTRA =       0
 NCOPY  =       0

| Coordinate Index Table dimensions:    13   14   12
| Direct force subcell size =     4.8116    4.6245    4.8371

     BOX TYPE: RECTILINEAR

--------------------------------------------------------------------------------
   2.  CONTROL  DATA  FOR  THE  RUN
--------------------------------------------------------------------------------

default_name                                                                    

General flags:
     imin    =       1, nmropt  =       0

Nature and format of input:
     ntx     =       1, irest   =       0, ntrx    =       1

Nature and format of output:
     ntxo    =       2, ntpr    =       5, ntrx    =       1, ntwr    =       1
     iwrap   =       0, ntwx    =       0, ntwv    =       0, ntwe    =       0
     ioutfm  =       1, ntwprt  =       0, idecomp =       0, rbornstat=      0

Potential function:
     ntf     =       1, ntb     =       1, igb     =       0, nsnb    =      25
     ipol    =       0, gbsa    =       0, iesp    =       0
     dielc   =   1.00000, cut     =   8.00000, intdiel =   1.00000

Frozen or restrained atoms:
     ibelly  =       0, ntr     =       1
     restraint_wt = 100.00000

Energy minimization:
     maxcyc  =     500, ncyc    =     100, ntmin   =       1
     dx0     =   0.01000, drms    =   0.00010

| Intermolecular bonds treatment:
|     no_intermolecular_bonds =       1

| Energy averages sample interval:
|     ene_avg_sampling =       1

Ewald parameters:
     verbose =       0, ew_type =       0, nbflag  =       1, use_pme =       1
     vdwmeth =       1, eedmeth =       1, netfrc  =       0
     Box X =   62.551   Box Y =   64.744   Box Z =   58.045
     Alpha =   90.000   Beta  =   90.000   Gamma =   90.000
     NFFT1 =   64       NFFT2 =   72       NFFT3 =   60
     Cutoff=    8.000   Tol   =0.100E-04
     Ewald Coefficient =  0.34864
     Interpolation order =    4

    LOADING THE CONSTRAINED ATOMS AS GROUPS


   5.  REFERENCE ATOM COORDINATES

  default_name                                                                    
     Mask :1-120; matches  1932 atoms

--------------------------------------------------------------------------------
   3.  ATOMIC COORDINATES AND VELOCITIES
--------------------------------------------------------------------------------

default_name                                                                    
 begin time read from input coords =     0.000 ps

 
 Number of triangulated 3-point waters found:     5259

     Sum of charges from parm topology file =  -0.00000007
     Forcing neutrality...

| Dynamic Memory, Types Used:
| Reals              586365
| Integers           583348

| Nonbonded Pairs Initial Allocation:     2958346

--------------------------------------------------------------------------------
   4.  RESULTS
--------------------------------------------------------------------------------

 ---------------------------------------------------
 APPROXIMATING switch and d/dx switch using CUBIC SPLINE INTERPOLATION
 using   5000.0 points per unit in tabled values
 TESTING RELATIVE ERROR over r ranging from 0.0 to cutoff
| CHECK switch(x): max rel err =   0.2738E-14   at   2.422500
| CHECK d/dx switch(x): max rel err =   0.8332E-11   at   2.782960
 ---------------------------------------------------
|---------------------------------------------------
| APPROXIMATING direct energy using CUBIC SPLINE INTERPOLATION
|  with   50.0 points per unit in tabled values
| Relative Error Limit not exceeded for r .gt.   2.47
| APPROXIMATING direct force using CUBIC SPLINE INTERPOLATION
|  with   50.0 points per unit in tabled values
| Relative Error Limit not exceeded for r .gt.   2.89
|---------------------------------------------------


   NSTEP       ENERGY          RMS            GMAX         NAME    NUMBER
      1      -4.4264E+04     4.0338E+01     3.9360E+03     SG       1406

 BOND    =      145.6709  ANGLE   =      258.4506  DIHED      =     2082.4556
 VDWAALS =     5808.9566  EEL     =   -59480.8147  HBOND      =        0.0000
 1-4 VDW =      469.9357  1-4 EEL =     6451.2321  RESTRAINT  =        0.0000


   NSTEP       ENERGY          RMS            GMAX         NAME    NUMBER
      5      -4.4773E+04     2.9088E+01     2.6740E+03     SG       1406

 BOND    =      142.5270  ANGLE   =      257.1485  DIHED      =     2082.4113
 VDWAALS =     5356.6097  EEL     =   -59532.8604  HBOND      =        0.0000
 1-4 VDW =      469.8946  1-4 EEL =     6451.1400  RESTRAINT  =        0.3713
 EAMBER  =   -44773.1292


   NSTEP       ENERGY          RMS            GMAX         NAME    NUMBER
     10      -4.5660E+04     1.5538E+01     1.0530E+03     SG       1406

 BOND    =      139.9761  ANGLE   =      252.0259  DIHED      =     2082.0851
 VDWAALS =     4711.7213  EEL     =   -59771.0806  HBOND      =        0.0000
 1-4 VDW =      469.7016  1-4 EEL =     6450.6206  RESTRAINT  =        4.7662
 EAMBER  =   -45664.9501


   NSTEP       ENERGY          RMS            GMAX         NAME    NUMBER
     15      -4.6873E+04     9.0661E+00     2.7127E+02     SG       1406

 BOND    =      279.1988  ANGLE   =      235.4922  DIHED      =     2080.4071
 VDWAALS =     4297.0955  EEL     =   -60703.9753  HBOND      =        0.0000
 1-4 VDW =      468.9062  1-4 EEL =     6447.8203  RESTRAINT  =       22.3620
 EAMBER  =   -46895.0553


   NSTEP       ENERGY          RMS            GMAX         NAME    NUMBER
     20      -4.8579E+04     4.6551E+00     4.1980E+01     SG       1406

 BOND    =     1242.6414  ANGLE   =      208.7915  DIHED      =     2076.5193
 VDWAALS =     4030.8440  EEL     =   -63101.1774  HBOND      =        0.0000
 1-4 VDW =      466.5073  1-4 EEL =     6434.5005  RESTRAINT  =       62.5816
 EAMBER  =   -48641.3734


   NSTEP       ENERGY          RMS            GMAX         NAME    NUMBER
     25      -5.0625E+04     2.5316E+00     3.0316E+01     Na+      1933

 BOND    =     2598.5824  ANGLE   =      188.9726  DIHED      =     2075.4920
 VDWAALS =     3901.5625  EEL     =   -66366.9320  HBOND      =        0.0000
 1-4 VDW =      461.0107  1-4 EEL =     6394.7689  RESTRAINT  =      121.5215
 EAMBER  =   -50746.5430


   NSTEP       ENERGY          RMS            GMAX         NAME    NUMBER
     30      -5.2278E+04     6.0650E+00     1.0301E+02     CD        394

 BOND    =     3721.4816  ANGLE   =      191.3260  DIHED      =     2074.9072
 VDWAALS =     3977.2165  EEL     =   -69228.0200  HBOND      =        0.0000
 1-4 VDW =      458.5285  1-4 EEL =     6383.7746  RESTRAINT  =      142.6169
 EAMBER  =   -52420.7856


   NSTEP       ENERGY          RMS            GMAX         NAME    NUMBER
     35      -5.3133E+04     1.9215E+00     3.1323E+01     Na+      1933

 BOND    =     2719.7866  ANGLE   =      185.7083  DIHED      =     2074.8497
 VDWAALS =     4021.0824  EEL     =   -69117.7822  HBOND      =        0.0000
 1-4 VDW =      458.4108  1-4 EEL =     6383.3352  RESTRAINT  =      141.6248
 EAMBER  =   -53274.6091


   NSTEP       ENERGY          RMS            GMAX         NAME    NUMBER
     40      -5.3614E+04     1.6024E+00     3.1278E+01     Na+      1933

 BOND    =     2811.3942  ANGLE   =      185.9479  DIHED      =     2074.7483
 VDWAALS =     4069.2358  EEL     =   -69738.2411  HBOND      =        0.0000
 1-4 VDW =      458.3020  1-4 EEL =     6383.0837  RESTRAINT  =      141.7949
 EAMBER  =   -53755.5292


   NSTEP       ENERGY          RMS            GMAX         NAME    NUMBER
     45      -5.4079E+04     1.4683E+00     3.0052E+01     Na+      1933

 BOND    =     2861.5475  ANGLE   =      186.1138  DIHED      =     2074.6647
 VDWAALS =     4123.7087  EEL     =   -70308.2044  HBOND      =        0.0000
 1-4 VDW =      458.2269  1-4 EEL =     6382.9580  RESTRAINT  =      141.9425
 EAMBER  =   -54220.9848


   NSTEP       ENERGY          RMS            GMAX         NAME    NUMBER
     50      -5.4512E+04     2.7560E+00     2.4973E+01     Na+      1933

 BOND    =     2686.2058  ANGLE   =      186.5240  DIHED      =     2074.6503
 VDWAALS =     4193.1367  EEL     =   -70635.7921  HBOND      =        0.0000
 1-4 VDW =      458.1101  1-4 EEL =     6383.1125  RESTRAINT  =      141.8109
 EAMBER  =   -54654.0529


   NSTEP       ENERGY          RMS            GMAX         NAME    NUMBER
     55      -5.4852E+04     2.0154E+00     2.0140E+01     Na+      1934

 BOND    =     2796.6036  ANGLE   =      186.3296  DIHED      =     2074.5753
 VDWAALS =     4245.4525  EEL     =   -71138.3923  HBOND      =        0.0000
 1-4 VDW =      458.1619  1-4 EEL =     6383.1910  RESTRAINT  =      141.7433
 EAMBER  =   -54994.0783


   NSTEP       ENERGY          RMS            GMAX         NAME    NUMBER
     60      -5.5085E+04     3.2317E+00     1.8927E+01     Na+      1934

 BOND    =     2686.3627  ANGLE   =      186.3011  DIHED      =     2074.5533
 VDWAALS =     4301.3230  EEL     =   -71316.8512  HBOND      =        0.0000
 1-4 VDW =      458.1845  1-4 EEL =     6383.5256  RESTRAINT  =      141.4577
 EAMBER  =   -55226.6011


   NSTEP       ENERGY          RMS            GMAX         NAME    NUMBER
     65      -5.5345E+04     3.5773E+00     1.8617E+01     NE2      1533

 BOND    =     2681.6787  ANGLE   =      186.2647  DIHED      =     2074.5392
 VDWAALS =     4361.0846  EEL     =   -71631.7088  HBOND      =        0.0000
 1-4 VDW =      458.2407  1-4 EEL =     6383.8382  RESTRAINT  =      141.2809
 EAMBER  =   -55486.0627


   NSTEP       ENERGY          RMS            GMAX         NAME    NUMBER
     70      -5.5569E+04     3.4712E+00     1.7543E+01     NE2      1533

 BOND    =     2710.7349  ANGLE   =      186.0863  DIHED      =     2074.5192
 VDWAALS =     4412.4672  EEL     =   -71935.8706  HBOND      =        0.0000
 1-4 VDW =      458.3068  1-4 EEL =     6383.9993  RESTRAINT  =      141.0847
 EAMBER  =   -55709.7568


   NSTEP       ENERGY          RMS            GMAX         NAME    NUMBER
     75      -5.5860E+04     1.0743E+00     1.4064E+01     Na+      1934

 BOND    =     3150.5714  ANGLE   =      185.7574  DIHED      =     2074.4842
 VDWAALS =     4461.6698  EEL     =   -72716.1936  HBOND      =        0.0000
 1-4 VDW =      458.4689  1-4 EEL =     6383.9487  RESTRAINT  =      141.1337
 EAMBER  =   -56001.2932


   NSTEP       ENERGY          RMS            GMAX         NAME    NUMBER
     80      -5.5955E+04     3.8165E+00     2.0489E+01     NE2      1533

 BOND    =     2722.5827  ANGLE   =      185.9785  DIHED      =     2074.5125
 VDWAALS =     4521.4751  EEL     =   -72442.5806  HBOND      =        0.0000
 1-4 VDW =      458.3920  1-4 EEL =     6384.1976  RESTRAINT  =      140.6346
 EAMBER  =   -56095.4422


   NSTEP       ENERGY          RMS            GMAX         NAME    NUMBER
     85      -5.6133E+04     3.9939E+00     2.2672E+01     NE2      1533

 BOND    =     2728.9762  ANGLE   =      185.9639  DIHED      =     2074.5139
 VDWAALS =     4578.4362  EEL     =   -72684.4067  HBOND      =        0.0000
 1-4 VDW =      458.4280  1-4 EEL =     6384.2462  RESTRAINT  =      140.4407
 EAMBER  =   -56273.8423


   NSTEP       ENERGY          RMS            GMAX         NAME    NUMBER
     90      -5.6418E+04     1.3221E+00     1.3870E+01     Na+      1934

 BOND    =     3302.4721  ANGLE   =      185.5793  DIHED      =     2074.4744
 VDWAALS =     4629.7084  EEL     =   -73593.5365  HBOND      =        0.0000
 1-4 VDW =      458.6188  1-4 EEL =     6384.0276  RESTRAINT  =      140.5591
 EAMBER  =   -56558.6559


   NSTEP       ENERGY          RMS            GMAX         NAME    NUMBER
     95      -5.6557E+04     9.0619E-01     1.3827E+01     Na+      1934

 BOND    =     3213.0591  ANGLE   =      185.4823  DIHED      =     2074.4737
 VDWAALS =     4674.9399  EEL     =   -73688.3578  HBOND      =        0.0000
 1-4 VDW =      458.6136  1-4 EEL =     6384.0628  RESTRAINT  =      140.3683
 EAMBER  =   -56697.7263


   NSTEP       ENERGY          RMS            GMAX         NAME    NUMBER
    100      -5.6718E+04     9.0059E-01     1.3737E+01     Na+      1934

 BOND    =     3241.8016  ANGLE   =      185.4033  DIHED      =     2074.4598
 VDWAALS =     4732.3185  EEL     =   -73934.7468  HBOND      =        0.0000
 1-4 VDW =      458.6506  1-4 EEL =     6384.0391  RESTRAINT  =      140.2834
 EAMBER  =   -56858.0739


   NSTEP       ENERGY          RMS            GMAX         NAME    NUMBER
    105      -5.6811E+04     1.0200E+00     1.3644E+01     Na+      1934

 BOND    =     3294.0331  ANGLE   =      185.3705  DIHED      =     2074.4473
 VDWAALS =     4767.8534  EEL     =   -74115.9910  HBOND      =        0.0000
 1-4 VDW =      458.6833  1-4 EEL =     6384.0053  RESTRAINT  =      140.2812
 EAMBER  =   -56951.5981


   NSTEP       ENERGY          RMS            GMAX         NAME    NUMBER
    110      -5.8343E+04     4.8733E+00     1.3350E+02     O        1936

 BOND    =     4195.8193  ANGLE   =      195.0794  DIHED      =     2074.4692
 VDWAALS =     6777.5721  EEL     =   -78574.0412  HBOND      =        0.0000
 1-4 VDW =      459.1580  1-4 EEL =     6384.5415  RESTRAINT  =      144.8885
 EAMBER  =   -58487.4016


   NSTEP       ENERGY          RMS            GMAX         NAME    NUMBER
    115      -5.8695E+04     1.6059E+00     3.6468E+01     H1       1937

 BOND    =     3634.9166  ANGLE   =      185.6094  DIHED      =     2074.1052
 VDWAALS =     6353.8947  EEL     =   -77928.8116  HBOND      =        0.0000
 1-4 VDW =      459.2373  1-4 EEL =     6383.7914  RESTRAINT  =      142.0343
 EAMBER  =   -58837.2570


   NSTEP       ENERGY          RMS            GMAX         NAME    NUMBER
    120      -5.9213E+04     5.6326E+00     1.9610E+02     H2       1938

 BOND    =     4260.6143  ANGLE   =      193.9969  DIHED      =     2072.8517
 VDWAALS =     7496.5990  EEL     =   -80249.3855  HBOND      =        0.0000
 1-4 VDW =      458.5597  1-4 EEL =     6384.1573  RESTRAINT  =      169.5965
 EAMBER  =   -59382.6066


   NSTEP       ENERGY          RMS            GMAX         NAME    NUMBER
    125      -5.9595E+04     1.8740E+00     8.2805E+01     CG       1394

 BOND    =     4007.0518  ANGLE   =      188.8261  DIHED      =     2073.2659
 VDWAALS =     7455.6803  EEL     =   -80309.6499  HBOND      =        0.0000
 1-4 VDW =      458.4231  1-4 EEL =     6383.9199  RESTRAINT  =      147.3150
 EAMBER  =   -59742.4829


   NSTEP       ENERGY          RMS            GMAX         NAME    NUMBER
    130      -5.9600E+04     1.7714E+00     7.4257E+01     CG       1394

 BOND    =     3995.9014  ANGLE   =      188.6133  DIHED      =     2073.2574
 VDWAALS =     7455.4693  EEL     =   -80302.7981  HBOND      =        0.0000
 1-4 VDW =      458.4174  1-4 EEL =     6383.9010  RESTRAINT  =      147.0931
 EAMBER  =   -59747.2383


   NSTEP       ENERGY          RMS            GMAX         NAME    NUMBER
    135      -5.9805E+04     1.4541E+00     5.1623E+01     O       13258

 BOND    =     3825.6652  ANGLE   =      185.3905  DIHED      =     2073.7715
 VDWAALS =     7419.1548  EEL     =   -80290.9979  HBOND      =        0.0000
 1-4 VDW =      458.7419  1-4 EEL =     6383.8589  RESTRAINT  =      139.1776
 EAMBER  =   -59944.4152


   NSTEP       ENERGY          RMS            GMAX         NAME    NUMBER
    140      -6.0076E+04     1.4470E+00     6.5356E+01     O        1936

 BOND    =     3963.0275  ANGLE   =      190.5089  DIHED      =     2075.6233
 VDWAALS =     7414.0669  EEL     =   -80732.7784  HBOND      =        0.0000
 1-4 VDW =      459.3708  1-4 EEL =     6383.1400  RESTRAINT  =      171.4353
 EAMBER  =   -60247.0410


   NSTEP       ENERGY          RMS            GMAX         NAME    NUMBER
    145      -6.0382E+04     1.8432E+00     1.2182E+02     CD        327

 BOND    =     3939.3113  ANGLE   =      195.3941  DIHED      =     2075.1402
 VDWAALS =     7382.2548  EEL     =   -80978.9625  HBOND      =        0.0000
 1-4 VDW =      460.0949  1-4 EEL =     6384.3900  RESTRAINT  =      160.0460
 EAMBER  =   -60542.3773


   NSTEP       ENERGY          RMS            GMAX         NAME    NUMBER
    150      -6.0520E+04     1.4817E+00     9.2331E+01     HA        467

 BOND    =     3847.0358  ANGLE   =      190.6215  DIHED      =     2073.2718
 VDWAALS =     7375.8383  EEL     =   -81020.6864  HBOND      =        0.0000
 1-4 VDW =      460.7887  1-4 EEL =     6384.4644  RESTRAINT  =      168.6117
 EAMBER  =   -60688.6660


   NSTEP       ENERGY          RMS            GMAX         NAME    NUMBER
    155      -6.0523E+04     1.4164E+00     9.1505E+01     HA        467

 BOND    =     3847.6291  ANGLE   =      190.3967  DIHED      =     2073.2644
 VDWAALS =     7375.9618  EEL     =   -81023.3612  HBOND      =        0.0000
 1-4 VDW =      460.7486  1-4 EEL =     6384.4296  RESTRAINT  =      168.1154
 EAMBER  =   -60690.9311


   NSTEP       ENERGY          RMS            GMAX         NAME    NUMBER
    160      -6.0625E+04     1.0854E+00     4.6858E+01     H2       1938

 BOND    =     3864.2927  ANGLE   =      187.9581  DIHED      =     2073.6670
 VDWAALS =     7413.8729  EEL     =   -81148.7841  HBOND      =        0.0000
 1-4 VDW =      458.4318  1-4 EEL =     6383.5273  RESTRAINT  =      141.6124
 EAMBER  =   -60767.0342


   NSTEP       ENERGY          RMS            GMAX         NAME    NUMBER
    165      -6.0696E+04     1.1144E+00     6.8826E+01     HA        467

 BOND    =     3896.0462  ANGLE   =      189.2063  DIHED      =     2075.3228
 VDWAALS =     7460.1714  EEL     =   -81313.7033  HBOND      =        0.0000
 1-4 VDW =      458.6074  1-4 EEL =     6383.4292  RESTRAINT  =      154.7106
 EAMBER  =   -60850.9199


   NSTEP       ENERGY          RMS            GMAX         NAME    NUMBER
    170      -6.0922E+04     2.8589E+00     1.6909E+02     CG        471

 BOND    =     4032.6916  ANGLE   =      208.6020  DIHED      =     2075.0664
 VDWAALS =     7929.4024  EEL     =   -82198.6861  HBOND      =        0.0000
 1-4 VDW =      461.4874  1-4 EEL =     6383.9354  RESTRAINT  =      185.3549
 EAMBER  =   -61107.5010


   NSTEP       ENERGY          RMS            GMAX         NAME    NUMBER
    175      -6.1129E+04     1.8731E+00     8.7004E+01     HA        467

 BOND    =     4106.6318  ANGLE   =      199.6558  DIHED      =     2074.0125
 VDWAALS =     8160.1900  EEL     =   -82673.1419  HBOND      =        0.0000
 1-4 VDW =      459.6762  1-4 EEL =     6384.3392  RESTRAINT  =      159.2888
 EAMBER  =   -61288.6366


   NSTEP       ENERGY          RMS            GMAX         NAME    NUMBER
    180      -6.1133E+04     1.8120E+00     8.6363E+01     HA        467

 BOND    =     4102.5428  ANGLE   =      199.2362  DIHED      =     2073.9938
 VDWAALS =     8159.8993  EEL     =   -82671.5861  HBOND      =        0.0000
 1-4 VDW =      459.6550  1-4 EEL =     6384.3240  RESTRAINT  =      158.8882
 EAMBER  =   -61291.9350


   NSTEP       ENERGY          RMS            GMAX         NAME    NUMBER
    185      -6.1274E+04     1.1103E+00     3.4646E+01     H1       1937

 BOND    =     4042.6572  ANGLE   =      185.9486  DIHED      =     2074.0373
 VDWAALS =     8146.3711  EEL     =   -82704.8324  HBOND      =        0.0000
 1-4 VDW =      458.7658  1-4 EEL =     6383.9203  RESTRAINT  =      138.9372
 EAMBER  =   -61413.1320


   NSTEP       ENERGY          RMS            GMAX         NAME    NUMBER
    190      -6.1372E+04     1.1214E+00     7.6628E+01     HA        467

 BOND    =     4091.5659  ANGLE   =      192.5752  DIHED      =     2075.2276
 VDWAALS =     8145.7095  EEL     =   -82872.6709  HBOND      =        0.0000
 1-4 VDW =      458.7132  1-4 EEL =     6384.3295  RESTRAINT  =      152.3139
 EAMBER  =   -61524.5499


   NSTEP       ENERGY          RMS            GMAX         NAME    NUMBER
    195      -6.1490E+04     1.4386E+00     8.6783E+01     CD        327

 BOND    =     4090.8132  ANGLE   =      191.7968  DIHED      =     2073.7207
 VDWAALS =     8232.8764  EEL     =   -83069.0312  HBOND      =        0.0000
 1-4 VDW =      458.5523  1-4 EEL =     6383.2742  RESTRAINT  =      147.9544
 EAMBER  =   -61637.9976


   NSTEP       ENERGY          RMS            GMAX         NAME    NUMBER
    200      -6.1548E+04     1.1599E+00     7.5887E+01     HA        467

 BOND    =     4070.0875  ANGLE   =      189.5705  DIHED      =     2073.5886
 VDWAALS =     8268.3700  EEL     =   -83150.1352  HBOND      =        0.0000
 1-4 VDW =      460.4940  1-4 EEL =     6383.6676  RESTRAINT  =      156.5153
 EAMBER  =   -61704.3569


   NSTEP       ENERGY          RMS            GMAX         NAME    NUMBER
    205      -6.1550E+04     1.0802E+00     7.4809E+01     HA        467

 BOND    =     4069.0087  ANGLE   =      189.3118  DIHED      =     2073.5847
 VDWAALS =     8268.3377  EEL     =   -83150.8583  HBOND      =        0.0000
 1-4 VDW =      460.4408  1-4 EEL =     6383.6491  RESTRAINT  =      156.0923
 EAMBER  =   -61706.5255


   NSTEP       ENERGY          RMS            GMAX         NAME    NUMBER
    210      -6.1612E+04     1.0320E+00     6.0003E+01     OE1       328

 BOND    =     4090.1328  ANGLE   =      187.9084  DIHED      =     2074.0615
 VDWAALS =     8290.7859  EEL     =   -83239.7501  HBOND      =        0.0000
 1-4 VDW =      458.1225  1-4 EEL =     6384.0026  RESTRAINT  =      142.6977
 EAMBER  =   -61754.7364


   NSTEP       ENERGY          RMS            GMAX         NAME    NUMBER
    215      -6.1658E+04     1.0438E+00     6.4655E+01     HA        467

 BOND    =     4104.7341  ANGLE   =      191.3952  DIHED      =     2074.7111
 VDWAALS =     8313.0671  EEL     =   -83332.6378  HBOND      =        0.0000
 1-4 VDW =      458.3277  1-4 EEL =     6384.3604  RESTRAINT  =      148.0149
 EAMBER  =   -61806.0423


   NSTEP       ENERGY          RMS            GMAX         NAME    NUMBER
    220      -6.1831E+04     1.3749E+00     8.1159E+01     CG        573

 BOND    =     4166.4367  ANGLE   =      190.5838  DIHED      =     2073.9425
 VDWAALS =     8556.1545  EEL     =   -83804.9981  HBOND      =        0.0000
 1-4 VDW =      458.9584  1-4 EEL =     6383.1428  RESTRAINT  =      144.7344
 EAMBER  =   -61975.7793


   NSTEP       ENERGY          RMS            GMAX         NAME    NUMBER
    225      -6.1942E+04     1.5367E+00     8.4187E+01     HA        467

 BOND    =     4189.2844  ANGLE   =      196.5465  DIHED      =     2073.9297
 VDWAALS =     8764.1393  EEL     =   -84163.5002  HBOND      =        0.0000
 1-4 VDW =      459.2049  1-4 EEL =     6383.3280  RESTRAINT  =      155.4299
 EAMBER  =   -62097.0673


   NSTEP       ENERGY          RMS            GMAX         NAME    NUMBER
    230      -6.1945E+04     1.4803E+00     8.3342E+01     HA        467

 BOND    =     4187.4591  ANGLE   =      196.1635  DIHED      =     2073.9052
 VDWAALS =     8763.8907  EEL     =   -84163.8385  HBOND      =        0.0000
 1-4 VDW =      459.1884  1-4 EEL =     6383.3166  RESTRAINT  =      154.9913
 EAMBER  =   -62099.9150


   NSTEP       ENERGY          RMS            GMAX         NAME    NUMBER
    235      -6.2084E+04     1.0999E+00     7.3335E+01     CG        573

 BOND    =     4202.9838  ANGLE   =      188.3968  DIHED      =     2074.4770
 VDWAALS =     8761.4343  EEL     =   -84295.1981  HBOND      =        0.0000
 1-4 VDW =      458.6926  1-4 EEL =     6384.0878  RESTRAINT  =      140.9367
 EAMBER  =   -62225.1257


   NSTEP       ENERGY          RMS            GMAX         NAME    NUMBER
    240      -6.2156E+04     1.0355E+00     6.3799E+01     HA        467

 BOND    =     4221.7809  ANGLE   =      191.8670  DIHED      =     2074.6631
 VDWAALS =     8790.3756  EEL     =   -84425.7715  HBOND      =        0.0000
 1-4 VDW =      458.6518  1-4 EEL =     6384.8203  RESTRAINT  =      147.9738
 EAMBER  =   -62303.6129


   NSTEP       ENERGY          RMS            GMAX         NAME    NUMBER
    245      -6.2230E+04     9.1452E-01     3.0586E+01     C         490

 BOND    =     4226.8088  ANGLE   =      186.6891  DIHED      =     2073.7540
 VDWAALS =     8865.8632  EEL     =   -84567.9203  HBOND      =        0.0000
 1-4 VDW =      458.5562  1-4 EEL =     6383.6141  RESTRAINT  =      142.3561
 EAMBER  =   -62372.6347


   NSTEP       ENERGY          RMS            GMAX         NAME    NUMBER
    250      -6.2273E+04     1.2974E+00     7.5975E+01     CD        327

 BOND    =     4225.8807  ANGLE   =      188.8804  DIHED      =     2073.6472
 VDWAALS =     8918.3328  EEL     =   -84672.3969  HBOND      =        0.0000
 1-4 VDW =      459.8022  1-4 EEL =     6383.3243  RESTRAINT  =      149.7103
 EAMBER  =   -62422.5293


   NSTEP       ENERGY          RMS            GMAX         NAME    NUMBER
    255      -6.2277E+04     1.1564E+00     6.4577E+01     OE1       328

 BOND    =     4223.8053  ANGLE   =      188.4590  DIHED      =     2073.6386
 VDWAALS =     8918.2555  EEL     =   -84673.2300  HBOND      =        0.0000
 1-4 VDW =      459.7534  1-4 EEL =     6383.2973  RESTRAINT  =      149.2716
 EAMBER  =   -62426.0210


   NSTEP       ENERGY          RMS            GMAX         NAME    NUMBER
    260      -6.2324E+04     8.2873E-01     5.3636E+01     OE1       328

 BOND    =     4230.3969  ANGLE   =      187.4828  DIHED      =     2074.0384
 VDWAALS =     8930.6197  EEL     =   -84730.2240  HBOND      =        0.0000
 1-4 VDW =      458.1154  1-4 EEL =     6384.3395  RESTRAINT  =      141.1436
 EAMBER  =   -62465.2312


   NSTEP       ENERGY          RMS            GMAX         NAME    NUMBER
    265      -6.2364E+04     9.6986E-01     5.7504E+01     HA        467

 BOND    =     4249.8714  ANGLE   =      191.4822  DIHED      =     2074.4114
 VDWAALS =     8950.5136  EEL     =   -84819.8415  HBOND      =        0.0000
 1-4 VDW =      458.4170  1-4 EEL =     6384.8153  RESTRAINT  =      146.4284
 EAMBER  =   -62510.3306


   NSTEP       ENERGY          RMS            GMAX         NAME    NUMBER
    270      -6.2489E+04     1.2000E+00     7.4834E+01     CG        573

 BOND    =     4284.5907  ANGLE   =      189.0143  DIHED      =     2074.4067
 VDWAALS =     9106.7101  EEL     =   -85127.6381  HBOND      =        0.0000
 1-4 VDW =      458.6990  1-4 EEL =     6383.7946  RESTRAINT  =      141.5952
 EAMBER  =   -62630.4228


   NSTEP       ENERGY          RMS            GMAX         NAME    NUMBER
    275      -6.2579E+04     1.3276E+00     7.8734E+01     HA        467

 BOND    =     4297.5600  ANGLE   =      194.1055  DIHED      =     2073.7415
 VDWAALS =     9280.3086  EEL     =   -85418.2759  HBOND      =        0.0000
 1-4 VDW =      458.8012  1-4 EEL =     6382.7259  RESTRAINT  =      152.5195
 EAMBER  =   -62731.0334


   NSTEP       ENERGY          RMS            GMAX         NAME    NUMBER
    280      -6.2581E+04     1.2704E+00     7.7776E+01     HA        467

 BOND    =     4296.5706  ANGLE   =      193.7672  DIHED      =     2073.7247
 VDWAALS =     9280.1599  EEL     =   -85419.1324  HBOND      =        0.0000
 1-4 VDW =      458.7847  1-4 EEL =     6382.7112  RESTRAINT  =      152.1370
 EAMBER  =   -62733.4141


   NSTEP       ENERGY          RMS            GMAX         NAME    NUMBER
    285      -6.2702E+04     1.1264E+00     6.9435E+01     CG        573

 BOND    =     4324.2817  ANGLE   =      190.0717  DIHED      =     2074.7080
 VDWAALS =     9291.0743  EEL     =   -85568.5060  HBOND      =        0.0000
 1-4 VDW =      458.7131  1-4 EEL =     6384.6288  RESTRAINT  =      143.4453
 EAMBER  =   -62845.0286


   NSTEP       ENERGY          RMS            GMAX         NAME    NUMBER
    290      -6.2758E+04     9.6853E-01     5.7694E+01     HA        467

 BOND    =     4334.3076  ANGLE   =      191.7424  DIHED      =     2074.3901
 VDWAALS =     9325.5693  EEL     =   -85673.8787  HBOND      =        0.0000
 1-4 VDW =      458.6305  1-4 EEL =     6384.9858  RESTRAINT  =      146.2754
 EAMBER  =   -62904.2531


   NSTEP       ENERGY          RMS            GMAX         NAME    NUMBER
    295      -6.2815E+04     6.6440E-01     2.6655E+01     CD        327

 BOND    =     4336.7154  ANGLE   =      186.0628  DIHED      =     2073.7291
 VDWAALS =     9392.7941  EEL     =   -85787.1833  HBOND      =        0.0000
 1-4 VDW =      458.5050  1-4 EEL =     6383.7977  RESTRAINT  =      140.5304
 EAMBER  =   -62955.5792


   NSTEP       ENERGY          RMS            GMAX         NAME    NUMBER
    300      -6.2847E+04     1.1542E+00     6.3679E+01     CD        327

 BOND    =     4342.4873  ANGLE   =      188.8591  DIHED      =     2074.0549
 VDWAALS =     9443.6184  EEL     =   -85885.6017  HBOND      =        0.0000
 1-4 VDW =      459.4316  1-4 EEL =     6383.0347  RESTRAINT  =      146.6175
 EAMBER  =   -62994.1157


   NSTEP       ENERGY          RMS            GMAX         NAME    NUMBER
    305      -6.2851E+04     1.0394E+00     5.2860E+01     OE1       328

 BOND    =     4341.1827  ANGLE   =      188.4768  DIHED      =     2074.0166
 VDWAALS =     9443.4981  EEL     =   -85886.5204  HBOND      =        0.0000
 1-4 VDW =      459.3915  1-4 EEL =     6383.0322  RESTRAINT  =      146.2390
 EAMBER  =   -62996.9225


   NSTEP       ENERGY          RMS            GMAX         NAME    NUMBER
    310      -6.2890E+04     5.6676E-01     2.4720E+01     CD        521

 BOND    =     4338.7239  ANGLE   =      186.8735  DIHED      =     2074.0652
 VDWAALS =     9450.5304  EEL     =   -85922.1478  HBOND      =        0.0000
 1-4 VDW =      458.2669  1-4 EEL =     6384.0168  RESTRAINT  =      139.7247
 EAMBER  =   -63029.6710


   NSTEP       ENERGY          RMS            GMAX         NAME    NUMBER
    315      -6.2926E+04     8.9594E-01     5.2910E+01     HA        467

 BOND    =     4365.0889  ANGLE   =      190.6996  DIHED      =     2074.2791
 VDWAALS =     9468.6346  EEL     =   -86014.1833  HBOND      =        0.0000
 1-4 VDW =      458.4396  1-4 EEL =     6385.0897  RESTRAINT  =      145.4570
 EAMBER  =   -63071.9518


   NSTEP       ENERGY          RMS            GMAX         NAME    NUMBER
    320      -6.3018E+04     9.5594E-01     5.0156E+01     CG        573

 BOND    =     4379.0515  ANGLE   =      187.8698  DIHED      =     2074.6381
 VDWAALS =     9574.5734  EEL     =   -86218.8728  HBOND      =        0.0000
 1-4 VDW =      458.8158  1-4 EEL =     6384.3950  RESTRAINT  =      141.4065
 EAMBER  =   -63159.5290


   NSTEP       ENERGY          RMS            GMAX         NAME    NUMBER
    325      -6.3088E+04     1.2042E+00     6.9808E+01     HA        467

 BOND    =     4392.5800  ANGLE   =      192.3241  DIHED      =     2073.7857
 VDWAALS =     9712.9162  EEL     =   -86449.9081  HBOND      =        0.0000
 1-4 VDW =      458.7038  1-4 EEL =     6382.6916  RESTRAINT  =      149.2551
 EAMBER  =   -63236.9068


   NSTEP       ENERGY          RMS            GMAX         NAME    NUMBER
    330      -6.3090E+04     1.1453E+00     6.8883E+01     HA        467

 BOND    =     4391.8010  ANGLE   =      191.9735  DIHED      =     2073.7684
 VDWAALS =     9712.7914  EEL     =   -86450.7275  HBOND      =        0.0000
 1-4 VDW =      458.6972  1-4 EEL =     6382.6693  RESTRAINT  =      148.9340
 EAMBER  =   -63239.0268


   NSTEP       ENERGY          RMS            GMAX         NAME    NUMBER
    335      -6.3185E+04     1.0025E+00     6.3510E+01     CG        573

 BOND    =     4413.7875  ANGLE   =      189.7143  DIHED      =     2074.5481
 VDWAALS =     9728.2222  EEL     =   -86576.3405  HBOND      =        0.0000
 1-4 VDW =      458.7240  1-4 EEL =     6384.4423  RESTRAINT  =      142.3417
 EAMBER  =   -63326.9022


   NSTEP       ENERGY          RMS            GMAX         NAME    NUMBER
    340      -6.3229E+04     8.3235E-01     5.0846E+01     HA        467

 BOND    =     4425.8709  ANGLE   =      190.0722  DIHED      =     2074.2757
 VDWAALS =     9760.8896  EEL     =   -86668.8260  HBOND      =        0.0000
 1-4 VDW =      458.7173  1-4 EEL =     6385.1232  RESTRAINT  =      144.3966
 EAMBER  =   -63373.8771


   NSTEP       ENERGY          RMS            GMAX         NAME    NUMBER
    345      -6.3276E+04     5.8625E-01     2.6507E+01     CD        327

 BOND    =     4426.0245  ANGLE   =      185.7249  DIHED      =     2073.7630
 VDWAALS =     9823.8444  EEL     =   -86768.1908  HBOND      =        0.0000
 1-4 VDW =      458.6266  1-4 EEL =     6383.7345  RESTRAINT  =      140.0260
 EAMBER  =   -63416.4730


   NSTEP       ENERGY          RMS            GMAX         NAME    NUMBER
    350      -6.3304E+04     1.1000E+00     6.5625E+01     CD        327

 BOND    =     4436.0142  ANGLE   =      189.5162  DIHED      =     2073.9688
 VDWAALS =     9869.9062  EEL     =   -86860.7090  HBOND      =        0.0000
 1-4 VDW =      459.1590  1-4 EEL =     6382.9990  RESTRAINT  =      145.4879
 EAMBER  =   -63449.1457


   NSTEP       ENERGY          RMS            GMAX         NAME    NUMBER
    355      -6.3307E+04     9.8952E-01     5.4605E+01     CD        327

 BOND    =     4434.8517  ANGLE   =      189.0506  DIHED      =     2073.9326
 VDWAALS =     9869.8311  EEL     =   -86861.5019  HBOND      =        0.0000
 1-4 VDW =      459.1301  1-4 EEL =     6382.9976  RESTRAINT  =      145.1286
 EAMBER  =   -63451.7081


   NSTEP       ENERGY          RMS            GMAX         NAME    NUMBER
    360      -6.3340E+04     4.9024E-01     1.3688E+01     CA        478

 BOND    =     4428.7719  ANGLE   =      186.2579  DIHED      =     2074.0581
 VDWAALS =     9874.1674  EEL     =   -86884.3828  HBOND      =        0.0000
 1-4 VDW =      458.4573  1-4 EEL =     6384.0319  RESTRAINT  =      139.0820
 EAMBER  =   -63478.6383


   NSTEP       ENERGY          RMS            GMAX         NAME    NUMBER
    365      -6.3372E+04     7.9875E-01     5.0604E+01     HA        467

 BOND    =     4453.0123  ANGLE   =      190.0669  DIHED      =     2074.2488
 VDWAALS =     9889.5316  EEL     =   -86966.4946  HBOND      =        0.0000
 1-4 VDW =      458.6151  1-4 EEL =     6385.1389  RESTRAINT  =      144.1443
 EAMBER  =   -63515.8810


   NSTEP       ENERGY          RMS            GMAX         NAME    NUMBER
    370      -6.3450E+04     8.5690E-01     3.8295E+01     CG        573

 BOND    =     4461.7591  ANGLE   =      188.0563  DIHED      =     2074.5104
 VDWAALS =     9978.7067  EEL     =   -87136.5112  HBOND      =        0.0000
 1-4 VDW =      458.7730  1-4 EEL =     6384.3539  RESTRAINT  =      140.7918
 EAMBER  =   -63590.3516


   NSTEP       ENERGY          RMS            GMAX         NAME    NUMBER
    375      -6.3506E+04     1.1049E+00     6.3438E+01     CG        573

 BOND    =     4471.8449  ANGLE   =      190.7964  DIHED      =     2073.8679
 VDWAALS =    10094.8873  EEL     =   -87325.9165  HBOND      =        0.0000
 1-4 VDW =      458.6840  1-4 EEL =     6382.8830  RESTRAINT  =      146.9009
 EAMBER  =   -63652.9531


   NSTEP       ENERGY          RMS            GMAX         NAME    NUMBER
    380      -6.3508E+04     1.0433E+00     6.1417E+01     HA        467

 BOND    =     4471.1909  ANGLE   =      190.4723  DIHED      =     2073.8501
 VDWAALS =    10094.7983  EEL     =   -87326.7812  HBOND      =        0.0000
 1-4 VDW =      458.6772  1-4 EEL =     6382.8551  RESTRAINT  =      146.6193
 EAMBER  =   -63654.9373


   NSTEP       ENERGY          RMS            GMAX         NAME    NUMBER
    385      -6.3589E+04     9.3210E-01     5.7910E+01     CG        573

 BOND    =     4491.8667  ANGLE   =      189.8655  DIHED      =     2074.4486
 VDWAALS =    10112.7648  EEL     =   -87442.8402  HBOND      =        0.0000
 1-4 VDW =      458.6248  1-4 EEL =     6384.3522  RESTRAINT  =      142.0019
 EAMBER  =   -63730.9175


   NSTEP       ENERGY          RMS            GMAX         NAME    NUMBER
    390      -6.3627E+04     7.4712E-01     4.7112E+01     HA        467

 BOND    =     4503.2222  ANGLE   =      189.4442  DIHED      =     2074.1867
 VDWAALS =    10142.9038  EEL     =   -87524.0143  HBOND      =        0.0000
 1-4 VDW =      458.6663  1-4 EEL =     6385.1629  RESTRAINT  =      143.3271
 EAMBER  =   -63770.4283


   NSTEP       ENERGY          RMS            GMAX         NAME    NUMBER
    395      -6.3666E+04     5.4092E-01     2.6148E+01     CD        327

 BOND    =     4501.9392  ANGLE   =      185.6141  DIHED      =     2073.8096
 VDWAALS =    10198.6484  EEL     =   -87608.1918  HBOND      =        0.0000
 1-4 VDW =      458.6422  1-4 EEL =     6383.8011  RESTRAINT  =      139.7772
 EAMBER  =   -63805.7373


   NSTEP       ENERGY          RMS            GMAX         NAME    NUMBER
    400      -6.3690E+04     1.0432E+00     6.1975E+01     CD        327

 BOND    =     4513.9558  ANGLE   =      189.8843  DIHED      =     2073.8235
 VDWAALS =    10241.1888  EEL     =   -87695.4184  HBOND      =        0.0000
 1-4 VDW =      458.9260  1-4 EEL =     6382.8520  RESTRAINT  =      144.8081
 EAMBER  =   -63834.7878


   NSTEP       ENERGY          RMS            GMAX         NAME    NUMBER
    405      -6.3693E+04     9.3272E-01     5.1080E+01     CD        327

 BOND    =     4512.7433  ANGLE   =      189.3639  DIHED      =     2073.7943
 VDWAALS =    10241.1002  EEL     =   -87695.9959  HBOND      =        0.0000
 1-4 VDW =      458.9053  1-4 EEL =     6382.8557  RESTRAINT  =      144.4442
 EAMBER  =   -63837.2333


   NSTEP       ENERGY          RMS            GMAX         NAME    NUMBER
    410      -6.3721E+04     4.4607E-01     1.3733E+01     CG        518

 BOND    =     4504.2817  ANGLE   =      186.0120  DIHED      =     2074.0879
 VDWAALS =    10243.7191  EEL     =   -87711.0452  HBOND      =        0.0000
 1-4 VDW =      458.4986  1-4 EEL =     6384.1167  RESTRAINT  =      138.8458
 EAMBER  =   -63860.3293


   NSTEP       ENERGY          RMS            GMAX         NAME    NUMBER
    415      -6.3749E+04     7.2178E-01     4.7212E+01     HA        467

 BOND    =     4526.0820  ANGLE   =      189.3348  DIHED      =     2074.2289
 VDWAALS =    10255.2314  EEL     =   -87780.7657  HBOND      =        0.0000
 1-4 VDW =      458.6510  1-4 EEL =     6385.1493  RESTRAINT  =      143.0463
 EAMBER  =   -63892.0882


   NSTEP       ENERGY          RMS            GMAX         NAME    NUMBER
    420      -6.3816E+04     7.9787E-01     3.7389E+01     CG        573

 BOND    =     4533.6843  ANGLE   =      188.1456  DIHED      =     2074.1788
 VDWAALS =    10330.6600  EEL     =   -87925.9025  HBOND      =        0.0000
 1-4 VDW =      458.6202  1-4 EEL =     6384.1063  RESTRAINT  =      140.3387
 EAMBER  =   -63956.5072


   NSTEP       ENERGY          RMS            GMAX         NAME    NUMBER
    425      -6.3864E+04     1.0391E+00     6.7966E+01     CG        573

 BOND    =     4539.9302  ANGLE   =      189.9696  DIHED      =     2073.9207
 VDWAALS =    10426.2453  EEL     =   -88080.9145  HBOND      =        0.0000
 1-4 VDW =      458.6760  1-4 EEL =     6383.0994  RESTRAINT  =      145.4711
 EAMBER  =   -64009.0732


   NSTEP       ENERGY          RMS            GMAX         NAME    NUMBER
    430      -6.3866E+04     9.7187E-01     5.7909E+01     CG        573

 BOND    =     4539.2882  ANGLE   =      189.6500  DIHED      =     2073.9030
 VDWAALS =    10426.1578  EEL     =   -88081.7260  HBOND      =        0.0000
 1-4 VDW =      458.6696  1-4 EEL =     6383.0616  RESTRAINT  =      145.2050
 EAMBER  =   -64010.9957


   NSTEP       ENERGY          RMS            GMAX         NAME    NUMBER
    435      -6.3935E+04     8.7924E-01     5.5568E+01     CG        573

 BOND    =     4558.9845  ANGLE   =      189.5777  DIHED      =     2074.4304
 VDWAALS =    10443.9099  EEL     =   -88186.5470  HBOND      =        0.0000
 1-4 VDW =      458.6398  1-4 EEL =     6384.2525  RESTRAINT  =      141.6030
 EAMBER  =   -64076.7522


   NSTEP       ENERGY          RMS            GMAX         NAME    NUMBER
    440      -6.3968E+04     6.8762E-01     4.4004E+01     HA        467

 BOND    =     4568.8658  ANGLE   =      188.8465  DIHED      =     2074.1549
 VDWAALS =    10471.2050  EEL     =   -88257.5952  HBOND      =        0.0000
 1-4 VDW =      458.6670  1-4 EEL =     6385.1153  RESTRAINT  =      142.4697
 EAMBER  =   -64110.7408


   NSTEP       ENERGY          RMS            GMAX         NAME    NUMBER
    445      -6.4002E+04     5.0007E-01     2.4537E+01     CD        327

 BOND    =     4567.3411  ANGLE   =      185.5424  DIHED      =     2073.8629
 VDWAALS =    10520.0820  EEL     =   -88330.4381  HBOND      =        0.0000
 1-4 VDW =      458.6624  1-4 EEL =     6383.8663  RESTRAINT  =      139.5232
 EAMBER  =   -64141.0810


   NSTEP       ENERGY          RMS            GMAX         NAME    NUMBER
    450      -6.4023E+04     9.9829E-01     5.8332E+01     CD        327

 BOND    =     4579.8494  ANGLE   =      189.5834  DIHED      =     2073.8207
 VDWAALS =    10557.7889  EEL     =   -88409.8739  HBOND      =        0.0000
 1-4 VDW =      458.8797  1-4 EEL =     6382.7437  RESTRAINT  =      144.1905
 EAMBER  =   -64167.2081


   NSTEP       ENERGY          RMS            GMAX         NAME    NUMBER
    455      -6.4026E+04     8.8539E-01     4.7318E+01     CD        327

 BOND    =     4578.6167  ANGLE   =      189.0665  DIHED      =     2073.7920
 VDWAALS =    10557.6965  EEL     =   -88410.3919  HBOND      =        0.0000
 1-4 VDW =      458.8617  1-4 EEL =     6382.7595  RESTRAINT  =      143.8272
 EAMBER  =   -64169.5991


   NSTEP       ENERGY          RMS            GMAX         NAME    NUMBER
    460      -6.4051E+04     4.1704E-01     1.2841E+01     CG        518

 BOND    =     4569.5404  ANGLE   =      185.8892  DIHED      =     2074.1210
 VDWAALS =    10559.3175  EEL     =   -88421.6900  HBOND      =        0.0000
 1-4 VDW =      458.5412  1-4 EEL =     6384.1783  RESTRAINT  =      138.6898
 EAMBER  =   -64190.1025


   NSTEP       ENERGY          RMS            GMAX         NAME    NUMBER
    465      -6.4075E+04     6.6337E-01     4.3910E+01     HA        467

 BOND    =     4589.2492  ANGLE   =      188.7817  DIHED      =     2074.2150
 VDWAALS =    10567.3728  EEL     =   -88481.0102  HBOND      =        0.0000
 1-4 VDW =      458.6665  1-4 EEL =     6385.1215  RESTRAINT  =      142.2221
 EAMBER  =   -64217.6034


   NSTEP       ENERGY          RMS            GMAX         NAME    NUMBER
    470      -6.4133E+04     7.4322E-01     3.5457E+01     CG        573

 BOND    =     4595.7152  ANGLE   =      187.6900  DIHED      =     2074.0823
 VDWAALS =    10628.3215  EEL     =   -88601.5653  HBOND      =        0.0000
 1-4 VDW =      458.6237  1-4 EEL =     6383.9304  RESTRAINT  =      139.9409
 EAMBER  =   -64273.2023


   NSTEP       ENERGY          RMS            GMAX         NAME    NUMBER
    475      -6.4173E+04     9.7857E-01     6.8102E+01     CG        573

 BOND    =     4599.8810  ANGLE   =      189.1374  DIHED      =     2073.9586
 VDWAALS =    10706.6534  EEL     =   -88729.4040  HBOND      =        0.0000
 1-4 VDW =      458.7008  1-4 EEL =     6383.2357  RESTRAINT  =      144.3436
 EAMBER  =   -64317.8371


   NSTEP       ENERGY          RMS            GMAX         NAME    NUMBER
    480      -6.4176E+04     9.0498E-01     5.6992E+01     CG        573

 BOND    =     4599.2608  ANGLE   =      188.8365  DIHED      =     2073.9409
 VDWAALS =    10706.5633  EEL     =   -88730.2087  HBOND      =        0.0000
 1-4 VDW =      458.6931  1-4 EEL =     6383.1936  RESTRAINT  =      144.0920
 EAMBER  =   -64319.7205


   NSTEP       ENERGY          RMS            GMAX         NAME    NUMBER
    485      -6.4235E+04     8.2141E-01     5.0993E+01     CG        573

 BOND    =     4617.7168  ANGLE   =      189.2452  DIHED      =     2074.4232
 VDWAALS =    10723.0073  EEL     =   -88823.2304  HBOND      =        0.0000
 1-4 VDW =      458.6304  1-4 EEL =     6384.1957  RESTRAINT  =      141.3280
 EAMBER  =   -64376.0119


   NSTEP       ENERGY          RMS            GMAX         NAME    NUMBER
    490      -6.4263E+04     6.3347E-01     4.1139E+01     HA        467

 BOND    =     4626.0570  ANGLE   =      188.3920  DIHED      =     2074.1461
 VDWAALS =    10747.0730  EEL     =   -88884.7018  HBOND      =        0.0000
 1-4 VDW =      458.6539  1-4 EEL =     6385.0443  RESTRAINT  =      141.8851
 EAMBER  =   -64405.3354


   NSTEP       ENERGY          RMS            GMAX         NAME    NUMBER
    495      -6.4292E+04     4.7586E-01     2.3806E+01     CD        327

 BOND    =     4624.6997  ANGLE   =      185.4843  DIHED      =     2073.9032
 VDWAALS =    10789.7490  EEL     =   -88948.1429  HBOND      =        0.0000
 1-4 VDW =      458.6864  1-4 EEL =     6383.8972  RESTRAINT  =      139.4300
 EAMBER  =   -64431.7230


   NSTEP       ENERGY          RMS            GMAX         NAME    NUMBER
    500      -6.4311E+04     9.3374E-01     5.2795E+01     CD        327

 BOND    =     4636.4881  ANGLE   =      189.2503  DIHED      =     2073.8281
 VDWAALS =    10822.5533  EEL     =   -89018.7134  HBOND      =        0.0000
 1-4 VDW =      458.8243  1-4 EEL =     6382.7399  RESTRAINT  =      143.6744
 EAMBER  =   -64455.0294


  Maximum number of minimization cycles reached.


                    FINAL RESULTS



   NSTEP       ENERGY          RMS            GMAX         NAME    NUMBER
    500      -6.4311E+04     9.3374E-01     5.2795E+01     CD        327

 BOND    =     4636.4881  ANGLE   =      189.2503  DIHED      =     2073.8281
 VDWAALS =    10822.5533  EEL     =   -89018.7134  HBOND      =        0.0000
 1-4 VDW =      458.8243  1-4 EEL =     6382.7399  RESTRAINT  =      143.6744
 EAMBER  =   -64455.0294
--------------------------------------------------------------------------------
   5.  TIMINGS
--------------------------------------------------------------------------------

|  NonSetup CPU Time in Major Routines:
|
|     Routine           Sec        %
|     ------------------------------
|     Nonbond          26.31   96.04
|     Bond              0.10    0.38
|     Angle             0.12    0.42
|     Dihedral          0.72    2.64
|     Shake             0.00    0.00
|     Other             0.14    0.51
|     ------------------------------
|     Total            27.39

|  PME Nonbond Pairlist CPU Time:
|
|     Routine              Sec        %
|     ---------------------------------
|     Set Up Cit           0.01    0.03
|     Build List           0.60    2.21
|     ---------------------------------
|     Total                0.61    2.23

|  PME Direct Force CPU Time:
|
|     Routine              Sec        %
|     ---------------------------------
|     NonBonded Calc      18.57   67.80
|     Exclude Masked       0.42    1.53
|     Other                0.10    0.38
|     ---------------------------------
|     Total               19.10   69.71

|  PME Reciprocal Force CPU Time:
|
|     Routine              Sec        %
|     ---------------------------------
|     1D bspline           0.23    0.83
|     Grid Charges         0.54    1.96
|     Scalar Sum           1.20    4.38
|     Gradient Sum         1.09    3.99
|     FFT                  3.50   12.79
|     ---------------------------------
|     Total                6.56   23.95

|  Setup CPU time:            0.08 seconds
|  NonSetup CPU time:        27.39 seconds
|  Total CPU time:           27.48 seconds     0.01 hours

|  Setup wall time:           0    seconds
|  NonSetup wall time:       28    seconds
|  Total wall time:          28    seconds     0.01 hours
