
          -------------------------------------------------------
          Amber 16 PMEMD                              2016
          -------------------------------------------------------

| PMEMD implementation of SANDER, Release 16

| Run on 07/03/2017 at 15:16:32

|   Executable path: pmemd
| Working directory: /home/german/obp/run/wt_eol/mhe/m
|          Hostname: Unknown
  [-O]verwriting output

File Assignments:
|   MDIN: mmin.in                                                               
|  MDOUT: mmin.out                                                              
| INPCRD: mwt_eol.rst7                                                          
|   PARM: /home/german/obp/top_files/wt_eol.prmtop                              
| RESTRT: mmwt_eol.rst7                                                         
|   REFC: wt_eol.rst7                                                           
|  MDVEL: mdvel                                                                 
|   MDEN: mden                                                                  
|  MDCRD: mmwt_eol.crd                                                          
| MDINFO: mdinfo                                                                
|  MDFRC: mdfrc                                                                 


 Here is the input file:

Minimization with Cartesian restraints                                         
&cntrl                                                                         
imin=1,                                                                        
ntmin=1,                                ! Steepest Descent, then Conjugate Grad
ncyc=100,                               ! 100 steps of Steepest Descent        
maxcyc=500,                             ! 400 steps of Conjugate Gradient      
ntpr=5,                                                                        
&end                                                                           


Note: ig = -1. Setting random seed to   138821 based on wallclock time in 
      microseconds.
 
 
| Conditional Compilation Defines Used:
| PUBFFT
| BINTRAJ
| EMIL

| Largest sphere to fit in unit cell has radius =    29.023

| New format PARM file being parsed.
| Version =    1.000 Date = 02/20/15 Time = 17:35:00

| Note: 1-4 EEL scale factors are being read from the topology file.

| Note: 1-4 VDW scale factors are being read from the topology file.
| Duplicated    0 dihedrals

| Duplicated    0 dihedrals

--------------------------------------------------------------------------------
   1.  RESOURCE   USE: 
--------------------------------------------------------------------------------

 getting box info from netcdf restart file
 NATOM  =   17712 NTYPES =      18 NBONH =   16754 MBONA  =     963
 NTHETH =    2242 MTHETA =    1293 NPHIH =    4367 MPHIA  =    4396
 NHPARM =       0 NPARM  =       0 NNB   =   31725 NRES   =    5382
 NBONA  =     963 NTHETA =    1293 NPHIA =    4396 NUMBND =      72
 NUMANG =     151 NPTRA  =     245 NATYP =      42 NPHB   =       1
 IFBOX  =       1 NMXRS  =      24 IFCAP =       0 NEXTRA =       0
 NCOPY  =       0

| Coordinate Index Table dimensions:    13   14   12
| Direct force subcell size =     4.8116    4.6245    4.8371

     BOX TYPE: RECTILINEAR

--------------------------------------------------------------------------------
   2.  CONTROL  DATA  FOR  THE  RUN
--------------------------------------------------------------------------------

default_name                                                                    

General flags:
     imin    =       1, nmropt  =       0

Nature and format of input:
     ntx     =       1, irest   =       0, ntrx    =       1

Nature and format of output:
     ntxo    =       2, ntpr    =       5, ntrx    =       1, ntwr    =       1
     iwrap   =       0, ntwx    =       0, ntwv    =       0, ntwe    =       0
     ioutfm  =       1, ntwprt  =       0, idecomp =       0, rbornstat=      0

Potential function:
     ntf     =       1, ntb     =       1, igb     =       0, nsnb    =      25
     ipol    =       0, gbsa    =       0, iesp    =       0
     dielc   =   1.00000, cut     =   8.00000, intdiel =   1.00000

Frozen or restrained atoms:
     ibelly  =       0, ntr     =       0

Energy minimization:
     maxcyc  =     500, ncyc    =     100, ntmin   =       1
     dx0     =   0.01000, drms    =   0.00010

| Intermolecular bonds treatment:
|     no_intermolecular_bonds =       1

| Energy averages sample interval:
|     ene_avg_sampling =       1

Ewald parameters:
     verbose =       0, ew_type =       0, nbflag  =       1, use_pme =       1
     vdwmeth =       1, eedmeth =       1, netfrc  =       0
     Box X =   62.551   Box Y =   64.744   Box Z =   58.045
     Alpha =   90.000   Beta  =   90.000   Gamma =   90.000
     NFFT1 =   64       NFFT2 =   72       NFFT3 =   60
     Cutoff=    8.000   Tol   =0.100E-04
     Ewald Coefficient =  0.34864
     Interpolation order =    4

--------------------------------------------------------------------------------
   3.  ATOMIC COORDINATES AND VELOCITIES
--------------------------------------------------------------------------------

default_name                                                                    
 begin time read from input coords =     0.000 ps

 
 Number of triangulated 3-point waters found:     5259

     Sum of charges from parm topology file =  -0.00000007
     Forcing neutrality...

| Dynamic Memory, Types Used:
| Reals              515517
| Integers           565636

| Nonbonded Pairs Initial Allocation:     2958346

--------------------------------------------------------------------------------
   4.  RESULTS
--------------------------------------------------------------------------------

 ---------------------------------------------------
 APPROXIMATING switch and d/dx switch using CUBIC SPLINE INTERPOLATION
 using   5000.0 points per unit in tabled values
 TESTING RELATIVE ERROR over r ranging from 0.0 to cutoff
| CHECK switch(x): max rel err =   0.2738E-14   at   2.422500
| CHECK d/dx switch(x): max rel err =   0.8332E-11   at   2.782960
 ---------------------------------------------------
|---------------------------------------------------
| APPROXIMATING direct energy using CUBIC SPLINE INTERPOLATION
|  with   50.0 points per unit in tabled values
| Relative Error Limit not exceeded for r .gt.   2.47
| APPROXIMATING direct force using CUBIC SPLINE INTERPOLATION
|  with   50.0 points per unit in tabled values
| Relative Error Limit not exceeded for r .gt.   2.89
|---------------------------------------------------


   NSTEP       ENERGY          RMS            GMAX         NAME    NUMBER
      1      -6.4455E+04     1.3135E+00     6.4633E+01     SG       1406

 BOND    =     4636.4881  ANGLE   =      189.2503  DIHED      =     2073.8281
 VDWAALS =    10822.5533  EEL     =   -89018.7134  HBOND      =        0.0000
 1-4 VDW =      458.8243  1-4 EEL =     6382.7399  RESTRAINT  =        0.0000


   NSTEP       ENERGY          RMS            GMAX         NAME    NUMBER
      5      -6.4472E+04     1.0450E+00     5.3758E+01     SG       1406

 BOND    =     4633.5172  ANGLE   =      188.0701  DIHED      =     2073.7497
 VDWAALS =    10815.2961  EEL     =   -89021.0194  HBOND      =        0.0000
 1-4 VDW =      458.4009  1-4 EEL =     6379.6424  RESTRAINT  =        0.0000


   NSTEP       ENERGY          RMS            GMAX         NAME    NUMBER
     10      -6.4509E+04     7.4578E-01     3.1290E+01     SG        771

 BOND    =     4630.9530  ANGLE   =      187.2848  DIHED      =     2073.9105
 VDWAALS =    10799.6155  EEL     =   -89026.1920  HBOND      =        0.0000
 1-4 VDW =      456.9021  1-4 EEL =     6368.2728  RESTRAINT  =        0.0000


   NSTEP       ENERGY          RMS            GMAX         NAME    NUMBER
     15      -6.4574E+04     5.1576E-01     1.4931E+01     OE1       522

 BOND    =     4631.7362  ANGLE   =      189.6982  DIHED      =     2075.3060
 VDWAALS =    10783.7504  EEL     =   -89042.7190  HBOND      =        0.0000
 1-4 VDW =      452.3601  1-4 EEL =     6335.8820  RESTRAINT  =        0.0000


   NSTEP       ENERGY          RMS            GMAX         NAME    NUMBER
     20      -6.4638E+04     2.2552E+00     1.2915E+02     CG        573

 BOND    =     4673.6985  ANGLE   =      201.6027  DIHED      =     2076.6542
 VDWAALS =    10786.3830  EEL     =   -89097.8752  HBOND      =        0.0000
 1-4 VDW =      440.3188  1-4 EEL =     6280.7957  RESTRAINT  =        0.0000


   NSTEP       ENERGY          RMS            GMAX         NAME    NUMBER
     25      -6.4691E+04     1.3356E+00     1.4402E+02     CG        573

 BOND    =     4655.7609  ANGLE   =      202.3129  DIHED      =     2076.2831
 VDWAALS =    10793.2065  EEL     =   -89126.8704  HBOND      =        0.0000
 1-4 VDW =      436.7716  1-4 EEL =     6271.0919  RESTRAINT  =        0.0000


   NSTEP       ENERGY          RMS            GMAX         NAME    NUMBER
     30      -6.4709E+04     1.2357E+00     1.3853E+02     CG        573

 BOND    =     4656.0857  ANGLE   =      203.6008  DIHED      =     2076.0539
 VDWAALS =    10797.8551  EEL     =   -89143.9257  HBOND      =        0.0000
 1-4 VDW =      434.6240  1-4 EEL =     6266.2713  RESTRAINT  =        0.0000


   NSTEP       ENERGY          RMS            GMAX         NAME    NUMBER
     35      -6.4726E+04     1.2888E+00     1.3869E+02     CG        573

 BOND    =     4659.2785  ANGLE   =      205.0746  DIHED      =     2075.7504
 VDWAALS =    10803.8549  EEL     =   -89163.9106  HBOND      =        0.0000
 1-4 VDW =      432.3143  1-4 EEL =     6261.3109  RESTRAINT  =        0.0000


   NSTEP       ENERGY          RMS            GMAX         NAME    NUMBER
     40      -6.4754E+04     4.1441E-01     2.6285E+01     CG        573

 BOND    =     4651.4335  ANGLE   =      204.9660  DIHED      =     2075.3713
 VDWAALS =    10809.7932  EEL     =   -89183.0113  HBOND      =        0.0000
 1-4 VDW =      430.3453  1-4 EEL =     6257.5936  RESTRAINT  =        0.0000


   NSTEP       ENERGY          RMS            GMAX         NAME    NUMBER
     45      -6.4767E+04     3.0126E-01     7.6197E+00     CD        327

 BOND    =     4652.6491  ANGLE   =      205.9220  DIHED      =     2075.1009
 VDWAALS =    10814.8722  EEL     =   -89199.1205  HBOND      =        0.0000
 1-4 VDW =      428.7743  1-4 EEL =     6254.5126  RESTRAINT  =        0.0000


   NSTEP       ENERGY          RMS            GMAX         NAME    NUMBER
     50      -6.4783E+04     2.9810E-01     8.8192E+00     CD        327

 BOND    =     4654.7840  ANGLE   =      207.0218  DIHED      =     2074.7373
 VDWAALS =    10821.3404  EEL     =   -89219.1359  HBOND      =        0.0000
 1-4 VDW =      426.9624  1-4 EEL =     6251.1081  RESTRAINT  =        0.0000


   NSTEP       ENERGY          RMS            GMAX         NAME    NUMBER
     55      -6.4799E+04     5.4221E-01     4.2916E+01     CD        327

 BOND    =     4658.4602  ANGLE   =      208.2505  DIHED      =     2074.2927
 VDWAALS =    10828.8224  EEL     =   -89241.8227  HBOND      =        0.0000
 1-4 VDW =      425.0916  1-4 EEL =     6247.7476  RESTRAINT  =        0.0000


   NSTEP       ENERGY          RMS            GMAX         NAME    NUMBER
     60      -6.4814E+04     3.7912E-01     2.3809E+01     CD        327

 BOND    =     4659.3902  ANGLE   =      209.0096  DIHED      =     2073.9490
 VDWAALS =    10834.6931  EEL     =   -89259.6110  HBOND      =        0.0000
 1-4 VDW =      423.7350  1-4 EEL =     6245.3305  RESTRAINT  =        0.0000


   NSTEP       ENERGY          RMS            GMAX         NAME    NUMBER
     65      -6.4828E+04     3.8087E-01     2.4068E+01     CD        327

 BOND    =     4661.4682  ANGLE   =      209.9199  DIHED      =     2073.5485
 VDWAALS =    10841.3304  EEL     =   -89279.4619  HBOND      =        0.0000
 1-4 VDW =      422.3320  1-4 EEL =     6242.9061  RESTRAINT  =        0.0000


   NSTEP       ENERGY          RMS            GMAX         NAME    NUMBER
     70      -6.4842E+04     4.1631E-01     2.8479E+01     CD        327

 BOND    =     4663.7288  ANGLE   =      210.8182  DIHED      =     2073.1308
 VDWAALS =    10848.1234  EEL     =   -89299.5613  HBOND      =        0.0000
 1-4 VDW =      421.0128  1-4 EEL =     6240.6769  RESTRAINT  =        0.0000


   NSTEP       ENERGY          RMS            GMAX         NAME    NUMBER
     75      -6.4853E+04     6.9006E-01     5.8768E+01     CD        327

 BOND    =     4667.6462  ANGLE   =      211.7556  DIHED      =     2072.7142
 VDWAALS =    10854.7199  EEL     =   -89318.7784  HBOND      =        0.0000
 1-4 VDW =      419.8456  1-4 EEL =     6238.7458  RESTRAINT  =        0.0000


   NSTEP       ENERGY          RMS            GMAX         NAME    NUMBER
     80      -6.4867E+04     6.9552E-01     6.0170E+01     CD        327

 BOND    =     4669.6771  ANGLE   =      212.6420  DIHED      =     2072.2952
 VDWAALS =    10861.4730  EEL     =   -89338.4222  HBOND      =        0.0000
 1-4 VDW =      418.7283  1-4 EEL =     6236.9225  RESTRAINT  =        0.0000


   NSTEP       ENERGY          RMS            GMAX         NAME    NUMBER
     85      -6.4880E+04     7.2083E-01     5.9922E+01     CD        327

 BOND    =     4671.9826  ANGLE   =      213.5046  DIHED      =     2071.8583
 VDWAALS =    10868.4772  EEL     =   -89358.5891  HBOND      =        0.0000
 1-4 VDW =      417.6560  1-4 EEL =     6235.1965  RESTRAINT  =        0.0000


   NSTEP       ENERGY          RMS            GMAX         NAME    NUMBER
     90      -6.4893E+04     7.7195E-01     5.7964E+01     CD        327

 BOND    =     4674.6178  ANGLE   =      214.3342  DIHED      =     2071.4134
 VDWAALS =    10875.5666  EEL     =   -89378.8433  HBOND      =        0.0000
 1-4 VDW =      416.6493  1-4 EEL =     6233.6025  RESTRAINT  =        0.0000


   NSTEP       ENERGY          RMS            GMAX         NAME    NUMBER
     95      -6.4905E+04     8.3265E-01     5.5831E+01     CD        327

 BOND    =     4677.3471  ANGLE   =      215.0942  DIHED      =     2070.9762
 VDWAALS =    10882.5580  EEL     =   -89398.5912  HBOND      =        0.0000
 1-4 VDW =      415.7330  1-4 EEL =     6232.1738  RESTRAINT  =        0.0000


   NSTEP       ENERGY          RMS            GMAX         NAME    NUMBER
    100      -6.4916E+04     7.8655E-01     5.2002E+01     CD        327

 BOND    =     4678.5112  ANGLE   =      215.6707  DIHED      =     2070.5892
 VDWAALS =    10888.6879  EEL     =   -89415.8971  HBOND      =        0.0000
 1-4 VDW =      414.9759  1-4 EEL =     6231.0058  RESTRAINT  =        0.0000


   NSTEP       ENERGY          RMS            GMAX         NAME    NUMBER
    105      -6.4932E+04     3.7611E-01     2.9473E+01     CD        327

 BOND    =     4677.3702  ANGLE   =      216.4557  DIHED      =     2070.1709
 VDWAALS =    10895.3813  EEL     =   -89435.3421  HBOND      =        0.0000
 1-4 VDW =      414.1565  1-4 EEL =     6229.8111  RESTRAINT  =        0.0000


   NSTEP       ENERGY          RMS            GMAX         NAME    NUMBER
    110      -6.5128E+04     2.0667E+00     1.2975E+02     OE2       761

 BOND    =     4783.0167  ANGLE   =      238.8136  DIHED      =     2064.5080
 VDWAALS =    11119.4087  EEL     =   -89932.3082  HBOND      =        0.0000
 1-4 VDW =      395.3995  1-4 EEL =     6202.7468  RESTRAINT  =        0.0000


   NSTEP       ENERGY          RMS            GMAX         NAME    NUMBER
    115      -6.5255E+04     9.2975E-01     5.4236E+01     CD        759

 BOND    =     4779.2796  ANGLE   =      268.2603  DIHED      =     2065.2409
 VDWAALS =    11200.8545  EEL     =   -90147.1669  HBOND      =        0.0000
 1-4 VDW =      388.4104  1-4 EEL =     6189.8907  RESTRAINT  =        0.0000


   NSTEP       ENERGY          RMS            GMAX         NAME    NUMBER
    120      -6.5332E+04     1.1039E+00     6.9695E+01     CG        756

 BOND    =     4794.7890  ANGLE   =      309.4811  DIHED      =     2069.1244
 VDWAALS =    11374.1385  EEL     =   -90434.7969  HBOND      =        0.0000
 1-4 VDW =      381.5761  1-4 EEL =     6173.2661  RESTRAINT  =        0.0000


   NSTEP       ENERGY          RMS            GMAX         NAME    NUMBER
    125      -6.5425E+04     9.1883E-01     4.1707E+01     CD        759

 BOND    =     4846.9714  ANGLE   =      310.4574  DIHED      =     2073.8715
 VDWAALS =    11555.4351  EEL     =   -90746.8638  HBOND      =        0.0000
 1-4 VDW =      375.7637  1-4 EEL =     6159.5753  RESTRAINT  =        0.0000


   NSTEP       ENERGY          RMS            GMAX         NAME    NUMBER
    130      -6.5427E+04     8.5023E-01     3.8605E+01     CD        759

 BOND    =     4843.9365  ANGLE   =      310.0410  DIHED      =     2073.7649
 VDWAALS =    11555.0082  EEL     =   -90745.2053  HBOND      =        0.0000
 1-4 VDW =      375.7722  1-4 EEL =     6159.6427  RESTRAINT  =        0.0000


   NSTEP       ENERGY          RMS            GMAX         NAME    NUMBER
    135      -6.5491E+04     8.5773E-01     4.6067E+01     CG        756

 BOND    =     4826.6203  ANGLE   =      298.7833  DIHED      =     2065.0709
 VDWAALS =    11517.9867  EEL     =   -90745.6815  HBOND      =        0.0000
 1-4 VDW =      380.3965  1-4 EEL =     6165.8600  RESTRAINT  =        0.0000


   NSTEP       ENERGY          RMS            GMAX         NAME    NUMBER
    140      -6.5545E+04     8.3513E-01     3.8766E+01     CD        759

 BOND    =     4837.0441  ANGLE   =      277.0059  DIHED      =     2057.6885
 VDWAALS =    11498.8033  EEL     =   -90775.7755  HBOND      =        0.0000
 1-4 VDW =      386.0543  1-4 EEL =     6174.4020  RESTRAINT  =        0.0000


   NSTEP       ENERGY          RMS            GMAX         NAME    NUMBER
    145      -6.5589E+04     5.6432E-01     2.2928E+01     CG        756

 BOND    =     4831.8164  ANGLE   =      259.0601  DIHED      =     2054.5261
 VDWAALS =    11503.6461  EEL     =   -90807.9193  HBOND      =        0.0000
 1-4 VDW =      388.0896  1-4 EEL =     6181.9307  RESTRAINT  =        0.0000


   NSTEP       ENERGY          RMS            GMAX         NAME    NUMBER
    150      -6.5618E+04     6.9413E-01     2.4011E+01     OH        730

 BOND    =     4823.3502  ANGLE   =      261.1485  DIHED      =     2050.6488
 VDWAALS =    11509.6055  EEL     =   -90842.1503  HBOND      =        0.0000
 1-4 VDW =      390.7287  1-4 EEL =     6189.0861  RESTRAINT  =        0.0000


   NSTEP       ENERGY          RMS            GMAX         NAME    NUMBER
    155      -6.5620E+04     6.0565E-01     2.0130E+01     CD        759

 BOND    =     4822.0596  ANGLE   =      260.5121  DIHED      =     2050.5319
 VDWAALS =    11509.4871  EEL     =   -90842.1063  HBOND      =        0.0000
 1-4 VDW =      390.7570  1-4 EEL =     6189.1380  RESTRAINT  =        0.0000


   NSTEP       ENERGY          RMS            GMAX         NAME    NUMBER
    160      -6.5639E+04     5.2817E-01     2.4036E+01     CD       1256

 BOND    =     4818.4896  ANGLE   =      252.4267  DIHED      =     2047.7386
 VDWAALS =    11513.2572  EEL     =   -90854.5424  HBOND      =        0.0000
 1-4 VDW =      392.1007  1-4 EEL =     6191.2913  RESTRAINT  =        0.0000


   NSTEP       ENERGY          RMS            GMAX         NAME    NUMBER
    165      -6.5652E+04     6.1006E-01     2.2373E+01     CD       1256

 BOND    =     4824.3095  ANGLE   =      252.7222  DIHED      =     2046.9546
 VDWAALS =    11520.7921  EEL     =   -90882.5537  HBOND      =        0.0000
 1-4 VDW =      392.4655  1-4 EEL =     6192.9172  RESTRAINT  =        0.0000


   NSTEP       ENERGY          RMS            GMAX         NAME    NUMBER
    170      -6.5708E+04     7.5094E-01     2.8195E+01     CD        327

 BOND    =     4840.0534  ANGLE   =      258.4873  DIHED      =     2050.2225
 VDWAALS =    11585.9165  EEL     =   -91031.9711  HBOND      =        0.0000
 1-4 VDW =      392.2825  1-4 EEL =     6196.8204  RESTRAINT  =        0.0000


   NSTEP       ENERGY          RMS            GMAX         NAME    NUMBER
    175      -6.5758E+04     9.5760E-01     5.7786E+01     CD        327

 BOND    =     4851.6073  ANGLE   =      264.9734  DIHED      =     2051.3399
 VDWAALS =    11670.5636  EEL     =   -91188.0489  HBOND      =        0.0000
 1-4 VDW =      392.5148  1-4 EEL =     6198.6071  RESTRAINT  =        0.0000


   NSTEP       ENERGY          RMS            GMAX         NAME    NUMBER
    180      -6.5761E+04     8.7854E-01     4.8894E+01     CD        327

 BOND    =     4850.5843  ANGLE   =      264.5505  DIHED      =     2051.2352
 VDWAALS =    11669.8468  EEL     =   -91188.0125  HBOND      =        0.0000
 1-4 VDW =      392.5007  1-4 EEL =     6198.6717  RESTRAINT  =        0.0000


   NSTEP       ENERGY          RMS            GMAX         NAME    NUMBER
    185      -6.5802E+04     7.8512E-01     3.9481E+01     CD       1256

 BOND    =     4851.2733  ANGLE   =      257.0603  DIHED      =     2045.3084
 VDWAALS =    11648.0372  EEL     =   -91198.1204  HBOND      =        0.0000
 1-4 VDW =      393.1347  1-4 EEL =     6201.5328  RESTRAINT  =        0.0000


   NSTEP       ENERGY          RMS            GMAX         NAME    NUMBER
    190      -6.5825E+04     5.9091E-01     2.0951E+01     CD       1256

 BOND    =     4850.2845  ANGLE   =      246.9903  DIHED      =     2042.6973
 VDWAALS =    11651.6299  EEL     =   -91212.4811  HBOND      =        0.0000
 1-4 VDW =      393.8719  1-4 EEL =     6201.8978  RESTRAINT  =        0.0000


   NSTEP       ENERGY          RMS            GMAX         NAME    NUMBER
    195      -6.5848E+04     5.7556E-01     3.2376E+01     CD       1256

 BOND    =     4855.1166  ANGLE   =      243.7489  DIHED      =     2042.4082
 VDWAALS =    11664.8830  EEL     =   -91246.3239  HBOND      =        0.0000
 1-4 VDW =      393.7563  1-4 EEL =     6198.8815  RESTRAINT  =        0.0000


   NSTEP       ENERGY          RMS            GMAX         NAME    NUMBER
    200      -6.5860E+04     5.4458E-01     1.6048E+01     OH        730

 BOND    =     4852.9575  ANGLE   =      247.0226  DIHED      =     2042.2388
 VDWAALS =    11673.0975  EEL     =   -91266.2163  HBOND      =        0.0000
 1-4 VDW =      393.8742  1-4 EEL =     6197.1777  RESTRAINT  =        0.0000


   NSTEP       ENERGY          RMS            GMAX         NAME    NUMBER
    205      -6.5862E+04     4.4940E-01     1.2625E+01     Na+      1933

 BOND    =     4851.9841  ANGLE   =      246.5263  DIHED      =     2042.1683
 VDWAALS =    11673.0684  EEL     =   -91266.5618  HBOND      =        0.0000
 1-4 VDW =      393.8882  1-4 EEL =     6197.2551  RESTRAINT  =        0.0000


   NSTEP       ENERGY          RMS            GMAX         NAME    NUMBER
    210      -6.5874E+04     3.7541E-01     2.5101E+01     CD       1256

 BOND    =     4852.9487  ANGLE   =      241.9847  DIHED      =     2040.9625
 VDWAALS =    11676.5971  EEL     =   -91279.8897  HBOND      =        0.0000
 1-4 VDW =      394.4120  1-4 EEL =     6198.6771  RESTRAINT  =        0.0000


   NSTEP       ENERGY          RMS            GMAX         NAME    NUMBER
    215      -6.5891E+04     4.6860E-01     1.8501E+01     OE2      1258

 BOND    =     4857.6320  ANGLE   =      246.7108  DIHED      =     2040.8026
 VDWAALS =    11689.6025  EEL     =   -91319.0903  HBOND      =        0.0000
 1-4 VDW =      393.8853  1-4 EEL =     6199.0394  RESTRAINT  =        0.0000


   NSTEP       ENERGY          RMS            GMAX         NAME    NUMBER
    220      -6.5963E+04     1.1270E+00     3.4701E+01     OG1        30

 BOND    =     4905.6961  ANGLE   =      278.4047  DIHED      =     2045.6449
 VDWAALS =    11811.2451  EEL     =   -91587.2665  HBOND      =        0.0000
 1-4 VDW =      389.8893  1-4 EEL =     6193.8814  RESTRAINT  =        0.0000


   NSTEP       ENERGY          RMS            GMAX         NAME    NUMBER
    225      -6.6079E+04     1.1733E+00     9.6480E+01     OE2      1258

 BOND    =     4935.1780  ANGLE   =      279.1177  DIHED      =     2047.7749
 VDWAALS =    12004.9059  EEL     =   -91918.4757  HBOND      =        0.0000
 1-4 VDW =      386.1480  1-4 EEL =     6186.5122  RESTRAINT  =        0.0000


   NSTEP       ENERGY          RMS            GMAX         NAME    NUMBER
    230      -6.6081E+04     1.1000E+00     9.0010E+01     OE2      1258

 BOND    =     4933.8229  ANGLE   =      278.6999  DIHED      =     2047.6952
 VDWAALS =    12003.7266  EEL     =   -91917.9374  HBOND      =        0.0000
 1-4 VDW =      386.1519  1-4 EEL =     6186.5339  RESTRAINT  =        0.0000


   NSTEP       ENERGY          RMS            GMAX         NAME    NUMBER
    235      -6.6136E+04     6.5939E-01     2.7109E+01     CD        521

 BOND    =     4926.2642  ANGLE   =      266.5253  DIHED      =     2043.3643
 VDWAALS =    11972.7751  EEL     =   -91920.9728  HBOND      =        0.0000
 1-4 VDW =      387.0896  1-4 EEL =     6188.9686  RESTRAINT  =        0.0000


   NSTEP       ENERGY          RMS            GMAX         NAME    NUMBER
    240      -6.6173E+04     5.4488E-01     2.4359E+01     CB       1250

 BOND    =     4919.8077  ANGLE   =      251.7545  DIHED      =     2039.4269
 VDWAALS =    11958.1723  EEL     =   -91923.0733  HBOND      =        0.0000
 1-4 VDW =      388.9164  1-4 EEL =     6192.3862  RESTRAINT  =        0.0000


   NSTEP       ENERGY          RMS            GMAX         NAME    NUMBER
    245      -6.6194E+04     3.4861E-01     1.2323E+01     O        6940

 BOND    =     4918.2460  ANGLE   =      247.3439  DIHED      =     2037.5450
 VDWAALS =    11959.5480  EEL     =   -91939.9582  HBOND      =        0.0000
 1-4 VDW =      390.4016  1-4 EEL =     6193.1871  RESTRAINT  =        0.0000


   NSTEP       ENERGY          RMS            GMAX         NAME    NUMBER
    250      -6.6205E+04     4.7069E-01     1.7000E+01     CG       1253

 BOND    =     4919.4283  ANGLE   =      253.7403  DIHED      =     2037.1237
 VDWAALS =    11966.3603  EEL     =   -91963.9810  HBOND      =        0.0000
 1-4 VDW =      390.4384  1-4 EEL =     6191.5266  RESTRAINT  =        0.0000


   NSTEP       ENERGY          RMS            GMAX         NAME    NUMBER
    255      -6.6207E+04     3.5852E-01     1.3686E+01     OE2      1258

 BOND    =     4918.7425  ANGLE   =      253.0361  DIHED      =     2037.0745
 VDWAALS =    11966.5988  EEL     =   -91964.6394  HBOND      =        0.0000
 1-4 VDW =      390.4246  1-4 EEL =     6191.6084  RESTRAINT  =        0.0000


   NSTEP       ENERGY          RMS            GMAX         NAME    NUMBER
    260      -6.6217E+04     3.4508E-01     2.1070E+01     CD       1256

 BOND    =     4919.6929  ANGLE   =      247.4418  DIHED      =     2036.7232
 VDWAALS =    11971.3609  EEL     =   -91975.3244  HBOND      =        0.0000
 1-4 VDW =      390.6270  1-4 EEL =     6192.8944  RESTRAINT  =        0.0000


   NSTEP       ENERGY          RMS            GMAX         NAME    NUMBER
    265      -6.6239E+04     4.7841E-01     1.7937E+01     O        6940

 BOND    =     4930.2305  ANGLE   =      251.4438  DIHED      =     2036.6259
 VDWAALS =    11990.8098  EEL     =   -92033.2951  HBOND      =        0.0000
 1-4 VDW =      390.8171  1-4 EEL =     6194.5089  RESTRAINT  =        0.0000


   NSTEP       ENERGY          RMS            GMAX         NAME    NUMBER
    270      -6.6272E+04     7.3257E-01     3.0732E+01     O        6940

 BOND    =     4938.2649  ANGLE   =      263.3553  DIHED      =     2038.4924
 VDWAALS =    12043.8003  EEL     =   -92137.7269  HBOND      =        0.0000
 1-4 VDW =      390.1296  1-4 EEL =     6191.9833  RESTRAINT  =        0.0000


   NSTEP       ENERGY          RMS            GMAX         NAME    NUMBER
    275      -6.6329E+04     7.9923E-01     5.0067E+01     OE2      1258

 BOND    =     4957.8205  ANGLE   =      269.6699  DIHED      =     2041.1625
 VDWAALS =    12121.0747  EEL     =   -92297.1245  HBOND      =        0.0000
 1-4 VDW =      389.1648  1-4 EEL =     6189.5273  RESTRAINT  =        0.0000


   NSTEP       ENERGY          RMS            GMAX         NAME    NUMBER
    280      -6.6330E+04     7.5028E-01     4.7579E+01     OE2      1258

 BOND    =     4957.1100  ANGLE   =      269.3411  DIHED      =     2041.0606
 VDWAALS =    12120.5310  EEL     =   -92297.2149  HBOND      =        0.0000
 1-4 VDW =      389.1668  1-4 EEL =     6189.5834  RESTRAINT  =        0.0000


   NSTEP       ENERGY          RMS            GMAX         NAME    NUMBER
    285      -6.6373E+04     6.4505E-01     5.1146E+01     CD       1256

 BOND    =     4950.2131  ANGLE   =      258.6591  DIHED      =     2036.1201
 VDWAALS =    12101.9954  EEL     =   -92303.0900  HBOND      =        0.0000
 1-4 VDW =      390.2267  1-4 EEL =     6193.3156  RESTRAINT  =        0.0000


   NSTEP       ENERGY          RMS            GMAX         NAME    NUMBER
    290      -6.6393E+04     5.1135E-01     2.5513E+01     O        6940

 BOND    =     4954.1638  ANGLE   =      249.3570  DIHED      =     2033.9704
 VDWAALS =    12100.8526  EEL     =   -92317.7502  HBOND      =        0.0000
 1-4 VDW =      390.9689  1-4 EEL =     6194.9823  RESTRAINT  =        0.0000


   NSTEP       ENERGY          RMS            GMAX         NAME    NUMBER
    295      -6.6407E+04     3.9169E-01     1.6911E+01     OE1      1257

 BOND    =     4951.8338  ANGLE   =      248.5534  DIHED      =     2034.6887
 VDWAALS =    12108.6168  EEL     =   -92334.1730  HBOND      =        0.0000
 1-4 VDW =      390.4913  1-4 EEL =     6192.7172  RESTRAINT  =        0.0000


   NSTEP       ENERGY          RMS            GMAX         NAME    NUMBER
    300      -6.6415E+04     4.2808E-01     1.6632E+01     CD        521

 BOND    =     4954.7797  ANGLE   =      253.2648  DIHED      =     2034.8500
 VDWAALS =    12113.4248  EEL     =   -92352.9630  HBOND      =        0.0000
 1-4 VDW =      390.3367  1-4 EEL =     6191.1804  RESTRAINT  =        0.0000


   NSTEP       ENERGY          RMS            GMAX         NAME    NUMBER
    305      -6.6417E+04     3.2874E-01     1.2309E+01     O        6940

 BOND    =     4954.3426  ANGLE   =      252.6599  DIHED      =     2034.7677
 VDWAALS =    12113.6108  EEL     =   -92353.6526  HBOND      =        0.0000
 1-4 VDW =      390.3414  1-4 EEL =     6191.2970  RESTRAINT  =        0.0000


   NSTEP       ENERGY          RMS            GMAX         NAME    NUMBER
    310      -6.6424E+04     3.0189E-01     1.3775E+01     CD       1256

 BOND    =     4953.7174  ANGLE   =      247.9037  DIHED      =     2033.6273
 VDWAALS =    12117.9286  EEL     =   -92361.4062  HBOND      =        0.0000
 1-4 VDW =      390.8516  1-4 EEL =     6192.8792  RESTRAINT  =        0.0000


   NSTEP       ENERGY          RMS            GMAX         NAME    NUMBER
    315      -6.6437E+04     3.9542E-01     2.0639E+01     O        6940

 BOND    =     4960.8741  ANGLE   =      250.1656  DIHED      =     2033.5512
 VDWAALS =    12127.8831  EEL     =   -92394.0662  HBOND      =        0.0000
 1-4 VDW =      390.9289  1-4 EEL =     6193.3594  RESTRAINT  =        0.0000


   NSTEP       ENERGY          RMS            GMAX         NAME    NUMBER
    320      -6.6521E+04     1.4154E+00     7.3806E+01     CD       1172

 BOND    =     5012.4225  ANGLE   =      281.3347  DIHED      =     2037.3505
 VDWAALS =    12264.3333  EEL     =   -92688.5762  HBOND      =        0.0000
 1-4 VDW =      387.5240  1-4 EEL =     6185.0403  RESTRAINT  =        0.0000


   NSTEP       ENERGY          RMS            GMAX         NAME    NUMBER
    325      -6.6612E+04     6.5363E-01     2.1860E+01     CD       1256

 BOND    =     5023.9152  ANGLE   =      276.0321  DIHED      =     2038.8977
 VDWAALS =    12403.8648  EEL     =   -92918.5586  HBOND      =        0.0000
 1-4 VDW =      384.7673  1-4 EEL =     6178.9644  RESTRAINT  =        0.0000


   NSTEP       ENERGY          RMS            GMAX         NAME    NUMBER
    330      -6.6614E+04     6.1476E-01     1.9530E+01     HZ1      1319

 BOND    =     5023.3097  ANGLE   =      275.5100  DIHED      =     2038.8287
 VDWAALS =    12403.4872  EEL     =   -92918.7149  HBOND      =        0.0000
 1-4 VDW =      384.7726  1-4 EEL =     6179.0328  RESTRAINT  =        0.0000


   NSTEP       ENERGY          RMS            GMAX         NAME    NUMBER
    335      -6.6662E+04     1.1459E+00     8.0950E+01     CD        521

 BOND    =     5031.5693  ANGLE   =      263.5860  DIHED      =     2034.9344
 VDWAALS =    12376.2702  EEL     =   -92939.0727  HBOND      =        0.0000
 1-4 VDW =      386.3675  1-4 EEL =     6184.1724  RESTRAINT  =        0.0000


   NSTEP       ENERGY          RMS            GMAX         NAME    NUMBER
    340      -6.6684E+04     5.0685E-01     2.4104E+01     O        6940

 BOND    =     5016.1992  ANGLE   =      256.6438  DIHED      =     2034.4122
 VDWAALS =    12377.5234  EEL     =   -92939.9124  HBOND      =        0.0000
 1-4 VDW =      386.5695  1-4 EEL =     6184.7375  RESTRAINT  =        0.0000


   NSTEP       ENERGY          RMS            GMAX         NAME    NUMBER
    345      -6.6700E+04     3.3927E-01     1.5533E+01     O        6940

 BOND    =     5016.8709  ANGLE   =      256.3123  DIHED      =     2033.5361
 VDWAALS =    12380.5773  EEL     =   -92960.7630  HBOND      =        0.0000
 1-4 VDW =      387.5408  1-4 EEL =     6185.7431  RESTRAINT  =        0.0000


   NSTEP       ENERGY          RMS            GMAX         NAME    NUMBER
    350      -6.6713E+04     4.8912E-01     2.0172E+01     CG       1253

 BOND    =     5020.5317  ANGLE   =      260.0411  DIHED      =     2033.1387
 VDWAALS =    12381.7993  EEL     =   -92985.1739  HBOND      =        0.0000
 1-4 VDW =      389.0314  1-4 EEL =     6187.6647  RESTRAINT  =        0.0000


   NSTEP       ENERGY          RMS            GMAX         NAME    NUMBER
    355      -6.6714E+04     3.9876E-01     1.5753E+01     CG       1253

 BOND    =     5019.4537  ANGLE   =      259.4423  DIHED      =     2033.0616
 VDWAALS =    12382.0630  EEL     =   -92985.1931  HBOND      =        0.0000
 1-4 VDW =      389.0141  1-4 EEL =     6187.6816  RESTRAINT  =        0.0000


   NSTEP       ENERGY          RMS            GMAX         NAME    NUMBER
    360      -6.6723E+04     3.1358E-01     1.8605E+01     CD       1256

 BOND    =     5017.5483  ANGLE   =      253.5984  DIHED      =     2032.4969
 VDWAALS =    12385.1015  EEL     =   -92988.6389  HBOND      =        0.0000
 1-4 VDW =      388.7510  1-4 EEL =     6187.8237  RESTRAINT  =        0.0000


   NSTEP       ENERGY          RMS            GMAX         NAME    NUMBER
    365      -6.6736E+04     3.4497E-01     1.7898E+01     CD       1256

 BOND    =     5022.2549  ANGLE   =      254.8673  DIHED      =     2033.0659
 VDWAALS =    12388.6383  EEL     =   -93010.4080  HBOND      =        0.0000
 1-4 VDW =      388.3839  1-4 EEL =     6187.4634  RESTRAINT  =        0.0000


   NSTEP       ENERGY          RMS            GMAX         NAME    NUMBER
    370      -6.6756E+04     7.9532E-01     6.0556E+01     CD        521

 BOND    =     5023.9164  ANGLE   =      258.8377  DIHED      =     2033.9384
 VDWAALS =    12406.9436  EEL     =   -93054.7514  HBOND      =        0.0000
 1-4 VDW =      388.4043  1-4 EEL =     6187.0622  RESTRAINT  =        0.0000


   NSTEP       ENERGY          RMS            GMAX         NAME    NUMBER
    375      -6.6800E+04     5.2284E-01     1.7611E+01     HZ2      1320

 BOND    =     5038.6373  ANGLE   =      263.1315  DIHED      =     2034.9390
 VDWAALS =    12452.8096  EEL     =   -93166.2623  HBOND      =        0.0000
 1-4 VDW =      389.0362  1-4 EEL =     6188.1811  RESTRAINT  =        0.0000


   NSTEP       ENERGY          RMS            GMAX         NAME    NUMBER
    380      -6.6801E+04     4.6787E-01     1.6693E+01     HZ2      1320

 BOND    =     5037.7534  ANGLE   =      262.5608  DIHED      =     2034.8583
 VDWAALS =    12452.6778  EEL     =   -93166.2862  HBOND      =        0.0000
 1-4 VDW =      389.0385  1-4 EEL =     6188.2591  RESTRAINT  =        0.0000


   NSTEP       ENERGY          RMS            GMAX         NAME    NUMBER
    385      -6.6827E+04     7.5312E-01     5.4488E+01     CD        521

 BOND    =     5037.0417  ANGLE   =      257.3046  DIHED      =     2032.2177
 VDWAALS =    12450.4644  EEL     =   -93184.0033  HBOND      =        0.0000
 1-4 VDW =      389.2922  1-4 EEL =     6190.5885  RESTRAINT  =        0.0000


   NSTEP       ENERGY          RMS            GMAX         NAME    NUMBER
    390      -6.6839E+04     4.2059E-01     2.5891E+01     CD        521

 BOND    =     5041.2419  ANGLE   =      253.0102  DIHED      =     2031.8667
 VDWAALS =    12453.5770  EEL     =   -93199.3726  HBOND      =        0.0000
 1-4 VDW =      389.7449  1-4 EEL =     6190.7580  RESTRAINT  =        0.0000


   NSTEP       ENERGY          RMS            GMAX         NAME    NUMBER
    395      -6.6852E+04     2.9082E-01     1.3420E+01     O        6940

 BOND    =     5035.0561  ANGLE   =      253.5191  DIHED      =     2031.5924
 VDWAALS =    12461.5620  EEL     =   -93214.4845  HBOND      =        0.0000
 1-4 VDW =      390.4660  1-4 EEL =     6190.7391  RESTRAINT  =        0.0000


   NSTEP       ENERGY          RMS            GMAX         NAME    NUMBER
    400      -6.6860E+04     4.5726E-01     1.9742E+01     C        1906

 BOND    =     5040.8247  ANGLE   =      258.7820  DIHED      =     2031.6042
 VDWAALS =    12465.9461  EEL     =   -93238.5018  HBOND      =        0.0000
 1-4 VDW =      390.6926  1-4 EEL =     6190.5734  RESTRAINT  =        0.0000


   NSTEP       ENERGY          RMS            GMAX         NAME    NUMBER
    405      -6.6862E+04     3.5982E-01     1.2244E+01     CG       1253

 BOND    =     5039.8764  ANGLE   =      258.1584  DIHED      =     2031.5479
 VDWAALS =    12466.3605  EEL     =   -93238.7965  HBOND      =        0.0000
 1-4 VDW =      390.6692  1-4 EEL =     6190.5718  RESTRAINT  =        0.0000


   NSTEP       ENERGY          RMS            GMAX         NAME    NUMBER
    410      -6.6870E+04     2.3690E-01     1.2648E+01     CD       1256

 BOND    =     5039.7070  ANGLE   =      252.7138  DIHED      =     2031.4679
 VDWAALS =    12471.2852  EEL     =   -93245.5311  HBOND      =        0.0000
 1-4 VDW =      390.3571  1-4 EEL =     6190.4241  RESTRAINT  =        0.0000


   NSTEP       ENERGY          RMS            GMAX         NAME    NUMBER
    415      -6.6878E+04     4.1703E-01     2.0086E+01     CG        975

 BOND    =     5045.6995  ANGLE   =      253.5652  DIHED      =     2032.2527
 VDWAALS =    12477.4374  EEL     =   -93265.8474  HBOND      =        0.0000
 1-4 VDW =      389.3422  1-4 EEL =     6189.4287  RESTRAINT  =        0.0000


   NSTEP       ENERGY          RMS            GMAX         NAME    NUMBER
    420      -6.6897E+04     4.8909E-01     2.4705E+01     CD        521

 BOND    =     5049.1337  ANGLE   =      258.4535  DIHED      =     2033.3396
 VDWAALS =    12497.5871  EEL     =   -93310.1465  HBOND      =        0.0000
 1-4 VDW =      387.9654  1-4 EEL =     6186.9103  RESTRAINT  =        0.0000


   NSTEP       ENERGY          RMS            GMAX         NAME    NUMBER
    425      -6.6916E+04     5.1294E-01     1.6791E+01     OE1      1257

 BOND    =     5058.2311  ANGLE   =      263.7740  DIHED      =     2034.9547
 VDWAALS =    12531.1599  EEL     =   -93376.9945  HBOND      =        0.0000
 1-4 VDW =      387.4044  1-4 EEL =     6185.4539  RESTRAINT  =        0.0000


   NSTEP       ENERGY          RMS            GMAX         NAME    NUMBER
    430      -6.6918E+04     4.4649E-01     1.4113E+01     OE1      1257

 BOND    =     5057.4770  ANGLE   =      263.2460  DIHED      =     2034.8868
 VDWAALS =    12530.9350  EEL     =   -93377.0918  HBOND      =        0.0000
 1-4 VDW =      387.4115  1-4 EEL =     6185.5168  RESTRAINT  =        0.0000


   NSTEP       ENERGY          RMS            GMAX         NAME    NUMBER
    435      -6.6941E+04     5.0775E-01     3.3866E+01     CD       1256

 BOND    =     5057.0087  ANGLE   =      258.2677  DIHED      =     2033.3193
 VDWAALS =    12525.7602  EEL     =   -93390.6886  HBOND      =        0.0000
 1-4 VDW =      387.9953  1-4 EEL =     6187.5889  RESTRAINT  =        0.0000


   NSTEP       ENERGY          RMS            GMAX         NAME    NUMBER
    440      -6.6956E+04     3.6008E-01     1.6783E+01     OE2      1258

 BOND    =     5057.4153  ANGLE   =      253.3533  DIHED      =     2031.8986
 VDWAALS =    12532.4924  EEL     =   -93409.6095  HBOND      =        0.0000
 1-4 VDW =      388.9728  1-4 EEL =     6188.9812  RESTRAINT  =        0.0000


   NSTEP       ENERGY          RMS            GMAX         NAME    NUMBER
    445      -6.6963E+04     3.0800E-01     1.6771E+01     CD        521

 BOND    =     5057.4298  ANGLE   =      254.8160  DIHED      =     2031.5678
 VDWAALS =    12536.8213  EEL     =   -93421.9562  HBOND      =        0.0000
 1-4 VDW =      389.3643  1-4 EEL =     6188.9113  RESTRAINT  =        0.0000


   NSTEP       ENERGY          RMS            GMAX         NAME    NUMBER
    450      -6.6976E+04     3.9991E-01     1.6126E+01     CG       1253

 BOND    =     5061.5295  ANGLE   =      257.9245  DIHED      =     2031.9090
 VDWAALS =    12545.3276  EEL     =   -93452.2520  HBOND      =        0.0000
 1-4 VDW =      390.0076  1-4 EEL =     6189.4776  RESTRAINT  =        0.0000


   NSTEP       ENERGY          RMS            GMAX         NAME    NUMBER
    455      -6.6977E+04     3.1280E-01     1.1142E+01     CG       1253

 BOND    =     5060.4476  ANGLE   =      257.4188  DIHED      =     2031.8472
 VDWAALS =    12545.6844  EEL     =   -93452.2240  HBOND      =        0.0000
 1-4 VDW =      389.9869  1-4 EEL =     6189.4273  RESTRAINT  =        0.0000


   NSTEP       ENERGY          RMS            GMAX         NAME    NUMBER
    460      -6.6984E+04     2.9633E-01     1.7865E+01     CD       1256

 BOND    =     5061.0727  ANGLE   =      253.5122  DIHED      =     2031.3982
 VDWAALS =    12549.9127  EEL     =   -93458.9097  HBOND      =        0.0000
 1-4 VDW =      389.6615  1-4 EEL =     6189.3568  RESTRAINT  =        0.0000


   NSTEP       ENERGY          RMS            GMAX         NAME    NUMBER
    465      -6.6995E+04     3.3136E-01     1.3948E+01     CD       1256

 BOND    =     5064.9724  ANGLE   =      255.2187  DIHED      =     2032.3382
 VDWAALS =    12557.1587  EEL     =   -93482.3055  HBOND      =        0.0000
 1-4 VDW =      388.8492  1-4 EEL =     6188.6395  RESTRAINT  =        0.0000


   NSTEP       ENERGY          RMS            GMAX         NAME    NUMBER
    470      -6.7018E+04     7.3233E-01     3.8915E+01     CG        975

 BOND    =     5076.8237  ANGLE   =      260.1819  DIHED      =     2034.0273
 VDWAALS =    12590.4102  EEL     =   -93554.1455  HBOND      =        0.0000
 1-4 VDW =      387.8414  1-4 EEL =     6186.8368  RESTRAINT  =        0.0000


   NSTEP       ENERGY          RMS            GMAX         NAME    NUMBER
    475      -6.7049E+04     4.6963E-01     1.8710E+01     OE1      1257

 BOND    =     5083.0680  ANGLE   =      263.0521  DIHED      =     2034.8528
 VDWAALS =    12636.7546  EEL     =   -93640.4425  HBOND      =        0.0000
 1-4 VDW =      387.6025  1-4 EEL =     6186.3554  RESTRAINT  =        0.0000


   NSTEP       ENERGY          RMS            GMAX         NAME    NUMBER
    480      -6.7050E+04     4.1417E-01     1.5697E+01     OE1      1257

 BOND    =     5082.3008  ANGLE   =      262.6116  DIHED      =     2034.7664
 VDWAALS =    12636.5226  EEL     =   -93640.3895  HBOND      =        0.0000
 1-4 VDW =      387.6127  1-4 EEL =     6186.3765  RESTRAINT  =        0.0000


   NSTEP       ENERGY          RMS            GMAX         NAME    NUMBER
    485      -6.7075E+04     5.1722E-01     3.3352E+01     CD       1256

 BOND    =     5082.8156  ANGLE   =      258.1356  DIHED      =     2032.6403
 VDWAALS =    12630.1796  EEL     =   -93655.0149  HBOND      =        0.0000
 1-4 VDW =      388.2051  1-4 EEL =     6188.1017  RESTRAINT  =        0.0000


   NSTEP       ENERGY          RMS            GMAX         NAME    NUMBER
    490      -6.7090E+04     3.1328E-01     1.3552E+01     CD       1256

 BOND    =     5081.9434  ANGLE   =      253.1439  DIHED      =     2031.6096
 VDWAALS =    12636.3264  EEL     =   -93670.9986  HBOND      =        0.0000
 1-4 VDW =      389.2273  1-4 EEL =     6189.1620  RESTRAINT  =        0.0000


   NSTEP       ENERGY          RMS            GMAX         NAME    NUMBER
    495      -6.7095E+04     2.6439E-01     1.0567E+01     CD        521

 BOND    =     5081.0175  ANGLE   =      254.4056  DIHED      =     2031.5605
 VDWAALS =    12639.9284  EEL     =   -93679.9944  HBOND      =        0.0000
 1-4 VDW =      389.4743  1-4 EEL =     6189.0216  RESTRAINT  =        0.0000


   NSTEP       ENERGY          RMS            GMAX         NAME    NUMBER
    500      -6.7106E+04     4.0248E-01     1.8534E+01     CG       1253

 BOND    =     5085.6300  ANGLE   =      257.0224  DIHED      =     2031.5868
 VDWAALS =    12647.6344  EEL     =   -93706.2349  HBOND      =        0.0000
 1-4 VDW =      389.6236  1-4 EEL =     6189.1150  RESTRAINT  =        0.0000


  Maximum number of minimization cycles reached.


                    FINAL RESULTS



   NSTEP       ENERGY          RMS            GMAX         NAME    NUMBER
    500      -6.7106E+04     4.0248E-01     1.8534E+01     CG       1253

 BOND    =     5085.6300  ANGLE   =      257.0224  DIHED      =     2031.5868
 VDWAALS =    12647.6344  EEL     =   -93706.2349  HBOND      =        0.0000
 1-4 VDW =      389.6236  1-4 EEL =     6189.1150  RESTRAINT  =        0.0000
--------------------------------------------------------------------------------
   5.  TIMINGS
--------------------------------------------------------------------------------

|  NonSetup CPU Time in Major Routines:
|
|     Routine           Sec        %
|     ------------------------------
|     Nonbond          27.36   95.62
|     Bond              0.11    0.38
|     Angle             0.10    0.36
|     Dihedral          0.79    2.77
|     Shake             0.00    0.00
|     Other             0.25    0.87
|     ------------------------------
|     Total            28.61

|  PME Nonbond Pairlist CPU Time:
|
|     Routine              Sec        %
|     ---------------------------------
|     Set Up Cit           0.00    0.01
|     Build List           0.42    1.47
|     ---------------------------------
|     Total                0.42    1.48

|  PME Direct Force CPU Time:
|
|     Routine              Sec        %
|     ---------------------------------
|     NonBonded Calc      19.17   67.00
|     Exclude Masked       0.40    1.38
|     Other                0.18    0.62
|     ---------------------------------
|     Total               19.74   69.00

|  PME Reciprocal Force CPU Time:
|
|     Routine              Sec        %
|     ---------------------------------
|     1D bspline           0.44    1.55
|     Grid Charges         0.62    2.15
|     Scalar Sum           1.28    4.49
|     Gradient Sum         1.07    3.73
|     FFT                  3.76   13.14
|     ---------------------------------
|     Total                7.17   25.07

|  Setup CPU time:            0.06 seconds
|  NonSetup CPU time:        28.61 seconds
|  Total CPU time:           28.67 seconds     0.01 hours

|  Setup wall time:           0    seconds
|  NonSetup wall time:       29    seconds
|  Total wall time:          29    seconds     0.01 hours
