
          -------------------------------------------------------
          Amber 16 PMEMD                              2016
          -------------------------------------------------------

| PMEMD implementation of SANDER, Release 16

| Run on 07/04/2017 at 00:48:27

|   Executable path: pmemd.cuda
| Working directory: /home/german/obp/run/mu_ctv/mhe/e
|          Hostname: Unknown
  [-O]verwriting output

File Assignments:
|   MDIN: 12equ.in                                                              
|  MDOUT: 12equ.out                                                             
| INPCRD: 11emu_ctv.rst7                                                        
|   PARM: /home/german/obp/top_files/mu_ctv.prmtop                              
| RESTRT: 12emu_ctv.rst7                                                        
|   REFC: 11emu_ctv.rst7                                                        
|  MDVEL: mdvel                                                                 
|   MDEN: mden                                                                  
|  MDCRD: 12emu_ctv.nc                                                          
| MDINFO: mdinfo                                                                
|  MDFRC: mdfrc                                                                 


 Here is the input file:

Equilibration with solute restrictions                                         
&cntrl                                                                         
imin = 0,                           ! No Minimization                          
nmropt = 0,                         ! No NMR restraints read                   
                                                                               
! Nature and format of the input                                               
ntx = 5,                            ! Coordinates but no velocities will be rea
irest = 1,                          ! Do not run a new simulation              
                                                                               
! Nature and format of the output                                              
ntxo = 1,                           ! rstrt file in ASCII format               
ntpr = 500,                         ! inf in output every ntpr steps           
ntwr = 500,                         ! rstrt file every ntwr steps              
ntwx = 500,                         ! mdcrd file every ntwx steps              
ntwv = 0,                           ! mdvel without velocities                 
ntwe = 0,                           ! Energies and temperatures not written in 
idecomp = 0,                        ! No energy decomposition                  
iwrap = 1,                          ! Coordinates of the restart and mdcrd file
                                                                               
! Frozen or restrained atoms                                                   
ibelly = 0,                         ! No frozen atoms                          
ntr=1,                              ! Harmonic potential restraints            
restraint_wt = 4.0,                ! The weight for the positional restraints  
restraintmask = ':1-120@N,CA,C,O',  ! restrained residues                      
                                                                               
! Molecular dynamics                                                           
nstlim = 50000,                     ! Number of MD-steps                       
dt = 0.002,                         ! Time step                                
                                                                               
! Temperature regulation                                                       
ntt = 3,                            ! Langevin thermostat                      
gamma_ln = 5,                       ! Gamma constant for Langevin              
!temp0 = 300.0,                     ! Reference T at which the system is to be 
tempi = 300.0,                      ! Initial T                                
ig = -1,                            ! Seed for the RNG                         
                                                                               
! P and V regulation                                                           
ntp = 1,                            ! Constant P. Isotropic scaling            
barostat = 1,                       ! Berendsen barostat                       
taup = 1,                           ! Pressure relaxation time                 
nrespa = 1,                         ! Evaluate at each step                    
ntb = 2,                            ! Periodic box for constant P              
                                                                               
! SHAKE variables                                                              
ntc = 2,                            ! Bonds involving H are constrained        
ntf = 2,                            ! Bond interaction involving H are ommited.
                                                                               
cut = 10.0,                         ! Nonbonded cutoff                         
/                                                                              
&end                                                                           


Note: ig = -1. Setting random seed to   381244 based on wallclock time in 
      microseconds.
 
|--------------------- INFORMATION ----------------------
| GPU (CUDA) Version of PMEMD in use: NVIDIA GPU IN USE.
|                    Version 16.0.0
| 
|                      02/25/2016
| 
| Implementation by:
|                    Ross C. Walker     (SDSC)
|                    Scott Le Grand     (nVIDIA)
| 
| Precision model in use:
|      [SPFP] - Single Precision Forces, 64-bit Fixed Point
|               Accumulation. (Default)
| 
|--------------------------------------------------------
 
|----------------- CITATION INFORMATION -----------------
|
|    When publishing work that utilized the CUDA version
|    of AMBER, please cite the following in addition to
|    the regular AMBER citations:
|
|  - Romelia Salomon-Ferrer; Andreas W. Goetz; Duncan
|    Poole; Scott Le Grand; Ross C. Walker "Routine
|    microsecond molecular dynamics simulations with
|    AMBER - Part II: Particle Mesh Ewald", J. Chem.
|    Theory Comput., 2013, 9 (9), pp3878-3888,
|    DOI: 10.1021/ct400314y.
|
|  - Andreas W. Goetz; Mark J. Williamson; Dong Xu;
|    Duncan Poole; Scott Le Grand; Ross C. Walker
|    "Routine microsecond molecular dynamics simulations
|    with AMBER - Part I: Generalized Born", J. Chem.
|    Theory Comput., 2012, 8 (5), pp1542-1555.
|
|  - Scott Le Grand; Andreas W. Goetz; Ross C. Walker
|    "SPFP: Speed without compromise - a mixed precision
|    model for GPU accelerated molecular dynamics
|    simulations.", Comp. Phys. Comm., 2013, 184
|    pp374-380, DOI: 10.1016/j.cpc.2012.09.022
|
|--------------------------------------------------------
 
|------------------- GPU DEVICE INFO --------------------
|
|            CUDA_VISIBLE_DEVICES: 0
|   CUDA Capable Devices Detected:      1
|           CUDA Device ID in use:      0
|                CUDA Device Name: GeForce GTX 1060 6GB
|     CUDA Device Global Mem Size:   6072 MB
| CUDA Device Num Multiprocessors:     10
|           CUDA Device Core Freq:   1.76 GHz
|
|--------------------------------------------------------
 
 
| Conditional Compilation Defines Used:
| PUBFFT
| BINTRAJ
| CUDA
| EMIL

| Largest sphere to fit in unit cell has radius =    26.293

| New format PARM file being parsed.
| Version =    1.000 Date = 02/24/15 Time = 11:42:17

| Note: 1-4 EEL scale factors are being read from the topology file.

| Note: 1-4 VDW scale factors are being read from the topology file.
| Duplicated    0 dihedrals

| Duplicated    0 dihedrals

--------------------------------------------------------------------------------
   1.  RESOURCE   USE: 
--------------------------------------------------------------------------------

 getting new box info from bottom of inpcrd
 NATOM  =   18306 NTYPES =      18 NBONH =   17356 MBONA  =     953
 NTHETH =    2237 MTHETA =    1278 NPHIH =    4342 MPHIA  =    4359
 NHPARM =       0 NPARM  =       0 NNB   =   32466 NRES   =    5584
 NBONA  =     953 NTHETA =    1278 NPHIA =    4359 NUMBND =      69
 NUMANG =     147 NPTRA  =     245 NATYP =      40 NPHB   =       1
 IFBOX  =       1 NMXRS  =      26 IFCAP =       0 NEXTRA =       0
 NCOPY  =       0

| Coordinate Index Table dimensions:    10   11    9
| Direct force subcell size =     5.5789    5.6481    5.8428

     BOX TYPE: RECTILINEAR

--------------------------------------------------------------------------------
   2.  CONTROL  DATA  FOR  THE  RUN
--------------------------------------------------------------------------------

default_name                                                                    

General flags:
     imin    =       0, nmropt  =       0

Nature and format of input:
     ntx     =       5, irest   =       1, ntrx    =       1

Nature and format of output:
     ntxo    =       1, ntpr    =     500, ntrx    =       1, ntwr    =     500
     iwrap   =       1, ntwx    =     500, ntwv    =       0, ntwe    =       0
     ioutfm  =       1, ntwprt  =       0, idecomp =       0, rbornstat=      0

Potential function:
     ntf     =       2, ntb     =       2, igb     =       0, nsnb    =      25
     ipol    =       0, gbsa    =       0, iesp    =       0
     dielc   =   1.00000, cut     =  10.00000, intdiel =   1.00000

Frozen or restrained atoms:
     ibelly  =       0, ntr     =       1
     restraint_wt =   4.00000

Molecular dynamics:
     nstlim  =     50000, nscm    =         0, nrespa  =         1
     t       =   0.00000, dt      =   0.00200, vlimit  =  -1.00000

Langevin dynamics temperature regulation:
     ig      =  381244
     temp0   = 300.00000, tempi   = 300.00000, gamma_ln=   5.00000

Pressure regulation:
     ntp     =       1
     pres0   =   1.00000, comp    =  44.60000, taup    =   1.00000

SHAKE:
     ntc     =       2, jfastw  =       0
     tol     =   0.00001

| Intermolecular bonds treatment:
|     no_intermolecular_bonds =       1

| Energy averages sample interval:
|     ene_avg_sampling =     500

Ewald parameters:
     verbose =       0, ew_type =       0, nbflag  =       1, use_pme =       1
     vdwmeth =       1, eedmeth =       1, netfrc  =       1
     Box X =   55.789   Box Y =   62.129   Box Z =   52.586
     Alpha =   90.000   Beta  =   90.000   Gamma =   90.000
     NFFT1 =   56       NFFT2 =   64       NFFT3 =   56
     Cutoff=   10.000   Tol   =0.100E-04
     Ewald Coefficient =  0.27511
     Interpolation order =    4

    LOADING THE CONSTRAINED ATOMS AS GROUPS


   5.  REFERENCE ATOM COORDINATES

  default_name                                                                    
     Mask :1-120@N,CA,C,O; matches   476 atoms

--------------------------------------------------------------------------------
   3.  ATOMIC COORDINATES AND VELOCITIES
--------------------------------------------------------------------------------

default_name                                                                    
 begin time read from input coords =  1184.000 ps

 
 Number of triangulated 3-point waters found:     5461

     Sum of charges from parm topology file =   0.00000094
     Forcing neutrality...

| Dynamic Memory, Types Used:
| Reals              924858
| Integers           642951

| Nonbonded Pairs Initial Allocation:     5537107

| GPU memory information (estimate):
| KB of GPU memory in use:    116750
| KB of CPU memory in use:     23942

--------------------------------------------------------------------------------
   4.  RESULTS
--------------------------------------------------------------------------------

 ---------------------------------------------------
 APPROXIMATING switch and d/dx switch using CUBIC SPLINE INTERPOLATION
 using   5000.0 points per unit in tabled values
 TESTING RELATIVE ERROR over r ranging from 0.0 to cutoff
| CHECK switch(x): max rel err =   0.2738E-14   at   2.422500
| CHECK d/dx switch(x): max rel err =   0.8314E-11   at   2.736960
 ---------------------------------------------------
|---------------------------------------------------
| APPROXIMATING direct energy using CUBIC SPLINE INTERPOLATION
|  with   50.0 points per unit in tabled values
| Relative Error Limit not exceeded for r .gt.   2.33
| APPROXIMATING direct force using CUBIC SPLINE INTERPOLATION
|  with   50.0 points per unit in tabled values
| Relative Error Limit not exceeded for r .gt.   2.80
|---------------------------------------------------

 NSTEP =      500   TIME(PS) =    1185.000  TEMP(K) =   298.46  PRESS =  -156.5
 Etot   =    -43839.0520  EKtot   =     11138.8145  EPtot      =    -54977.8664
 BOND   =       351.2569  ANGLE   =       976.9500  DIHED      =      2154.6130
 1-4 NB =       418.9957  1-4 EEL =      6140.5232  VDWAALS    =      6482.6659
 EELEC  =    -71580.4077  EHBOND  =         0.0000  RESTRAINT  =        77.5367
 EAMBER (non-restraint)  =    -55055.4031
 EKCMT  =      4880.6020  VIRIAL  =      5495.8853  VOLUME     =    182128.9599
                                                    Density    =         1.0218
 ------------------------------------------------------------------------------


 NSTEP =     1000   TIME(PS) =    1186.000  TEMP(K) =   300.33  PRESS =   158.9
 Etot   =    -43897.1334  EKtot   =     11208.6309  EPtot      =    -55105.7643
 BOND   =       338.1564  ANGLE   =      1021.4581  DIHED      =      2164.1061
 1-4 NB =       435.0876  1-4 EEL =      6155.8590  VDWAALS    =      6657.6659
 EELEC  =    -71946.3618  EHBOND  =         0.0000  RESTRAINT  =        68.2646
 EAMBER (non-restraint)  =    -55174.0289
 EKCMT  =      4905.9650  VIRIAL  =      4280.0639  VOLUME     =    182400.2831
                                                    Density    =         1.0203
 ------------------------------------------------------------------------------


 NSTEP =     1500   TIME(PS) =    1187.000  TEMP(K) =   299.26  PRESS =    64.9
 Etot   =    -43817.4109  EKtot   =     11168.7266  EPtot      =    -54986.1374
 BOND   =       328.9024  ANGLE   =       935.2051  DIHED      =      2153.5504
 1-4 NB =       456.0798  1-4 EEL =      6233.7478  VDWAALS    =      6650.6932
 EELEC  =    -71818.8102  EHBOND  =         0.0000  RESTRAINT  =        74.4942
 EAMBER (non-restraint)  =    -55060.6316
 EKCMT  =      4934.6699  VIRIAL  =      4678.5991  VOLUME     =    182764.9905
                                                    Density    =         1.0183
 ------------------------------------------------------------------------------


 NSTEP =     2000   TIME(PS) =    1188.000  TEMP(K) =   298.00  PRESS =   -88.7
 Etot   =    -43796.5642  EKtot   =     11121.7764  EPtot      =    -54918.3405
 BOND   =       344.6628  ANGLE   =       991.6910  DIHED      =      2156.3126
 1-4 NB =       442.7223  1-4 EEL =      6149.5244  VDWAALS    =      6569.4822
 EELEC  =    -71653.4838  EHBOND  =         0.0000  RESTRAINT  =        80.7480
 EAMBER (non-restraint)  =    -54999.0886
 EKCMT  =      4906.9445  VIRIAL  =      5256.5288  VOLUME     =    182634.2587
                                                    Density    =         1.0190
 ------------------------------------------------------------------------------


 NSTEP =     2500   TIME(PS) =    1189.000  TEMP(K) =   302.51  PRESS =    30.9
 Etot   =    -43974.0344  EKtot   =     11290.0527  EPtot      =    -55264.0871
 BOND   =       324.3143  ANGLE   =       976.4824  DIHED      =      2141.6475
 1-4 NB =       448.2791  1-4 EEL =      6221.0813  VDWAALS    =      6768.0493
 EELEC  =    -72227.1154  EHBOND  =         0.0000  RESTRAINT  =        83.1744
 EAMBER (non-restraint)  =    -55347.2615
 EKCMT  =      4916.4272  VIRIAL  =      4794.5255  VOLUME     =    182987.5373
                                                    Density    =         1.0170
 ------------------------------------------------------------------------------


 NSTEP =     3000   TIME(PS) =    1190.000  TEMP(K) =   299.53  PRESS =  -118.0
 Etot   =    -44011.4918  EKtot   =     11178.8721  EPtot      =    -55190.3638
 BOND   =       351.0485  ANGLE   =       960.5625  DIHED      =      2153.6387
 1-4 NB =       428.3812  1-4 EEL =      6180.2671  VDWAALS    =      6694.9746
 EELEC  =    -72041.1008  EHBOND  =         0.0000  RESTRAINT  =        81.8643
 EAMBER (non-restraint)  =    -55272.2282
 EKCMT  =      4900.6659  VIRIAL  =      5368.0526  VOLUME     =    183524.7899
                                                    Density    =         1.0140
 ------------------------------------------------------------------------------


 NSTEP =     3500   TIME(PS) =    1191.000  TEMP(K) =   303.23  PRESS =   -58.0
 Etot   =    -43731.4137  EKtot   =     11317.0156  EPtot      =    -55048.4293
 BOND   =       364.0492  ANGLE   =       975.1357  DIHED      =      2161.2186
 1-4 NB =       449.0765  1-4 EEL =      6191.4850  VDWAALS    =      6579.4624
 EELEC  =    -71852.6798  EHBOND  =         0.0000  RESTRAINT  =        83.8231
 EAMBER (non-restraint)  =    -55132.2524
 EKCMT  =      4940.4153  VIRIAL  =      5170.5609  VOLUME     =    183715.4494
                                                    Density    =         1.0130
 ------------------------------------------------------------------------------


 NSTEP =     4000   TIME(PS) =    1192.000  TEMP(K) =   300.38  PRESS =  -329.7
 Etot   =    -43807.1081  EKtot   =     11210.6445  EPtot      =    -55017.7527
 BOND   =       372.1952  ANGLE   =       948.9066  DIHED      =      2165.7582
 1-4 NB =       449.4479  1-4 EEL =      6129.9275  VDWAALS    =      6585.4391
 EELEC  =    -71751.5607  EHBOND  =         0.0000  RESTRAINT  =        82.1336
 EAMBER (non-restraint)  =    -55099.8862
 EKCMT  =      4926.2091  VIRIAL  =      6232.9807  VOLUME     =    183583.3088
                                                    Density    =         1.0137
 ------------------------------------------------------------------------------


 NSTEP =     4500   TIME(PS) =    1193.000  TEMP(K) =   302.32  PRESS =    15.0
 Etot   =    -43803.4926  EKtot   =     11282.8672  EPtot      =    -55086.3597
 BOND   =       360.7512  ANGLE   =       927.8182  DIHED      =      2156.9853
 1-4 NB =       452.0797  1-4 EEL =      6190.4107  VDWAALS    =      6737.7196
 EELEC  =    -71994.7390  EHBOND  =         0.0000  RESTRAINT  =        82.6146
 EAMBER (non-restraint)  =    -55168.9743
 EKCMT  =      4883.6362  VIRIAL  =      4824.4093  VOLUME     =    182849.1314
                                                    Density    =         1.0178
 ------------------------------------------------------------------------------


 NSTEP =     5000   TIME(PS) =    1194.000  TEMP(K) =   300.58  PRESS =     6.7
 Etot   =    -43786.6224  EKtot   =     11217.9492  EPtot      =    -55004.5716
 BOND   =       340.1688  ANGLE   =      1009.8958  DIHED      =      2150.8020
 1-4 NB =       449.7504  1-4 EEL =      6172.5196  VDWAALS    =      6524.0390
 EELEC  =    -71743.2300  EHBOND  =         0.0000  RESTRAINT  =        91.4827
 EAMBER (non-restraint)  =    -55096.0543
 EKCMT  =      4932.5497  VIRIAL  =      4906.1851  VOLUME     =    182827.3119
                                                    Density    =         1.0179
 ------------------------------------------------------------------------------


 NSTEP =     5500   TIME(PS) =    1195.000  TEMP(K) =   299.02  PRESS =  -151.0
 Etot   =    -43980.2022  EKtot   =     11160.0156  EPtot      =    -55140.2178
 BOND   =       352.9916  ANGLE   =       971.3002  DIHED      =      2153.6914
 1-4 NB =       442.7744  1-4 EEL =      6143.2753  VDWAALS    =      6641.7022
 EELEC  =    -71931.4546  EHBOND  =         0.0000  RESTRAINT  =        85.5018
 EAMBER (non-restraint)  =    -55225.7196
 EKCMT  =      4921.5371  VIRIAL  =      5514.9949  VOLUME     =    182080.4447
                                                    Density    =         1.0221
 ------------------------------------------------------------------------------


 NSTEP =     6000   TIME(PS) =    1196.000  TEMP(K) =   300.23  PRESS =   258.2
 Etot   =    -43771.2056  EKtot   =     11205.1680  EPtot      =    -54976.3736
 BOND   =       359.2255  ANGLE   =       969.2977  DIHED      =      2156.1921
 1-4 NB =       446.1023  1-4 EEL =      6201.4611  VDWAALS    =      6701.4498
 EELEC  =    -71894.3130  EHBOND  =         0.0000  RESTRAINT  =        84.2109
 EAMBER (non-restraint)  =    -55060.5845
 EKCMT  =      4875.4140  VIRIAL  =      3858.2332  VOLUME     =    182481.5472
                                                    Density    =         1.0198
 ------------------------------------------------------------------------------


 NSTEP =     6500   TIME(PS) =    1197.000  TEMP(K) =   301.65  PRESS =   173.9
 Etot   =    -43963.2527  EKtot   =     11257.8447  EPtot      =    -55221.0974
 BOND   =       344.6544  ANGLE   =       948.4573  DIHED      =      2169.8928
 1-4 NB =       438.3767  1-4 EEL =      6197.3157  VDWAALS    =      6755.3599
 EELEC  =    -72162.7513  EHBOND  =         0.0000  RESTRAINT  =        87.5971
 EAMBER (non-restraint)  =    -55308.6945
 EKCMT  =      4919.5143  VIRIAL  =      4234.3147  VOLUME     =    182465.3692
                                                    Density    =         1.0199
 ------------------------------------------------------------------------------


 NSTEP =     7000   TIME(PS) =    1198.000  TEMP(K) =   299.65  PRESS =   -70.7
 Etot   =    -43879.8283  EKtot   =     11183.3691  EPtot      =    -55063.1975
 BOND   =       351.6669  ANGLE   =       996.9940  DIHED      =      2156.6769
 1-4 NB =       453.9573  1-4 EEL =      6161.1200  VDWAALS    =      6524.9060
 EELEC  =    -71792.1907  EHBOND  =         0.0000  RESTRAINT  =        83.6721
 EAMBER (non-restraint)  =    -55146.8696
 EKCMT  =      4894.6404  VIRIAL  =      5173.5793  VOLUME     =    182753.9018
                                                    Density    =         1.0183
 ------------------------------------------------------------------------------


 NSTEP =     7500   TIME(PS) =    1199.000  TEMP(K) =   298.24  PRESS =    80.8
 Etot   =    -44034.7121  EKtot   =     11130.8330  EPtot      =    -55165.5451
 BOND   =       354.8445  ANGLE   =       995.6958  DIHED      =      2168.8918
 1-4 NB =       444.0870  1-4 EEL =      6191.7143  VDWAALS    =      6821.9971
 EELEC  =    -72227.9107  EHBOND  =         0.0000  RESTRAINT  =        85.1351
 EAMBER (non-restraint)  =    -55250.6802
 EKCMT  =      4880.5175  VIRIAL  =      4562.1892  VOLUME     =    182381.1531
                                                    Density    =         1.0204
 ------------------------------------------------------------------------------


 NSTEP =     8000   TIME(PS) =    1200.000  TEMP(K) =   303.94  PRESS =   -90.4
 Etot   =    -43897.1043  EKtot   =     11343.5059  EPtot      =    -55240.6102
 BOND   =       354.5597  ANGLE   =       952.5788  DIHED      =      2155.9705
 1-4 NB =       435.7073  1-4 EEL =      6175.7118  VDWAALS    =      6551.1786
 EELEC  =    -71949.0523  EHBOND  =         0.0000  RESTRAINT  =        82.7355
 EAMBER (non-restraint)  =    -55323.3457
 EKCMT  =      4997.1577  VIRIAL  =      5352.9156  VOLUME     =    182245.3256
                                                    Density    =         1.0212
 ------------------------------------------------------------------------------


 NSTEP =     8500   TIME(PS) =    1201.000  TEMP(K) =   300.62  PRESS =   -84.2
 Etot   =    -43863.6592  EKtot   =     11219.4551  EPtot      =    -55083.1143
 BOND   =       346.3595  ANGLE   =      1001.0377  DIHED      =      2155.9678
 1-4 NB =       451.7802  1-4 EEL =      6196.9379  VDWAALS    =      6620.7953
 EELEC  =    -71932.6477  EHBOND  =         0.0000  RESTRAINT  =        76.6549
 EAMBER (non-restraint)  =    -55159.7692
 EKCMT  =      4856.6582  VIRIAL  =      5187.5714  VOLUME     =    182002.3456
                                                    Density    =         1.0225
 ------------------------------------------------------------------------------


 NSTEP =     9000   TIME(PS) =    1202.000  TEMP(K) =   298.29  PRESS =   126.3
 Etot   =    -43946.9338  EKtot   =     11132.7139  EPtot      =    -55079.6476
 BOND   =       346.0741  ANGLE   =      1012.1553  DIHED      =      2174.8345
 1-4 NB =       442.2434  1-4 EEL =      6217.0126  VDWAALS    =      6866.0684
 EELEC  =    -72226.7828  EHBOND  =         0.0000  RESTRAINT  =        88.7469
 EAMBER (non-restraint)  =    -55168.3945
 EKCMT  =      4882.6667  VIRIAL  =      4384.8875  VOLUME     =    182523.5507
                                                    Density    =         1.0196
 ------------------------------------------------------------------------------


 NSTEP =     9500   TIME(PS) =    1203.000  TEMP(K) =   299.98  PRESS =   194.7
 Etot   =    -43810.0588  EKtot   =     11195.5283  EPtot      =    -55005.5871
 BOND   =       355.1413  ANGLE   =       997.4848  DIHED      =      2145.8347
 1-4 NB =       431.0613  1-4 EEL =      6156.1608  VDWAALS    =      6604.0820
 EELEC  =    -71774.5423  EHBOND  =         0.0000  RESTRAINT  =        79.1902
 EAMBER (non-restraint)  =    -55084.7774
 EKCMT  =      4911.3387  VIRIAL  =      4145.9892  VOLUME     =    182038.3827
                                                    Density    =         1.0223
 ------------------------------------------------------------------------------


 NSTEP =    10000   TIME(PS) =    1204.000  TEMP(K) =   300.01  PRESS =  -191.0
 Etot   =    -43925.2272  EKtot   =     11196.7012  EPtot      =    -55121.9283
 BOND   =       356.1233  ANGLE   =       982.9851  DIHED      =      2157.6889
 1-4 NB =       439.7086  1-4 EEL =      6178.1433  VDWAALS    =      6608.0359
 EELEC  =    -71919.8417  EHBOND  =         0.0000  RESTRAINT  =        75.2283
 EAMBER (non-restraint)  =    -55197.1566
 EKCMT  =      4891.7926  VIRIAL  =      5643.4709  VOLUME     =    182229.0677
                                                    Density    =         1.0213
 ------------------------------------------------------------------------------


 NSTEP =    10500   TIME(PS) =    1205.000  TEMP(K) =   299.80  PRESS =  -100.7
 Etot   =    -43932.0618  EKtot   =     11188.9580  EPtot      =    -55121.0199
 BOND   =       318.7783  ANGLE   =       981.2615  DIHED      =      2132.5536
 1-4 NB =       439.9011  1-4 EEL =      6208.4079  VDWAALS    =      6424.6004
 EELEC  =    -71706.0980  EHBOND  =         0.0000  RESTRAINT  =        79.5753
 EAMBER (non-restraint)  =    -55200.5951
 EKCMT  =      4854.7612  VIRIAL  =      5250.7417  VOLUME     =    182179.2609
                                                    Density    =         1.0215
 ------------------------------------------------------------------------------


 NSTEP =    11000   TIME(PS) =    1206.000  TEMP(K) =   303.39  PRESS =   -43.0
 Etot   =    -43691.0043  EKtot   =     11322.8516  EPtot      =    -55013.8558
 BOND   =       367.6511  ANGLE   =      1022.5295  DIHED      =      2190.7408
 1-4 NB =       439.6976  1-4 EEL =      6143.4918  VDWAALS    =      6618.7600
 EELEC  =    -71876.8077  EHBOND  =         0.0000  RESTRAINT  =        80.0810
 EAMBER (non-restraint)  =    -55093.9369
 EKCMT  =      4910.5046  VIRIAL  =      5080.0755  VOLUME     =    182478.7239
                                                    Density    =         1.0199
 ------------------------------------------------------------------------------


 NSTEP =    11500   TIME(PS) =    1207.000  TEMP(K) =   298.16  PRESS =    62.7
 Etot   =    -43850.6168  EKtot   =     11127.7324  EPtot      =    -54978.3492
 BOND   =       354.1343  ANGLE   =       982.0268  DIHED      =      2145.5661
 1-4 NB =       445.9204  1-4 EEL =      6186.3635  VDWAALS    =      6563.8767
 EELEC  =    -71737.4733  EHBOND  =         0.0000  RESTRAINT  =        81.2362
 EAMBER (non-restraint)  =    -55059.5854
 EKCMT  =      4818.3037  VIRIAL  =      4571.9996  VOLUME     =    182009.5562
                                                    Density    =         1.0225
 ------------------------------------------------------------------------------


 NSTEP =    12000   TIME(PS) =    1208.000  TEMP(K) =   301.20  PRESS =  -126.4
 Etot   =    -43808.7710  EKtot   =     11241.3643  EPtot      =    -55050.1352
 BOND   =       365.1558  ANGLE   =       966.5954  DIHED      =      2143.9862
 1-4 NB =       439.4315  1-4 EEL =      6213.3821  VDWAALS    =      6413.6372
 EELEC  =    -71674.6407  EHBOND  =         0.0000  RESTRAINT  =        82.3173
 EAMBER (non-restraint)  =    -55132.4525
 EKCMT  =      4868.5088  VIRIAL  =      5365.6346  VOLUME     =    182119.5810
                                                    Density    =         1.0219
 ------------------------------------------------------------------------------


 NSTEP =    12500   TIME(PS) =    1209.000  TEMP(K) =   300.35  PRESS =  -218.2
 Etot   =    -43878.0870  EKtot   =     11209.4307  EPtot      =    -55087.5176
 BOND   =       345.4275  ANGLE   =      1011.1992  DIHED      =      2163.4246
 1-4 NB =       441.9433  1-4 EEL =      6193.9847  VDWAALS    =      6618.6022
 EELEC  =    -71949.3047  EHBOND  =         0.0000  RESTRAINT  =        87.2055
 EAMBER (non-restraint)  =    -55174.7232
 EKCMT  =      4908.5240  VIRIAL  =      5767.8245  VOLUME     =    182388.6791
                                                    Density    =         1.0204
 ------------------------------------------------------------------------------


 NSTEP =    13000   TIME(PS) =    1210.000  TEMP(K) =   302.70  PRESS =   232.0
 Etot   =    -43859.2581  EKtot   =     11297.1035  EPtot      =    -55156.3616
 BOND   =       343.8348  ANGLE   =       941.5217  DIHED      =      2125.2129
 1-4 NB =       459.2448  1-4 EEL =      6194.3933  VDWAALS    =      6738.9964
 EELEC  =    -72043.2020  EHBOND  =         0.0000  RESTRAINT  =        83.6366
 EAMBER (non-restraint)  =    -55239.9982
 EKCMT  =      4993.5796  VIRIAL  =      4079.6867  VOLUME     =    182417.3317
                                                    Density    =         1.0202
 ------------------------------------------------------------------------------


 NSTEP =    13500   TIME(PS) =    1211.000  TEMP(K) =   300.97  PRESS =   123.3
 Etot   =    -43739.0576  EKtot   =     11232.8037  EPtot      =    -54971.8613
 BOND   =       365.7845  ANGLE   =       954.0335  DIHED      =      2160.6079
 1-4 NB =       436.0813  1-4 EEL =      6162.8456  VDWAALS    =      6687.4551
 EELEC  =    -71815.4551  EHBOND  =         0.0000  RESTRAINT  =        76.7857
 EAMBER (non-restraint)  =    -55048.6471
 EKCMT  =      4856.3830  VIRIAL  =      4369.5119  VOLUME     =    182868.0931
                                                    Density    =         1.0177
 ------------------------------------------------------------------------------


 NSTEP =    14000   TIME(PS) =    1212.000  TEMP(K) =   302.06  PRESS =  -219.2
 Etot   =    -43628.6672  EKtot   =     11273.3008  EPtot      =    -54901.9680
 BOND   =       333.5972  ANGLE   =       971.2557  DIHED      =      2129.9985
 1-4 NB =       462.4800  1-4 EEL =      6209.0674  VDWAALS    =      6374.2537
 EELEC  =    -71462.0441  EHBOND  =         0.0000  RESTRAINT  =        79.4236
 EAMBER (non-restraint)  =    -54981.3917
 EKCMT  =      4930.7317  VIRIAL  =      5795.9844  VOLUME     =    182814.8093
                                                    Density    =         1.0180
 ------------------------------------------------------------------------------


 NSTEP =    14500   TIME(PS) =    1213.000  TEMP(K) =   296.89  PRESS =   337.3
 Etot   =    -43859.3849  EKtot   =     11080.1904  EPtot      =    -54939.5753
 BOND   =       338.0213  ANGLE   =      1003.3284  DIHED      =      2159.9640
 1-4 NB =       445.8035  1-4 EEL =      6206.1237  VDWAALS    =      6677.3764
 EELEC  =    -71860.4702  EHBOND  =         0.0000  RESTRAINT  =        90.2774
 EAMBER (non-restraint)  =    -55029.8528
 EKCMT  =      4920.1670  VIRIAL  =      3589.1712  VOLUME     =    182746.1285
                                                    Density    =         1.0184
 ------------------------------------------------------------------------------


 NSTEP =    15000   TIME(PS) =    1214.000  TEMP(K) =   298.74  PRESS =  -417.6
 Etot   =    -43972.4830  EKtot   =     11149.5156  EPtot      =    -55121.9986
 BOND   =       342.8877  ANGLE   =       981.7756  DIHED      =      2160.7555
 1-4 NB =       439.8613  1-4 EEL =      6227.9886  VDWAALS    =      6545.3527
 EELEC  =    -71910.1826  EHBOND  =         0.0000  RESTRAINT  =        89.5626
 EAMBER (non-restraint)  =    -55211.5612
 EKCMT  =      4869.5074  VIRIAL  =      6518.8616  VOLUME     =    182914.9909
                                                    Density    =         1.0174
 ------------------------------------------------------------------------------


 NSTEP =    15500   TIME(PS) =    1215.000  TEMP(K) =   296.77  PRESS =    42.1
 Etot   =    -43870.8121  EKtot   =     11075.9365  EPtot      =    -54946.7486
 BOND   =       374.3825  ANGLE   =       992.4229  DIHED      =      2153.0463
 1-4 NB =       434.7751  1-4 EEL =      6183.1932  VDWAALS    =      6577.6452
 EELEC  =    -71743.6161  EHBOND  =         0.0000  RESTRAINT  =        81.4023
 EAMBER (non-restraint)  =    -55028.1509
 EKCMT  =      4921.4662  VIRIAL  =      4755.5861  VOLUME     =    182631.8069
                                                    Density    =         1.0190
 ------------------------------------------------------------------------------


 NSTEP =    16000   TIME(PS) =    1216.000  TEMP(K) =   302.15  PRESS =   -90.3
 Etot   =    -43941.1593  EKtot   =     11276.7949  EPtot      =    -55217.9542
 BOND   =       355.8658  ANGLE   =       964.6052  DIHED      =      2160.9778
 1-4 NB =       447.0005  1-4 EEL =      6169.2997  VDWAALS    =      6705.7851
 EELEC  =    -72105.8446  EHBOND  =         0.0000  RESTRAINT  =        84.3562
 EAMBER (non-restraint)  =    -55302.3104
 EKCMT  =      4863.9641  VIRIAL  =      5219.1458  VOLUME     =    182258.0760
                                                    Density    =         1.0211
 ------------------------------------------------------------------------------


 NSTEP =    16500   TIME(PS) =    1217.000  TEMP(K) =   304.56  PRESS =   -76.6
 Etot   =    -43754.9328  EKtot   =     11366.7324  EPtot      =    -55121.6652
 BOND   =       345.2458  ANGLE   =       964.7181  DIHED      =      2143.8912
 1-4 NB =       453.7258  1-4 EEL =      6217.2449  VDWAALS    =      6563.3662
 EELEC  =    -71894.3580  EHBOND  =         0.0000  RESTRAINT  =        84.5009
 EAMBER (non-restraint)  =    -55206.1661
 EKCMT  =      4986.3287  VIRIAL  =      5287.2293  VOLUME     =    181918.5577
                                                    Density    =         1.0230
 ------------------------------------------------------------------------------


 NSTEP =    17000   TIME(PS) =    1218.000  TEMP(K) =   305.22  PRESS =    41.2
 Etot   =    -43672.4597  EKtot   =     11391.2744  EPtot      =    -55063.7341
 BOND   =       358.3273  ANGLE   =       999.9890  DIHED      =      2179.7658
 1-4 NB =       460.1416  1-4 EEL =      6191.9031  VDWAALS    =      6810.7770
 EELEC  =    -72145.5310  EHBOND  =         0.0000  RESTRAINT  =        80.8930
 EAMBER (non-restraint)  =    -55144.6272
 EKCMT  =      4956.4345  VIRIAL  =      4794.6553  VOLUME     =    182066.1655
                                                    Density    =         1.0222
 ------------------------------------------------------------------------------


 NSTEP =    17500   TIME(PS) =    1219.000  TEMP(K) =   302.83  PRESS =   124.1
 Etot   =    -43745.0139  EKtot   =     11302.0342  EPtot      =    -55047.0481
 BOND   =       369.6422  ANGLE   =       977.9977  DIHED      =      2157.3911
 1-4 NB =       439.7658  1-4 EEL =      6164.8140  VDWAALS    =      6666.0189
 EELEC  =    -71900.0381  EHBOND  =         0.0000  RESTRAINT  =        77.3604
 EAMBER (non-restraint)  =    -55124.4084
 EKCMT  =      4950.2992  VIRIAL  =      4460.5831  VOLUME     =    182826.6846
                                                    Density    =         1.0179
 ------------------------------------------------------------------------------


 NSTEP =    18000   TIME(PS) =    1220.000  TEMP(K) =   295.15  PRESS =   104.6
 Etot   =    -43929.7469  EKtot   =     11015.4961  EPtot      =    -54945.2430
 BOND   =       366.0729  ANGLE   =       977.9207  DIHED      =      2145.3541
 1-4 NB =       445.5046  1-4 EEL =      6167.4998  VDWAALS    =      6537.9138
 EELEC  =    -71671.1263  EHBOND  =         0.0000  RESTRAINT  =        85.6174
 EAMBER (non-restraint)  =    -55030.8604
 EKCMT  =      4808.7643  VIRIAL  =      4395.9953  VOLUME     =    182700.5679
                                                    Density    =         1.0186
 ------------------------------------------------------------------------------


 NSTEP =    18500   TIME(PS) =    1221.000  TEMP(K) =   299.98  PRESS =   -14.3
 Etot   =    -43810.8667  EKtot   =     11195.6670  EPtot      =    -55006.5337
 BOND   =       313.5703  ANGLE   =       975.9777  DIHED      =      2138.4330
 1-4 NB =       453.8849  1-4 EEL =      6225.3158  VDWAALS    =      6559.7196
 EELEC  =    -71762.6135  EHBOND  =         0.0000  RESTRAINT  =        89.1785
 EAMBER (non-restraint)  =    -55095.7122
 EKCMT  =      4843.9756  VIRIAL  =      4900.1627  VOLUME     =    182456.2828
                                                    Density    =         1.0200
 ------------------------------------------------------------------------------


 NSTEP =    19000   TIME(PS) =    1222.000  TEMP(K) =   303.65  PRESS =   167.1
 Etot   =    -43844.9956  EKtot   =     11332.5547  EPtot      =    -55177.5503
 BOND   =       333.3062  ANGLE   =       968.7442  DIHED      =      2148.8008
 1-4 NB =       442.8807  1-4 EEL =      6174.4692  VDWAALS    =      6791.9855
 EELEC  =    -72119.0024  EHBOND  =         0.0000  RESTRAINT  =        81.2655
 EAMBER (non-restraint)  =    -55258.8158
 EKCMT  =      4953.6667  VIRIAL  =      4295.5784  VOLUME     =    182353.6924
                                                    Density    =         1.0206
 ------------------------------------------------------------------------------


 NSTEP =    19500   TIME(PS) =    1223.000  TEMP(K) =   300.94  PRESS =    18.8
 Etot   =    -43674.0001  EKtot   =     11231.5752  EPtot      =    -54905.5753
 BOND   =       359.4005  ANGLE   =      1001.2573  DIHED      =      2169.2137
 1-4 NB =       446.5200  1-4 EEL =      6206.3562  VDWAALS    =      6613.0026
 EELEC  =    -71774.3567  EHBOND  =         0.0000  RESTRAINT  =        73.0311
 EAMBER (non-restraint)  =    -54978.6064
 EKCMT  =      4932.9807  VIRIAL  =      4858.8799  VOLUME     =    182203.6057
                                                    Density    =         1.0214
 ------------------------------------------------------------------------------


 NSTEP =    20000   TIME(PS) =    1224.000  TEMP(K) =   299.46  PRESS =  -143.8
 Etot   =    -44049.1064  EKtot   =     11176.1260  EPtot      =    -55225.2324
 BOND   =       348.3990  ANGLE   =       952.5606  DIHED      =      2177.1185
 1-4 NB =       447.4360  1-4 EEL =      6187.6491  VDWAALS    =      6590.3250
 EELEC  =    -72017.9952  EHBOND  =         0.0000  RESTRAINT  =        89.2745
 EAMBER (non-restraint)  =    -55314.5069
 EKCMT  =      4901.3351  VIRIAL  =      5467.2271  VOLUME     =    182306.5918
                                                    Density    =         1.0208
 ------------------------------------------------------------------------------


 NSTEP =    20500   TIME(PS) =    1225.000  TEMP(K) =   297.80  PRESS =   133.0
 Etot   =    -44065.1172  EKtot   =     11114.3506  EPtot      =    -55179.4678
 BOND   =       343.7427  ANGLE   =       986.2425  DIHED      =      2155.9357
 1-4 NB =       446.5184  1-4 EEL =      6184.9746  VDWAALS    =      6675.7703
 EELEC  =    -72052.7964  EHBOND  =         0.0000  RESTRAINT  =        80.1446
 EAMBER (non-restraint)  =    -55259.6124
 EKCMT  =      4948.8258  VIRIAL  =      4425.5193  VOLUME     =    182167.4947
                                                    Density    =         1.0216
 ------------------------------------------------------------------------------


 NSTEP =    21000   TIME(PS) =    1226.000  TEMP(K) =   296.85  PRESS =   -69.1
 Etot   =    -44182.5550  EKtot   =     11078.7900  EPtot      =    -55261.3450
 BOND   =       351.1677  ANGLE   =       977.8374  DIHED      =      2172.7150
 1-4 NB =       429.4862  1-4 EEL =      6147.4557  VDWAALS    =      6698.2009
 EELEC  =    -72118.3900  EHBOND  =         0.0000  RESTRAINT  =        80.1820
 EAMBER (non-restraint)  =    -55341.5270
 EKCMT  =      4816.3906  VIRIAL  =      5087.8353  VOLUME     =    181921.7826
                                                    Density    =         1.0230
 ------------------------------------------------------------------------------


 NSTEP =    21500   TIME(PS) =    1227.000  TEMP(K) =   301.54  PRESS =  -125.8
 Etot   =    -43957.2919  EKtot   =     11254.0400  EPtot      =    -55211.3320
 BOND   =       308.2707  ANGLE   =       997.3246  DIHED      =      2172.2531
 1-4 NB =       447.5387  1-4 EEL =      6215.5616  VDWAALS    =      6611.2552
 EELEC  =    -72041.8541  EHBOND  =         0.0000  RESTRAINT  =        78.3182
 EAMBER (non-restraint)  =    -55289.6502
 EKCMT  =      4910.2000  VIRIAL  =      5404.2861  VOLUME     =    181861.5294
                                                    Density    =         1.0233
 ------------------------------------------------------------------------------


 NSTEP =    22000   TIME(PS) =    1228.000  TEMP(K) =   296.89  PRESS =  -159.0
 Etot   =    -44069.3130  EKtot   =     11080.5322  EPtot      =    -55149.8452
 BOND   =       354.4703  ANGLE   =       975.5814  DIHED      =      2154.8218
 1-4 NB =       433.1608  1-4 EEL =      6201.5470  VDWAALS    =      6564.8454
 EELEC  =    -71915.1291  EHBOND  =         0.0000  RESTRAINT  =        80.8572
 EAMBER (non-restraint)  =    -55230.7024
 EKCMT  =      4903.9025  VIRIAL  =      5527.0609  VOLUME     =    181499.9127
                                                    Density    =         1.0254
 ------------------------------------------------------------------------------


 NSTEP =    22500   TIME(PS) =    1229.000  TEMP(K) =   297.76  PRESS =    39.8
 Etot   =    -44149.2810  EKtot   =     11113.0088  EPtot      =    -55262.2897
 BOND   =       342.0079  ANGLE   =       995.6504  DIHED      =      2146.2030
 1-4 NB =       445.2141  1-4 EEL =      6224.3104  VDWAALS    =      6598.3996
 EELEC  =    -72096.9367  EHBOND  =         0.0000  RESTRAINT  =        82.8615
 EAMBER (non-restraint)  =    -55345.1513
 EKCMT  =      4849.3619  VIRIAL  =      4693.4136  VOLUME     =    181620.8810
                                                    Density    =         1.0247
 ------------------------------------------------------------------------------


 NSTEP =    23000   TIME(PS) =    1230.000  TEMP(K) =   298.75  PRESS =   182.7
 Etot   =    -44033.6941  EKtot   =     11149.7646  EPtot      =    -55183.4587
 BOND   =       353.1764  ANGLE   =       980.2482  DIHED      =      2147.1869
 1-4 NB =       456.6470  1-4 EEL =      6190.0136  VDWAALS    =      6705.3119
 EELEC  =    -72096.6852  EHBOND  =         0.0000  RESTRAINT  =        80.6425
 EAMBER (non-restraint)  =    -55264.1012
 EKCMT  =      4923.5974  VIRIAL  =      4208.2058  VOLUME     =    181344.0795
                                                    Density    =         1.0262
 ------------------------------------------------------------------------------


 NSTEP =    23500   TIME(PS) =    1231.000  TEMP(K) =   300.27  PRESS =    62.7
 Etot   =    -43797.6496  EKtot   =     11206.5293  EPtot      =    -55004.1789
 BOND   =       356.1526  ANGLE   =      1002.1355  DIHED      =      2156.1022
 1-4 NB =       456.7564  1-4 EEL =      6219.1422  VDWAALS    =      6550.4617
 EELEC  =    -71827.1104  EHBOND  =         0.0000  RESTRAINT  =        82.1808
 EAMBER (non-restraint)  =    -55086.3597
 EKCMT  =      4915.1557  VIRIAL  =      4669.3113  VOLUME     =    181710.5203
                                                    Density    =         1.0242
 ------------------------------------------------------------------------------


 NSTEP =    24000   TIME(PS) =    1232.000  TEMP(K) =   297.88  PRESS =   232.6
 Etot   =    -44031.6848  EKtot   =     11117.3564  EPtot      =    -55149.0412
 BOND   =       335.8622  ANGLE   =       965.4379  DIHED      =      2173.6530
 1-4 NB =       448.7238  1-4 EEL =      6209.7239  VDWAALS    =      6729.6483
 EELEC  =    -72085.2246  EHBOND  =         0.0000  RESTRAINT  =        73.1344
 EAMBER (non-restraint)  =    -55222.1756
 EKCMT  =      4943.3067  VIRIAL  =      4027.1227  VOLUME     =    182442.8853
                                                    Density    =         1.0201
 ------------------------------------------------------------------------------


 NSTEP =    24500   TIME(PS) =    1233.000  TEMP(K) =   297.86  PRESS =   -64.3
 Etot   =    -44013.9118  EKtot   =     11116.6025  EPtot      =    -55130.5144
 BOND   =       342.2420  ANGLE   =       987.1018  DIHED      =      2152.2859
 1-4 NB =       459.5496  1-4 EEL =      6198.0442  VDWAALS    =      6698.7610
 EELEC  =    -72049.5117  EHBOND  =         0.0000  RESTRAINT  =        81.0129
 EAMBER (non-restraint)  =    -55211.5273
 EKCMT  =      4865.7922  VIRIAL  =      5118.5359  VOLUME     =    182053.6496
                                                    Density    =         1.0222
 ------------------------------------------------------------------------------


 NSTEP =    25000   TIME(PS) =    1234.000  TEMP(K) =   297.05  PRESS =   232.8
 Etot   =    -44125.1012  EKtot   =     11086.2891  EPtot      =    -55211.3902
 BOND   =       359.7851  ANGLE   =       960.9878  DIHED      =      2174.7123
 1-4 NB =       459.6387  1-4 EEL =      6232.5101  VDWAALS    =      6628.7918
 EELEC  =    -72105.2371  EHBOND  =         0.0000  RESTRAINT  =        77.4210
 EAMBER (non-restraint)  =    -55288.8112
 EKCMT  =      4884.9678  VIRIAL  =      3971.5106  VOLUME     =    181750.7796
                                                    Density    =         1.0239
 ------------------------------------------------------------------------------


 NSTEP =    25500   TIME(PS) =    1235.000  TEMP(K) =   301.25  PRESS =    91.6
 Etot   =    -43837.2193  EKtot   =     11243.0303  EPtot      =    -55080.2496
 BOND   =       371.8935  ANGLE   =       959.9286  DIHED      =      2146.4963
 1-4 NB =       440.3136  1-4 EEL =      6185.6120  VDWAALS    =      6536.6200
 EELEC  =    -71797.8042  EHBOND  =         0.0000  RESTRAINT  =        76.6906
 EAMBER (non-restraint)  =    -55156.9402
 EKCMT  =      4978.7916  VIRIAL  =      4618.5763  VOLUME     =    182227.1544
                                                    Density    =         1.0213
 ------------------------------------------------------------------------------


 NSTEP =    26000   TIME(PS) =    1236.000  TEMP(K) =   301.33  PRESS =  -166.4
 Etot   =    -43729.9167  EKtot   =     11246.0596  EPtot      =    -54975.9763
 BOND   =       347.9785  ANGLE   =      1023.3791  DIHED      =      2145.7261
 1-4 NB =       447.2245  1-4 EEL =      6176.1667  VDWAALS    =      6521.8502
 EELEC  =    -71729.5753  EHBOND  =         0.0000  RESTRAINT  =        91.2740
 EAMBER (non-restraint)  =    -55067.2503
 EKCMT  =      4941.8710  VIRIAL  =      5596.0415  VOLUME     =    182123.9603
                                                    Density    =         1.0218
 ------------------------------------------------------------------------------


 NSTEP =    26500   TIME(PS) =    1237.000  TEMP(K) =   300.52  PRESS =   -33.2
 Etot   =    -43892.4464  EKtot   =     11215.9844  EPtot      =    -55108.4308
 BOND   =       373.6541  ANGLE   =      1006.3898  DIHED      =      2160.9004
 1-4 NB =       429.3395  1-4 EEL =      6218.8888  VDWAALS    =      6549.2381
 EELEC  =    -71934.7252  EHBOND  =         0.0000  RESTRAINT  =        87.8838
 EAMBER (non-restraint)  =    -55196.3146
 EKCMT  =      4907.9445  VIRIAL  =      5038.4046  VOLUME     =    182175.6542
                                                    Density    =         1.0216
 ------------------------------------------------------------------------------


 NSTEP =    27000   TIME(PS) =    1238.000  TEMP(K) =   300.80  PRESS =  -296.0
 Etot   =    -44050.8019  EKtot   =     11226.4678  EPtot      =    -55277.2696
 BOND   =       343.3125  ANGLE   =      1004.0484  DIHED      =      2139.6445
 1-4 NB =       455.5904  1-4 EEL =      6220.9092  VDWAALS    =      6467.2197
 EELEC  =    -71980.0280  EHBOND  =         0.0000  RESTRAINT  =        72.0337
 EAMBER (non-restraint)  =    -55349.3033
 EKCMT  =      4849.3296  VIRIAL  =      6012.5898  VOLUME     =    182001.6956
                                                    Density    =         1.0225
 ------------------------------------------------------------------------------


 NSTEP =    27500   TIME(PS) =    1239.000  TEMP(K) =   303.35  PRESS =   -27.3
 Etot   =    -43932.2016  EKtot   =     11321.5576  EPtot      =    -55253.7592
 BOND   =       347.3136  ANGLE   =      1004.4656  DIHED      =      2172.6094
 1-4 NB =       432.1962  1-4 EEL =      6197.1211  VDWAALS    =      6651.2433
 EELEC  =    -72127.7537  EHBOND  =         0.0000  RESTRAINT  =        69.0451
 EAMBER (non-restraint)  =    -55322.8043
 EKCMT  =      4963.1418  VIRIAL  =      5070.5666  VOLUME     =    182294.7134
                                                    Density    =         1.0209
 ------------------------------------------------------------------------------


 NSTEP =    28000   TIME(PS) =    1240.000  TEMP(K) =   302.93  PRESS =   182.0
 Etot   =    -43703.1632  EKtot   =     11305.6152  EPtot      =    -55008.7784
 BOND   =       346.1918  ANGLE   =       992.6329  DIHED      =      2163.1577
 1-4 NB =       435.0406  1-4 EEL =      6199.1233  VDWAALS    =      6656.8793
 EELEC  =    -71890.2489  EHBOND  =         0.0000  RESTRAINT  =        88.4448
 EAMBER (non-restraint)  =    -55097.2232
 EKCMT  =      4965.9565  VIRIAL  =      4248.7710  VOLUME     =    182519.0895
                                                    Density    =         1.0196
 ------------------------------------------------------------------------------


 NSTEP =    28500   TIME(PS) =    1241.000  TEMP(K) =   305.28  PRESS =  -274.0
 Etot   =    -43773.5893  EKtot   =     11393.5508  EPtot      =    -55167.1401
 BOND   =       349.9940  ANGLE   =       973.9773  DIHED      =      2169.5045
 1-4 NB =       457.3187  1-4 EEL =      6204.2573  VDWAALS    =      6525.1425
 EELEC  =    -71927.8841  EHBOND  =         0.0000  RESTRAINT  =        80.5497
 EAMBER (non-restraint)  =    -55247.6898
 EKCMT  =      4987.1402  VIRIAL  =      6065.7437  VOLUME     =    182321.0554
                                                    Density    =         1.0207
 ------------------------------------------------------------------------------


 NSTEP =    29000   TIME(PS) =    1242.000  TEMP(K) =   300.32  PRESS =    -1.8
 Etot   =    -43927.4168  EKtot   =     11208.2949  EPtot      =    -55135.7118
 BOND   =       336.0440  ANGLE   =       980.1754  DIHED      =      2160.6736
 1-4 NB =       446.8728  1-4 EEL =      6197.3626  VDWAALS    =      6693.8071
 EELEC  =    -72035.5603  EHBOND  =         0.0000  RESTRAINT  =        84.9129
 EAMBER (non-restraint)  =    -55220.6247
 EKCMT  =      4884.9302  VIRIAL  =      4892.1958  VOLUME     =    182462.6102
                                                    Density    =         1.0199
 ------------------------------------------------------------------------------


 NSTEP =    29500   TIME(PS) =    1243.000  TEMP(K) =   297.84  PRESS =     0.8
 Etot   =    -43875.0228  EKtot   =     11115.8936  EPtot      =    -54990.9163
 BOND   =       370.1529  ANGLE   =       988.6847  DIHED      =      2158.1594
 1-4 NB =       442.5470  1-4 EEL =      6197.3616  VDWAALS    =      6647.0008
 EELEC  =    -71872.8323  EHBOND  =         0.0000  RESTRAINT  =        78.0098
 EAMBER (non-restraint)  =    -55068.9261
 EKCMT  =      4888.8001  VIRIAL  =      4885.7847  VOLUME     =    182470.5385
                                                    Density    =         1.0199
 ------------------------------------------------------------------------------


 NSTEP =    30000   TIME(PS) =    1244.000  TEMP(K) =   302.98  PRESS =   212.3
 Etot   =    -43568.8177  EKtot   =     11307.8037  EPtot      =    -54876.6214
 BOND   =       367.9649  ANGLE   =       945.8349  DIHED      =      2148.5065
 1-4 NB =       452.6466  1-4 EEL =      6198.5443  VDWAALS    =      6731.9480
 EELEC  =    -71809.4949  EHBOND  =         0.0000  RESTRAINT  =        87.4284
 EAMBER (non-restraint)  =    -54964.0498
 EKCMT  =      5012.0541  VIRIAL  =      4175.7169  VOLUME     =    182446.2645
                                                    Density    =         1.0200
 ------------------------------------------------------------------------------


 NSTEP =    30500   TIME(PS) =    1245.000  TEMP(K) =   296.77  PRESS =    -5.1
 Etot   =    -44016.0814  EKtot   =     11075.8408  EPtot      =    -55091.9223
 BOND   =       352.8448  ANGLE   =       968.5018  DIHED      =      2156.1185
 1-4 NB =       432.2774  1-4 EEL =      6201.8094  VDWAALS    =      6600.3488
 EELEC  =    -71881.7670  EHBOND  =         0.0000  RESTRAINT  =        77.9439
 EAMBER (non-restraint)  =    -55169.8662
 EKCMT  =      4870.8370  VIRIAL  =      4890.8480  VOLUME     =    181921.2256
                                                    Density    =         1.0230
 ------------------------------------------------------------------------------


 NSTEP =    31000   TIME(PS) =    1246.000  TEMP(K) =   299.93  PRESS =   -10.5
 Etot   =    -43798.5614  EKtot   =     11193.8906  EPtot      =    -54992.4520
 BOND   =       349.5446  ANGLE   =       986.5185  DIHED      =      2168.5914
 1-4 NB =       439.0310  1-4 EEL =      6186.9993  VDWAALS    =      6499.2527
 EELEC  =    -71700.2946  EHBOND  =         0.0000  RESTRAINT  =        77.9050
 EAMBER (non-restraint)  =    -55070.3570
 EKCMT  =      4951.9771  VIRIAL  =      4993.1672  VOLUME     =    182056.0353
                                                    Density    =         1.0222
 ------------------------------------------------------------------------------


 NSTEP =    31500   TIME(PS) =    1247.000  TEMP(K) =   303.69  PRESS =   -56.4
 Etot   =    -43798.1045  EKtot   =     11334.1973  EPtot      =    -55132.3018
 BOND   =       352.3970  ANGLE   =       955.5442  DIHED      =      2167.2485
 1-4 NB =       442.4752  1-4 EEL =      6180.3009  VDWAALS    =      6563.8337
 EELEC  =    -71869.8302  EHBOND  =         0.0000  RESTRAINT  =        75.7289
 EAMBER (non-restraint)  =    -55208.0307
 EKCMT  =      4911.3227  VIRIAL  =      5132.8727  VOLUME     =    181804.9472
                                                    Density    =         1.0236
 ------------------------------------------------------------------------------


 NSTEP =    32000   TIME(PS) =    1248.000  TEMP(K) =   295.99  PRESS =  -171.5
 Etot   =    -44132.1933  EKtot   =     11046.7422  EPtot      =    -55178.9355
 BOND   =       336.8290  ANGLE   =       956.6080  DIHED      =      2170.6617
 1-4 NB =       455.6679  1-4 EEL =      6154.9542  VDWAALS    =      6563.3632
 EELEC  =    -71895.7149  EHBOND  =         0.0000  RESTRAINT  =        78.6955
 EAMBER (non-restraint)  =    -55257.6310
 EKCMT  =      4798.0671  VIRIAL  =      5471.8019  VOLUME     =    181984.1165
                                                    Density    =         1.0226
 ------------------------------------------------------------------------------


 NSTEP =    32500   TIME(PS) =    1249.000  TEMP(K) =   301.79  PRESS =   141.6
 Etot   =    -43926.3613  EKtot   =     11263.2070  EPtot      =    -55189.5684
 BOND   =       361.8519  ANGLE   =      1015.7742  DIHED      =      2164.4394
 1-4 NB =       439.0655  1-4 EEL =      6195.7389  VDWAALS    =      6601.6588
 EELEC  =    -72048.5497  EHBOND  =         0.0000  RESTRAINT  =        80.4526
 EAMBER (non-restraint)  =    -55270.0210
 EKCMT  =      4963.4361  VIRIAL  =      4407.4571  VOLUME     =    181804.2432
                                                    Density    =         1.0236
 ------------------------------------------------------------------------------


 NSTEP =    33000   TIME(PS) =    1250.000  TEMP(K) =   301.47  PRESS =  -191.7
 Etot   =    -43728.3012  EKtot   =     11251.1816  EPtot      =    -54979.4828
 BOND   =       324.9397  ANGLE   =      1036.0389  DIHED      =      2145.2508
 1-4 NB =       447.4398  1-4 EEL =      6224.9493  VDWAALS    =      6422.2590
 EELEC  =    -71665.9317  EHBOND  =         0.0000  RESTRAINT  =        85.5714
 EAMBER (non-restraint)  =    -55065.0542
 EKCMT  =      4906.1586  VIRIAL  =      5660.0371  VOLUME     =    182162.6463
                                                    Density    =         1.0216
 ------------------------------------------------------------------------------


 NSTEP =    33500   TIME(PS) =    1251.000  TEMP(K) =   297.35  PRESS =   317.8
 Etot   =    -43760.9347  EKtot   =     11097.4873  EPtot      =    -54858.4220
 BOND   =       348.6079  ANGLE   =       970.5350  DIHED      =      2162.8048
 1-4 NB =       456.2836  1-4 EEL =      6192.6988  VDWAALS    =      6569.5295
 EELEC  =    -71643.6213  EHBOND  =         0.0000  RESTRAINT  =        84.7397
 EAMBER (non-restraint)  =    -54943.1617
 EKCMT  =      4858.2705  VIRIAL  =      3607.0509  VOLUME     =    182362.6946
                                                    Density    =         1.0205
 ------------------------------------------------------------------------------


 NSTEP =    34000   TIME(PS) =    1252.000  TEMP(K) =   302.10  PRESS =    61.9
 Etot   =    -43600.1979  EKtot   =     11274.7285  EPtot      =    -54874.9264
 BOND   =       369.1029  ANGLE   =       975.2682  DIHED      =      2149.1491
 1-4 NB =       452.0897  1-4 EEL =      6193.4884  VDWAALS    =      6540.3045
 EELEC  =    -71636.8990  EHBOND  =         0.0000  RESTRAINT  =        82.5698
 EAMBER (non-restraint)  =    -54957.4962
 EKCMT  =      4968.2063  VIRIAL  =      4724.4916  VOLUME     =    182269.0452
                                                    Density    =         1.0210
 ------------------------------------------------------------------------------


 NSTEP =    34500   TIME(PS) =    1253.000  TEMP(K) =   299.06  PRESS =     8.2
 Etot   =    -43839.3247  EKtot   =     11161.4346  EPtot      =    -55000.7593
 BOND   =       331.2592  ANGLE   =       964.0393  DIHED      =      2140.6316
 1-4 NB =       445.7584  1-4 EEL =      6177.5029  VDWAALS    =      6537.6470
 EELEC  =    -71673.8998  EHBOND  =         0.0000  RESTRAINT  =        76.3020
 EAMBER (non-restraint)  =    -55077.0613
 EKCMT  =      4923.1840  VIRIAL  =      4890.8101  VOLUME     =    182353.4754
                                                    Density    =         1.0206
 ------------------------------------------------------------------------------


 NSTEP =    35000   TIME(PS) =    1254.000  TEMP(K) =   297.62  PRESS =   139.3
 Etot   =    -43808.6363  EKtot   =     11107.5986  EPtot      =    -54916.2349
 BOND   =       332.8574  ANGLE   =       994.9792  DIHED      =      2163.0734
 1-4 NB =       450.6700  1-4 EEL =      6227.9198  VDWAALS    =      6603.0877
 EELEC  =    -71768.5738  EHBOND  =         0.0000  RESTRAINT  =        79.7514
 EAMBER (non-restraint)  =    -54995.9863
 EKCMT  =      4847.3365  VIRIAL  =      4298.0274  VOLUME     =    182645.4731
                                                    Density    =         1.0189
 ------------------------------------------------------------------------------


 NSTEP =    35500   TIME(PS) =    1255.000  TEMP(K) =   300.40  PRESS =   -57.7
 Etot   =    -43849.1002  EKtot   =     11211.5469  EPtot      =    -55060.6471
 BOND   =       339.3976  ANGLE   =      1002.7521  DIHED      =      2172.4724
 1-4 NB =       440.1032  1-4 EEL =      6203.2347  VDWAALS    =      6563.0749
 EELEC  =    -71862.2473  EHBOND  =         0.0000  RESTRAINT  =        80.5655
 EAMBER (non-restraint)  =    -55141.2126
 EKCMT  =      4888.8941  VIRIAL  =      5115.7219  VOLUME     =    182126.3946
                                                    Density    =         1.0218
 ------------------------------------------------------------------------------


 NSTEP =    36000   TIME(PS) =    1256.000  TEMP(K) =   297.73  PRESS =  -109.7
 Etot   =    -43866.7824  EKtot   =     11111.7158  EPtot      =    -54978.4982
 BOND   =       370.0734  ANGLE   =       967.0359  DIHED      =      2159.7938
 1-4 NB =       446.2276  1-4 EEL =      6166.7043  VDWAALS    =      6494.6835
 EELEC  =    -71660.6919  EHBOND  =         0.0000  RESTRAINT  =        77.6752
 EAMBER (non-restraint)  =    -55056.1735
 EKCMT  =      4858.7831  VIRIAL  =      5290.7203  VOLUME     =    182318.2287
                                                    Density    =         1.0208
 ------------------------------------------------------------------------------


 NSTEP =    36500   TIME(PS) =    1257.000  TEMP(K) =   303.15  PRESS =    82.1
 Etot   =    -43974.4229  EKtot   =     11313.9980  EPtot      =    -55288.4209
 BOND   =       378.0344  ANGLE   =       967.7945  DIHED      =      2145.1926
 1-4 NB =       440.4597  1-4 EEL =      6162.0828  VDWAALS    =      6629.4771
 EELEC  =    -72087.1977  EHBOND  =         0.0000  RESTRAINT  =        75.7356
 EAMBER (non-restraint)  =    -55364.1565
 EKCMT  =      4977.3031  VIRIAL  =      4654.3682  VOLUME     =    182251.3709
                                                    Density    =         1.0211
 ------------------------------------------------------------------------------


 NSTEP =    37000   TIME(PS) =    1258.000  TEMP(K) =   298.71  PRESS =   208.9
 Etot   =    -43885.4918  EKtot   =     11148.1572  EPtot      =    -55033.6490
 BOND   =       384.8950  ANGLE   =      1032.8176  DIHED      =      2164.6184
 1-4 NB =       448.1257  1-4 EEL =      6208.6725  VDWAALS    =      6743.9754
 EELEC  =    -72093.7186  EHBOND  =         0.0000  RESTRAINT  =        76.9650
 EAMBER (non-restraint)  =    -55110.6140
 EKCMT  =      4864.7136  VIRIAL  =      4042.9419  VOLUME     =    182228.6085
                                                    Density    =         1.0213
 ------------------------------------------------------------------------------


 NSTEP =    37500   TIME(PS) =    1259.000  TEMP(K) =   294.99  PRESS =   233.8
 Etot   =    -44019.7564  EKtot   =     11009.6367  EPtot      =    -55029.3931
 BOND   =       354.1183  ANGLE   =      1029.6725  DIHED      =      2134.8320
 1-4 NB =       447.3370  1-4 EEL =      6190.5670  VDWAALS    =      6668.9068
 EELEC  =    -71938.3255  EHBOND  =         0.0000  RESTRAINT  =        83.4986
 EAMBER (non-restraint)  =    -55112.8918
 EKCMT  =      4794.6616  VIRIAL  =      3873.7617  VOLUME     =    182427.1273
                                                    Density    =         1.0201
 ------------------------------------------------------------------------------


 NSTEP =    38000   TIME(PS) =    1260.000  TEMP(K) =   296.98  PRESS =   266.5
 Etot   =    -43970.7719  EKtot   =     11083.6729  EPtot      =    -55054.4447
 BOND   =       353.2916  ANGLE   =       926.1832  DIHED      =      2172.6070
 1-4 NB =       456.1759  1-4 EEL =      6214.7782  VDWAALS    =      6807.9391
 EELEC  =    -72067.1105  EHBOND  =         0.0000  RESTRAINT  =        81.6907
 EAMBER (non-restraint)  =    -55136.1355
 EKCMT  =      4900.6875  VIRIAL  =      3850.3622  VOLUME     =    182543.0277
                                                    Density    =         1.0195
 ------------------------------------------------------------------------------


 NSTEP =    38500   TIME(PS) =    1261.000  TEMP(K) =   300.42  PRESS =  -245.1
 Etot   =    -43974.5265  EKtot   =     11212.1279  EPtot      =    -55186.6545
 BOND   =       360.7515  ANGLE   =       956.6341  DIHED      =      2190.8468
 1-4 NB =       442.2757  1-4 EEL =      6191.6427  VDWAALS    =      6593.5677
 EELEC  =    -72002.3190  EHBOND  =         0.0000  RESTRAINT  =        79.9459
 EAMBER (non-restraint)  =    -55266.6004
 EKCMT  =      4888.2074  VIRIAL  =      5854.0154  VOLUME     =    182510.3189
                                                    Density    =         1.0197
 ------------------------------------------------------------------------------


 NSTEP =    39000   TIME(PS) =    1262.000  TEMP(K) =   301.66  PRESS =   114.0
 Etot   =    -44018.6338  EKtot   =     11258.3066  EPtot      =    -55276.9404
 BOND   =       371.1482  ANGLE   =       979.6517  DIHED      =      2178.3246
 1-4 NB =       445.0019  1-4 EEL =      6205.4052  VDWAALS    =      6785.7487
 EELEC  =    -72326.4777  EHBOND  =         0.0000  RESTRAINT  =        84.2569
 EAMBER (non-restraint)  =    -55361.1974
 EKCMT  =      4932.6541  VIRIAL  =      4483.1071  VOLUME     =    182650.3516
                                                    Density    =         1.0189
 ------------------------------------------------------------------------------


 NSTEP =    39500   TIME(PS) =    1263.000  TEMP(K) =   303.12  PRESS =    92.0
 Etot   =    -43731.0332  EKtot   =     11312.7529  EPtot      =    -55043.7862
 BOND   =       347.7563  ANGLE   =       954.1649  DIHED      =      2161.4147
 1-4 NB =       437.1371  1-4 EEL =      6209.3877  VDWAALS    =      6561.1174
 EELEC  =    -71793.9098  EHBOND  =         0.0000  RESTRAINT  =        79.1457
 EAMBER (non-restraint)  =    -55122.9318
 EKCMT  =      5003.8423  VIRIAL  =      4640.7861  VOLUME     =    182777.3805
                                                    Density    =         1.0182
 ------------------------------------------------------------------------------


 NSTEP =    40000   TIME(PS) =    1264.000  TEMP(K) =   299.20  PRESS =  -324.5
 Etot   =    -43823.7390  EKtot   =     11166.6768  EPtot      =    -54990.4158
 BOND   =       352.1385  ANGLE   =       982.6338  DIHED      =      2155.4748
 1-4 NB =       439.3934  1-4 EEL =      6162.0409  VDWAALS    =      6635.1240
 EELEC  =    -71798.3696  EHBOND  =         0.0000  RESTRAINT  =        81.1485
 EAMBER (non-restraint)  =    -55071.5642
 EKCMT  =      4913.5030  VIRIAL  =      6192.0574  VOLUME     =    182470.3598
                                                    Density    =         1.0199
 ------------------------------------------------------------------------------


 NSTEP =    40500   TIME(PS) =    1265.000  TEMP(K) =   298.17  PRESS =   373.0
 Etot   =    -44004.9155  EKtot   =     11128.1172  EPtot      =    -55133.0327
 BOND   =       315.9420  ANGLE   =      1007.7510  DIHED      =      2148.7985
 1-4 NB =       443.6196  1-4 EEL =      6202.3472  VDWAALS    =      6775.4870
 EELEC  =    -72108.3283  EHBOND  =         0.0000  RESTRAINT  =        81.3503
 EAMBER (non-restraint)  =    -55214.3830
 EKCMT  =      4857.7079  VIRIAL  =      3391.9468  VOLUME     =    181982.4939
                                                    Density    =         1.0226
 ------------------------------------------------------------------------------


 NSTEP =    41000   TIME(PS) =    1266.000  TEMP(K) =   297.54  PRESS =   284.4
 Etot   =    -43983.7408  EKtot   =     11104.5283  EPtot      =    -55088.2691
 BOND   =       343.1156  ANGLE   =       965.9572  DIHED      =      2156.5033
 1-4 NB =       462.6171  1-4 EEL =      6203.9804  VDWAALS    =      6640.7687
 EELEC  =    -71937.0409  EHBOND  =         0.0000  RESTRAINT  =        75.8295
 EAMBER (non-restraint)  =    -55164.0986
 EKCMT  =      4907.5485  VIRIAL  =      3786.0291  VOLUME     =    182647.2885
                                                    Density    =         1.0189
 ------------------------------------------------------------------------------


 NSTEP =    41500   TIME(PS) =    1267.000  TEMP(K) =   301.56  PRESS =  -205.4
 Etot   =    -44017.1455  EKtot   =     11254.8359  EPtot      =    -55271.9815
 BOND   =       335.8707  ANGLE   =       919.7942  DIHED      =      2154.3953
 1-4 NB =       454.1305  1-4 EEL =      6206.9815  VDWAALS    =      6487.6951
 EELEC  =    -71913.5436  EHBOND  =         0.0000  RESTRAINT  =        82.6948
 EAMBER (non-restraint)  =    -55354.6763
 EKCMT  =      4926.5614  VIRIAL  =      5736.5699  VOLUME     =    182668.3172
                                                    Density    =         1.0188
 ------------------------------------------------------------------------------


 NSTEP =    42000   TIME(PS) =    1268.000  TEMP(K) =   299.49  PRESS =    52.7
 Etot   =    -43796.3925  EKtot   =     11177.3818  EPtot      =    -54973.7744
 BOND   =       355.8954  ANGLE   =       965.6157  DIHED      =      2158.4322
 1-4 NB =       441.7600  1-4 EEL =      6190.2737  VDWAALS    =      6644.8932
 EELEC  =    -71811.7931  EHBOND  =         0.0000  RESTRAINT  =        81.1485
 EAMBER (non-restraint)  =    -55054.9229
 EKCMT  =      4796.2666  VIRIAL  =      4588.7372  VOLUME     =    182386.1615
                                                    Density    =         1.0204
 ------------------------------------------------------------------------------


 NSTEP =    42500   TIME(PS) =    1269.000  TEMP(K) =   302.33  PRESS =    20.0
 Etot   =    -43795.8538  EKtot   =     11283.2617  EPtot      =    -55079.1155
 BOND   =       336.0858  ANGLE   =      1002.3068  DIHED      =      2146.4883
 1-4 NB =       447.3771  1-4 EEL =      6217.9275  VDWAALS    =      6689.7110
 EELEC  =    -71993.7476  EHBOND  =         0.0000  RESTRAINT  =        74.7356
 EAMBER (non-restraint)  =    -55153.8511
 EKCMT  =      4881.2890  VIRIAL  =      4802.6708  VOLUME     =    182437.8040
                                                    Density    =         1.0201
 ------------------------------------------------------------------------------


 NSTEP =    43000   TIME(PS) =    1270.000  TEMP(K) =   298.13  PRESS =   142.0
 Etot   =    -43902.6647  EKtot   =     11126.5391  EPtot      =    -55029.2038
 BOND   =       323.2209  ANGLE   =       985.7953  DIHED      =      2130.8415
 1-4 NB =       445.9026  1-4 EEL =      6223.1623  VDWAALS    =      6650.9009
 EELEC  =    -71881.1455  EHBOND  =         0.0000  RESTRAINT  =        92.1183
 EAMBER (non-restraint)  =    -55121.3220
 EKCMT  =      4800.6283  VIRIAL  =      4241.0982  VOLUME     =    182502.2305
                                                    Density    =         1.0197
 ------------------------------------------------------------------------------


 NSTEP =    43500   TIME(PS) =    1271.000  TEMP(K) =   297.36  PRESS =   -64.4
 Etot   =    -43721.6856  EKtot   =     11097.7607  EPtot      =    -54819.4463
 BOND   =       314.0334  ANGLE   =       967.6569  DIHED      =      2147.5719
 1-4 NB =       453.2635  1-4 EEL =      6248.4363  VDWAALS    =      6519.7618
 EELEC  =    -71564.8621  EHBOND  =         0.0000  RESTRAINT  =        94.6920
 EAMBER (non-restraint)  =    -54914.1383
 EKCMT  =      4885.6056  VIRIAL  =      5139.1693  VOLUME     =    182263.5277
                                                    Density    =         1.0211
 ------------------------------------------------------------------------------


 NSTEP =    44000   TIME(PS) =    1272.000  TEMP(K) =   298.20  PRESS =   -77.0
 Etot   =    -43942.3046  EKtot   =     11129.2881  EPtot      =    -55071.5927
 BOND   =       359.1754  ANGLE   =      1032.4815  DIHED      =      2157.7160
 1-4 NB =       440.5735  1-4 EEL =      6153.4215  VDWAALS    =      6595.9218
 EELEC  =    -71896.3808  EHBOND  =         0.0000  RESTRAINT  =        85.4984
 EAMBER (non-restraint)  =    -55157.0910
 EKCMT  =      4916.1268  VIRIAL  =      5219.4107  VOLUME     =    182312.6878
                                                    Density    =         1.0208
 ------------------------------------------------------------------------------


 NSTEP =    44500   TIME(PS) =    1273.000  TEMP(K) =   300.78  PRESS =  -134.1
 Etot   =    -43775.9258  EKtot   =     11225.6611  EPtot      =    -55001.5869
 BOND   =       338.6875  ANGLE   =       964.4419  DIHED      =      2161.5160
 1-4 NB =       453.6573  1-4 EEL =      6213.2791  VDWAALS    =      6507.9714
 EELEC  =    -71717.7723  EHBOND  =         0.0000  RESTRAINT  =        76.6321
 EAMBER (non-restraint)  =    -55078.2190
 EKCMT  =      4922.9075  VIRIAL  =      5451.0455  VOLUME     =    182402.3120
                                                    Density    =         1.0203
 ------------------------------------------------------------------------------


 NSTEP =    45000   TIME(PS) =    1274.000  TEMP(K) =   302.86  PRESS =   204.1
 Etot   =    -43988.8839  EKtot   =     11303.3340  EPtot      =    -55292.2179
 BOND   =       348.7749  ANGLE   =       925.2571  DIHED      =      2148.8285
 1-4 NB =       438.2829  1-4 EEL =      6192.4869  VDWAALS    =      6743.1449
 EELEC  =    -72165.8217  EHBOND  =         0.0000  RESTRAINT  =        76.8285
 EAMBER (non-restraint)  =    -55369.0465
 EKCMT  =      4918.8292  VIRIAL  =      4116.2657  VOLUME     =    182137.5477
                                                    Density    =         1.0218
 ------------------------------------------------------------------------------


 NSTEP =    45500   TIME(PS) =    1275.000  TEMP(K) =   298.20  PRESS =    88.1
 Etot   =    -44019.6821  EKtot   =     11129.3105  EPtot      =    -55148.9926
 BOND   =       340.8158  ANGLE   =       991.4354  DIHED      =      2143.6870
 1-4 NB =       450.3016  1-4 EEL =      6190.3559  VDWAALS    =      6684.3750
 EELEC  =    -72033.0990  EHBOND  =         0.0000  RESTRAINT  =        83.1357
 EAMBER (non-restraint)  =    -55232.1283
 EKCMT  =      4895.8425  VIRIAL  =      4550.0949  VOLUME     =    181802.8453
                                                    Density    =         1.0236
 ------------------------------------------------------------------------------


 NSTEP =    46000   TIME(PS) =    1276.000  TEMP(K) =   298.02  PRESS =   198.2
 Etot   =    -43900.7884  EKtot   =     11122.4619  EPtot      =    -55023.2503
 BOND   =       339.5981  ANGLE   =       928.6781  DIHED      =      2177.2454
 1-4 NB =       449.9952  1-4 EEL =      6212.1101  VDWAALS    =      6699.9445
 EELEC  =    -71908.3395  EHBOND  =         0.0000  RESTRAINT  =        77.5180
 EAMBER (non-restraint)  =    -55100.7683
 EKCMT  =      4960.7176  VIRIAL  =      4179.8893  VOLUME     =    182462.5262
                                                    Density    =         1.0199
 ------------------------------------------------------------------------------


 NSTEP =    46500   TIME(PS) =    1277.000  TEMP(K) =   301.17  PRESS =   155.6
 Etot   =    -43719.8584  EKtot   =     11239.9980  EPtot      =    -54959.8564
 BOND   =       332.6681  ANGLE   =       955.9841  DIHED      =      2162.8534
 1-4 NB =       451.3258  1-4 EEL =      6187.2534  VDWAALS    =      6660.1536
 EELEC  =    -71787.6192  EHBOND  =         0.0000  RESTRAINT  =        77.5243
 EAMBER (non-restraint)  =    -55037.3808
 EKCMT  =      4979.3282  VIRIAL  =      4364.6025  VOLUME     =    182964.5277
                                                    Density    =         1.0171
 ------------------------------------------------------------------------------


 NSTEP =    47000   TIME(PS) =    1278.000  TEMP(K) =   304.10  PRESS =   -49.7
 Etot   =    -43737.7846  EKtot   =     11349.3369  EPtot      =    -55087.1216
 BOND   =       340.2603  ANGLE   =       916.4810  DIHED      =      2175.1430
 1-4 NB =       449.8881  1-4 EEL =      6192.5123  VDWAALS    =      6565.3963
 EELEC  =    -71807.2748  EHBOND  =         0.0000  RESTRAINT  =        80.4722
 EAMBER (non-restraint)  =    -55167.5938
 EKCMT  =      4954.2955  VIRIAL  =      5150.1700  VOLUME     =    182687.6062
                                                    Density    =         1.0187
 ------------------------------------------------------------------------------


 NSTEP =    47500   TIME(PS) =    1279.000  TEMP(K) =   300.51  PRESS =    33.2
 Etot   =    -43878.2027  EKtot   =     11215.3340  EPtot      =    -55093.5367
 BOND   =       328.8623  ANGLE   =       980.1902  DIHED      =      2182.3371
 1-4 NB =       440.3921  1-4 EEL =      6195.3295  VDWAALS    =      6616.3914
 EELEC  =    -71918.4183  EHBOND  =         0.0000  RESTRAINT  =        81.3790
 EAMBER (non-restraint)  =    -55174.9157
 EKCMT  =      4837.6973  VIRIAL  =      4706.6783  VOLUME     =    182503.7264
                                                    Density    =         1.0197
 ------------------------------------------------------------------------------


 NSTEP =    48000   TIME(PS) =    1280.000  TEMP(K) =   299.04  PRESS =   100.3
 Etot   =    -43838.1402  EKtot   =     11160.7773  EPtot      =    -54998.9176
 BOND   =       329.3016  ANGLE   =       967.0336  DIHED      =      2162.5561
 1-4 NB =       451.3081  1-4 EEL =      6152.8641  VDWAALS    =      6608.9327
 EELEC  =    -71757.0624  EHBOND  =         0.0000  RESTRAINT  =        86.1487
 EAMBER (non-restraint)  =    -55085.0662
 EKCMT  =      4853.1197  VIRIAL  =      4457.9340  VOLUME     =    182409.5308
                                                    Density    =         1.0202
 ------------------------------------------------------------------------------


 NSTEP =    48500   TIME(PS) =    1281.000  TEMP(K) =   299.40  PRESS =  -238.8
 Etot   =    -43744.2014  EKtot   =     11173.9023  EPtot      =    -54918.1038
 BOND   =       358.3289  ANGLE   =      1001.3150  DIHED      =      2159.5268
 1-4 NB =       445.9712  1-4 EEL =      6186.7471  VDWAALS    =      6548.4410
 EELEC  =    -71695.5941  EHBOND  =         0.0000  RESTRAINT  =        77.1603
 EAMBER (non-restraint)  =    -54995.2641
 EKCMT  =      4906.7947  VIRIAL  =      5846.7966  VOLUME     =    182333.9765
                                                    Density    =         1.0207
 ------------------------------------------------------------------------------


 NSTEP =    49000   TIME(PS) =    1282.000  TEMP(K) =   298.40  PRESS =   -71.4
 Etot   =    -44093.9395  EKtot   =     11136.8760  EPtot      =    -55230.8155
 BOND   =       334.3042  ANGLE   =      1000.6907  DIHED      =      2153.5517
 1-4 NB =       457.2793  1-4 EEL =      6184.5023  VDWAALS    =      6676.3208
 EELEC  =    -72111.0780  EHBOND  =         0.0000  RESTRAINT  =        73.6135
 EAMBER (non-restraint)  =    -55304.4290
 EKCMT  =      4903.9896  VIRIAL  =      5185.1692  VOLUME     =    182276.5810
                                                    Density    =         1.0210
 ------------------------------------------------------------------------------


 NSTEP =    49500   TIME(PS) =    1283.000  TEMP(K) =   298.06  PRESS =  -192.7
 Etot   =    -43802.0639  EKtot   =     11124.0117  EPtot      =    -54926.0756
 BOND   =       351.3565  ANGLE   =      1029.8671  DIHED      =      2167.7417
 1-4 NB =       439.6427  1-4 EEL =      6141.1904  VDWAALS    =      6578.2276
 EELEC  =    -71714.1165  EHBOND  =         0.0000  RESTRAINT  =        80.0149
 EAMBER (non-restraint)  =    -55006.0905
 EKCMT  =      4868.4473  VIRIAL  =      5628.2924  VOLUME     =    182591.2232
                                                    Density    =         1.0192
 ------------------------------------------------------------------------------


 NSTEP =    50000   TIME(PS) =    1284.000  TEMP(K) =   299.46  PRESS =    -3.5
 Etot   =    -43943.2636  EKtot   =     11176.3525  EPtot      =    -55119.6162
 BOND   =       340.5896  ANGLE   =       986.7018  DIHED      =      2150.6495
 1-4 NB =       442.6833  1-4 EEL =      6159.2673  VDWAALS    =      6621.8469
 EELEC  =    -71908.9458  EHBOND  =         0.0000  RESTRAINT  =        87.5914
 EAMBER (non-restraint)  =    -55207.2075
 EKCMT  =      4937.0721  VIRIAL  =      4950.8649  VOLUME     =    182702.2395
                                                    Density    =         1.0186
 ------------------------------------------------------------------------------


      A V E R A G E S   O V E R     100 S T E P S


 NSTEP =    50000   TIME(PS) =    1284.000  TEMP(K) =   300.05  PRESS =     8.4
 Etot   =    -43878.9558  EKtot   =     11198.4342  EPtot      =    -55077.3900
 BOND   =       348.3674  ANGLE   =       979.7046  DIHED      =      2157.8225
 1-4 NB =       445.6299  1-4 EEL =      6191.4193  VDWAALS    =      6619.6880
 EELEC  =    -71901.3335  EHBOND  =         0.0000  RESTRAINT  =        81.3119
 EAMBER (non-restraint)  =    -55158.7019
 EKCMT  =      4904.8379  VIRIAL  =      4871.9551  VOLUME     =    182368.3477
                                                    Density    =         1.0205
 ------------------------------------------------------------------------------


      R M S  F L U C T U A T I O N S


 NSTEP =    50000   TIME(PS) =    1284.000  TEMP(K) =     2.29  PRESS =   161.9
 Etot   =       125.5685  EKtot   =        85.3392  EPtot      =       111.1906
 BOND   =        15.0529  ANGLE   =        25.9889  DIHED      =        12.6016
 1-4 NB =         8.2503  1-4 EEL =        24.1160  VDWAALS    =        94.4945
 EELEC  =       168.5722  EHBOND  =         0.0000  RESTRAINT  =         4.9384
 EAMBER (non-restraint)  =       106.2522
 EKCMT  =        48.1810  VIRIAL  =       636.9032  VOLUME     =       390.4692
                                                    Density    =         0.0022
 ------------------------------------------------------------------------------

--------------------------------------------------------------------------------
   5.  TIMINGS
--------------------------------------------------------------------------------

|  NonSetup CPU Time in Major Routines:
|
|     Routine           Sec        %
|     ------------------------------
|     Nonbond          89.76   87.18
|     Bond              0.00    0.00
|     Angle             0.00    0.00
|     Dihedral          0.00    0.00
|     Shake             0.30    0.29
|     RunMD            12.86   12.49
|     Other             0.04    0.03
|     ------------------------------
|     Total           102.96

|  PME Nonbond Pairlist CPU Time:
|
|     Routine              Sec        %
|     ---------------------------------
|     Set Up Cit           0.00    0.00
|     Build List           0.00    0.00
|     ---------------------------------
|     Total                0.00    0.00

|  PME Direct Force CPU Time:
|
|     Routine              Sec        %
|     ---------------------------------
|     NonBonded Calc       0.00    0.00
|     Exclude Masked       0.00    0.00
|     Other                0.02    0.02
|     ---------------------------------
|     Total                0.02    0.02

|  PME Reciprocal Force CPU Time:
|
|     Routine              Sec        %
|     ---------------------------------
|     1D bspline           0.00    0.00
|     Grid Charges         0.00    0.00
|     Scalar Sum           0.00    0.00
|     Gradient Sum         0.00    0.00
|     FFT                  0.00    0.00
|     ---------------------------------
|     Total                0.00    0.00

|  Final Performance Info:
|     -----------------------------------------------------
|     Average timings for last   20500 steps:
|     Elapsed(s) =      42.22 Per Step(ms) =       2.06
|         ns/day =      83.91   seconds/ns =    1029.68
|
|     Average timings for all steps:
|     Elapsed(s) =     102.97 Per Step(ms) =       2.06
|         ns/day =      83.91   seconds/ns =    1029.71
|     -----------------------------------------------------

|  Setup CPU time:            0.44 seconds
|  NonSetup CPU time:       102.96 seconds
|  Total CPU time:          103.40 seconds     0.03 hours

|  Setup wall time:           1    seconds
|  NonSetup wall time:      103    seconds
|  Total wall time:         104    seconds     0.03 hours
