
          -------------------------------------------------------
          Amber 16 PMEMD                              2016
          -------------------------------------------------------

| PMEMD implementation of SANDER, Release 16

| Run on 07/04/2017 at 00:51:54

|   Executable path: pmemd.cuda
| Working directory: /home/german/obp/run/mu_ctv/mhe/e
|          Hostname: Unknown
  [-O]verwriting output

File Assignments:
|   MDIN: 14equ.in                                                              
|  MDOUT: 14equ.out                                                             
| INPCRD: 13emu_ctv.rst7                                                        
|   PARM: /home/german/obp/top_files/mu_ctv.prmtop                              
| RESTRT: 14emu_ctv.rst7                                                        
|   REFC: 13emu_ctv.rst7                                                        
|  MDVEL: mdvel                                                                 
|   MDEN: mden                                                                  
|  MDCRD: 14emu_ctv.nc                                                          
| MDINFO: mdinfo                                                                
|  MDFRC: mdfrc                                                                 


 Here is the input file:

Equilibration with solute restrictions                                         
&cntrl                                                                         
imin = 0,                           ! No Minimization                          
nmropt = 0,                         ! No NMR restraints read                   
                                                                               
! Nature and format of the input                                               
ntx = 5,                            ! Coordinates but no velocities will be rea
irest = 1,                          ! Do not run a new simulation              
                                                                               
! Nature and format of the output                                              
ntxo = 1,                           ! rstrt file in ASCII format               
ntpr = 500,                         ! inf in output every ntpr steps           
ntwr = 500,                         ! rstrt file every ntwr steps              
ntwx = 500,                         ! mdcrd file every ntwx steps              
ntwv = 0,                           ! mdvel without velocities                 
ntwe = 0,                           ! Energies and temperatures not written in 
idecomp = 0,                        ! No energy decomposition                  
iwrap = 1,                          ! Coordinates of the restart and mdcrd file
                                                                               
! Frozen or restrained atoms                                                   
ibelly = 0,                         ! No frozen atoms                          
ntr=1,                              ! Harmonic potential restraints            
restraint_wt = 2.5,                ! The weight for the positional restraints  
restraintmask = ':1-120@N,CA,C,O',  ! restrained residues                      
                                                                               
! Molecular dynamics                                                           
nstlim = 50000,                     ! Number of MD-steps                       
dt = 0.002,                         ! Time step                                
                                                                               
! Temperature regulation                                                       
ntt = 3,                            ! Langevin thermostat                      
gamma_ln = 5,                       ! Gamma constant for Langevin              
!temp0 = 300.0,                     ! Reference T at which the system is to be 
tempi = 300.0,                      ! Initial T                                
ig = -1,                            ! Seed for the RNG                         
                                                                               
! P and V regulation                                                           
ntp = 1,                            ! Constant P. Isotropic scaling            
barostat = 1,                       ! Berendsen barostat                       
taup = 1,                           ! Pressure relaxation time                 
nrespa = 1,                         ! Evaluate at each step                    
ntb = 2,                            ! Periodic box for constant P              
                                                                               
! SHAKE variables                                                              
ntc = 2,                            ! Bonds involving H are constrained        
ntf = 2,                            ! Bond interaction involving H are ommited.
                                                                               
cut = 10.0,                         ! Nonbonded cutoff                         
/                                                                              
&end                                                                           


Note: ig = -1. Setting random seed to   510276 based on wallclock time in 
      microseconds.
 
|--------------------- INFORMATION ----------------------
| GPU (CUDA) Version of PMEMD in use: NVIDIA GPU IN USE.
|                    Version 16.0.0
| 
|                      02/25/2016
| 
| Implementation by:
|                    Ross C. Walker     (SDSC)
|                    Scott Le Grand     (nVIDIA)
| 
| Precision model in use:
|      [SPFP] - Single Precision Forces, 64-bit Fixed Point
|               Accumulation. (Default)
| 
|--------------------------------------------------------
 
|----------------- CITATION INFORMATION -----------------
|
|    When publishing work that utilized the CUDA version
|    of AMBER, please cite the following in addition to
|    the regular AMBER citations:
|
|  - Romelia Salomon-Ferrer; Andreas W. Goetz; Duncan
|    Poole; Scott Le Grand; Ross C. Walker "Routine
|    microsecond molecular dynamics simulations with
|    AMBER - Part II: Particle Mesh Ewald", J. Chem.
|    Theory Comput., 2013, 9 (9), pp3878-3888,
|    DOI: 10.1021/ct400314y.
|
|  - Andreas W. Goetz; Mark J. Williamson; Dong Xu;
|    Duncan Poole; Scott Le Grand; Ross C. Walker
|    "Routine microsecond molecular dynamics simulations
|    with AMBER - Part I: Generalized Born", J. Chem.
|    Theory Comput., 2012, 8 (5), pp1542-1555.
|
|  - Scott Le Grand; Andreas W. Goetz; Ross C. Walker
|    "SPFP: Speed without compromise - a mixed precision
|    model for GPU accelerated molecular dynamics
|    simulations.", Comp. Phys. Comm., 2013, 184
|    pp374-380, DOI: 10.1016/j.cpc.2012.09.022
|
|--------------------------------------------------------
 
|------------------- GPU DEVICE INFO --------------------
|
|            CUDA_VISIBLE_DEVICES: 0
|   CUDA Capable Devices Detected:      1
|           CUDA Device ID in use:      0
|                CUDA Device Name: GeForce GTX 1060 6GB
|     CUDA Device Global Mem Size:   6072 MB
| CUDA Device Num Multiprocessors:     10
|           CUDA Device Core Freq:   1.76 GHz
|
|--------------------------------------------------------
 
 
| Conditional Compilation Defines Used:
| PUBFFT
| BINTRAJ
| CUDA
| EMIL

| Largest sphere to fit in unit cell has radius =    26.304

| New format PARM file being parsed.
| Version =    1.000 Date = 02/24/15 Time = 11:42:17

| Note: 1-4 EEL scale factors are being read from the topology file.

| Note: 1-4 VDW scale factors are being read from the topology file.
| Duplicated    0 dihedrals

| Duplicated    0 dihedrals

--------------------------------------------------------------------------------
   1.  RESOURCE   USE: 
--------------------------------------------------------------------------------

 getting new box info from bottom of inpcrd
 NATOM  =   18306 NTYPES =      18 NBONH =   17356 MBONA  =     953
 NTHETH =    2237 MTHETA =    1278 NPHIH =    4342 MPHIA  =    4359
 NHPARM =       0 NPARM  =       0 NNB   =   32466 NRES   =    5584
 NBONA  =     953 NTHETA =    1278 NPHIA =    4359 NUMBND =      69
 NUMANG =     147 NPTRA  =     245 NATYP =      40 NPHB   =       1
 IFBOX  =       1 NMXRS  =      26 IFCAP =       0 NEXTRA =       0
 NCOPY  =       0

| Coordinate Index Table dimensions:    10   11    9
| Direct force subcell size =     5.5812    5.6504    5.8453

     BOX TYPE: RECTILINEAR

--------------------------------------------------------------------------------
   2.  CONTROL  DATA  FOR  THE  RUN
--------------------------------------------------------------------------------

default_name                                                                    

General flags:
     imin    =       0, nmropt  =       0

Nature and format of input:
     ntx     =       5, irest   =       1, ntrx    =       1

Nature and format of output:
     ntxo    =       1, ntpr    =     500, ntrx    =       1, ntwr    =     500
     iwrap   =       1, ntwx    =     500, ntwv    =       0, ntwe    =       0
     ioutfm  =       1, ntwprt  =       0, idecomp =       0, rbornstat=      0

Potential function:
     ntf     =       2, ntb     =       2, igb     =       0, nsnb    =      25
     ipol    =       0, gbsa    =       0, iesp    =       0
     dielc   =   1.00000, cut     =  10.00000, intdiel =   1.00000

Frozen or restrained atoms:
     ibelly  =       0, ntr     =       1
     restraint_wt =   2.50000

Molecular dynamics:
     nstlim  =     50000, nscm    =         0, nrespa  =         1
     t       =   0.00000, dt      =   0.00200, vlimit  =  -1.00000

Langevin dynamics temperature regulation:
     ig      =  510276
     temp0   = 300.00000, tempi   = 300.00000, gamma_ln=   5.00000

Pressure regulation:
     ntp     =       1
     pres0   =   1.00000, comp    =  44.60000, taup    =   1.00000

SHAKE:
     ntc     =       2, jfastw  =       0
     tol     =   0.00001

| Intermolecular bonds treatment:
|     no_intermolecular_bonds =       1

| Energy averages sample interval:
|     ene_avg_sampling =     500

Ewald parameters:
     verbose =       0, ew_type =       0, nbflag  =       1, use_pme =       1
     vdwmeth =       1, eedmeth =       1, netfrc  =       1
     Box X =   55.812   Box Y =   62.155   Box Z =   52.607
     Alpha =   90.000   Beta  =   90.000   Gamma =   90.000
     NFFT1 =   56       NFFT2 =   64       NFFT3 =   56
     Cutoff=   10.000   Tol   =0.100E-04
     Ewald Coefficient =  0.27511
     Interpolation order =    4

    LOADING THE CONSTRAINED ATOMS AS GROUPS


   5.  REFERENCE ATOM COORDINATES

  default_name                                                                    
     Mask :1-120@N,CA,C,O; matches   476 atoms

--------------------------------------------------------------------------------
   3.  ATOMIC COORDINATES AND VELOCITIES
--------------------------------------------------------------------------------

default_name                                                                    
 begin time read from input coords =  1384.000 ps

 
 Number of triangulated 3-point waters found:     5461

     Sum of charges from parm topology file =   0.00000094
     Forcing neutrality...

| Dynamic Memory, Types Used:
| Reals              924858
| Integers           642951

| Nonbonded Pairs Initial Allocation:     5537107

| GPU memory information (estimate):
| KB of GPU memory in use:    116750
| KB of CPU memory in use:     23942

--------------------------------------------------------------------------------
   4.  RESULTS
--------------------------------------------------------------------------------

 ---------------------------------------------------
 APPROXIMATING switch and d/dx switch using CUBIC SPLINE INTERPOLATION
 using   5000.0 points per unit in tabled values
 TESTING RELATIVE ERROR over r ranging from 0.0 to cutoff
| CHECK switch(x): max rel err =   0.2738E-14   at   2.422500
| CHECK d/dx switch(x): max rel err =   0.8314E-11   at   2.736960
 ---------------------------------------------------
|---------------------------------------------------
| APPROXIMATING direct energy using CUBIC SPLINE INTERPOLATION
|  with   50.0 points per unit in tabled values
| Relative Error Limit not exceeded for r .gt.   2.33
| APPROXIMATING direct force using CUBIC SPLINE INTERPOLATION
|  with   50.0 points per unit in tabled values
| Relative Error Limit not exceeded for r .gt.   2.80
|---------------------------------------------------

 NSTEP =      500   TIME(PS) =    1385.000  TEMP(K) =   300.67  PRESS =   -49.9
 Etot   =    -43913.1343  EKtot   =     11221.5020  EPtot      =    -55134.6362
 BOND   =       367.5849  ANGLE   =      1011.0506  DIHED      =      2157.5379
 1-4 NB =       447.3049  1-4 EEL =      6206.1188  VDWAALS    =      6667.1156
 EELEC  =    -72060.8468  EHBOND  =         0.0000  RESTRAINT  =        69.4979
 EAMBER (non-restraint)  =    -55204.1341
 EKCMT  =      4921.6328  VIRIAL  =      5118.4231  VOLUME     =    182708.2040
                                                    Density    =         1.0186
 ------------------------------------------------------------------------------


 NSTEP =     1000   TIME(PS) =    1386.000  TEMP(K) =   297.81  PRESS =   152.9
 Etot   =    -44003.6667  EKtot   =     11114.5215  EPtot      =    -55118.1882
 BOND   =       352.7504  ANGLE   =      1009.5451  DIHED      =      2171.1829
 1-4 NB =       447.1581  1-4 EEL =      6193.2972  VDWAALS    =      6757.5149
 EELEC  =    -72106.8717  EHBOND  =         0.0000  RESTRAINT  =        57.2349
 EAMBER (non-restraint)  =    -55175.4231
 EKCMT  =      4821.7602  VIRIAL  =      4221.2431  VOLUME     =    181960.4646
                                                    Density    =         1.0228
 ------------------------------------------------------------------------------


 NSTEP =     1500   TIME(PS) =    1387.000  TEMP(K) =   301.99  PRESS =    62.8
 Etot   =    -43859.5205  EKtot   =     11270.5771  EPtot      =    -55130.0976
 BOND   =       340.6812  ANGLE   =       985.7327  DIHED      =      2170.4012
 1-4 NB =       442.2877  1-4 EEL =      6199.9530  VDWAALS    =      6492.4862
 EELEC  =    -71831.4007  EHBOND  =         0.0000  RESTRAINT  =        69.7611
 EAMBER (non-restraint)  =    -55199.8587
 EKCMT  =      4911.6192  VIRIAL  =      4665.1768  VOLUME     =    181736.3020
                                                    Density    =         1.0240
 ------------------------------------------------------------------------------


 NSTEP =     2000   TIME(PS) =    1388.000  TEMP(K) =   299.59  PRESS =  -263.0
 Etot   =    -44107.3324  EKtot   =     11181.0742  EPtot      =    -55288.4066
 BOND   =       328.4876  ANGLE   =       952.5580  DIHED      =      2180.7836
 1-4 NB =       440.2618  1-4 EEL =      6222.1275  VDWAALS    =      6430.9812
 EELEC  =    -71908.4794  EHBOND  =         0.0000  RESTRAINT  =        64.8732
 EAMBER (non-restraint)  =    -55353.2798
 EKCMT  =      4870.9233  VIRIAL  =      5899.5074  VOLUME     =    181139.9712
                                                    Density    =         1.0274
 ------------------------------------------------------------------------------


 NSTEP =     2500   TIME(PS) =    1389.000  TEMP(K) =   297.28  PRESS =   -20.4
 Etot   =    -44339.7560  EKtot   =     11095.0195  EPtot      =    -55434.7755
 BOND   =       355.1917  ANGLE   =       951.1980  DIHED      =      2155.9828
 1-4 NB =       440.0343  1-4 EEL =      6191.3792  VDWAALS    =      6745.7821
 EELEC  =    -72341.5108  EHBOND  =         0.0000  RESTRAINT  =        67.1672
 EAMBER (non-restraint)  =    -55501.9427
 EKCMT  =      4913.7782  VIRIAL  =      4993.4076  VOLUME     =    180904.3279
                                                    Density    =         1.0287
 ------------------------------------------------------------------------------


 NSTEP =     3000   TIME(PS) =    1390.000  TEMP(K) =   298.24  PRESS =    66.7
 Etot   =    -43932.6329  EKtot   =     11130.9102  EPtot      =    -55063.5431
 BOND   =       334.1384  ANGLE   =      1007.8892  DIHED      =      2152.9276
 1-4 NB =       446.5641  1-4 EEL =      6182.5196  VDWAALS    =      6503.8201
 EELEC  =    -71752.1647  EHBOND  =         0.0000  RESTRAINT  =        60.7627
 EAMBER (non-restraint)  =    -55124.3058
 EKCMT  =      4954.6020  VIRIAL  =      4693.4265  VOLUME     =    181426.3342
                                                    Density    =         1.0258
 ------------------------------------------------------------------------------


 NSTEP =     3500   TIME(PS) =    1391.000  TEMP(K) =   296.57  PRESS =   -29.5
 Etot   =    -44162.5756  EKtot   =     11068.5547  EPtot      =    -55231.1303
 BOND   =       342.8657  ANGLE   =       972.0337  DIHED      =      2176.0995
 1-4 NB =       446.5878  1-4 EEL =      6184.8130  VDWAALS    =      6621.0780
 EELEC  =    -72038.6921  EHBOND  =         0.0000  RESTRAINT  =        64.0840
 EAMBER (non-restraint)  =    -55295.2143
 EKCMT  =      4851.5506  VIRIAL  =      4967.1329  VOLUME     =    181732.9268
                                                    Density    =         1.0240
 ------------------------------------------------------------------------------


 NSTEP =     4000   TIME(PS) =    1392.000  TEMP(K) =   301.46  PRESS =     0.1
 Etot   =    -44064.7518  EKtot   =     11251.0215  EPtot      =    -55315.7733
 BOND   =       345.2418  ANGLE   =       952.9723  DIHED      =      2157.3791
 1-4 NB =       452.9315  1-4 EEL =      6187.0594  VDWAALS    =      6746.4231
 EELEC  =    -72221.5743  EHBOND  =         0.0000  RESTRAINT  =        63.7940
 EAMBER (non-restraint)  =    -55379.5672
 EKCMT  =      4926.4876  VIRIAL  =      4925.9620  VOLUME     =    182049.3276
                                                    Density    =         1.0223
 ------------------------------------------------------------------------------


 NSTEP =     4500   TIME(PS) =    1393.000  TEMP(K) =   300.58  PRESS =  -143.1
 Etot   =    -43945.0750  EKtot   =     11218.0127  EPtot      =    -55163.0877
 BOND   =       326.0707  ANGLE   =       951.7553  DIHED      =      2154.3600
 1-4 NB =       455.7817  1-4 EEL =      6177.1560  VDWAALS    =      6530.9489
 EELEC  =    -71830.6288  EHBOND  =         0.0000  RESTRAINT  =        71.4685
 EAMBER (non-restraint)  =    -55234.5561
 EKCMT  =      4897.7030  VIRIAL  =      5459.6598  VOLUME     =    181922.2928
                                                    Density    =         1.0230
 ------------------------------------------------------------------------------


 NSTEP =     5000   TIME(PS) =    1394.000  TEMP(K) =   300.55  PRESS =  -273.6
 Etot   =    -44013.6912  EKtot   =     11216.8418  EPtot      =    -55230.5330
 BOND   =       368.2016  ANGLE   =       954.8694  DIHED      =      2161.2081
 1-4 NB =       440.0633  1-4 EEL =      6189.4413  VDWAALS    =      6446.3715
 EELEC  =    -71862.2386  EHBOND  =         0.0000  RESTRAINT  =        71.5503
 EAMBER (non-restraint)  =    -55302.0833
 EKCMT  =      4841.3408  VIRIAL  =      5918.6008  VOLUME     =    182353.8399
                                                    Density    =         1.0206
 ------------------------------------------------------------------------------


 NSTEP =     5500   TIME(PS) =    1395.000  TEMP(K) =   298.71  PRESS =    15.9
 Etot   =    -43997.9842  EKtot   =     11148.3828  EPtot      =    -55146.3670
 BOND   =       357.4721  ANGLE   =       971.7710  DIHED      =      2142.6299
 1-4 NB =       460.4454  1-4 EEL =      6222.7704  VDWAALS    =      6575.4417
 EELEC  =    -71935.9339  EHBOND  =         0.0000  RESTRAINT  =        59.0364
 EAMBER (non-restraint)  =    -55205.4034
 EKCMT  =      4851.7574  VIRIAL  =      4789.1183  VOLUME     =    182424.8399
                                                    Density    =         1.0202
 ------------------------------------------------------------------------------


 NSTEP =     6000   TIME(PS) =    1396.000  TEMP(K) =   298.30  PRESS =   158.0
 Etot   =    -43895.0760  EKtot   =     11132.9414  EPtot      =    -55028.0174
 BOND   =       352.4141  ANGLE   =      1031.7299  DIHED      =      2153.8731
 1-4 NB =       448.5816  1-4 EEL =      6165.0382  VDWAALS    =      6685.0221
 EELEC  =    -71930.8591  EHBOND  =         0.0000  RESTRAINT  =        66.1829
 EAMBER (non-restraint)  =    -55094.2002
 EKCMT  =      4890.1661  VIRIAL  =      4266.7690  VOLUME     =    182691.5850
                                                    Density    =         1.0187
 ------------------------------------------------------------------------------


 NSTEP =     6500   TIME(PS) =    1397.000  TEMP(K) =   299.98  PRESS =  -150.0
 Etot   =    -43973.8727  EKtot   =     11195.8574  EPtot      =    -55169.7301
 BOND   =       342.2593  ANGLE   =       943.5453  DIHED      =      2161.6020
 1-4 NB =       455.3420  1-4 EEL =      6201.5017  VDWAALS    =      6460.0539
 EELEC  =    -71797.4893  EHBOND  =         0.0000  RESTRAINT  =        63.4550
 EAMBER (non-restraint)  =    -55233.1851
 EKCMT  =      4879.3620  VIRIAL  =      5471.2513  VOLUME     =    182756.0091
                                                    Density    =         1.0183
 ------------------------------------------------------------------------------


 NSTEP =     7000   TIME(PS) =    1398.000  TEMP(K) =   299.56  PRESS =   210.3
 Etot   =    -43873.9357  EKtot   =     11179.9062  EPtot      =    -55053.8420
 BOND   =       381.2118  ANGLE   =       943.7608  DIHED      =      2164.3319
 1-4 NB =       434.4565  1-4 EEL =      6164.8409  VDWAALS    =      6519.1662
 EELEC  =    -71725.5271  EHBOND  =         0.0000  RESTRAINT  =        63.9170
 EAMBER (non-restraint)  =    -55117.7590
 EKCMT  =      4911.0230  VIRIAL  =      4081.6662  VOLUME     =    182692.6957
                                                    Density    =         1.0187
 ------------------------------------------------------------------------------


 NSTEP =     7500   TIME(PS) =    1399.000  TEMP(K) =   297.71  PRESS =   -33.7
 Etot   =    -44193.0101  EKtot   =     11110.8857  EPtot      =    -55303.8958
 BOND   =       356.3875  ANGLE   =       940.7244  DIHED      =      2167.1373
 1-4 NB =       452.0856  1-4 EEL =      6202.5916  VDWAALS    =      6610.8590
 EELEC  =    -72092.6214  EHBOND  =         0.0000  RESTRAINT  =        58.9402
 EAMBER (non-restraint)  =    -55362.8360
 EKCMT  =      4895.3225  VIRIAL  =      5027.8077  VOLUME     =    182266.1540
                                                    Density    =         1.0210
 ------------------------------------------------------------------------------


 NSTEP =     8000   TIME(PS) =    1400.000  TEMP(K) =   299.24  PRESS =  -186.9
 Etot   =    -44036.5703  EKtot   =     11167.9824  EPtot      =    -55204.5527
 BOND   =       359.9786  ANGLE   =       953.9711  DIHED      =      2155.1557
 1-4 NB =       441.1080  1-4 EEL =      6188.7442  VDWAALS    =      6509.6402
 EELEC  =    -71873.4138  EHBOND  =         0.0000  RESTRAINT  =        60.2632
 EAMBER (non-restraint)  =    -55264.8159
 EKCMT  =      4880.2104  VIRIAL  =      5615.9246  VOLUME     =    182303.4606
                                                    Density    =         1.0208
 ------------------------------------------------------------------------------


 NSTEP =     8500   TIME(PS) =    1401.000  TEMP(K) =   303.06  PRESS =  -115.6
 Etot   =    -43862.6516  EKtot   =     11310.6123  EPtot      =    -55173.2639
 BOND   =       325.6165  ANGLE   =       916.4255  DIHED      =      2155.9374
 1-4 NB =       457.6656  1-4 EEL =      6218.7023  VDWAALS    =      6478.6878
 EELEC  =    -71785.3147  EHBOND  =         0.0000  RESTRAINT  =        59.0158
 EAMBER (non-restraint)  =    -55232.2796
 EKCMT  =      4992.9247  VIRIAL  =      5447.6533  VOLUME     =    182192.6759
                                                    Density    =         1.0215
 ------------------------------------------------------------------------------


 NSTEP =     9000   TIME(PS) =    1402.000  TEMP(K) =   299.61  PRESS =   187.9
 Etot   =    -44082.1619  EKtot   =     11182.0557  EPtot      =    -55264.2176
 BOND   =       336.4060  ANGLE   =       986.7301  DIHED      =      2152.1452
 1-4 NB =       450.7620  1-4 EEL =      6184.4150  VDWAALS    =      6677.2067
 EELEC  =    -72122.4361  EHBOND  =         0.0000  RESTRAINT  =        70.5536
 EAMBER (non-restraint)  =    -55334.7711
 EKCMT  =      4887.1330  VIRIAL  =      4149.1049  VOLUME     =    181936.7348
                                                    Density    =         1.0229
 ------------------------------------------------------------------------------


 NSTEP =     9500   TIME(PS) =    1403.000  TEMP(K) =   299.22  PRESS =    17.7
 Etot   =    -44104.4314  EKtot   =     11167.1670  EPtot      =    -55271.5983
 BOND   =       344.5872  ANGLE   =      1005.6915  DIHED      =      2145.6715
 1-4 NB =       446.8837  1-4 EEL =      6211.9357  VDWAALS    =      6613.9939
 EELEC  =    -72112.5790  EHBOND  =         0.0000  RESTRAINT  =        72.2171
 EAMBER (non-restraint)  =    -55343.8154
 EKCMT  =      4923.4038  VIRIAL  =      4853.9835  VOLUME     =    181703.7718
                                                    Density    =         1.0242
 ------------------------------------------------------------------------------


 NSTEP =    10000   TIME(PS) =    1404.000  TEMP(K) =   295.31  PRESS =   328.3
 Etot   =    -44232.5389  EKtot   =     11021.5811  EPtot      =    -55254.1200
 BOND   =       343.4901  ANGLE   =      1006.1027  DIHED      =      2123.9142
 1-4 NB =       457.2660  1-4 EEL =      6182.2662  VDWAALS    =      6742.1058
 EELEC  =    -72178.5253  EHBOND  =         0.0000  RESTRAINT  =        69.2603
 EAMBER (non-restraint)  =    -55323.3803
 EKCMT  =      4856.3280  VIRIAL  =      3568.0247  VOLUME     =    181736.7087
                                                    Density    =         1.0240
 ------------------------------------------------------------------------------


 NSTEP =    10500   TIME(PS) =    1405.000  TEMP(K) =   299.09  PRESS =   -16.3
 Etot   =    -43961.4439  EKtot   =     11162.4668  EPtot      =    -55123.9107
 BOND   =       335.1480  ANGLE   =      1030.1461  DIHED      =      2163.1477
 1-4 NB =       445.2106  1-4 EEL =      6175.3000  VDWAALS    =      6648.3286
 EELEC  =    -71986.0881  EHBOND  =         0.0000  RESTRAINT  =        64.8963
 EAMBER (non-restraint)  =    -55188.8070
 EKCMT  =      4887.8832  VIRIAL  =      4951.9800  VOLUME     =    181675.9412
                                                    Density    =         1.0244
 ------------------------------------------------------------------------------


 NSTEP =    11000   TIME(PS) =    1406.000  TEMP(K) =   299.82  PRESS =   -15.7
 Etot   =    -44006.7177  EKtot   =     11189.5781  EPtot      =    -55196.2958
 BOND   =       365.0487  ANGLE   =       993.3948  DIHED      =      2158.9069
 1-4 NB =       427.2702  1-4 EEL =      6161.0647  VDWAALS    =      6556.6483
 EELEC  =    -71922.3087  EHBOND  =         0.0000  RESTRAINT  =        63.6793
 EAMBER (non-restraint)  =    -55259.9751
 EKCMT  =      4892.6025  VIRIAL  =      4954.2825  VOLUME     =    182104.2953
                                                    Density    =         1.0220
 ------------------------------------------------------------------------------


 NSTEP =    11500   TIME(PS) =    1407.000  TEMP(K) =   298.58  PRESS =    20.3
 Etot   =    -43948.6230  EKtot   =     11143.6006  EPtot      =    -55092.2236
 BOND   =       329.5078  ANGLE   =      1022.5397  DIHED      =      2159.2227
 1-4 NB =       434.5517  1-4 EEL =      6159.2111  VDWAALS    =      6489.3669
 EELEC  =    -71746.8678  EHBOND  =         0.0000  RESTRAINT  =        60.2444
 EAMBER (non-restraint)  =    -55152.4680
 EKCMT  =      4855.0832  VIRIAL  =      4775.4718  VOLUME     =    181650.8857
                                                    Density    =         1.0245
 ------------------------------------------------------------------------------


 NSTEP =    12000   TIME(PS) =    1408.000  TEMP(K) =   302.55  PRESS =    50.7
 Etot   =    -43781.6575  EKtot   =     11291.7109  EPtot      =    -55073.3685
 BOND   =       359.7925  ANGLE   =       965.1146  DIHED      =      2156.0668
 1-4 NB =       442.4455  1-4 EEL =      6193.3989  VDWAALS    =      6641.3418
 EELEC  =    -71892.2808  EHBOND  =         0.0000  RESTRAINT  =        60.7522
 EAMBER (non-restraint)  =    -55134.1207
 EKCMT  =      4952.6501  VIRIAL  =      4753.3092  VOLUME     =    182130.3413
                                                    Density    =         1.0218
 ------------------------------------------------------------------------------


 NSTEP =    12500   TIME(PS) =    1409.000  TEMP(K) =   298.52  PRESS =  -239.7
 Etot   =    -43990.1850  EKtot   =     11141.3760  EPtot      =    -55131.5610
 BOND   =       348.2177  ANGLE   =       947.7565  DIHED      =      2168.1786
 1-4 NB =       457.7069  1-4 EEL =      6211.3056  VDWAALS    =      6561.8365
 EELEC  =    -71895.1328  EHBOND  =         0.0000  RESTRAINT  =        68.5700
 EAMBER (non-restraint)  =    -55200.1310
 EKCMT  =      4863.1910  VIRIAL  =      5805.6612  VOLUME     =    182099.8750
                                                    Density    =         1.0220
 ------------------------------------------------------------------------------


 NSTEP =    13000   TIME(PS) =    1410.000  TEMP(K) =   299.05  PRESS =   -83.6
 Etot   =    -43948.5932  EKtot   =     11161.0889  EPtot      =    -55109.6821
 BOND   =       321.0428  ANGLE   =       962.9828  DIHED      =      2137.0810
 1-4 NB =       441.2794  1-4 EEL =      6195.5831  VDWAALS    =      6661.8903
 EELEC  =    -71896.8145  EHBOND  =         0.0000  RESTRAINT  =        67.2731
 EAMBER (non-restraint)  =    -55176.9552
 EKCMT  =      4854.1025  VIRIAL  =      5183.2904  VOLUME     =    182401.4014
                                                    Density    =         1.0203
 ------------------------------------------------------------------------------


 NSTEP =    13500   TIME(PS) =    1411.000  TEMP(K) =   302.97  PRESS =   -21.6
 Etot   =    -43990.4843  EKtot   =     11307.3281  EPtot      =    -55297.8124
 BOND   =       344.6989  ANGLE   =      1008.8774  DIHED      =      2169.0166
 1-4 NB =       444.6931  1-4 EEL =      6151.2780  VDWAALS    =      6668.6523
 EELEC  =    -72145.7170  EHBOND  =         0.0000  RESTRAINT  =        60.6884
 EAMBER (non-restraint)  =    -55358.5007
 EKCMT  =      5044.2535  VIRIAL  =      5129.2042  VOLUME     =    182089.5890
                                                    Density    =         1.0220
 ------------------------------------------------------------------------------


 NSTEP =    14000   TIME(PS) =    1412.000  TEMP(K) =   298.85  PRESS =   193.3
 Etot   =    -43966.7041  EKtot   =     11153.6270  EPtot      =    -55120.3310
 BOND   =       334.4152  ANGLE   =      1025.7546  DIHED      =      2158.5922
 1-4 NB =       449.7188  1-4 EEL =      6166.8974  VDWAALS    =      6809.5256
 EELEC  =    -72136.3001  EHBOND  =         0.0000  RESTRAINT  =        71.0652
 EAMBER (non-restraint)  =    -55191.3962
 EKCMT  =      4848.9105  VIRIAL  =      4087.6108  VOLUME     =    182426.0303
                                                    Density    =         1.0201
 ------------------------------------------------------------------------------


 NSTEP =    14500   TIME(PS) =    1413.000  TEMP(K) =   299.97  PRESS =   148.0
 Etot   =    -43878.4567  EKtot   =     11195.4844  EPtot      =    -55073.9411
 BOND   =       351.3957  ANGLE   =       987.0736  DIHED      =      2141.1670
 1-4 NB =       439.4727  1-4 EEL =      6237.3455  VDWAALS    =      6758.8050
 EELEC  =    -72055.8372  EHBOND  =         0.0000  RESTRAINT  =        66.6365
 EAMBER (non-restraint)  =    -55140.5776
 EKCMT  =      4970.8197  VIRIAL  =      4386.5324  VOLUME     =    182786.2246
                                                    Density    =         1.0181
 ------------------------------------------------------------------------------


 NSTEP =    15000   TIME(PS) =    1414.000  TEMP(K) =   297.66  PRESS =    97.4
 Etot   =    -43952.0365  EKtot   =     11109.1074  EPtot      =    -55061.1439
 BOND   =       316.8569  ANGLE   =       944.8609  DIHED      =      2143.3212
 1-4 NB =       439.8898  1-4 EEL =      6188.1068  VDWAALS    =      6695.5996
 EELEC  =    -71850.9655  EHBOND  =         0.0000  RESTRAINT  =        61.1863
 EAMBER (non-restraint)  =    -55122.3302
 EKCMT  =      4866.5659  VIRIAL  =      4482.0322  VOLUME     =    182772.3932
                                                    Density    =         1.0182
 ------------------------------------------------------------------------------


 NSTEP =    15500   TIME(PS) =    1415.000  TEMP(K) =   301.12  PRESS =   -84.6
 Etot   =    -43952.3748  EKtot   =     11238.1895  EPtot      =    -55190.5642
 BOND   =       361.0668  ANGLE   =       997.3786  DIHED      =      2135.4673
 1-4 NB =       439.8410  1-4 EEL =      6167.5660  VDWAALS    =      6558.1312
 EELEC  =    -71909.9825  EHBOND  =         0.0000  RESTRAINT  =        59.9674
 EAMBER (non-restraint)  =    -55250.5316
 EKCMT  =      4915.0738  VIRIAL  =      5249.0506  VOLUME     =    182766.4546
                                                    Density    =         1.0182
 ------------------------------------------------------------------------------


 NSTEP =    16000   TIME(PS) =    1416.000  TEMP(K) =   297.60  PRESS =  -108.7
 Etot   =    -43999.5510  EKtot   =     11107.0420  EPtot      =    -55106.5930
 BOND   =       398.7114  ANGLE   =       938.8194  DIHED      =      2141.2560
 1-4 NB =       444.0371  1-4 EEL =      6163.0264  VDWAALS    =      6536.7518
 EELEC  =    -71800.4247  EHBOND  =         0.0000  RESTRAINT  =        71.2297
 EAMBER (non-restraint)  =    -55177.8227
 EKCMT  =      4927.4942  VIRIAL  =      5354.9290  VOLUME     =    182117.2698
                                                    Density    =         1.0219
 ------------------------------------------------------------------------------


 NSTEP =    16500   TIME(PS) =    1417.000  TEMP(K) =   301.33  PRESS =    43.9
 Etot   =    -43741.5152  EKtot   =     11246.1758  EPtot      =    -54987.6910
 BOND   =       354.4886  ANGLE   =       979.0103  DIHED      =      2162.8414
 1-4 NB =       452.3248  1-4 EEL =      6170.1149  VDWAALS    =      6613.3081
 EELEC  =    -71790.2769  EHBOND  =         0.0000  RESTRAINT  =        70.4979
 EAMBER (non-restraint)  =    -55058.1889
 EKCMT  =      4920.8773  VIRIAL  =      4748.1813  VOLUME     =    181998.8234
                                                    Density    =         1.0225
 ------------------------------------------------------------------------------


 NSTEP =    17000   TIME(PS) =    1418.000  TEMP(K) =   300.06  PRESS =    30.7
 Etot   =    -43871.6559  EKtot   =     11198.5977  EPtot      =    -55070.2536
 BOND   =       346.6979  ANGLE   =      1010.3989  DIHED      =      2171.1127
 1-4 NB =       447.3697  1-4 EEL =      6146.8547  VDWAALS    =      6690.9910
 EELEC  =    -71949.5311  EHBOND  =         0.0000  RESTRAINT  =        65.8526
 EAMBER (non-restraint)  =    -55136.1062
 EKCMT  =      4900.1195  VIRIAL  =      4779.2229  VOLUME     =    182130.7917
                                                    Density    =         1.0218
 ------------------------------------------------------------------------------


 NSTEP =    17500   TIME(PS) =    1419.000  TEMP(K) =   300.57  PRESS =  -117.0
 Etot   =    -43944.5842  EKtot   =     11217.5703  EPtot      =    -55162.1545
 BOND   =       351.6026  ANGLE   =       979.6322  DIHED      =      2148.2395
 1-4 NB =       455.9175  1-4 EEL =      6208.2057  VDWAALS    =      6530.4127
 EELEC  =    -71907.4422  EHBOND  =         0.0000  RESTRAINT  =        71.2774
 EAMBER (non-restraint)  =    -55233.4319
 EKCMT  =      4900.8609  VIRIAL  =      5360.4719  VOLUME     =    181932.5730
                                                    Density    =         1.0229
 ------------------------------------------------------------------------------


 NSTEP =    18000   TIME(PS) =    1420.000  TEMP(K) =   302.89  PRESS =   213.7
 Etot   =    -43966.8327  EKtot   =     11304.4326  EPtot      =    -55271.2653
 BOND   =       356.6147  ANGLE   =       946.7208  DIHED      =      2138.1642
 1-4 NB =       450.0636  1-4 EEL =      6206.1803  VDWAALS    =      6734.2371
 EELEC  =    -72162.3774  EHBOND  =         0.0000  RESTRAINT  =        59.1314
 EAMBER (non-restraint)  =    -55330.3967
 EKCMT  =      4938.1568  VIRIAL  =      4099.3273  VOLUME     =    181775.3903
                                                    Density    =         1.0238
 ------------------------------------------------------------------------------


 NSTEP =    18500   TIME(PS) =    1421.000  TEMP(K) =   298.69  PRESS =  -201.0
 Etot   =    -44192.8969  EKtot   =     11147.3799  EPtot      =    -55340.2767
 BOND   =       334.5860  ANGLE   =       976.1225  DIHED      =      2164.2188
 1-4 NB =       461.8081  1-4 EEL =      6233.9424  VDWAALS    =      6568.9298
 EELEC  =    -72142.3277  EHBOND  =         0.0000  RESTRAINT  =        62.4432
 EAMBER (non-restraint)  =    -55402.7200
 EKCMT  =      4839.9748  VIRIAL  =      5629.7311  VOLUME     =    181984.5761
                                                    Density    =         1.0226
 ------------------------------------------------------------------------------


 NSTEP =    19000   TIME(PS) =    1422.000  TEMP(K) =   296.84  PRESS =   144.8
 Etot   =    -44010.0791  EKtot   =     11078.3867  EPtot      =    -55088.4659
 BOND   =       326.9186  ANGLE   =       978.9505  DIHED      =      2168.9752
 1-4 NB =       446.6945  1-4 EEL =      6202.5994  VDWAALS    =      6601.6791
 EELEC  =    -71880.4218  EHBOND  =         0.0000  RESTRAINT  =        66.1385
 EAMBER (non-restraint)  =    -55154.6044
 EKCMT  =      4897.1267  VIRIAL  =      4327.8040  VOLUME     =    182149.5978
                                                    Density    =         1.0217
 ------------------------------------------------------------------------------


 NSTEP =    19500   TIME(PS) =    1423.000  TEMP(K) =   302.04  PRESS =   -62.3
 Etot   =    -43777.7034  EKtot   =     11272.6191  EPtot      =    -55050.3226
 BOND   =       343.7888  ANGLE   =       969.8635  DIHED      =      2160.9597
 1-4 NB =       441.1953  1-4 EEL =      6179.3193  VDWAALS    =      6557.4793
 EELEC  =    -71770.8872  EHBOND  =         0.0000  RESTRAINT  =        67.9588
 EAMBER (non-restraint)  =    -55118.2814
 EKCMT  =      4930.3053  VIRIAL  =      5175.9209  VOLUME     =    182583.9918
                                                    Density    =         1.0193
 ------------------------------------------------------------------------------


 NSTEP =    20000   TIME(PS) =    1424.000  TEMP(K) =   298.73  PRESS =   158.7
 Etot   =    -43913.2449  EKtot   =     11149.0088  EPtot      =    -55062.2537
 BOND   =       339.3005  ANGLE   =      1008.5273  DIHED      =      2162.0520
 1-4 NB =       445.7521  1-4 EEL =      6150.6370  VDWAALS    =      6688.3662
 EELEC  =    -71928.4723  EHBOND  =         0.0000  RESTRAINT  =        71.5835
 EAMBER (non-restraint)  =    -55133.8372
 EKCMT  =      4860.7648  VIRIAL  =      4236.9221  VOLUME     =    182064.8933
                                                    Density    =         1.0222
 ------------------------------------------------------------------------------


 NSTEP =    20500   TIME(PS) =    1425.000  TEMP(K) =   303.00  PRESS =   218.3
 Etot   =    -43963.9990  EKtot   =     11308.2725  EPtot      =    -55272.2714
 BOND   =       367.2638  ANGLE   =       975.8437  DIHED      =      2158.5383
 1-4 NB =       439.3122  1-4 EEL =      6192.8071  VDWAALS    =      6705.9204
 EELEC  =    -72190.0798  EHBOND  =         0.0000  RESTRAINT  =        78.1228
 EAMBER (non-restraint)  =    -55350.3943
 EKCMT  =      4965.0203  VIRIAL  =      4106.4993  VOLUME     =    182135.0997
                                                    Density    =         1.0218
 ------------------------------------------------------------------------------


 NSTEP =    21000   TIME(PS) =    1426.000  TEMP(K) =   299.12  PRESS =   -32.2
 Etot   =    -44187.4828  EKtot   =     11163.4199  EPtot      =    -55350.9027
 BOND   =       370.4142  ANGLE   =       955.4771  DIHED      =      2149.6173
 1-4 NB =       431.2803  1-4 EEL =      6158.5496  VDWAALS    =      6715.1562
 EELEC  =    -72194.7827  EHBOND  =         0.0000  RESTRAINT  =        63.3853
 EAMBER (non-restraint)  =    -55414.2880
 EKCMT  =      4851.9175  VIRIAL  =      4978.1884  VOLUME     =    181687.3381
                                                    Density    =         1.0243
 ------------------------------------------------------------------------------


 NSTEP =    21500   TIME(PS) =    1427.000  TEMP(K) =   299.33  PRESS =   -63.0
 Etot   =    -43886.2454  EKtot   =     11171.5234  EPtot      =    -55057.7688
 BOND   =       346.9970  ANGLE   =       946.1762  DIHED      =      2157.6059
 1-4 NB =       447.2867  1-4 EEL =      6182.3353  VDWAALS    =      6461.1746
 EELEC  =    -71663.8571  EHBOND  =         0.0000  RESTRAINT  =        64.5126
 EAMBER (non-restraint)  =    -55122.2814
 EKCMT  =      4888.5242  VIRIAL  =      5135.3866  VOLUME     =    181569.9838
                                                    Density    =         1.0250
 ------------------------------------------------------------------------------


 NSTEP =    22000   TIME(PS) =    1428.000  TEMP(K) =   299.14  PRESS =    20.2
 Etot   =    -44121.3040  EKtot   =     11164.5020  EPtot      =    -55285.8059
 BOND   =       361.4881  ANGLE   =       990.6161  DIHED      =      2157.5842
 1-4 NB =       453.7420  1-4 EEL =      6152.6810  VDWAALS    =      6684.1994
 EELEC  =    -72160.0720  EHBOND  =         0.0000  RESTRAINT  =        73.9553
 EAMBER (non-restraint)  =    -55359.7612
 EKCMT  =      4886.2881  VIRIAL  =      4807.0298  VOLUME     =    181447.1912
                                                    Density    =         1.0257
 ------------------------------------------------------------------------------


 NSTEP =    22500   TIME(PS) =    1429.000  TEMP(K) =   296.49  PRESS =    94.5
 Etot   =    -44059.0107  EKtot   =     11065.5039  EPtot      =    -55124.5147
 BOND   =       360.8491  ANGLE   =       935.4533  DIHED      =      2156.0626
 1-4 NB =       428.5673  1-4 EEL =      6208.4065  VDWAALS    =      6487.0253
 EELEC  =    -71775.4211  EHBOND  =         0.0000  RESTRAINT  =        74.5424
 EAMBER (non-restraint)  =    -55199.0570
 EKCMT  =      4843.0088  VIRIAL  =      4472.7918  VOLUME     =    181370.2711
                                                    Density    =         1.0261
 ------------------------------------------------------------------------------


 NSTEP =    23000   TIME(PS) =    1430.000  TEMP(K) =   297.92  PRESS =   133.3
 Etot   =    -44134.5751  EKtot   =     11118.7559  EPtot      =    -55253.3309
 BOND   =       338.0517  ANGLE   =       994.2074  DIHED      =      2166.0145
 1-4 NB =       445.2622  1-4 EEL =      6206.5706  VDWAALS    =      6572.5032
 EELEC  =    -72039.6637  EHBOND  =         0.0000  RESTRAINT  =        63.7232
 EAMBER (non-restraint)  =    -55317.0542
 EKCMT  =      4870.3408  VIRIAL  =      4347.9095  VOLUME     =    181482.0291
                                                    Density    =         1.0255
 ------------------------------------------------------------------------------


 NSTEP =    23500   TIME(PS) =    1431.000  TEMP(K) =   301.72  PRESS =   -57.3
 Etot   =    -43979.5793  EKtot   =     11260.6895  EPtot      =    -55240.2688
 BOND   =       351.9745  ANGLE   =       978.9266  DIHED      =      2158.2288
 1-4 NB =       437.9977  1-4 EEL =      6167.1558  VDWAALS    =      6651.9296
 EELEC  =    -72053.5535  EHBOND  =         0.0000  RESTRAINT  =        67.0716
 EAMBER (non-restraint)  =    -55307.3404
 EKCMT  =      4971.9887  VIRIAL  =      5197.2542  VOLUME     =    181925.7629
                                                    Density    =         1.0230
 ------------------------------------------------------------------------------


 NSTEP =    24000   TIME(PS) =    1432.000  TEMP(K) =   302.46  PRESS =   109.5
 Etot   =    -43978.0629  EKtot   =     11288.1885  EPtot      =    -55266.2514
 BOND   =       315.2351  ANGLE   =       975.3399  DIHED      =      2164.1070
 1-4 NB =       440.6190  1-4 EEL =      6187.3285  VDWAALS    =      6556.8514
 EELEC  =    -71977.3465  EHBOND  =         0.0000  RESTRAINT  =        71.6142
 EAMBER (non-restraint)  =    -55337.8656
 EKCMT  =      4939.3618  VIRIAL  =      4510.6617  VOLUME     =    181312.3946
                                                    Density    =         1.0264
 ------------------------------------------------------------------------------


 NSTEP =    24500   TIME(PS) =    1433.000  TEMP(K) =   301.29  PRESS =  -174.3
 Etot   =    -43987.5075  EKtot   =     11244.4375  EPtot      =    -55231.9450
 BOND   =       341.6320  ANGLE   =       999.7539  DIHED      =      2166.6658
 1-4 NB =       445.3711  1-4 EEL =      6135.8841  VDWAALS    =      6559.8539
 EELEC  =    -71949.4945  EHBOND  =         0.0000  RESTRAINT  =        68.3887
 EAMBER (non-restraint)  =    -55300.3337
 EKCMT  =      4918.1283  VIRIAL  =      5600.7430  VOLUME     =    181393.7439
                                                    Density    =         1.0260
 ------------------------------------------------------------------------------


 NSTEP =    25000   TIME(PS) =    1434.000  TEMP(K) =   299.89  PRESS =   110.2
 Etot   =    -43825.2244  EKtot   =     11192.1621  EPtot      =    -55017.3865
 BOND   =       365.2980  ANGLE   =      1028.9719  DIHED      =      2169.8763
 1-4 NB =       424.4782  1-4 EEL =      6140.5653  VDWAALS    =      6592.7000
 EELEC  =    -71810.4996  EHBOND  =         0.0000  RESTRAINT  =        71.2234
 EAMBER (non-restraint)  =    -55088.6098
 EKCMT  =      4840.5310  VIRIAL  =      4408.1657  VOLUME     =    181680.4164
                                                    Density    =         1.0243
 ------------------------------------------------------------------------------


 NSTEP =    25500   TIME(PS) =    1435.000  TEMP(K) =   303.97  PRESS =   -51.1
 Etot   =    -43811.2037  EKtot   =     11344.7168  EPtot      =    -55155.9205
 BOND   =       339.8141  ANGLE   =       962.1114  DIHED      =      2180.7766
 1-4 NB =       453.9227  1-4 EEL =      6171.0250  VDWAALS    =      6584.4207
 EELEC  =    -71913.1947  EHBOND  =         0.0000  RESTRAINT  =        65.2036
 EAMBER (non-restraint)  =    -55221.1241
 EKCMT  =      4984.6581  VIRIAL  =      5185.2032  VOLUME     =    181790.0251
                                                    Density    =         1.0237
 ------------------------------------------------------------------------------


 NSTEP =    26000   TIME(PS) =    1436.000  TEMP(K) =   301.74  PRESS =   -56.6
 Etot   =    -43776.2825  EKtot   =     11261.4766  EPtot      =    -55037.7591
 BOND   =       346.6388  ANGLE   =       923.7874  DIHED      =      2185.8048
 1-4 NB =       454.8336  1-4 EEL =      6163.7816  VDWAALS    =      6437.4048
 EELEC  =    -71614.5029  EHBOND  =         0.0000  RESTRAINT  =        64.4927
 EAMBER (non-restraint)  =    -55102.2518
 EKCMT  =      4941.9140  VIRIAL  =      5164.1230  VOLUME     =    181760.4115
                                                    Density    =         1.0239
 ------------------------------------------------------------------------------


 NSTEP =    26500   TIME(PS) =    1437.000  TEMP(K) =   303.52  PRESS =   -57.6
 Etot   =    -43954.1917  EKtot   =     11327.8584  EPtot      =    -55282.0501
 BOND   =       361.4253  ANGLE   =       985.0046  DIHED      =      2163.3841
 1-4 NB =       446.6888  1-4 EEL =      6174.9267  VDWAALS    =      6619.7234
 EELEC  =    -72095.5694  EHBOND  =         0.0000  RESTRAINT  =        62.3663
 EAMBER (non-restraint)  =    -55344.4164
 EKCMT  =      5031.6400  VIRIAL  =      5257.6476  VOLUME     =    181594.6869
                                                    Density    =         1.0248
 ------------------------------------------------------------------------------


 NSTEP =    27000   TIME(PS) =    1438.000  TEMP(K) =   301.32  PRESS =  -121.7
 Etot   =    -43981.9511  EKtot   =     11245.5752  EPtot      =    -55227.5263
 BOND   =       383.8076  ANGLE   =       977.2039  DIHED      =      2154.1284
 1-4 NB =       434.6924  1-4 EEL =      6165.0595  VDWAALS    =      6436.9781
 EELEC  =    -71848.0313  EHBOND  =         0.0000  RESTRAINT  =        68.6352
 EAMBER (non-restraint)  =    -55296.1615
 EKCMT  =      4877.3069  VIRIAL  =      5354.1032  VOLUME     =    181525.0893
                                                    Density    =         1.0252
 ------------------------------------------------------------------------------


 NSTEP =    27500   TIME(PS) =    1439.000  TEMP(K) =   300.39  PRESS =    14.4
 Etot   =    -43932.0566  EKtot   =     11211.0781  EPtot      =    -55143.1348
 BOND   =       335.2526  ANGLE   =       992.5242  DIHED      =      2166.7860
 1-4 NB =       442.0748  1-4 EEL =      6185.1843  VDWAALS    =      6643.0569
 EELEC  =    -71974.5485  EHBOND  =         0.0000  RESTRAINT  =        66.5349
 EAMBER (non-restraint)  =    -55209.6697
 EKCMT  =      4880.8067  VIRIAL  =      4824.0460  VOLUME     =    181965.9484
                                                    Density    =         1.0227
 ------------------------------------------------------------------------------


 NSTEP =    28000   TIME(PS) =    1440.000  TEMP(K) =   299.72  PRESS =  -283.1
 Etot   =    -43991.1727  EKtot   =     11185.8496  EPtot      =    -55177.0223
 BOND   =       366.5865  ANGLE   =       991.5945  DIHED      =      2142.1938
 1-4 NB =       446.1855  1-4 EEL =      6126.5668  VDWAALS    =      6556.1706
 EELEC  =    -71868.9065  EHBOND  =         0.0000  RESTRAINT  =        62.5866
 EAMBER (non-restraint)  =    -55239.6088
 EKCMT  =      4908.4727  VIRIAL  =      6020.6909  VOLUME     =    181961.5121
                                                    Density    =         1.0228
 ------------------------------------------------------------------------------


 NSTEP =    28500   TIME(PS) =    1441.000  TEMP(K) =   300.05  PRESS =    16.2
 Etot   =    -44041.2721  EKtot   =     11198.1172  EPtot      =    -55239.3892
 BOND   =       364.7925  ANGLE   =       940.7011  DIHED      =      2165.8004
 1-4 NB =       447.7894  1-4 EEL =      6196.6699  VDWAALS    =      6709.4700
 EELEC  =    -72127.3986  EHBOND  =         0.0000  RESTRAINT  =        62.7861
 EAMBER (non-restraint)  =    -55302.1754
 EKCMT  =      4889.0611  VIRIAL  =      4825.3561  VOLUME     =    182481.5830
                                                    Density    =         1.0198
 ------------------------------------------------------------------------------


 NSTEP =    29000   TIME(PS) =    1442.000  TEMP(K) =   299.82  PRESS =    55.7
 Etot   =    -44039.0744  EKtot   =     11189.5859  EPtot      =    -55228.6604
 BOND   =       341.5116  ANGLE   =       968.1896  DIHED      =      2145.2670
 1-4 NB =       457.5349  1-4 EEL =      6154.2483  VDWAALS    =      6709.0925
 EELEC  =    -72072.9952  EHBOND  =         0.0000  RESTRAINT  =        68.4909
 EAMBER (non-restraint)  =    -55297.1513
 EKCMT  =      4859.0003  VIRIAL  =      4639.4834  VOLUME     =    182626.0438
                                                    Density    =         1.0190
 ------------------------------------------------------------------------------


 NSTEP =    29500   TIME(PS) =    1443.000  TEMP(K) =   303.02  PRESS =   141.1
 Etot   =    -43798.9217  EKtot   =     11309.0400  EPtot      =    -55107.9617
 BOND   =       351.7686  ANGLE   =       991.9032  DIHED      =      2191.2509
 1-4 NB =       441.9686  1-4 EEL =      6170.3616  VDWAALS    =      6623.9448
 EELEC  =    -71949.7602  EHBOND  =         0.0000  RESTRAINT  =        70.6006
 EAMBER (non-restraint)  =    -55178.5623
 EKCMT  =      4882.0158  VIRIAL  =      4326.7358  VOLUME     =    182308.4476
                                                    Density    =         1.0208
 ------------------------------------------------------------------------------


 NSTEP =    30000   TIME(PS) =    1444.000  TEMP(K) =   300.79  PRESS =  -166.7
 Etot   =    -43978.0497  EKtot   =     11225.7373  EPtot      =    -55203.7870
 BOND   =       357.9059  ANGLE   =      1010.8665  DIHED      =      2160.7698
 1-4 NB =       447.1921  1-4 EEL =      6173.2062  VDWAALS    =      6552.0936
 EELEC  =    -71970.7989  EHBOND  =         0.0000  RESTRAINT  =        64.9780
 EAMBER (non-restraint)  =    -55268.7650
 EKCMT  =      4981.2698  VIRIAL  =      5636.8723  VOLUME     =    182147.0829
                                                    Density    =         1.0217
 ------------------------------------------------------------------------------


 NSTEP =    30500   TIME(PS) =    1445.000  TEMP(K) =   300.30  PRESS =   177.6
 Etot   =    -43806.2411  EKtot   =     11207.4629  EPtot      =    -55013.7040
 BOND   =       364.9346  ANGLE   =       956.6462  DIHED      =      2146.9291
 1-4 NB =       444.9242  1-4 EEL =      6211.0340  VDWAALS    =      6620.8275
 EELEC  =    -71831.0334  EHBOND  =         0.0000  RESTRAINT  =        72.0338
 EAMBER (non-restraint)  =    -55085.7379
 EKCMT  =      4953.4533  VIRIAL  =      4255.3430  VOLUME     =    182055.0474
                                                    Density    =         1.0222
 ------------------------------------------------------------------------------


 NSTEP =    31000   TIME(PS) =    1446.000  TEMP(K) =   300.93  PRESS =   -56.6
 Etot   =    -43918.2610  EKtot   =     11231.0479  EPtot      =    -55149.3088
 BOND   =       359.6835  ANGLE   =      1029.5144  DIHED      =      2148.7935
 1-4 NB =       453.2206  1-4 EEL =      6148.2865  VDWAALS    =      6587.7803
 EELEC  =    -71945.6239  EHBOND  =         0.0000  RESTRAINT  =        69.0362
 EAMBER (non-restraint)  =    -55218.3450
 EKCMT  =      4892.7359  VIRIAL  =      5114.9899  VOLUME     =    181923.4038
                                                    Density    =         1.0230
 ------------------------------------------------------------------------------


 NSTEP =    31500   TIME(PS) =    1447.000  TEMP(K) =   301.09  PRESS =   -13.5
 Etot   =    -43920.8658  EKtot   =     11237.2871  EPtot      =    -55158.1529
 BOND   =       334.1523  ANGLE   =       992.5727  DIHED      =      2153.6117
 1-4 NB =       451.7828  1-4 EEL =      6203.9540  VDWAALS    =      6598.8550
 EELEC  =    -71950.3862  EHBOND  =         0.0000  RESTRAINT  =        57.3046
 EAMBER (non-restraint)  =    -55215.4576
 EKCMT  =      4942.8562  VIRIAL  =      4995.6288  VOLUME     =    181464.1125
                                                    Density    =         1.0256
 ------------------------------------------------------------------------------


 NSTEP =    32000   TIME(PS) =    1448.000  TEMP(K) =   299.01  PRESS =   280.7
 Etot   =    -44103.0409  EKtot   =     11159.6035  EPtot      =    -55262.6444
 BOND   =       341.6507  ANGLE   =       976.8012  DIHED      =      2147.4339
 1-4 NB =       436.1810  1-4 EEL =      6170.1591  VDWAALS    =      6720.2420
 EELEC  =    -72117.1127  EHBOND  =         0.0000  RESTRAINT  =        62.0005
 EAMBER (non-restraint)  =    -55324.6449
 EKCMT  =      4850.7558  VIRIAL  =      3750.4623  VOLUME     =    181549.0247
                                                    Density    =         1.0251
 ------------------------------------------------------------------------------


 NSTEP =    32500   TIME(PS) =    1449.000  TEMP(K) =   302.72  PRESS =   -14.2
 Etot   =    -43932.4204  EKtot   =     11297.7861  EPtot      =    -55230.2066
 BOND   =       327.5730  ANGLE   =       979.2871  DIHED      =      2153.0899
 1-4 NB =       461.1473  1-4 EEL =      6184.0989  VDWAALS    =      6613.0266
 EELEC  =    -72016.9072  EHBOND  =         0.0000  RESTRAINT  =        68.4779
 EAMBER (non-restraint)  =    -55298.6844
 EKCMT  =      4985.0256  VIRIAL  =      5040.7158  VOLUME     =    181078.8132
                                                    Density    =         1.0277
 ------------------------------------------------------------------------------


 NSTEP =    33000   TIME(PS) =    1450.000  TEMP(K) =   300.05  PRESS =    19.9
 Etot   =    -43978.6900  EKtot   =     11198.4268  EPtot      =    -55177.1168
 BOND   =       348.8513  ANGLE   =       975.2376  DIHED      =      2153.2613
 1-4 NB =       442.9587  1-4 EEL =      6183.8241  VDWAALS    =      6522.4709
 EELEC  =    -71870.5633  EHBOND  =         0.0000  RESTRAINT  =        66.8427
 EAMBER (non-restraint)  =    -55243.9595
 EKCMT  =      4951.7139  VIRIAL  =      4873.7088  VOLUME     =    181495.8674
                                                    Density    =         1.0254
 ------------------------------------------------------------------------------


 NSTEP =    33500   TIME(PS) =    1451.000  TEMP(K) =   298.19  PRESS =  -334.1
 Etot   =    -43877.3949  EKtot   =     11128.9121  EPtot      =    -55006.3070
 BOND   =       365.6871  ANGLE   =       976.0262  DIHED      =      2153.2682
 1-4 NB =       443.0734  1-4 EEL =      6168.7096  VDWAALS    =      6526.4986
 EELEC  =    -71702.7328  EHBOND  =         0.0000  RESTRAINT  =        63.1626
 EAMBER (non-restraint)  =    -55069.4697
 EKCMT  =      4878.2938  VIRIAL  =      6191.9962  VOLUME     =    182116.5898
                                                    Density    =         1.0219
 ------------------------------------------------------------------------------


 NSTEP =    34000   TIME(PS) =    1452.000  TEMP(K) =   303.50  PRESS =   230.9
 Etot   =    -43663.9324  EKtot   =     11327.1914  EPtot      =    -54991.1238
 BOND   =       354.7928  ANGLE   =       974.7360  DIHED      =      2142.4656
 1-4 NB =       450.1144  1-4 EEL =      6212.6131  VDWAALS    =      6638.1188
 EELEC  =    -71829.3141  EHBOND  =         0.0000  RESTRAINT  =        65.3495
 EAMBER (non-restraint)  =    -55056.4732
 EKCMT  =      4991.1681  VIRIAL  =      4081.7552  VOLUME     =    182447.8717
                                                    Density    =         1.0200
 ------------------------------------------------------------------------------


 NSTEP =    34500   TIME(PS) =    1453.000  TEMP(K) =   301.40  PRESS =   300.5
 Etot   =    -43911.0876  EKtot   =     11248.7305  EPtot      =    -55159.8181
 BOND   =       343.6239  ANGLE   =       995.1580  DIHED      =      2175.2559
 1-4 NB =       456.7095  1-4 EEL =      6181.9332  VDWAALS    =      6806.2877
 EELEC  =    -72186.7648  EHBOND  =         0.0000  RESTRAINT  =        67.9784
 EAMBER (non-restraint)  =    -55227.7965
 EKCMT  =      4915.6971  VIRIAL  =      3728.8844  VOLUME     =    182930.8437
                                                    Density    =         1.0173
 ------------------------------------------------------------------------------


 NSTEP =    35000   TIME(PS) =    1454.000  TEMP(K) =   299.34  PRESS =  -134.7
 Etot   =    -43838.4894  EKtot   =     11171.7324  EPtot      =    -55010.2218
 BOND   =       372.5467  ANGLE   =       978.6957  DIHED      =      2159.6687
 1-4 NB =       445.7495  1-4 EEL =      6166.0240  VDWAALS    =      6571.8798
 EELEC  =    -71771.9467  EHBOND  =         0.0000  RESTRAINT  =        67.1605
 EAMBER (non-restraint)  =    -55077.3823
 EKCMT  =      4871.3357  VIRIAL  =      5403.5943  VOLUME     =    183064.8694
                                                    Density    =         1.0166
 ------------------------------------------------------------------------------


 NSTEP =    35500   TIME(PS) =    1455.000  TEMP(K) =   297.14  PRESS =  -114.1
 Etot   =    -44123.4954  EKtot   =     11089.6602  EPtot      =    -55213.1556
 BOND   =       325.3976  ANGLE   =       989.0532  DIHED      =      2125.1845
 1-4 NB =       448.8865  1-4 EEL =      6166.4894  VDWAALS    =      6533.6746
 EELEC  =    -71862.4954  EHBOND  =         0.0000  RESTRAINT  =        60.6541
 EAMBER (non-restraint)  =    -55273.8097
 EKCMT  =      4918.7811  VIRIAL  =      5367.7396  VOLUME     =    182218.5931
                                                    Density    =         1.0213
 ------------------------------------------------------------------------------


 NSTEP =    36000   TIME(PS) =    1456.000  TEMP(K) =   297.23  PRESS =   -29.9
 Etot   =    -44195.8607  EKtot   =     11093.0020  EPtot      =    -55288.8627
 BOND   =       353.9591  ANGLE   =       962.7254  DIHED      =      2165.1784
 1-4 NB =       442.9568  1-4 EEL =      6178.7057  VDWAALS    =      6606.5915
 EELEC  =    -72064.2882  EHBOND  =         0.0000  RESTRAINT  =        65.3087
 EAMBER (non-restraint)  =    -55354.1714
 EKCMT  =      4862.0832  VIRIAL  =      4979.5312  VOLUME     =    182131.0316
                                                    Density    =         1.0218
 ------------------------------------------------------------------------------


 NSTEP =    36500   TIME(PS) =    1457.000  TEMP(K) =   297.32  PRESS =   -45.6
 Etot   =    -44145.9769  EKtot   =     11096.3389  EPtot      =    -55242.3158
 BOND   =       365.0515  ANGLE   =       998.0480  DIHED      =      2141.7558
 1-4 NB =       441.5687  1-4 EEL =      6208.5972  VDWAALS    =      6638.1882
 EELEC  =    -72101.3130  EHBOND  =         0.0000  RESTRAINT  =        65.7877
 EAMBER (non-restraint)  =    -55308.1035
 EKCMT  =      4867.6543  VIRIAL  =      5047.2954  VOLUME     =    182316.7669
                                                    Density    =         1.0208
 ------------------------------------------------------------------------------


 NSTEP =    37000   TIME(PS) =    1458.000  TEMP(K) =   298.50  PRESS =   266.9
 Etot   =    -43777.4750  EKtot   =     11140.5156  EPtot      =    -54917.9906
 BOND   =       330.7964  ANGLE   =       993.2857  DIHED      =      2161.2312
 1-4 NB =       453.4757  1-4 EEL =      6201.7361  VDWAALS    =      6641.6383
 EELEC  =    -71770.3373  EHBOND  =         0.0000  RESTRAINT  =        70.1832
 EAMBER (non-restraint)  =    -54988.1738
 EKCMT  =      4822.4582  VIRIAL  =      3769.5457  VOLUME     =    182708.4449
                                                    Density    =         1.0186
 ------------------------------------------------------------------------------


 NSTEP =    37500   TIME(PS) =    1459.000  TEMP(K) =   298.62  PRESS =   -20.1
 Etot   =    -43838.2504  EKtot   =     11144.8584  EPtot      =    -54983.1088
 BOND   =       325.8577  ANGLE   =       984.9483  DIHED      =      2163.4350
 1-4 NB =       441.3215  1-4 EEL =      6177.9940  VDWAALS    =      6589.6291
 EELEC  =    -71729.7953  EHBOND  =         0.0000  RESTRAINT  =        63.5009
 EAMBER (non-restraint)  =    -55046.6097
 EKCMT  =      4885.9302  VIRIAL  =      4965.0066  VOLUME     =    182227.7522
                                                    Density    =         1.0213
 ------------------------------------------------------------------------------


 NSTEP =    38000   TIME(PS) =    1460.000  TEMP(K) =   300.23  PRESS =   -57.8
 Etot   =    -43867.2136  EKtot   =     11205.1553  EPtot      =    -55072.3689
 BOND   =       361.4835  ANGLE   =      1000.0328  DIHED      =      2157.6307
 1-4 NB =       452.8668  1-4 EEL =      6156.6895  VDWAALS    =      6562.6181
 EELEC  =    -71834.4068  EHBOND  =         0.0000  RESTRAINT  =        70.7164
 EAMBER (non-restraint)  =    -55143.0853
 EKCMT  =      4919.1796  VIRIAL  =      5146.9221  VOLUME     =    182586.6049
                                                    Density    =         1.0193
 ------------------------------------------------------------------------------


 NSTEP =    38500   TIME(PS) =    1461.000  TEMP(K) =   300.58  PRESS =  -281.9
 Etot   =    -43965.1272  EKtot   =     11217.9277  EPtot      =    -55183.0549
 BOND   =       307.4488  ANGLE   =       974.5381  DIHED      =      2157.6817
 1-4 NB =       441.8969  1-4 EEL =      6190.4007  VDWAALS    =      6564.0701
 EELEC  =    -71896.0436  EHBOND  =         0.0000  RESTRAINT  =        76.9523
 EAMBER (non-restraint)  =    -55260.0072
 EKCMT  =      4942.0415  VIRIAL  =      6050.6975  VOLUME     =    182145.7645
                                                    Density    =         1.0217
 ------------------------------------------------------------------------------


 NSTEP =    39000   TIME(PS) =    1462.000  TEMP(K) =   298.29  PRESS =   168.8
 Etot   =    -43997.0003  EKtot   =     11132.7148  EPtot      =    -55129.7151
 BOND   =       330.8507  ANGLE   =       978.1707  DIHED      =      2155.7608
 1-4 NB =       448.2931  1-4 EEL =      6169.5819  VDWAALS    =      6620.7723
 EELEC  =    -71905.8436  EHBOND  =         0.0000  RESTRAINT  =        72.6991
 EAMBER (non-restraint)  =    -55202.4142
 EKCMT  =      4869.2864  VIRIAL  =      4204.9892  VOLUME     =    182224.3312
                                                    Density    =         1.0213
 ------------------------------------------------------------------------------


 NSTEP =    39500   TIME(PS) =    1463.000  TEMP(K) =   299.20  PRESS =    64.3
 Etot   =    -44093.8360  EKtot   =     11166.5264  EPtot      =    -55260.3624
 BOND   =       348.0361  ANGLE   =       976.2272  DIHED      =      2142.4897
 1-4 NB =       455.9794  1-4 EEL =      6183.9305  VDWAALS    =      6795.6166
 EELEC  =    -72220.8414  EHBOND  =         0.0000  RESTRAINT  =        58.1995
 EAMBER (non-restraint)  =    -55318.5619
 EKCMT  =      4888.3614  VIRIAL  =      4635.7122  VOLUME     =    181938.6789
                                                    Density    =         1.0229
 ------------------------------------------------------------------------------


 NSTEP =    40000   TIME(PS) =    1464.000  TEMP(K) =   302.28  PRESS =    38.5
 Etot   =    -43849.4294  EKtot   =     11281.6953  EPtot      =    -55131.1247
 BOND   =       348.1390  ANGLE   =       962.7050  DIHED      =      2171.3015
 1-4 NB =       456.2229  1-4 EEL =      6182.7447  VDWAALS    =      6601.7820
 EELEC  =    -71920.0965  EHBOND  =         0.0000  RESTRAINT  =        66.0767
 EAMBER (non-restraint)  =    -55197.2014
 EKCMT  =      4887.5191  VIRIAL  =      4735.8208  VOLUME     =    182278.1735
                                                    Density    =         1.0210
 ------------------------------------------------------------------------------


 NSTEP =    40500   TIME(PS) =    1465.000  TEMP(K) =   301.29  PRESS =   163.5
 Etot   =    -43881.3031  EKtot   =     11244.6680  EPtot      =    -55125.9710
 BOND   =       354.7959  ANGLE   =       981.3127  DIHED      =      2156.2576
 1-4 NB =       448.0073  1-4 EEL =      6168.4646  VDWAALS    =      6721.3462
 EELEC  =    -72019.9302  EHBOND  =         0.0000  RESTRAINT  =        63.7749
 EAMBER (non-restraint)  =    -55189.7459
 EKCMT  =      4935.1836  VIRIAL  =      4290.5591  VOLUME     =    182577.2669
                                                    Density    =         1.0193
 ------------------------------------------------------------------------------


 NSTEP =    41000   TIME(PS) =    1466.000  TEMP(K) =   300.73  PRESS =  -129.6
 Etot   =    -43983.0341  EKtot   =     11223.7061  EPtot      =    -55206.7401
 BOND   =       364.3717  ANGLE   =       993.7802  DIHED      =      2167.8400
 1-4 NB =       450.0062  1-4 EEL =      6178.0351  VDWAALS    =      6489.8738
 EELEC  =    -71906.8184  EHBOND  =         0.0000  RESTRAINT  =        56.1712
 EAMBER (non-restraint)  =    -55262.9113
 EKCMT  =      4904.2300  VIRIAL  =      5414.3878  VOLUME     =    182285.9351
                                                    Density    =         1.0209
 ------------------------------------------------------------------------------


 NSTEP =    41500   TIME(PS) =    1467.000  TEMP(K) =   297.61  PRESS =  -443.1
 Etot   =    -44061.3556  EKtot   =     11107.3066  EPtot      =    -55168.6623
 BOND   =       334.8989  ANGLE   =       971.9305  DIHED      =      2134.3257
 1-4 NB =       450.9898  1-4 EEL =      6170.5147  VDWAALS    =      6437.8368
 EELEC  =    -71736.2398  EHBOND  =         0.0000  RESTRAINT  =        67.0812
 EAMBER (non-restraint)  =    -55235.7435
 EKCMT  =      4827.8407  VIRIAL  =      6573.2709  VOLUME     =    182432.3227
                                                    Density    =         1.0201
 ------------------------------------------------------------------------------


 NSTEP =    42000   TIME(PS) =    1468.000  TEMP(K) =   295.68  PRESS =   -38.9
 Etot   =    -44195.9418  EKtot   =     11035.0586  EPtot      =    -55231.0004
 BOND   =       343.7314  ANGLE   =      1016.0824  DIHED      =      2155.9747
 1-4 NB =       442.9360  1-4 EEL =      6204.1544  VDWAALS    =      6572.7921
 EELEC  =    -72034.4627  EHBOND  =         0.0000  RESTRAINT  =        67.7913
 EAMBER (non-restraint)  =    -55298.7917
 EKCMT  =      4841.5112  VIRIAL  =      4994.4778  VOLUME     =    181907.8259
                                                    Density    =         1.0231
 ------------------------------------------------------------------------------


 NSTEP =    42500   TIME(PS) =    1469.000  TEMP(K) =   301.46  PRESS =    18.7
 Etot   =    -43694.9658  EKtot   =     11251.0840  EPtot      =    -54946.0498
 BOND   =       345.9717  ANGLE   =       995.1399  DIHED      =      2155.5700
 1-4 NB =       434.5617  1-4 EEL =      6180.7427  VDWAALS    =      6413.2607
 EELEC  =    -71538.8006  EHBOND  =         0.0000  RESTRAINT  =        67.5039
 EAMBER (non-restraint)  =    -55013.5537
 EKCMT  =      4953.7331  VIRIAL  =      4880.2344  VOLUME     =    182106.0927
                                                    Density    =         1.0219
 ------------------------------------------------------------------------------


 NSTEP =    43000   TIME(PS) =    1470.000  TEMP(K) =   301.08  PRESS =  -154.8
 Etot   =    -43868.3535  EKtot   =     11236.5703  EPtot      =    -55104.9238
 BOND   =       345.5858  ANGLE   =       964.9008  DIHED      =      2139.4010
 1-4 NB =       442.0697  1-4 EEL =      6156.9262  VDWAALS    =      6477.7352
 EELEC  =    -71699.7230  EHBOND  =         0.0000  RESTRAINT  =        68.1805
 EAMBER (non-restraint)  =    -55173.1043
 EKCMT  =      4901.3982  VIRIAL  =      5510.5321  VOLUME     =    182200.4396
                                                    Density    =         1.0214
 ------------------------------------------------------------------------------


 NSTEP =    43500   TIME(PS) =    1471.000  TEMP(K) =   298.97  PRESS =  -106.4
 Etot   =    -44112.6892  EKtot   =     11158.0361  EPtot      =    -55270.7253
 BOND   =       376.0136  ANGLE   =       988.9422  DIHED      =      2138.5204
 1-4 NB =       450.7472  1-4 EEL =      6139.9385  VDWAALS    =      6605.7669
 EELEC  =    -72033.9857  EHBOND  =         0.0000  RESTRAINT  =        63.3317
 EAMBER (non-restraint)  =    -55334.0570
 EKCMT  =      4879.1467  VIRIAL  =      5297.8687  VOLUME     =    182284.0468
                                                    Density    =         1.0209
 ------------------------------------------------------------------------------


 NSTEP =    44000   TIME(PS) =    1472.000  TEMP(K) =   302.24  PRESS =   -74.9
 Etot   =    -43973.4349  EKtot   =     11279.9268  EPtot      =    -55253.3617
 BOND   =       357.1524  ANGLE   =       990.0043  DIHED      =      2142.4289
 1-4 NB =       433.1004  1-4 EEL =      6172.4219  VDWAALS    =      6737.6671
 EELEC  =    -72152.9793  EHBOND  =         0.0000  RESTRAINT  =        66.8426
 EAMBER (non-restraint)  =    -55320.2043
 EKCMT  =      4945.3450  VIRIAL  =      5240.3444  VOLUME     =    182421.5952
                                                    Density    =         1.0202
 ------------------------------------------------------------------------------


 NSTEP =    44500   TIME(PS) =    1473.000  TEMP(K) =   298.30  PRESS =   300.8
 Etot   =    -44150.8475  EKtot   =     11133.1514  EPtot      =    -55283.9989
 BOND   =       336.4508  ANGLE   =       984.2017  DIHED      =      2150.0099
 1-4 NB =       430.7811  1-4 EEL =      6176.4976  VDWAALS    =      6766.9731
 EELEC  =    -72189.9386  EHBOND  =         0.0000  RESTRAINT  =        61.0255
 EAMBER (non-restraint)  =    -55345.0244
 EKCMT  =      4822.8364  VIRIAL  =      3641.2470  VOLUME     =    181945.2427
                                                    Density    =         1.0228
 ------------------------------------------------------------------------------


 NSTEP =    45000   TIME(PS) =    1474.000  TEMP(K) =   303.23  PRESS =  -358.8
 Etot   =    -43962.8802  EKtot   =     11317.0869  EPtot      =    -55279.9671
 BOND   =       349.0832  ANGLE   =       959.4871  DIHED      =      2152.6973
 1-4 NB =       452.7113  1-4 EEL =      6185.8506  VDWAALS    =      6512.3447
 EELEC  =    -71959.6749  EHBOND  =         0.0000  RESTRAINT  =        67.5335
 EAMBER (non-restraint)  =    -55347.5006
 EKCMT  =      5028.7638  VIRIAL  =      6439.9295  VOLUME     =    182146.6217
                                                    Density    =         1.0217
 ------------------------------------------------------------------------------


 NSTEP =    45500   TIME(PS) =    1475.000  TEMP(K) =   296.89  PRESS =   -85.5
 Etot   =    -44038.0295  EKtot   =     11080.2363  EPtot      =    -55118.2658
 BOND   =       351.8024  ANGLE   =       945.7235  DIHED      =      2158.9319
 1-4 NB =       462.8806  1-4 EEL =      6201.2839  VDWAALS    =      6679.5794
 EELEC  =    -71984.5399  EHBOND  =         0.0000  RESTRAINT  =        66.0722
 EAMBER (non-restraint)  =    -55184.3381
 EKCMT  =      4792.3704  VIRIAL  =      5129.1057  VOLUME     =    182423.6591
                                                    Density    =         1.0202
 ------------------------------------------------------------------------------


 NSTEP =    46000   TIME(PS) =    1476.000  TEMP(K) =   301.91  PRESS =  -259.2
 Etot   =    -43874.4355  EKtot   =     11267.5791  EPtot      =    -55142.0146
 BOND   =       343.8277  ANGLE   =       996.5995  DIHED      =      2143.0533
 1-4 NB =       433.1666  1-4 EEL =      6155.8252  VDWAALS    =      6536.2607
 EELEC  =    -71815.2874  EHBOND  =         0.0000  RESTRAINT  =        64.5398
 EAMBER (non-restraint)  =    -55206.5545
 EKCMT  =      4837.5734  VIRIAL  =      5856.9622  VOLUME     =    182177.3975
                                                    Density    =         1.0215
 ------------------------------------------------------------------------------


 NSTEP =    46500   TIME(PS) =    1477.000  TEMP(K) =   299.89  PRESS =   223.4
 Etot   =    -43910.6978  EKtot   =     11192.1562  EPtot      =    -55102.8540
 BOND   =       337.3437  ANGLE   =      1008.3501  DIHED      =      2144.1071
 1-4 NB =       447.7626  1-4 EEL =      6204.4135  VDWAALS    =      6760.7611
 EELEC  =    -72076.4418  EHBOND  =         0.0000  RESTRAINT  =        70.8496
 EAMBER (non-restraint)  =    -55173.7037
 EKCMT  =      4881.3352  VIRIAL  =      3999.9386  VOLUME     =    182713.1722
                                                    Density    =         1.0185
 ------------------------------------------------------------------------------


 NSTEP =    47000   TIME(PS) =    1478.000  TEMP(K) =   297.50  PRESS =    40.1
 Etot   =    -43938.0493  EKtot   =     11102.9521  EPtot      =    -55041.0015
 BOND   =       341.3335  ANGLE   =      1011.6345  DIHED      =      2145.4943
 1-4 NB =       443.5923  1-4 EEL =      6190.0692  VDWAALS    =      6701.1957
 EELEC  =    -71940.1240  EHBOND  =         0.0000  RESTRAINT  =        65.8030
 EAMBER (non-restraint)  =    -55106.8045
 EKCMT  =      4809.3976  VIRIAL  =      4651.1010  VOLUME     =    182652.7668
                                                    Density    =         1.0189
 ------------------------------------------------------------------------------


 NSTEP =    47500   TIME(PS) =    1479.000  TEMP(K) =   301.17  PRESS =  -273.7
 Etot   =    -44196.1378  EKtot   =     11239.9385  EPtot      =    -55436.0763
 BOND   =       336.4620  ANGLE   =       952.9015  DIHED      =      2140.7415
 1-4 NB =       447.7024  1-4 EEL =      6188.0568  VDWAALS    =      6498.3590
 EELEC  =    -72067.9301  EHBOND  =         0.0000  RESTRAINT  =        67.6306
 EAMBER (non-restraint)  =    -55503.7069
 EKCMT  =      4934.7833  VIRIAL  =      6010.0148  VOLUME     =    181916.4931
                                                    Density    =         1.0230
 ------------------------------------------------------------------------------


 NSTEP =    48000   TIME(PS) =    1480.000  TEMP(K) =   300.92  PRESS =  -106.1
 Etot   =    -43889.6020  EKtot   =     11230.7695  EPtot      =    -55120.3716
 BOND   =       347.0066  ANGLE   =      1010.8976  DIHED      =      2153.3426
 1-4 NB =       445.9779  1-4 EEL =      6176.1563  VDWAALS    =      6542.8034
 EELEC  =    -71856.6919  EHBOND  =         0.0000  RESTRAINT  =        60.1359
 EAMBER (non-restraint)  =    -55180.5075
 EKCMT  =      4911.8227  VIRIAL  =      5328.0462  VOLUME     =    181646.5551
                                                    Density    =         1.0245
 ------------------------------------------------------------------------------


 NSTEP =    48500   TIME(PS) =    1481.000  TEMP(K) =   296.37  PRESS =   315.7
 Etot   =    -44107.5700  EKtot   =     11060.8633  EPtot      =    -55168.4333
 BOND   =       360.1160  ANGLE   =       998.9314  DIHED      =      2145.4879
 1-4 NB =       456.2099  1-4 EEL =      6195.4752  VDWAALS    =      6756.8590
 EELEC  =    -72138.3498  EHBOND  =         0.0000  RESTRAINT  =        56.8370
 EAMBER (non-restraint)  =    -55225.2703
 EKCMT  =      4774.5584  VIRIAL  =      3535.8031  VOLUME     =    181749.9302
                                                    Density    =         1.0239
 ------------------------------------------------------------------------------


 NSTEP =    49000   TIME(PS) =    1482.000  TEMP(K) =   301.53  PRESS =  -132.5
 Etot   =    -44056.4472  EKtot   =     11253.5029  EPtot      =    -55309.9501
 BOND   =       328.5986  ANGLE   =       931.7600  DIHED      =      2168.1467
 1-4 NB =       445.0398  1-4 EEL =      6203.5360  VDWAALS    =      6672.9795
 EELEC  =    -72124.5240  EHBOND  =         0.0000  RESTRAINT  =        64.5133
 EAMBER (non-restraint)  =    -55374.4634
 EKCMT  =      4834.5146  VIRIAL  =      5355.5985  VOLUME     =    182100.1510
                                                    Density    =         1.0220
 ------------------------------------------------------------------------------


 NSTEP =    49500   TIME(PS) =    1483.000  TEMP(K) =   303.25  PRESS =   -78.6
 Etot   =    -44010.4466  EKtot   =     11317.7051  EPtot      =    -55328.1517
 BOND   =       343.4603  ANGLE   =       963.6450  DIHED      =      2159.2403
 1-4 NB =       442.4035  1-4 EEL =      6198.8933  VDWAALS    =      6662.3685
 EELEC  =    -72163.3768  EHBOND  =         0.0000  RESTRAINT  =        65.2140
 EAMBER (non-restraint)  =    -55393.3658
 EKCMT  =      4948.9516  VIRIAL  =      5258.9322  VOLUME     =    182642.1432
                                                    Density    =         1.0189
 ------------------------------------------------------------------------------


 NSTEP =    50000   TIME(PS) =    1484.000  TEMP(K) =   298.60  PRESS =    54.5
 Etot   =    -44010.3599  EKtot   =     11144.0117  EPtot      =    -55154.3716
 BOND   =       354.4594  ANGLE   =       936.3716  DIHED      =      2167.0487
 1-4 NB =       450.4021  1-4 EEL =      6214.0033  VDWAALS    =      6611.4386
 EELEC  =    -71951.6947  EHBOND  =         0.0000  RESTRAINT  =        63.5993
 EAMBER (non-restraint)  =    -55217.9709
 EKCMT  =      4913.9992  VIRIAL  =      4698.7682  VOLUME     =    182947.4341
                                                    Density    =         1.0172
 ------------------------------------------------------------------------------


      A V E R A G E S   O V E R     100 S T E P S


 NSTEP =    50000   TIME(PS) =    1484.000  TEMP(K) =   299.92  PRESS =    -7.4
 Etot   =    -43975.3755  EKtot   =     11193.2955  EPtot      =    -55168.6710
 BOND   =       348.1263  ANGLE   =       979.0564  DIHED      =      2156.2276
 1-4 NB =       446.1799  1-4 EEL =      6182.6669  VDWAALS    =      6607.6542
 EELEC  =    -71954.4940  EHBOND  =         0.0000  RESTRAINT  =        65.9118
 EAMBER (non-restraint)  =    -55234.5828
 EKCMT  =      4899.3272  VIRIAL  =      4928.5113  VOLUME     =    182086.2470
                                                    Density    =         1.0221
 ------------------------------------------------------------------------------


      R M S  F L U C T U A T I O N S


 NSTEP =    50000   TIME(PS) =    1484.000  TEMP(K) =     1.96  PRESS =   158.5
 Etot   =       123.6110  EKtot   =        73.1888  EPtot      =       103.3239
 BOND   =        15.4962  ANGLE   =        25.6198  DIHED      =        12.1149
 1-4 NB =         7.8136  1-4 EEL =        21.7094  VDWAALS    =        95.3586
 EELEC  =       155.3238  EHBOND  =         0.0000  RESTRAINT  =         4.4954
 EAMBER (non-restraint)  =        98.8285
 EKCMT  =        51.1320  VIRIAL  =       631.0329  VOLUME     =       439.7397
                                                    Density    =         0.0025
 ------------------------------------------------------------------------------

--------------------------------------------------------------------------------
   5.  TIMINGS
--------------------------------------------------------------------------------

|  NonSetup CPU Time in Major Routines:
|
|     Routine           Sec        %
|     ------------------------------
|     Nonbond          89.80   87.05
|     Bond              0.00    0.00
|     Angle             0.00    0.00
|     Dihedral          0.00    0.00
|     Shake             0.27    0.26
|     RunMD            13.06   12.66
|     Other             0.03    0.03
|     ------------------------------
|     Total           103.16

|  PME Nonbond Pairlist CPU Time:
|
|     Routine              Sec        %
|     ---------------------------------
|     Set Up Cit           0.00    0.00
|     Build List           0.00    0.00
|     ---------------------------------
|     Total                0.00    0.00

|  PME Direct Force CPU Time:
|
|     Routine              Sec        %
|     ---------------------------------
|     NonBonded Calc       0.00    0.00
|     Exclude Masked       0.00    0.00
|     Other                0.01    0.01
|     ---------------------------------
|     Total                0.01    0.01

|  PME Reciprocal Force CPU Time:
|
|     Routine              Sec        %
|     ---------------------------------
|     1D bspline           0.00    0.00
|     Grid Charges         0.00    0.00
|     Scalar Sum           0.00    0.00
|     Gradient Sum         0.00    0.00
|     FFT                  0.00    0.00
|     ---------------------------------
|     Total                0.00    0.00

|  Final Performance Info:
|     -----------------------------------------------------
|     Average timings for last   20500 steps:
|     Elapsed(s) =      42.29 Per Step(ms) =       2.06
|         ns/day =      83.76   seconds/ns =    1031.53
|
|     Average timings for all steps:
|     Elapsed(s) =     103.18 Per Step(ms) =       2.06
|         ns/day =      83.74   seconds/ns =    1031.81
|     -----------------------------------------------------

|  Setup CPU time:            0.44 seconds
|  NonSetup CPU time:       103.16 seconds
|  Total CPU time:          103.59 seconds     0.03 hours

|  Setup wall time:           0    seconds
|  NonSetup wall time:      103    seconds
|  Total wall time:         103    seconds     0.03 hours
