
          -------------------------------------------------------
          Amber 16 PMEMD                              2016
          -------------------------------------------------------

| PMEMD implementation of SANDER, Release 16

| Run on 07/04/2017 at 01:12:37

|   Executable path: pmemd.cuda
| Working directory: /home/german/obp/run/mu_ctv/mhe/e
|          Hostname: Unknown
  [-O]verwriting output

File Assignments:
|   MDIN: 26equ.in                                                              
|  MDOUT: 26equ.out                                                             
| INPCRD: 25emu_ctv.rst7                                                        
|   PARM: /home/german/obp/top_files/mu_ctv.prmtop                              
| RESTRT: 26emu_ctv.rst7                                                        
|   REFC: 25emu_ctv.rst7                                                        
|  MDVEL: mdvel                                                                 
|   MDEN: mden                                                                  
|  MDCRD: 26emu_ctv.nc                                                          
| MDINFO: mdinfo                                                                
|  MDFRC: mdfrc                                                                 


 Here is the input file:

Equilibration with solute restrictions                                         
&cntrl                                                                         
imin = 0,                           ! No Minimization                          
nmropt = 0,                         ! No NMR restraints read                   
                                                                               
! Nature and format of the input                                               
ntx = 5,                            ! Coordinates but no velocities will be rea
irest = 1,                          ! Do not run a new simulation              
                                                                               
! Nature and format of the output                                              
ntxo = 1,                           ! rstrt file in ASCII format               
ntpr = 500,                         ! inf in output every ntpr steps           
ntwr = 500,                         ! rstrt file every ntwr steps              
ntwx = 500,                         ! mdcrd file every ntwx steps              
ntwv = 0,                           ! mdvel without velocities                 
ntwe = 0,                           ! Energies and temperatures not written in 
idecomp = 0,                        ! No energy decomposition                  
iwrap = 1,                          ! Coordinates of the restart and mdcrd file
                                                                               
! Frozen or restrained atoms                                                   
ibelly = 0,                         ! No frozen atoms                          
ntr=1,                              ! Harmonic potential restraints            
restraint_wt = 0.2,                ! The weight for the positional restraints  
restraintmask = ':1-120@N,CA,C,O',  ! restrained residues                      
                                                                               
! Molecular dynamics                                                           
nstlim = 50000,                     ! Number of MD-steps                       
dt = 0.002,                         ! Time step                                
                                                                               
! Temperature regulation                                                       
ntt = 3,                            ! Langevin thermostat                      
gamma_ln = 5,                       ! Gamma constant for Langevin              
!temp0 = 300.0,                     ! Reference T at which the system is to be 
tempi = 300.0,                      ! Initial T                                
ig = -1,                            ! Seed for the RNG                         
                                                                               
! P and V regulation                                                           
ntp = 1,                            ! Constant P. Isotropic scaling            
barostat = 1,                       ! Berendsen barostat                       
taup = 1,                           ! Pressure relaxation time                 
nrespa = 1,                         ! Evaluate at each step                    
ntb = 2,                            ! Periodic box for constant P              
                                                                               
! SHAKE variables                                                              
ntc = 2,                            ! Bonds involving H are constrained        
ntf = 2,                            ! Bond interaction involving H are ommited.
                                                                               
cut = 10.0,                         ! Nonbonded cutoff                         
/                                                                              
&end                                                                           


Note: ig = -1. Setting random seed to   768786 based on wallclock time in 
      microseconds.
 
|--------------------- INFORMATION ----------------------
| GPU (CUDA) Version of PMEMD in use: NVIDIA GPU IN USE.
|                    Version 16.0.0
| 
|                      02/25/2016
| 
| Implementation by:
|                    Ross C. Walker     (SDSC)
|                    Scott Le Grand     (nVIDIA)
| 
| Precision model in use:
|      [SPFP] - Single Precision Forces, 64-bit Fixed Point
|               Accumulation. (Default)
| 
|--------------------------------------------------------
 
|----------------- CITATION INFORMATION -----------------
|
|    When publishing work that utilized the CUDA version
|    of AMBER, please cite the following in addition to
|    the regular AMBER citations:
|
|  - Romelia Salomon-Ferrer; Andreas W. Goetz; Duncan
|    Poole; Scott Le Grand; Ross C. Walker "Routine
|    microsecond molecular dynamics simulations with
|    AMBER - Part II: Particle Mesh Ewald", J. Chem.
|    Theory Comput., 2013, 9 (9), pp3878-3888,
|    DOI: 10.1021/ct400314y.
|
|  - Andreas W. Goetz; Mark J. Williamson; Dong Xu;
|    Duncan Poole; Scott Le Grand; Ross C. Walker
|    "Routine microsecond molecular dynamics simulations
|    with AMBER - Part I: Generalized Born", J. Chem.
|    Theory Comput., 2012, 8 (5), pp1542-1555.
|
|  - Scott Le Grand; Andreas W. Goetz; Ross C. Walker
|    "SPFP: Speed without compromise - a mixed precision
|    model for GPU accelerated molecular dynamics
|    simulations.", Comp. Phys. Comm., 2013, 184
|    pp374-380, DOI: 10.1016/j.cpc.2012.09.022
|
|--------------------------------------------------------
 
|------------------- GPU DEVICE INFO --------------------
|
|            CUDA_VISIBLE_DEVICES: 0
|   CUDA Capable Devices Detected:      1
|           CUDA Device ID in use:      0
|                CUDA Device Name: GeForce GTX 1060 6GB
|     CUDA Device Global Mem Size:   6072 MB
| CUDA Device Num Multiprocessors:     10
|           CUDA Device Core Freq:   1.76 GHz
|
|--------------------------------------------------------
 
 
| Conditional Compilation Defines Used:
| PUBFFT
| BINTRAJ
| CUDA
| EMIL

| Largest sphere to fit in unit cell has radius =    26.275

| New format PARM file being parsed.
| Version =    1.000 Date = 02/24/15 Time = 11:42:17

| Note: 1-4 EEL scale factors are being read from the topology file.

| Note: 1-4 VDW scale factors are being read from the topology file.
| Duplicated    0 dihedrals

| Duplicated    0 dihedrals

--------------------------------------------------------------------------------
   1.  RESOURCE   USE: 
--------------------------------------------------------------------------------

 getting new box info from bottom of inpcrd
 NATOM  =   18306 NTYPES =      18 NBONH =   17356 MBONA  =     953
 NTHETH =    2237 MTHETA =    1278 NPHIH =    4342 MPHIA  =    4359
 NHPARM =       0 NPARM  =       0 NNB   =   32466 NRES   =    5584
 NBONA  =     953 NTHETA =    1278 NPHIA =    4359 NUMBND =      69
 NUMANG =     147 NPTRA  =     245 NATYP =      40 NPHB   =       1
 IFBOX  =       1 NMXRS  =      26 IFCAP =       0 NEXTRA =       0
 NCOPY  =       0

| Coordinate Index Table dimensions:    10   11    9
| Direct force subcell size =     5.5751    5.6443    5.8389

     BOX TYPE: RECTILINEAR

--------------------------------------------------------------------------------
   2.  CONTROL  DATA  FOR  THE  RUN
--------------------------------------------------------------------------------

default_name                                                                    

General flags:
     imin    =       0, nmropt  =       0

Nature and format of input:
     ntx     =       5, irest   =       1, ntrx    =       1

Nature and format of output:
     ntxo    =       1, ntpr    =     500, ntrx    =       1, ntwr    =     500
     iwrap   =       1, ntwx    =     500, ntwv    =       0, ntwe    =       0
     ioutfm  =       1, ntwprt  =       0, idecomp =       0, rbornstat=      0

Potential function:
     ntf     =       2, ntb     =       2, igb     =       0, nsnb    =      25
     ipol    =       0, gbsa    =       0, iesp    =       0
     dielc   =   1.00000, cut     =  10.00000, intdiel =   1.00000

Frozen or restrained atoms:
     ibelly  =       0, ntr     =       1
     restraint_wt =   0.20000

Molecular dynamics:
     nstlim  =     50000, nscm    =         0, nrespa  =         1
     t       =   0.00000, dt      =   0.00200, vlimit  =  -1.00000

Langevin dynamics temperature regulation:
     ig      =  768786
     temp0   = 300.00000, tempi   = 300.00000, gamma_ln=   5.00000

Pressure regulation:
     ntp     =       1
     pres0   =   1.00000, comp    =  44.60000, taup    =   1.00000

SHAKE:
     ntc     =       2, jfastw  =       0
     tol     =   0.00001

| Intermolecular bonds treatment:
|     no_intermolecular_bonds =       1

| Energy averages sample interval:
|     ene_avg_sampling =     500

Ewald parameters:
     verbose =       0, ew_type =       0, nbflag  =       1, use_pme =       1
     vdwmeth =       1, eedmeth =       1, netfrc  =       1
     Box X =   55.751   Box Y =   62.087   Box Z =   52.550
     Alpha =   90.000   Beta  =   90.000   Gamma =   90.000
     NFFT1 =   56       NFFT2 =   64       NFFT3 =   56
     Cutoff=   10.000   Tol   =0.100E-04
     Ewald Coefficient =  0.27511
     Interpolation order =    4

    LOADING THE CONSTRAINED ATOMS AS GROUPS


   5.  REFERENCE ATOM COORDINATES

  default_name                                                                    
     Mask :1-120@N,CA,C,O; matches   476 atoms

--------------------------------------------------------------------------------
   3.  ATOMIC COORDINATES AND VELOCITIES
--------------------------------------------------------------------------------

default_name                                                                    
 begin time read from input coords =  2584.000 ps

 
 Number of triangulated 3-point waters found:     5461

     Sum of charges from parm topology file =   0.00000094
     Forcing neutrality...

| Dynamic Memory, Types Used:
| Reals              924858
| Integers           642951

| Nonbonded Pairs Initial Allocation:     5537107

| GPU memory information (estimate):
| KB of GPU memory in use:    116750
| KB of CPU memory in use:     23942

--------------------------------------------------------------------------------
   4.  RESULTS
--------------------------------------------------------------------------------

 ---------------------------------------------------
 APPROXIMATING switch and d/dx switch using CUBIC SPLINE INTERPOLATION
 using   5000.0 points per unit in tabled values
 TESTING RELATIVE ERROR over r ranging from 0.0 to cutoff
| CHECK switch(x): max rel err =   0.2738E-14   at   2.422500
| CHECK d/dx switch(x): max rel err =   0.8314E-11   at   2.736960
 ---------------------------------------------------
|---------------------------------------------------
| APPROXIMATING direct energy using CUBIC SPLINE INTERPOLATION
|  with   50.0 points per unit in tabled values
| Relative Error Limit not exceeded for r .gt.   2.33
| APPROXIMATING direct force using CUBIC SPLINE INTERPOLATION
|  with   50.0 points per unit in tabled values
| Relative Error Limit not exceeded for r .gt.   2.80
|---------------------------------------------------

 NSTEP =      500   TIME(PS) =    2585.000  TEMP(K) =   296.71  PRESS =    42.7
 Etot   =    -44139.3692  EKtot   =     11073.7100  EPtot      =    -55213.0792
 BOND   =       361.1545  ANGLE   =       979.9446  DIHED      =      2140.5077
 1-4 NB =       429.8151  1-4 EEL =      6164.4960  VDWAALS    =      6661.9144
 EELEC  =    -71965.3875  EHBOND  =         0.0000  RESTRAINT  =        14.4760
 EAMBER (non-restraint)  =    -55227.5551
 EKCMT  =      4797.0344  VIRIAL  =      4629.2754  VOLUME     =    182123.0035
                                                    Density    =         1.0218
 ------------------------------------------------------------------------------


 NSTEP =     1000   TIME(PS) =    2586.000  TEMP(K) =   303.97  PRESS =  -193.9
 Etot   =    -43960.4272  EKtot   =     11344.6123  EPtot      =    -55305.0395
 BOND   =       328.6536  ANGLE   =      1041.3141  DIHED      =      2123.1126
 1-4 NB =       443.8645  1-4 EEL =      6169.9572  VDWAALS    =      6630.2713
 EELEC  =    -72059.9569  EHBOND  =         0.0000  RESTRAINT  =        17.7441
 EAMBER (non-restraint)  =    -55322.7836
 EKCMT  =      4962.8086  VIRIAL  =      5724.0973  VOLUME     =    181803.4492
                                                    Density    =         1.0236
 ------------------------------------------------------------------------------


 NSTEP =     1500   TIME(PS) =    2587.000  TEMP(K) =   299.12  PRESS =   298.2
 Etot   =    -43869.3948  EKtot   =     11163.5000  EPtot      =    -55032.8948
 BOND   =       342.5318  ANGLE   =       985.0282  DIHED      =      2132.6428
 1-4 NB =       455.2668  1-4 EEL =      6135.3411  VDWAALS    =      6645.9265
 EELEC  =    -71746.0449  EHBOND  =         0.0000  RESTRAINT  =        16.4129
 EAMBER (non-restraint)  =    -55049.3077
 EKCMT  =      4970.7146  VIRIAL  =      3797.4255  VOLUME     =    182208.0014
                                                    Density    =         1.0214
 ------------------------------------------------------------------------------


 NSTEP =     2000   TIME(PS) =    2588.000  TEMP(K) =   297.04  PRESS =  -100.6
 Etot   =    -44188.7563  EKtot   =     11086.1465  EPtot      =    -55274.9028
 BOND   =       324.8036  ANGLE   =       962.9464  DIHED      =      2137.6643
 1-4 NB =       442.1898  1-4 EEL =      6158.1403  VDWAALS    =      6679.2416
 EELEC  =    -71997.8255  EHBOND  =         0.0000  RESTRAINT  =        17.9368
 EAMBER (non-restraint)  =    -55292.8396
 EKCMT  =      4819.7778  VIRIAL  =      5215.1827  VOLUME     =    181967.0273
                                                    Density    =         1.0227
 ------------------------------------------------------------------------------


 NSTEP =     2500   TIME(PS) =    2589.000  TEMP(K) =   297.77  PRESS =   -91.8
 Etot   =    -44034.6790  EKtot   =     11113.0879  EPtot      =    -55147.7669
 BOND   =       359.2672  ANGLE   =       979.0487  DIHED      =      2145.9040
 1-4 NB =       453.8353  1-4 EEL =      6191.9011  VDWAALS    =      6555.4187
 EELEC  =    -71851.1480  EHBOND  =         0.0000  RESTRAINT  =        18.0060
 EAMBER (non-restraint)  =    -55165.7729
 EKCMT  =      4903.3163  VIRIAL  =      5264.5423  VOLUME     =    182173.7561
                                                    Density    =         1.0216
 ------------------------------------------------------------------------------


 NSTEP =     3000   TIME(PS) =    2590.000  TEMP(K) =   305.68  PRESS =  -245.9
 Etot   =    -43745.2573  EKtot   =     11408.3584  EPtot      =    -55153.6157
 BOND   =       351.3232  ANGLE   =       992.0743  DIHED      =      2142.3802
 1-4 NB =       445.2430  1-4 EEL =      6164.4474  VDWAALS    =      6657.2935
 EELEC  =    -71921.5004  EHBOND  =         0.0000  RESTRAINT  =        15.1231
 EAMBER (non-restraint)  =    -55168.7388
 EKCMT  =      5004.2274  VIRIAL  =      5972.9008  VOLUME     =    182429.4099
                                                    Density    =         1.0201
 ------------------------------------------------------------------------------


 NSTEP =     3500   TIME(PS) =    2591.000  TEMP(K) =   302.59  PRESS =  -108.8
 Etot   =    -43978.6104  EKtot   =     11292.9824  EPtot      =    -55271.5928
 BOND   =       333.9851  ANGLE   =      1016.5393  DIHED      =      2135.4526
 1-4 NB =       444.4686  1-4 EEL =      6172.2161  VDWAALS    =      6595.1559
 EELEC  =    -71988.8187  EHBOND  =         0.0000  RESTRAINT  =        19.4083
 EAMBER (non-restraint)  =    -55291.0011
 EKCMT  =      4855.6278  VIRIAL  =      5283.0553  VOLUME     =    181980.2700
                                                    Density    =         1.0226
 ------------------------------------------------------------------------------


 NSTEP =     4000   TIME(PS) =    2592.000  TEMP(K) =   300.41  PRESS =  -259.9
 Etot   =    -44146.9554  EKtot   =     11211.6641  EPtot      =    -55358.6194
 BOND   =       363.6604  ANGLE   =       932.2163  DIHED      =      2141.8143
 1-4 NB =       430.0082  1-4 EEL =      6122.3181  VDWAALS    =      6452.8329
 EELEC  =    -71816.7680  EHBOND  =         0.0000  RESTRAINT  =        15.2984
 EAMBER (non-restraint)  =    -55373.9179
 EKCMT  =      4875.9372  VIRIAL  =      5895.8926  VOLUME     =    181734.6001
                                                    Density    =         1.0240
 ------------------------------------------------------------------------------


 NSTEP =     4500   TIME(PS) =    2593.000  TEMP(K) =   299.14  PRESS =  -120.1
 Etot   =    -44146.8069  EKtot   =     11164.2539  EPtot      =    -55311.0608
 BOND   =       344.7055  ANGLE   =       927.0827  DIHED      =      2132.8519
 1-4 NB =       451.3125  1-4 EEL =      6171.3484  VDWAALS    =      6587.4015
 EELEC  =    -71943.6977  EHBOND  =         0.0000  RESTRAINT  =        17.9344
 EAMBER (non-restraint)  =    -55328.9952
 EKCMT  =      4919.5780  VIRIAL  =      5391.5980  VOLUME     =    181956.9836
                                                    Density    =         1.0228
 ------------------------------------------------------------------------------


 NSTEP =     5000   TIME(PS) =    2594.000  TEMP(K) =   297.70  PRESS =  -142.1
 Etot   =    -44100.4173  EKtot   =     11110.6973  EPtot      =    -55211.1146
 BOND   =       355.3965  ANGLE   =      1019.9441  DIHED      =      2138.2938
 1-4 NB =       456.2424  1-4 EEL =      6150.1951  VDWAALS    =      6582.1752
 EELEC  =    -71934.1343  EHBOND  =         0.0000  RESTRAINT  =        20.7726
 EAMBER (non-restraint)  =    -55231.8872
 EKCMT  =      4833.7285  VIRIAL  =      5391.5988  VOLUME     =    181819.6915
                                                    Density    =         1.0236
 ------------------------------------------------------------------------------


 NSTEP =     5500   TIME(PS) =    2595.000  TEMP(K) =   298.28  PRESS =   178.4
 Etot   =    -44029.0563  EKtot   =     11132.4121  EPtot      =    -55161.4684
 BOND   =       367.3683  ANGLE   =       986.1126  DIHED      =      2144.1599
 1-4 NB =       440.5586  1-4 EEL =      6158.7180  VDWAALS    =      6757.3098
 EELEC  =    -72037.3521  EHBOND  =         0.0000  RESTRAINT  =        21.6565
 EAMBER (non-restraint)  =    -55183.1249
 EKCMT  =      4927.9651  VIRIAL  =      4225.8134  VOLUME     =    182326.8866
                                                    Density    =         1.0207
 ------------------------------------------------------------------------------


 NSTEP =     6000   TIME(PS) =    2596.000  TEMP(K) =   300.66  PRESS =   -21.2
 Etot   =    -43770.7347  EKtot   =     11220.9766  EPtot      =    -54991.7112
 BOND   =       353.7892  ANGLE   =      1020.5577  DIHED      =      2142.0805
 1-4 NB =       438.1615  1-4 EEL =      6145.7787  VDWAALS    =      6512.4334
 EELEC  =    -71626.3920  EHBOND  =         0.0000  RESTRAINT  =        21.8798
 EAMBER (non-restraint)  =    -55013.5910
 EKCMT  =      4886.3389  VIRIAL  =      4969.7957  VOLUME     =    182498.8638
                                                    Density    =         1.0197
 ------------------------------------------------------------------------------


 NSTEP =     6500   TIME(PS) =    2597.000  TEMP(K) =   300.63  PRESS =  -168.2
 Etot   =    -43927.9902  EKtot   =     11219.7881  EPtot      =    -55147.7783
 BOND   =       351.8828  ANGLE   =       967.8735  DIHED      =      2147.8120
 1-4 NB =       451.1847  1-4 EEL =      6198.7603  VDWAALS    =      6561.5009
 EELEC  =    -71843.4543  EHBOND  =         0.0000  RESTRAINT  =        16.6618
 EAMBER (non-restraint)  =    -55164.4401
 EKCMT  =      4917.7269  VIRIAL  =      5579.5428  VOLUME     =    182228.3289
                                                    Density    =         1.0213
 ------------------------------------------------------------------------------


 NSTEP =     7000   TIME(PS) =    2598.000  TEMP(K) =   302.34  PRESS =   -65.8
 Etot   =    -43964.9818  EKtot   =     11283.8447  EPtot      =    -55248.8265
 BOND   =       361.4210  ANGLE   =       999.2133  DIHED      =      2144.6004
 1-4 NB =       441.8190  1-4 EEL =      6168.1764  VDWAALS    =      6693.7996
 EELEC  =    -72076.7613  EHBOND  =         0.0000  RESTRAINT  =        18.9052
 EAMBER (non-restraint)  =    -55267.7317
 EKCMT  =      4874.4485  VIRIAL  =      5133.7659  VOLUME     =    182485.3988
                                                    Density    =         1.0198
 ------------------------------------------------------------------------------


 NSTEP =     7500   TIME(PS) =    2599.000  TEMP(K) =   298.79  PRESS =    94.8
 Etot   =    -44093.5829  EKtot   =     11151.1973  EPtot      =    -55244.7802
 BOND   =       350.3790  ANGLE   =      1046.0876  DIHED      =      2126.0704
 1-4 NB =       431.3918  1-4 EEL =      6153.1486  VDWAALS    =      6690.0274
 EELEC  =    -72059.6936  EHBOND  =         0.0000  RESTRAINT  =        17.8087
 EAMBER (non-restraint)  =    -55262.5889
 EKCMT  =      4854.3614  VIRIAL  =      4481.6822  VOLUME     =    182083.7390
                                                    Density    =         1.0221
 ------------------------------------------------------------------------------


 NSTEP =     8000   TIME(PS) =    2600.000  TEMP(K) =   301.99  PRESS =   130.0
 Etot   =    -43880.1257  EKtot   =     11270.5732  EPtot      =    -55150.6990
 BOND   =       356.5365  ANGLE   =      1032.1842  DIHED      =      2127.2784
 1-4 NB =       442.2329  1-4 EEL =      6178.7529  VDWAALS    =      6616.4892
 EELEC  =    -71922.9500  EHBOND  =         0.0000  RESTRAINT  =        18.7769
 EAMBER (non-restraint)  =    -55169.4759
 EKCMT  =      4941.1490  VIRIAL  =      4429.9685  VOLUME     =    182065.1488
                                                    Density    =         1.0222
 ------------------------------------------------------------------------------


 NSTEP =     8500   TIME(PS) =    2601.000  TEMP(K) =   298.75  PRESS =  -127.6
 Etot   =    -44212.3969  EKtot   =     11149.6689  EPtot      =    -55362.0658
 BOND   =       340.6508  ANGLE   =       996.5147  DIHED      =      2144.7678
 1-4 NB =       451.8360  1-4 EEL =      6169.8726  VDWAALS    =      6644.7142
 EELEC  =    -72131.2256  EHBOND  =         0.0000  RESTRAINT  =        20.8037
 EAMBER (non-restraint)  =    -55382.8695
 EKCMT  =      4860.2596  VIRIAL  =      5360.7461  VOLUME     =    181618.3526
                                                    Density    =         1.0247
 ------------------------------------------------------------------------------


 NSTEP =     9000   TIME(PS) =    2602.000  TEMP(K) =   298.87  PRESS =   -37.6
 Etot   =    -44047.5840  EKtot   =     11154.1250  EPtot      =    -55201.7090
 BOND   =       346.1974  ANGLE   =      1043.5996  DIHED      =      2129.3588
 1-4 NB =       435.9906  1-4 EEL =      6195.0308  VDWAALS    =      6449.0373
 EELEC  =    -71819.8648  EHBOND  =         0.0000  RESTRAINT  =        18.9413
 EAMBER (non-restraint)  =    -55220.6503
 EKCMT  =      4816.3382  VIRIAL  =      4963.6760  VOLUME     =    181520.5635
                                                    Density    =         1.0252
 ------------------------------------------------------------------------------


 NSTEP =     9500   TIME(PS) =    2603.000  TEMP(K) =   303.09  PRESS =  -348.3
 Etot   =    -43929.1007  EKtot   =     11311.9395  EPtot      =    -55241.0401
 BOND   =       333.4216  ANGLE   =       980.6735  DIHED      =      2165.4660
 1-4 NB =       452.3552  1-4 EEL =      6181.6733  VDWAALS    =      6506.4354
 EELEC  =    -71880.2691  EHBOND  =         0.0000  RESTRAINT  =        19.2041
 EAMBER (non-restraint)  =    -55260.2442
 EKCMT  =      4933.9975  VIRIAL  =      6301.0272  VOLUME     =    181803.8911
                                                    Density    =         1.0236
 ------------------------------------------------------------------------------


 NSTEP =    10000   TIME(PS) =    2604.000  TEMP(K) =   297.49  PRESS =    74.0
 Etot   =    -44008.2608  EKtot   =     11102.6797  EPtot      =    -55110.9405
 BOND   =       347.7352  ANGLE   =       981.1645  DIHED      =      2139.0529
 1-4 NB =       453.6174  1-4 EEL =      6202.8212  VDWAALS    =      6601.9583
 EELEC  =    -71854.1979  EHBOND  =         0.0000  RESTRAINT  =        16.9079
 EAMBER (non-restraint)  =    -55127.8484
 EKCMT  =      4869.9957  VIRIAL  =      4578.8876  VOLUME     =    182126.2880
                                                    Density    =         1.0218
 ------------------------------------------------------------------------------


 NSTEP =    10500   TIME(PS) =    2605.000  TEMP(K) =   298.72  PRESS =   270.9
 Etot   =    -43988.2175  EKtot   =     11148.8447  EPtot      =    -55137.0622
 BOND   =       368.4730  ANGLE   =      1017.1016  DIHED      =      2134.3536
 1-4 NB =       427.8039  1-4 EEL =      6134.5836  VDWAALS    =      6777.3497
 EELEC  =    -72016.7526  EHBOND  =         0.0000  RESTRAINT  =        20.0250
 EAMBER (non-restraint)  =    -55157.0873
 EKCMT  =      4918.4432  VIRIAL  =      3851.4680  VOLUME     =    182394.0784
                                                    Density    =         1.0203
 ------------------------------------------------------------------------------


 NSTEP =    11000   TIME(PS) =    2606.000  TEMP(K) =   302.21  PRESS =  -212.3
 Etot   =    -43747.2743  EKtot   =     11278.7930  EPtot      =    -55026.0673
 BOND   =       352.9470  ANGLE   =      1026.0258  DIHED      =      2124.5648
 1-4 NB =       462.1049  1-4 EEL =      6158.9787  VDWAALS    =      6386.8887
 EELEC  =    -71554.6327  EHBOND  =         0.0000  RESTRAINT  =        17.0556
 EAMBER (non-restraint)  =    -55043.1229
 EKCMT  =      4811.8865  VIRIAL  =      5648.8584  VOLUME     =    182579.6559
                                                    Density    =         1.0193
 ------------------------------------------------------------------------------


 NSTEP =    11500   TIME(PS) =    2607.000  TEMP(K) =   301.57  PRESS =   324.4
 Etot   =    -43845.6044  EKtot   =     11255.1328  EPtot      =    -55100.7372
 BOND   =       358.8805  ANGLE   =      1027.7927  DIHED      =      2114.8207
 1-4 NB =       442.6602  1-4 EEL =      6161.0170  VDWAALS    =      6590.0709
 EELEC  =    -71815.4309  EHBOND  =         0.0000  RESTRAINT  =        19.4517
 EAMBER (non-restraint)  =    -55120.1889
 EKCMT  =      4895.3979  VIRIAL  =      3615.7842  VOLUME     =    182682.5618
                                                    Density    =         1.0187
 ------------------------------------------------------------------------------


 NSTEP =    12000   TIME(PS) =    2608.000  TEMP(K) =   301.23  PRESS =   173.6
 Etot   =    -43762.9049  EKtot   =     11242.1963  EPtot      =    -55005.1012
 BOND   =       343.1878  ANGLE   =      1014.7267  DIHED      =      2141.1212
 1-4 NB =       439.4183  1-4 EEL =      6136.0588  VDWAALS    =      6603.5734
 EELEC  =    -71700.2236  EHBOND  =         0.0000  RESTRAINT  =        17.0362
 EAMBER (non-restraint)  =    -55022.1374
 EKCMT  =      4876.7469  VIRIAL  =      4192.4245  VOLUME     =    182617.9686
                                                    Density    =         1.0191
 ------------------------------------------------------------------------------


 NSTEP =    12500   TIME(PS) =    2609.000  TEMP(K) =   300.14  PRESS =  -146.8
 Etot   =    -44075.1830  EKtot   =     11201.5166  EPtot      =    -55276.6996
 BOND   =       346.3918  ANGLE   =       988.0096  DIHED      =      2110.9695
 1-4 NB =       462.5036  1-4 EEL =      6143.0956  VDWAALS    =      6608.5305
 EELEC  =    -71953.4849  EHBOND  =         0.0000  RESTRAINT  =        17.2847
 EAMBER (non-restraint)  =    -55293.9842
 EKCMT  =      4844.5763  VIRIAL  =      5423.6098  VOLUME     =    182698.7032
                                                    Density    =         1.0186
 ------------------------------------------------------------------------------


 NSTEP =    13000   TIME(PS) =    2610.000  TEMP(K) =   303.02  PRESS =   -47.2
 Etot   =    -44062.3083  EKtot   =     11309.1504  EPtot      =    -55371.4586
 BOND   =       334.9767  ANGLE   =      1035.8882  DIHED      =      2146.6593
 1-4 NB =       459.3636  1-4 EEL =      6154.0866  VDWAALS    =      6794.6323
 EELEC  =    -72316.7292  EHBOND  =         0.0000  RESTRAINT  =        19.6639
 EAMBER (non-restraint)  =    -55391.1226
 EKCMT  =      4943.7990  VIRIAL  =      5130.5206  VOLUME     =    183129.3422
                                                    Density    =         1.0162
 ------------------------------------------------------------------------------


 NSTEP =    13500   TIME(PS) =    2611.000  TEMP(K) =   299.50  PRESS =   -29.1
 Etot   =    -44321.4274  EKtot   =     11177.7812  EPtot      =    -55499.2087
 BOND   =       351.9777  ANGLE   =       990.0148  DIHED      =      2124.6193
 1-4 NB =       448.2967  1-4 EEL =      6190.0187  VDWAALS    =      6677.5715
 EELEC  =    -72305.6727  EHBOND  =         0.0000  RESTRAINT  =        23.9653
 EAMBER (non-restraint)  =    -55523.1740
 EKCMT  =      4942.0744  VIRIAL  =      5056.8494  VOLUME     =    182712.8751
                                                    Density    =         1.0185
 ------------------------------------------------------------------------------


 NSTEP =    14000   TIME(PS) =    2612.000  TEMP(K) =   296.48  PRESS =  -155.3
 Etot   =    -44186.0528  EKtot   =     11064.8906  EPtot      =    -55250.9434
 BOND   =       362.2844  ANGLE   =      1004.3212  DIHED      =      2150.7804
 1-4 NB =       431.2565  1-4 EEL =      6141.2927  VDWAALS    =      6660.6769
 EELEC  =    -72024.5131  EHBOND  =         0.0000  RESTRAINT  =        22.9576
 EAMBER (non-restraint)  =    -55273.9010
 EKCMT  =      4825.0028  VIRIAL  =      5436.0305  VOLUME     =    182236.8682
                                                    Density    =         1.0212
 ------------------------------------------------------------------------------


 NSTEP =    14500   TIME(PS) =    2613.000  TEMP(K) =   298.57  PRESS =    17.5
 Etot   =    -44236.3098  EKtot   =     11143.0352  EPtot      =    -55379.3449
 BOND   =       346.1232  ANGLE   =      1009.4142  DIHED      =      2126.9486
 1-4 NB =       435.9942  1-4 EEL =      6145.9206  VDWAALS    =      6810.2395
 EELEC  =    -72270.9181  EHBOND  =         0.0000  RESTRAINT  =        16.9329
 EAMBER (non-restraint)  =    -55396.2779
 EKCMT  =      4893.9839  VIRIAL  =      4825.2464  VOLUME     =    182368.9169
                                                    Density    =         1.0205
 ------------------------------------------------------------------------------


 NSTEP =    15000   TIME(PS) =    2614.000  TEMP(K) =   297.80  PRESS =  -140.0
 Etot   =    -44086.2895  EKtot   =     11114.4893  EPtot      =    -55200.7787
 BOND   =       347.0618  ANGLE   =       990.0216  DIHED      =      2129.1375
 1-4 NB =       449.5860  1-4 EEL =      6156.2721  VDWAALS    =      6557.8596
 EELEC  =    -71847.9879  EHBOND  =         0.0000  RESTRAINT  =        17.2705
 EAMBER (non-restraint)  =    -55218.0493
 EKCMT  =      4914.7725  VIRIAL  =      5464.4892  VOLUME     =    181873.3372
                                                    Density    =         1.0232
 ------------------------------------------------------------------------------


 NSTEP =    15500   TIME(PS) =    2615.000  TEMP(K) =   299.67  PRESS =  -172.1
 Etot   =    -43913.9962  EKtot   =     11184.1582  EPtot      =    -55098.1544
 BOND   =       356.4779  ANGLE   =      1019.0351  DIHED      =      2152.3167
 1-4 NB =       435.4327  1-4 EEL =      6168.9930  VDWAALS    =      6586.4022
 EELEC  =    -71832.8550  EHBOND  =         0.0000  RESTRAINT  =        16.0429
 EAMBER (non-restraint)  =    -55114.1973
 EKCMT  =      4873.2089  VIRIAL  =      5550.8355  VOLUME     =    182338.0502
                                                    Density    =         1.0206
 ------------------------------------------------------------------------------


 NSTEP =    16000   TIME(PS) =    2616.000  TEMP(K) =   299.80  PRESS =    16.5
 Etot   =    -43876.2070  EKtot   =     11189.0312  EPtot      =    -55065.2382
 BOND   =       329.8037  ANGLE   =       958.5519  DIHED      =      2160.2229
 1-4 NB =       451.0412  1-4 EEL =      6184.6251  VDWAALS    =      6515.2529
 EELEC  =    -71681.3587  EHBOND  =         0.0000  RESTRAINT  =        16.6226
 EAMBER (non-restraint)  =    -55081.8609
 EKCMT  =      4852.2997  VIRIAL  =      4787.3238  VOLUME     =    182513.3889
                                                    Density    =         1.0197
 ------------------------------------------------------------------------------


 NSTEP =    16500   TIME(PS) =    2617.000  TEMP(K) =   300.96  PRESS =  -142.3
 Etot   =    -43742.5161  EKtot   =     11232.4395  EPtot      =    -54974.9555
 BOND   =       350.6930  ANGLE   =       958.1793  DIHED      =      2158.7641
 1-4 NB =       438.0853  1-4 EEL =      6147.8875  VDWAALS    =      6433.7196
 EELEC  =    -71479.5141  EHBOND  =         0.0000  RESTRAINT  =        17.2297
 EAMBER (non-restraint)  =    -54992.1853
 EKCMT  =      4885.1921  VIRIAL  =      5446.1271  VOLUME     =    182570.2853
                                                    Density    =         1.0193
 ------------------------------------------------------------------------------


 NSTEP =    17000   TIME(PS) =    2618.000  TEMP(K) =   297.70  PRESS =    24.1
 Etot   =    -44005.2980  EKtot   =     11110.7217  EPtot      =    -55116.0196
 BOND   =       356.1650  ANGLE   =      1016.2343  DIHED      =      2126.1083
 1-4 NB =       433.4323  1-4 EEL =      6150.6242  VDWAALS    =      6653.7431
 EELEC  =    -71870.3951  EHBOND  =         0.0000  RESTRAINT  =        18.0683
 EAMBER (non-restraint)  =    -55134.0880
 EKCMT  =      4877.1813  VIRIAL  =      4782.6550  VOLUME     =    181957.3191
                                                    Density    =         1.0228
 ------------------------------------------------------------------------------


 NSTEP =    17500   TIME(PS) =    2619.000  TEMP(K) =   299.56  PRESS =   159.3
 Etot   =    -44030.1453  EKtot   =     11179.9131  EPtot      =    -55210.0584
 BOND   =       331.6601  ANGLE   =       976.1505  DIHED      =      2162.4489
 1-4 NB =       450.7253  1-4 EEL =      6135.0137  VDWAALS    =      6790.4067
 EELEC  =    -72075.5421  EHBOND  =         0.0000  RESTRAINT  =        19.0784
 EAMBER (non-restraint)  =    -55229.1368
 EKCMT  =      4822.0585  VIRIAL  =      4196.2391  VOLUME     =    181995.5275
                                                    Density    =         1.0226
 ------------------------------------------------------------------------------


 NSTEP =    18000   TIME(PS) =    2620.000  TEMP(K) =   302.67  PRESS =    56.7
 Etot   =    -43864.6272  EKtot   =     11296.0615  EPtot      =    -55160.6887
 BOND   =       361.1236  ANGLE   =       967.8797  DIHED      =      2131.9523
 1-4 NB =       442.4674  1-4 EEL =      6165.8724  VDWAALS    =      6715.8385
 EELEC  =    -71964.6477  EHBOND  =         0.0000  RESTRAINT  =        18.8251
 EAMBER (non-restraint)  =    -55179.5138
 EKCMT  =      4964.1559  VIRIAL  =      4741.7845  VOLUME     =    181731.5367
                                                    Density    =         1.0240
 ------------------------------------------------------------------------------


 NSTEP =    18500   TIME(PS) =    2621.000  TEMP(K) =   303.25  PRESS =   -81.9
 Etot   =    -43761.7355  EKtot   =     11317.8047  EPtot      =    -55079.5401
 BOND   =       354.6127  ANGLE   =       992.5530  DIHED      =      2150.6947
 1-4 NB =       448.9293  1-4 EEL =      6164.3003  VDWAALS    =      6536.1206
 EELEC  =    -71743.6792  EHBOND  =         0.0000  RESTRAINT  =        16.9283
 EAMBER (non-restraint)  =    -55096.4685
 EKCMT  =      4887.3906  VIRIAL  =      5209.3015  VOLUME     =    182053.7385
                                                    Density    =         1.0222
 ------------------------------------------------------------------------------


 NSTEP =    19000   TIME(PS) =    2622.000  TEMP(K) =   302.59  PRESS =    46.0
 Etot   =    -43834.8052  EKtot   =     11292.9355  EPtot      =    -55127.7408
 BOND   =       360.0904  ANGLE   =       998.2086  DIHED      =      2135.3337
 1-4 NB =       452.7368  1-4 EEL =      6186.3897  VDWAALS    =      6594.0361
 EELEC  =    -71875.1474  EHBOND  =         0.0000  RESTRAINT  =        20.6114
 EAMBER (non-restraint)  =    -55148.3522
 EKCMT  =      4879.4946  VIRIAL  =      4698.3961  VOLUME     =    182217.9896
                                                    Density    =         1.0213
 ------------------------------------------------------------------------------


 NSTEP =    19500   TIME(PS) =    2623.000  TEMP(K) =   300.27  PRESS =    45.4
 Etot   =    -43989.0936  EKtot   =     11206.3984  EPtot      =    -55195.4920
 BOND   =       368.2889  ANGLE   =      1035.9946  DIHED      =      2112.4151
 1-4 NB =       437.9563  1-4 EEL =      6164.9281  VDWAALS    =      6557.7947
 EELEC  =    -71892.1854  EHBOND  =         0.0000  RESTRAINT  =        19.3156
 EAMBER (non-restraint)  =    -55214.8076
 EKCMT  =      4856.2563  VIRIAL  =      4678.1121  VOLUME     =    181869.5857
                                                    Density    =         1.0233
 ------------------------------------------------------------------------------


 NSTEP =    20000   TIME(PS) =    2624.000  TEMP(K) =   301.64  PRESS =  -270.8
 Etot   =    -44012.2787  EKtot   =     11257.7812  EPtot      =    -55270.0600
 BOND   =       363.9064  ANGLE   =       956.1041  DIHED      =      2133.9152
 1-4 NB =       440.6110  1-4 EEL =      6149.9312  VDWAALS    =      6477.5201
 EELEC  =    -71811.4800  EHBOND  =         0.0000  RESTRAINT  =        19.4320
 EAMBER (non-restraint)  =    -55289.4920
 EKCMT  =      4987.4540  VIRIAL  =      6049.7777  VOLUME     =    181672.4119
                                                    Density    =         1.0244
 ------------------------------------------------------------------------------


 NSTEP =    20500   TIME(PS) =    2625.000  TEMP(K) =   296.38  PRESS =    88.9
 Etot   =    -44097.5300  EKtot   =     11061.1582  EPtot      =    -55158.6882
 BOND   =       327.9206  ANGLE   =      1040.7002  DIHED      =      2101.5122
 1-4 NB =       436.5095  1-4 EEL =      6169.7037  VDWAALS    =      6677.0742
 EELEC  =    -71932.2252  EHBOND  =         0.0000  RESTRAINT  =        20.1165
 EAMBER (non-restraint)  =    -55178.8047
 EKCMT  =      4826.4787  VIRIAL  =      4478.1460  VOLUME     =    181549.3437
                                                    Density    =         1.0251
 ------------------------------------------------------------------------------


 NSTEP =    21000   TIME(PS) =    2626.000  TEMP(K) =   298.13  PRESS =   -31.0
 Etot   =    -43929.2806  EKtot   =     11126.8096  EPtot      =    -55056.0901
 BOND   =       341.1441  ANGLE   =       975.2081  DIHED      =      2157.0841
 1-4 NB =       429.5161  1-4 EEL =      6145.2856  VDWAALS    =      6537.4254
 EELEC  =    -71664.9358  EHBOND  =         0.0000  RESTRAINT  =        23.1821
 EAMBER (non-restraint)  =    -55079.2722
 EKCMT  =      4946.8248  VIRIAL  =      5068.1328  VOLUME     =    181316.8668
                                                    Density    =         1.0264
 ------------------------------------------------------------------------------


 NSTEP =    21500   TIME(PS) =    2627.000  TEMP(K) =   299.99  PRESS =   -88.4
 Etot   =    -43914.1379  EKtot   =     11196.0684  EPtot      =    -55110.2062
 BOND   =       334.6228  ANGLE   =      1003.4941  DIHED      =      2143.7262
 1-4 NB =       446.6095  1-4 EEL =      6170.3792  VDWAALS    =      6558.5163
 EELEC  =    -71786.4296  EHBOND  =         0.0000  RESTRAINT  =        18.8753
 EAMBER (non-restraint)  =    -55129.0816
 EKCMT  =      4887.7614  VIRIAL  =      5235.1433  VOLUME     =    182062.1235
                                                    Density    =         1.0222
 ------------------------------------------------------------------------------


 NSTEP =    22000   TIME(PS) =    2628.000  TEMP(K) =   298.22  PRESS =   300.8
 Etot   =    -43944.7427  EKtot   =     11130.0137  EPtot      =    -55074.7564
 BOND   =       366.9098  ANGLE   =      1019.1044  DIHED      =      2120.7843
 1-4 NB =       442.3312  1-4 EEL =      6145.3436  VDWAALS    =      6661.3902
 EELEC  =    -71849.6948  EHBOND  =         0.0000  RESTRAINT  =        19.0750
 EAMBER (non-restraint)  =    -55093.8314
 EKCMT  =      4881.7623  VIRIAL  =      3698.2828  VOLUME     =    182234.7701
                                                    Density    =         1.0212
 ------------------------------------------------------------------------------


 NSTEP =    22500   TIME(PS) =    2629.000  TEMP(K) =   300.15  PRESS =   139.6
 Etot   =    -43920.2704  EKtot   =     11201.8701  EPtot      =    -55122.1405
 BOND   =       367.1817  ANGLE   =       977.1434  DIHED      =      2123.1059
 1-4 NB =       450.1492  1-4 EEL =      6179.3322  VDWAALS    =      6717.3792
 EELEC  =    -71954.7357  EHBOND  =         0.0000  RESTRAINT  =        18.3036
 EAMBER (non-restraint)  =    -55140.4442
 EKCMT  =      4904.8871  VIRIAL  =      4354.2105  VOLUME     =    182704.9322
                                                    Density    =         1.0186
 ------------------------------------------------------------------------------


 NSTEP =    23000   TIME(PS) =    2630.000  TEMP(K) =   296.35  PRESS =   183.2
 Etot   =    -44079.1899  EKtot   =     11060.0303  EPtot      =    -55139.2202
 BOND   =       348.6865  ANGLE   =       996.0990  DIHED      =      2137.6611
 1-4 NB =       442.6042  1-4 EEL =      6131.6895  VDWAALS    =      6738.6535
 EELEC  =    -71952.6702  EHBOND  =         0.0000  RESTRAINT  =        18.0562
 EAMBER (non-restraint)  =    -55157.2764
 EKCMT  =      4842.8269  VIRIAL  =      4118.6351  VOLUME     =    183083.0195
                                                    Density    =         1.0165
 ------------------------------------------------------------------------------


 NSTEP =    23500   TIME(PS) =    2631.000  TEMP(K) =   299.80  PRESS =  -283.3
 Etot   =    -44189.3609  EKtot   =     11188.9248  EPtot      =    -55378.2857
 BOND   =       362.4535  ANGLE   =       998.0171  DIHED      =      2137.3705
 1-4 NB =       433.4292  1-4 EEL =      6153.5802  VDWAALS    =      6481.3687
 EELEC  =    -71963.7903  EHBOND  =         0.0000  RESTRAINT  =        19.2854
 EAMBER (non-restraint)  =    -55397.5711
 EKCMT  =      4889.0442  VIRIAL  =      6007.3349  VOLUME     =    182837.0317
                                                    Density    =         1.0179
 ------------------------------------------------------------------------------


 NSTEP =    24000   TIME(PS) =    2632.000  TEMP(K) =   300.32  PRESS =    81.4
 Etot   =    -43967.6582  EKtot   =     11208.5205  EPtot      =    -55176.1788
 BOND   =       325.5708  ANGLE   =      1018.7008  DIHED      =      2110.5353
 1-4 NB =       447.8188  1-4 EEL =      6162.5014  VDWAALS    =      6630.2055
 EELEC  =    -71887.7096  EHBOND  =         0.0000  RESTRAINT  =        16.1982
 EAMBER (non-restraint)  =    -55192.3770
 EKCMT  =      4867.0736  VIRIAL  =      4546.0425  VOLUME     =    182603.4739
                                                    Density    =         1.0192
 ------------------------------------------------------------------------------


 NSTEP =    24500   TIME(PS) =    2633.000  TEMP(K) =   302.67  PRESS =   -76.6
 Etot   =    -43958.1035  EKtot   =     11296.0527  EPtot      =    -55254.1563
 BOND   =       362.9147  ANGLE   =       982.0132  DIHED      =      2130.1045
 1-4 NB =       429.6052  1-4 EEL =      6156.3998  VDWAALS    =      6679.0725
 EELEC  =    -72016.8904  EHBOND  =         0.0000  RESTRAINT  =        22.6242
 EAMBER (non-restraint)  =    -55276.7804
 EKCMT  =      4925.2905  VIRIAL  =      5226.8896  VOLUME     =    182368.0210
                                                    Density    =         1.0205
 ------------------------------------------------------------------------------


 NSTEP =    25000   TIME(PS) =    2634.000  TEMP(K) =   298.86  PRESS =   -34.5
 Etot   =    -44059.2943  EKtot   =     11153.7275  EPtot      =    -55213.0218
 BOND   =       358.5316  ANGLE   =       970.7354  DIHED      =      2137.5294
 1-4 NB =       461.5194  1-4 EEL =      6185.6690  VDWAALS    =      6715.4898
 EELEC  =    -72063.4060  EHBOND  =         0.0000  RESTRAINT  =        20.9095
 EAMBER (non-restraint)  =    -55233.9313
 EKCMT  =      4890.1246  VIRIAL  =      5025.5558  VOLUME     =    181996.6362
                                                    Density    =         1.0226
 ------------------------------------------------------------------------------


 NSTEP =    25500   TIME(PS) =    2635.000  TEMP(K) =   300.19  PRESS =  -173.5
 Etot   =    -44024.9759  EKtot   =     11203.7012  EPtot      =    -55228.6771
 BOND   =       351.8421  ANGLE   =      1025.9133  DIHED      =      2120.5222
 1-4 NB =       447.5033  1-4 EEL =      6131.2801  VDWAALS    =      6539.1210
 EELEC  =    -71864.9619  EHBOND  =         0.0000  RESTRAINT  =        20.1029
 EAMBER (non-restraint)  =    -55248.7800
 EKCMT  =      4860.4972  VIRIAL  =      5541.2011  VOLUME     =    181729.6090
                                                    Density    =         1.0241
 ------------------------------------------------------------------------------


 NSTEP =    26000   TIME(PS) =    2636.000  TEMP(K) =   300.77  PRESS =    84.0
 Etot   =    -43940.6503  EKtot   =     11225.2939  EPtot      =    -55165.9442
 BOND   =       351.8000  ANGLE   =      1033.7642  DIHED      =      2154.9445
 1-4 NB =       441.6554  1-4 EEL =      6126.4866  VDWAALS    =      6487.7088
 EELEC  =    -71780.9406  EHBOND  =         0.0000  RESTRAINT  =        18.6369
 EAMBER (non-restraint)  =    -55184.5811
 EKCMT  =      4945.7140  VIRIAL  =      4615.6145  VOLUME     =    182022.5592
                                                    Density    =         1.0224
 ------------------------------------------------------------------------------


 NSTEP =    26500   TIME(PS) =    2637.000  TEMP(K) =   301.64  PRESS =  -214.7
 Etot   =    -43942.1357  EKtot   =     11257.4746  EPtot      =    -55199.6103
 BOND   =       353.2384  ANGLE   =       994.3167  DIHED      =      2148.4663
 1-4 NB =       433.6730  1-4 EEL =      6173.3981  VDWAALS    =      6628.4812
 EELEC  =    -71947.6953  EHBOND  =         0.0000  RESTRAINT  =        16.5112
 EAMBER (non-restraint)  =    -55216.1215
 EKCMT  =      4928.5488  VIRIAL  =      5772.5547  VOLUME     =    182056.6259
                                                    Density    =         1.0222
 ------------------------------------------------------------------------------


 NSTEP =    27000   TIME(PS) =    2638.000  TEMP(K) =   299.76  PRESS =  -157.8
 Etot   =    -43959.0845  EKtot   =     11187.5879  EPtot      =    -55146.6724
 BOND   =       341.6533  ANGLE   =       955.9564  DIHED      =      2167.5295
 1-4 NB =       439.0612  1-4 EEL =      6185.9599  VDWAALS    =      6636.4595
 EELEC  =    -71890.6495  EHBOND  =         0.0000  RESTRAINT  =        17.3573
 EAMBER (non-restraint)  =    -55164.0296
 EKCMT  =      4872.9514  VIRIAL  =      5494.1468  VOLUME     =    182356.3577
                                                    Density    =         1.0205
 ------------------------------------------------------------------------------


 NSTEP =    27500   TIME(PS) =    2639.000  TEMP(K) =   302.11  PRESS =  -116.8
 Etot   =    -43948.3928  EKtot   =     11275.2734  EPtot      =    -55223.6663
 BOND   =       340.1756  ANGLE   =       981.5887  DIHED      =      2147.1371
 1-4 NB =       454.1932  1-4 EEL =      6156.5973  VDWAALS    =      6487.3561
 EELEC  =    -71808.5321  EHBOND  =         0.0000  RESTRAINT  =        17.8178
 EAMBER (non-restraint)  =    -55241.4841
 EKCMT  =      4929.2144  VIRIAL  =      5388.5680  VOLUME     =    182199.7196
                                                    Density    =         1.0214
 ------------------------------------------------------------------------------


 NSTEP =    28000   TIME(PS) =    2640.000  TEMP(K) =   294.70  PRESS =   260.8
 Etot   =    -44038.1781  EKtot   =     10998.7520  EPtot      =    -55036.9300
 BOND   =       368.9768  ANGLE   =       986.5889  DIHED      =      2143.2424
 1-4 NB =       459.1646  1-4 EEL =      6140.6166  VDWAALS    =      6770.8199
 EELEC  =    -71926.1157  EHBOND  =         0.0000  RESTRAINT  =        19.7765
 EAMBER (non-restraint)  =    -55056.7066
 EKCMT  =      4817.5992  VIRIAL  =      3790.5424  VOLUME     =    182359.0208
                                                    Density    =         1.0205
 ------------------------------------------------------------------------------


 NSTEP =    28500   TIME(PS) =    2641.000  TEMP(K) =   296.94  PRESS =   -89.7
 Etot   =    -44089.4420  EKtot   =     11082.1699  EPtot      =    -55171.6119
 BOND   =       325.7971  ANGLE   =      1014.3022  DIHED      =      2140.3062
 1-4 NB =       457.8774  1-4 EEL =      6182.8129  VDWAALS    =      6527.2339
 EELEC  =    -71836.6586  EHBOND  =         0.0000  RESTRAINT  =        16.7171
 EAMBER (non-restraint)  =    -55188.3290
 EKCMT  =      4876.3417  VIRIAL  =      5229.4404  VOLUME     =    182367.6755
                                                    Density    =         1.0205
 ------------------------------------------------------------------------------


 NSTEP =    29000   TIME(PS) =    2642.000  TEMP(K) =   301.73  PRESS =    52.0
 Etot   =    -43809.5591  EKtot   =     11260.9854  EPtot      =    -55070.5444
 BOND   =       337.9720  ANGLE   =       995.8813  DIHED      =      2160.5254
 1-4 NB =       446.8511  1-4 EEL =      6168.5652  VDWAALS    =      6698.5424
 EELEC  =    -71897.5961  EHBOND  =         0.0000  RESTRAINT  =        18.7145
 EAMBER (non-restraint)  =    -55089.2589
 EKCMT  =      4914.2429  VIRIAL  =      4709.2837  VOLUME     =    182611.9413
                                                    Density    =         1.0191
 ------------------------------------------------------------------------------


 NSTEP =    29500   TIME(PS) =    2643.000  TEMP(K) =   301.92  PRESS =    77.3
 Etot   =    -43974.5536  EKtot   =     11268.1973  EPtot      =    -55242.7509
 BOND   =       357.8087  ANGLE   =       984.7733  DIHED      =      2142.4839
 1-4 NB =       446.5204  1-4 EEL =      6181.9587  VDWAALS    =      6713.4708
 EELEC  =    -72092.1725  EHBOND  =         0.0000  RESTRAINT  =        22.4059
 EAMBER (non-restraint)  =    -55265.1567
 EKCMT  =      4912.1380  VIRIAL  =      4606.4435  VOLUME     =    183049.4050
                                                    Density    =         1.0167
 ------------------------------------------------------------------------------


 NSTEP =    30000   TIME(PS) =    2644.000  TEMP(K) =   300.43  PRESS =   195.6
 Etot   =    -43869.7141  EKtot   =     11212.5352  EPtot      =    -55082.2493
 BOND   =       360.2344  ANGLE   =       978.4429  DIHED      =      2144.0865
 1-4 NB =       441.5466  1-4 EEL =      6159.8376  VDWAALS    =      6628.1617
 EELEC  =    -71814.2710  EHBOND  =         0.0000  RESTRAINT  =        19.7121
 EAMBER (non-restraint)  =    -55101.9613
 EKCMT  =      4886.7717  VIRIAL  =      4115.5592  VOLUME     =    182609.8705
                                                    Density    =         1.0191
 ------------------------------------------------------------------------------


 NSTEP =    30500   TIME(PS) =    2645.000  TEMP(K) =   297.76  PRESS =   -66.2
 Etot   =    -44165.8455  EKtot   =     11112.7734  EPtot      =    -55278.6189
 BOND   =       341.0626  ANGLE   =      1001.7925  DIHED      =      2137.7185
 1-4 NB =       437.0625  1-4 EEL =      6173.8911  VDWAALS    =      6611.6613
 EELEC  =    -72001.5086  EHBOND  =         0.0000  RESTRAINT  =        19.7012
 EAMBER (non-restraint)  =    -55298.3201
 EKCMT  =      4907.7861  VIRIAL  =      5168.0453  VOLUME     =    182220.1262
                                                    Density    =         1.0213
 ------------------------------------------------------------------------------


 NSTEP =    31000   TIME(PS) =    2646.000  TEMP(K) =   298.07  PRESS =    37.9
 Etot   =    -44066.3215  EKtot   =     11124.3809  EPtot      =    -55190.7023
 BOND   =       347.4846  ANGLE   =      1003.8929  DIHED      =      2128.8715
 1-4 NB =       460.0124  1-4 EEL =      6184.4266  VDWAALS    =      6703.6439
 EELEC  =    -72038.3512  EHBOND  =         0.0000  RESTRAINT  =        19.3169
 EAMBER (non-restraint)  =    -55210.0192
 EKCMT  =      4899.8614  VIRIAL  =      4751.0647  VOLUME     =    181878.6171
                                                    Density    =         1.0232
 ------------------------------------------------------------------------------


 NSTEP =    31500   TIME(PS) =    2647.000  TEMP(K) =   299.67  PRESS =   231.1
 Etot   =    -43935.2087  EKtot   =     11183.9482  EPtot      =    -55119.1569
 BOND   =       365.3818  ANGLE   =       953.5069  DIHED      =      2130.0790
 1-4 NB =       446.2331  1-4 EEL =      6215.2491  VDWAALS    =      6834.3328
 EELEC  =    -72084.9420  EHBOND  =         0.0000  RESTRAINT  =        21.0023
 EAMBER (non-restraint)  =    -55140.1593
 EKCMT  =      4855.4162  VIRIAL  =      3947.1475  VOLUME     =    182040.7322
                                                    Density    =         1.0223
 ------------------------------------------------------------------------------


 NSTEP =    32000   TIME(PS) =    2648.000  TEMP(K) =   298.59  PRESS =   -75.4
 Etot   =    -43892.8833  EKtot   =     11143.7822  EPtot      =    -55036.6655
 BOND   =       352.7784  ANGLE   =       960.7088  DIHED      =      2167.7299
 1-4 NB =       449.2520  1-4 EEL =      6159.4192  VDWAALS    =      6511.1781
 EELEC  =    -71655.6025  EHBOND  =         0.0000  RESTRAINT  =        17.8705
 EAMBER (non-restraint)  =    -55054.5360
 EKCMT  =      4967.0378  VIRIAL  =      5262.7957  VOLUME     =    181596.9594
                                                    Density    =         1.0248
 ------------------------------------------------------------------------------


 NSTEP =    32500   TIME(PS) =    2649.000  TEMP(K) =   296.80  PRESS =   -43.2
 Etot   =    -43979.2629  EKtot   =     11077.0820  EPtot      =    -55056.3449
 BOND   =       341.0227  ANGLE   =      1015.4144  DIHED      =      2132.9319
 1-4 NB =       443.8548  1-4 EEL =      6148.6333  VDWAALS    =      6637.4016
 EELEC  =    -71793.8327  EHBOND  =         0.0000  RESTRAINT  =        18.2290
 EAMBER (non-restraint)  =    -55074.5740
 EKCMT  =      4801.9880  VIRIAL  =      4971.5534  VOLUME     =    181620.2219
                                                    Density    =         1.0247
 ------------------------------------------------------------------------------


 NSTEP =    33000   TIME(PS) =    2650.000  TEMP(K) =   302.44  PRESS =   -40.7
 Etot   =    -43903.5328  EKtot   =     11287.6318  EPtot      =    -55191.1646
 BOND   =       350.8247  ANGLE   =       991.6163  DIHED      =      2134.1254
 1-4 NB =       431.9141  1-4 EEL =      6160.0890  VDWAALS    =      6677.1903
 EELEC  =    -71960.6998  EHBOND  =         0.0000  RESTRAINT  =        23.7753
 EAMBER (non-restraint)  =    -55214.9400
 EKCMT  =      4883.9503  VIRIAL  =      5044.1699  VOLUME     =    182148.1307
                                                    Density    =         1.0217
 ------------------------------------------------------------------------------


 NSTEP =    33500   TIME(PS) =    2651.000  TEMP(K) =   297.65  PRESS =  -100.6
 Etot   =    -44179.4429  EKtot   =     11108.6338  EPtot      =    -55288.0767
 BOND   =       359.3388  ANGLE   =       992.3979  DIHED      =      2137.1156
 1-4 NB =       446.8555  1-4 EEL =      6172.4217  VDWAALS    =      6503.3576
 EELEC  =    -71919.3678  EHBOND  =         0.0000  RESTRAINT  =        19.8039
 EAMBER (non-restraint)  =    -55307.8806
 EKCMT  =      4877.2515  VIRIAL  =      5273.5033  VOLUME     =    182359.7334
                                                    Density    =         1.0205
 ------------------------------------------------------------------------------


 NSTEP =    34000   TIME(PS) =    2652.000  TEMP(K) =   297.74  PRESS =  -150.3
 Etot   =    -44333.2270  EKtot   =     11112.2021  EPtot      =    -55445.4291
 BOND   =       369.4664  ANGLE   =       981.8335  DIHED      =      2134.0376
 1-4 NB =       446.9681  1-4 EEL =      6186.0645  VDWAALS    =      6562.4318
 EELEC  =    -72145.6664  EHBOND  =         0.0000  RESTRAINT  =        19.4354
 EAMBER (non-restraint)  =    -55464.8646
 EKCMT  =      4761.0525  VIRIAL  =      5351.1017  VOLUME     =    181834.8141
                                                    Density    =         1.0235
 ------------------------------------------------------------------------------


 NSTEP =    34500   TIME(PS) =    2653.000  TEMP(K) =   301.58  PRESS =  -211.1
 Etot   =    -44067.0683  EKtot   =     11255.4033  EPtot      =    -55322.4716
 BOND   =       331.7946  ANGLE   =       971.1851  DIHED      =      2126.7908
 1-4 NB =       437.9248  1-4 EEL =      6141.3009  VDWAALS    =      6587.3600
 EELEC  =    -71938.6094  EHBOND  =         0.0000  RESTRAINT  =        19.7816
 EAMBER (non-restraint)  =    -55342.2533
 EKCMT  =      4936.6830  VIRIAL  =      5766.7694  VOLUME     =    182162.7918
                                                    Density    =         1.0216
 ------------------------------------------------------------------------------


 NSTEP =    35000   TIME(PS) =    2654.000  TEMP(K) =   301.78  PRESS =   -92.0
 Etot   =    -43981.4538  EKtot   =     11262.8066  EPtot      =    -55244.2604
 BOND   =       372.2139  ANGLE   =       971.6471  DIHED      =      2140.5176
 1-4 NB =       439.3558  1-4 EEL =      6163.4274  VDWAALS    =      6550.7518
 EELEC  =    -71900.4680  EHBOND  =         0.0000  RESTRAINT  =        18.2939
 EAMBER (non-restraint)  =    -55262.5543
 EKCMT  =      4871.5530  VIRIAL  =      5233.5013  VOLUME     =    182172.4132
                                                    Density    =         1.0216
 ------------------------------------------------------------------------------


 NSTEP =    35500   TIME(PS) =    2655.000  TEMP(K) =   299.44  PRESS =    90.1
 Etot   =    -43885.5144  EKtot   =     11175.6426  EPtot      =    -55061.1569
 BOND   =       354.6649  ANGLE   =       967.2743  DIHED      =      2145.1322
 1-4 NB =       455.9056  1-4 EEL =      6189.8626  VDWAALS    =      6586.1968
 EELEC  =    -71780.0496  EHBOND  =         0.0000  RESTRAINT  =        19.8562
 EAMBER (non-restraint)  =    -55081.0132
 EKCMT  =      4836.2647  VIRIAL  =      4481.6710  VOLUME     =    182207.3307
                                                    Density    =         1.0214
 ------------------------------------------------------------------------------


 NSTEP =    36000   TIME(PS) =    2656.000  TEMP(K) =   301.94  PRESS =    41.4
 Etot   =    -43846.6987  EKtot   =     11268.9180  EPtot      =    -55115.6166
 BOND   =       323.5563  ANGLE   =       999.4952  DIHED      =      2145.4964
 1-4 NB =       443.5414  1-4 EEL =      6168.8282  VDWAALS    =      6436.9612
 EELEC  =    -71654.5795  EHBOND  =         0.0000  RESTRAINT  =        21.0842
 EAMBER (non-restraint)  =    -55136.7008
 EKCMT  =      4879.3076  VIRIAL  =      4716.2520  VOLUME     =    182330.8339
                                                    Density    =         1.0207
 ------------------------------------------------------------------------------


 NSTEP =    36500   TIME(PS) =    2657.000  TEMP(K) =   300.10  PRESS =    66.9
 Etot   =    -43915.6470  EKtot   =     11200.2588  EPtot      =    -55115.9058
 BOND   =       369.1432  ANGLE   =      1001.1707  DIHED      =      2128.7944
 1-4 NB =       447.1799  1-4 EEL =      6150.1190  VDWAALS    =      6525.5106
 EELEC  =    -71754.7496  EHBOND  =         0.0000  RESTRAINT  =        16.9259
 EAMBER (non-restraint)  =    -55132.8317
 EKCMT  =      4946.0109  VIRIAL  =      4682.4461  VOLUME     =    182462.2709
                                                    Density    =         1.0199
 ------------------------------------------------------------------------------


 NSTEP =    37000   TIME(PS) =    2658.000  TEMP(K) =   298.31  PRESS =  -112.8
 Etot   =    -44143.4552  EKtot   =     11133.2021  EPtot      =    -55276.6574
 BOND   =       341.5670  ANGLE   =      1001.6169  DIHED      =      2166.3687
 1-4 NB =       446.9204  1-4 EEL =      6163.3147  VDWAALS    =      6660.6883
 EELEC  =    -72073.3829  EHBOND  =         0.0000  RESTRAINT  =        16.2496
 EAMBER (non-restraint)  =    -55292.9070
 EKCMT  =      4912.3144  VIRIAL  =      5355.5753  VOLUME     =    181972.7699
                                                    Density    =         1.0227
 ------------------------------------------------------------------------------


 NSTEP =    37500   TIME(PS) =    2659.000  TEMP(K) =   298.81  PRESS =  -132.0
 Etot   =    -44077.8561  EKtot   =     11151.8955  EPtot      =    -55229.7517
 BOND   =       361.7525  ANGLE   =       987.0396  DIHED      =      2134.1285
 1-4 NB =       447.5902  1-4 EEL =      6173.4445  VDWAALS    =      6568.4428
 EELEC  =    -71918.0007  EHBOND  =         0.0000  RESTRAINT  =        15.8509
 EAMBER (non-restraint)  =    -55245.6025
 EKCMT  =      4829.5735  VIRIAL  =      5348.2514  VOLUME     =    181974.4767
                                                    Density    =         1.0227
 ------------------------------------------------------------------------------


 NSTEP =    38000   TIME(PS) =    2660.000  TEMP(K) =   298.82  PRESS =  -102.7
 Etot   =    -44038.1589  EKtot   =     11152.4375  EPtot      =    -55190.5964
 BOND   =       380.9110  ANGLE   =       981.3451  DIHED      =      2147.4828
 1-4 NB =       456.9273  1-4 EEL =      6210.7166  VDWAALS    =      6646.7483
 EELEC  =    -72029.4369  EHBOND  =         0.0000  RESTRAINT  =        14.7093
 EAMBER (non-restraint)  =    -55205.3057
 EKCMT  =      4837.6284  VIRIAL  =      5241.7728  VOLUME     =    182307.4898
                                                    Density    =         1.0208
 ------------------------------------------------------------------------------


 NSTEP =    38500   TIME(PS) =    2661.000  TEMP(K) =   299.91  PRESS =   101.4
 Etot   =    -44047.8271  EKtot   =     11193.2109  EPtot      =    -55241.0380
 BOND   =       357.1365  ANGLE   =      1012.4799  DIHED      =      2142.9291
 1-4 NB =       431.8305  1-4 EEL =      6130.8962  VDWAALS    =      6719.2561
 EELEC  =    -72056.2292  EHBOND  =         0.0000  RESTRAINT  =        20.6629
 EAMBER (non-restraint)  =    -55261.7008
 EKCMT  =      4894.0862  VIRIAL  =      4494.1051  VOLUME     =    182660.5271
                                                    Density    =         1.0188
 ------------------------------------------------------------------------------


 NSTEP =    39000   TIME(PS) =    2662.000  TEMP(K) =   296.05  PRESS =   176.0
 Etot   =    -44005.4642  EKtot   =     11049.0352  EPtot      =    -55054.4994
 BOND   =       351.7605  ANGLE   =       952.1132  DIHED      =      2150.5014
 1-4 NB =       450.7041  1-4 EEL =      6174.4877  VDWAALS    =      6688.5592
 EELEC  =    -71844.4774  EHBOND  =         0.0000  RESTRAINT  =        21.8518
 EAMBER (non-restraint)  =    -55076.3511
 EKCMT  =      4865.3197  VIRIAL  =      4173.1679  VOLUME     =    182175.0486
                                                    Density    =         1.0216
 ------------------------------------------------------------------------------


 NSTEP =    39500   TIME(PS) =    2663.000  TEMP(K) =   299.02  PRESS =  -139.7
 Etot   =    -44013.0248  EKtot   =     11160.0166  EPtot      =    -55173.0414
 BOND   =       366.0802  ANGLE   =       947.7613  DIHED      =      2144.2833
 1-4 NB =       443.5307  1-4 EEL =      6226.0019  VDWAALS    =      6627.9595
 EELEC  =    -71949.6605  EHBOND  =         0.0000  RESTRAINT  =        21.0022
 EAMBER (non-restraint)  =    -55194.0436
 EKCMT  =      4815.3304  VIRIAL  =      5366.8001  VOLUME     =    182810.8846
                                                    Density    =         1.0180
 ------------------------------------------------------------------------------


 NSTEP =    40000   TIME(PS) =    2664.000  TEMP(K) =   298.93  PRESS =  -142.3
 Etot   =    -43727.2642  EKtot   =     11156.4326  EPtot      =    -54883.6968
 BOND   =       353.0596  ANGLE   =      1017.9402  DIHED      =      2151.3254
 1-4 NB =       461.0800  1-4 EEL =      6214.9275  VDWAALS    =      6522.4797
 EELEC  =    -71622.8756  EHBOND  =         0.0000  RESTRAINT  =        18.3663
 EAMBER (non-restraint)  =    -54902.0632
 EKCMT  =      4885.5687  VIRIAL  =      5446.9049  VOLUME     =    182738.9638
                                                    Density    =         1.0184
 ------------------------------------------------------------------------------


 NSTEP =    40500   TIME(PS) =    2665.000  TEMP(K) =   298.84  PRESS =   143.2
 Etot   =    -43962.9709  EKtot   =     11153.0371  EPtot      =    -55116.0080
 BOND   =       345.8148  ANGLE   =       972.3818  DIHED      =      2145.2404
 1-4 NB =       430.4622  1-4 EEL =      6137.2415  VDWAALS    =      6755.7906
 EELEC  =    -71921.4403  EHBOND  =         0.0000  RESTRAINT  =        18.5009
 EAMBER (non-restraint)  =    -55134.5089
 EKCMT  =      4844.5429  VIRIAL  =      4279.7844  VOLUME     =    182632.6164
                                                    Density    =         1.0190
 ------------------------------------------------------------------------------


 NSTEP =    41000   TIME(PS) =    2666.000  TEMP(K) =   300.57  PRESS =  -220.8
 Etot   =    -44029.9079  EKtot   =     11217.6240  EPtot      =    -55247.5319
 BOND   =       353.0495  ANGLE   =       992.6257  DIHED      =      2115.3056
 1-4 NB =       452.0592  1-4 EEL =      6164.5027  VDWAALS    =      6575.4763
 EELEC  =    -71916.9379  EHBOND  =         0.0000  RESTRAINT  =        16.3869
 EAMBER (non-restraint)  =    -55263.9188
 EKCMT  =      4857.9624  VIRIAL  =      5730.8680  VOLUME     =    183092.1275
                                                    Density    =         1.0164
 ------------------------------------------------------------------------------


 NSTEP =    41500   TIME(PS) =    2667.000  TEMP(K) =   303.83  PRESS =   -59.1
 Etot   =    -43775.7970  EKtot   =     11339.3770  EPtot      =    -55115.1740
 BOND   =       351.6256  ANGLE   =      1026.0183  DIHED      =      2129.5856
 1-4 NB =       447.8484  1-4 EEL =      6194.7359  VDWAALS    =      6526.9454
 EELEC  =    -71806.9699  EHBOND  =         0.0000  RESTRAINT  =        15.0368
 EAMBER (non-restraint)  =    -55130.2108
 EKCMT  =      4978.6483  VIRIAL  =      5212.5422  VOLUME     =    183306.4726
                                                    Density    =         1.0152
 ------------------------------------------------------------------------------


 NSTEP =    42000   TIME(PS) =    2668.000  TEMP(K) =   301.21  PRESS =  -274.8
 Etot   =    -43911.5839  EKtot   =     11241.6680  EPtot      =    -55153.2519
 BOND   =       363.8586  ANGLE   =       982.0267  DIHED      =      2110.5896
 1-4 NB =       428.4292  1-4 EEL =      6161.7519  VDWAALS    =      6425.0060
 EELEC  =    -71644.4490  EHBOND  =         0.0000  RESTRAINT  =        19.5351
 EAMBER (non-restraint)  =    -55172.7870
 EKCMT  =      4961.2942  VIRIAL  =      6047.8733  VOLUME     =    183124.5798
                                                    Density    =         1.0163
 ------------------------------------------------------------------------------


 NSTEP =    42500   TIME(PS) =    2669.000  TEMP(K) =   299.78  PRESS =   204.2
 Etot   =    -43942.5615  EKtot   =     11188.2646  EPtot      =    -55130.8261
 BOND   =       336.0973  ANGLE   =      1036.1794  DIHED      =      2139.9013
 1-4 NB =       444.7970  1-4 EEL =      6141.5573  VDWAALS    =      6741.2356
 EELEC  =    -71989.7964  EHBOND  =         0.0000  RESTRAINT  =        19.2025
 EAMBER (non-restraint)  =    -55150.0286
 EKCMT  =      4907.6778  VIRIAL  =      4103.0692  VOLUME     =    182523.2687
                                                    Density    =         1.0196
 ------------------------------------------------------------------------------


 NSTEP =    43000   TIME(PS) =    2670.000  TEMP(K) =   299.09  PRESS =   117.9
 Etot   =    -43843.1225  EKtot   =     11162.4395  EPtot      =    -55005.5619
 BOND   =       329.7982  ANGLE   =       995.5232  DIHED      =      2143.4276
 1-4 NB =       450.5006  1-4 EEL =      6151.1026  VDWAALS    =      6586.9874
 EELEC  =    -71680.7111  EHBOND  =         0.0000  RESTRAINT  =        17.8095
 EAMBER (non-restraint)  =    -55023.3714
 EKCMT  =      4871.4432  VIRIAL  =      4406.6881  VOLUME     =    182638.7060
                                                    Density    =         1.0190
 ------------------------------------------------------------------------------


 NSTEP =    43500   TIME(PS) =    2671.000  TEMP(K) =   305.82  PRESS =    93.3
 Etot   =    -43792.6495  EKtot   =     11413.6963  EPtot      =    -55206.3458
 BOND   =       338.7354  ANGLE   =       993.2598  DIHED      =      2142.1870
 1-4 NB =       438.0833  1-4 EEL =      6131.0550  VDWAALS    =      6574.3573
 EELEC  =    -71843.0010  EHBOND  =         0.0000  RESTRAINT  =        18.9775
 EAMBER (non-restraint)  =    -55225.3233
 EKCMT  =      4963.1878  VIRIAL  =      4595.6231  VOLUME     =    182476.3078
                                                    Density    =         1.0199
 ------------------------------------------------------------------------------


 NSTEP =    44000   TIME(PS) =    2672.000  TEMP(K) =   296.68  PRESS =   -64.9
 Etot   =    -43946.5208  EKtot   =     11072.5879  EPtot      =    -55019.1087
 BOND   =       377.7210  ANGLE   =       989.0235  DIHED      =      2142.9665
 1-4 NB =       442.6968  1-4 EEL =      6120.6482  VDWAALS    =      6522.9684
 EELEC  =    -71632.4277  EHBOND  =         0.0000  RESTRAINT  =        17.2946
 EAMBER (non-restraint)  =    -55036.4033
 EKCMT  =      4861.4715  VIRIAL  =      5117.4290  VOLUME     =    182549.5544
                                                    Density    =         1.0195
 ------------------------------------------------------------------------------


 NSTEP =    44500   TIME(PS) =    2673.000  TEMP(K) =   301.04  PRESS =  -124.8
 Etot   =    -43845.4877  EKtot   =     11235.2070  EPtot      =    -55080.6948
 BOND   =       354.7253  ANGLE   =       962.6841  DIHED      =      2140.8827
 1-4 NB =       439.6919  1-4 EEL =      6126.5250  VDWAALS    =      6556.8820
 EELEC  =    -71684.0083  EHBOND  =         0.0000  RESTRAINT  =        21.9224
 EAMBER (non-restraint)  =    -55102.6172
 EKCMT  =      4838.7810  VIRIAL  =      5330.9654  VOLUME     =    182699.4942
                                                    Density    =         1.0186
 ------------------------------------------------------------------------------


 NSTEP =    45000   TIME(PS) =    2674.000  TEMP(K) =   297.34  PRESS =   112.7
 Etot   =    -43869.1855  EKtot   =     11097.2334  EPtot      =    -54966.4189
 BOND   =       366.3310  ANGLE   =      1023.6415  DIHED      =      2132.5869
 1-4 NB =       431.8560  1-4 EEL =      6133.8400  VDWAALS    =      6505.7998
 EELEC  =    -71582.2336  EHBOND  =         0.0000  RESTRAINT  =        21.7596
 EAMBER (non-restraint)  =    -54988.1785
 EKCMT  =      4821.7446  VIRIAL  =      4378.6516  VOLUME     =    182134.4801
                                                    Density    =         1.0218
 ------------------------------------------------------------------------------


 NSTEP =    45500   TIME(PS) =    2675.000  TEMP(K) =   300.10  PRESS =  -115.1
 Etot   =    -44002.0830  EKtot   =     11200.1787  EPtot      =    -55202.2617
 BOND   =       364.7721  ANGLE   =      1000.8178  DIHED      =      2128.2211
 1-4 NB =       427.8245  1-4 EEL =      6126.0879  VDWAALS    =      6683.5451
 EELEC  =    -71953.6224  EHBOND  =         0.0000  RESTRAINT  =        20.0921
 EAMBER (non-restraint)  =    -55222.3539
 EKCMT  =      4867.0146  VIRIAL  =      5319.8962  VOLUME     =    182225.1249
                                                    Density    =         1.0213
 ------------------------------------------------------------------------------


 NSTEP =    46000   TIME(PS) =    2676.000  TEMP(K) =   297.43  PRESS =   205.7
 Etot   =    -44287.6724  EKtot   =     11100.5107  EPtot      =    -55388.1831
 BOND   =       333.2640  ANGLE   =       960.5451  DIHED      =      2136.5877
 1-4 NB =       439.7225  1-4 EEL =      6149.8273  VDWAALS    =      6766.8852
 EELEC  =    -72195.6334  EHBOND  =         0.0000  RESTRAINT  =        20.6186
 EAMBER (non-restraint)  =    -55408.8017
 EKCMT  =      4866.5816  VIRIAL  =      4056.9735  VOLUME     =    182260.1736
                                                    Density    =         1.0211
 ------------------------------------------------------------------------------


 NSTEP =    46500   TIME(PS) =    2677.000  TEMP(K) =   302.00  PRESS =  -185.7
 Etot   =    -44018.4700  EKtot   =     11271.1953  EPtot      =    -55289.6653
 BOND   =       344.8605  ANGLE   =       994.8352  DIHED      =      2129.8747
 1-4 NB =       440.2307  1-4 EEL =      6163.8711  VDWAALS    =      6446.8350
 EELEC  =    -71831.7217  EHBOND  =         0.0000  RESTRAINT  =        21.5491
 EAMBER (non-restraint)  =    -55311.2144
 EKCMT  =      4962.8245  VIRIAL  =      5694.1797  VOLUME     =    182452.9427
                                                    Density    =         1.0200
 ------------------------------------------------------------------------------


 NSTEP =    47000   TIME(PS) =    2678.000  TEMP(K) =   299.65  PRESS =  -148.5
 Etot   =    -43976.2562  EKtot   =     11183.2783  EPtot      =    -55159.5345
 BOND   =       356.8416  ANGLE   =       981.4756  DIHED      =      2141.3147
 1-4 NB =       433.8090  1-4 EEL =      6143.7656  VDWAALS    =      6595.2519
 EELEC  =    -71833.8338  EHBOND  =         0.0000  RESTRAINT  =        21.8408
 EAMBER (non-restraint)  =    -55181.3753
 EKCMT  =      4930.8379  VIRIAL  =      5514.9387  VOLUME     =    182195.6324
                                                    Density    =         1.0214
 ------------------------------------------------------------------------------


 NSTEP =    47500   TIME(PS) =    2679.000  TEMP(K) =   299.71  PRESS =   122.4
 Etot   =    -43842.3504  EKtot   =     11185.4697  EPtot      =    -55027.8201
 BOND   =       373.4099  ANGLE   =       986.8443  DIHED      =      2104.2366
 1-4 NB =       453.3233  1-4 EEL =      6175.2898  VDWAALS    =      6634.6523
 EELEC  =    -71779.2359  EHBOND  =         0.0000  RESTRAINT  =        23.6595
 EAMBER (non-restraint)  =    -55051.4796
 EKCMT  =      4852.5871  VIRIAL  =      4371.0796  VOLUME     =    182197.1288
                                                    Density    =         1.0214
 ------------------------------------------------------------------------------


 NSTEP =    48000   TIME(PS) =    2680.000  TEMP(K) =   298.33  PRESS =   112.9
 Etot   =    -44109.5401  EKtot   =     11133.9463  EPtot      =    -55243.4864
 BOND   =       357.6697  ANGLE   =       999.6942  DIHED      =      2144.6971
 1-4 NB =       434.7536  1-4 EEL =      6164.2352  VDWAALS    =      6657.5268
 EELEC  =    -72024.5008  EHBOND  =         0.0000  RESTRAINT  =        22.4378
 EAMBER (non-restraint)  =    -55265.9242
 EKCMT  =      4899.4791  VIRIAL  =      4456.0247  VOLUME     =    181988.0904
                                                    Density    =         1.0226
 ------------------------------------------------------------------------------


 NSTEP =    48500   TIME(PS) =    2681.000  TEMP(K) =   300.80  PRESS =    32.9
 Etot   =    -43844.4383  EKtot   =     11226.1787  EPtot      =    -55070.6170
 BOND   =       362.8830  ANGLE   =      1035.7028  DIHED      =      2117.0138
 1-4 NB =       445.6026  1-4 EEL =      6157.4513  VDWAALS    =      6732.6793
 EELEC  =    -71938.0771  EHBOND  =         0.0000  RESTRAINT  =        16.1275
 EAMBER (non-restraint)  =    -55086.7445
 EKCMT  =      4900.9791  VIRIAL  =      4771.6229  VOLUME     =    182313.9849
                                                    Density    =         1.0208
 ------------------------------------------------------------------------------


 NSTEP =    49000   TIME(PS) =    2682.000  TEMP(K) =   300.98  PRESS =   -62.9
 Etot   =    -43843.9324  EKtot   =     11232.8496  EPtot      =    -55076.7820
 BOND   =       357.5413  ANGLE   =       983.1155  DIHED      =      2151.6302
 1-4 NB =       458.2681  1-4 EEL =      6170.2684  VDWAALS    =      6503.1284
 EELEC  =    -71721.7074  EHBOND  =         0.0000  RESTRAINT  =        20.9736
 EAMBER (non-restraint)  =    -55097.7556
 EKCMT  =      4949.5398  VIRIAL  =      5197.1409  VOLUME     =    182447.9927
                                                    Density    =         1.0200
 ------------------------------------------------------------------------------


 NSTEP =    49500   TIME(PS) =    2683.000  TEMP(K) =   297.39  PRESS =   339.2
 Etot   =    -44087.9022  EKtot   =     11099.1777  EPtot      =    -55187.0799
 BOND   =       340.5750  ANGLE   =       970.3019  DIHED      =      2134.8142
 1-4 NB =       437.4898  1-4 EEL =      6168.1103  VDWAALS    =      6941.3764
 EELEC  =    -72200.6415  EHBOND  =         0.0000  RESTRAINT  =        20.8940
 EAMBER (non-restraint)  =    -55207.9739
 EKCMT  =      4901.7268  VIRIAL  =      3563.4063  VOLUME     =    182736.6724
                                                    Density    =         1.0184
 ------------------------------------------------------------------------------


 NSTEP =    50000   TIME(PS) =    2684.000  TEMP(K) =   304.06  PRESS =   -23.9
 Etot   =    -43734.8016  EKtot   =     11347.8955  EPtot      =    -55082.6971
 BOND   =       359.1451  ANGLE   =      1018.0042  DIHED      =      2140.3645
 1-4 NB =       429.0820  1-4 EEL =      6162.4645  VDWAALS    =      6456.3557
 EELEC  =    -71666.8428  EHBOND  =         0.0000  RESTRAINT  =        18.7295
 EAMBER (non-restraint)  =    -55101.4266
 EKCMT  =      5047.0791  VIRIAL  =      5141.4631  VOLUME     =    183040.4680
                                                    Density    =         1.0167
 ------------------------------------------------------------------------------


      A V E R A G E S   O V E R     100 S T E P S


 NSTEP =    50000   TIME(PS) =    2684.000  TEMP(K) =   299.87  PRESS =   -17.4
 Etot   =    -43980.4541  EKtot   =     11191.7595  EPtot      =    -55172.2136
 BOND   =       351.6514  ANGLE   =       994.2200  DIHED      =      2137.7586
 1-4 NB =       444.0111  1-4 EEL =      6162.5223  VDWAALS    =      6612.7529
 EELEC  =    -71894.1296  EHBOND  =         0.0000  RESTRAINT  =        18.9995
 EAMBER (non-restraint)  =    -55191.2131
 EKCMT  =      4889.3219  VIRIAL  =      4957.6485  VOLUME     =    182279.9775
                                                    Density    =         1.0210
 ------------------------------------------------------------------------------


      R M S  F L U C T U A T I O N S


 NSTEP =    50000   TIME(PS) =    2684.000  TEMP(K) =     2.16  PRESS =   151.9
 Etot   =       133.0165  EKtot   =        80.5511  EPtot      =       110.0293
 BOND   =        12.8945  ANGLE   =        25.4530  DIHED      =        13.4476
 1-4 NB =         9.0238  1-4 EEL =        21.6100  VDWAALS    =       102.3524
 EELEC  =       160.6196  EHBOND  =         0.0000  RESTRAINT  =         2.1379
 EAMBER (non-restraint)  =       107.8914
 EKCMT  =        49.8792  VIRIAL  =       604.6263  VOLUME     =       396.6835
                                                    Density    =         0.0022
 ------------------------------------------------------------------------------

--------------------------------------------------------------------------------
   5.  TIMINGS
--------------------------------------------------------------------------------

|  NonSetup CPU Time in Major Routines:
|
|     Routine           Sec        %
|     ------------------------------
|     Nonbond          89.83   87.11
|     Bond              0.00    0.00
|     Angle             0.00    0.00
|     Dihedral          0.00    0.00
|     Shake             0.32    0.31
|     RunMD            12.94   12.55
|     Other             0.03    0.03
|     ------------------------------
|     Total           103.12

|  PME Nonbond Pairlist CPU Time:
|
|     Routine              Sec        %
|     ---------------------------------
|     Set Up Cit           0.00    0.00
|     Build List           0.00    0.00
|     ---------------------------------
|     Total                0.00    0.00

|  PME Direct Force CPU Time:
|
|     Routine              Sec        %
|     ---------------------------------
|     NonBonded Calc       0.00    0.00
|     Exclude Masked       0.00    0.00
|     Other                0.02    0.02
|     ---------------------------------
|     Total                0.02    0.02

|  PME Reciprocal Force CPU Time:
|
|     Routine              Sec        %
|     ---------------------------------
|     1D bspline           0.00    0.00
|     Grid Charges         0.00    0.00
|     Scalar Sum           0.00    0.00
|     Gradient Sum         0.00    0.00
|     FFT                  0.00    0.00
|     ---------------------------------
|     Total                0.00    0.00

|  Final Performance Info:
|     -----------------------------------------------------
|     Average timings for last   20500 steps:
|     Elapsed(s) =      42.29 Per Step(ms) =       2.06
|         ns/day =      83.77   seconds/ns =    1031.44
|
|     Average timings for all steps:
|     Elapsed(s) =     103.12 Per Step(ms) =       2.06
|         ns/day =      83.79   seconds/ns =    1031.17
|     -----------------------------------------------------

|  Setup CPU time:            0.44 seconds
|  NonSetup CPU time:       103.12 seconds
|  Total CPU time:          103.55 seconds     0.03 hours

|  Setup wall time:           0    seconds
|  NonSetup wall time:      103    seconds
|  Total wall time:         103    seconds     0.03 hours
