
          -------------------------------------------------------
          Amber 16 PMEMD                              2016
          -------------------------------------------------------

| PMEMD implementation of SANDER, Release 16

| Run on 07/04/2017 at 01:19:32

|   Executable path: pmemd.cuda
| Working directory: /home/german/obp/run/mu_ctv/mhe/e
|          Hostname: Unknown
  [-O]verwriting output

File Assignments:
|   MDIN: 30equ.in                                                              
|  MDOUT: 30equ.out                                                             
| INPCRD: 29emu_ctv.rst7                                                        
|   PARM: /home/german/obp/top_files/mu_ctv.prmtop                              
| RESTRT: 30emu_ctv.rst7                                                        
|   REFC: refc                                                                  
|  MDVEL: mdvel                                                                 
|   MDEN: mden                                                                  
|  MDCRD: 30emu_ctv.nc                                                          
| MDINFO: mdinfo                                                                
|  MDFRC: mdfrc                                                                 


 Here is the input file:

Equilibration without solute restrictions                                      
&cntrl                                                                         
imin = 0,                           ! No Minimization                          
nmropt = 0,                         ! No NMR restraints read                   
                                                                               
! Nature and format of the input                                               
ntx = 5,                            ! Coordinates and velocities will be read  
irest = 1,                          ! Do not run a new simulation              
                                                                               
! Nature and format of the output                                              
ntxo = 1,                           ! rstrt file in ASCII format               
ntpr = 500,                         ! inf in output every ntpr steps           
ntwr = 500,                         ! rstrt file every ntwr steps              
ntwx = 500,                         ! mdcrd file every ntwx steps              
ntwv = 0,                           ! mdvel without velocities                 
ntwe = 0,                           ! Energies and temperatures not written in 
idecomp = 0,                        ! No energy decomposition                  
iwrap = 1,                          ! Coordinates of the restart and mdcrd file
                                                                               
! Frozen or restrained atoms                                                   
ibelly = 0,                         ! No frozen atoms                          
ntr=0,                              ! Harmonic potential restraints            
                                                                               
! Molecular dynamics                                                           
nstlim = 50000,                     ! Number of MD-steps                       
dt = 0.002,                         ! Time step                                
                                                                               
! Temperature regulation                                                       
ntt = 3,                            ! Langevin thermostat                      
gamma_ln = 2,                       ! Gamma constant for Langevin              
!temp0 = 300.0,                     ! Reference T at which the system is to be 
tempi = 300.0,                      ! Initial T                                
ig = -1,                            ! Seed for the RNG                         
                                                                               
! P and V regulation                                                           
ntp = 0,                            ! No P control                             
ntb = 1,                            ! constant V                               
                                                                               
! SHAKE variables                                                              
ntc = 2,                            ! Bonds involving H are constrained        
ntf = 2,                            ! Bond interaction involving H are ommited.
                                                                               
cut = 9.0,                         ! Nonbonded cutoff                          
/                                                                              
&end                                                                           


Note: ig = -1. Setting random seed to    47537 based on wallclock time in 
      microseconds.
 
|--------------------- INFORMATION ----------------------
| GPU (CUDA) Version of PMEMD in use: NVIDIA GPU IN USE.
|                    Version 16.0.0
| 
|                      02/25/2016
| 
| Implementation by:
|                    Ross C. Walker     (SDSC)
|                    Scott Le Grand     (nVIDIA)
| 
| Precision model in use:
|      [SPFP] - Single Precision Forces, 64-bit Fixed Point
|               Accumulation. (Default)
| 
|--------------------------------------------------------
 
|----------------- CITATION INFORMATION -----------------
|
|    When publishing work that utilized the CUDA version
|    of AMBER, please cite the following in addition to
|    the regular AMBER citations:
|
|  - Romelia Salomon-Ferrer; Andreas W. Goetz; Duncan
|    Poole; Scott Le Grand; Ross C. Walker "Routine
|    microsecond molecular dynamics simulations with
|    AMBER - Part II: Particle Mesh Ewald", J. Chem.
|    Theory Comput., 2013, 9 (9), pp3878-3888,
|    DOI: 10.1021/ct400314y.
|
|  - Andreas W. Goetz; Mark J. Williamson; Dong Xu;
|    Duncan Poole; Scott Le Grand; Ross C. Walker
|    "Routine microsecond molecular dynamics simulations
|    with AMBER - Part I: Generalized Born", J. Chem.
|    Theory Comput., 2012, 8 (5), pp1542-1555.
|
|  - Scott Le Grand; Andreas W. Goetz; Ross C. Walker
|    "SPFP: Speed without compromise - a mixed precision
|    model for GPU accelerated molecular dynamics
|    simulations.", Comp. Phys. Comm., 2013, 184
|    pp374-380, DOI: 10.1016/j.cpc.2012.09.022
|
|--------------------------------------------------------
 
|------------------- GPU DEVICE INFO --------------------
|
|            CUDA_VISIBLE_DEVICES: 0
|   CUDA Capable Devices Detected:      1
|           CUDA Device ID in use:      0
|                CUDA Device Name: GeForce GTX 1060 6GB
|     CUDA Device Global Mem Size:   6072 MB
| CUDA Device Num Multiprocessors:     10
|           CUDA Device Core Freq:   1.76 GHz
|
|--------------------------------------------------------
 
 
| Conditional Compilation Defines Used:
| PUBFFT
| BINTRAJ
| CUDA
| EMIL

| Largest sphere to fit in unit cell has radius =    26.280

| New format PARM file being parsed.
| Version =    1.000 Date = 02/24/15 Time = 11:42:17

| Note: 1-4 EEL scale factors are being read from the topology file.

| Note: 1-4 VDW scale factors are being read from the topology file.
| Duplicated    0 dihedrals

| Duplicated    0 dihedrals

--------------------------------------------------------------------------------
   1.  RESOURCE   USE: 
--------------------------------------------------------------------------------

 getting new box info from bottom of inpcrd
 NATOM  =   18306 NTYPES =      18 NBONH =   17356 MBONA  =     953
 NTHETH =    2237 MTHETA =    1278 NPHIH =    4342 MPHIA  =    4359
 NHPARM =       0 NPARM  =       0 NNB   =   32466 NRES   =    5584
 NBONA  =     953 NTHETA =    1278 NPHIA =    4359 NUMBND =      69
 NUMANG =     147 NPTRA  =     245 NATYP =      40 NPHB   =       1
 IFBOX  =       1 NMXRS  =      26 IFCAP =       0 NEXTRA =       0
 NCOPY  =       0

| Coordinate Index Table dimensions:    11   12   10
| Direct force subcell size =     5.0692    5.1748    5.2559

     BOX TYPE: RECTILINEAR

--------------------------------------------------------------------------------
   2.  CONTROL  DATA  FOR  THE  RUN
--------------------------------------------------------------------------------

default_name                                                                    

General flags:
     imin    =       0, nmropt  =       0

Nature and format of input:
     ntx     =       5, irest   =       1, ntrx    =       1

Nature and format of output:
     ntxo    =       1, ntpr    =     500, ntrx    =       1, ntwr    =     500
     iwrap   =       1, ntwx    =     500, ntwv    =       0, ntwe    =       0
     ioutfm  =       1, ntwprt  =       0, idecomp =       0, rbornstat=      0

Potential function:
     ntf     =       2, ntb     =       1, igb     =       0, nsnb    =      25
     ipol    =       0, gbsa    =       0, iesp    =       0
     dielc   =   1.00000, cut     =   9.00000, intdiel =   1.00000

Frozen or restrained atoms:
     ibelly  =       0, ntr     =       0

Molecular dynamics:
     nstlim  =     50000, nscm    =      1000, nrespa  =         1
     t       =   0.00000, dt      =   0.00200, vlimit  =  -1.00000

Langevin dynamics temperature regulation:
     ig      =   47537
     temp0   = 300.00000, tempi   = 300.00000, gamma_ln=   2.00000

SHAKE:
     ntc     =       2, jfastw  =       0
     tol     =   0.00001

| Intermolecular bonds treatment:
|     no_intermolecular_bonds =       1

| Energy averages sample interval:
|     ene_avg_sampling =     500

Ewald parameters:
     verbose =       0, ew_type =       0, nbflag  =       1, use_pme =       1
     vdwmeth =       1, eedmeth =       1, netfrc  =       1
     Box X =   55.761   Box Y =   62.098   Box Z =   52.559
     Alpha =   90.000   Beta  =   90.000   Gamma =   90.000
     NFFT1 =   56       NFFT2 =   64       NFFT3 =   56
     Cutoff=    9.000   Tol   =0.100E-04
     Ewald Coefficient =  0.30768
     Interpolation order =    4

--------------------------------------------------------------------------------
   3.  ATOMIC COORDINATES AND VELOCITIES
--------------------------------------------------------------------------------

default_name                                                                    
 begin time read from input coords =  2984.000 ps

 
 Number of triangulated 3-point waters found:     5461

     Sum of charges from parm topology file =   0.00000094
     Forcing neutrality...

| Dynamic Memory, Types Used:
| Reals              594034
| Integers           624645

| Nonbonded Pairs Initial Allocation:     4173768

| GPU memory information (estimate):
| KB of GPU memory in use:    101604
| KB of CPU memory in use:     21396

--------------------------------------------------------------------------------
   4.  RESULTS
--------------------------------------------------------------------------------

 ---------------------------------------------------
 APPROXIMATING switch and d/dx switch using CUBIC SPLINE INTERPOLATION
 using   5000.0 points per unit in tabled values
 TESTING RELATIVE ERROR over r ranging from 0.0 to cutoff
| CHECK switch(x): max rel err =   0.2738E-14   at   2.422500
| CHECK d/dx switch(x): max rel err =   0.8314E-11   at   2.736960
 ---------------------------------------------------
|---------------------------------------------------
| APPROXIMATING direct energy using CUBIC SPLINE INTERPOLATION
|  with   50.0 points per unit in tabled values
| Relative Error Limit not exceeded for r .gt.   2.39
| APPROXIMATING direct force using CUBIC SPLINE INTERPOLATION
|  with   50.0 points per unit in tabled values
| Relative Error Limit not exceeded for r .gt.   2.84
|---------------------------------------------------

 NSTEP =      500   TIME(PS) =    2985.000  TEMP(K) =   298.76  PRESS =     0.0
 Etot   =    -43952.6612  EKtot   =     11150.3252  EPtot      =    -55102.9864
 BOND   =       326.9560  ANGLE   =      1010.7337  DIHED      =      2130.5606
 1-4 NB =       440.3378  1-4 EEL =      6181.8575  VDWAALS    =      6646.0748
 EELEC  =    -71839.5067  EHBOND  =         0.0000  RESTRAINT  =         0.0000
 ------------------------------------------------------------------------------


 NSTEP =     1000   TIME(PS) =    2986.000  TEMP(K) =   303.33  PRESS =     0.0
 Etot   =    -43908.1571  EKtot   =     11320.8457  EPtot      =    -55229.0028
 BOND   =       347.5819  ANGLE   =      1000.6659  DIHED      =      2150.4213
 1-4 NB =       434.2628  1-4 EEL =      6190.0884  VDWAALS    =      6517.7453
 EELEC  =    -71869.7686  EHBOND  =         0.0000  RESTRAINT  =         0.0000
 ------------------------------------------------------------------------------


 NSTEP =     1500   TIME(PS) =    2987.000  TEMP(K) =   299.93  PRESS =     0.0
 Etot   =    -43928.2092  EKtot   =     11193.7764  EPtot      =    -55121.9856
 BOND   =       331.9480  ANGLE   =      1003.8965  DIHED      =      2129.5956
 1-4 NB =       439.9029  1-4 EEL =      6161.5460  VDWAALS    =      6661.8685
 EELEC  =    -71850.7430  EHBOND  =         0.0000  RESTRAINT  =         0.0000
 ------------------------------------------------------------------------------


 NSTEP =     2000   TIME(PS) =    2988.000  TEMP(K) =   300.64  PRESS =     0.0
 Etot   =    -44021.6458  EKtot   =     11220.4785  EPtot      =    -55242.1243
 BOND   =       337.9701  ANGLE   =       976.3504  DIHED      =      2136.9983
 1-4 NB =       454.1859  1-4 EEL =      6148.9145  VDWAALS    =      6604.6327
 EELEC  =    -71901.1761  EHBOND  =         0.0000  RESTRAINT  =         0.0000
 ------------------------------------------------------------------------------


 NSTEP =     2500   TIME(PS) =    2989.000  TEMP(K) =   299.96  PRESS =     0.0
 Etot   =    -43970.7517  EKtot   =     11194.9502  EPtot      =    -55165.7019
 BOND   =       365.1805  ANGLE   =       962.2316  DIHED      =      2134.7150
 1-4 NB =       448.3712  1-4 EEL =      6162.7134  VDWAALS    =      6755.4888
 EELEC  =    -71994.4023  EHBOND  =         0.0000  RESTRAINT  =         0.0000
 ------------------------------------------------------------------------------


 NSTEP =     3000   TIME(PS) =    2990.000  TEMP(K) =   297.61  PRESS =     0.0
 Etot   =    -44075.6435  EKtot   =     11107.3760  EPtot      =    -55183.0195
 BOND   =       351.4768  ANGLE   =       981.5566  DIHED      =      2123.2131
 1-4 NB =       436.8853  1-4 EEL =      6181.6598  VDWAALS    =      6576.5869
 EELEC  =    -71834.3981  EHBOND  =         0.0000  RESTRAINT  =         0.0000
 ------------------------------------------------------------------------------


 NSTEP =     3500   TIME(PS) =    2991.000  TEMP(K) =   303.63  PRESS =     0.0
 Etot   =    -43710.3262  EKtot   =     11331.9551  EPtot      =    -55042.2813
 BOND   =       331.3590  ANGLE   =      1091.8894  DIHED      =      2123.1385
 1-4 NB =       455.2273  1-4 EEL =      6162.7158  VDWAALS    =      6690.5328
 EELEC  =    -71897.1442  EHBOND  =         0.0000  RESTRAINT  =         0.0000
 ------------------------------------------------------------------------------


 NSTEP =     4000   TIME(PS) =    2992.000  TEMP(K) =   303.98  PRESS =     0.0
 Etot   =    -43962.8644  EKtot   =     11344.8623  EPtot      =    -55307.7267
 BOND   =       342.4286  ANGLE   =       997.4746  DIHED      =      2135.9448
 1-4 NB =       449.3829  1-4 EEL =      6152.5045  VDWAALS    =      6610.4300
 EELEC  =    -71995.8922  EHBOND  =         0.0000  RESTRAINT  =         0.0000
 ------------------------------------------------------------------------------


 NSTEP =     4500   TIME(PS) =    2993.000  TEMP(K) =   299.33  PRESS =     0.0
 Etot   =    -43865.6750  EKtot   =     11171.5254  EPtot      =    -55037.2004
 BOND   =       337.1240  ANGLE   =      1004.7440  DIHED      =      2154.7664
 1-4 NB =       444.1042  1-4 EEL =      6172.6544  VDWAALS    =      6594.1178
 EELEC  =    -71744.7112  EHBOND  =         0.0000  RESTRAINT  =         0.0000
 ------------------------------------------------------------------------------


 NSTEP =     5000   TIME(PS) =    2994.000  TEMP(K) =   299.93  PRESS =     0.0
 Etot   =    -43977.2391  EKtot   =     11193.8662  EPtot      =    -55171.1053
 BOND   =       316.4311  ANGLE   =       981.6993  DIHED      =      2130.9214
 1-4 NB =       438.0708  1-4 EEL =      6132.5450  VDWAALS    =      6556.8428
 EELEC  =    -71727.6157  EHBOND  =         0.0000  RESTRAINT  =         0.0000
 ------------------------------------------------------------------------------


 NSTEP =     5500   TIME(PS) =    2995.000  TEMP(K) =   299.98  PRESS =     0.0
 Etot   =    -44082.4923  EKtot   =     11195.8545  EPtot      =    -55278.3468
 BOND   =       323.5828  ANGLE   =       949.0387  DIHED      =      2166.9114
 1-4 NB =       444.2410  1-4 EEL =      6158.3931  VDWAALS    =      6757.7132
 EELEC  =    -72078.2272  EHBOND  =         0.0000  RESTRAINT  =         0.0000
 ------------------------------------------------------------------------------


 NSTEP =     6000   TIME(PS) =    2996.000  TEMP(K) =   301.11  PRESS =     0.0
 Etot   =    -44020.8069  EKtot   =     11237.7217  EPtot      =    -55258.5286
 BOND   =       357.7660  ANGLE   =       982.6163  DIHED      =      2128.2055
 1-4 NB =       442.3967  1-4 EEL =      6198.8884  VDWAALS    =      6641.2737
 EELEC  =    -72009.6752  EHBOND  =         0.0000  RESTRAINT  =         0.0000
 ------------------------------------------------------------------------------


 NSTEP =     6500   TIME(PS) =    2997.000  TEMP(K) =   297.55  PRESS =     0.0
 Etot   =    -44148.6901  EKtot   =     11104.9297  EPtot      =    -55253.6198
 BOND   =       362.5848  ANGLE   =       940.2432  DIHED      =      2169.7539
 1-4 NB =       447.3932  1-4 EEL =      6184.5536  VDWAALS    =      6628.5642
 EELEC  =    -71986.7126  EHBOND  =         0.0000  RESTRAINT  =         0.0000
 ------------------------------------------------------------------------------


 NSTEP =     7000   TIME(PS) =    2998.000  TEMP(K) =   299.56  PRESS =     0.0
 Etot   =    -44001.7435  EKtot   =     11179.9072  EPtot      =    -55181.6507
 BOND   =       371.9338  ANGLE   =      1033.5853  DIHED      =      2125.2123
 1-4 NB =       442.4192  1-4 EEL =      6154.4179  VDWAALS    =      6861.3072
 EELEC  =    -72170.5264  EHBOND  =         0.0000  RESTRAINT  =         0.0000
 ------------------------------------------------------------------------------


 NSTEP =     7500   TIME(PS) =    2999.000  TEMP(K) =   301.61  PRESS =     0.0
 Etot   =    -43846.9585  EKtot   =     11256.3984  EPtot      =    -55103.3570
 BOND   =       370.3836  ANGLE   =      1008.3906  DIHED      =      2134.8856
 1-4 NB =       443.1285  1-4 EEL =      6177.0133  VDWAALS    =      6528.3574
 EELEC  =    -71765.5160  EHBOND  =         0.0000  RESTRAINT  =         0.0000
 ------------------------------------------------------------------------------


 NSTEP =     8000   TIME(PS) =    3000.000  TEMP(K) =   299.21  PRESS =     0.0
 Etot   =    -44308.1601  EKtot   =     11166.9336  EPtot      =    -55475.0937
 BOND   =       342.4882  ANGLE   =       999.6871  DIHED      =      2131.0329
 1-4 NB =       448.8715  1-4 EEL =      6180.4057  VDWAALS    =      6769.7537
 EELEC  =    -72347.3328  EHBOND  =         0.0000  RESTRAINT  =         0.0000
 ------------------------------------------------------------------------------


 NSTEP =     8500   TIME(PS) =    3001.000  TEMP(K) =   298.26  PRESS =     0.0
 Etot   =    -43979.2799  EKtot   =     11131.5312  EPtot      =    -55110.8112
 BOND   =       367.0943  ANGLE   =       980.3314  DIHED      =      2162.0308
 1-4 NB =       451.5360  1-4 EEL =      6185.9568  VDWAALS    =      6611.1215
 EELEC  =    -71868.8820  EHBOND  =         0.0000  RESTRAINT  =         0.0000
 ------------------------------------------------------------------------------


 NSTEP =     9000   TIME(PS) =    3002.000  TEMP(K) =   298.85  PRESS =     0.0
 Etot   =    -43905.3532  EKtot   =     11153.6396  EPtot      =    -55058.9928
 BOND   =       363.5740  ANGLE   =       971.1767  DIHED      =      2146.4193
 1-4 NB =       440.5180  1-4 EEL =      6206.6316  VDWAALS    =      6575.8073
 EELEC  =    -71763.1198  EHBOND  =         0.0000  RESTRAINT  =         0.0000
 ------------------------------------------------------------------------------


 NSTEP =     9500   TIME(PS) =    3003.000  TEMP(K) =   300.50  PRESS =     0.0
 Etot   =    -44035.0496  EKtot   =     11215.0098  EPtot      =    -55250.0593
 BOND   =       339.3517  ANGLE   =      1007.5020  DIHED      =      2138.9389
 1-4 NB =       461.7158  1-4 EEL =      6205.1237  VDWAALS    =      6589.2662
 EELEC  =    -71991.9577  EHBOND  =         0.0000  RESTRAINT  =         0.0000
 ------------------------------------------------------------------------------


 NSTEP =    10000   TIME(PS) =    3004.000  TEMP(K) =   300.90  PRESS =     0.0
 Etot   =    -44132.2868  EKtot   =     11230.0771  EPtot      =    -55362.3639
 BOND   =       358.4779  ANGLE   =       983.8820  DIHED      =      2157.2007
 1-4 NB =       433.2584  1-4 EEL =      6189.7417  VDWAALS    =      6803.0216
 EELEC  =    -72287.9461  EHBOND  =         0.0000  RESTRAINT  =         0.0000
 ------------------------------------------------------------------------------


 NSTEP =    10500   TIME(PS) =    3005.000  TEMP(K) =   305.71  PRESS =     0.0
 Etot   =    -43840.7325  EKtot   =     11409.6016  EPtot      =    -55250.3340
 BOND   =       331.8441  ANGLE   =       978.4556  DIHED      =      2170.4698
 1-4 NB =       434.6519  1-4 EEL =      6171.0471  VDWAALS    =      6658.2003
 EELEC  =    -71995.0028  EHBOND  =         0.0000  RESTRAINT  =         0.0000
 ------------------------------------------------------------------------------


 NSTEP =    11000   TIME(PS) =    3006.000  TEMP(K) =   297.81  PRESS =     0.0
 Etot   =    -44112.6570  EKtot   =     11114.7383  EPtot      =    -55227.3953
 BOND   =       339.4639  ANGLE   =       953.1851  DIHED      =      2165.1735
 1-4 NB =       448.3368  1-4 EEL =      6241.8615  VDWAALS    =      6556.5182
 EELEC  =    -71931.9344  EHBOND  =         0.0000  RESTRAINT  =         0.0000
 ------------------------------------------------------------------------------


 NSTEP =    11500   TIME(PS) =    3007.000  TEMP(K) =   299.48  PRESS =     0.0
 Etot   =    -43877.0238  EKtot   =     11176.9834  EPtot      =    -55054.0072
 BOND   =       362.7592  ANGLE   =       957.4369  DIHED      =      2117.8423
 1-4 NB =       459.0618  1-4 EEL =      6203.6540  VDWAALS    =      6907.8835
 EELEC  =    -72062.6449  EHBOND  =         0.0000  RESTRAINT  =         0.0000
 ------------------------------------------------------------------------------


 NSTEP =    12000   TIME(PS) =    3008.000  TEMP(K) =   292.87  PRESS =     0.0
 Etot   =    -44459.3737  EKtot   =     10930.4277  EPtot      =    -55389.8015
 BOND   =       357.1849  ANGLE   =       973.4518  DIHED      =      2161.9663
 1-4 NB =       437.9319  1-4 EEL =      6178.1817  VDWAALS    =      6556.5466
 EELEC  =    -72055.0646  EHBOND  =         0.0000  RESTRAINT  =         0.0000
 ------------------------------------------------------------------------------


 NSTEP =    12500   TIME(PS) =    3009.000  TEMP(K) =   296.87  PRESS =     0.0
 Etot   =    -44216.2225  EKtot   =     11079.4590  EPtot      =    -55295.6814
 BOND   =       347.0141  ANGLE   =       952.4248  DIHED      =      2147.8069
 1-4 NB =       446.3608  1-4 EEL =      6210.8072  VDWAALS    =      6509.5346
 EELEC  =    -71909.6298  EHBOND  =         0.0000  RESTRAINT  =         0.0000
 ------------------------------------------------------------------------------


 NSTEP =    13000   TIME(PS) =    3010.000  TEMP(K) =   300.69  PRESS =     0.0
 Etot   =    -43841.9815  EKtot   =     11222.0137  EPtot      =    -55063.9952
 BOND   =       341.8703  ANGLE   =      1020.2690  DIHED      =      2146.9526
 1-4 NB =       455.9011  1-4 EEL =      6184.2077  VDWAALS    =      6488.4317
 EELEC  =    -71701.6276  EHBOND  =         0.0000  RESTRAINT  =         0.0000
 ------------------------------------------------------------------------------


 NSTEP =    13500   TIME(PS) =    3011.000  TEMP(K) =   296.96  PRESS =     0.0
 Etot   =    -43941.1458  EKtot   =     11082.8984  EPtot      =    -55024.0443
 BOND   =       377.3121  ANGLE   =      1014.6225  DIHED      =      2141.3558
 1-4 NB =       437.8186  1-4 EEL =      6161.9548  VDWAALS    =      6685.2949
 EELEC  =    -71842.4030  EHBOND  =         0.0000  RESTRAINT  =         0.0000
 ------------------------------------------------------------------------------


 NSTEP =    14000   TIME(PS) =    3012.000  TEMP(K) =   300.64  PRESS =     0.0
 Etot   =    -43795.4176  EKtot   =     11220.2246  EPtot      =    -55015.6422
 BOND   =       353.7620  ANGLE   =      1013.1859  DIHED      =      2134.7612
 1-4 NB =       447.4417  1-4 EEL =      6190.2122  VDWAALS    =      6605.6379
 EELEC  =    -71760.6431  EHBOND  =         0.0000  RESTRAINT  =         0.0000
 ------------------------------------------------------------------------------


 NSTEP =    14500   TIME(PS) =    3013.000  TEMP(K) =   299.38  PRESS =     0.0
 Etot   =    -43896.2735  EKtot   =     11173.1289  EPtot      =    -55069.4024
 BOND   =       370.8221  ANGLE   =       978.4810  DIHED      =      2148.5658
 1-4 NB =       440.7041  1-4 EEL =      6181.4501  VDWAALS    =      6653.8393
 EELEC  =    -71843.2647  EHBOND  =         0.0000  RESTRAINT  =         0.0000
 ------------------------------------------------------------------------------


 NSTEP =    15000   TIME(PS) =    3014.000  TEMP(K) =   302.41  PRESS =     0.0
 Etot   =    -43950.9614  EKtot   =     11286.3145  EPtot      =    -55237.2759
 BOND   =       334.0945  ANGLE   =      1010.5244  DIHED      =      2146.2396
 1-4 NB =       441.1917  1-4 EEL =      6187.4956  VDWAALS    =      6701.7092
 EELEC  =    -72058.5308  EHBOND  =         0.0000  RESTRAINT  =         0.0000
 ------------------------------------------------------------------------------


 NSTEP =    15500   TIME(PS) =    3015.000  TEMP(K) =   302.27  PRESS =     0.0
 Etot   =    -43867.6788  EKtot   =     11281.2432  EPtot      =    -55148.9220
 BOND   =       336.9397  ANGLE   =      1021.0838  DIHED      =      2135.7912
 1-4 NB =       435.7393  1-4 EEL =      6155.7260  VDWAALS    =      6624.6821
 EELEC  =    -71858.8842  EHBOND  =         0.0000  RESTRAINT  =         0.0000
 ------------------------------------------------------------------------------


 NSTEP =    16000   TIME(PS) =    3016.000  TEMP(K) =   301.19  PRESS =     0.0
 Etot   =    -43964.2106  EKtot   =     11240.8584  EPtot      =    -55205.0690
 BOND   =       325.9551  ANGLE   =       976.8301  DIHED      =      2148.8775
 1-4 NB =       445.3264  1-4 EEL =      6156.0500  VDWAALS    =      6608.0983
 EELEC  =    -71866.2065  EHBOND  =         0.0000  RESTRAINT  =         0.0000
 ------------------------------------------------------------------------------


 NSTEP =    16500   TIME(PS) =    3017.000  TEMP(K) =   299.80  PRESS =     0.0
 Etot   =    -43893.9928  EKtot   =     11189.1436  EPtot      =    -55083.1364
 BOND   =       347.9132  ANGLE   =       997.9313  DIHED      =      2143.5641
 1-4 NB =       441.3180  1-4 EEL =      6170.0383  VDWAALS    =      6552.6503
 EELEC  =    -71736.5515  EHBOND  =         0.0000  RESTRAINT  =         0.0000
 ------------------------------------------------------------------------------


 NSTEP =    17000   TIME(PS) =    3018.000  TEMP(K) =   298.25  PRESS =     0.0
 Etot   =    -43922.4217  EKtot   =     11131.1182  EPtot      =    -55053.5399
 BOND   =       375.8893  ANGLE   =      1021.7445  DIHED      =      2158.3884
 1-4 NB =       433.8029  1-4 EEL =      6164.5695  VDWAALS    =      6694.0091
 EELEC  =    -71901.9435  EHBOND  =         0.0000  RESTRAINT  =         0.0000
 ------------------------------------------------------------------------------


 NSTEP =    17500   TIME(PS) =    3019.000  TEMP(K) =   301.92  PRESS =     0.0
 Etot   =    -43901.2800  EKtot   =     11268.2637  EPtot      =    -55169.5437
 BOND   =       360.8461  ANGLE   =      1023.7043  DIHED      =      2173.3703
 1-4 NB =       440.2034  1-4 EEL =      6165.1629  VDWAALS    =      6647.0882
 EELEC  =    -71979.9190  EHBOND  =         0.0000  RESTRAINT  =         0.0000
 ------------------------------------------------------------------------------


 NSTEP =    18000   TIME(PS) =    3020.000  TEMP(K) =   300.24  PRESS =     0.0
 Etot   =    -43825.6439  EKtot   =     11205.4004  EPtot      =    -55031.0443
 BOND   =       357.0399  ANGLE   =      1012.0021  DIHED      =      2133.1136
 1-4 NB =       450.2767  1-4 EEL =      6107.6406  VDWAALS    =      6492.0320
 EELEC  =    -71583.1491  EHBOND  =         0.0000  RESTRAINT  =         0.0000
 ------------------------------------------------------------------------------


 NSTEP =    18500   TIME(PS) =    3021.000  TEMP(K) =   303.67  PRESS =     0.0
 Etot   =    -43686.2764  EKtot   =     11333.4434  EPtot      =    -55019.7198
 BOND   =       349.0853  ANGLE   =      1000.9598  DIHED      =      2129.4838
 1-4 NB =       445.2552  1-4 EEL =      6167.6504  VDWAALS    =      6517.8320
 EELEC  =    -71629.9862  EHBOND  =         0.0000  RESTRAINT  =         0.0000
 ------------------------------------------------------------------------------


 NSTEP =    19000   TIME(PS) =    3022.000  TEMP(K) =   301.98  PRESS =     0.0
 Etot   =    -43799.3758  EKtot   =     11270.1484  EPtot      =    -55069.5242
 BOND   =       350.1520  ANGLE   =       985.7503  DIHED      =      2151.9331
 1-4 NB =       443.7912  1-4 EEL =      6152.1897  VDWAALS    =      6681.1907
 EELEC  =    -71834.5311  EHBOND  =         0.0000  RESTRAINT  =         0.0000
 ------------------------------------------------------------------------------


 NSTEP =    19500   TIME(PS) =    3023.000  TEMP(K) =   298.43  PRESS =     0.0
 Etot   =    -44027.5780  EKtot   =     11137.9697  EPtot      =    -55165.5477
 BOND   =       356.2704  ANGLE   =      1006.9167  DIHED      =      2150.2242
 1-4 NB =       449.6317  1-4 EEL =      6175.9736  VDWAALS    =      6483.4812
 EELEC  =    -71788.0455  EHBOND  =         0.0000  RESTRAINT  =         0.0000
 ------------------------------------------------------------------------------


 NSTEP =    20000   TIME(PS) =    3024.000  TEMP(K) =   300.45  PRESS =     0.0
 Etot   =    -43779.0020  EKtot   =     11213.1006  EPtot      =    -54992.1026
 BOND   =       345.8304  ANGLE   =      1014.0670  DIHED      =      2135.9704
 1-4 NB =       433.1573  1-4 EEL =      6138.0505  VDWAALS    =      6596.8923
 EELEC  =    -71656.0704  EHBOND  =         0.0000  RESTRAINT  =         0.0000
 ------------------------------------------------------------------------------


 NSTEP =    20500   TIME(PS) =    3025.000  TEMP(K) =   298.66  PRESS =     0.0
 Etot   =    -44009.5210  EKtot   =     11146.3418  EPtot      =    -55155.8628
 BOND   =       319.5721  ANGLE   =      1004.4028  DIHED      =      2117.9168
 1-4 NB =       461.3704  1-4 EEL =      6157.5390  VDWAALS    =      6434.4017
 EELEC  =    -71651.0656  EHBOND  =         0.0000  RESTRAINT  =         0.0000
 ------------------------------------------------------------------------------


 NSTEP =    21000   TIME(PS) =    3026.000  TEMP(K) =   299.44  PRESS =     0.0
 Etot   =    -44053.3317  EKtot   =     11175.6260  EPtot      =    -55228.9577
 BOND   =       336.5017  ANGLE   =       985.6637  DIHED      =      2114.5369
 1-4 NB =       437.8281  1-4 EEL =      6139.9415  VDWAALS    =      6644.1169
 EELEC  =    -71887.5465  EHBOND  =         0.0000  RESTRAINT  =         0.0000
 ------------------------------------------------------------------------------


 NSTEP =    21500   TIME(PS) =    3027.000  TEMP(K) =   301.37  PRESS =     0.0
 Etot   =    -44191.1705  EKtot   =     11247.5098  EPtot      =    -55438.6803
 BOND   =       338.7680  ANGLE   =       980.3062  DIHED      =      2136.6008
 1-4 NB =       457.0031  1-4 EEL =      6198.8397  VDWAALS    =      6666.3230
 EELEC  =    -72216.5212  EHBOND  =         0.0000  RESTRAINT  =         0.0000
 ------------------------------------------------------------------------------


 NSTEP =    22000   TIME(PS) =    3028.000  TEMP(K) =   302.82  PRESS =     0.0
 Etot   =    -43917.6687  EKtot   =     11301.5186  EPtot      =    -55219.1873
 BOND   =       345.0368  ANGLE   =      1035.0426  DIHED      =      2145.5835
 1-4 NB =       455.5065  1-4 EEL =      6140.7062  VDWAALS    =      6725.6897
 EELEC  =    -72066.7526  EHBOND  =         0.0000  RESTRAINT  =         0.0000
 ------------------------------------------------------------------------------


 NSTEP =    22500   TIME(PS) =    3029.000  TEMP(K) =   300.46  PRESS =     0.0
 Etot   =    -43813.7604  EKtot   =     11213.6396  EPtot      =    -55027.4001
 BOND   =       345.2701  ANGLE   =      1039.4483  DIHED      =      2140.5812
 1-4 NB =       449.1971  1-4 EEL =      6153.8893  VDWAALS    =      6521.6660
 EELEC  =    -71677.4521  EHBOND  =         0.0000  RESTRAINT  =         0.0000
 ------------------------------------------------------------------------------


 NSTEP =    23000   TIME(PS) =    3030.000  TEMP(K) =   306.33  PRESS =     0.0
 Etot   =    -43758.7276  EKtot   =     11432.8428  EPtot      =    -55191.5704
 BOND   =       341.3987  ANGLE   =       999.5578  DIHED      =      2134.1020
 1-4 NB =       447.6511  1-4 EEL =      6142.0723  VDWAALS    =      6465.4680
 EELEC  =    -71721.8204  EHBOND  =         0.0000  RESTRAINT  =         0.0000
 ------------------------------------------------------------------------------


 NSTEP =    23500   TIME(PS) =    3031.000  TEMP(K) =   300.95  PRESS =     0.0
 Etot   =    -43970.6226  EKtot   =     11231.8779  EPtot      =    -55202.5005
 BOND   =       382.6533  ANGLE   =      1013.7065  DIHED      =      2147.4756
 1-4 NB =       462.4416  1-4 EEL =      6171.8122  VDWAALS    =      6787.6766
 EELEC  =    -72168.2662  EHBOND  =         0.0000  RESTRAINT  =         0.0000
 ------------------------------------------------------------------------------


 NSTEP =    24000   TIME(PS) =    3032.000  TEMP(K) =   300.21  PRESS =     0.0
 Etot   =    -44112.4765  EKtot   =     11204.2080  EPtot      =    -55316.6845
 BOND   =       366.1814  ANGLE   =       971.7150  DIHED      =      2129.5096
 1-4 NB =       445.1819  1-4 EEL =      6185.2208  VDWAALS    =      6710.2172
 EELEC  =    -72124.7103  EHBOND  =         0.0000  RESTRAINT  =         0.0000
 ------------------------------------------------------------------------------


 NSTEP =    24500   TIME(PS) =    3033.000  TEMP(K) =   296.65  PRESS =     0.0
 Etot   =    -44146.4949  EKtot   =     11071.3506  EPtot      =    -55217.8455
 BOND   =       339.4724  ANGLE   =       985.9426  DIHED      =      2138.3592
 1-4 NB =       446.6589  1-4 EEL =      6196.2243  VDWAALS    =      6637.3918
 EELEC  =    -71961.8947  EHBOND  =         0.0000  RESTRAINT  =         0.0000
 ------------------------------------------------------------------------------


 NSTEP =    25000   TIME(PS) =    3034.000  TEMP(K) =   298.96  PRESS =     0.0
 Etot   =    -44125.9504  EKtot   =     11157.7246  EPtot      =    -55283.6750
 BOND   =       387.4139  ANGLE   =      1026.4014  DIHED      =      2144.3542
 1-4 NB =       444.4927  1-4 EEL =      6128.5746  VDWAALS    =      6692.3993
 EELEC  =    -72107.3111  EHBOND  =         0.0000  RESTRAINT  =         0.0000
 ------------------------------------------------------------------------------


 NSTEP =    25500   TIME(PS) =    3035.000  TEMP(K) =   299.11  PRESS =     0.0
 Etot   =    -44040.7483  EKtot   =     11163.2793  EPtot      =    -55204.0276
 BOND   =       339.5517  ANGLE   =      1038.7482  DIHED      =      2132.5388
 1-4 NB =       447.5334  1-4 EEL =      6144.4522  VDWAALS    =      6692.1044
 EELEC  =    -71998.9563  EHBOND  =         0.0000  RESTRAINT  =         0.0000
 ------------------------------------------------------------------------------


 NSTEP =    26000   TIME(PS) =    3036.000  TEMP(K) =   298.34  PRESS =     0.0
 Etot   =    -44151.8992  EKtot   =     11134.6455  EPtot      =    -55286.5447
 BOND   =       352.3614  ANGLE   =      1005.8316  DIHED      =      2146.7278
 1-4 NB =       436.1465  1-4 EEL =      6152.1112  VDWAALS    =      6909.0893
 EELEC  =    -72288.8126  EHBOND  =         0.0000  RESTRAINT  =         0.0000
 ------------------------------------------------------------------------------


 NSTEP =    26500   TIME(PS) =    3037.000  TEMP(K) =   300.93  PRESS =     0.0
 Etot   =    -44052.4157  EKtot   =     11231.1221  EPtot      =    -55283.5378
 BOND   =       359.2118  ANGLE   =      1003.1357  DIHED      =      2160.5314
 1-4 NB =       436.9466  1-4 EEL =      6125.4933  VDWAALS    =      6769.3871
 EELEC  =    -72138.2438  EHBOND  =         0.0000  RESTRAINT  =         0.0000
 ------------------------------------------------------------------------------


 NSTEP =    27000   TIME(PS) =    3038.000  TEMP(K) =   301.61  PRESS =     0.0
 Etot   =    -43888.8154  EKtot   =     11256.4219  EPtot      =    -55145.2372
 BOND   =       352.0755  ANGLE   =       971.8517  DIHED      =      2132.6896
 1-4 NB =       451.3269  1-4 EEL =      6166.2353  VDWAALS    =      6491.8773
 EELEC  =    -71711.2934  EHBOND  =         0.0000  RESTRAINT  =         0.0000
 ------------------------------------------------------------------------------


 NSTEP =    27500   TIME(PS) =    3039.000  TEMP(K) =   301.59  PRESS =     0.0
 Etot   =    -43990.1826  EKtot   =     11255.9160  EPtot      =    -55246.0986
 BOND   =       357.3525  ANGLE   =      1019.8506  DIHED      =      2105.7492
 1-4 NB =       441.8233  1-4 EEL =      6130.7621  VDWAALS    =      6779.9036
 EELEC  =    -72081.5398  EHBOND  =         0.0000  RESTRAINT  =         0.0000
 ------------------------------------------------------------------------------


 NSTEP =    28000   TIME(PS) =    3040.000  TEMP(K) =   301.79  PRESS =     0.0
 Etot   =    -44004.2081  EKtot   =     11263.3643  EPtot      =    -55267.5724
 BOND   =       353.7101  ANGLE   =      1007.8308  DIHED      =      2126.5378
 1-4 NB =       451.5896  1-4 EEL =      6178.5358  VDWAALS    =      6380.9799
 EELEC  =    -71766.7564  EHBOND  =         0.0000  RESTRAINT  =         0.0000
 ------------------------------------------------------------------------------


 NSTEP =    28500   TIME(PS) =    3041.000  TEMP(K) =   302.87  PRESS =     0.0
 Etot   =    -43882.0466  EKtot   =     11303.4453  EPtot      =    -55185.4919
 BOND   =       358.1293  ANGLE   =       980.6460  DIHED      =      2133.3904
 1-4 NB =       446.8164  1-4 EEL =      6142.7868  VDWAALS    =      6572.7070
 EELEC  =    -71819.9678  EHBOND  =         0.0000  RESTRAINT  =         0.0000
 ------------------------------------------------------------------------------


 NSTEP =    29000   TIME(PS) =    3042.000  TEMP(K) =   298.48  PRESS =     0.0
 Etot   =    -44103.5263  EKtot   =     11139.6504  EPtot      =    -55243.1767
 BOND   =       344.4975  ANGLE   =      1011.1021  DIHED      =      2125.2940
 1-4 NB =       441.4077  1-4 EEL =      6134.2743  VDWAALS    =      6593.1791
 EELEC  =    -71892.9314  EHBOND  =         0.0000  RESTRAINT  =         0.0000
 ------------------------------------------------------------------------------


 NSTEP =    29500   TIME(PS) =    3043.000  TEMP(K) =   299.38  PRESS =     0.0
 Etot   =    -44134.5173  EKtot   =     11173.2041  EPtot      =    -55307.7214
 BOND   =       349.9922  ANGLE   =      1037.1755  DIHED      =      2102.7730
 1-4 NB =       430.1580  1-4 EEL =      6143.2404  VDWAALS    =      6800.8512
 EELEC  =    -72171.9117  EHBOND  =         0.0000  RESTRAINT  =         0.0000
 ------------------------------------------------------------------------------


 NSTEP =    30000   TIME(PS) =    3044.000  TEMP(K) =   298.19  PRESS =     0.0
 Etot   =    -44162.4010  EKtot   =     11128.8740  EPtot      =    -55291.2751
 BOND   =       362.3898  ANGLE   =      1029.9040  DIHED      =      2116.8146
 1-4 NB =       465.8336  1-4 EEL =      6188.2921  VDWAALS    =      6690.2816
 EELEC  =    -72144.7908  EHBOND  =         0.0000  RESTRAINT  =         0.0000
 ------------------------------------------------------------------------------


 NSTEP =    30500   TIME(PS) =    3045.000  TEMP(K) =   297.33  PRESS =     0.0
 Etot   =    -44184.0152  EKtot   =     11096.6406  EPtot      =    -55280.6558
 BOND   =       365.2793  ANGLE   =      1013.5400  DIHED      =      2121.3053
 1-4 NB =       438.6968  1-4 EEL =      6155.5037  VDWAALS    =      6520.0695
 EELEC  =    -71895.0504  EHBOND  =         0.0000  RESTRAINT  =         0.0000
 ------------------------------------------------------------------------------


 NSTEP =    31000   TIME(PS) =    3046.000  TEMP(K) =   298.87  PRESS =     0.0
 Etot   =    -44177.1856  EKtot   =     11154.3330  EPtot      =    -55331.5186
 BOND   =       350.0906  ANGLE   =       979.9461  DIHED      =      2145.3799
 1-4 NB =       460.9067  1-4 EEL =      6141.5298  VDWAALS    =      6409.6487
 EELEC  =    -71819.0205  EHBOND  =         0.0000  RESTRAINT  =         0.0000
 ------------------------------------------------------------------------------


 NSTEP =    31500   TIME(PS) =    3047.000  TEMP(K) =   300.24  PRESS =     0.0
 Etot   =    -43990.5662  EKtot   =     11205.4844  EPtot      =    -55196.0506
 BOND   =       362.3808  ANGLE   =       932.3501  DIHED      =      2149.6229
 1-4 NB =       439.8639  1-4 EEL =      6156.2634  VDWAALS    =      6539.8940
 EELEC  =    -71776.4257  EHBOND  =         0.0000  RESTRAINT  =         0.0000
 ------------------------------------------------------------------------------


 NSTEP =    32000   TIME(PS) =    3048.000  TEMP(K) =   297.64  PRESS =     0.0
 Etot   =    -44049.7052  EKtot   =     11108.5186  EPtot      =    -55158.2237
 BOND   =       386.0437  ANGLE   =       968.5081  DIHED      =      2131.2185
 1-4 NB =       443.1623  1-4 EEL =      6160.0970  VDWAALS    =      6628.6475
 EELEC  =    -71875.9008  EHBOND  =         0.0000  RESTRAINT  =         0.0000
 ------------------------------------------------------------------------------


 NSTEP =    32500   TIME(PS) =    3049.000  TEMP(K) =   303.69  PRESS =     0.0
 Etot   =    -43870.9430  EKtot   =     11334.0869  EPtot      =    -55205.0299
 BOND   =       352.0790  ANGLE   =       989.8196  DIHED      =      2149.4975
 1-4 NB =       443.1131  1-4 EEL =      6169.5920  VDWAALS    =      6403.4398
 EELEC  =    -71712.5709  EHBOND  =         0.0000  RESTRAINT  =         0.0000
 ------------------------------------------------------------------------------


 NSTEP =    33000   TIME(PS) =    3050.000  TEMP(K) =   299.99  PRESS =     0.0
 Etot   =    -43961.9367  EKtot   =     11195.9492  EPtot      =    -55157.8859
 BOND   =       352.8052  ANGLE   =       953.8940  DIHED      =      2144.0414
 1-4 NB =       443.8175  1-4 EEL =      6191.2831  VDWAALS    =      6395.2089
 EELEC  =    -71638.9361  EHBOND  =         0.0000  RESTRAINT  =         0.0000
 ------------------------------------------------------------------------------


 NSTEP =    33500   TIME(PS) =    3051.000  TEMP(K) =   302.22  PRESS =     0.0
 Etot   =    -43917.2407  EKtot   =     11279.1182  EPtot      =    -55196.3589
 BOND   =       359.1277  ANGLE   =       947.0678  DIHED      =      2145.6167
 1-4 NB =       446.8802  1-4 EEL =      6180.4493  VDWAALS    =      6697.3969
 EELEC  =    -71972.8975  EHBOND  =         0.0000  RESTRAINT  =         0.0000
 ------------------------------------------------------------------------------


 NSTEP =    34000   TIME(PS) =    3052.000  TEMP(K) =   301.95  PRESS =     0.0
 Etot   =    -43860.5728  EKtot   =     11269.0361  EPtot      =    -55129.6089
 BOND   =       349.4964  ANGLE   =      1014.9774  DIHED      =      2125.0653
 1-4 NB =       445.2492  1-4 EEL =      6162.1169  VDWAALS    =      6452.7119
 EELEC  =    -71679.2260  EHBOND  =         0.0000  RESTRAINT  =         0.0000
 ------------------------------------------------------------------------------


 NSTEP =    34500   TIME(PS) =    3053.000  TEMP(K) =   297.92  PRESS =     0.0
 Etot   =    -44145.8201  EKtot   =     11118.8730  EPtot      =    -55264.6931
 BOND   =       329.3786  ANGLE   =       937.0914  DIHED      =      2131.8334
 1-4 NB =       466.5933  1-4 EEL =      6230.3635  VDWAALS    =      6530.9397
 EELEC  =    -71890.8930  EHBOND  =         0.0000  RESTRAINT  =         0.0000
 ------------------------------------------------------------------------------


 NSTEP =    35000   TIME(PS) =    3054.000  TEMP(K) =   298.76  PRESS =     0.0
 Etot   =    -44157.9885  EKtot   =     11150.1260  EPtot      =    -55308.1145
 BOND   =       371.7670  ANGLE   =       978.4018  DIHED      =      2134.0350
 1-4 NB =       441.5505  1-4 EEL =      6162.4195  VDWAALS    =      6537.2888
 EELEC  =    -71933.5772  EHBOND  =         0.0000  RESTRAINT  =         0.0000
 ------------------------------------------------------------------------------


 NSTEP =    35500   TIME(PS) =    3055.000  TEMP(K) =   299.59  PRESS =     0.0
 Etot   =    -43987.5177  EKtot   =     11181.0898  EPtot      =    -55168.6076
 BOND   =       378.2624  ANGLE   =      1004.9750  DIHED      =      2143.8520
 1-4 NB =       440.8198  1-4 EEL =      6159.5511  VDWAALS    =      6575.5143
 EELEC  =    -71871.5821  EHBOND  =         0.0000  RESTRAINT  =         0.0000
 ------------------------------------------------------------------------------


 NSTEP =    36000   TIME(PS) =    3056.000  TEMP(K) =   300.05  PRESS =     0.0
 Etot   =    -43864.5696  EKtot   =     11198.2891  EPtot      =    -55062.8587
 BOND   =       368.3181  ANGLE   =      1006.6963  DIHED      =      2128.8820
 1-4 NB =       437.0474  1-4 EEL =      6188.4514  VDWAALS    =      6646.2538
 EELEC  =    -71838.5077  EHBOND  =         0.0000  RESTRAINT  =         0.0000
 ------------------------------------------------------------------------------


 NSTEP =    36500   TIME(PS) =    3057.000  TEMP(K) =   298.93  PRESS =     0.0
 Etot   =    -44001.8683  EKtot   =     11156.5020  EPtot      =    -55158.3703
 BOND   =       354.0006  ANGLE   =      1010.9556  DIHED      =      2134.6043
 1-4 NB =       448.1104  1-4 EEL =      6152.6433  VDWAALS    =      6645.4253
 EELEC  =    -71904.1098  EHBOND  =         0.0000  RESTRAINT  =         0.0000
 ------------------------------------------------------------------------------


 NSTEP =    37000   TIME(PS) =    3058.000  TEMP(K) =   293.10  PRESS =     0.0
 Etot   =    -44092.3288  EKtot   =     10938.9756  EPtot      =    -55031.3044
 BOND   =       358.3724  ANGLE   =       981.7208  DIHED      =      2155.7476
 1-4 NB =       448.2902  1-4 EEL =      6205.4404  VDWAALS    =      6601.7376
 EELEC  =    -71782.6133  EHBOND  =         0.0000  RESTRAINT  =         0.0000
 ------------------------------------------------------------------------------


 NSTEP =    37500   TIME(PS) =    3059.000  TEMP(K) =   300.26  PRESS =     0.0
 Etot   =    -44107.4758  EKtot   =     11206.0225  EPtot      =    -55313.4983
 BOND   =       340.6952  ANGLE   =      1003.2620  DIHED      =      2115.6400
 1-4 NB =       434.9987  1-4 EEL =      6147.4193  VDWAALS    =      6837.0018
 EELEC  =    -72192.5152  EHBOND  =         0.0000  RESTRAINT  =         0.0000
 ------------------------------------------------------------------------------


 NSTEP =    38000   TIME(PS) =    3060.000  TEMP(K) =   301.08  PRESS =     0.0
 Etot   =    -43925.0017  EKtot   =     11236.7139  EPtot      =    -55161.7156
 BOND   =       349.4671  ANGLE   =       998.5176  DIHED      =      2112.7788
 1-4 NB =       450.1639  1-4 EEL =      6164.6767  VDWAALS    =      6584.3183
 EELEC  =    -71821.6379  EHBOND  =         0.0000  RESTRAINT  =         0.0000
 ------------------------------------------------------------------------------


 NSTEP =    38500   TIME(PS) =    3061.000  TEMP(K) =   299.26  PRESS =     0.0
 Etot   =    -43829.6953  EKtot   =     11168.7070  EPtot      =    -54998.4023
 BOND   =       364.4141  ANGLE   =      1011.2456  DIHED      =      2142.7900
 1-4 NB =       458.5599  1-4 EEL =      6155.7700  VDWAALS    =      6621.8720
 EELEC  =    -71753.0539  EHBOND  =         0.0000  RESTRAINT  =         0.0000
 ------------------------------------------------------------------------------


 NSTEP =    39000   TIME(PS) =    3062.000  TEMP(K) =   302.09  PRESS =     0.0
 Etot   =    -44000.2112  EKtot   =     11274.2803  EPtot      =    -55274.4915
 BOND   =       335.5107  ANGLE   =      1022.5401  DIHED      =      2118.1177
 1-4 NB =       452.9990  1-4 EEL =      6171.3585  VDWAALS    =      6662.9936
 EELEC  =    -72038.0111  EHBOND  =         0.0000  RESTRAINT  =         0.0000
 ------------------------------------------------------------------------------


 NSTEP =    39500   TIME(PS) =    3063.000  TEMP(K) =   295.87  PRESS =     0.0
 Etot   =    -44168.8936  EKtot   =     11042.4570  EPtot      =    -55211.3506
 BOND   =       388.8005  ANGLE   =       984.4068  DIHED      =      2152.7060
 1-4 NB =       447.2843  1-4 EEL =      6186.2846  VDWAALS    =      6539.3693
 EELEC  =    -71910.2022  EHBOND  =         0.0000  RESTRAINT  =         0.0000
 ------------------------------------------------------------------------------


 NSTEP =    40000   TIME(PS) =    3064.000  TEMP(K) =   297.78  PRESS =     0.0
 Etot   =    -44091.7757  EKtot   =     11113.4619  EPtot      =    -55205.2376
 BOND   =       347.6387  ANGLE   =      1004.2214  DIHED      =      2123.8865
 1-4 NB =       458.8833  1-4 EEL =      6158.4817  VDWAALS    =      6660.5754
 EELEC  =    -71958.9246  EHBOND  =         0.0000  RESTRAINT  =         0.0000
 ------------------------------------------------------------------------------


 NSTEP =    40500   TIME(PS) =    3065.000  TEMP(K) =   301.21  PRESS =     0.0
 Etot   =    -43993.1638  EKtot   =     11241.6914  EPtot      =    -55234.8552
 BOND   =       374.5749  ANGLE   =      1005.2674  DIHED      =      2142.1587
 1-4 NB =       458.7398  1-4 EEL =      6198.2912  VDWAALS    =      6532.0474
 EELEC  =    -71945.9347  EHBOND  =         0.0000  RESTRAINT  =         0.0000
 ------------------------------------------------------------------------------


 NSTEP =    41000   TIME(PS) =    3066.000  TEMP(K) =   300.53  PRESS =     0.0
 Etot   =    -43847.6030  EKtot   =     11216.1172  EPtot      =    -55063.7202
 BOND   =       347.7517  ANGLE   =      1003.9394  DIHED      =      2150.4107
 1-4 NB =       443.9936  1-4 EEL =      6158.3513  VDWAALS    =      6547.1271
 EELEC  =    -71715.2940  EHBOND  =         0.0000  RESTRAINT  =         0.0000
 ------------------------------------------------------------------------------


 NSTEP =    41500   TIME(PS) =    3067.000  TEMP(K) =   295.44  PRESS =     0.0
 Etot   =    -44061.1062  EKtot   =     11026.3945  EPtot      =    -55087.5008
 BOND   =       349.1173  ANGLE   =       998.2367  DIHED      =      2150.9232
 1-4 NB =       444.8035  1-4 EEL =      6140.7785  VDWAALS    =      6669.2817
 EELEC  =    -71840.6417  EHBOND  =         0.0000  RESTRAINT  =         0.0000
 ------------------------------------------------------------------------------


 NSTEP =    42000   TIME(PS) =    3068.000  TEMP(K) =   295.77  PRESS =     0.0
 Etot   =    -44238.4956  EKtot   =     11038.4092  EPtot      =    -55276.9048
 BOND   =       366.3431  ANGLE   =      1023.8355  DIHED      =      2146.2545
 1-4 NB =       442.8946  1-4 EEL =      6134.3846  VDWAALS    =      6544.1090
 EELEC  =    -71934.7261  EHBOND  =         0.0000  RESTRAINT  =         0.0000
 ------------------------------------------------------------------------------


 NSTEP =    42500   TIME(PS) =    3069.000  TEMP(K) =   297.13  PRESS =     0.0
 Etot   =    -44206.0249  EKtot   =     11089.2490  EPtot      =    -55295.2739
 BOND   =       370.0096  ANGLE   =      1002.9777  DIHED      =      2124.5913
 1-4 NB =       455.6106  1-4 EEL =      6166.2886  VDWAALS    =      6608.4072
 EELEC  =    -72023.1588  EHBOND  =         0.0000  RESTRAINT  =         0.0000
 ------------------------------------------------------------------------------


 NSTEP =    43000   TIME(PS) =    3070.000  TEMP(K) =   299.68  PRESS =     0.0
 Etot   =    -44150.8744  EKtot   =     11184.3818  EPtot      =    -55335.2562
 BOND   =       347.6042  ANGLE   =      1031.1267  DIHED      =      2137.3663
 1-4 NB =       434.6129  1-4 EEL =      6165.8680  VDWAALS    =      6722.0041
 EELEC  =    -72173.8386  EHBOND  =         0.0000  RESTRAINT  =         0.0000
 ------------------------------------------------------------------------------


 NSTEP =    43500   TIME(PS) =    3071.000  TEMP(K) =   293.99  PRESS =     0.0
 Etot   =    -44310.5868  EKtot   =     10972.1045  EPtot      =    -55282.6913
 BOND   =       335.0716  ANGLE   =       966.1078  DIHED      =      2135.1088
 1-4 NB =       455.3700  1-4 EEL =      6209.8233  VDWAALS    =      6625.2902
 EELEC  =    -72009.4629  EHBOND  =         0.0000  RESTRAINT  =         0.0000
 ------------------------------------------------------------------------------


 NSTEP =    44000   TIME(PS) =    3072.000  TEMP(K) =   300.10  PRESS =     0.0
 Etot   =    -44022.6600  EKtot   =     11200.0576  EPtot      =    -55222.7176
 BOND   =       333.6104  ANGLE   =       997.1329  DIHED      =      2145.9640
 1-4 NB =       420.6395  1-4 EEL =      6178.9118  VDWAALS    =      6755.9877
 EELEC  =    -72054.9640  EHBOND  =         0.0000  RESTRAINT  =         0.0000
 ------------------------------------------------------------------------------


 NSTEP =    44500   TIME(PS) =    3073.000  TEMP(K) =   296.33  PRESS =     0.0
 Etot   =    -44049.1589  EKtot   =     11059.3281  EPtot      =    -55108.4871
 BOND   =       379.0924  ANGLE   =      1035.4612  DIHED      =      2121.6162
 1-4 NB =       432.3909  1-4 EEL =      6125.8018  VDWAALS    =      6528.1401
 EELEC  =    -71730.9898  EHBOND  =         0.0000  RESTRAINT  =         0.0000
 ------------------------------------------------------------------------------


 NSTEP =    45000   TIME(PS) =    3074.000  TEMP(K) =   301.63  PRESS =     0.0
 Etot   =    -43862.6771  EKtot   =     11257.4023  EPtot      =    -55120.0795
 BOND   =       328.2110  ANGLE   =      1002.4949  DIHED      =      2143.2593
 1-4 NB =       426.4857  1-4 EEL =      6190.7912  VDWAALS    =      6608.9967
 EELEC  =    -71820.3183  EHBOND  =         0.0000  RESTRAINT  =         0.0000
 ------------------------------------------------------------------------------


 NSTEP =    45500   TIME(PS) =    3075.000  TEMP(K) =   301.96  PRESS =     0.0
 Etot   =    -44061.1803  EKtot   =     11269.4062  EPtot      =    -55330.5866
 BOND   =       320.1771  ANGLE   =       982.4334  DIHED      =      2124.5836
 1-4 NB =       457.1198  1-4 EEL =      6173.7573  VDWAALS    =      6567.4467
 EELEC  =    -71956.1044  EHBOND  =         0.0000  RESTRAINT  =         0.0000
 ------------------------------------------------------------------------------


 NSTEP =    46000   TIME(PS) =    3076.000  TEMP(K) =   294.95  PRESS =     0.0
 Etot   =    -44041.6026  EKtot   =     11007.8574  EPtot      =    -55049.4600
 BOND   =       397.9707  ANGLE   =      1020.6095  DIHED      =      2116.6163
 1-4 NB =       440.3669  1-4 EEL =      6156.0609  VDWAALS    =      6535.4416
 EELEC  =    -71716.5259  EHBOND  =         0.0000  RESTRAINT  =         0.0000
 ------------------------------------------------------------------------------


 NSTEP =    46500   TIME(PS) =    3077.000  TEMP(K) =   301.73  PRESS =     0.0
 Etot   =    -43997.7579  EKtot   =     11261.0645  EPtot      =    -55258.8224
 BOND   =       360.8575  ANGLE   =      1017.3080  DIHED      =      2138.7025
 1-4 NB =       444.5849  1-4 EEL =      6172.5789  VDWAALS    =      6703.4162
 EELEC  =    -72096.2704  EHBOND  =         0.0000  RESTRAINT  =         0.0000
 ------------------------------------------------------------------------------


 NSTEP =    47000   TIME(PS) =    3078.000  TEMP(K) =   299.26  PRESS =     0.0
 Etot   =    -44060.0260  EKtot   =     11168.8398  EPtot      =    -55228.8658
 BOND   =       357.4169  ANGLE   =       991.7284  DIHED      =      2149.3372
 1-4 NB =       430.3481  1-4 EEL =      6161.2481  VDWAALS    =      6630.7455
 EELEC  =    -71949.6900  EHBOND  =         0.0000  RESTRAINT  =         0.0000
 ------------------------------------------------------------------------------


 NSTEP =    47500   TIME(PS) =    3079.000  TEMP(K) =   301.61  PRESS =     0.0
 Etot   =    -43969.8855  EKtot   =     11256.4482  EPtot      =    -55226.3337
 BOND   =       358.5443  ANGLE   =       964.5684  DIHED      =      2124.6749
 1-4 NB =       450.9699  1-4 EEL =      6166.5916  VDWAALS    =      6471.8517
 EELEC  =    -71763.5346  EHBOND  =         0.0000  RESTRAINT  =         0.0000
 ------------------------------------------------------------------------------


 NSTEP =    48000   TIME(PS) =    3080.000  TEMP(K) =   302.10  PRESS =     0.0
 Etot   =    -43931.7093  EKtot   =     11274.7627  EPtot      =    -55206.4720
 BOND   =       358.1986  ANGLE   =      1021.9066  DIHED      =      2138.3542
 1-4 NB =       461.4126  1-4 EEL =      6166.8250  VDWAALS    =      6769.1044
 EELEC  =    -72122.2734  EHBOND  =         0.0000  RESTRAINT  =         0.0000
 ------------------------------------------------------------------------------


 NSTEP =    48500   TIME(PS) =    3081.000  TEMP(K) =   302.07  PRESS =     0.0
 Etot   =    -43932.6716  EKtot   =     11273.6201  EPtot      =    -55206.2917
 BOND   =       353.9451  ANGLE   =      1014.8805  DIHED      =      2126.8238
 1-4 NB =       447.3699  1-4 EEL =      6164.6178  VDWAALS    =      6557.6926
 EELEC  =    -71871.6214  EHBOND  =         0.0000  RESTRAINT  =         0.0000
 ------------------------------------------------------------------------------


 NSTEP =    49000   TIME(PS) =    3082.000  TEMP(K) =   300.64  PRESS =     0.0
 Etot   =    -43709.6662  EKtot   =     11220.2812  EPtot      =    -54929.9474
 BOND   =       320.3099  ANGLE   =      1053.7136  DIHED      =      2138.7515
 1-4 NB =       440.3610  1-4 EEL =      6175.9806  VDWAALS    =      6664.2835
 EELEC  =    -71723.3475  EHBOND  =         0.0000  RESTRAINT  =         0.0000
 ------------------------------------------------------------------------------


 NSTEP =    49500   TIME(PS) =    3083.000  TEMP(K) =   303.54  PRESS =     0.0
 Etot   =    -43892.4624  EKtot   =     11328.4619  EPtot      =    -55220.9243
 BOND   =       353.6316  ANGLE   =       952.9351  DIHED      =      2121.6111
 1-4 NB =       439.6585  1-4 EEL =      6160.0806  VDWAALS    =      6606.4330
 EELEC  =    -71855.2743  EHBOND  =         0.0000  RESTRAINT  =         0.0000
 ------------------------------------------------------------------------------


 NSTEP =    50000   TIME(PS) =    3084.000  TEMP(K) =   297.71  PRESS =     0.0
 Etot   =    -44104.8234  EKtot   =     11110.9863  EPtot      =    -55215.8097
 BOND   =       370.6052  ANGLE   =       956.6178  DIHED      =      2133.6478
 1-4 NB =       448.0476  1-4 EEL =      6177.0840  VDWAALS    =      6676.7800
 EELEC  =    -71978.5920  EHBOND  =         0.0000  RESTRAINT  =         0.0000
 ------------------------------------------------------------------------------


      A V E R A G E S   O V E R     100 S T E P S


 NSTEP =    50000   TIME(PS) =    3084.000  TEMP(K) =   299.88  PRESS =     0.0
 Etot   =    -43997.7318  EKtot   =     11191.8654  EPtot      =    -55189.5971
 BOND   =       352.4625  ANGLE   =       997.1640  DIHED      =      2138.0216
 1-4 NB =       445.4380  1-4 EEL =      6168.1706  VDWAALS    =      6619.8266
 EELEC  =    -71910.6805  EHBOND  =         0.0000  RESTRAINT  =         0.0000
 ------------------------------------------------------------------------------


      R M S  F L U C T U A T I O N S


 NSTEP =    50000   TIME(PS) =    3084.000  TEMP(K) =     2.42  PRESS =     0.0
 Etot   =       138.6345  EKtot   =        90.3376  EPtot      =       104.0254
 BOND   =        16.5087  ANGLE   =        27.0647  DIHED      =        14.2384
 1-4 NB =         8.7667  1-4 EEL =        22.9931  VDWAALS    =       107.5001
 EELEC  =       162.4250  EHBOND  =         0.0000  RESTRAINT  =         0.0000
 ------------------------------------------------------------------------------

--------------------------------------------------------------------------------
   5.  TIMINGS
--------------------------------------------------------------------------------

|  NonSetup CPU Time in Major Routines:
|
|     Routine           Sec        %
|     ------------------------------
|     Nonbond           5.05    7.87
|     Bond              0.00    0.00
|     Angle             0.00    0.00
|     Dihedral          0.00    0.00
|     Shake             0.27    0.42
|     RunMD            58.77   91.64
|     Other             0.04    0.06
|     ------------------------------
|     Total            64.13

|  PME Nonbond Pairlist CPU Time:
|
|     Routine              Sec        %
|     ---------------------------------
|     Set Up Cit           0.00    0.00
|     Build List           0.00    0.00
|     ---------------------------------
|     Total                0.00    0.00

|  PME Direct Force CPU Time:
|
|     Routine              Sec        %
|     ---------------------------------
|     NonBonded Calc       0.00    0.00
|     Exclude Masked       0.00    0.00
|     Other                0.01    0.02
|     ---------------------------------
|     Total                0.01    0.02

|  PME Reciprocal Force CPU Time:
|
|     Routine              Sec        %
|     ---------------------------------
|     1D bspline           0.00    0.00
|     Grid Charges         0.00    0.00
|     Scalar Sum           0.00    0.00
|     Gradient Sum         0.00    0.00
|     FFT                  0.00    0.00
|     ---------------------------------
|     Total                0.00    0.00

|  Final Performance Info:
|     -----------------------------------------------------
|     Average timings for last    2500 steps:
|     Elapsed(s) =       3.20 Per Step(ms) =       1.28
|         ns/day =     135.06   seconds/ns =     639.71
|
|     Average timings for all steps:
|     Elapsed(s) =      64.15 Per Step(ms) =       1.28
|         ns/day =     134.69   seconds/ns =     641.47
|     -----------------------------------------------------

|  Setup CPU time:            0.42 seconds
|  NonSetup CPU time:        64.13 seconds
|  Total CPU time:           64.55 seconds     0.02 hours

|  Setup wall time:           0    seconds
|  NonSetup wall time:       65    seconds
|  Total wall time:          65    seconds     0.02 hours
