
          -------------------------------------------------------
          Amber 16 PMEMD                              2016
          -------------------------------------------------------

| PMEMD implementation of SANDER, Release 16

| Run on 07/04/2017 at 00:32:56

|   Executable path: pmemd.cuda
| Working directory: /home/german/obp/run/mu_ctv/mhe/e
|          Hostname: Unknown
  [-O]verwriting output

File Assignments:
|   MDIN: 3equ.in                                                               
|  MDOUT: 3equ.out                                                              
| INPCRD: 2emu_ctv.rst7                                                         
|   PARM: /home/german/obp/top_files/mu_ctv.prmtop                              
| RESTRT: 3emu_ctv.rst7                                                         
|   REFC: 2emu_ctv.rst7                                                         
|  MDVEL: mdvel                                                                 
|   MDEN: mden                                                                  
|  MDCRD: 3emu_ctv.nc                                                           
| MDINFO: mdinfo                                                                
|  MDFRC: mdfrc                                                                 


 Here is the input file:

Equilibration with solute restrictions                                         
&cntrl                                                                         
imin = 0,                           ! No Minimization                          
nmropt = 0,                         ! No NMR restraints read                   
                                                                               
! Nature and format of the input                                               
ntx = 5,                            ! Coordinates but no velocities will be rea
irest = 1,                          ! Do not run a new simulation              
                                                                               
! Nature and format of the output                                              
ntxo = 1,                           ! rstrt file in ASCII format               
ntpr = 500,                         ! inf in output every ntpr steps           
ntwr = 500,                         ! rstrt file every ntwr steps              
ntwx = 500,                         ! mdcrd file every ntwx steps              
ntwv = 0,                           ! mdvel without velocities                 
ntwe = 0,                           ! Energies and temperatures not written in 
idecomp = 0,                        ! No energy decomposition                  
iwrap = 1,                          ! Coordinates of the restart and mdcrd file
                                                                               
! Frozen or restrained atoms                                                   
ibelly = 0,                         ! No frozen atoms                          
ntr=1,                              ! Harmonic potential restraints            
restraint_wt = 30.0,                ! The weight for the positional restraints 
restraintmask = ':1-120@N,CA,C,O',  ! restrained residues                      
                                                                               
! Molecular dynamics                                                           
nstlim = 50000,                     ! Number of MD-steps                       
dt = 0.002,                         ! Time step                                
                                                                               
! Temperature regulation                                                       
ntt = 3,                            ! Langevin thermostat                      
gamma_ln = 5,                       ! Gamma constant for Langevin              
!temp0 = 300.0,                     ! Reference T at which the system is to be 
tempi = 300.0,                      ! Initial T                                
ig = -1,                            ! Seed for the RNG                         
                                                                               
! P and V regulation                                                           
ntp = 1,                            ! Constant P. Isotropic scaling            
barostat = 1,                       ! Berendsen barostat                       
taup = 1,                           ! Pressure relaxation time                 
nrespa = 1,                         ! Evaluate at each step                    
ntb = 2,                            ! Periodic box for constant P              
                                                                               
! SHAKE variables                                                              
ntc = 2,                            ! Bonds involving H are constrained        
ntf = 2,                            ! Bond interaction involving H are ommited.
                                                                               
cut = 10.0,                         ! Nonbonded cutoff                         
/                                                                              
&end                                                                           


Note: ig = -1. Setting random seed to   918311 based on wallclock time in 
      microseconds.
 
|--------------------- INFORMATION ----------------------
| GPU (CUDA) Version of PMEMD in use: NVIDIA GPU IN USE.
|                    Version 16.0.0
| 
|                      02/25/2016
| 
| Implementation by:
|                    Ross C. Walker     (SDSC)
|                    Scott Le Grand     (nVIDIA)
| 
| Precision model in use:
|      [SPFP] - Single Precision Forces, 64-bit Fixed Point
|               Accumulation. (Default)
| 
|--------------------------------------------------------
 
|----------------- CITATION INFORMATION -----------------
|
|    When publishing work that utilized the CUDA version
|    of AMBER, please cite the following in addition to
|    the regular AMBER citations:
|
|  - Romelia Salomon-Ferrer; Andreas W. Goetz; Duncan
|    Poole; Scott Le Grand; Ross C. Walker "Routine
|    microsecond molecular dynamics simulations with
|    AMBER - Part II: Particle Mesh Ewald", J. Chem.
|    Theory Comput., 2013, 9 (9), pp3878-3888,
|    DOI: 10.1021/ct400314y.
|
|  - Andreas W. Goetz; Mark J. Williamson; Dong Xu;
|    Duncan Poole; Scott Le Grand; Ross C. Walker
|    "Routine microsecond molecular dynamics simulations
|    with AMBER - Part I: Generalized Born", J. Chem.
|    Theory Comput., 2012, 8 (5), pp1542-1555.
|
|  - Scott Le Grand; Andreas W. Goetz; Ross C. Walker
|    "SPFP: Speed without compromise - a mixed precision
|    model for GPU accelerated molecular dynamics
|    simulations.", Comp. Phys. Comm., 2013, 184
|    pp374-380, DOI: 10.1016/j.cpc.2012.09.022
|
|--------------------------------------------------------
 
|------------------- GPU DEVICE INFO --------------------
|
|            CUDA_VISIBLE_DEVICES: 0
|   CUDA Capable Devices Detected:      1
|           CUDA Device ID in use:      0
|                CUDA Device Name: GeForce GTX 1060 6GB
|     CUDA Device Global Mem Size:   6072 MB
| CUDA Device Num Multiprocessors:     10
|           CUDA Device Core Freq:   1.76 GHz
|
|--------------------------------------------------------
 
 
| Conditional Compilation Defines Used:
| PUBFFT
| BINTRAJ
| CUDA
| EMIL

| Largest sphere to fit in unit cell has radius =    26.298

| New format PARM file being parsed.
| Version =    1.000 Date = 02/24/15 Time = 11:42:17

| Note: 1-4 EEL scale factors are being read from the topology file.

| Note: 1-4 VDW scale factors are being read from the topology file.
| Duplicated    0 dihedrals

| Duplicated    0 dihedrals

--------------------------------------------------------------------------------
   1.  RESOURCE   USE: 
--------------------------------------------------------------------------------

 getting new box info from bottom of inpcrd
 NATOM  =   18306 NTYPES =      18 NBONH =   17356 MBONA  =     953
 NTHETH =    2237 MTHETA =    1278 NPHIH =    4342 MPHIA  =    4359
 NHPARM =       0 NPARM  =       0 NNB   =   32466 NRES   =    5584
 NBONA  =     953 NTHETA =    1278 NPHIA =    4359 NUMBND =      69
 NUMANG =     147 NPTRA  =     245 NATYP =      40 NPHB   =       1
 IFBOX  =       1 NMXRS  =      26 IFCAP =       0 NEXTRA =       0
 NCOPY  =       0

| Coordinate Index Table dimensions:    10   11    9
| Direct force subcell size =     5.5801    5.6493    5.8441

     BOX TYPE: RECTILINEAR

--------------------------------------------------------------------------------
   2.  CONTROL  DATA  FOR  THE  RUN
--------------------------------------------------------------------------------

default_name                                                                    

General flags:
     imin    =       0, nmropt  =       0

Nature and format of input:
     ntx     =       5, irest   =       1, ntrx    =       1

Nature and format of output:
     ntxo    =       1, ntpr    =     500, ntrx    =       1, ntwr    =     500
     iwrap   =       1, ntwx    =     500, ntwv    =       0, ntwe    =       0
     ioutfm  =       1, ntwprt  =       0, idecomp =       0, rbornstat=      0

Potential function:
     ntf     =       2, ntb     =       2, igb     =       0, nsnb    =      25
     ipol    =       0, gbsa    =       0, iesp    =       0
     dielc   =   1.00000, cut     =  10.00000, intdiel =   1.00000

Frozen or restrained atoms:
     ibelly  =       0, ntr     =       1
     restraint_wt =  30.00000

Molecular dynamics:
     nstlim  =     50000, nscm    =         0, nrespa  =         1
     t       =   0.00000, dt      =   0.00200, vlimit  =  -1.00000

Langevin dynamics temperature regulation:
     ig      =  918311
     temp0   = 300.00000, tempi   = 300.00000, gamma_ln=   5.00000

Pressure regulation:
     ntp     =       1
     pres0   =   1.00000, comp    =  44.60000, taup    =   1.00000

SHAKE:
     ntc     =       2, jfastw  =       0
     tol     =   0.00001

| Intermolecular bonds treatment:
|     no_intermolecular_bonds =       1

| Energy averages sample interval:
|     ene_avg_sampling =     500

Ewald parameters:
     verbose =       0, ew_type =       0, nbflag  =       1, use_pme =       1
     vdwmeth =       1, eedmeth =       1, netfrc  =       1
     Box X =   55.801   Box Y =   62.142   Box Z =   52.597
     Alpha =   90.000   Beta  =   90.000   Gamma =   90.000
     NFFT1 =   56       NFFT2 =   64       NFFT3 =   56
     Cutoff=   10.000   Tol   =0.100E-04
     Ewald Coefficient =  0.27511
     Interpolation order =    4

    LOADING THE CONSTRAINED ATOMS AS GROUPS


   5.  REFERENCE ATOM COORDINATES

  default_name                                                                    
     Mask :1-120@N,CA,C,O; matches   476 atoms

--------------------------------------------------------------------------------
   3.  ATOMIC COORDINATES AND VELOCITIES
--------------------------------------------------------------------------------

default_name                                                                    
 begin time read from input coords =   284.000 ps

 
 Number of triangulated 3-point waters found:     5461

     Sum of charges from parm topology file =   0.00000094
     Forcing neutrality...

| Dynamic Memory, Types Used:
| Reals              924858
| Integers           642951

| Nonbonded Pairs Initial Allocation:     5537107

| GPU memory information (estimate):
| KB of GPU memory in use:    116750
| KB of CPU memory in use:     23942

--------------------------------------------------------------------------------
   4.  RESULTS
--------------------------------------------------------------------------------

 ---------------------------------------------------
 APPROXIMATING switch and d/dx switch using CUBIC SPLINE INTERPOLATION
 using   5000.0 points per unit in tabled values
 TESTING RELATIVE ERROR over r ranging from 0.0 to cutoff
| CHECK switch(x): max rel err =   0.2738E-14   at   2.422500
| CHECK d/dx switch(x): max rel err =   0.8314E-11   at   2.736960
 ---------------------------------------------------
|---------------------------------------------------
| APPROXIMATING direct energy using CUBIC SPLINE INTERPOLATION
|  with   50.0 points per unit in tabled values
| Relative Error Limit not exceeded for r .gt.   2.33
| APPROXIMATING direct force using CUBIC SPLINE INTERPOLATION
|  with   50.0 points per unit in tabled values
| Relative Error Limit not exceeded for r .gt.   2.80
|---------------------------------------------------

 NSTEP =      500   TIME(PS) =     285.000  TEMP(K) =   301.93  PRESS =   -71.2
 Etot   =    -43637.7978  EKtot   =     11268.3760  EPtot      =    -54906.1738
 BOND   =       349.3389  ANGLE   =       978.7627  DIHED      =      2158.9622
 1-4 NB =       439.6267  1-4 EEL =      6218.5406  VDWAALS    =      6598.4666
 EELEC  =    -71812.9711  EHBOND  =         0.0000  RESTRAINT  =       163.0996
 EAMBER (non-restraint)  =    -55069.2733
 EKCMT  =      4945.9277  VIRIAL  =      5226.6543  VOLUME     =    182675.5563
                                                    Density    =         1.0188
 ------------------------------------------------------------------------------


 NSTEP =     1000   TIME(PS) =     286.000  TEMP(K) =   306.06  PRESS =   -54.0
 Etot   =    -43494.8568  EKtot   =     11422.5449  EPtot      =    -54917.4018
 BOND   =       346.1422  ANGLE   =       945.5544  DIHED      =      2163.0800
 1-4 NB =       455.8857  1-4 EEL =      6223.0422  VDWAALS    =      6536.9798
 EELEC  =    -71745.6489  EHBOND  =         0.0000  RESTRAINT  =       157.5629
 EAMBER (non-restraint)  =    -55074.9646
 EKCMT  =      4967.4425  VIRIAL  =      5180.5045  VOLUME     =    182705.8359
                                                    Density    =         1.0186
 ------------------------------------------------------------------------------


 NSTEP =     1500   TIME(PS) =     287.000  TEMP(K) =   299.11  PRESS =     2.9
 Etot   =    -43631.7410  EKtot   =     11163.3398  EPtot      =    -54795.0808
 BOND   =       352.7526  ANGLE   =      1007.3091  DIHED      =      2158.4875
 1-4 NB =       438.4878  1-4 EEL =      6210.0582  VDWAALS    =      6513.4614
 EELEC  =    -71636.3451  EHBOND  =         0.0000  RESTRAINT  =       160.7076
 EAMBER (non-restraint)  =    -54955.7884
 EKCMT  =      4843.1521  VIRIAL  =      4831.7660  VOLUME     =    182438.6372
                                                    Density    =         1.0201
 ------------------------------------------------------------------------------


 NSTEP =     2000   TIME(PS) =     288.000  TEMP(K) =   295.55  PRESS =    62.7
 Etot   =    -43802.9724  EKtot   =     11030.3262  EPtot      =    -54833.2986
 BOND   =       332.7660  ANGLE   =       936.1645  DIHED      =      2138.0592
 1-4 NB =       448.6855  1-4 EEL =      6227.4533  VDWAALS    =      6440.5433
 EELEC  =    -71523.2830  EHBOND  =         0.0000  RESTRAINT  =       166.3126
 EAMBER (non-restraint)  =    -54999.6112
 EKCMT  =      4817.5674  VIRIAL  =      4570.0764  VOLUME     =    182848.0127
                                                    Density    =         1.0178
 ------------------------------------------------------------------------------


 NSTEP =     2500   TIME(PS) =     289.000  TEMP(K) =   303.85  PRESS =  -130.7
 Etot   =    -43578.0106  EKtot   =     11340.2773  EPtot      =    -54918.2880
 BOND   =       343.9668  ANGLE   =       961.4570  DIHED      =      2173.8181
 1-4 NB =       462.4812  1-4 EEL =      6236.9927  VDWAALS    =      6608.1392
 EELEC  =    -71878.5967  EHBOND  =         0.0000  RESTRAINT  =       173.4538
 EAMBER (non-restraint)  =    -55091.7417
 EKCMT  =      4893.7921  VIRIAL  =      5409.6224  VOLUME     =    182853.1741
                                                    Density    =         1.0178
 ------------------------------------------------------------------------------


 NSTEP =     3000   TIME(PS) =     290.000  TEMP(K) =   302.68  PRESS =    36.9
 Etot   =    -43471.4073  EKtot   =     11296.3164  EPtot      =    -54767.7237
 BOND   =       325.4738  ANGLE   =       964.5927  DIHED      =      2149.4118
 1-4 NB =       439.0600  1-4 EEL =      6219.8552  VDWAALS    =      6568.9833
 EELEC  =    -71591.6186  EHBOND  =         0.0000  RESTRAINT  =       156.5181
 EAMBER (non-restraint)  =    -54924.2418
 EKCMT  =      4953.3587  VIRIAL  =      4807.4642  VOLUME     =    182990.3708
                                                    Density    =         1.0170
 ------------------------------------------------------------------------------


 NSTEP =     3500   TIME(PS) =     291.000  TEMP(K) =   300.94  PRESS =  -115.2
 Etot   =    -43787.1482  EKtot   =     11231.4287  EPtot      =    -55018.5769
 BOND   =       346.0549  ANGLE   =       966.2586  DIHED      =      2147.4234
 1-4 NB =       442.6548  1-4 EEL =      6237.6775  VDWAALS    =      6550.1547
 EELEC  =    -71879.8347  EHBOND  =         0.0000  RESTRAINT  =       171.0339
 EAMBER (non-restraint)  =    -55189.6109
 EKCMT  =      4959.1995  VIRIAL  =      5413.9300  VOLUME     =    182806.7796
                                                    Density    =         1.0180
 ------------------------------------------------------------------------------


 NSTEP =     4000   TIME(PS) =     292.000  TEMP(K) =   299.19  PRESS =   195.4
 Etot   =    -43987.9477  EKtot   =     11166.1230  EPtot      =    -55154.0707
 BOND   =       374.6097  ANGLE   =       955.5348  DIHED      =      2144.8726
 1-4 NB =       445.4881  1-4 EEL =      6230.4956  VDWAALS    =      6692.1944
 EELEC  =    -72144.0620  EHBOND  =         0.0000  RESTRAINT  =       146.7962
 EAMBER (non-restraint)  =    -55300.8669
 EKCMT  =      4883.6137  VIRIAL  =      4112.6511  VOLUME     =    182722.0751
                                                    Density    =         1.0185
 ------------------------------------------------------------------------------


 NSTEP =     4500   TIME(PS) =     293.000  TEMP(K) =   301.59  PRESS =     9.3
 Etot   =    -44072.8388  EKtot   =     11255.8740  EPtot      =    -55328.7128
 BOND   =       345.4656  ANGLE   =       933.1726  DIHED      =      2185.2148
 1-4 NB =       440.4349  1-4 EEL =      6235.1764  VDWAALS    =      6638.8385
 EELEC  =    -72272.3194  EHBOND  =         0.0000  RESTRAINT  =       165.3038
 EAMBER (non-restraint)  =    -55494.0166
 EKCMT  =      5026.1369  VIRIAL  =      4989.4593  VOLUME     =    182382.9695
                                                    Density    =         1.0204
 ------------------------------------------------------------------------------


 NSTEP =     5000   TIME(PS) =     294.000  TEMP(K) =   296.94  PRESS =   152.8
 Etot   =    -43763.2747  EKtot   =     11082.1699  EPtot      =    -54845.4447
 BOND   =       366.5280  ANGLE   =       977.6028  DIHED      =      2174.7941
 1-4 NB =       441.6853  1-4 EEL =      6203.9925  VDWAALS    =      6612.3958
 EELEC  =    -71782.1051  EHBOND  =         0.0000  RESTRAINT  =       159.6621
 EAMBER (non-restraint)  =    -55005.1067
 EKCMT  =      4817.1926  VIRIAL  =      4216.9664  VOLUME     =    181976.4020
                                                    Density    =         1.0227
 ------------------------------------------------------------------------------


 NSTEP =     5500   TIME(PS) =     295.000  TEMP(K) =   301.04  PRESS =    35.1
 Etot   =    -43762.0204  EKtot   =     11235.1719  EPtot      =    -54997.1923
 BOND   =       345.9753  ANGLE   =       944.8156  DIHED      =      2154.9552
 1-4 NB =       437.7914  1-4 EEL =      6232.7213  VDWAALS    =      6460.8950
 EELEC  =    -71728.8664  EHBOND  =         0.0000  RESTRAINT  =       154.5203
 EAMBER (non-restraint)  =    -55151.7126
 EKCMT  =      4889.6472  VIRIAL  =      4751.7781  VOLUME     =    181974.1333
                                                    Density    =         1.0227
 ------------------------------------------------------------------------------


 NSTEP =     6000   TIME(PS) =     296.000  TEMP(K) =   304.56  PRESS =    94.8
 Etot   =    -43913.0982  EKtot   =     11366.7578  EPtot      =    -55279.8561
 BOND   =       312.9572  ANGLE   =       951.1961  DIHED      =      2156.1838
 1-4 NB =       437.3366  1-4 EEL =      6213.8084  VDWAALS    =      6689.0075
 EELEC  =    -72191.5686  EHBOND  =         0.0000  RESTRAINT  =       151.2229
 EAMBER (non-restraint)  =    -55431.0790
 EKCMT  =      4978.0425  VIRIAL  =      4604.8489  VOLUME     =    182283.3901
                                                    Density    =         1.0209
 ------------------------------------------------------------------------------


 NSTEP =     6500   TIME(PS) =     297.000  TEMP(K) =   300.64  PRESS =   -14.3
 Etot   =    -43827.9723  EKtot   =     11220.4307  EPtot      =    -55048.4030
 BOND   =       342.2051  ANGLE   =       943.4671  DIHED      =      2154.4360
 1-4 NB =       438.7489  1-4 EEL =      6241.9246  VDWAALS    =      6480.4078
 EELEC  =    -71811.6188  EHBOND  =         0.0000  RESTRAINT  =       162.0263
 EAMBER (non-restraint)  =    -55210.4292
 EKCMT  =      4989.7539  VIRIAL  =      5046.1295  VOLUME     =    182558.0438
                                                    Density    =         1.0194
 ------------------------------------------------------------------------------


 NSTEP =     7000   TIME(PS) =     298.000  TEMP(K) =   297.94  PRESS =   -99.4
 Etot   =    -43832.5920  EKtot   =     11119.3809  EPtot      =    -54951.9729
 BOND   =       367.6209  ANGLE   =       939.0838  DIHED      =      2144.8197
 1-4 NB =       433.2222  1-4 EEL =      6206.3914  VDWAALS    =      6532.1667
 EELEC  =    -71742.9153  EHBOND  =         0.0000  RESTRAINT  =       167.6377
 EAMBER (non-restraint)  =    -55119.6106
 EKCMT  =      4912.1511  VIRIAL  =      5303.9372  VOLUME     =    182459.8944
                                                    Density    =         1.0200
 ------------------------------------------------------------------------------


 NSTEP =     7500   TIME(PS) =     299.000  TEMP(K) =   301.54  PRESS =    17.7
 Etot   =    -43801.3367  EKtot   =     11253.7227  EPtot      =    -55055.0594
 BOND   =       318.7038  ANGLE   =       988.2212  DIHED      =      2163.4434
 1-4 NB =       460.9559  1-4 EEL =      6195.2736  VDWAALS    =      6613.2487
 EELEC  =    -71958.2299  EHBOND  =         0.0000  RESTRAINT  =       163.3239
 EAMBER (non-restraint)  =    -55218.3833
 EKCMT  =      4862.9018  VIRIAL  =      4793.2354  VOLUME     =    182289.3015
                                                    Density    =         1.0209
 ------------------------------------------------------------------------------


 NSTEP =     8000   TIME(PS) =     300.000  TEMP(K) =   301.98  PRESS =  -428.8
 Etot   =    -43679.4404  EKtot   =     11270.5010  EPtot      =    -54949.9414
 BOND   =       333.5826  ANGLE   =       971.6606  DIHED      =      2184.4346
 1-4 NB =       444.4982  1-4 EEL =      6231.2105  VDWAALS    =      6349.7279
 EELEC  =    -71635.6110  EHBOND  =         0.0000  RESTRAINT  =       170.5552
 EAMBER (non-restraint)  =    -55120.4966
 EKCMT  =      4934.1224  VIRIAL  =      6622.4446  VOLUME     =    182367.7245
                                                    Density    =         1.0205
 ------------------------------------------------------------------------------


 NSTEP =     8500   TIME(PS) =     301.000  TEMP(K) =   297.19  PRESS =   376.2
 Etot   =    -43991.2464  EKtot   =     11091.7139  EPtot      =    -55082.9603
 BOND   =       335.1494  ANGLE   =       945.9026  DIHED      =      2159.5310
 1-4 NB =       443.1721  1-4 EEL =      6248.0654  VDWAALS    =      6634.7488
 EELEC  =    -72010.4884  EHBOND  =         0.0000  RESTRAINT  =       160.9588
 EAMBER (non-restraint)  =    -55243.9190
 EKCMT  =      4898.0002  VIRIAL  =      3418.2599  VOLUME     =    182196.5912
                                                    Density    =         1.0214
 ------------------------------------------------------------------------------


 NSTEP =     9000   TIME(PS) =     302.000  TEMP(K) =   305.59  PRESS =   253.5
 Etot   =    -43454.5828  EKtot   =     11405.1016  EPtot      =    -54859.6843
 BOND   =       341.4730  ANGLE   =       994.6874  DIHED      =      2140.2931
 1-4 NB =       427.0325  1-4 EEL =      6184.8294  VDWAALS    =      6622.1523
 EELEC  =    -71723.6626  EHBOND  =         0.0000  RESTRAINT  =       153.5106
 EAMBER (non-restraint)  =    -55013.1949
 EKCMT  =      5061.1163  VIRIAL  =      4062.1051  VOLUME     =    182496.9743
                                                    Density    =         1.0198
 ------------------------------------------------------------------------------


 NSTEP =     9500   TIME(PS) =     303.000  TEMP(K) =   295.89  PRESS =   135.4
 Etot   =    -43942.9793  EKtot   =     11042.9854  EPtot      =    -54985.9647
 BOND   =       332.4038  ANGLE   =       976.6906  DIHED      =      2170.7047
 1-4 NB =       438.1218  1-4 EEL =      6201.1249  VDWAALS    =      6647.3303
 EELEC  =    -71911.6950  EHBOND  =         0.0000  RESTRAINT  =       159.3543
 EAMBER (non-restraint)  =    -55145.3189
 EKCMT  =      4853.0596  VIRIAL  =      4319.5009  VOLUME     =    182535.0110
                                                    Density    =         1.0195
 ------------------------------------------------------------------------------


 NSTEP =    10000   TIME(PS) =     304.000  TEMP(K) =   302.68  PRESS =  -161.2
 Etot   =    -43531.3853  EKtot   =     11296.4229  EPtot      =    -54827.8082
 BOND   =       333.4394  ANGLE   =       947.7474  DIHED      =      2163.0764
 1-4 NB =       435.6005  1-4 EEL =      6235.1934  VDWAALS    =      6484.9660
 EELEC  =    -71597.2428  EHBOND  =         0.0000  RESTRAINT  =       169.4115
 EAMBER (non-restraint)  =    -54997.2197
 EKCMT  =      4969.2909  VIRIAL  =      5604.6577  VOLUME     =    182546.8305
                                                    Density    =         1.0195
 ------------------------------------------------------------------------------


 NSTEP =    10500   TIME(PS) =     305.000  TEMP(K) =   302.03  PRESS =   -52.4
 Etot   =    -43809.1521  EKtot   =     11272.1211  EPtot      =    -55081.2732
 BOND   =       324.8525  ANGLE   =       945.5543  DIHED      =      2137.5221
 1-4 NB =       436.8511  1-4 EEL =      6224.9776  VDWAALS    =      6416.4419
 EELEC  =    -71716.4816  EHBOND  =         0.0000  RESTRAINT  =       149.0089
 EAMBER (non-restraint)  =    -55230.2821
 EKCMT  =      4940.6657  VIRIAL  =      5146.9404  VOLUME     =    182189.5351
                                                    Density    =         1.0215
 ------------------------------------------------------------------------------


 NSTEP =    11000   TIME(PS) =     306.000  TEMP(K) =   299.68  PRESS =   102.3
 Etot   =    -43941.5032  EKtot   =     11184.4229  EPtot      =    -55125.9261
 BOND   =       325.5243  ANGLE   =       961.4674  DIHED      =      2149.4515
 1-4 NB =       438.0881  1-4 EEL =      6232.7850  VDWAALS    =      6821.4976
 EELEC  =    -72218.5396  EHBOND  =         0.0000  RESTRAINT  =       163.7997
 EAMBER (non-restraint)  =    -55289.7257
 EKCMT  =      4912.5860  VIRIAL  =      4509.8540  VOLUME     =    182400.2690
                                                    Density    =         1.0203
 ------------------------------------------------------------------------------


 NSTEP =    11500   TIME(PS) =     307.000  TEMP(K) =   298.11  PRESS =  -138.8
 Etot   =    -43759.1917  EKtot   =     11125.7598  EPtot      =    -54884.9514
 BOND   =       338.0058  ANGLE   =       955.4588  DIHED      =      2156.8352
 1-4 NB =       451.6180  1-4 EEL =      6219.7425  VDWAALS    =      6424.3199
 EELEC  =    -71589.3392  EHBOND  =         0.0000  RESTRAINT  =       158.4076
 EAMBER (non-restraint)  =    -55043.3590
 EKCMT  =      4873.0308  VIRIAL  =      5420.1509  VOLUME     =    182570.6912
                                                    Density    =         1.0193
 ------------------------------------------------------------------------------


 NSTEP =    12000   TIME(PS) =     308.000  TEMP(K) =   300.85  PRESS =   -36.7
 Etot   =    -43592.0847  EKtot   =     11228.2217  EPtot      =    -54820.3064
 BOND   =       335.7570  ANGLE   =       991.9839  DIHED      =      2166.7507
 1-4 NB =       447.2591  1-4 EEL =      6219.4962  VDWAALS    =      6587.7372
 EELEC  =    -71725.9006  EHBOND  =         0.0000  RESTRAINT  =       156.6100
 EAMBER (non-restraint)  =    -54976.9165
 EKCMT  =      4919.4974  VIRIAL  =      5064.2381  VOLUME     =    182663.8044
                                                    Density    =         1.0188
 ------------------------------------------------------------------------------


 NSTEP =    12500   TIME(PS) =     309.000  TEMP(K) =   300.02  PRESS =    95.9
 Etot   =    -43649.4127  EKtot   =     11197.2959  EPtot      =    -54846.7086
 BOND   =       368.0749  ANGLE   =       930.3586  DIHED      =      2146.4852
 1-4 NB =       432.6471  1-4 EEL =      6221.9670  VDWAALS    =      6563.6030
 EELEC  =    -71661.9242  EHBOND  =         0.0000  RESTRAINT  =       152.0799
 EAMBER (non-restraint)  =    -54998.7885
 EKCMT  =      4886.2280  VIRIAL  =      4508.4882  VOLUME     =    182505.1510
                                                    Density    =         1.0197
 ------------------------------------------------------------------------------


 NSTEP =    13000   TIME(PS) =     310.000  TEMP(K) =   303.15  PRESS =    66.1
 Etot   =    -43697.7089  EKtot   =     11313.8701  EPtot      =    -55011.5790
 BOND   =       350.0412  ANGLE   =       950.3072  DIHED      =      2154.9909
 1-4 NB =       443.0468  1-4 EEL =      6222.8871  VDWAALS    =      6545.7196
 EELEC  =    -71829.7277  EHBOND  =         0.0000  RESTRAINT  =       151.1559
 EAMBER (non-restraint)  =    -55162.7349
 EKCMT  =      4915.4494  VIRIAL  =      4655.5635  VOLUME     =    182171.1440
                                                    Density    =         1.0216
 ------------------------------------------------------------------------------


 NSTEP =    13500   TIME(PS) =     311.000  TEMP(K) =   299.98  PRESS =    71.1
 Etot   =    -43965.0743  EKtot   =     11195.5977  EPtot      =    -55160.6719
 BOND   =       345.9831  ANGLE   =       952.6196  DIHED      =      2159.8713
 1-4 NB =       455.1108  1-4 EEL =      6234.6229  VDWAALS    =      6645.0090
 EELEC  =    -72121.0978  EHBOND  =         0.0000  RESTRAINT  =       167.2092
 EAMBER (non-restraint)  =    -55327.8812
 EKCMT  =      4817.9064  VIRIAL  =      4538.5291  VOLUME     =    181901.5486
                                                    Density    =         1.0231
 ------------------------------------------------------------------------------


 NSTEP =    14000   TIME(PS) =     312.000  TEMP(K) =   296.47  PRESS =    62.6
 Etot   =    -43935.6671  EKtot   =     11064.8398  EPtot      =    -55000.5069
 BOND   =       362.4112  ANGLE   =       982.9058  DIHED      =      2135.7817
 1-4 NB =       432.2913  1-4 EEL =      6212.0236  VDWAALS    =      6704.7450
 EELEC  =    -72000.1475  EHBOND  =         0.0000  RESTRAINT  =       169.4819
 EAMBER (non-restraint)  =    -55169.9888
 EKCMT  =      4828.7450  VIRIAL  =      4582.7538  VOLUME     =    182114.6981
                                                    Density    =         1.0219
 ------------------------------------------------------------------------------


 NSTEP =    14500   TIME(PS) =     313.000  TEMP(K) =   299.40  PRESS =   288.7
 Etot   =    -43719.9541  EKtot   =     11174.2119  EPtot      =    -54894.1660
 BOND   =       319.4033  ANGLE   =       976.4476  DIHED      =      2159.2733
 1-4 NB =       444.5401  1-4 EEL =      6224.4932  VDWAALS    =      6732.5239
 EELEC  =    -71918.0638  EHBOND  =         0.0000  RESTRAINT  =       167.2163
 EAMBER (non-restraint)  =    -55061.3823
 EKCMT  =      4956.3452  VIRIAL  =      3818.7961  VOLUME     =    182487.0721
                                                    Density    =         1.0198
 ------------------------------------------------------------------------------


 NSTEP =    15000   TIME(PS) =     314.000  TEMP(K) =   299.30  PRESS =  -203.3
 Etot   =    -43886.2931  EKtot   =     11170.3955  EPtot      =    -55056.6886
 BOND   =       317.8358  ANGLE   =       964.4008  DIHED      =      2156.0232
 1-4 NB =       437.4953  1-4 EEL =      6247.1913  VDWAALS    =      6526.2570
 EELEC  =    -71866.8322  EHBOND  =         0.0000  RESTRAINT  =       160.9402
 EAMBER (non-restraint)  =    -55217.6289
 EKCMT  =      4904.8483  VIRIAL  =      5707.6582  VOLUME     =    182868.1446
                                                    Density    =         1.0177
 ------------------------------------------------------------------------------


 NSTEP =    15500   TIME(PS) =     315.000  TEMP(K) =   298.12  PRESS =   -46.9
 Etot   =    -43779.5445  EKtot   =     11126.3672  EPtot      =    -54905.9116
 BOND   =       356.3266  ANGLE   =       984.0440  DIHED      =      2135.6417
 1-4 NB =       446.1875  1-4 EEL =      6223.3700  VDWAALS    =      6503.5020
 EELEC  =    -71711.4709  EHBOND  =         0.0000  RESTRAINT  =       156.4875
 EAMBER (non-restraint)  =    -55062.3991
 EKCMT  =      4887.8542  VIRIAL  =      5072.7099  VOLUME     =    182436.4711
                                                    Density    =         1.0201
 ------------------------------------------------------------------------------


 NSTEP =    16000   TIME(PS) =     316.000  TEMP(K) =   297.07  PRESS =   351.0
 Etot   =    -43883.7786  EKtot   =     11087.0020  EPtot      =    -54970.7806
 BOND   =       331.8652  ANGLE   =       945.2343  DIHED      =      2155.9943
 1-4 NB =       445.5284  1-4 EEL =      6223.1664  VDWAALS    =      6786.9205
 EELEC  =    -72020.5188  EHBOND  =         0.0000  RESTRAINT  =       161.0292
 EAMBER (non-restraint)  =    -55131.8098
 EKCMT  =      4861.8131  VIRIAL  =      3476.0032  VOLUME     =    182852.2798
                                                    Density    =         1.0178
 ------------------------------------------------------------------------------


 NSTEP =    16500   TIME(PS) =     317.000  TEMP(K) =   303.45  PRESS =   -56.7
 Etot   =    -43872.5292  EKtot   =     11325.3164  EPtot      =    -55197.8456
 BOND   =       318.7676  ANGLE   =       962.2808  DIHED      =      2164.8905
 1-4 NB =       453.1859  1-4 EEL =      6198.3271  VDWAALS    =      6517.5286
 EELEC  =    -71976.4679  EHBOND  =         0.0000  RESTRAINT  =       163.6419
 EAMBER (non-restraint)  =    -55361.4874
 EKCMT  =      5014.0611  VIRIAL  =      5236.9730  VOLUME     =    182241.5940
                                                    Density    =         1.0212
 ------------------------------------------------------------------------------


 NSTEP =    17000   TIME(PS) =     318.000  TEMP(K) =   298.57  PRESS =  -109.8
 Etot   =    -43852.2360  EKtot   =     11142.9082  EPtot      =    -54995.1442
 BOND   =       321.4906  ANGLE   =       963.1243  DIHED      =      2162.0872
 1-4 NB =       434.9002  1-4 EEL =      6192.8811  VDWAALS    =      6384.2788
 EELEC  =    -71618.1078  EHBOND  =         0.0000  RESTRAINT  =       164.2014
 EAMBER (non-restraint)  =    -55159.3456
 EKCMT  =      4849.0691  VIRIAL  =      5281.1124  VOLUME     =    182228.9465
                                                    Density    =         1.0213
 ------------------------------------------------------------------------------


 NSTEP =    17500   TIME(PS) =     319.000  TEMP(K) =   301.28  PRESS =    12.3
 Etot   =    -43697.5764  EKtot   =     11244.1738  EPtot      =    -54941.7502
 BOND   =       367.7343  ANGLE   =       956.5152  DIHED      =      2150.5492
 1-4 NB =       437.3015  1-4 EEL =      6221.7099  VDWAALS    =      6540.3120
 EELEC  =    -71771.8257  EHBOND  =         0.0000  RESTRAINT  =       155.9534
 EAMBER (non-restraint)  =    -55097.7036
 EKCMT  =      4893.4949  VIRIAL  =      4845.0687  VOLUME     =    182060.4870
                                                    Density    =         1.0222
 ------------------------------------------------------------------------------


 NSTEP =    18000   TIME(PS) =     320.000  TEMP(K) =   300.77  PRESS =    72.3
 Etot   =    -43772.8834  EKtot   =     11225.1738  EPtot      =    -54998.0573
 BOND   =       330.7541  ANGLE   =       958.3515  DIHED      =      2151.5586
 1-4 NB =       436.2544  1-4 EEL =      6211.3459  VDWAALS    =      6648.2291
 EELEC  =    -71889.4790  EHBOND  =         0.0000  RESTRAINT  =       154.9280
 EAMBER (non-restraint)  =    -55152.9852
 EKCMT  =      4935.8397  VIRIAL  =      4651.8785  VOLUME     =    181946.8586
                                                    Density    =         1.0228
 ------------------------------------------------------------------------------


 NSTEP =    18500   TIME(PS) =     321.000  TEMP(K) =   304.52  PRESS =  -179.3
 Etot   =    -43653.6923  EKtot   =     11365.2949  EPtot      =    -55018.9872
 BOND   =       338.0961  ANGLE   =       948.6083  DIHED      =      2164.8808
 1-4 NB =       454.1568  1-4 EEL =      6212.6341  VDWAALS    =      6447.3607
 EELEC  =    -71748.9353  EHBOND  =         0.0000  RESTRAINT  =       164.2113
 EAMBER (non-restraint)  =    -55183.1985
 EKCMT  =      4945.0820  VIRIAL  =      5649.1157  VOLUME     =    181872.0495
                                                    Density    =         1.0233
 ------------------------------------------------------------------------------


 NSTEP =    19000   TIME(PS) =     322.000  TEMP(K) =   303.46  PRESS =    52.2
 Etot   =    -43691.4837  EKtot   =     11325.5752  EPtot      =    -55017.0589
 BOND   =       320.5454  ANGLE   =       986.1940  DIHED      =      2164.9561
 1-4 NB =       450.1884  1-4 EEL =      6226.0153  VDWAALS    =      6683.2348
 EELEC  =    -72002.2548  EHBOND  =         0.0000  RESTRAINT  =       154.0620
 EAMBER (non-restraint)  =    -55171.1209
 EKCMT  =      4952.1644  VIRIAL  =      4747.1462  VOLUME     =    181863.8179
                                                    Density    =         1.0233
 ------------------------------------------------------------------------------


 NSTEP =    19500   TIME(PS) =     323.000  TEMP(K) =   300.76  PRESS =    91.0
 Etot   =    -43681.3781  EKtot   =     11224.7119  EPtot      =    -54906.0900
 BOND   =       357.0239  ANGLE   =      1013.5947  DIHED      =      2160.0780
 1-4 NB =       437.2975  1-4 EEL =      6195.0823  VDWAALS    =      6651.1992
 EELEC  =    -71884.6724  EHBOND  =         0.0000  RESTRAINT  =       164.3068
 EAMBER (non-restraint)  =    -55070.3968
 EKCMT  =      4917.4823  VIRIAL  =      4560.0079  VOLUME     =    181843.9497
                                                    Density    =         1.0234
 ------------------------------------------------------------------------------


 NSTEP =    20000   TIME(PS) =     324.000  TEMP(K) =   301.08  PRESS =   -62.7
 Etot   =    -43735.1510  EKtot   =     11236.7207  EPtot      =    -54971.8717
 BOND   =       345.6073  ANGLE   =       965.4334  DIHED      =      2152.4095
 1-4 NB =       445.6189  1-4 EEL =      6188.8893  VDWAALS    =      6520.3077
 EELEC  =    -71766.3094  EHBOND  =         0.0000  RESTRAINT  =       176.1715
 EAMBER (non-restraint)  =    -55148.0432
 EKCMT  =      4905.6758  VIRIAL  =      5151.7250  VOLUME     =    181750.6672
                                                    Density    =         1.0239
 ------------------------------------------------------------------------------


 NSTEP =    20500   TIME(PS) =     325.000  TEMP(K) =   300.21  PRESS =  -119.6
 Etot   =    -43878.7869  EKtot   =     11204.3037  EPtot      =    -55083.0906
 BOND   =       348.2799  ANGLE   =       938.0755  DIHED      =      2170.2709
 1-4 NB =       440.3370  1-4 EEL =      6181.4446  VDWAALS    =      6496.2516
 EELEC  =    -71824.0854  EHBOND  =         0.0000  RESTRAINT  =       166.3353
 EAMBER (non-restraint)  =    -55249.4259
 EKCMT  =      4853.8785  VIRIAL  =      5323.7465  VOLUME     =    181909.2630
                                                    Density    =         1.0230
 ------------------------------------------------------------------------------


 NSTEP =    21000   TIME(PS) =     326.000  TEMP(K) =   295.38  PRESS =  -131.6
 Etot   =    -43875.7101  EKtot   =     11024.1211  EPtot      =    -54899.8312
 BOND   =       362.2389  ANGLE   =       976.2924  DIHED      =      2153.0160
 1-4 NB =       435.4124  1-4 EEL =      6160.4339  VDWAALS    =      6410.8409
 EELEC  =    -71549.4929  EHBOND  =         0.0000  RESTRAINT  =       151.4272
 EAMBER (non-restraint)  =    -55051.2583
 EKCMT  =      4868.4113  VIRIAL  =      5386.6195  VOLUME     =    182345.4223
                                                    Density    =         1.0206
 ------------------------------------------------------------------------------


 NSTEP =    21500   TIME(PS) =     327.000  TEMP(K) =   296.88  PRESS =   118.1
 Etot   =    -44095.1291  EKtot   =     11080.1562  EPtot      =    -55175.2853
 BOND   =       340.3632  ANGLE   =       929.4181  DIHED      =      2163.1582
 1-4 NB =       432.3643  1-4 EEL =      6226.7836  VDWAALS    =      6612.0546
 EELEC  =    -72040.1193  EHBOND  =         0.0000  RESTRAINT  =       160.6920
 EAMBER (non-restraint)  =    -55335.9774
 EKCMT  =      4773.8598  VIRIAL  =      4310.8700  VOLUME     =    181636.1256
                                                    Density    =         1.0246
 ------------------------------------------------------------------------------


 NSTEP =    22000   TIME(PS) =     328.000  TEMP(K) =   300.89  PRESS =    67.2
 Etot   =    -43807.7868  EKtot   =     11229.4795  EPtot      =    -55037.2662
 BOND   =       307.5637  ANGLE   =      1008.0142  DIHED      =      2168.2690
 1-4 NB =       436.5186  1-4 EEL =      6206.2652  VDWAALS    =      6409.0422
 EELEC  =    -71741.8980  EHBOND  =         0.0000  RESTRAINT  =       168.9589
 EAMBER (non-restraint)  =    -55206.2252
 EKCMT  =      4953.1204  VIRIAL  =      4689.2512  VOLUME     =    181866.9732
                                                    Density    =         1.0233
 ------------------------------------------------------------------------------


 NSTEP =    22500   TIME(PS) =     329.000  TEMP(K) =   299.79  PRESS =   -24.5
 Etot   =    -43847.8162  EKtot   =     11188.4814  EPtot      =    -55036.2977
 BOND   =       351.0885  ANGLE   =      1003.2190  DIHED      =      2162.7471
 1-4 NB =       431.6422  1-4 EEL =      6222.5493  VDWAALS    =      6779.4206
 EELEC  =    -72147.4563  EHBOND  =         0.0000  RESTRAINT  =       160.4920
 EAMBER (non-restraint)  =    -55196.7897
 EKCMT  =      4849.3526  VIRIAL  =      4945.5674  VOLUME     =    181847.8175
                                                    Density    =         1.0234
 ------------------------------------------------------------------------------


 NSTEP =    23000   TIME(PS) =     330.000  TEMP(K) =   295.36  PRESS =   -36.0
 Etot   =    -44228.3744  EKtot   =     11023.4150  EPtot      =    -55251.7894
 BOND   =       351.5893  ANGLE   =       976.4216  DIHED      =      2161.5065
 1-4 NB =       435.6966  1-4 EEL =      6226.3460  VDWAALS    =      6675.3773
 EELEC  =    -72247.9471  EHBOND  =         0.0000  RESTRAINT  =       169.2203
 EAMBER (non-restraint)  =    -55421.0097
 EKCMT  =      4710.8922  VIRIAL  =      4852.4106  VOLUME     =    181969.3205
                                                    Density    =         1.0227
 ------------------------------------------------------------------------------


 NSTEP =    23500   TIME(PS) =     331.000  TEMP(K) =   302.87  PRESS =   295.2
 Etot   =    -43899.4379  EKtot   =     11303.6924  EPtot      =    -55203.1303
 BOND   =       375.4626  ANGLE   =       983.9492  DIHED      =      2152.6078
 1-4 NB =       440.1350  1-4 EEL =      6223.0913  VDWAALS    =      6664.9328
 EELEC  =    -72195.6013  EHBOND  =         0.0000  RESTRAINT  =       152.2925
 EAMBER (non-restraint)  =    -55355.4227
 EKCMT  =      4942.8702  VIRIAL  =      3780.1796  VOLUME     =    182403.7636
                                                    Density    =         1.0203
 ------------------------------------------------------------------------------


 NSTEP =    24000   TIME(PS) =     332.000  TEMP(K) =   301.98  PRESS =  -258.7
 Etot   =    -43934.4194  EKtot   =     11270.2959  EPtot      =    -55204.7153
 BOND   =       314.6042  ANGLE   =       973.8758  DIHED      =      2145.8622
 1-4 NB =       440.8476  1-4 EEL =      6203.8656  VDWAALS    =      6569.6841
 EELEC  =    -72013.3417  EHBOND  =         0.0000  RESTRAINT  =       159.8869
 EAMBER (non-restraint)  =    -55364.6022
 EKCMT  =      4919.1085  VIRIAL  =      5938.0248  VOLUME     =    182385.8654
                                                    Density    =         1.0204
 ------------------------------------------------------------------------------


 NSTEP =    24500   TIME(PS) =     333.000  TEMP(K) =   297.57  PRESS =    96.7
 Etot   =    -43724.9619  EKtot   =     11105.7266  EPtot      =    -54830.6885
 BOND   =       343.6961  ANGLE   =       987.2753  DIHED      =      2170.2170
 1-4 NB =       440.8693  1-4 EEL =      6237.6805  VDWAALS    =      6517.5274
 EELEC  =    -71687.7161  EHBOND  =         0.0000  RESTRAINT  =       159.7620
 EAMBER (non-restraint)  =    -54990.4505
 EKCMT  =      4933.5010  VIRIAL  =      4552.2293  VOLUME     =    182524.4822
                                                    Density    =         1.0196
 ------------------------------------------------------------------------------


 NSTEP =    25000   TIME(PS) =     334.000  TEMP(K) =   300.74  PRESS =  -141.4
 Etot   =    -43796.9940  EKtot   =     11224.1895  EPtot      =    -55021.1835
 BOND   =       343.3575  ANGLE   =       982.4180  DIHED      =      2163.0712
 1-4 NB =       449.4363  1-4 EEL =      6252.7544  VDWAALS    =      6558.6629
 EELEC  =    -71918.8865  EHBOND  =         0.0000  RESTRAINT  =       148.0027
 EAMBER (non-restraint)  =    -55169.1862
 EKCMT  =      4833.0914  VIRIAL  =      5388.9153  VOLUME     =    182040.4129
                                                    Density    =         1.0223
 ------------------------------------------------------------------------------


 NSTEP =    25500   TIME(PS) =     335.000  TEMP(K) =   298.52  PRESS =    57.8
 Etot   =    -43964.2903  EKtot   =     11141.1494  EPtot      =    -55105.4397
 BOND   =       340.2282  ANGLE   =       981.3924  DIHED      =      2164.5887
 1-4 NB =       427.6172  1-4 EEL =      6190.4034  VDWAALS    =      6556.7076
 EELEC  =    -71937.7058  EHBOND  =         0.0000  RESTRAINT  =       171.3286
 EAMBER (non-restraint)  =    -55276.7683
 EKCMT  =      4972.2138  VIRIAL  =      4744.1190  VOLUME     =    182677.0767
                                                    Density    =         1.0187
 ------------------------------------------------------------------------------


 NSTEP =    26000   TIME(PS) =     336.000  TEMP(K) =   302.90  PRESS =  -396.7
 Etot   =    -43783.4139  EKtot   =     11304.6230  EPtot      =    -55088.0369
 BOND   =       337.4694  ANGLE   =       967.6503  DIHED      =      2132.0929
 1-4 NB =       415.2145  1-4 EEL =      6216.1695  VDWAALS    =      6359.4085
 EELEC  =    -71678.7221  EHBOND  =         0.0000  RESTRAINT  =       162.6801
 EAMBER (non-restraint)  =    -55250.7170
 EKCMT  =      4918.6841  VIRIAL  =      6481.5803  VOLUME     =    182456.0656
                                                    Density    =         1.0200
 ------------------------------------------------------------------------------


 NSTEP =    26500   TIME(PS) =     337.000  TEMP(K) =   301.64  PRESS =   -93.5
 Etot   =    -43978.7982  EKtot   =     11257.4854  EPtot      =    -55236.2835
 BOND   =       342.8148  ANGLE   =       981.1400  DIHED      =      2160.6671
 1-4 NB =       440.0972  1-4 EEL =      6231.3254  VDWAALS    =      6586.0015
 EELEC  =    -72144.0497  EHBOND  =         0.0000  RESTRAINT  =       165.7201
 EAMBER (non-restraint)  =    -55402.0037
 EKCMT  =      4954.4020  VIRIAL  =      5321.3621  VOLUME     =    181827.3673
                                                    Density    =         1.0235
 ------------------------------------------------------------------------------


 NSTEP =    27000   TIME(PS) =     338.000  TEMP(K) =   299.43  PRESS =   -53.1
 Etot   =    -43986.2652  EKtot   =     11175.3301  EPtot      =    -55161.5952
 BOND   =       343.6964  ANGLE   =       959.7568  DIHED      =      2153.7678
 1-4 NB =       442.2867  1-4 EEL =      6231.0214  VDWAALS    =      6466.5687
 EELEC  =    -71924.9902  EHBOND  =         0.0000  RESTRAINT  =       166.2971
 EAMBER (non-restraint)  =    -55327.8924
 EKCMT  =      4889.6876  VIRIAL  =      5098.1818  VOLUME     =    181783.1744
                                                    Density    =         1.0238
 ------------------------------------------------------------------------------


 NSTEP =    27500   TIME(PS) =     339.000  TEMP(K) =   294.94  PRESS =    91.1
 Etot   =    -44136.4444  EKtot   =     11007.7598  EPtot      =    -55144.2042
 BOND   =       363.8133  ANGLE   =       906.4017  DIHED      =      2168.3704
 1-4 NB =       439.3808  1-4 EEL =      6229.9499  VDWAALS    =      6848.5770
 EELEC  =    -72269.0221  EHBOND  =         0.0000  RESTRAINT  =       168.3249
 EAMBER (non-restraint)  =    -55312.5291
 EKCMT  =      4798.5488  VIRIAL  =      4440.5098  VOLUME     =    182074.0135
                                                    Density    =         1.0221
 ------------------------------------------------------------------------------


 NSTEP =    28000   TIME(PS) =     340.000  TEMP(K) =   298.60  PRESS =   -83.7
 Etot   =    -43919.0139  EKtot   =     11144.0742  EPtot      =    -55063.0881
 BOND   =       328.7741  ANGLE   =       964.4239  DIHED      =      2163.7187
 1-4 NB =       447.3250  1-4 EEL =      6261.0100  VDWAALS    =      6498.3645
 EELEC  =    -71892.1258  EHBOND  =         0.0000  RESTRAINT  =       165.4215
 EAMBER (non-restraint)  =    -55228.5096
 EKCMT  =      4842.2494  VIRIAL  =      5171.5299  VOLUME     =    182288.2256
                                                    Density    =         1.0209
 ------------------------------------------------------------------------------


 NSTEP =    28500   TIME(PS) =     341.000  TEMP(K) =   301.27  PRESS =  -237.4
 Etot   =    -43773.2106  EKtot   =     11243.8320  EPtot      =    -55017.0426
 BOND   =       347.9481  ANGLE   =       974.8067  DIHED      =      2159.2047
 1-4 NB =       443.8893  1-4 EEL =      6267.2981  VDWAALS    =      6487.8653
 EELEC  =    -71876.4028  EHBOND  =         0.0000  RESTRAINT  =       178.3481
 EAMBER (non-restraint)  =    -55195.3907
 EKCMT  =      4943.0750  VIRIAL  =      5878.1433  VOLUME     =    182454.5792
                                                    Density    =         1.0200
 ------------------------------------------------------------------------------


 NSTEP =    29000   TIME(PS) =     342.000  TEMP(K) =   299.78  PRESS =   101.6
 Etot   =    -43933.7248  EKtot   =     11188.1309  EPtot      =    -55121.8557
 BOND   =       322.1594  ANGLE   =       945.5406  DIHED      =      2164.1153
 1-4 NB =       439.1668  1-4 EEL =      6224.6773  VDWAALS    =      6569.3786
 EELEC  =    -71944.8659  EHBOND  =         0.0000  RESTRAINT  =       157.9723
 EAMBER (non-restraint)  =    -55279.8280
 EKCMT  =      4911.6347  VIRIAL  =      4512.0448  VOLUME     =    182134.1424
                                                    Density    =         1.0218
 ------------------------------------------------------------------------------


 NSTEP =    29500   TIME(PS) =     343.000  TEMP(K) =   300.68  PRESS =   158.3
 Etot   =    -43779.5581  EKtot   =     11221.7559  EPtot      =    -55001.3140
 BOND   =       357.1232  ANGLE   =       996.1024  DIHED      =      2159.3565
 1-4 NB =       425.5699  1-4 EEL =      6219.2063  VDWAALS    =      6664.2249
 EELEC  =    -71992.8958  EHBOND  =         0.0000  RESTRAINT  =       169.9988
 EAMBER (non-restraint)  =    -55171.3127
 EKCMT  =      4916.4724  VIRIAL  =      4293.9974  VOLUME     =    182142.9468
                                                    Density    =         1.0217
 ------------------------------------------------------------------------------


 NSTEP =    30000   TIME(PS) =     344.000  TEMP(K) =   295.89  PRESS =   211.8
 Etot   =    -43968.8090  EKtot   =     11043.1924  EPtot      =    -55012.0014
 BOND   =       374.5618  ANGLE   =       967.1940  DIHED      =      2155.2912
 1-4 NB =       445.1550  1-4 EEL =      6211.5740  VDWAALS    =      6646.5672
 EELEC  =    -71980.6809  EHBOND  =         0.0000  RESTRAINT  =       168.3364
 EAMBER (non-restraint)  =    -55180.3378
 EKCMT  =      4849.6452  VIRIAL  =      4016.4016  VOLUME     =    182196.0824
                                                    Density    =         1.0214
 ------------------------------------------------------------------------------


 NSTEP =    30500   TIME(PS) =     345.000  TEMP(K) =   298.04  PRESS =   -94.2
 Etot   =    -44033.6920  EKtot   =     11123.1660  EPtot      =    -55156.8580
 BOND   =       324.7117  ANGLE   =       949.3196  DIHED      =      2159.0626
 1-4 NB =       452.5543  1-4 EEL =      6262.1864  VDWAALS    =      6525.2907
 EELEC  =    -71980.9559  EHBOND  =         0.0000  RESTRAINT  =       150.9726
 EAMBER (non-restraint)  =    -55307.8305
 EKCMT  =      4810.0523  VIRIAL  =      5180.6799  VOLUME     =    182219.0952
                                                    Density    =         1.0213
 ------------------------------------------------------------------------------


 NSTEP =    31000   TIME(PS) =     346.000  TEMP(K) =   299.77  PRESS =  -361.9
 Etot   =    -43891.3078  EKtot   =     11187.8623  EPtot      =    -55079.1701
 BOND   =       325.9464  ANGLE   =       917.7756  DIHED      =      2166.7167
 1-4 NB =       441.0475  1-4 EEL =      6239.3535  VDWAALS    =      6549.8647
 EELEC  =    -71878.2579  EHBOND  =         0.0000  RESTRAINT  =       158.3834
 EAMBER (non-restraint)  =    -55237.5535
 EKCMT  =      4896.0249  VIRIAL  =      6317.2798  VOLUME     =    181910.0048
                                                    Density    =         1.0230
 ------------------------------------------------------------------------------


 NSTEP =    31500   TIME(PS) =     347.000  TEMP(K) =   299.74  PRESS =    50.0
 Etot   =    -43844.8295  EKtot   =     11186.8672  EPtot      =    -55031.6967
 BOND   =       341.8514  ANGLE   =       964.8573  DIHED      =      2149.3899
 1-4 NB =       441.7159  1-4 EEL =      6228.1824  VDWAALS    =      6784.2330
 EELEC  =    -72112.5965  EHBOND  =         0.0000  RESTRAINT  =       170.6698
 EAMBER (non-restraint)  =    -55202.3665
 EKCMT  =      4846.2858  VIRIAL  =      4649.1935  VOLUME     =    182674.7574
                                                    Density    =         1.0188
 ------------------------------------------------------------------------------


 NSTEP =    32000   TIME(PS) =     348.000  TEMP(K) =   295.43  PRESS =   -96.8
 Etot   =    -44087.0194  EKtot   =     11025.7002  EPtot      =    -55112.7196
 BOND   =       360.2989  ANGLE   =      1010.3775  DIHED      =      2157.7183
 1-4 NB =       442.0578  1-4 EEL =      6216.8098  VDWAALS    =      6816.7246
 EELEC  =    -72285.5339  EHBOND  =         0.0000  RESTRAINT  =       168.8274
 EAMBER (non-restraint)  =    -55281.5471
 EKCMT  =      4814.3030  VIRIAL  =      5196.2199  VOLUME     =    182645.3727
                                                    Density    =         1.0189
 ------------------------------------------------------------------------------


 NSTEP =    32500   TIME(PS) =     349.000  TEMP(K) =   299.05  PRESS =   130.4
 Etot   =    -44156.1602  EKtot   =     11161.1455  EPtot      =    -55317.3057
 BOND   =       327.2458  ANGLE   =       938.7474  DIHED      =      2154.4997
 1-4 NB =       451.8488  1-4 EEL =      6236.1720  VDWAALS    =      6832.4595
 EELEC  =    -72416.0736  EHBOND  =         0.0000  RESTRAINT  =       157.7946
 EAMBER (non-restraint)  =    -55475.1003
 EKCMT  =      4876.4109  VIRIAL  =      4361.8088  VOLUME     =    182723.9240
                                                    Density    =         1.0185
 ------------------------------------------------------------------------------


 NSTEP =    33000   TIME(PS) =     350.000  TEMP(K) =   294.13  PRESS =   113.3
 Etot   =    -44095.7306  EKtot   =     10977.4971  EPtot      =    -55073.2276
 BOND   =       332.4809  ANGLE   =       968.4356  DIHED      =      2155.2151
 1-4 NB =       444.0001  1-4 EEL =      6243.5297  VDWAALS    =      6661.7422
 EELEC  =    -72049.2635  EHBOND  =         0.0000  RESTRAINT  =       170.6321
 EAMBER (non-restraint)  =    -55243.8598
 EKCMT  =      4719.5627  VIRIAL  =      4273.3884  VOLUME     =    182406.8524
                                                    Density    =         1.0203
 ------------------------------------------------------------------------------


 NSTEP =    33500   TIME(PS) =     351.000  TEMP(K) =   304.13  PRESS =  -146.6
 Etot   =    -43820.8972  EKtot   =     11350.6309  EPtot      =    -55171.5280
 BOND   =       346.4483  ANGLE   =       980.1250  DIHED      =      2153.2077
 1-4 NB =       438.3895  1-4 EEL =      6215.9693  VDWAALS    =      6469.0622
 EELEC  =    -71956.4606  EHBOND  =         0.0000  RESTRAINT  =       181.7305
 EAMBER (non-restraint)  =    -55353.2586
 EKCMT  =      4997.7150  VIRIAL  =      5574.8882  VOLUME     =    182314.5715
                                                    Density    =         1.0208
 ------------------------------------------------------------------------------


 NSTEP =    34000   TIME(PS) =     352.000  TEMP(K) =   298.46  PRESS =    52.9
 Etot   =    -43798.5305  EKtot   =     11139.0342  EPtot      =    -54937.5647
 BOND   =       345.0861  ANGLE   =       965.4434  DIHED      =      2148.9121
 1-4 NB =       436.0842  1-4 EEL =      6214.3738  VDWAALS    =      6507.6928
 EELEC  =    -71726.3725  EHBOND  =         0.0000  RESTRAINT  =       171.2153
 EAMBER (non-restraint)  =    -55108.7800
 EKCMT  =      4937.9542  VIRIAL  =      4730.1274  VOLUME     =    182064.5278
                                                    Density    =         1.0222
 ------------------------------------------------------------------------------


 NSTEP =    34500   TIME(PS) =     353.000  TEMP(K) =   301.93  PRESS =   -90.2
 Etot   =    -43708.3341  EKtot   =     11268.3271  EPtot      =    -54976.6612
 BOND   =       336.8028  ANGLE   =       915.8274  DIHED      =      2151.6355
 1-4 NB =       437.3002  1-4 EEL =      6231.0575  VDWAALS    =      6411.7069
 EELEC  =    -71621.3546  EHBOND  =         0.0000  RESTRAINT  =       160.3629
 EAMBER (non-restraint)  =    -55137.0242
 EKCMT  =      4885.3306  VIRIAL  =      5239.8236  VOLUME     =    182046.6605
                                                    Density    =         1.0223
 ------------------------------------------------------------------------------


 NSTEP =    35000   TIME(PS) =     354.000  TEMP(K) =   300.25  PRESS =   150.6
 Etot   =    -43773.2648  EKtot   =     11205.6924  EPtot      =    -54978.9572
 BOND   =       342.2827  ANGLE   =       968.4966  DIHED      =      2176.7272
 1-4 NB =       450.7624  1-4 EEL =      6196.6438  VDWAALS    =      6531.9785
 EELEC  =    -71800.8068  EHBOND  =         0.0000  RESTRAINT  =       154.9583
 EAMBER (non-restraint)  =    -55133.9155
 EKCMT  =      4858.8877  VIRIAL  =      4267.9156  VOLUME     =    181759.8451
                                                    Density    =         1.0239
 ------------------------------------------------------------------------------


 NSTEP =    35500   TIME(PS) =     355.000  TEMP(K) =   297.83  PRESS =   -88.1
 Etot   =    -44063.1259  EKtot   =     11115.4316  EPtot      =    -55178.5575
 BOND   =       338.5059  ANGLE   =       969.5698  DIHED      =      2159.7500
 1-4 NB =       448.8097  1-4 EEL =      6209.7629  VDWAALS    =      6489.1575
 EELEC  =    -71950.6949  EHBOND  =         0.0000  RESTRAINT  =       156.5816
 EAMBER (non-restraint)  =    -55335.1391
 EKCMT  =      4830.8892  VIRIAL  =      5177.1458  VOLUME     =    181953.7800
                                                    Density    =         1.0228
 ------------------------------------------------------------------------------


 NSTEP =    36000   TIME(PS) =     356.000  TEMP(K) =   294.81  PRESS =    11.0
 Etot   =    -43821.8124  EKtot   =     11002.7568  EPtot      =    -54824.5692
 BOND   =       364.7683  ANGLE   =       928.4222  DIHED      =      2160.7723
 1-4 NB =       438.9714  1-4 EEL =      6255.5140  VDWAALS    =      6412.4454
 EELEC  =    -71533.3443  EHBOND  =         0.0000  RESTRAINT  =       147.8815
 EAMBER (non-restraint)  =    -54972.4507
 EKCMT  =      4719.9876  VIRIAL  =      4676.7369  VOLUME     =    181987.9860
                                                    Density    =         1.0226
 ------------------------------------------------------------------------------


 NSTEP =    36500   TIME(PS) =     357.000  TEMP(K) =   304.43  PRESS =    82.1
 Etot   =    -43827.1683  EKtot   =     11361.7100  EPtot      =    -55188.8783
 BOND   =       333.9669  ANGLE   =       973.5078  DIHED      =      2160.7315
 1-4 NB =       436.0714  1-4 EEL =      6207.5879  VDWAALS    =      6616.5116
 EELEC  =    -72079.6125  EHBOND  =         0.0000  RESTRAINT  =       162.3570
 EAMBER (non-restraint)  =    -55351.2353
 EKCMT  =      4943.6895  VIRIAL  =      4621.7095  VOLUME     =    181594.7260
                                                    Density    =         1.0248
 ------------------------------------------------------------------------------


 NSTEP =    37000   TIME(PS) =     358.000  TEMP(K) =   300.89  PRESS =   -55.9
 Etot   =    -43929.7818  EKtot   =     11229.7920  EPtot      =    -55159.5738
 BOND   =       361.0270  ANGLE   =       977.5519  DIHED      =      2165.5198
 1-4 NB =       443.5881  1-4 EEL =      6201.3981  VDWAALS    =      6615.2146
 EELEC  =    -72092.9598  EHBOND  =         0.0000  RESTRAINT  =       169.0866
 EAMBER (non-restraint)  =    -55328.6604
 EKCMT  =      4894.3655  VIRIAL  =      5113.7701  VOLUME     =    181811.3827
                                                    Density    =         1.0236
 ------------------------------------------------------------------------------


 NSTEP =    37500   TIME(PS) =     359.000  TEMP(K) =   294.68  PRESS =   100.4
 Etot   =    -44137.8149  EKtot   =     10997.9004  EPtot      =    -55135.7152
 BOND   =       336.5468  ANGLE   =       936.6242  DIHED      =      2153.2094
 1-4 NB =       448.0689  1-4 EEL =      6207.1552  VDWAALS    =      6653.1932
 EELEC  =    -72035.5905  EHBOND  =         0.0000  RESTRAINT  =       165.0776
 EAMBER (non-restraint)  =    -55300.7928
 EKCMT  =      4840.7285  VIRIAL  =      4446.6365  VOLUME     =    181763.0088
                                                    Density    =         1.0239
 ------------------------------------------------------------------------------


 NSTEP =    38000   TIME(PS) =     360.000  TEMP(K) =   298.09  PRESS =   -10.5
 Etot   =    -43996.8916  EKtot   =     11125.0127  EPtot      =    -55121.9043
 BOND   =       358.9661  ANGLE   =       953.6834  DIHED      =      2142.3271
 1-4 NB =       433.7453  1-4 EEL =      6217.7557  VDWAALS    =      6551.7383
 EELEC  =    -71951.2571  EHBOND  =         0.0000  RESTRAINT  =       171.1369
 EAMBER (non-restraint)  =    -55293.0412
 EKCMT  =      4904.2525  VIRIAL  =      4945.3974  VOLUME     =    181755.4606
                                                    Density    =         1.0239
 ------------------------------------------------------------------------------


 NSTEP =    38500   TIME(PS) =     361.000  TEMP(K) =   297.11  PRESS =   140.4
 Etot   =    -44078.8971  EKtot   =     11088.5273  EPtot      =    -55167.4244
 BOND   =       342.7323  ANGLE   =       942.4371  DIHED      =      2148.9667
 1-4 NB =       432.2148  1-4 EEL =      6221.9052  VDWAALS    =      6731.3927
 EELEC  =    -72132.4890  EHBOND  =         0.0000  RESTRAINT  =       145.4158
 EAMBER (non-restraint)  =    -55312.8403
 EKCMT  =      4808.4550  VIRIAL  =      4256.3535  VOLUME     =    182190.4347
                                                    Density    =         1.0215
 ------------------------------------------------------------------------------


 NSTEP =    39000   TIME(PS) =     362.000  TEMP(K) =   303.26  PRESS =   359.6
 Etot   =    -43879.9514  EKtot   =     11317.9922  EPtot      =    -55197.9435
 BOND   =       340.6785  ANGLE   =       946.9828  DIHED      =      2154.0728
 1-4 NB =       434.3728  1-4 EEL =      6240.2042  VDWAALS    =      6895.3125
 EELEC  =    -72370.6733  EHBOND  =         0.0000  RESTRAINT  =       161.1060
 EAMBER (non-restraint)  =    -55359.0496
 EKCMT  =      4919.1518  VIRIAL  =      3503.0378  VOLUME     =    182365.7531
                                                    Density    =         1.0205
 ------------------------------------------------------------------------------


 NSTEP =    39500   TIME(PS) =     363.000  TEMP(K) =   303.01  PRESS =   125.7
 Etot   =    -43744.3965  EKtot   =     11308.9473  EPtot      =    -55053.3437
 BOND   =       340.7067  ANGLE   =       987.8558  DIHED      =      2153.7657
 1-4 NB =       450.8959  1-4 EEL =      6246.4933  VDWAALS    =      6544.4191
 EELEC  =    -71943.0579  EHBOND  =         0.0000  RESTRAINT  =       165.5777
 EAMBER (non-restraint)  =    -55218.9214
 EKCMT  =      4996.2114  VIRIAL  =      4500.5732  VOLUME     =    182611.4395
                                                    Density    =         1.0191
 ------------------------------------------------------------------------------


 NSTEP =    40000   TIME(PS) =     364.000  TEMP(K) =   301.20  PRESS =  -121.3
 Etot   =    -43952.9228  EKtot   =     11241.2158  EPtot      =    -55194.1386
 BOND   =       335.2717  ANGLE   =       991.1320  DIHED      =      2162.2573
 1-4 NB =       431.5090  1-4 EEL =      6214.8570  VDWAALS    =      6424.0856
 EELEC  =    -71915.7965  EHBOND  =         0.0000  RESTRAINT  =       162.5451
 EAMBER (non-restraint)  =    -55356.6838
 EKCMT  =      4945.7800  VIRIAL  =      5422.3543  VOLUME     =    181928.8075
                                                    Density    =         1.0229
 ------------------------------------------------------------------------------


 NSTEP =    40500   TIME(PS) =     365.000  TEMP(K) =   298.14  PRESS =   -65.1
 Etot   =    -43946.2083  EKtot   =     11126.8418  EPtot      =    -55073.0501
 BOND   =       335.6060  ANGLE   =       968.1835  DIHED      =      2159.2233
 1-4 NB =       450.8801  1-4 EEL =      6222.0855  VDWAALS    =      6552.2300
 EELEC  =    -71921.2825  EHBOND  =         0.0000  RESTRAINT  =       160.0240
 EAMBER (non-restraint)  =    -55233.0742
 EKCMT  =      4890.0804  VIRIAL  =      5145.8110  VOLUME     =    182015.0900
                                                    Density    =         1.0225
 ------------------------------------------------------------------------------


 NSTEP =    41000   TIME(PS) =     366.000  TEMP(K) =   300.30  PRESS =    82.3
 Etot   =    -43978.9920  EKtot   =     11207.5283  EPtot      =    -55186.5203
 BOND   =       343.1223  ANGLE   =       992.3791  DIHED      =      2146.1551
 1-4 NB =       442.0408  1-4 EEL =      6241.8192  VDWAALS    =      6747.8828
 EELEC  =    -72247.1634  EHBOND  =         0.0000  RESTRAINT  =       147.2438
 EAMBER (non-restraint)  =    -55333.7641
 EKCMT  =      4869.0258  VIRIAL  =      4545.1650  VOLUME     =    182352.3061
                                                    Density    =         1.0206
 ------------------------------------------------------------------------------


 NSTEP =    41500   TIME(PS) =     367.000  TEMP(K) =   299.00  PRESS =  -174.3
 Etot   =    -43888.2725  EKtot   =     11158.9639  EPtot      =    -55047.2363
 BOND   =       345.6701  ANGLE   =       952.1932  DIHED      =      2159.8847
 1-4 NB =       446.9206  1-4 EEL =      6209.7504  VDWAALS    =      6453.9945
 EELEC  =    -71780.1802  EHBOND  =         0.0000  RESTRAINT  =       164.5304
 EAMBER (non-restraint)  =    -55211.7667
 EKCMT  =      4887.6738  VIRIAL  =      5572.9690  VOLUME     =    182065.1455
                                                    Density    =         1.0222
 ------------------------------------------------------------------------------


 NSTEP =    42000   TIME(PS) =     368.000  TEMP(K) =   299.61  PRESS =    80.2
 Etot   =    -43839.0398  EKtot   =     11181.7188  EPtot      =    -55020.7586
 BOND   =       342.7753  ANGLE   =       998.0241  DIHED      =      2173.2899
 1-4 NB =       435.5047  1-4 EEL =      6214.1608  VDWAALS    =      6635.7263
 EELEC  =    -71973.4028  EHBOND  =         0.0000  RESTRAINT  =       153.1630
 EAMBER (non-restraint)  =    -55173.9216
 EKCMT  =      4924.4498  VIRIAL  =      4608.5499  VOLUME     =    182467.0441
                                                    Density    =         1.0199
 ------------------------------------------------------------------------------


 NSTEP =    42500   TIME(PS) =     369.000  TEMP(K) =   297.13  PRESS =  -140.1
 Etot   =    -43839.5441  EKtot   =     11089.3164  EPtot      =    -54928.8605
 BOND   =       384.4057  ANGLE   =       995.1652  DIHED      =      2150.0163
 1-4 NB =       441.0044  1-4 EEL =      6220.5458  VDWAALS    =      6612.1074
 EELEC  =    -71889.4592  EHBOND  =         0.0000  RESTRAINT  =       157.3538
 EAMBER (non-restraint)  =    -55086.2143
 EKCMT  =      4837.3111  VIRIAL  =      5389.1720  VOLUME     =    182480.8082
                                                    Density    =         1.0198
 ------------------------------------------------------------------------------


 NSTEP =    43000   TIME(PS) =     370.000  TEMP(K) =   298.35  PRESS =   -17.1
 Etot   =    -44049.4248  EKtot   =     11134.7773  EPtot      =    -55184.2021
 BOND   =       365.4117  ANGLE   =       961.7761  DIHED      =      2148.7294
 1-4 NB =       456.6412  1-4 EEL =      6224.4762  VDWAALS    =      6556.1522
 EELEC  =    -72057.0370  EHBOND  =         0.0000  RESTRAINT  =       159.6482
 EAMBER (non-restraint)  =    -55343.8503
 EKCMT  =      4889.3921  VIRIAL  =      4956.4831  VOLUME     =    182022.5505
                                                    Density    =         1.0224
 ------------------------------------------------------------------------------


 NSTEP =    43500   TIME(PS) =     371.000  TEMP(K) =   296.35  PRESS =    93.1
 Etot   =    -43896.8062  EKtot   =     11060.3887  EPtot      =    -54957.1948
 BOND   =       371.4920  ANGLE   =       962.8630  DIHED      =      2150.6216
 1-4 NB =       439.0119  1-4 EEL =      6198.1348  VDWAALS    =      6678.5608
 EELEC  =    -71919.9407  EHBOND  =         0.0000  RESTRAINT  =       162.0618
 EAMBER (non-restraint)  =    -55119.2566
 EKCMT  =      4784.0184  VIRIAL  =      4417.3631  VOLUME     =    182477.2514
                                                    Density    =         1.0199
 ------------------------------------------------------------------------------


 NSTEP =    44000   TIME(PS) =     372.000  TEMP(K) =   302.21  PRESS =   -60.4
 Etot   =    -43958.2964  EKtot   =     11279.0166  EPtot      =    -55237.3130
 BOND   =       326.3985  ANGLE   =       952.6435  DIHED      =      2171.1806
 1-4 NB =       443.6105  1-4 EEL =      6228.9845  VDWAALS    =      6631.2944
 EELEC  =    -72160.2200  EHBOND  =         0.0000  RESTRAINT  =       168.7949
 EAMBER (non-restraint)  =    -55406.1080
 EKCMT  =      4931.5645  VIRIAL  =      5169.3400  VOLUME     =    182385.4139
                                                    Density    =         1.0204
 ------------------------------------------------------------------------------


 NSTEP =    44500   TIME(PS) =     373.000  TEMP(K) =   302.97  PRESS =   343.2
 Etot   =    -43889.6727  EKtot   =     11307.2275  EPtot      =    -55196.9002
 BOND   =       320.6669  ANGLE   =       939.1279  DIHED      =      2166.7721
 1-4 NB =       456.7012  1-4 EEL =      6230.4156  VDWAALS    =      6778.4675
 EELEC  =    -72244.0479  EHBOND  =         0.0000  RESTRAINT  =       154.9965
 EAMBER (non-restraint)  =    -55351.8968
 EKCMT  =      5018.2109  VIRIAL  =      3669.0594  VOLUME     =    182093.8946
                                                    Density    =         1.0220
 ------------------------------------------------------------------------------


 NSTEP =    45000   TIME(PS) =     374.000  TEMP(K) =   295.80  PRESS =   173.6
 Etot   =    -44115.9890  EKtot   =     11039.5000  EPtot      =    -55155.4890
 BOND   =       342.7176  ANGLE   =      1000.0986  DIHED      =      2146.4184
 1-4 NB =       432.9126  1-4 EEL =      6185.9510  VDWAALS    =      6752.7842
 EELEC  =    -72172.3001  EHBOND  =         0.0000  RESTRAINT  =       155.9288
 EAMBER (non-restraint)  =    -55311.4177
 EKCMT  =      4853.9306  VIRIAL  =      4169.9203  VOLUME     =    182436.1028
                                                    Density    =         1.0201
 ------------------------------------------------------------------------------


 NSTEP =    45500   TIME(PS) =     375.000  TEMP(K) =   297.79  PRESS =  -147.2
 Etot   =    -43825.7508  EKtot   =     11113.9170  EPtot      =    -54939.6678
 BOND   =       329.4900  ANGLE   =       986.0552  DIHED      =      2152.1024
 1-4 NB =       451.8183  1-4 EEL =      6233.4626  VDWAALS    =      6514.3045
 EELEC  =    -71764.8535  EHBOND  =         0.0000  RESTRAINT  =       157.9528
 EAMBER (non-restraint)  =    -55097.6206
 EKCMT  =      4912.2579  VIRIAL  =      5490.9007  VOLUME     =    182027.2634
                                                    Density    =         1.0224
 ------------------------------------------------------------------------------


 NSTEP =    46000   TIME(PS) =     376.000  TEMP(K) =   301.64  PRESS =  -126.2
 Etot   =    -43694.7181  EKtot   =     11257.4902  EPtot      =    -54952.2083
 BOND   =       359.1017  ANGLE   =       980.2774  DIHED      =      2150.7357
 1-4 NB =       452.8788  1-4 EEL =      6203.3043  VDWAALS    =      6402.7642
 EELEC  =    -71665.1953  EHBOND  =         0.0000  RESTRAINT  =       163.9249
 EAMBER (non-restraint)  =    -55116.1332
 EKCMT  =      4965.5521  VIRIAL  =      5461.9289  VOLUME     =    182207.3399
                                                    Density    =         1.0214
 ------------------------------------------------------------------------------


 NSTEP =    46500   TIME(PS) =     377.000  TEMP(K) =   300.66  PRESS =   389.9
 Etot   =    -43802.3877  EKtot   =     11220.9473  EPtot      =    -55023.3350
 BOND   =       322.3986  ANGLE   =       944.5972  DIHED      =      2156.8809
 1-4 NB =       444.6825  1-4 EEL =      6223.6754  VDWAALS    =      6721.8543
 EELEC  =    -71997.7704  EHBOND  =         0.0000  RESTRAINT  =       160.3464
 EAMBER (non-restraint)  =    -55183.6814
 EKCMT  =      4981.1101  VIRIAL  =      3445.1082  VOLUME     =    182442.6878
                                                    Density    =         1.0201
 ------------------------------------------------------------------------------


 NSTEP =    47000   TIME(PS) =     378.000  TEMP(K) =   301.84  PRESS =   -41.5
 Etot   =    -43770.0325  EKtot   =     11264.9590  EPtot      =    -55034.9915
 BOND   =       347.6033  ANGLE   =       949.3769  DIHED      =      2142.4795
 1-4 NB =       458.5096  1-4 EEL =      6225.6780  VDWAALS    =      6730.3115
 EELEC  =    -72052.6074  EHBOND  =         0.0000  RESTRAINT  =       163.6571
 EAMBER (non-restraint)  =    -55198.6486
 EKCMT  =      4923.2561  VIRIAL  =      5086.6626  VOLUME     =    182362.4844
                                                    Density    =         1.0205
 ------------------------------------------------------------------------------


 NSTEP =    47500   TIME(PS) =     379.000  TEMP(K) =   301.03  PRESS =   151.6
 Etot   =    -43645.0509  EKtot   =     11234.7266  EPtot      =    -54879.7775
 BOND   =       359.3582  ANGLE   =       931.5383  DIHED      =      2149.0366
 1-4 NB =       457.8199  1-4 EEL =      6245.0165  VDWAALS    =      6737.2973
 EELEC  =    -71919.8696  EHBOND  =         0.0000  RESTRAINT  =       160.0254
 EAMBER (non-restraint)  =    -55039.8028
 EKCMT  =      4967.9647  VIRIAL  =      4369.5377  VOLUME     =    182868.6753
                                                    Density    =         1.0177
 ------------------------------------------------------------------------------


 NSTEP =    48000   TIME(PS) =     380.000  TEMP(K) =   298.62  PRESS =   102.0
 Etot   =    -43702.4922  EKtot   =     11145.0068  EPtot      =    -54847.4990
 BOND   =       333.8811  ANGLE   =       977.9416  DIHED      =      2165.7003
 1-4 NB =       445.5156  1-4 EEL =      6189.4967  VDWAALS    =      6603.8196
 EELEC  =    -71728.2653  EHBOND  =         0.0000  RESTRAINT  =       164.4114
 EAMBER (non-restraint)  =    -55011.9104
 EKCMT  =      4933.5550  VIRIAL  =      4530.7548  VOLUME     =    182924.9353
                                                    Density    =         1.0174
 ------------------------------------------------------------------------------


 NSTEP =    48500   TIME(PS) =     381.000  TEMP(K) =   296.41  PRESS =   105.4
 Etot   =    -43856.4186  EKtot   =     11062.3428  EPtot      =    -54918.7613
 BOND   =       353.3297  ANGLE   =       944.3947  DIHED      =      2152.1408
 1-4 NB =       444.0698  1-4 EEL =      6211.7168  VDWAALS    =      6625.3653
 EELEC  =    -71802.8177  EHBOND  =         0.0000  RESTRAINT  =       153.0393
 EAMBER (non-restraint)  =    -55071.8006
 EKCMT  =      4831.6297  VIRIAL  =      4415.2694  VOLUME     =    182894.2991
                                                    Density    =         1.0175
 ------------------------------------------------------------------------------


 NSTEP =    49000   TIME(PS) =     382.000  TEMP(K) =   298.72  PRESS =    64.7
 Etot   =    -44053.7570  EKtot   =     11148.6816  EPtot      =    -55202.4386
 BOND   =       338.2931  ANGLE   =       969.9314  DIHED      =      2159.8304
 1-4 NB =       436.1000  1-4 EEL =      6178.5636  VDWAALS    =      6794.6899
 EELEC  =    -72262.4210  EHBOND  =         0.0000  RESTRAINT  =       182.5739
 EAMBER (non-restraint)  =    -55385.0125
 EKCMT  =      4898.3797  VIRIAL  =      4642.4656  VOLUME     =    183158.0472
                                                    Density    =         1.0161
 ------------------------------------------------------------------------------


 NSTEP =    49500   TIME(PS) =     383.000  TEMP(K) =   301.55  PRESS =  -447.2
 Etot   =    -43867.5554  EKtot   =     11254.1592  EPtot      =    -55121.7146
 BOND   =       347.6933  ANGLE   =       994.0880  DIHED      =      2138.5258
 1-4 NB =       434.1451  1-4 EEL =      6223.4790  VDWAALS    =      6545.3362
 EELEC  =    -71971.2668  EHBOND  =         0.0000  RESTRAINT  =       166.2848
 EAMBER (non-restraint)  =    -55287.9994
 EKCMT  =      4899.8671  VIRIAL  =      6671.3285  VOLUME     =    183480.5296
                                                    Density    =         1.0143
 ------------------------------------------------------------------------------


 NSTEP =    50000   TIME(PS) =     384.000  TEMP(K) =   299.17  PRESS =   -80.0
 Etot   =    -43722.1080  EKtot   =     11165.5264  EPtot      =    -54887.6344
 BOND   =       348.9727  ANGLE   =       944.7253  DIHED      =      2174.6659
 1-4 NB =       447.1377  1-4 EEL =      6236.2772  VDWAALS    =      6528.3758
 EELEC  =    -71742.9493  EHBOND  =         0.0000  RESTRAINT  =       175.1603
 EAMBER (non-restraint)  =    -55062.7947
 EKCMT  =      4813.2171  VIRIAL  =      5129.4118  VOLUME     =    182960.4314
                                                    Density    =         1.0172
 ------------------------------------------------------------------------------


      A V E R A G E S   O V E R     100 S T E P S


 NSTEP =    50000   TIME(PS) =     384.000  TEMP(K) =   299.84  PRESS =     8.4
 Etot   =    -43848.3893  EKtot   =     11190.3838  EPtot      =    -55038.7732
 BOND   =       342.7425  ANGLE   =       964.6069  DIHED      =      2157.1278
 1-4 NB =       442.1141  1-4 EEL =      6220.6519  VDWAALS    =      6589.3054
 EELEC  =    -71917.3099  EHBOND  =         0.0000  RESTRAINT  =       161.9881
 EAMBER (non-restraint)  =    -55200.7613
 EKCMT  =      4896.6649  VIRIAL  =      4863.7863  VOLUME     =    182308.9070
                                                    Density    =         1.0208
 ------------------------------------------------------------------------------


      R M S  F L U C T U A T I O N S


 NSTEP =    50000   TIME(PS) =     384.000  TEMP(K) =     2.66  PRESS =   161.4
 Etot   =       154.9034  EKtot   =        99.1325  EPtot      =       127.7114
 BOND   =        15.5827  ANGLE   =        22.2844  DIHED      =        10.1583
 1-4 NB =         8.1330  1-4 EEL =        18.8442  VDWAALS    =       119.3884
 EELEC  =       201.9237  EHBOND  =         0.0000  RESTRAINT  =         7.5578
 EAMBER (non-restraint)  =       120.1536
 EKCMT  =        65.1883  VIRIAL  =       638.1703  VOLUME     =       367.4964
                                                    Density    =         0.0021
 ------------------------------------------------------------------------------

--------------------------------------------------------------------------------
   5.  TIMINGS
--------------------------------------------------------------------------------

|  NonSetup CPU Time in Major Routines:
|
|     Routine           Sec        %
|     ------------------------------
|     Nonbond          89.20   87.23
|     Bond              0.00    0.00
|     Angle             0.00    0.00
|     Dihedral          0.00    0.00
|     Shake             0.36    0.36
|     RunMD            12.66   12.38
|     Other             0.04    0.04
|     ------------------------------
|     Total           102.26

|  PME Nonbond Pairlist CPU Time:
|
|     Routine              Sec        %
|     ---------------------------------
|     Set Up Cit           0.00    0.00
|     Build List           0.00    0.00
|     ---------------------------------
|     Total                0.00    0.00

|  PME Direct Force CPU Time:
|
|     Routine              Sec        %
|     ---------------------------------
|     NonBonded Calc       0.00    0.00
|     Exclude Masked       0.00    0.00
|     Other                0.02    0.02
|     ---------------------------------
|     Total                0.02    0.02

|  PME Reciprocal Force CPU Time:
|
|     Routine              Sec        %
|     ---------------------------------
|     1D bspline           0.00    0.00
|     Grid Charges         0.00    0.00
|     Scalar Sum           0.00    0.00
|     Gradient Sum         0.00    0.00
|     FFT                  0.00    0.00
|     ---------------------------------
|     Total                0.00    0.00

|  Final Performance Info:
|     -----------------------------------------------------
|     Average timings for last   20000 steps:
|     Elapsed(s) =      41.02 Per Step(ms) =       2.05
|         ns/day =      84.26   seconds/ns =    1025.42
|
|     Average timings for all steps:
|     Elapsed(s) =     102.27 Per Step(ms) =       2.05
|         ns/day =      84.48   seconds/ns =    1022.67
|     -----------------------------------------------------

|  Setup CPU time:            0.44 seconds
|  NonSetup CPU time:       102.26 seconds
|  Total CPU time:          102.70 seconds     0.03 hours

|  Setup wall time:           0    seconds
|  NonSetup wall time:      103    seconds
|  Total wall time:         103    seconds     0.03 hours
