
          -------------------------------------------------------
          Amber 16 PMEMD                              2016
          -------------------------------------------------------

| PMEMD implementation of SANDER, Release 16

| Run on 07/04/2017 at 00:36:22

|   Executable path: pmemd.cuda
| Working directory: /home/german/obp/run/mu_ctv/mhe/e
|          Hostname: Unknown
  [-O]verwriting output

File Assignments:
|   MDIN: 5equ.in                                                               
|  MDOUT: 5equ.out                                                              
| INPCRD: 4emu_ctv.rst7                                                         
|   PARM: /home/german/obp/top_files/mu_ctv.prmtop                              
| RESTRT: 5emu_ctv.rst7                                                         
|   REFC: 4emu_ctv.rst7                                                         
|  MDVEL: mdvel                                                                 
|   MDEN: mden                                                                  
|  MDCRD: 5emu_ctv.nc                                                           
| MDINFO: mdinfo                                                                
|  MDFRC: mdfrc                                                                 


 Here is the input file:

Equilibration with solute restrictions                                         
&cntrl                                                                         
imin = 0,                           ! No Minimization                          
nmropt = 0,                         ! No NMR restraints read                   
                                                                               
! Nature and format of the input                                               
ntx = 5,                            ! Coordinates but no velocities will be rea
irest = 1,                          ! Do not run a new simulation              
                                                                               
! Nature and format of the output                                              
ntxo = 1,                           ! rstrt file in ASCII format               
ntpr = 500,                         ! inf in output every ntpr steps           
ntwr = 500,                         ! rstrt file every ntwr steps              
ntwx = 500,                         ! mdcrd file every ntwx steps              
ntwv = 0,                           ! mdvel without velocities                 
ntwe = 0,                           ! Energies and temperatures not written in 
idecomp = 0,                        ! No energy decomposition                  
iwrap = 1,                          ! Coordinates of the restart and mdcrd file
                                                                               
! Frozen or restrained atoms                                                   
ibelly = 0,                         ! No frozen atoms                          
ntr=1,                              ! Harmonic potential restraints            
restraint_wt = 15.0,                ! The weight for the positional restraints 
restraintmask = ':1-120@N,CA,C,O',  ! restrained residues                      
                                                                               
! Molecular dynamics                                                           
nstlim = 50000,                     ! Number of MD-steps                       
dt = 0.002,                         ! Time step                                
                                                                               
! Temperature regulation                                                       
ntt = 3,                            ! Langevin thermostat                      
gamma_ln = 5,                       ! Gamma constant for Langevin              
!temp0 = 300.0,                     ! Reference T at which the system is to be 
tempi = 300.0,                      ! Initial T                                
ig = -1,                            ! Seed for the RNG                         
                                                                               
! P and V regulation                                                           
ntp = 1,                            ! Constant P. Isotropic scaling            
barostat = 1,                       ! Berendsen barostat                       
taup = 1,                           ! Pressure relaxation time                 
nrespa = 1,                         ! Evaluate at each step                    
ntb = 2,                            ! Periodic box for constant P              
                                                                               
! SHAKE variables                                                              
ntc = 2,                            ! Bonds involving H are constrained        
ntf = 2,                            ! Bond interaction involving H are ommited.
                                                                               
cut = 10.0,                         ! Nonbonded cutoff                         
/                                                                              
&end                                                                           


Note: ig = -1. Setting random seed to   869417 based on wallclock time in 
      microseconds.
 
|--------------------- INFORMATION ----------------------
| GPU (CUDA) Version of PMEMD in use: NVIDIA GPU IN USE.
|                    Version 16.0.0
| 
|                      02/25/2016
| 
| Implementation by:
|                    Ross C. Walker     (SDSC)
|                    Scott Le Grand     (nVIDIA)
| 
| Precision model in use:
|      [SPFP] - Single Precision Forces, 64-bit Fixed Point
|               Accumulation. (Default)
| 
|--------------------------------------------------------
 
|----------------- CITATION INFORMATION -----------------
|
|    When publishing work that utilized the CUDA version
|    of AMBER, please cite the following in addition to
|    the regular AMBER citations:
|
|  - Romelia Salomon-Ferrer; Andreas W. Goetz; Duncan
|    Poole; Scott Le Grand; Ross C. Walker "Routine
|    microsecond molecular dynamics simulations with
|    AMBER - Part II: Particle Mesh Ewald", J. Chem.
|    Theory Comput., 2013, 9 (9), pp3878-3888,
|    DOI: 10.1021/ct400314y.
|
|  - Andreas W. Goetz; Mark J. Williamson; Dong Xu;
|    Duncan Poole; Scott Le Grand; Ross C. Walker
|    "Routine microsecond molecular dynamics simulations
|    with AMBER - Part I: Generalized Born", J. Chem.
|    Theory Comput., 2012, 8 (5), pp1542-1555.
|
|  - Scott Le Grand; Andreas W. Goetz; Ross C. Walker
|    "SPFP: Speed without compromise - a mixed precision
|    model for GPU accelerated molecular dynamics
|    simulations.", Comp. Phys. Comm., 2013, 184
|    pp374-380, DOI: 10.1016/j.cpc.2012.09.022
|
|--------------------------------------------------------
 
|------------------- GPU DEVICE INFO --------------------
|
|            CUDA_VISIBLE_DEVICES: 0
|   CUDA Capable Devices Detected:      1
|           CUDA Device ID in use:      0
|                CUDA Device Name: GeForce GTX 1060 6GB
|     CUDA Device Global Mem Size:   6072 MB
| CUDA Device Num Multiprocessors:     10
|           CUDA Device Core Freq:   1.76 GHz
|
|--------------------------------------------------------
 
 
| Conditional Compilation Defines Used:
| PUBFFT
| BINTRAJ
| CUDA
| EMIL

| Largest sphere to fit in unit cell has radius =    26.271

| New format PARM file being parsed.
| Version =    1.000 Date = 02/24/15 Time = 11:42:17

| Note: 1-4 EEL scale factors are being read from the topology file.

| Note: 1-4 VDW scale factors are being read from the topology file.
| Duplicated    0 dihedrals

| Duplicated    0 dihedrals

--------------------------------------------------------------------------------
   1.  RESOURCE   USE: 
--------------------------------------------------------------------------------

 getting new box info from bottom of inpcrd
 NATOM  =   18306 NTYPES =      18 NBONH =   17356 MBONA  =     953
 NTHETH =    2237 MTHETA =    1278 NPHIH =    4342 MPHIA  =    4359
 NHPARM =       0 NPARM  =       0 NNB   =   32466 NRES   =    5584
 NBONA  =     953 NTHETA =    1278 NPHIA =    4359 NUMBND =      69
 NUMANG =     147 NPTRA  =     245 NATYP =      40 NPHB   =       1
 IFBOX  =       1 NMXRS  =      26 IFCAP =       0 NEXTRA =       0
 NCOPY  =       0

| Coordinate Index Table dimensions:    10   11    9
| Direct force subcell size =     5.5742    5.6434    5.8380

     BOX TYPE: RECTILINEAR

--------------------------------------------------------------------------------
   2.  CONTROL  DATA  FOR  THE  RUN
--------------------------------------------------------------------------------

default_name                                                                    

General flags:
     imin    =       0, nmropt  =       0

Nature and format of input:
     ntx     =       5, irest   =       1, ntrx    =       1

Nature and format of output:
     ntxo    =       1, ntpr    =     500, ntrx    =       1, ntwr    =     500
     iwrap   =       1, ntwx    =     500, ntwv    =       0, ntwe    =       0
     ioutfm  =       1, ntwprt  =       0, idecomp =       0, rbornstat=      0

Potential function:
     ntf     =       2, ntb     =       2, igb     =       0, nsnb    =      25
     ipol    =       0, gbsa    =       0, iesp    =       0
     dielc   =   1.00000, cut     =  10.00000, intdiel =   1.00000

Frozen or restrained atoms:
     ibelly  =       0, ntr     =       1
     restraint_wt =  15.00000

Molecular dynamics:
     nstlim  =     50000, nscm    =         0, nrespa  =         1
     t       =   0.00000, dt      =   0.00200, vlimit  =  -1.00000

Langevin dynamics temperature regulation:
     ig      =  869417
     temp0   = 300.00000, tempi   = 300.00000, gamma_ln=   5.00000

Pressure regulation:
     ntp     =       1
     pres0   =   1.00000, comp    =  44.60000, taup    =   1.00000

SHAKE:
     ntc     =       2, jfastw  =       0
     tol     =   0.00001

| Intermolecular bonds treatment:
|     no_intermolecular_bonds =       1

| Energy averages sample interval:
|     ene_avg_sampling =     500

Ewald parameters:
     verbose =       0, ew_type =       0, nbflag  =       1, use_pme =       1
     vdwmeth =       1, eedmeth =       1, netfrc  =       1
     Box X =   55.742   Box Y =   62.077   Box Z =   52.542
     Alpha =   90.000   Beta  =   90.000   Gamma =   90.000
     NFFT1 =   56       NFFT2 =   64       NFFT3 =   56
     Cutoff=   10.000   Tol   =0.100E-04
     Ewald Coefficient =  0.27511
     Interpolation order =    4

    LOADING THE CONSTRAINED ATOMS AS GROUPS


   5.  REFERENCE ATOM COORDINATES

  default_name                                                                    
     Mask :1-120@N,CA,C,O; matches   476 atoms

--------------------------------------------------------------------------------
   3.  ATOMIC COORDINATES AND VELOCITIES
--------------------------------------------------------------------------------

default_name                                                                    
 begin time read from input coords =   484.000 ps

 
 Number of triangulated 3-point waters found:     5461

     Sum of charges from parm topology file =   0.00000094
     Forcing neutrality...

| Dynamic Memory, Types Used:
| Reals              924858
| Integers           642951

| Nonbonded Pairs Initial Allocation:     5537107

| GPU memory information (estimate):
| KB of GPU memory in use:    116750
| KB of CPU memory in use:     23942

--------------------------------------------------------------------------------
   4.  RESULTS
--------------------------------------------------------------------------------

 ---------------------------------------------------
 APPROXIMATING switch and d/dx switch using CUBIC SPLINE INTERPOLATION
 using   5000.0 points per unit in tabled values
 TESTING RELATIVE ERROR over r ranging from 0.0 to cutoff
| CHECK switch(x): max rel err =   0.2738E-14   at   2.422500
| CHECK d/dx switch(x): max rel err =   0.8314E-11   at   2.736960
 ---------------------------------------------------
|---------------------------------------------------
| APPROXIMATING direct energy using CUBIC SPLINE INTERPOLATION
|  with   50.0 points per unit in tabled values
| Relative Error Limit not exceeded for r .gt.   2.33
| APPROXIMATING direct force using CUBIC SPLINE INTERPOLATION
|  with   50.0 points per unit in tabled values
| Relative Error Limit not exceeded for r .gt.   2.80
|---------------------------------------------------

 NSTEP =      500   TIME(PS) =     485.000  TEMP(K) =   302.04  PRESS =  -201.7
 Etot   =    -43706.3835  EKtot   =     11272.5215  EPtot      =    -54978.9049
 BOND   =       331.5128  ANGLE   =       999.3469  DIHED      =      2171.8302
 1-4 NB =       447.0442  1-4 EEL =      6205.5066  VDWAALS    =      6563.7716
 EELEC  =    -71817.9724  EHBOND  =         0.0000  RESTRAINT  =       120.0552
 EAMBER (non-restraint)  =    -55098.9601
 EKCMT  =      4970.3162  VIRIAL  =      5765.0746  VOLUME     =    182529.3964
                                                    Density    =         1.0196
 ------------------------------------------------------------------------------


 NSTEP =     1000   TIME(PS) =     486.000  TEMP(K) =   300.37  PRESS =   -35.4
 Etot   =    -43899.8160  EKtot   =     11210.3584  EPtot      =    -55110.1744
 BOND   =       314.6205  ANGLE   =       939.4507  DIHED      =      2139.0977
 1-4 NB =       440.1773  1-4 EEL =      6215.1277  VDWAALS    =      6681.1072
 EELEC  =    -71953.7792  EHBOND  =         0.0000  RESTRAINT  =       114.0237
 EAMBER (non-restraint)  =    -55224.1981
 EKCMT  =      4844.1227  VIRIAL  =      4983.0409  VOLUME     =    181705.9610
                                                    Density    =         1.0242
 ------------------------------------------------------------------------------


 NSTEP =     1500   TIME(PS) =     487.000  TEMP(K) =   298.76  PRESS =   -34.2
 Etot   =    -44001.2978  EKtot   =     11149.9844  EPtot      =    -55151.2822
 BOND   =       349.9635  ANGLE   =       956.4184  DIHED      =      2142.2305
 1-4 NB =       449.8769  1-4 EEL =      6218.4199  VDWAALS    =      6576.6315
 EELEC  =    -71956.2315  EHBOND  =         0.0000  RESTRAINT  =       111.4086
 EAMBER (non-restraint)  =    -55262.6907
 EKCMT  =      4977.1844  VIRIAL  =      5111.4552  VOLUME     =    181981.5974
                                                    Density    =         1.0226
 ------------------------------------------------------------------------------


 NSTEP =     2000   TIME(PS) =     488.000  TEMP(K) =   301.02  PRESS =  -144.9
 Etot   =    -43786.4905  EKtot   =     11234.3174  EPtot      =    -55020.8079
 BOND   =       316.5068  ANGLE   =       964.4374  DIHED      =      2153.8643
 1-4 NB =       447.6755  1-4 EEL =      6187.7859  VDWAALS    =      6626.5782
 EELEC  =    -71858.4887  EHBOND  =         0.0000  RESTRAINT  =       140.8327
 EAMBER (non-restraint)  =    -55161.6405
 EKCMT  =      4909.2478  VIRIAL  =      5480.0998  VOLUME     =    182461.9378
                                                    Density    =         1.0199
 ------------------------------------------------------------------------------


 NSTEP =     2500   TIME(PS) =     489.000  TEMP(K) =   297.48  PRESS =    17.8
 Etot   =    -43738.0464  EKtot   =     11102.3730  EPtot      =    -54840.4194
 BOND   =       352.9140  ANGLE   =       954.1573  DIHED      =      2148.7770
 1-4 NB =       451.2652  1-4 EEL =      6203.1007  VDWAALS    =      6582.4777
 EELEC  =    -71667.6332  EHBOND  =         0.0000  RESTRAINT  =       134.5219
 EAMBER (non-restraint)  =    -54974.9414
 EKCMT  =      4854.2716  VIRIAL  =      4783.8812  VOLUME     =    182758.4849
                                                    Density    =         1.0183
 ------------------------------------------------------------------------------


 NSTEP =     3000   TIME(PS) =     490.000  TEMP(K) =   295.47  PRESS =    88.5
 Etot   =    -43858.2822  EKtot   =     11027.4043  EPtot      =    -54885.6865
 BOND   =       333.3559  ANGLE   =       985.8156  DIHED      =      2138.2350
 1-4 NB =       450.5723  1-4 EEL =      6237.1753  VDWAALS    =      6645.6138
 EELEC  =    -71797.9984  EHBOND  =         0.0000  RESTRAINT  =       121.5440
 EAMBER (non-restraint)  =    -55007.2305
 EKCMT  =      4809.4589  VIRIAL  =      4460.9273  VOLUME     =    182447.3560
                                                    Density    =         1.0200
 ------------------------------------------------------------------------------


 NSTEP =     3500   TIME(PS) =     491.000  TEMP(K) =   299.76  PRESS =    28.9
 Etot   =    -44017.0140  EKtot   =     11187.6123  EPtot      =    -55204.6263
 BOND   =       369.9592  ANGLE   =       985.0171  DIHED      =      2153.0977
 1-4 NB =       448.0726  1-4 EEL =      6170.1710  VDWAALS    =      6627.1473
 EELEC  =    -72080.4734  EHBOND  =         0.0000  RESTRAINT  =       122.3822
 EAMBER (non-restraint)  =    -55327.0085
 EKCMT  =      4942.9588  VIRIAL  =      4829.0065  VOLUME     =    182568.5459
                                                    Density    =         1.0194
 ------------------------------------------------------------------------------


 NSTEP =     4000   TIME(PS) =     492.000  TEMP(K) =   298.69  PRESS =   -58.3
 Etot   =    -44069.4988  EKtot   =     11147.3574  EPtot      =    -55216.8562
 BOND   =       335.9597  ANGLE   =       994.9775  DIHED      =      2131.3627
 1-4 NB =       430.4071  1-4 EEL =      6239.6262  VDWAALS    =      6679.1593
 EELEC  =    -72178.3817  EHBOND  =         0.0000  RESTRAINT  =       150.0331
 EAMBER (non-restraint)  =    -55366.8893
 EKCMT  =      4940.2161  VIRIAL  =      5169.9796  VOLUME     =    182491.5473
                                                    Density    =         1.0198
 ------------------------------------------------------------------------------


 NSTEP =     4500   TIME(PS) =     493.000  TEMP(K) =   301.91  PRESS =    39.3
 Etot   =    -43876.8482  EKtot   =     11267.6504  EPtot      =    -55144.4986
 BOND   =       334.4207  ANGLE   =       943.2536  DIHED      =      2162.0264
 1-4 NB =       444.9741  1-4 EEL =      6205.2910  VDWAALS    =      6581.3052
 EELEC  =    -71941.5274  EHBOND  =         0.0000  RESTRAINT  =       125.7578
 EAMBER (non-restraint)  =    -55270.2564
 EKCMT  =      4931.9098  VIRIAL  =      4777.3458  VOLUME     =    182340.4305
                                                    Density    =         1.0206
 ------------------------------------------------------------------------------


 NSTEP =     5000   TIME(PS) =     494.000  TEMP(K) =   295.96  PRESS =    11.5
 Etot   =    -44066.3481  EKtot   =     11045.7070  EPtot      =    -55112.0551
 BOND   =       329.2411  ANGLE   =       939.8420  DIHED      =      2133.3276
 1-4 NB =       448.1396  1-4 EEL =      6178.6629  VDWAALS    =      6682.7054
 EELEC  =    -71941.0621  EHBOND  =         0.0000  RESTRAINT  =       117.0884
 EAMBER (non-restraint)  =    -55229.1435
 EKCMT  =      4772.9110  VIRIAL  =      4727.4590  VOLUME     =    182427.2378
                                                    Density    =         1.0201
 ------------------------------------------------------------------------------


 NSTEP =     5500   TIME(PS) =     495.000  TEMP(K) =   300.78  PRESS =   -73.0
 Etot   =    -43713.8790  EKtot   =     11225.6016  EPtot      =    -54939.4805
 BOND   =       360.3314  ANGLE   =      1009.6400  DIHED      =      2142.7044
 1-4 NB =       444.8074  1-4 EEL =      6210.3157  VDWAALS    =      6646.7740
 EELEC  =    -71873.7377  EHBOND  =         0.0000  RESTRAINT  =       119.6843
 EAMBER (non-restraint)  =    -55059.1649
 EKCMT  =      4926.2247  VIRIAL  =      5213.4393  VOLUME     =    182249.2619
                                                    Density    =         1.0211
 ------------------------------------------------------------------------------


 NSTEP =     6000   TIME(PS) =     496.000  TEMP(K) =   299.72  PRESS =    24.9
 Etot   =    -43716.8992  EKtot   =     11185.9014  EPtot      =    -54902.8006
 BOND   =       377.7972  ANGLE   =       978.6805  DIHED      =      2162.9918
 1-4 NB =       435.7405  1-4 EEL =      6177.8113  VDWAALS    =      6525.9810
 EELEC  =    -71697.3617  EHBOND  =         0.0000  RESTRAINT  =       135.5588
 EAMBER (non-restraint)  =    -55038.3594
 EKCMT  =      4918.7959  VIRIAL  =      4820.5372  VOLUME     =    182670.6896
                                                    Density    =         1.0188
 ------------------------------------------------------------------------------


 NSTEP =     6500   TIME(PS) =     497.000  TEMP(K) =   297.40  PRESS =    35.6
 Etot   =    -43773.4084  EKtot   =     11099.4062  EPtot      =    -54872.8147
 BOND   =       342.9672  ANGLE   =       961.3709  DIHED      =      2164.7860
 1-4 NB =       462.8462  1-4 EEL =      6219.8817  VDWAALS    =      6647.3598
 EELEC  =    -71804.7043  EHBOND  =         0.0000  RESTRAINT  =       132.6778
 EAMBER (non-restraint)  =    -55005.4925
 EKCMT  =      4843.9010  VIRIAL  =      4703.2443  VOLUME     =    182795.0781
                                                    Density    =         1.0181
 ------------------------------------------------------------------------------


 NSTEP =     7000   TIME(PS) =     498.000  TEMP(K) =   300.99  PRESS =  -151.8
 Etot   =    -43855.1120  EKtot   =     11233.5312  EPtot      =    -55088.6432
 BOND   =       334.5967  ANGLE   =       944.6868  DIHED      =      2138.6690
 1-4 NB =       447.0774  1-4 EEL =      6228.4711  VDWAALS    =      6543.7714
 EELEC  =    -71852.0794  EHBOND  =         0.0000  RESTRAINT  =       126.1637
 EAMBER (non-restraint)  =    -55214.8069
 EKCMT  =      4932.5412  VIRIAL  =      5531.1207  VOLUME     =    182632.0598
                                                    Density    =         1.0190
 ------------------------------------------------------------------------------


 NSTEP =     7500   TIME(PS) =     499.000  TEMP(K) =   297.25  PRESS =   253.6
 Etot   =    -44191.5457  EKtot   =     11093.9111  EPtot      =    -55285.4568
 BOND   =       361.6356  ANGLE   =       985.1372  DIHED      =      2168.0200
 1-4 NB =       439.2255  1-4 EEL =      6202.0262  VDWAALS    =      6831.3258
 EELEC  =    -72403.7019  EHBOND  =         0.0000  RESTRAINT  =       130.8748
 EAMBER (non-restraint)  =    -55416.3316
 EKCMT  =      4794.5574  VIRIAL  =      3796.4215  VOLUME     =    182321.7336
                                                    Density    =         1.0207
 ------------------------------------------------------------------------------


 NSTEP =     8000   TIME(PS) =     500.000  TEMP(K) =   298.80  PRESS =  -148.9
 Etot   =    -43976.4082  EKtot   =     11151.7812  EPtot      =    -55128.1894
 BOND   =       345.4030  ANGLE   =       982.5243  DIHED      =      2132.9779
 1-4 NB =       449.2833  1-4 EEL =      6224.1278  VDWAALS    =      6621.7392
 EELEC  =    -72009.3862  EHBOND  =         0.0000  RESTRAINT  =       125.1413
 EAMBER (non-restraint)  =    -55253.3307
 EKCMT  =      4879.9307  VIRIAL  =      5465.5357  VOLUME     =    182112.8324
                                                    Density    =         1.0219
 ------------------------------------------------------------------------------


 NSTEP =     8500   TIME(PS) =     501.000  TEMP(K) =   302.29  PRESS =  -133.7
 Etot   =    -43916.1677  EKtot   =     11282.0732  EPtot      =    -55198.2409
 BOND   =       360.5886  ANGLE   =       952.7035  DIHED      =      2154.9100
 1-4 NB =       451.3096  1-4 EEL =      6207.6398  VDWAALS    =      6497.8418
 EELEC  =    -71945.7463  EHBOND  =         0.0000  RESTRAINT  =       122.5121
 EAMBER (non-restraint)  =    -55320.7530
 EKCMT  =      4857.7110  VIRIAL  =      5382.4928  VOLUME     =    181845.2122
                                                    Density    =         1.0234
 ------------------------------------------------------------------------------


 NSTEP =     9000   TIME(PS) =     502.000  TEMP(K) =   296.19  PRESS =    74.4
 Etot   =    -44116.7144  EKtot   =     11054.1025  EPtot      =    -55170.8169
 BOND   =       334.2848  ANGLE   =       968.1682  DIHED      =      2149.6786
 1-4 NB =       441.0620  1-4 EEL =      6203.7522  VDWAALS    =      6632.0133
 EELEC  =    -72035.8876  EHBOND  =         0.0000  RESTRAINT  =       136.1115
 EAMBER (non-restraint)  =    -55306.9284
 EKCMT  =      4810.9399  VIRIAL  =      4519.3825  VOLUME     =    181452.6669
                                                    Density    =         1.0256
 ------------------------------------------------------------------------------


 NSTEP =     9500   TIME(PS) =     503.000  TEMP(K) =   300.02  PRESS =   -48.1
 Etot   =    -43934.5793  EKtot   =     11197.0449  EPtot      =    -55131.6242
 BOND   =       360.4608  ANGLE   =       907.4374  DIHED      =      2153.3605
 1-4 NB =       445.3602  1-4 EEL =      6211.9490  VDWAALS    =      6472.8677
 EELEC  =    -71804.6861  EHBOND  =         0.0000  RESTRAINT  =       121.6264
 EAMBER (non-restraint)  =    -55253.2506
 EKCMT  =      4862.4888  VIRIAL  =      5051.3018  VOLUME     =    181637.3631
                                                    Density    =         1.0246
 ------------------------------------------------------------------------------


 NSTEP =    10000   TIME(PS) =     504.000  TEMP(K) =   299.05  PRESS =  -143.9
 Etot   =    -43823.4284  EKtot   =     11161.1562  EPtot      =    -54984.5847
 BOND   =       336.1001  ANGLE   =       964.2982  DIHED      =      2139.0459
 1-4 NB =       448.8884  1-4 EEL =      6240.1352  VDWAALS    =      6648.7305
 EELEC  =    -71894.7956  EHBOND  =         0.0000  RESTRAINT  =       133.0126
 EAMBER (non-restraint)  =    -55117.5973
 EKCMT  =      4877.4664  VIRIAL  =      5443.1889  VOLUME     =    182089.7109
                                                    Density    =         1.0220
 ------------------------------------------------------------------------------


 NSTEP =    10500   TIME(PS) =     505.000  TEMP(K) =   300.47  PRESS =  -159.6
 Etot   =    -43773.1179  EKtot   =     11213.8770  EPtot      =    -54986.9948
 BOND   =       352.4986  ANGLE   =       971.3998  DIHED      =      2182.6117
 1-4 NB =       437.0929  1-4 EEL =      6232.9141  VDWAALS    =      6543.4790
 EELEC  =    -71818.2030  EHBOND  =         0.0000  RESTRAINT  =       111.2119
 EAMBER (non-restraint)  =    -55098.2068
 EKCMT  =      4915.8943  VIRIAL  =      5543.6259  VOLUME     =    182163.0140
                                                    Density    =         1.0216
 ------------------------------------------------------------------------------


 NSTEP =    11000   TIME(PS) =     506.000  TEMP(K) =   300.52  PRESS =   -85.1
 Etot   =    -43846.0839  EKtot   =     11215.7227  EPtot      =    -55061.8066
 BOND   =       318.1934  ANGLE   =       957.1915  DIHED      =      2147.4630
 1-4 NB =       469.3876  1-4 EEL =      6222.0405  VDWAALS    =      6430.3240
 EELEC  =    -71747.0231  EHBOND  =         0.0000  RESTRAINT  =       140.6164
 EAMBER (non-restraint)  =    -55202.4230
 EKCMT  =      4915.8226  VIRIAL  =      5250.2993  VOLUME     =    181935.1893
                                                    Density    =         1.0229
 ------------------------------------------------------------------------------


 NSTEP =    11500   TIME(PS) =     507.000  TEMP(K) =   299.13  PRESS =   -29.1
 Etot   =    -43791.7771  EKtot   =     11164.0332  EPtot      =    -54955.8103
 BOND   =       329.2104  ANGLE   =      1004.5366  DIHED      =      2149.7733
 1-4 NB =       438.2868  1-4 EEL =      6175.6720  VDWAALS    =      6577.1952
 EELEC  =    -71750.4289  EHBOND  =         0.0000  RESTRAINT  =       119.9443
 EAMBER (non-restraint)  =    -55075.7546
 EKCMT  =      4878.2198  VIRIAL  =      4992.4812  VOLUME     =    181906.2240
                                                    Density    =         1.0231
 ------------------------------------------------------------------------------


 NSTEP =    12000   TIME(PS) =     508.000  TEMP(K) =   300.73  PRESS =   -27.6
 Etot   =    -43733.0658  EKtot   =     11223.6445  EPtot      =    -54956.7103
 BOND   =       356.6948  ANGLE   =       989.7683  DIHED      =      2158.2686
 1-4 NB =       462.1140  1-4 EEL =      6222.9810  VDWAALS    =      6500.3662
 EELEC  =    -71774.9544  EHBOND  =         0.0000  RESTRAINT  =       128.0511
 EAMBER (non-restraint)  =    -55084.7614
 EKCMT  =      4928.1511  VIRIAL  =      5036.6255  VOLUME     =    181932.8421
                                                    Density    =         1.0229
 ------------------------------------------------------------------------------


 NSTEP =    12500   TIME(PS) =     509.000  TEMP(K) =   298.61  PRESS =     7.1
 Etot   =    -43845.4377  EKtot   =     11144.4434  EPtot      =    -54989.8811
 BOND   =       369.7939  ANGLE   =       975.5812  DIHED      =      2140.9601
 1-4 NB =       446.3951  1-4 EEL =      6218.1889  VDWAALS    =      6478.6935
 EELEC  =    -71749.6402  EHBOND  =         0.0000  RESTRAINT  =       130.1463
 EAMBER (non-restraint)  =    -55120.0274
 EKCMT  =      4833.1595  VIRIAL  =      4805.2692  VOLUME     =    181577.6407
                                                    Density    =         1.0249
 ------------------------------------------------------------------------------


 NSTEP =    13000   TIME(PS) =     510.000  TEMP(K) =   302.13  PRESS =    25.8
 Etot   =    -43931.8200  EKtot   =     11275.9600  EPtot      =    -55207.7800
 BOND   =       321.8158  ANGLE   =       975.3924  DIHED      =      2151.4392
 1-4 NB =       442.6017  1-4 EEL =      6223.2456  VDWAALS    =      6599.4836
 EELEC  =    -72048.6612  EHBOND  =         0.0000  RESTRAINT  =       126.9028
 EAMBER (non-restraint)  =    -55334.6828
 EKCMT  =      4894.3789  VIRIAL  =      4793.2344  VOLUME     =    181450.6812
                                                    Density    =         1.0256
 ------------------------------------------------------------------------------


 NSTEP =    13500   TIME(PS) =     511.000  TEMP(K) =   302.81  PRESS =   -58.1
 Etot   =    -43733.6694  EKtot   =     11301.1211  EPtot      =    -55034.7904
 BOND   =       340.0996  ANGLE   =       946.5519  DIHED      =      2188.1329
 1-4 NB =       443.1327  1-4 EEL =      6207.1692  VDWAALS    =      6624.1124
 EELEC  =    -71916.9601  EHBOND  =         0.0000  RESTRAINT  =       132.9710
 EAMBER (non-restraint)  =    -55167.7615
 EKCMT  =      5028.2428  VIRIAL  =      5256.8458  VOLUME     =    182298.5810
                                                    Density    =         1.0209
 ------------------------------------------------------------------------------


 NSTEP =    14000   TIME(PS) =     512.000  TEMP(K) =   301.19  PRESS =  -142.3
 Etot   =    -43824.2108  EKtot   =     11240.9756  EPtot      =    -55065.1864
 BOND   =       344.8601  ANGLE   =       969.8449  DIHED      =      2170.8897
 1-4 NB =       446.0443  1-4 EEL =      6199.6389  VDWAALS    =      6620.4996
 EELEC  =    -71965.3915  EHBOND  =         0.0000  RESTRAINT  =       148.4276
 EAMBER (non-restraint)  =    -55213.6140
 EKCMT  =      4876.3328  VIRIAL  =      5436.9411  VOLUME     =    182498.6096
                                                    Density    =         1.0197
 ------------------------------------------------------------------------------


 NSTEP =    14500   TIME(PS) =     513.000  TEMP(K) =   298.14  PRESS =   186.1
 Etot   =    -44024.0711  EKtot   =     11126.8994  EPtot      =    -55150.9706
 BOND   =       378.9544  ANGLE   =       938.6274  DIHED      =      2137.7294
 1-4 NB =       442.0886  1-4 EEL =      6209.9589  VDWAALS    =      6612.5649
 EELEC  =    -71993.8823  EHBOND  =         0.0000  RESTRAINT  =       122.9881
 EAMBER (non-restraint)  =    -55273.9586
 EKCMT  =      4914.4397  VIRIAL  =      4181.7351  VOLUME     =    182389.7069
                                                    Density    =         1.0204
 ------------------------------------------------------------------------------


 NSTEP =    15000   TIME(PS) =     514.000  TEMP(K) =   299.57  PRESS =   138.6
 Etot   =    -43992.7669  EKtot   =     11180.3193  EPtot      =    -55173.0862
 BOND   =       331.3521  ANGLE   =       982.2158  DIHED      =      2140.3776
 1-4 NB =       451.1246  1-4 EEL =      6192.8063  VDWAALS    =      6781.1104
 EELEC  =    -72175.6699  EHBOND  =         0.0000  RESTRAINT  =       123.5968
 EAMBER (non-restraint)  =    -55296.6830
 EKCMT  =      4931.9651  VIRIAL  =      4385.4143  VOLUME     =    182603.6070
                                                    Density    =         1.0192
 ------------------------------------------------------------------------------


 NSTEP =    15500   TIME(PS) =     515.000  TEMP(K) =   301.61  PRESS =    35.1
 Etot   =    -43873.2205  EKtot   =     11256.4189  EPtot      =    -55129.6394
 BOND   =       335.5816  ANGLE   =       955.2411  DIHED      =      2162.2890
 1-4 NB =       431.3443  1-4 EEL =      6192.5986  VDWAALS    =      6594.1345
 EELEC  =    -71931.4874  EHBOND  =         0.0000  RESTRAINT  =       130.6589
 EAMBER (non-restraint)  =    -55260.2983
 EKCMT  =      5014.2844  VIRIAL  =      4876.3007  VOLUME     =    182161.4513
                                                    Density    =         1.0216
 ------------------------------------------------------------------------------


 NSTEP =    16000   TIME(PS) =     516.000  TEMP(K) =   298.51  PRESS =  -310.5
 Etot   =    -43816.0507  EKtot   =     11140.9443  EPtot      =    -54956.9950
 BOND   =       359.5667  ANGLE   =       958.7552  DIHED      =      2170.4784
 1-4 NB =       448.5663  1-4 EEL =      6216.2777  VDWAALS    =      6433.8077
 EELEC  =    -71664.7922  EHBOND  =         0.0000  RESTRAINT  =       120.3452
 EAMBER (non-restraint)  =    -55077.3402
 EKCMT  =      4948.0148  VIRIAL  =      6172.6137  VOLUME     =    182691.1968
                                                    Density    =         1.0187
 ------------------------------------------------------------------------------


 NSTEP =    16500   TIME(PS) =     517.000  TEMP(K) =   296.61  PRESS =  -166.2
 Etot   =    -44015.2706  EKtot   =     11070.0977  EPtot      =    -55085.3682
 BOND   =       345.6044  ANGLE   =       967.9444  DIHED      =      2144.8028
 1-4 NB =       448.1676  1-4 EEL =      6236.1938  VDWAALS    =      6544.8285
 EELEC  =    -71909.6296  EHBOND  =         0.0000  RESTRAINT  =       136.7198
 EAMBER (non-restraint)  =    -55222.0880
 EKCMT  =      4858.6469  VIRIAL  =      5514.5662  VOLUME     =    182838.1449
                                                    Density    =         1.0178
 ------------------------------------------------------------------------------


 NSTEP =    17000   TIME(PS) =     518.000  TEMP(K) =   301.79  PRESS =  -215.5
 Etot   =    -43801.0162  EKtot   =     11263.3594  EPtot      =    -55064.3755
 BOND   =       349.9907  ANGLE   =       980.1812  DIHED      =      2163.6165
 1-4 NB =       436.1307  1-4 EEL =      6196.8360  VDWAALS    =      6488.1516
 EELEC  =    -71795.1354  EHBOND  =         0.0000  RESTRAINT  =       115.8533
 EAMBER (non-restraint)  =    -55180.2288
 EKCMT  =      4962.2102  VIRIAL  =      5811.3081  VOLUME     =    182496.3437
                                                    Density    =         1.0198
 ------------------------------------------------------------------------------


 NSTEP =    17500   TIME(PS) =     519.000  TEMP(K) =   300.50  PRESS =   -49.4
 Etot   =    -43664.1078  EKtot   =     11215.2188  EPtot      =    -54879.3266
 BOND   =       362.7415  ANGLE   =      1005.0593  DIHED      =      2133.6889
 1-4 NB =       449.9906  1-4 EEL =      6220.9895  VDWAALS    =      6575.6486
 EELEC  =    -71763.6024  EHBOND  =         0.0000  RESTRAINT  =       136.1574
 EAMBER (non-restraint)  =    -55015.4840
 EKCMT  =      4904.2539  VIRIAL  =      5099.1660  VOLUME     =    182719.2347
                                                    Density    =         1.0185
 ------------------------------------------------------------------------------


 NSTEP =    18000   TIME(PS) =     520.000  TEMP(K) =   295.66  PRESS =    56.9
 Etot   =    -44101.5098  EKtot   =     11034.3936  EPtot      =    -55135.9033
 BOND   =       337.9440  ANGLE   =       952.6327  DIHED      =      2134.5832
 1-4 NB =       447.7534  1-4 EEL =      6240.3214  VDWAALS    =      6686.1677
 EELEC  =    -72065.1547  EHBOND  =         0.0000  RESTRAINT  =       129.8490
 EAMBER (non-restraint)  =    -55265.7523
 EKCMT  =      4809.6568  VIRIAL  =      4585.3166  VOLUME     =    182496.8074
                                                    Density    =         1.0198
 ------------------------------------------------------------------------------


 NSTEP =    18500   TIME(PS) =     521.000  TEMP(K) =   299.29  PRESS =   142.1
 Etot   =    -43872.2584  EKtot   =     11169.8154  EPtot      =    -55042.0738
 BOND   =       343.0554  ANGLE   =      1001.6694  DIHED      =      2147.3205
 1-4 NB =       441.5993  1-4 EEL =      6188.7690  VDWAALS    =      6657.0126
 EELEC  =    -71943.6214  EHBOND  =         0.0000  RESTRAINT  =       122.1214
 EAMBER (non-restraint)  =    -55164.1952
 EKCMT  =      4885.2146  VIRIAL  =      4324.9902  VOLUME     =    182534.7181
                                                    Density    =         1.0195
 ------------------------------------------------------------------------------


 NSTEP =    19000   TIME(PS) =     522.000  TEMP(K) =   300.06  PRESS =  -170.1
 Etot   =    -43650.1701  EKtot   =     11198.8125  EPtot      =    -54848.9826
 BOND   =       342.7719  ANGLE   =       938.8102  DIHED      =      2145.4124
 1-4 NB =       437.0323  1-4 EEL =      6231.5053  VDWAALS    =      6372.6641
 EELEC  =    -71443.8484  EHBOND  =         0.0000  RESTRAINT  =       126.6695
 EAMBER (non-restraint)  =    -54975.6521
 EKCMT  =      4906.3452  VIRIAL  =      5577.7917  VOLUME     =    182845.9906
                                                    Density    =         1.0178
 ------------------------------------------------------------------------------


 NSTEP =    19500   TIME(PS) =     523.000  TEMP(K) =   300.48  PRESS =    10.2
 Etot   =    -43849.2052  EKtot   =     11214.2598  EPtot      =    -55063.4649
 BOND   =       340.5036  ANGLE   =      1004.6284  DIHED      =      2147.2085
 1-4 NB =       440.5148  1-4 EEL =      6219.4719  VDWAALS    =      6600.8928
 EELEC  =    -71936.0179  EHBOND  =         0.0000  RESTRAINT  =       119.3330
 EAMBER (non-restraint)  =    -55182.7979
 EKCMT  =      4881.1814  VIRIAL  =      4840.8167  VOLUME     =    182478.3178
                                                    Density    =         1.0199
 ------------------------------------------------------------------------------


 NSTEP =    20000   TIME(PS) =     524.000  TEMP(K) =   302.05  PRESS =   203.4
 Etot   =    -43909.4897  EKtot   =     11273.0010  EPtot      =    -55182.4907
 BOND   =       331.7384  ANGLE   =       985.4124  DIHED      =      2141.5008
 1-4 NB =       438.9356  1-4 EEL =      6235.4766  VDWAALS    =      6488.7941
 EELEC  =    -71926.8751  EHBOND  =         0.0000  RESTRAINT  =       122.5265
 EAMBER (non-restraint)  =    -55305.0171
 EKCMT  =      4943.0456  VIRIAL  =      4144.3338  VOLUME     =    181893.5480
                                                    Density    =         1.0231
 ------------------------------------------------------------------------------


 NSTEP =    20500   TIME(PS) =     525.000  TEMP(K) =   299.36  PRESS =  -100.3
 Etot   =    -43737.4299  EKtot   =     11172.6357  EPtot      =    -54910.0656
 BOND   =       328.3048  ANGLE   =       995.9794  DIHED      =      2173.3873
 1-4 NB =       452.4601  1-4 EEL =      6180.5387  VDWAALS    =      6461.1079
 EELEC  =    -71629.1640  EHBOND  =         0.0000  RESTRAINT  =       127.3203
 EAMBER (non-restraint)  =    -55037.3859
 EKCMT  =      4990.4942  VIRIAL  =      5384.5719  VOLUME     =    181992.9893
                                                    Density    =         1.0226
 ------------------------------------------------------------------------------


 NSTEP =    21000   TIME(PS) =     526.000  TEMP(K) =   300.57  PRESS =   297.0
 Etot   =    -43775.0166  EKtot   =     11217.5713  EPtot      =    -54992.5879
 BOND   =       342.8674  ANGLE   =       966.4810  DIHED      =      2134.7938
 1-4 NB =       442.7061  1-4 EEL =      6213.2719  VDWAALS    =      6615.5467
 EELEC  =    -71824.0007  EHBOND  =         0.0000  RESTRAINT  =       115.7460
 EAMBER (non-restraint)  =    -55108.3339
 EKCMT  =      4887.3765  VIRIAL  =      3720.1949  VOLUME     =    182038.4545
                                                    Density    =         1.0223
 ------------------------------------------------------------------------------


 NSTEP =    21500   TIME(PS) =     527.000  TEMP(K) =   305.65  PRESS =   -38.2
 Etot   =    -43871.6754  EKtot   =     11407.1914  EPtot      =    -55278.8668
 BOND   =       335.7871  ANGLE   =       967.3338  DIHED      =      2153.1708
 1-4 NB =       441.8892  1-4 EEL =      6181.4463  VDWAALS    =      6527.8746
 EELEC  =    -72005.8942  EHBOND  =         0.0000  RESTRAINT  =       119.5257
 EAMBER (non-restraint)  =    -55398.3925
 EKCMT  =      5033.1589  VIRIAL  =      5183.0606  VOLUME     =    181742.2222
                                                    Density    =         1.0240
 ------------------------------------------------------------------------------


 NSTEP =    22000   TIME(PS) =     528.000  TEMP(K) =   295.62  PRESS =   -71.4
 Etot   =    -44022.1655  EKtot   =     11032.8975  EPtot      =    -55055.0630
 BOND   =       337.5464  ANGLE   =       986.1313  DIHED      =      2129.5247
 1-4 NB =       440.8502  1-4 EEL =      6196.2810  VDWAALS    =      6391.6016
 EELEC  =    -71664.9884  EHBOND  =         0.0000  RESTRAINT  =       127.9903
 EAMBER (non-restraint)  =    -55183.0533
 EKCMT  =      4783.1827  VIRIAL  =      5063.3573  VOLUME     =    181860.0310
                                                    Density    =         1.0233
 ------------------------------------------------------------------------------


 NSTEP =    22500   TIME(PS) =     529.000  TEMP(K) =   299.75  PRESS =   232.1
 Etot   =    -43854.9593  EKtot   =     11186.9492  EPtot      =    -55041.9085
 BOND   =       371.1607  ANGLE   =       986.5721  DIHED      =      2147.5754
 1-4 NB =       449.1281  1-4 EEL =      6218.1453  VDWAALS    =      6656.3010
 EELEC  =    -71996.0072  EHBOND  =         0.0000  RESTRAINT  =       125.2160
 EAMBER (non-restraint)  =    -55167.1245
 EKCMT  =      4828.3307  VIRIAL  =      3916.0493  VOLUME     =    182079.7050
                                                    Density    =         1.0221
 ------------------------------------------------------------------------------


 NSTEP =    23000   TIME(PS) =     530.000  TEMP(K) =   303.41  PRESS =   137.8
 Etot   =    -43665.7612  EKtot   =     11323.7305  EPtot      =    -54989.4917
 BOND   =       352.8284  ANGLE   =       986.0975  DIHED      =      2145.6475
 1-4 NB =       446.5630  1-4 EEL =      6201.6887  VDWAALS    =      6700.7464
 EELEC  =    -71951.1471  EHBOND  =         0.0000  RESTRAINT  =       128.0838
 EAMBER (non-restraint)  =    -55117.5755
 EKCMT  =      4998.7373  VIRIAL  =      4456.0863  VOLUME     =    182345.0948
                                                    Density    =         1.0206
 ------------------------------------------------------------------------------


 NSTEP =    23500   TIME(PS) =     531.000  TEMP(K) =   301.32  PRESS =  -132.5
 Etot   =    -43983.6134  EKtot   =     11245.5293  EPtot      =    -55229.1427
 BOND   =       354.7032  ANGLE   =       979.3743  DIHED      =      2162.3176
 1-4 NB =       436.4509  1-4 EEL =      6213.3661  VDWAALS    =      6543.9238
 EELEC  =    -72048.2579  EHBOND  =         0.0000  RESTRAINT  =       128.9792
 EAMBER (non-restraint)  =    -55358.1220
 EKCMT  =      4949.6475  VIRIAL  =      5470.4365  VOLUME     =    182059.0905
                                                    Density    =         1.0222
 ------------------------------------------------------------------------------


 NSTEP =    24000   TIME(PS) =     532.000  TEMP(K) =   299.95  PRESS =   266.4
 Etot   =    -43815.4316  EKtot   =     11194.6621  EPtot      =    -55010.0937
 BOND   =       366.9312  ANGLE   =       986.2005  DIHED      =      2140.9786
 1-4 NB =       453.6629  1-4 EEL =      6207.2528  VDWAALS    =      6698.1017
 EELEC  =    -72002.0503  EHBOND  =         0.0000  RESTRAINT  =       138.8289
 EAMBER (non-restraint)  =    -55148.9226
 EKCMT  =      4847.1286  VIRIAL  =      3800.0328  VOLUME     =    182061.2220
                                                    Density    =         1.0222
 ------------------------------------------------------------------------------


 NSTEP =    24500   TIME(PS) =     533.000  TEMP(K) =   298.37  PRESS =  -279.8
 Etot   =    -43965.7401  EKtot   =     11135.7754  EPtot      =    -55101.5155
 BOND   =       314.1617  ANGLE   =       969.8143  DIHED      =      2162.6268
 1-4 NB =       457.5500  1-4 EEL =      6235.3565  VDWAALS    =      6416.9880
 EELEC  =    -71785.7737  EHBOND  =         0.0000  RESTRAINT  =       127.7609
 EAMBER (non-restraint)  =    -55229.2764
 EKCMT  =      4838.2570  VIRIAL  =      5938.5065  VOLUME     =    182094.9364
                                                    Density    =         1.0220
 ------------------------------------------------------------------------------


 NSTEP =    25000   TIME(PS) =     534.000  TEMP(K) =   301.74  PRESS =   233.7
 Etot   =    -43858.8224  EKtot   =     11261.1904  EPtot      =    -55120.0129
 BOND   =       364.8938  ANGLE   =       982.9783  DIHED      =      2143.1192
 1-4 NB =       442.2538  1-4 EEL =      6175.4205  VDWAALS    =      6787.1313
 EELEC  =    -72147.2576  EHBOND  =         0.0000  RESTRAINT  =       131.4478
 EAMBER (non-restraint)  =    -55251.4607
 EKCMT  =      4982.6272  VIRIAL  =      4064.6729  VOLUME     =    181958.8035
                                                    Density    =         1.0228
 ------------------------------------------------------------------------------


 NSTEP =    25500   TIME(PS) =     535.000  TEMP(K) =   295.03  PRESS =   115.5
 Etot   =    -44007.8706  EKtot   =     11010.8545  EPtot      =    -55018.7251
 BOND   =       324.1994  ANGLE   =       993.5495  DIHED      =      2150.1281
 1-4 NB =       444.9944  1-4 EEL =      6211.9352  VDWAALS    =      6726.4407
 EELEC  =    -71998.1309  EHBOND  =         0.0000  RESTRAINT  =       128.1584
 EAMBER (non-restraint)  =    -55146.8835
 EKCMT  =      4772.7279  VIRIAL  =      4318.5123  VOLUME     =    182076.9932
                                                    Density    =         1.0221
 ------------------------------------------------------------------------------


 NSTEP =    26000   TIME(PS) =     536.000  TEMP(K) =   302.15  PRESS =   234.1
 Etot   =    -43807.8450  EKtot   =     11276.6357  EPtot      =    -55084.4807
 BOND   =       323.6216  ANGLE   =       989.5240  DIHED      =      2157.3517
 1-4 NB =       439.4381  1-4 EEL =      6236.0135  VDWAALS    =      6735.8011
 EELEC  =    -72094.0243  EHBOND  =         0.0000  RESTRAINT  =       127.7937
 EAMBER (non-restraint)  =    -55212.2745
 EKCMT  =      4849.6926  VIRIAL  =      3929.6135  VOLUME     =    182040.4913
                                                    Density    =         1.0223
 ------------------------------------------------------------------------------


 NSTEP =    26500   TIME(PS) =     537.000  TEMP(K) =   304.21  PRESS =  -309.8
 Etot   =    -43791.9760  EKtot   =     11353.3828  EPtot      =    -55145.3588
 BOND   =       333.8642  ANGLE   =       901.9451  DIHED      =      2123.1557
 1-4 NB =       455.4490  1-4 EEL =      6231.2368  VDWAALS    =      6452.9249
 EELEC  =    -71764.1465  EHBOND  =         0.0000  RESTRAINT  =       120.2120
 EAMBER (non-restraint)  =    -55265.5708
 EKCMT  =      4994.8425  VIRIAL  =      6210.9505  VOLUME     =    181827.1882
                                                    Density    =         1.0235
 ------------------------------------------------------------------------------


 NSTEP =    27000   TIME(PS) =     538.000  TEMP(K) =   301.17  PRESS =   -13.2
 Etot   =    -43772.4055  EKtot   =     11239.9971  EPtot      =    -55012.4026
 BOND   =       333.6794  ANGLE   =       970.1935  DIHED      =      2146.3408
 1-4 NB =       453.0082  1-4 EEL =      6204.8621  VDWAALS    =      6552.9261
 EELEC  =    -71797.4677  EHBOND  =         0.0000  RESTRAINT  =       124.0549
 EAMBER (non-restraint)  =    -55136.4575
 EKCMT  =      4916.6172  VIRIAL  =      4968.3720  VOLUME     =    181903.1735
                                                    Density    =         1.0231
 ------------------------------------------------------------------------------


 NSTEP =    27500   TIME(PS) =     539.000  TEMP(K) =   300.49  PRESS =   156.3
 Etot   =    -43846.9598  EKtot   =     11214.5654  EPtot      =    -55061.5252
 BOND   =       341.6583  ANGLE   =       948.3368  DIHED      =      2154.7496
 1-4 NB =       454.9427  1-4 EEL =      6222.3458  VDWAALS    =      6622.8627
 EELEC  =    -71934.1374  EHBOND  =         0.0000  RESTRAINT  =       127.7162
 EAMBER (non-restraint)  =    -55189.2414
 EKCMT  =      4917.8667  VIRIAL  =      4303.2139  VOLUME     =    182104.2183
                                                    Density    =         1.0220
 ------------------------------------------------------------------------------


 NSTEP =    28000   TIME(PS) =     540.000  TEMP(K) =   300.41  PRESS =   -19.1
 Etot   =    -43881.5536  EKtot   =     11211.9092  EPtot      =    -55093.4628
 BOND   =       348.0388  ANGLE   =       954.1579  DIHED      =      2145.0801
 1-4 NB =       445.7612  1-4 EEL =      6229.8982  VDWAALS    =      6602.4228
 EELEC  =    -71953.9226  EHBOND  =         0.0000  RESTRAINT  =       135.1007
 EAMBER (non-restraint)  =    -55228.5635
 EKCMT  =      4840.1320  VIRIAL  =      4915.2303  VOLUME     =    181904.2822
                                                    Density    =         1.0231
 ------------------------------------------------------------------------------


 NSTEP =    28500   TIME(PS) =     541.000  TEMP(K) =   300.02  PRESS =   -52.2
 Etot   =    -43737.5701  EKtot   =     11197.1240  EPtot      =    -54934.6941
 BOND   =       341.0916  ANGLE   =       964.5513  DIHED      =      2146.4303
 1-4 NB =       434.6038  1-4 EEL =      6204.5584  VDWAALS    =      6550.7512
 EELEC  =    -71713.0607  EHBOND  =         0.0000  RESTRAINT  =       136.3801
 EAMBER (non-restraint)  =    -55071.0741
 EKCMT  =      4931.1118  VIRIAL  =      5136.4986  VOLUME     =    182337.6921
                                                    Density    =         1.0206
 ------------------------------------------------------------------------------


 NSTEP =    29000   TIME(PS) =     542.000  TEMP(K) =   301.01  PRESS =   -41.1
 Etot   =    -43897.9845  EKtot   =     11234.0488  EPtot      =    -55132.0333
 BOND   =       311.8827  ANGLE   =       957.1406  DIHED      =      2124.9206
 1-4 NB =       458.7726  1-4 EEL =      6174.3288  VDWAALS    =      6617.3063
 EELEC  =    -71913.3302  EHBOND  =         0.0000  RESTRAINT  =       136.9452
 EAMBER (non-restraint)  =    -55268.9785
 EKCMT  =      4960.5237  VIRIAL  =      5122.2851  VOLUME     =    182219.7201
                                                    Density    =         1.0213
 ------------------------------------------------------------------------------


 NSTEP =    29500   TIME(PS) =     543.000  TEMP(K) =   298.84  PRESS =    98.3
 Etot   =    -44221.5390  EKtot   =     11153.2480  EPtot      =    -55374.7871
 BOND   =       341.2118  ANGLE   =       958.6820  DIHED      =      2161.9453
 1-4 NB =       443.4036  1-4 EEL =      6188.2076  VDWAALS    =      6719.6310
 EELEC  =    -72306.0200  EHBOND  =         0.0000  RESTRAINT  =       118.1515
 EAMBER (non-restraint)  =    -55492.9386
 EKCMT  =      4885.6021  VIRIAL  =      4497.7707  VOLUME     =    182669.6746
                                                    Density    =         1.0188
 ------------------------------------------------------------------------------


 NSTEP =    30000   TIME(PS) =     544.000  TEMP(K) =   296.28  PRESS =   190.7
 Etot   =    -43910.2942  EKtot   =     11057.5186  EPtot      =    -54967.8128
 BOND   =       345.5632  ANGLE   =       965.5842  DIHED      =      2152.9506
 1-4 NB =       436.6607  1-4 EEL =      6173.8762  VDWAALS    =      6708.7248
 EELEC  =    -71874.5985  EHBOND  =         0.0000  RESTRAINT  =       123.4262
 EAMBER (non-restraint)  =    -55091.2389
 EKCMT  =      4870.5337  VIRIAL  =      4116.2317  VOLUME     =    183209.7793
                                                    Density    =         1.0158
 ------------------------------------------------------------------------------


 NSTEP =    30500   TIME(PS) =     545.000  TEMP(K) =   299.85  PRESS =    18.9
 Etot   =    -43925.2623  EKtot   =     11190.9248  EPtot      =    -55116.1871
 BOND   =       349.2038  ANGLE   =       956.2397  DIHED      =      2148.4192
 1-4 NB =       442.1831  1-4 EEL =      6190.3349  VDWAALS    =      6712.0760
 EELEC  =    -72041.7724  EHBOND  =         0.0000  RESTRAINT  =       127.1287
 EAMBER (non-restraint)  =    -55243.3158
 EKCMT  =      4887.4753  VIRIAL  =      4812.9385  VOLUME     =    182764.6011
                                                    Density    =         1.0183
 ------------------------------------------------------------------------------


 NSTEP =    31000   TIME(PS) =     546.000  TEMP(K) =   296.59  PRESS =  -150.0
 Etot   =    -44065.9582  EKtot   =     11069.0557  EPtot      =    -55135.0139
 BOND   =       346.4672  ANGLE   =       942.1547  DIHED      =      2155.9538
 1-4 NB =       442.1173  1-4 EEL =      6182.4110  VDWAALS    =      6515.0088
 EELEC  =    -71837.9884  EHBOND  =         0.0000  RESTRAINT  =       118.8617
 EAMBER (non-restraint)  =    -55253.8756
 EKCMT  =      4884.7551  VIRIAL  =      5474.5491  VOLUME     =    182160.7763
                                                    Density    =         1.0216
 ------------------------------------------------------------------------------


 NSTEP =    31500   TIME(PS) =     547.000  TEMP(K) =   299.62  PRESS =   -74.8
 Etot   =    -44128.4597  EKtot   =     11182.1484  EPtot      =    -55310.6081
 BOND   =       339.8488  ANGLE   =       934.8318  DIHED      =      2147.3480
 1-4 NB =       430.1828  1-4 EEL =      6178.7167  VDWAALS    =      6546.1165
 EELEC  =    -72018.5136  EHBOND  =         0.0000  RESTRAINT  =       130.8610
 EAMBER (non-restraint)  =    -55441.4690
 EKCMT  =      4894.0631  VIRIAL  =      5186.8726  VOLUME     =    181402.6183
                                                    Density    =         1.0259
 ------------------------------------------------------------------------------


 NSTEP =    32000   TIME(PS) =     548.000  TEMP(K) =   306.12  PRESS =    49.7
 Etot   =    -43595.1559  EKtot   =     11424.9971  EPtot      =    -55020.1529
 BOND   =       368.2723  ANGLE   =       966.5602  DIHED      =      2156.7119
 1-4 NB =       450.7083  1-4 EEL =      6202.3142  VDWAALS    =      6606.9312
 EELEC  =    -71904.7665  EHBOND  =         0.0000  RESTRAINT  =       133.1153
 EAMBER (non-restraint)  =    -55153.2683
 EKCMT  =      4954.2261  VIRIAL  =      4759.0637  VOLUME     =    181892.2801
                                                    Density    =         1.0231
 ------------------------------------------------------------------------------


 NSTEP =    32500   TIME(PS) =     549.000  TEMP(K) =   300.99  PRESS =    45.2
 Etot   =    -43914.5994  EKtot   =     11233.2842  EPtot      =    -55147.8836
 BOND   =       337.5807  ANGLE   =       995.3996  DIHED      =      2136.1088
 1-4 NB =       455.6285  1-4 EEL =      6163.6878  VDWAALS    =      6639.3971
 EELEC  =    -72010.2023  EHBOND  =         0.0000  RESTRAINT  =       134.5162
 EAMBER (non-restraint)  =    -55282.3998
 EKCMT  =      4936.6394  VIRIAL  =      4759.3623  VOLUME     =    181773.6130
                                                    Density    =         1.0238
 ------------------------------------------------------------------------------


 NSTEP =    33000   TIME(PS) =     550.000  TEMP(K) =   298.56  PRESS =    33.6
 Etot   =    -43983.9609  EKtot   =     11142.6855  EPtot      =    -55126.6464
 BOND   =       343.2378  ANGLE   =       936.6938  DIHED      =      2155.6966
 1-4 NB =       447.4524  1-4 EEL =      6197.0852  VDWAALS    =      6686.0108
 EELEC  =    -72019.1313  EHBOND  =         0.0000  RESTRAINT  =       126.3084
 EAMBER (non-restraint)  =    -55252.9548
 EKCMT  =      4774.6053  VIRIAL  =      4642.1849  VOLUME     =    182313.7586
                                                    Density    =         1.0208
 ------------------------------------------------------------------------------


 NSTEP =    33500   TIME(PS) =     551.000  TEMP(K) =   302.31  PRESS =   -99.2
 Etot   =    -43660.6536  EKtot   =     11282.4648  EPtot      =    -54943.1185
 BOND   =       342.7857  ANGLE   =       987.3641  DIHED      =      2164.3938
 1-4 NB =       439.4453  1-4 EEL =      6195.1348  VDWAALS    =      6580.8713
 EELEC  =    -71773.0064  EHBOND  =         0.0000  RESTRAINT  =       119.8928
 EAMBER (non-restraint)  =    -55063.0113
 EKCMT  =      4971.2634  VIRIAL  =      5361.4874  VOLUME     =    182257.3145
                                                    Density    =         1.0211
 ------------------------------------------------------------------------------


 NSTEP =    34000   TIME(PS) =     552.000  TEMP(K) =   299.20  PRESS =    11.6
 Etot   =    -44051.6216  EKtot   =     11166.4648  EPtot      =    -55218.0864
 BOND   =       353.4013  ANGLE   =      1025.3851  DIHED      =      2147.5129
 1-4 NB =       447.7752  1-4 EEL =      6178.6160  VDWAALS    =      6683.6069
 EELEC  =    -72172.8341  EHBOND  =         0.0000  RESTRAINT  =       118.4503
 EAMBER (non-restraint)  =    -55336.5367
 EKCMT  =      4922.0010  VIRIAL  =      4876.4533  VOLUME     =    182262.5463
                                                    Density    =         1.0211
 ------------------------------------------------------------------------------


 NSTEP =    34500   TIME(PS) =     553.000  TEMP(K) =   299.55  PRESS =  -177.6
 Etot   =    -44091.2042  EKtot   =     11179.5879  EPtot      =    -55270.7921
 BOND   =       356.3626  ANGLE   =       977.9175  DIHED      =      2148.3099
 1-4 NB =       454.8838  1-4 EEL =      6200.9779  VDWAALS    =      6554.9813
 EELEC  =    -72086.9461  EHBOND  =         0.0000  RESTRAINT  =       122.7210
 EAMBER (non-restraint)  =    -55393.5131
 EKCMT  =      4894.9695  VIRIAL  =      5591.0618  VOLUME     =    181567.0012
                                                    Density    =         1.0250
 ------------------------------------------------------------------------------


 NSTEP =    35000   TIME(PS) =     554.000  TEMP(K) =   302.95  PRESS =   135.1
 Etot   =    -43818.2774  EKtot   =     11306.3857  EPtot      =    -55124.6632
 BOND   =       348.2600  ANGLE   =       976.6828  DIHED      =      2181.3554
 1-4 NB =       450.7273  1-4 EEL =      6213.7465  VDWAALS    =      6587.9894
 EELEC  =    -72010.1360  EHBOND  =         0.0000  RESTRAINT  =       126.7115
 EAMBER (non-restraint)  =    -55251.3746
 EKCMT  =      4938.4905  VIRIAL  =      4408.1131  VOLUME     =    181875.4206
                                                    Density    =         1.0232
 ------------------------------------------------------------------------------


 NSTEP =    35500   TIME(PS) =     555.000  TEMP(K) =   301.16  PRESS =     5.7
 Etot   =    -43937.3255  EKtot   =     11239.5439  EPtot      =    -55176.8694
 BOND   =       345.0049  ANGLE   =       940.1648  DIHED      =      2150.4070
 1-4 NB =       454.8220  1-4 EEL =      6170.2846  VDWAALS    =      6598.7307
 EELEC  =    -71963.8663  EHBOND  =         0.0000  RESTRAINT  =       127.5829
 EAMBER (non-restraint)  =    -55304.4523
 EKCMT  =      4970.7398  VIRIAL  =      4948.1895  VOLUME     =    182238.5263
                                                    Density    =         1.0212
 ------------------------------------------------------------------------------


 NSTEP =    36000   TIME(PS) =     556.000  TEMP(K) =   301.84  PRESS =    36.1
 Etot   =    -43840.7910  EKtot   =     11265.0557  EPtot      =    -55105.8467
 BOND   =       335.6070  ANGLE   =       940.6148  DIHED      =      2176.5035
 1-4 NB =       431.3328  1-4 EEL =      6160.4290  VDWAALS    =      6730.8168
 EELEC  =    -72014.7346  EHBOND  =         0.0000  RESTRAINT  =       133.5840
 EAMBER (non-restraint)  =    -55239.4307
 EKCMT  =      4887.6284  VIRIAL  =      4744.8744  VOLUME     =    182930.0460
                                                    Density    =         1.0173
 ------------------------------------------------------------------------------


 NSTEP =    36500   TIME(PS) =     557.000  TEMP(K) =   297.52  PRESS =  -160.9
 Etot   =    -43942.1078  EKtot   =     11103.8887  EPtot      =    -55045.9965
 BOND   =       361.5507  ANGLE   =       961.8933  DIHED      =      2145.0702
 1-4 NB =       454.7583  1-4 EEL =      6191.3190  VDWAALS    =      6545.3469
 EELEC  =    -71836.5497  EHBOND  =         0.0000  RESTRAINT  =       130.6147
 EAMBER (non-restraint)  =    -55176.6112
 EKCMT  =      4881.5739  VIRIAL  =      5514.9916  VOLUME     =    182327.3332
                                                    Density    =         1.0207
 ------------------------------------------------------------------------------


 NSTEP =    37000   TIME(PS) =     558.000  TEMP(K) =   303.99  PRESS =    -5.3
 Etot   =    -43695.7988  EKtot   =     11345.2666  EPtot      =    -55041.0654
 BOND   =       368.7583  ANGLE   =       984.5853  DIHED      =      2153.0838
 1-4 NB =       439.2503  1-4 EEL =      6231.8849  VDWAALS    =      6640.6595
 EELEC  =    -71985.1325  EHBOND  =         0.0000  RESTRAINT  =       125.8450
 EAMBER (non-restraint)  =    -55166.9103
 EKCMT  =      4931.1004  VIRIAL  =      4951.9453  VOLUME     =    182376.9389
                                                    Density    =         1.0204
 ------------------------------------------------------------------------------


 NSTEP =    37500   TIME(PS) =     559.000  TEMP(K) =   301.63  PRESS =   -82.2
 Etot   =    -43920.0415  EKtot   =     11257.3730  EPtot      =    -55177.4146
 BOND   =       337.4673  ANGLE   =       974.1527  DIHED      =      2163.1114
 1-4 NB =       443.1873  1-4 EEL =      6203.7812  VDWAALS    =      6589.9402
 EELEC  =    -72025.2898  EHBOND  =         0.0000  RESTRAINT  =       136.2351
 EAMBER (non-restraint)  =    -55313.6497
 EKCMT  =      4885.0035  VIRIAL  =      5208.2206  VOLUME     =    182078.7164
                                                    Density    =         1.0221
 ------------------------------------------------------------------------------


 NSTEP =    38000   TIME(PS) =     560.000  TEMP(K) =   301.70  PRESS =    34.0
 Etot   =    -43882.3815  EKtot   =     11259.8164  EPtot      =    -55142.1979
 BOND   =       348.7540  ANGLE   =       960.4430  DIHED      =      2145.7554
 1-4 NB =       452.5620  1-4 EEL =      6219.5412  VDWAALS    =      6692.0688
 EELEC  =    -72089.9866  EHBOND  =         0.0000  RESTRAINT  =       128.6642
 EAMBER (non-restraint)  =    -55270.8621
 EKCMT  =      4860.9785  VIRIAL  =      4727.3188  VOLUME     =    181991.3146
                                                    Density    =         1.0226
 ------------------------------------------------------------------------------


 NSTEP =    38500   TIME(PS) =     561.000  TEMP(K) =   301.42  PRESS =   -91.7
 Etot   =    -43947.5077  EKtot   =     11249.5107  EPtot      =    -55197.0184
 BOND   =       369.1679  ANGLE   =       949.4718  DIHED      =      2173.7975
 1-4 NB =       438.2290  1-4 EEL =      6174.2490  VDWAALS    =      6463.4859
 EELEC  =    -71896.5282  EHBOND  =         0.0000  RESTRAINT  =       131.1088
 EAMBER (non-restraint)  =    -55328.1272
 EKCMT  =      4969.1270  VIRIAL  =      5329.5495  VOLUME     =    182050.3813
                                                    Density    =         1.0223
 ------------------------------------------------------------------------------


 NSTEP =    39000   TIME(PS) =     562.000  TEMP(K) =   301.50  PRESS =   110.4
 Etot   =    -43853.6607  EKtot   =     11252.3926  EPtot      =    -55106.0533
 BOND   =       330.4039  ANGLE   =       971.4370  DIHED      =      2166.1409
 1-4 NB =       440.8742  1-4 EEL =      6180.5468  VDWAALS    =      6655.3376
 EELEC  =    -71981.1177  EHBOND  =         0.0000  RESTRAINT  =       130.3241
 EAMBER (non-restraint)  =    -55236.3774
 EKCMT  =      4943.8834  VIRIAL  =      4509.0962  VOLUME     =    182428.5895
                                                    Density    =         1.0201
 ------------------------------------------------------------------------------


 NSTEP =    39500   TIME(PS) =     563.000  TEMP(K) =   301.62  PRESS =   292.4
 Etot   =    -43703.2747  EKtot   =     11256.8320  EPtot      =    -54960.1067
 BOND   =       332.3094  ANGLE   =       995.8026  DIHED      =      2161.1828
 1-4 NB =       442.1380  1-4 EEL =      6177.2591  VDWAALS    =      6624.8573
 EELEC  =    -71814.5121  EHBOND  =         0.0000  RESTRAINT  =       120.8562
 EAMBER (non-restraint)  =    -55080.9629
 EKCMT  =      4921.0716  VIRIAL  =      3768.7138  VOLUME     =    182533.3165
                                                    Density    =         1.0195
 ------------------------------------------------------------------------------


 NSTEP =    40000   TIME(PS) =     564.000  TEMP(K) =   302.87  PRESS =  -230.3
 Etot   =    -43739.4533  EKtot   =     11303.7285  EPtot      =    -55043.1818
 BOND   =       331.2333  ANGLE   =      1001.3837  DIHED      =      2146.6783
 1-4 NB =       451.8644  1-4 EEL =      6204.2555  VDWAALS    =      6435.6667
 EELEC  =    -71746.1710  EHBOND  =         0.0000  RESTRAINT  =       131.9073
 EAMBER (non-restraint)  =    -55175.0890
 EKCMT  =      4946.9380  VIRIAL  =      5851.8979  VOLUME     =    181974.9839
                                                    Density    =         1.0227
 ------------------------------------------------------------------------------


 NSTEP =    40500   TIME(PS) =     565.000  TEMP(K) =   302.24  PRESS =    16.9
 Etot   =    -43776.0754  EKtot   =     11279.9912  EPtot      =    -55056.0667
 BOND   =       362.4296  ANGLE   =       981.2709  DIHED      =      2147.9047
 1-4 NB =       438.5794  1-4 EEL =      6187.0000  VDWAALS    =      6515.8548
 EELEC  =    -71817.1135  EHBOND  =         0.0000  RESTRAINT  =       128.0075
 EAMBER (non-restraint)  =    -55184.0741
 EKCMT  =      4961.8260  VIRIAL  =      4895.3858  VOLUME     =    182127.8256
                                                    Density    =         1.0218
 ------------------------------------------------------------------------------


 NSTEP =    41000   TIME(PS) =     566.000  TEMP(K) =   296.35  PRESS =  -291.6
 Etot   =    -44054.9525  EKtot   =     11060.1709  EPtot      =    -55115.1234
 BOND   =       354.1608  ANGLE   =       944.1569  DIHED      =      2150.9989
 1-4 NB =       435.2111  1-4 EEL =      6196.2159  VDWAALS    =      6431.0620
 EELEC  =    -71748.5850  EHBOND  =         0.0000  RESTRAINT  =       121.6560
 EAMBER (non-restraint)  =    -55236.7794
 EKCMT  =      4821.1098  VIRIAL  =      5967.8792  VOLUME     =    182139.5926
                                                    Density    =         1.0218
 ------------------------------------------------------------------------------


 NSTEP =    41500   TIME(PS) =     567.000  TEMP(K) =   295.28  PRESS =    31.5
 Etot   =    -43916.4938  EKtot   =     11020.1318  EPtot      =    -54936.6257
 BOND   =       338.1096  ANGLE   =       983.8562  DIHED      =      2150.2232
 1-4 NB =       452.4293  1-4 EEL =      6179.0350  VDWAALS    =      6489.1905
 EELEC  =    -71652.7460  EHBOND  =         0.0000  RESTRAINT  =       123.2766
 EAMBER (non-restraint)  =    -55059.9023
 EKCMT  =      4780.1986  VIRIAL  =      4656.3433  VOLUME     =    182362.9954
                                                    Density    =         1.0205
 ------------------------------------------------------------------------------


 NSTEP =    42000   TIME(PS) =     568.000  TEMP(K) =   303.62  PRESS =  -340.4
 Etot   =    -43817.7467  EKtot   =     11331.7129  EPtot      =    -55149.4596
 BOND   =       342.3981  ANGLE   =       967.7028  DIHED      =      2143.1696
 1-4 NB =       447.5059  1-4 EEL =      6202.7457  VDWAALS    =      6481.7070
 EELEC  =    -71854.2256  EHBOND  =         0.0000  RESTRAINT  =       119.5368
 EAMBER (non-restraint)  =    -55268.9965
 EKCMT  =      4963.3461  VIRIAL  =      6306.8408  VOLUME     =    182800.8213
                                                    Density    =         1.0181
 ------------------------------------------------------------------------------


 NSTEP =    42500   TIME(PS) =     569.000  TEMP(K) =   297.90  PRESS =    35.5
 Etot   =    -44024.2137  EKtot   =     11118.0293  EPtot      =    -55142.2429
 BOND   =       325.2677  ANGLE   =       991.4693  DIHED      =      2133.5573
 1-4 NB =       451.1146  1-4 EEL =      6212.5246  VDWAALS    =      6660.9872
 EELEC  =    -72035.8572  EHBOND  =         0.0000  RESTRAINT  =       118.6936
 EAMBER (non-restraint)  =    -55260.9366
 EKCMT  =      4893.0166  VIRIAL  =      4753.1489  VOLUME     =    182347.3763
                                                    Density    =         1.0206
 ------------------------------------------------------------------------------


 NSTEP =    43000   TIME(PS) =     570.000  TEMP(K) =   300.79  PRESS =   168.8
 Etot   =    -43958.3758  EKtot   =     11225.7715  EPtot      =    -55184.1473
 BOND   =       371.4297  ANGLE   =       961.9823  DIHED      =      2159.7784
 1-4 NB =       449.5979  1-4 EEL =      6187.0414  VDWAALS    =      6726.3976
 EELEC  =    -72159.5882  EHBOND  =         0.0000  RESTRAINT  =       119.2136
 EAMBER (non-restraint)  =    -55303.3608
 EKCMT  =      4928.5394  VIRIAL  =      4264.8606  VOLUME     =    182101.6740
                                                    Density    =         1.0220
 ------------------------------------------------------------------------------


 NSTEP =    43500   TIME(PS) =     571.000  TEMP(K) =   300.82  PRESS =    39.2
 Etot   =    -43889.3707  EKtot   =     11227.0840  EPtot      =    -55116.4546
 BOND   =       351.8581  ANGLE   =       995.2794  DIHED      =      2161.2626
 1-4 NB =       448.5449  1-4 EEL =      6205.0968  VDWAALS    =      6543.7930
 EELEC  =    -71957.0530  EHBOND  =         0.0000  RESTRAINT  =       134.7635
 EAMBER (non-restraint)  =    -55251.2182
 EKCMT  =      4887.4182  VIRIAL  =      4733.3167  VOLUME     =    182012.2743
                                                    Density    =         1.0225
 ------------------------------------------------------------------------------


 NSTEP =    44000   TIME(PS) =     572.000  TEMP(K) =   296.36  PRESS =    81.8
 Etot   =    -43917.7996  EKtot   =     11060.4844  EPtot      =    -54978.2839
 BOND   =       351.2311  ANGLE   =       950.9939  DIHED      =      2158.6533
 1-4 NB =       448.4775  1-4 EEL =      6161.2699  VDWAALS    =      6723.9783
 EELEC  =    -71905.3775  EHBOND  =         0.0000  RESTRAINT  =       132.4895
 EAMBER (non-restraint)  =    -55110.7735
 EKCMT  =      4817.5731  VIRIAL  =      4496.3100  VOLUME     =    181974.0154
                                                    Density    =         1.0227
 ------------------------------------------------------------------------------


 NSTEP =    44500   TIME(PS) =     573.000  TEMP(K) =   298.04  PRESS =    -5.1
 Etot   =    -43819.4161  EKtot   =     11123.3447  EPtot      =    -54942.7608
 BOND   =       376.9121  ANGLE   =       982.8820  DIHED      =      2162.8180
 1-4 NB =       444.1115  1-4 EEL =      6193.6730  VDWAALS    =      6605.7037
 EELEC  =    -71832.6640  EHBOND  =         0.0000  RESTRAINT  =       123.8030
 EAMBER (non-restraint)  =    -55066.5638
 EKCMT  =      4827.4362  VIRIAL  =      4847.6180  VOLUME     =    182155.5559
                                                    Density    =         1.0217
 ------------------------------------------------------------------------------


 NSTEP =    45000   TIME(PS) =     574.000  TEMP(K) =   300.59  PRESS =   169.2
 Etot   =    -43756.7338  EKtot   =     11218.6074  EPtot      =    -54975.3412
 BOND   =       346.9093  ANGLE   =      1049.3917  DIHED      =      2146.7137
 1-4 NB =       444.0270  1-4 EEL =      6187.6626  VDWAALS    =      6622.1338
 EELEC  =    -71906.4638  EHBOND  =         0.0000  RESTRAINT  =       134.2846
 EAMBER (non-restraint)  =    -55109.6258
 EKCMT  =      4970.0459  VIRIAL  =      4305.3999  VOLUME     =    181910.8343
                                                    Density    =         1.0230
 ------------------------------------------------------------------------------


 NSTEP =    45500   TIME(PS) =     575.000  TEMP(K) =   300.43  PRESS =   -31.8
 Etot   =    -43884.5843  EKtot   =     11212.4023  EPtot      =    -55096.9867
 BOND   =       342.0225  ANGLE   =       966.3530  DIHED      =      2147.1226
 1-4 NB =       434.6574  1-4 EEL =      6186.6564  VDWAALS    =      6560.8022
 EELEC  =    -71863.7465  EHBOND  =         0.0000  RESTRAINT  =       129.1456
 EAMBER (non-restraint)  =    -55226.1323
 EKCMT  =      4864.0174  VIRIAL  =      4988.9618  VOLUME     =    182008.9488
                                                    Density    =         1.0225
 ------------------------------------------------------------------------------


 NSTEP =    46000   TIME(PS) =     576.000  TEMP(K) =   303.51  PRESS =  -178.0
 Etot   =    -43795.5586  EKtot   =     11327.5078  EPtot      =    -55123.0664
 BOND   =       359.6645  ANGLE   =       949.5049  DIHED      =      2159.4848
 1-4 NB =       426.2696  1-4 EEL =      6170.5505  VDWAALS    =      6527.3192
 EELEC  =    -71844.9502  EHBOND  =         0.0000  RESTRAINT  =       129.0904
 EAMBER (non-restraint)  =    -55252.1568
 EKCMT  =      4908.1838  VIRIAL  =      5607.6059  VOLUME     =    181985.7151
                                                    Density    =         1.0226
 ------------------------------------------------------------------------------


 NSTEP =    46500   TIME(PS) =     577.000  TEMP(K) =   300.27  PRESS =    53.1
 Etot   =    -43957.2059  EKtot   =     11206.5205  EPtot      =    -55163.7264
 BOND   =       337.8559  ANGLE   =       986.6967  DIHED      =      2132.7882
 1-4 NB =       440.9084  1-4 EEL =      6221.6465  VDWAALS    =      6681.2956
 EELEC  =    -72088.3925  EHBOND  =         0.0000  RESTRAINT  =       123.4748
 EAMBER (non-restraint)  =    -55287.2012
 EKCMT  =      4876.5824  VIRIAL  =      4667.4673  VOLUME     =    182284.1062
                                                    Density    =         1.0209
 ------------------------------------------------------------------------------


 NSTEP =    47000   TIME(PS) =     578.000  TEMP(K) =   298.07  PRESS =  -409.8
 Etot   =    -44220.1824  EKtot   =     11124.4814  EPtot      =    -55344.6638
 BOND   =       346.9076  ANGLE   =       941.2962  DIHED      =      2147.0042
 1-4 NB =       435.1970  1-4 EEL =      6178.9397  VDWAALS    =      6611.6586
 EELEC  =    -72125.8332  EHBOND  =         0.0000  RESTRAINT  =       120.1660
 EAMBER (non-restraint)  =    -55464.8299
 EKCMT  =      4893.5997  VIRIAL  =      6507.7944  VOLUME     =    182456.2093
                                                    Density    =         1.0200
 ------------------------------------------------------------------------------


 NSTEP =    47500   TIME(PS) =     579.000  TEMP(K) =   299.12  PRESS =    82.2
 Etot   =    -43890.3036  EKtot   =     11163.7012  EPtot      =    -55054.0047
 BOND   =       325.8363  ANGLE   =       955.1228  DIHED      =      2167.0538
 1-4 NB =       431.4406  1-4 EEL =      6180.2297  VDWAALS    =      6493.8214
 EELEC  =    -71739.0943  EHBOND  =         0.0000  RESTRAINT  =       131.5850
 EAMBER (non-restraint)  =    -55185.5897
 EKCMT  =      4898.6989  VIRIAL  =      4574.8392  VOLUME     =    182583.6402
                                                    Density    =         1.0193
 ------------------------------------------------------------------------------


 NSTEP =    48000   TIME(PS) =     580.000  TEMP(K) =   298.09  PRESS =    25.7
 Etot   =    -43952.5975  EKtot   =     11125.3242  EPtot      =    -55077.9217
 BOND   =       343.4825  ANGLE   =       942.3345  DIHED      =      2141.1269
 1-4 NB =       440.3693  1-4 EEL =      6191.7532  VDWAALS    =      6533.2781
 EELEC  =    -71796.8493  EHBOND  =         0.0000  RESTRAINT  =       126.5831
 EAMBER (non-restraint)  =    -55204.5048
 EKCMT  =      4894.1355  VIRIAL  =      4792.9851  VOLUME     =    182496.2300
                                                    Density    =         1.0198
 ------------------------------------------------------------------------------


 NSTEP =    48500   TIME(PS) =     581.000  TEMP(K) =   301.59  PRESS =    95.3
 Etot   =    -43898.9816  EKtot   =     11255.7627  EPtot      =    -55154.7443
 BOND   =       322.2967  ANGLE   =       944.8123  DIHED      =      2154.0211
 1-4 NB =       446.5277  1-4 EEL =      6206.2039  VDWAALS    =      6748.8968
 EELEC  =    -72105.1638  EHBOND  =         0.0000  RESTRAINT  =       127.6610
 EAMBER (non-restraint)  =    -55282.4053
 EKCMT  =      4882.2097  VIRIAL  =      4506.7145  VOLUME     =    182491.1941
                                                    Density    =         1.0198
 ------------------------------------------------------------------------------


 NSTEP =    49000   TIME(PS) =     582.000  TEMP(K) =   298.45  PRESS =  -204.2
 Etot   =    -43890.5651  EKtot   =     11138.4541  EPtot      =    -55029.0192
 BOND   =       348.8212  ANGLE   =       944.9579  DIHED      =      2155.1442
 1-4 NB =       451.6723  1-4 EEL =      6192.7271  VDWAALS    =      6686.2502
 EELEC  =    -71942.8006  EHBOND  =         0.0000  RESTRAINT  =       134.2085
 EAMBER (non-restraint)  =    -55163.2277
 EKCMT  =      4894.9938  VIRIAL  =      5702.3173  VOLUME     =    183119.2021
                                                    Density    =         1.0163
 ------------------------------------------------------------------------------


 NSTEP =    49500   TIME(PS) =     583.000  TEMP(K) =   296.53  PRESS =    70.4
 Etot   =    -43811.3157  EKtot   =     11067.0156  EPtot      =    -54878.3313
 BOND   =       352.6743  ANGLE   =       957.6605  DIHED      =      2178.8917
 1-4 NB =       454.0919  1-4 EEL =      6200.1100  VDWAALS    =      6675.5345
 EELEC  =    -71822.6167  EHBOND  =         0.0000  RESTRAINT  =       125.3225
 EAMBER (non-restraint)  =    -55003.6538
 EKCMT  =      4842.3422  VIRIAL  =      4564.0888  VOLUME     =    183047.7365
                                                    Density    =         1.0167
 ------------------------------------------------------------------------------


 NSTEP =    50000   TIME(PS) =     584.000  TEMP(K) =   299.54  PRESS =    94.0
 Etot   =    -43689.2664  EKtot   =     11179.2012  EPtot      =    -54868.4676
 BOND   =       347.6172  ANGLE   =       993.2679  DIHED      =      2145.3722
 1-4 NB =       450.0115  1-4 EEL =      6213.5974  VDWAALS    =      6734.2603
 EELEC  =    -71867.3148  EHBOND  =         0.0000  RESTRAINT  =       114.7207
 EAMBER (non-restraint)  =    -54983.1883
 EKCMT  =      4898.7304  VIRIAL  =      4526.5665  VOLUME     =    183360.2460
                                                    Density    =         1.0150
 ------------------------------------------------------------------------------


      A V E R A G E S   O V E R     100 S T E P S


 NSTEP =    50000   TIME(PS) =     584.000  TEMP(K) =   299.98  PRESS =   -11.0
 Etot   =    -43881.3234  EKtot   =     11195.5764  EPtot      =    -55076.8997
 BOND   =       344.8315  ANGLE   =       969.5961  DIHED      =      2151.6236
 1-4 NB =       445.3352  1-4 EEL =      6202.4132  VDWAALS    =      6597.5777
 EELEC  =    -71915.3561  EHBOND  =         0.0000  RESTRAINT  =       127.0791
 EAMBER (non-restraint)  =    -55203.9788
 EKCMT  =      4899.2574  VIRIAL  =      4942.5359  VOLUME     =    182249.2298
                                                    Density    =         1.0211
 ------------------------------------------------------------------------------


      R M S  F L U C T U A T I O N S


 NSTEP =    50000   TIME(PS) =     584.000  TEMP(K) =     2.29  PRESS =   144.2
 Etot   =       129.2849  EKtot   =        85.4084  EPtot      =       111.4449
 BOND   =        14.9726  ANGLE   =        23.3699  DIHED      =        12.8791
 1-4 NB =         7.6426  1-4 EEL =        20.3335  VDWAALS    =        94.1482
 EELEC  =       150.8181  EHBOND  =         0.0000  RESTRAINT  =         7.2166
 EAMBER (non-restraint)  =       104.2282
 EKCMT  =        57.8546  VIRIAL  =       579.6909  VOLUME     =       384.0004
                                                    Density    =         0.0022
 ------------------------------------------------------------------------------

--------------------------------------------------------------------------------
   5.  TIMINGS
--------------------------------------------------------------------------------

|  NonSetup CPU Time in Major Routines:
|
|     Routine           Sec        %
|     ------------------------------
|     Nonbond          89.58   87.15
|     Bond              0.00    0.00
|     Angle             0.00    0.00
|     Dihedral          0.00    0.00
|     Shake             0.27    0.26
|     RunMD            12.87   12.52
|     Other             0.06    0.06
|     ------------------------------
|     Total           102.79

|  PME Nonbond Pairlist CPU Time:
|
|     Routine              Sec        %
|     ---------------------------------
|     Set Up Cit           0.00    0.00
|     Build List           0.00    0.00
|     ---------------------------------
|     Total                0.00    0.00

|  PME Direct Force CPU Time:
|
|     Routine              Sec        %
|     ---------------------------------
|     NonBonded Calc       0.00    0.00
|     Exclude Masked       0.00    0.00
|     Other                0.03    0.03
|     ---------------------------------
|     Total                0.03    0.03

|  PME Reciprocal Force CPU Time:
|
|     Routine              Sec        %
|     ---------------------------------
|     1D bspline           0.00    0.00
|     Grid Charges         0.00    0.00
|     Scalar Sum           0.00    0.00
|     Gradient Sum         0.00    0.00
|     FFT                  0.00    0.00
|     ---------------------------------
|     Total                0.00    0.00

|  Final Performance Info:
|     -----------------------------------------------------
|     Average timings for last   20000 steps:
|     Elapsed(s) =      41.21 Per Step(ms) =       2.06
|         ns/day =      83.86   seconds/ns =    1030.26
|
|     Average timings for all steps:
|     Elapsed(s) =     102.80 Per Step(ms) =       2.06
|         ns/day =      84.05   seconds/ns =    1027.97
|     -----------------------------------------------------

|  Setup CPU time:            0.49 seconds
|  NonSetup CPU time:       102.79 seconds
|  Total CPU time:          103.28 seconds     0.03 hours

|  Setup wall time:           0    seconds
|  NonSetup wall time:      103    seconds
|  Total wall time:         103    seconds     0.03 hours
