
          -------------------------------------------------------
          Amber 16 PMEMD                              2016
          -------------------------------------------------------

| PMEMD implementation of SANDER, Release 16

| Run on 07/04/2017 at 00:38:06

|   Executable path: pmemd.cuda
| Working directory: /home/german/obp/run/mu_ctv/mhe/e
|          Hostname: Unknown
  [-O]verwriting output

File Assignments:
|   MDIN: 6equ.in                                                               
|  MDOUT: 6equ.out                                                              
| INPCRD: 5emu_ctv.rst7                                                         
|   PARM: /home/german/obp/top_files/mu_ctv.prmtop                              
| RESTRT: 6emu_ctv.rst7                                                         
|   REFC: 5emu_ctv.rst7                                                         
|  MDVEL: mdvel                                                                 
|   MDEN: mden                                                                  
|  MDCRD: 6emu_ctv.nc                                                           
| MDINFO: mdinfo                                                                
|  MDFRC: mdfrc                                                                 


 Here is the input file:

Equilibration with solute restrictions                                         
&cntrl                                                                         
imin = 0,                           ! No Minimization                          
nmropt = 0,                         ! No NMR restraints read                   
                                                                               
! Nature and format of the input                                               
ntx = 5,                            ! Coordinates but no velocities will be rea
irest = 1,                          ! Do not run a new simulation              
                                                                               
! Nature and format of the output                                              
ntxo = 1,                           ! rstrt file in ASCII format               
ntpr = 500,                         ! inf in output every ntpr steps           
ntwr = 500,                         ! rstrt file every ntwr steps              
ntwx = 500,                         ! mdcrd file every ntwx steps              
ntwv = 0,                           ! mdvel without velocities                 
ntwe = 0,                           ! Energies and temperatures not written in 
idecomp = 0,                        ! No energy decomposition                  
iwrap = 1,                          ! Coordinates of the restart and mdcrd file
                                                                               
! Frozen or restrained atoms                                                   
ibelly = 0,                         ! No frozen atoms                          
ntr=1,                              ! Harmonic potential restraints            
restraint_wt = 10.0,                ! The weight for the positional restraints 
restraintmask = ':1-120@N,CA,C,O',  ! restrained residues                      
                                                                               
! Molecular dynamics                                                           
nstlim = 50000,                     ! Number of MD-steps                       
dt = 0.002,                         ! Time step                                
                                                                               
! Temperature regulation                                                       
ntt = 3,                            ! Langevin thermostat                      
gamma_ln = 5,                       ! Gamma constant for Langevin              
!temp0 = 300.0,                     ! Reference T at which the system is to be 
tempi = 300.0,                      ! Initial T                                
ig = -1,                            ! Seed for the RNG                         
                                                                               
! P and V regulation                                                           
ntp = 1,                            ! Constant P. Isotropic scaling            
barostat = 1,                       ! Berendsen barostat                       
taup = 1,                           ! Pressure relaxation time                 
nrespa = 1,                         ! Evaluate at each step                    
ntb = 2,                            ! Periodic box for constant P              
                                                                               
! SHAKE variables                                                              
ntc = 2,                            ! Bonds involving H are constrained        
ntf = 2,                            ! Bond interaction involving H are ommited.
                                                                               
cut = 10.0,                         ! Nonbonded cutoff                         
/                                                                              
&end                                                                           


Note: ig = -1. Setting random seed to   256010 based on wallclock time in 
      microseconds.
 
|--------------------- INFORMATION ----------------------
| GPU (CUDA) Version of PMEMD in use: NVIDIA GPU IN USE.
|                    Version 16.0.0
| 
|                      02/25/2016
| 
| Implementation by:
|                    Ross C. Walker     (SDSC)
|                    Scott Le Grand     (nVIDIA)
| 
| Precision model in use:
|      [SPFP] - Single Precision Forces, 64-bit Fixed Point
|               Accumulation. (Default)
| 
|--------------------------------------------------------
 
|----------------- CITATION INFORMATION -----------------
|
|    When publishing work that utilized the CUDA version
|    of AMBER, please cite the following in addition to
|    the regular AMBER citations:
|
|  - Romelia Salomon-Ferrer; Andreas W. Goetz; Duncan
|    Poole; Scott Le Grand; Ross C. Walker "Routine
|    microsecond molecular dynamics simulations with
|    AMBER - Part II: Particle Mesh Ewald", J. Chem.
|    Theory Comput., 2013, 9 (9), pp3878-3888,
|    DOI: 10.1021/ct400314y.
|
|  - Andreas W. Goetz; Mark J. Williamson; Dong Xu;
|    Duncan Poole; Scott Le Grand; Ross C. Walker
|    "Routine microsecond molecular dynamics simulations
|    with AMBER - Part I: Generalized Born", J. Chem.
|    Theory Comput., 2012, 8 (5), pp1542-1555.
|
|  - Scott Le Grand; Andreas W. Goetz; Ross C. Walker
|    "SPFP: Speed without compromise - a mixed precision
|    model for GPU accelerated molecular dynamics
|    simulations.", Comp. Phys. Comm., 2013, 184
|    pp374-380, DOI: 10.1016/j.cpc.2012.09.022
|
|--------------------------------------------------------
 
|------------------- GPU DEVICE INFO --------------------
|
|            CUDA_VISIBLE_DEVICES: 0
|   CUDA Capable Devices Detected:      1
|           CUDA Device ID in use:      0
|                CUDA Device Name: GeForce GTX 1060 6GB
|     CUDA Device Global Mem Size:   6072 MB
| CUDA Device Num Multiprocessors:     10
|           CUDA Device Core Freq:   1.76 GHz
|
|--------------------------------------------------------
 
 
| Conditional Compilation Defines Used:
| PUBFFT
| BINTRAJ
| CUDA
| EMIL

| Largest sphere to fit in unit cell has radius =    26.345

| New format PARM file being parsed.
| Version =    1.000 Date = 02/24/15 Time = 11:42:17

| Note: 1-4 EEL scale factors are being read from the topology file.

| Note: 1-4 VDW scale factors are being read from the topology file.
| Duplicated    0 dihedrals

| Duplicated    0 dihedrals

--------------------------------------------------------------------------------
   1.  RESOURCE   USE: 
--------------------------------------------------------------------------------

 getting new box info from bottom of inpcrd
 NATOM  =   18306 NTYPES =      18 NBONH =   17356 MBONA  =     953
 NTHETH =    2237 MTHETA =    1278 NPHIH =    4342 MPHIA  =    4359
 NHPARM =       0 NPARM  =       0 NNB   =   32466 NRES   =    5584
 NBONA  =     953 NTHETA =    1278 NPHIA =    4359 NUMBND =      69
 NUMANG =     147 NPTRA  =     245 NATYP =      40 NPHB   =       1
 IFBOX  =       1 NMXRS  =      26 IFCAP =       0 NEXTRA =       0
 NCOPY  =       0

| Coordinate Index Table dimensions:    10   11    9
| Direct force subcell size =     5.5900    5.6594    5.8545

     BOX TYPE: RECTILINEAR

--------------------------------------------------------------------------------
   2.  CONTROL  DATA  FOR  THE  RUN
--------------------------------------------------------------------------------

default_name                                                                    

General flags:
     imin    =       0, nmropt  =       0

Nature and format of input:
     ntx     =       5, irest   =       1, ntrx    =       1

Nature and format of output:
     ntxo    =       1, ntpr    =     500, ntrx    =       1, ntwr    =     500
     iwrap   =       1, ntwx    =     500, ntwv    =       0, ntwe    =       0
     ioutfm  =       1, ntwprt  =       0, idecomp =       0, rbornstat=      0

Potential function:
     ntf     =       2, ntb     =       2, igb     =       0, nsnb    =      25
     ipol    =       0, gbsa    =       0, iesp    =       0
     dielc   =   1.00000, cut     =  10.00000, intdiel =   1.00000

Frozen or restrained atoms:
     ibelly  =       0, ntr     =       1
     restraint_wt =  10.00000

Molecular dynamics:
     nstlim  =     50000, nscm    =         0, nrespa  =         1
     t       =   0.00000, dt      =   0.00200, vlimit  =  -1.00000

Langevin dynamics temperature regulation:
     ig      =  256010
     temp0   = 300.00000, tempi   = 300.00000, gamma_ln=   5.00000

Pressure regulation:
     ntp     =       1
     pres0   =   1.00000, comp    =  44.60000, taup    =   1.00000

SHAKE:
     ntc     =       2, jfastw  =       0
     tol     =   0.00001

| Intermolecular bonds treatment:
|     no_intermolecular_bonds =       1

| Energy averages sample interval:
|     ene_avg_sampling =     500

Ewald parameters:
     verbose =       0, ew_type =       0, nbflag  =       1, use_pme =       1
     vdwmeth =       1, eedmeth =       1, netfrc  =       1
     Box X =   55.900   Box Y =   62.253   Box Z =   52.691
     Alpha =   90.000   Beta  =   90.000   Gamma =   90.000
     NFFT1 =   56       NFFT2 =   64       NFFT3 =   56
     Cutoff=   10.000   Tol   =0.100E-04
     Ewald Coefficient =  0.27511
     Interpolation order =    4

    LOADING THE CONSTRAINED ATOMS AS GROUPS


   5.  REFERENCE ATOM COORDINATES

  default_name                                                                    
     Mask :1-120@N,CA,C,O; matches   476 atoms

--------------------------------------------------------------------------------
   3.  ATOMIC COORDINATES AND VELOCITIES
--------------------------------------------------------------------------------

default_name                                                                    
 begin time read from input coords =   584.000 ps

 
 Number of triangulated 3-point waters found:     5461

     Sum of charges from parm topology file =   0.00000094
     Forcing neutrality...

| Dynamic Memory, Types Used:
| Reals              924858
| Integers           642951

| Nonbonded Pairs Initial Allocation:     5537107

| GPU memory information (estimate):
| KB of GPU memory in use:    116750
| KB of CPU memory in use:     23942

--------------------------------------------------------------------------------
   4.  RESULTS
--------------------------------------------------------------------------------

 ---------------------------------------------------
 APPROXIMATING switch and d/dx switch using CUBIC SPLINE INTERPOLATION
 using   5000.0 points per unit in tabled values
 TESTING RELATIVE ERROR over r ranging from 0.0 to cutoff
| CHECK switch(x): max rel err =   0.2738E-14   at   2.422500
| CHECK d/dx switch(x): max rel err =   0.8314E-11   at   2.736960
 ---------------------------------------------------
|---------------------------------------------------
| APPROXIMATING direct energy using CUBIC SPLINE INTERPOLATION
|  with   50.0 points per unit in tabled values
| Relative Error Limit not exceeded for r .gt.   2.33
| APPROXIMATING direct force using CUBIC SPLINE INTERPOLATION
|  with   50.0 points per unit in tabled values
| Relative Error Limit not exceeded for r .gt.   2.80
|---------------------------------------------------

 NSTEP =      500   TIME(PS) =     585.000  TEMP(K) =   297.35  PRESS =  -183.6
 Etot   =    -43899.5748  EKtot   =     11097.3584  EPtot      =    -54996.9332
 BOND   =       337.9456  ANGLE   =       996.7201  DIHED      =      2178.2316
 1-4 NB =       440.8580  1-4 EEL =      6155.6951  VDWAALS    =      6438.1734
 EELEC  =    -71666.7830  EHBOND  =         0.0000  RESTRAINT  =       122.2261
 EAMBER (non-restraint)  =    -55119.1593
 EKCMT  =      4843.9774  VIRIAL  =      5568.8258  VOLUME     =    182815.8612
                                                    Density    =         1.0180
 ------------------------------------------------------------------------------


 NSTEP =     1000   TIME(PS) =     586.000  TEMP(K) =   298.48  PRESS =  -333.8
 Etot   =    -43959.0432  EKtot   =     11139.7920  EPtot      =    -55098.8352
 BOND   =       354.7341  ANGLE   =       982.5206  DIHED      =      2145.9319
 1-4 NB =       444.9322  1-4 EEL =      6174.1291  VDWAALS    =      6639.5448
 EELEC  =    -71948.5135  EHBOND  =         0.0000  RESTRAINT  =       107.8856
 EAMBER (non-restraint)  =    -55206.7208
 EKCMT  =      4837.0419  VIRIAL  =      6152.9811  VOLUME     =    182577.2846
                                                    Density    =         1.0193
 ------------------------------------------------------------------------------


 NSTEP =     1500   TIME(PS) =     587.000  TEMP(K) =   297.76  PRESS =   173.4
 Etot   =    -43986.3705  EKtot   =     11112.6953  EPtot      =    -55099.0659
 BOND   =       381.7396  ANGLE   =       967.5856  DIHED      =      2133.5905
 1-4 NB =       433.0163  1-4 EEL =      6160.7301  VDWAALS    =      6868.6674
 EELEC  =    -72149.1153  EHBOND  =         0.0000  RESTRAINT  =       104.7200
 EAMBER (non-restraint)  =    -55203.7858
 EKCMT  =      4889.9909  VIRIAL  =      4206.0682  VOLUME     =    182719.9364
                                                    Density    =         1.0185
 ------------------------------------------------------------------------------


 NSTEP =     2000   TIME(PS) =     588.000  TEMP(K) =   304.02  PRESS =    24.4
 Etot   =    -43742.6626  EKtot   =     11346.4805  EPtot      =    -55089.1431
 BOND   =       346.5950  ANGLE   =       981.9790  DIHED      =      2152.6382
 1-4 NB =       435.1561  1-4 EEL =      6161.8877  VDWAALS    =      6583.4121
 EELEC  =    -71855.5180  EHBOND  =         0.0000  RESTRAINT  =       104.7068
 EAMBER (non-restraint)  =    -55193.8499
 EKCMT  =      4975.6849  VIRIAL  =      4879.4847  VOLUME     =    182808.9312
                                                    Density    =         1.0180
 ------------------------------------------------------------------------------


 NSTEP =     2500   TIME(PS) =     589.000  TEMP(K) =   299.99  PRESS =  -307.4
 Etot   =    -43922.5198  EKtot   =     11196.1348  EPtot      =    -55118.6545
 BOND   =       348.6808  ANGLE   =      1002.4095  DIHED      =      2115.9795
 1-4 NB =       449.4657  1-4 EEL =      6145.0679  VDWAALS    =      6535.4936
 EELEC  =    -71827.4308  EHBOND  =         0.0000  RESTRAINT  =       111.6792
 EAMBER (non-restraint)  =    -55230.3338
 EKCMT  =      4822.4607  VIRIAL  =      6031.9970  VOLUME     =    182219.7338
                                                    Density    =         1.0213
 ------------------------------------------------------------------------------


 NSTEP =     3000   TIME(PS) =     590.000  TEMP(K) =   297.96  PRESS =  -216.9
 Etot   =    -44120.9053  EKtot   =     11120.3799  EPtot      =    -55241.2852
 BOND   =       363.4124  ANGLE   =       954.8801  DIHED      =      2136.4333
 1-4 NB =       441.4769  1-4 EEL =      6191.5053  VDWAALS    =      6371.3130
 EELEC  =    -71808.6176  EHBOND  =         0.0000  RESTRAINT  =       108.3115
 EAMBER (non-restraint)  =    -55349.5967
 EKCMT  =      4925.5278  VIRIAL  =      5775.6861  VOLUME     =    181546.2400
                                                    Density    =         1.0251
 ------------------------------------------------------------------------------


 NSTEP =     3500   TIME(PS) =     591.000  TEMP(K) =   299.74  PRESS =    37.2
 Etot   =    -43966.3507  EKtot   =     11186.8418  EPtot      =    -55153.1925
 BOND   =       343.5533  ANGLE   =       991.0799  DIHED      =      2123.4205
 1-4 NB =       443.9798  1-4 EEL =      6150.8906  VDWAALS    =      6498.1687
 EELEC  =    -71827.8841  EHBOND  =         0.0000  RESTRAINT  =       123.5988
 EAMBER (non-restraint)  =    -55276.7913
 EKCMT  =      4948.9191  VIRIAL  =      4803.2022  VOLUME     =    181350.7963
                                                    Density    =         1.0262
 ------------------------------------------------------------------------------


 NSTEP =     4000   TIME(PS) =     592.000  TEMP(K) =   301.65  PRESS =   154.6
 Etot   =    -43857.7338  EKtot   =     11257.9746  EPtot      =    -55115.7084
 BOND   =       339.8281  ANGLE   =       957.6547  DIHED      =      2142.9879
 1-4 NB =       460.9869  1-4 EEL =      6177.0321  VDWAALS    =      6620.9629
 EELEC  =    -71924.7039  EHBOND  =         0.0000  RESTRAINT  =       109.5429
 EAMBER (non-restraint)  =    -55225.2513
 EKCMT  =      4955.7355  VIRIAL  =      4349.2152  VOLUME     =    181661.6926
                                                    Density    =         1.0244
 ------------------------------------------------------------------------------


 NSTEP =     4500   TIME(PS) =     593.000  TEMP(K) =   302.83  PRESS =  -207.3
 Etot   =    -43760.3158  EKtot   =     11302.2314  EPtot      =    -55062.5473
 BOND   =       349.0419  ANGLE   =      1016.4583  DIHED      =      2134.8708
 1-4 NB =       439.0395  1-4 EEL =      6194.8667  VDWAALS    =      6648.3673
 EELEC  =    -71968.7389  EHBOND  =         0.0000  RESTRAINT  =       123.5471
 EAMBER (non-restraint)  =    -55186.0943
 EKCMT  =      4901.6920  VIRIAL  =      5716.6679  VOLUME     =    182094.9853
                                                    Density    =         1.0220
 ------------------------------------------------------------------------------


 NSTEP =     5000   TIME(PS) =     594.000  TEMP(K) =   305.94  PRESS =     1.2
 Etot   =    -43776.0060  EKtot   =     11418.1982  EPtot      =    -55194.2042
 BOND   =       329.7242  ANGLE   =       970.8592  DIHED      =      2145.5360
 1-4 NB =       445.5222  1-4 EEL =      6186.3782  VDWAALS    =      6634.9384
 EELEC  =    -72013.6154  EHBOND  =         0.0000  RESTRAINT  =       106.4530
 EAMBER (non-restraint)  =    -55300.6573
 EKCMT  =      5006.2263  VIRIAL  =      5001.3076  VOLUME     =    182398.2916
                                                    Density    =         1.0203
 ------------------------------------------------------------------------------


 NSTEP =     5500   TIME(PS) =     595.000  TEMP(K) =   297.83  PRESS =   175.2
 Etot   =    -44046.9839  EKtot   =     11115.5146  EPtot      =    -55162.4985
 BOND   =       339.1985  ANGLE   =       992.4984  DIHED      =      2147.8843
 1-4 NB =       456.8804  1-4 EEL =      6204.5100  VDWAALS    =      6610.5546
 EELEC  =    -72023.0463  EHBOND  =         0.0000  RESTRAINT  =       109.0215
 EAMBER (non-restraint)  =    -55271.5200
 EKCMT  =      4867.6506  VIRIAL  =      4178.7323  VOLUME     =    182069.1455
                                                    Density    =         1.0221
 ------------------------------------------------------------------------------


 NSTEP =     6000   TIME(PS) =     596.000  TEMP(K) =   300.20  PRESS =  -253.5
 Etot   =    -43940.1777  EKtot   =     11203.7705  EPtot      =    -55143.9482
 BOND   =       358.6537  ANGLE   =       958.7879  DIHED      =      2142.1424
 1-4 NB =       436.6122  1-4 EEL =      6189.3818  VDWAALS    =      6487.4428
 EELEC  =    -71826.1366  EHBOND  =         0.0000  RESTRAINT  =       109.1676
 EAMBER (non-restraint)  =    -55253.1158
 EKCMT  =      4871.3791  VIRIAL  =      5868.6032  VOLUME     =    182170.5280
                                                    Density    =         1.0216
 ------------------------------------------------------------------------------


 NSTEP =     6500   TIME(PS) =     597.000  TEMP(K) =   300.07  PRESS =   138.0
 Etot   =    -43874.4021  EKtot   =     11199.2256  EPtot      =    -55073.6277
 BOND   =       334.1865  ANGLE   =      1005.9714  DIHED      =      2142.3927
 1-4 NB =       437.7493  1-4 EEL =      6151.0904  VDWAALS    =      6712.7789
 EELEC  =    -71965.5048  EHBOND  =         0.0000  RESTRAINT  =       107.7080
 EAMBER (non-restraint)  =    -55181.3357
 EKCMT  =      4937.1291  VIRIAL  =      4394.7790  VOLUME     =    182036.0123
                                                    Density    =         1.0223
 ------------------------------------------------------------------------------


 NSTEP =     7000   TIME(PS) =     598.000  TEMP(K) =   301.03  PRESS =    14.2
 Etot   =    -43950.1260  EKtot   =     11234.7119  EPtot      =    -55184.8379
 BOND   =       360.7293  ANGLE   =       959.6866  DIHED      =      2142.9696
 1-4 NB =       454.2596  1-4 EEL =      6165.6785  VDWAALS    =      6598.5828
 EELEC  =    -71981.2262  EHBOND  =         0.0000  RESTRAINT  =       114.4819
 EAMBER (non-restraint)  =    -55299.3199
 EKCMT  =      4875.7550  VIRIAL  =      4819.8310  VOLUME     =    182067.6205
                                                    Density    =         1.0222
 ------------------------------------------------------------------------------


 NSTEP =     7500   TIME(PS) =     599.000  TEMP(K) =   300.51  PRESS =  -161.3
 Etot   =    -44034.0427  EKtot   =     11215.4316  EPtot      =    -55249.4743
 BOND   =       335.6390  ANGLE   =       945.0004  DIHED      =      2159.3024
 1-4 NB =       435.9402  1-4 EEL =      6181.8615  VDWAALS    =      6484.1120
 EELEC  =    -71900.4199  EHBOND  =         0.0000  RESTRAINT  =       109.0900
 EAMBER (non-restraint)  =    -55358.5643
 EKCMT  =      4924.4108  VIRIAL  =      5558.2533  VOLUME     =    181998.3274
                                                    Density    =         1.0225
 ------------------------------------------------------------------------------


 NSTEP =     8000   TIME(PS) =     600.000  TEMP(K) =   297.28  PRESS =   -31.5
 Etot   =    -44079.8126  EKtot   =     11094.7422  EPtot      =    -55174.5548
 BOND   =       319.4854  ANGLE   =       980.0365  DIHED      =      2161.6303
 1-4 NB =       450.1627  1-4 EEL =      6176.8435  VDWAALS    =      6614.9229
 EELEC  =    -71982.7354  EHBOND  =         0.0000  RESTRAINT  =       105.0992
 EAMBER (non-restraint)  =    -55279.6540
 EKCMT  =      4926.1998  VIRIAL  =      5050.4510  VOLUME     =    182493.3997
                                                    Density    =         1.0198
 ------------------------------------------------------------------------------


 NSTEP =     8500   TIME(PS) =     601.000  TEMP(K) =   301.27  PRESS =    49.3
 Etot   =    -43897.4899  EKtot   =     11243.8975  EPtot      =    -55141.3874
 BOND   =       329.4550  ANGLE   =       996.1667  DIHED      =      2144.9022
 1-4 NB =       437.5631  1-4 EEL =      6160.3795  VDWAALS    =      6588.2673
 EELEC  =    -71905.7096  EHBOND  =         0.0000  RESTRAINT  =       107.5885
 EAMBER (non-restraint)  =    -55248.9759
 EKCMT  =      4966.5526  VIRIAL  =      4772.7397  VOLUME     =    182103.1324
                                                    Density    =         1.0220
 ------------------------------------------------------------------------------


 NSTEP =     9000   TIME(PS) =     602.000  TEMP(K) =   299.46  PRESS =   -20.2
 Etot   =    -44032.5969  EKtot   =     11176.2236  EPtot      =    -55208.8205
 BOND   =       346.5804  ANGLE   =       956.4735  DIHED      =      2121.5729
 1-4 NB =       454.5580  1-4 EEL =      6193.8854  VDWAALS    =      6591.4310
 EELEC  =    -71989.7665  EHBOND  =         0.0000  RESTRAINT  =       116.4447
 EAMBER (non-restraint)  =    -55325.2652
 EKCMT  =      4886.2535  VIRIAL  =      4965.3693  VOLUME     =    181608.1626
                                                    Density    =         1.0247
 ------------------------------------------------------------------------------


 NSTEP =     9500   TIME(PS) =     603.000  TEMP(K) =   299.36  PRESS =    21.7
 Etot   =    -43899.4087  EKtot   =     11172.4658  EPtot      =    -55071.8745
 BOND   =       345.3406  ANGLE   =      1015.7449  DIHED      =      2153.0217
 1-4 NB =       449.8995  1-4 EEL =      6154.6330  VDWAALS    =      6627.6638
 EELEC  =    -71920.1517  EHBOND  =         0.0000  RESTRAINT  =       101.9739
 EAMBER (non-restraint)  =    -55173.8484
 EKCMT  =      4882.2255  VIRIAL  =      4797.1677  VOLUME     =    181694.9801
                                                    Density    =         1.0243
 ------------------------------------------------------------------------------


 NSTEP =    10000   TIME(PS) =     604.000  TEMP(K) =   299.74  PRESS =    36.3
 Etot   =    -43943.9564  EKtot   =     11186.5781  EPtot      =    -55130.5345
 BOND   =       350.5517  ANGLE   =       985.5827  DIHED      =      2152.6300
 1-4 NB =       432.4493  1-4 EEL =      6195.0364  VDWAALS    =      6535.9106
 EELEC  =    -71902.9743  EHBOND  =         0.0000  RESTRAINT  =       120.2793
 EAMBER (non-restraint)  =    -55250.8138
 EKCMT  =      4871.6661  VIRIAL  =      4728.7432  VOLUME     =    182139.4723
                                                    Density    =         1.0218
 ------------------------------------------------------------------------------


 NSTEP =    10500   TIME(PS) =     605.000  TEMP(K) =   299.19  PRESS =   -59.8
 Etot   =    -43875.2662  EKtot   =     11166.2520  EPtot      =    -55041.5182
 BOND   =       332.6883  ANGLE   =      1021.9221  DIHED      =      2145.4335
 1-4 NB =       434.7702  1-4 EEL =      6159.5343  VDWAALS    =      6566.3889
 EELEC  =    -71814.0703  EHBOND  =         0.0000  RESTRAINT  =       111.8149
 EAMBER (non-restraint)  =    -55153.3331
 EKCMT  =      4914.1690  VIRIAL  =      5150.0193  VOLUME     =    182551.7884
                                                    Density    =         1.0194
 ------------------------------------------------------------------------------


 NSTEP =    11000   TIME(PS) =     606.000  TEMP(K) =   297.51  PRESS =    26.4
 Etot   =    -44224.6366  EKtot   =     11103.6777  EPtot      =    -55328.3143
 BOND   =       328.3112  ANGLE   =       938.1769  DIHED      =      2146.7861
 1-4 NB =       449.0223  1-4 EEL =      6202.4152  VDWAALS    =      6694.2388
 EELEC  =    -72196.7119  EHBOND  =         0.0000  RESTRAINT  =       109.4471
 EAMBER (non-restraint)  =    -55437.7614
 EKCMT  =      4899.6755  VIRIAL  =      4795.8258  VOLUME     =    182147.1320
                                                    Density    =         1.0217
 ------------------------------------------------------------------------------


 NSTEP =    11500   TIME(PS) =     607.000  TEMP(K) =   300.46  PRESS =  -298.3
 Etot   =    -43876.3804  EKtot   =     11213.7871  EPtot      =    -55090.1675
 BOND   =       339.6596  ANGLE   =       971.5075  DIHED      =      2135.9355
 1-4 NB =       460.0943  1-4 EEL =      6181.2867  VDWAALS    =      6491.2088
 EELEC  =    -71785.3092  EHBOND  =         0.0000  RESTRAINT  =       115.4494
 EAMBER (non-restraint)  =    -55205.6168
 EKCMT  =      4976.2534  VIRIAL  =      6147.4786  VOLUME     =    181858.0471
                                                    Density    =         1.0233
 ------------------------------------------------------------------------------


 NSTEP =    12000   TIME(PS) =     608.000  TEMP(K) =   300.55  PRESS =  -256.7
 Etot   =    -43898.9906  EKtot   =     11216.8877  EPtot      =    -55115.8783
 BOND   =       335.1346  ANGLE   =       979.6466  DIHED      =      2162.1531
 1-4 NB =       442.3307  1-4 EEL =      6181.6925  VDWAALS    =      6387.3352
 EELEC  =    -71724.3797  EHBOND  =         0.0000  RESTRAINT  =       120.2087
 EAMBER (non-restraint)  =    -55236.0870
 EKCMT  =      4906.2498  VIRIAL  =      5914.1754  VOLUME     =    181871.1484
                                                    Density    =         1.0233
 ------------------------------------------------------------------------------


 NSTEP =    12500   TIME(PS) =     609.000  TEMP(K) =   298.44  PRESS =  -141.0
 Etot   =    -44106.0579  EKtot   =     11138.2822  EPtot      =    -55244.3402
 BOND   =       359.2726  ANGLE   =       965.1878  DIHED      =      2159.3229
 1-4 NB =       438.7210  1-4 EEL =      6166.2872  VDWAALS    =      6696.5483
 EELEC  =    -72150.0418  EHBOND  =         0.0000  RESTRAINT  =       120.3619
 EAMBER (non-restraint)  =    -55364.7020
 EKCMT  =      4828.0151  VIRIAL  =      5381.0006  VOLUME     =    181619.3652
                                                    Density    =         1.0247
 ------------------------------------------------------------------------------


 NSTEP =    13000   TIME(PS) =     610.000  TEMP(K) =   299.14  PRESS =    59.7
 Etot   =    -44104.2219  EKtot   =     11164.3564  EPtot      =    -55268.5784
 BOND   =       318.3228  ANGLE   =       952.0253  DIHED      =      2146.4960
 1-4 NB =       441.9060  1-4 EEL =      6192.8066  VDWAALS    =      6758.2923
 EELEC  =    -72188.1720  EHBOND  =         0.0000  RESTRAINT  =       109.7448
 EAMBER (non-restraint)  =    -55378.3232
 EKCMT  =      4914.1902  VIRIAL  =      4679.7189  VOLUME     =    181758.9532
                                                    Density    =         1.0239
 ------------------------------------------------------------------------------


 NSTEP =    13500   TIME(PS) =     611.000  TEMP(K) =   302.01  PRESS =    23.4
 Etot   =    -43790.5382  EKtot   =     11271.5332  EPtot      =    -55062.0714
 BOND   =       316.1579  ANGLE   =      1027.9426  DIHED      =      2178.9507
 1-4 NB =       440.3791  1-4 EEL =      6177.1888  VDWAALS    =      6447.8701
 EELEC  =    -71764.8325  EHBOND  =         0.0000  RESTRAINT  =       114.2718
 EAMBER (non-restraint)  =    -55176.3432
 EKCMT  =      4954.8800  VIRIAL  =      4862.8111  VOLUME     =    182049.3744
                                                    Density    =         1.0223
 ------------------------------------------------------------------------------


 NSTEP =    14000   TIME(PS) =     612.000  TEMP(K) =   301.12  PRESS =    46.1
 Etot   =    -43797.8399  EKtot   =     11238.2998  EPtot      =    -55036.1397
 BOND   =       336.2243  ANGLE   =       981.4132  DIHED      =      2151.2801
 1-4 NB =       451.7296  1-4 EEL =      6169.9904  VDWAALS    =      6638.9224
 EELEC  =    -71890.5620  EHBOND  =         0.0000  RESTRAINT  =       124.8622
 EAMBER (non-restraint)  =    -55161.0019
 EKCMT  =      4913.8330  VIRIAL  =      4732.1353  VOLUME     =    182551.4961
                                                    Density    =         1.0194
 ------------------------------------------------------------------------------


 NSTEP =    14500   TIME(PS) =     613.000  TEMP(K) =   297.86  PRESS =  -364.3
 Etot   =    -43972.2603  EKtot   =     11116.4170  EPtot      =    -55088.6773
 BOND   =       341.5845  ANGLE   =       989.3763  DIHED      =      2151.9748
 1-4 NB =       436.8040  1-4 EEL =      6159.6979  VDWAALS    =      6416.0624
 EELEC  =    -71699.3343  EHBOND  =         0.0000  RESTRAINT  =       115.1571
 EAMBER (non-restraint)  =    -55203.8344
 EKCMT  =      4890.6575  VIRIAL  =      6322.8403  VOLUME     =    182089.7038
                                                    Density    =         1.0220
 ------------------------------------------------------------------------------


 NSTEP =    15000   TIME(PS) =     614.000  TEMP(K) =   303.19  PRESS =    58.8
 Etot   =    -43831.2954  EKtot   =     11315.4893  EPtot      =    -55146.7847
 BOND   =       348.0814  ANGLE   =       974.1498  DIHED      =      2151.5839
 1-4 NB =       449.9699  1-4 EEL =      6209.9033  VDWAALS    =      6733.4706
 EELEC  =    -72137.2500  EHBOND  =         0.0000  RESTRAINT  =       123.3065
 EAMBER (non-restraint)  =    -55270.0911
 EKCMT  =      4887.0112  VIRIAL  =      4656.4265  VOLUME     =    181622.6651
                                                    Density    =         1.0247
 ------------------------------------------------------------------------------


 NSTEP =    15500   TIME(PS) =     615.000  TEMP(K) =   302.55  PRESS =   180.4
 Etot   =    -43776.6071  EKtot   =     11291.7695  EPtot      =    -55068.3767
 BOND   =       341.9293  ANGLE   =       939.1988  DIHED      =      2156.1207
 1-4 NB =       445.9179  1-4 EEL =      6210.5667  VDWAALS    =      6579.3362
 EELEC  =    -71852.9615  EHBOND  =         0.0000  RESTRAINT  =       111.5153
 EAMBER (non-restraint)  =    -55179.8919
 EKCMT  =      4949.0764  VIRIAL  =      4239.9969  VOLUME     =    182077.4989
                                                    Density    =         1.0221
 ------------------------------------------------------------------------------


 NSTEP =    16000   TIME(PS) =     616.000  TEMP(K) =   302.59  PRESS =     9.2
 Etot   =    -43802.0149  EKtot   =     11293.1855  EPtot      =    -55095.2005
 BOND   =       351.8338  ANGLE   =       954.5962  DIHED      =      2152.7935
 1-4 NB =       434.1228  1-4 EEL =      6182.8322  VDWAALS    =      6637.4869
 EELEC  =    -71917.4738  EHBOND  =         0.0000  RESTRAINT  =       108.6079
 EAMBER (non-restraint)  =    -55203.8084
 EKCMT  =      4894.5637  VIRIAL  =      4858.3560  VOLUME     =    182821.1233
                                                    Density    =         1.0179
 ------------------------------------------------------------------------------


 NSTEP =    16500   TIME(PS) =     617.000  TEMP(K) =   305.04  PRESS =   273.1
 Etot   =    -43751.3094  EKtot   =     11384.7207  EPtot      =    -55136.0301
 BOND   =       319.2539  ANGLE   =       966.3787  DIHED      =      2158.2872
 1-4 NB =       450.0465  1-4 EEL =      6214.7275  VDWAALS    =      6661.9025
 EELEC  =    -72035.8248  EHBOND  =         0.0000  RESTRAINT  =       129.1984
 EAMBER (non-restraint)  =    -55265.2284
 EKCMT  =      4998.2212  VIRIAL  =      3919.3362  VOLUME     =    182939.3262
                                                    Density    =         1.0173
 ------------------------------------------------------------------------------


 NSTEP =    17000   TIME(PS) =     618.000  TEMP(K) =   299.61  PRESS =    44.3
 Etot   =    -43855.9464  EKtot   =     11181.8193  EPtot      =    -55037.7658
 BOND   =       325.6355  ANGLE   =       956.9399  DIHED      =      2160.0698
 1-4 NB =       433.0316  1-4 EEL =      6173.5620  VDWAALS    =      6722.8549
 EELEC  =    -71929.8591  EHBOND  =         0.0000  RESTRAINT  =       119.9996
 EAMBER (non-restraint)  =    -55157.7653
 EKCMT  =      4875.3135  VIRIAL  =      4700.9808  VOLUME     =    182349.5203
                                                    Density    =         1.0206
 ------------------------------------------------------------------------------


 NSTEP =    17500   TIME(PS) =     619.000  TEMP(K) =   296.90  PRESS =   192.2
 Etot   =    -44002.3064  EKtot   =     11080.5791  EPtot      =    -55082.8855
 BOND   =       354.8948  ANGLE   =       951.5380  DIHED      =      2157.0273
 1-4 NB =       453.5393  1-4 EEL =      6192.9320  VDWAALS    =      6787.9769
 EELEC  =    -72083.5290  EHBOND  =         0.0000  RESTRAINT  =       102.7353
 EAMBER (non-restraint)  =    -55185.6208
 EKCMT  =      4909.7362  VIRIAL  =      4153.9678  VOLUME     =    182110.2824
                                                    Density    =         1.0219
 ------------------------------------------------------------------------------


 NSTEP =    18000   TIME(PS) =     620.000  TEMP(K) =   296.88  PRESS =   -83.3
 Etot   =    -44153.3597  EKtot   =     11080.1426  EPtot      =    -55233.5023
 BOND   =       335.3211  ANGLE   =       952.8801  DIHED      =      2151.6424
 1-4 NB =       441.6507  1-4 EEL =      6208.3183  VDWAALS    =      6658.8613
 EELEC  =    -72093.3376  EHBOND  =         0.0000  RESTRAINT  =       111.1614
 EAMBER (non-restraint)  =    -55344.6637
 EKCMT  =      4810.6588  VIRIAL  =      5138.5575  VOLUME     =    182360.3972
                                                    Density    =         1.0205
 ------------------------------------------------------------------------------


 NSTEP =    18500   TIME(PS) =     621.000  TEMP(K) =   298.15  PRESS =    21.0
 Etot   =    -43909.4596  EKtot   =     11127.2109  EPtot      =    -55036.6705
 BOND   =       331.8789  ANGLE   =      1016.5528  DIHED      =      2138.7639
 1-4 NB =       461.8711  1-4 EEL =      6163.8247  VDWAALS    =      6587.1179
 EELEC  =    -71852.4340  EHBOND  =         0.0000  RESTRAINT  =       115.7540
 EAMBER (non-restraint)  =    -55152.4246
 EKCMT  =      4974.9453  VIRIAL  =      4892.0106  VOLUME     =    182806.8711
                                                    Density    =         1.0180
 ------------------------------------------------------------------------------


 NSTEP =    19000   TIME(PS) =     622.000  TEMP(K) =   300.64  PRESS =   -79.9
 Etot   =    -43825.9618  EKtot   =     11220.3906  EPtot      =    -55046.3525
 BOND   =       354.8959  ANGLE   =       987.3380  DIHED      =      2162.9036
 1-4 NB =       452.3280  1-4 EEL =      6177.9715  VDWAALS    =      6609.1547
 EELEC  =    -71902.1285  EHBOND  =         0.0000  RESTRAINT  =       111.1844
 EAMBER (non-restraint)  =    -55157.5368
 EKCMT  =      4938.0234  VIRIAL  =      5253.3258  VOLUME     =    182797.3485
                                                    Density    =         1.0181
 ------------------------------------------------------------------------------


 NSTEP =    19500   TIME(PS) =     623.000  TEMP(K) =   301.95  PRESS =   -60.5
 Etot   =    -43912.9504  EKtot   =     11269.2139  EPtot      =    -55182.1643
 BOND   =       353.5546  ANGLE   =       974.4748  DIHED      =      2127.0198
 1-4 NB =       440.5898  1-4 EEL =      6197.1426  VDWAALS    =      6650.6080
 EELEC  =    -72037.4179  EHBOND  =         0.0000  RESTRAINT  =       111.8640
 EAMBER (non-restraint)  =    -55294.0283
 EKCMT  =      4827.3327  VIRIAL  =      5066.8527  VOLUME     =    183274.1128
                                                    Density    =         1.0154
 ------------------------------------------------------------------------------


 NSTEP =    20000   TIME(PS) =     624.000  TEMP(K) =   299.84  PRESS =   133.3
 Etot   =    -43962.0358  EKtot   =     11190.6230  EPtot      =    -55152.6588
 BOND   =       319.3033  ANGLE   =       998.9535  DIHED      =      2144.9459
 1-4 NB =       461.1095  1-4 EEL =      6227.1050  VDWAALS    =      6684.0180
 EELEC  =    -72097.6597  EHBOND  =         0.0000  RESTRAINT  =       109.5658
 EAMBER (non-restraint)  =    -55262.2246
 EKCMT  =      4962.4283  VIRIAL  =      4437.4500  VOLUME     =    182464.0184
                                                    Density    =         1.0199
 ------------------------------------------------------------------------------


 NSTEP =    20500   TIME(PS) =     625.000  TEMP(K) =   300.84  PRESS =  -104.9
 Etot   =    -44125.4033  EKtot   =     11227.9629  EPtot      =    -55353.3662
 BOND   =       367.7645  ANGLE   =       945.0366  DIHED      =      2153.1626
 1-4 NB =       434.4108  1-4 EEL =      6216.4404  VDWAALS    =      6585.5850
 EELEC  =    -72177.9229  EHBOND  =         0.0000  RESTRAINT  =       122.1567
 EAMBER (non-restraint)  =    -55475.5230
 EKCMT  =      4957.6841  VIRIAL  =      5370.2967  VOLUME     =    182252.0710
                                                    Density    =         1.0211
 ------------------------------------------------------------------------------


 NSTEP =    21000   TIME(PS) =     626.000  TEMP(K) =   299.54  PRESS =  -183.9
 Etot   =    -43879.9509  EKtot   =     11179.4160  EPtot      =    -55059.3669
 BOND   =       323.4615  ANGLE   =       977.3382  DIHED      =      2144.8890
 1-4 NB =       441.3448  1-4 EEL =      6172.1388  VDWAALS    =      6617.5071
 EELEC  =    -71848.4280  EHBOND  =         0.0000  RESTRAINT  =       112.3818
 EAMBER (non-restraint)  =    -55171.7488
 EKCMT  =      4883.6350  VIRIAL  =      5607.3051  VOLUME     =    182284.4817
                                                    Density    =         1.0209
 ------------------------------------------------------------------------------


 NSTEP =    21500   TIME(PS) =     627.000  TEMP(K) =   303.56  PRESS =    35.1
 Etot   =    -43747.5205  EKtot   =     11329.2246  EPtot      =    -55076.7451
 BOND   =       358.8836  ANGLE   =       956.5778  DIHED      =      2150.9539
 1-4 NB =       448.7455  1-4 EEL =      6179.3972  VDWAALS    =      6709.7806
 EELEC  =    -71994.3820  EHBOND  =         0.0000  RESTRAINT  =       113.2982
 EAMBER (non-restraint)  =    -55190.0433
 EKCMT  =      4886.0426  VIRIAL  =      4747.7189  VOLUME     =    182659.3808
                                                    Density    =         1.0188
 ------------------------------------------------------------------------------


 NSTEP =    22000   TIME(PS) =     628.000  TEMP(K) =   298.51  PRESS =   -54.6
 Etot   =    -44024.5967  EKtot   =     11140.7803  EPtot      =    -55165.3769
 BOND   =       344.4900  ANGLE   =       986.0994  DIHED      =      2136.2324
 1-4 NB =       450.8498  1-4 EEL =      6198.4502  VDWAALS    =      6753.7856
 EELEC  =    -72155.6781  EHBOND  =         0.0000  RESTRAINT  =       120.3938
 EAMBER (non-restraint)  =    -55285.7708
 EKCMT  =      4966.8183  VIRIAL  =      5182.7310  VOLUME     =    183251.3551
                                                    Density    =         1.0156
 ------------------------------------------------------------------------------


 NSTEP =    22500   TIME(PS) =     629.000  TEMP(K) =   298.15  PRESS =    -8.1
 Etot   =    -43899.3827  EKtot   =     11127.2607  EPtot      =    -55026.6434
 BOND   =       352.3706  ANGLE   =       928.8056  DIHED      =      2160.4333
 1-4 NB =       447.7629  1-4 EEL =      6192.7416  VDWAALS    =      6606.3792
 EELEC  =    -71827.8815  EHBOND  =         0.0000  RESTRAINT  =       112.7450
 EAMBER (non-restraint)  =    -55139.3884
 EKCMT  =      4880.6158  VIRIAL  =      4912.6135  VOLUME     =    182843.2651
                                                    Density    =         1.0178
 ------------------------------------------------------------------------------


 NSTEP =    23000   TIME(PS) =     630.000  TEMP(K) =   297.79  PRESS =   158.6
 Etot   =    -43823.7197  EKtot   =     11114.1377  EPtot      =    -54937.8574
 BOND   =       349.4561  ANGLE   =       980.8220  DIHED      =      2145.2391
 1-4 NB =       450.8332  1-4 EEL =      6200.7888  VDWAALS    =      6520.1492
 EELEC  =    -71688.6879  EHBOND  =         0.0000  RESTRAINT  =       103.5420
 EAMBER (non-restraint)  =    -55041.3994
 EKCMT  =      4869.0260  VIRIAL  =      4242.4016  VOLUME     =    183019.5301
                                                    Density    =         1.0168
 ------------------------------------------------------------------------------


 NSTEP =    23500   TIME(PS) =     631.000  TEMP(K) =   297.52  PRESS =   113.7
 Etot   =    -44030.3482  EKtot   =     11103.8770  EPtot      =    -55134.2252
 BOND   =       337.8562  ANGLE   =       982.0037  DIHED      =      2140.6546
 1-4 NB =       445.1657  1-4 EEL =      6187.5852  VDWAALS    =      6735.2440
 EELEC  =    -72070.5116  EHBOND  =         0.0000  RESTRAINT  =       107.7770
 EAMBER (non-restraint)  =    -55242.0022
 EKCMT  =      4895.9413  VIRIAL  =      4447.3477  VOLUME     =    182679.6591
                                                    Density    =         1.0187
 ------------------------------------------------------------------------------


 NSTEP =    24000   TIME(PS) =     632.000  TEMP(K) =   299.23  PRESS =   309.0
 Etot   =    -43863.9994  EKtot   =     11167.5879  EPtot      =    -55031.5872
 BOND   =       346.7682  ANGLE   =       918.7141  DIHED      =      2170.5034
 1-4 NB =       452.5114  1-4 EEL =      6209.7390  VDWAALS    =      6740.4857
 EELEC  =    -71978.1135  EHBOND  =         0.0000  RESTRAINT  =       107.8045
 EAMBER (non-restraint)  =    -55139.3917
 EKCMT  =      4941.4573  VIRIAL  =      3722.9151  VOLUME     =    182653.9396
                                                    Density    =         1.0189
 ------------------------------------------------------------------------------


 NSTEP =    24500   TIME(PS) =     633.000  TEMP(K) =   296.50  PRESS =  -153.7
 Etot   =    -44020.9950  EKtot   =     11065.6299  EPtot      =    -55086.6248
 BOND   =       368.2257  ANGLE   =       964.6404  DIHED      =      2147.0469
 1-4 NB =       449.3219  1-4 EEL =      6190.6352  VDWAALS    =      6552.1094
 EELEC  =    -71880.6519  EHBOND  =         0.0000  RESTRAINT  =       122.0476
 EAMBER (non-restraint)  =    -55208.6724
 EKCMT  =      4878.1828  VIRIAL  =      5484.9493  VOLUME     =    182860.7832
                                                    Density    =         1.0177
 ------------------------------------------------------------------------------


 NSTEP =    25000   TIME(PS) =     634.000  TEMP(K) =   295.53  PRESS =  -312.1
 Etot   =    -44052.9386  EKtot   =     11029.5957  EPtot      =    -55082.5343
 BOND   =       342.7161  ANGLE   =       960.3747  DIHED      =      2167.7297
 1-4 NB =       433.6709  1-4 EEL =      6189.1774  VDWAALS    =      6419.6793
 EELEC  =    -71709.4857  EHBOND  =         0.0000  RESTRAINT  =       113.6031
 EAMBER (non-restraint)  =    -55196.1375
 EKCMT  =      4800.6845  VIRIAL  =      6032.1362  VOLUME     =    182768.3043
                                                    Density    =         1.0182
 ------------------------------------------------------------------------------


 NSTEP =    25500   TIME(PS) =     635.000  TEMP(K) =   299.70  PRESS =  -147.6
 Etot   =    -43658.5513  EKtot   =     11185.4238  EPtot      =    -54843.9751
 BOND   =       349.9792  ANGLE   =       978.2154  DIHED      =      2143.7003
 1-4 NB =       445.6198  1-4 EEL =      6200.0366  VDWAALS    =      6460.3443
 EELEC  =    -71533.5275  EHBOND  =         0.0000  RESTRAINT  =       111.6568
 EAMBER (non-restraint)  =    -54955.6319
 EKCMT  =      4877.6695  VIRIAL  =      5461.1555  VOLUME     =    183030.5470
                                                    Density    =         1.0168
 ------------------------------------------------------------------------------


 NSTEP =    26000   TIME(PS) =     636.000  TEMP(K) =   298.24  PRESS =   188.7
 Etot   =    -44229.5045  EKtot   =     11130.6514  EPtot      =    -55360.1559
 BOND   =       337.2936  ANGLE   =       931.6963  DIHED      =      2161.7724
 1-4 NB =       441.2044  1-4 EEL =      6195.3931  VDWAALS    =      6776.5292
 EELEC  =    -72309.6124  EHBOND  =         0.0000  RESTRAINT  =       105.5676
 EAMBER (non-restraint)  =    -55465.7235
 EKCMT  =      4872.5777  VIRIAL  =      4127.8840  VOLUME     =    182815.4009
                                                    Density    =         1.0180
 ------------------------------------------------------------------------------


 NSTEP =    26500   TIME(PS) =     637.000  TEMP(K) =   298.34  PRESS =  -119.8
 Etot   =    -43890.4300  EKtot   =     11134.3535  EPtot      =    -55024.7836
 BOND   =       344.5196  ANGLE   =       977.4401  DIHED      =      2134.1154
 1-4 NB =       451.1026  1-4 EEL =      6195.0666  VDWAALS    =      6685.1791
 EELEC  =    -71927.4427  EHBOND  =         0.0000  RESTRAINT  =       115.2356
 EAMBER (non-restraint)  =    -55140.0192
 EKCMT  =      4822.1263  VIRIAL  =      5294.8582  VOLUME     =    182798.4703
                                                    Density    =         1.0181
 ------------------------------------------------------------------------------


 NSTEP =    27000   TIME(PS) =     638.000  TEMP(K) =   302.53  PRESS =    87.2
 Etot   =    -43876.6749  EKtot   =     11290.7852  EPtot      =    -55167.4601
 BOND   =       336.5130  ANGLE   =       923.9067  DIHED      =      2159.1229
 1-4 NB =       452.7898  1-4 EEL =      6211.7648  VDWAALS    =      6720.5987
 EELEC  =    -72092.4301  EHBOND  =         0.0000  RESTRAINT  =       120.2741
 EAMBER (non-restraint)  =    -55287.7342
 EKCMT  =      4942.2992  VIRIAL  =      4598.5851  VOLUME     =    182577.5992
                                                    Density    =         1.0193
 ------------------------------------------------------------------------------


 NSTEP =    27500   TIME(PS) =     639.000  TEMP(K) =   293.73  PRESS =   210.2
 Etot   =    -43994.4662  EKtot   =     10962.5762  EPtot      =    -54957.0423
 BOND   =       352.4650  ANGLE   =       969.7175  DIHED      =      2163.2851
 1-4 NB =       432.7544  1-4 EEL =      6164.6131  VDWAALS    =      6731.4919
 EELEC  =    -71898.6865  EHBOND  =         0.0000  RESTRAINT  =       127.3171
 EAMBER (non-restraint)  =    -55084.3594
 EKCMT  =      4809.4525  VIRIAL  =      3980.0565  VOLUME     =    182723.8328
                                                    Density    =         1.0185
 ------------------------------------------------------------------------------


 NSTEP =    28000   TIME(PS) =     640.000  TEMP(K) =   298.44  PRESS =   235.6
 Etot   =    -43974.8403  EKtot   =     11138.1289  EPtot      =    -55112.9692
 BOND   =       348.7065  ANGLE   =       987.1140  DIHED      =      2153.0833
 1-4 NB =       439.3222  1-4 EEL =      6206.1242  VDWAALS    =      6684.3367
 EELEC  =    -72043.7723  EHBOND  =         0.0000  RESTRAINT  =       112.1162
 EAMBER (non-restraint)  =    -55225.0854
 EKCMT  =      4889.9662  VIRIAL  =      3962.3111  VOLUME     =    182354.1901
                                                    Density    =         1.0206
 ------------------------------------------------------------------------------


 NSTEP =    28500   TIME(PS) =     641.000  TEMP(K) =   303.08  PRESS =  -197.3
 Etot   =    -43801.0279  EKtot   =     11311.4434  EPtot      =    -55112.4713
 BOND   =       331.7282  ANGLE   =       991.9907  DIHED      =      2128.6750
 1-4 NB =       440.6239  1-4 EEL =      6189.6823  VDWAALS    =      6707.2269
 EELEC  =    -72018.9257  EHBOND  =         0.0000  RESTRAINT  =       116.5274
 EAMBER (non-restraint)  =    -55228.9987
 EKCMT  =      4994.0086  VIRIAL  =      5770.0998  VOLUME     =    182182.4395
                                                    Density    =         1.0215
 ------------------------------------------------------------------------------


 NSTEP =    29000   TIME(PS) =     642.000  TEMP(K) =   297.45  PRESS =  -175.4
 Etot   =    -44013.1293  EKtot   =     11101.4424  EPtot      =    -55114.5717
 BOND   =       341.8772  ANGLE   =       983.9429  DIHED      =      2143.7757
 1-4 NB =       478.5578  1-4 EEL =      6188.5571  VDWAALS    =      6688.5060
 EELEC  =    -72056.1775  EHBOND  =         0.0000  RESTRAINT  =       116.3892
 EAMBER (non-restraint)  =    -55230.9609
 EKCMT  =      4883.8028  VIRIAL  =      5575.1735  VOLUME     =    182519.2883
                                                    Density    =         1.0196
 ------------------------------------------------------------------------------


 NSTEP =    29500   TIME(PS) =     643.000  TEMP(K) =   301.88  PRESS =   167.2
 Etot   =    -43694.8908  EKtot   =     11266.6406  EPtot      =    -54961.5314
 BOND   =       369.0883  ANGLE   =      1007.5747  DIHED      =      2148.2597
 1-4 NB =       439.2205  1-4 EEL =      6148.6476  VDWAALS    =      6714.9125
 EELEC  =    -71911.8922  EHBOND  =         0.0000  RESTRAINT  =       122.6575
 EAMBER (non-restraint)  =    -55084.1889
 EKCMT  =      4946.4081  VIRIAL  =      4287.3166  VOLUME     =    182546.0888
                                                    Density    =         1.0195
 ------------------------------------------------------------------------------


 NSTEP =    30000   TIME(PS) =     644.000  TEMP(K) =   302.07  PRESS =   -29.4
 Etot   =    -43967.9443  EKtot   =     11273.7637  EPtot      =    -55241.7080
 BOND   =       340.0818  ANGLE   =       948.9366  DIHED      =      2128.1778
 1-4 NB =       455.1779  1-4 EEL =      6222.9086  VDWAALS    =      6711.4074
 EELEC  =    -72143.4005  EHBOND  =         0.0000  RESTRAINT  =        95.0025
 EAMBER (non-restraint)  =    -55336.7105
 EKCMT  =      4927.6597  VIRIAL  =      5043.7395  VOLUME     =    182987.1696
                                                    Density    =         1.0170
 ------------------------------------------------------------------------------


 NSTEP =    30500   TIME(PS) =     645.000  TEMP(K) =   298.56  PRESS =   441.2
 Etot   =    -43971.9108  EKtot   =     11142.6641  EPtot      =    -55114.5749
 BOND   =       366.1233  ANGLE   =       983.2722  DIHED      =      2138.3947
 1-4 NB =       447.2199  1-4 EEL =      6140.3217  VDWAALS    =      6680.7994
 EELEC  =    -71980.5903  EHBOND  =         0.0000  RESTRAINT  =       109.8842
 EAMBER (non-restraint)  =    -55224.4591
 EKCMT  =      4891.3160  VIRIAL  =      3150.3913  VOLUME     =    182737.6839
                                                    Density    =         1.0184
 ------------------------------------------------------------------------------


 NSTEP =    31000   TIME(PS) =     646.000  TEMP(K) =   299.53  PRESS =  -291.0
 Etot   =    -43985.8596  EKtot   =     11178.8574  EPtot      =    -55164.7170
 BOND   =       362.9171  ANGLE   =       964.0875  DIHED      =      2131.3050
 1-4 NB =       445.8323  1-4 EEL =      6195.4901  VDWAALS    =      6491.2397
 EELEC  =    -71857.1078  EHBOND  =         0.0000  RESTRAINT  =       101.5192
 EAMBER (non-restraint)  =    -55266.2362
 EKCMT  =      4927.3089  VIRIAL  =      6075.9742  VOLUME     =    182817.2498
                                                    Density    =         1.0180
 ------------------------------------------------------------------------------


 NSTEP =    31500   TIME(PS) =     647.000  TEMP(K) =   296.50  PRESS =    83.2
 Etot   =    -43930.6866  EKtot   =     11065.9619  EPtot      =    -54996.6485
 BOND   =       344.2985  ANGLE   =       951.7508  DIHED      =      2125.2510
 1-4 NB =       453.3664  1-4 EEL =      6180.7399  VDWAALS    =      6649.8817
 EELEC  =    -71799.0645  EHBOND  =         0.0000  RESTRAINT  =        97.1276
 EAMBER (non-restraint)  =    -55093.7761
 EKCMT  =      4858.2850  VIRIAL  =      4530.2378  VOLUME     =    182665.8039
                                                    Density    =         1.0188
 ------------------------------------------------------------------------------


 NSTEP =    32000   TIME(PS) =     648.000  TEMP(K) =   301.77  PRESS =  -166.4
 Etot   =    -43893.5923  EKtot   =     11262.3535  EPtot      =    -55155.9458
 BOND   =       333.1329  ANGLE   =       982.4402  DIHED      =      2135.9830
 1-4 NB =       441.1948  1-4 EEL =      6163.1138  VDWAALS    =      6513.7253
 EELEC  =    -71839.2357  EHBOND  =         0.0000  RESTRAINT  =       113.6999
 EAMBER (non-restraint)  =    -55269.6457
 EKCMT  =      4928.0535  VIRIAL  =      5584.4994  VOLUME     =    182706.6480
                                                    Density    =         1.0186
 ------------------------------------------------------------------------------


 NSTEP =    32500   TIME(PS) =     649.000  TEMP(K) =   299.32  PRESS =  -169.9
 Etot   =    -43909.6967  EKtot   =     11171.1816  EPtot      =    -55080.8784
 BOND   =       349.7117  ANGLE   =       934.2676  DIHED      =      2148.2804
 1-4 NB =       446.5580  1-4 EEL =      6203.8388  VDWAALS    =      6553.6171
 EELEC  =    -71826.4248  EHBOND  =         0.0000  RESTRAINT  =       109.2727
 EAMBER (non-restraint)  =    -55190.1511
 EKCMT  =      4840.5177  VIRIAL  =      5509.7711  VOLUME     =    182452.7161
                                                    Density    =         1.0200
 ------------------------------------------------------------------------------


 NSTEP =    33000   TIME(PS) =     650.000  TEMP(K) =   298.27  PRESS =  -168.6
 Etot   =    -43770.2206  EKtot   =     11132.0469  EPtot      =    -54902.2675
 BOND   =       327.2990  ANGLE   =       978.3552  DIHED      =      2142.9285
 1-4 NB =       454.4131  1-4 EEL =      6178.6521  VDWAALS    =      6484.7428
 EELEC  =    -71586.0255  EHBOND  =         0.0000  RESTRAINT  =       117.3672
 EAMBER (non-restraint)  =    -55019.6347
 EKCMT  =      4842.8697  VIRIAL  =      5506.3507  VOLUME     =    182218.9041
                                                    Density    =         1.0213
 ------------------------------------------------------------------------------


 NSTEP =    33500   TIME(PS) =     651.000  TEMP(K) =   306.10  PRESS =   -38.4
 Etot   =    -43757.4044  EKtot   =     11424.2744  EPtot      =    -55181.6788
 BOND   =       350.3435  ANGLE   =       970.1636  DIHED      =      2152.1262
 1-4 NB =       429.4911  1-4 EEL =      6184.7513  VDWAALS    =      6547.4179
 EELEC  =    -71933.2573  EHBOND  =         0.0000  RESTRAINT  =       117.2850
 EAMBER (non-restraint)  =    -55298.9637
 EKCMT  =      5007.8913  VIRIAL  =      5158.9670  VOLUME     =    182137.1100
                                                    Density    =         1.0218
 ------------------------------------------------------------------------------


 NSTEP =    34000   TIME(PS) =     652.000  TEMP(K) =   300.78  PRESS =  -208.7
 Etot   =    -43867.6520  EKtot   =     11225.7246  EPtot      =    -55093.3766
 BOND   =       341.5803  ANGLE   =       984.5692  DIHED      =      2150.6485
 1-4 NB =       446.2863  1-4 EEL =      6130.4226  VDWAALS    =      6487.1434
 EELEC  =    -71737.9054  EHBOND  =         0.0000  RESTRAINT  =       103.8785
 EAMBER (non-restraint)  =    -55197.2551
 EKCMT  =      4861.4686  VIRIAL  =      5680.4370  VOLUME     =    181773.8937
                                                    Density    =         1.0238
 ------------------------------------------------------------------------------


 NSTEP =    34500   TIME(PS) =     653.000  TEMP(K) =   302.71  PRESS =    90.6
 Etot   =    -43852.1368  EKtot   =     11297.5820  EPtot      =    -55149.7188
 BOND   =       354.6665  ANGLE   =      1006.6915  DIHED      =      2148.0390
 1-4 NB =       444.0809  1-4 EEL =      6169.7733  VDWAALS    =      6666.5229
 EELEC  =    -72055.0666  EHBOND  =         0.0000  RESTRAINT  =       115.5737
 EAMBER (non-restraint)  =    -55265.2925
 EKCMT  =      4887.2314  VIRIAL  =      4532.2877  VOLUME     =    181402.7924
                                                    Density    =         1.0259
 ------------------------------------------------------------------------------


 NSTEP =    35000   TIME(PS) =     654.000  TEMP(K) =   301.50  PRESS =    56.1
 Etot   =    -43909.1056  EKtot   =     11252.5547  EPtot      =    -55161.6603
 BOND   =       346.1020  ANGLE   =       986.6517  DIHED      =      2148.1214
 1-4 NB =       446.8251  1-4 EEL =      6179.6027  VDWAALS    =      6608.2503
 EELEC  =    -71982.9414  EHBOND  =         0.0000  RESTRAINT  =       105.7279
 EAMBER (non-restraint)  =    -55267.3882
 EKCMT  =      4884.3633  VIRIAL  =      4663.8913  VOLUME     =    182030.3489
                                                    Density    =         1.0224
 ------------------------------------------------------------------------------


 NSTEP =    35500   TIME(PS) =     655.000  TEMP(K) =   299.44  PRESS =  -302.4
 Etot   =    -43787.7939  EKtot   =     11175.6289  EPtot      =    -54963.4228
 BOND   =       340.6924  ANGLE   =      1000.2075  DIHED      =      2139.2100
 1-4 NB =       453.5439  1-4 EEL =      6186.8692  VDWAALS    =      6561.9289
 EELEC  =    -71755.6347  EHBOND  =         0.0000  RESTRAINT  =       109.7599
 EAMBER (non-restraint)  =    -55073.1827
 EKCMT  =      4828.7147  VIRIAL  =      6017.8199  VOLUME     =    182140.5096
                                                    Density    =         1.0217
 ------------------------------------------------------------------------------


 NSTEP =    36000   TIME(PS) =     656.000  TEMP(K) =   301.59  PRESS =    47.2
 Etot   =    -44011.3131  EKtot   =     11255.9600  EPtot      =    -55267.2730
 BOND   =       349.1800  ANGLE   =       954.8994  DIHED      =      2153.2119
 1-4 NB =       454.7945  1-4 EEL =      6156.2207  VDWAALS    =      6604.3399
 EELEC  =    -72048.4923  EHBOND  =         0.0000  RESTRAINT  =       108.5730
 EAMBER (non-restraint)  =    -55375.8460
 EKCMT  =      4832.6350  VIRIAL  =      4647.1039  VOLUME     =    182011.9690
                                                    Density    =         1.0225
 ------------------------------------------------------------------------------


 NSTEP =    36500   TIME(PS) =     657.000  TEMP(K) =   302.30  PRESS =    88.0
 Etot   =    -43737.6369  EKtot   =     11282.3174  EPtot      =    -55019.9543
 BOND   =       345.7445  ANGLE   =       935.8970  DIHED      =      2147.9017
 1-4 NB =       446.9474  1-4 EEL =      6185.6566  VDWAALS    =      6645.7475
 EELEC  =    -71844.0260  EHBOND  =         0.0000  RESTRAINT  =       116.1770
 EAMBER (non-restraint)  =    -55136.1313
 EKCMT  =      4906.1831  VIRIAL  =      4560.0900  VOLUME     =    182204.8536
                                                    Density    =         1.0214
 ------------------------------------------------------------------------------


 NSTEP =    37000   TIME(PS) =     658.000  TEMP(K) =   301.99  PRESS =  -196.2
 Etot   =    -43893.8269  EKtot   =     11270.7168  EPtot      =    -55164.5437
 BOND   =       331.0281  ANGLE   =      1010.5015  DIHED      =      2146.8279
 1-4 NB =       452.8561  1-4 EEL =      6207.7263  VDWAALS    =      6621.3494
 EELEC  =    -72054.8653  EHBOND  =         0.0000  RESTRAINT  =       120.0323
 EAMBER (non-restraint)  =    -55284.5760
 EKCMT  =      4883.1687  VIRIAL  =      5655.1742  VOLUME     =    182210.7701
                                                    Density    =         1.0214
 ------------------------------------------------------------------------------


 NSTEP =    37500   TIME(PS) =     659.000  TEMP(K) =   301.63  PRESS =   -24.0
 Etot   =    -43844.7247  EKtot   =     11257.1846  EPtot      =    -55101.9092
 BOND   =       343.8845  ANGLE   =      1005.4452  DIHED      =      2143.7052
 1-4 NB =       435.3592  1-4 EEL =      6162.9324  VDWAALS    =      6655.8876
 EELEC  =    -71975.1877  EHBOND  =         0.0000  RESTRAINT  =       126.0643
 EAMBER (non-restraint)  =    -55227.9736
 EKCMT  =      4927.6239  VIRIAL  =      5022.0505  VOLUME     =    182346.0522
                                                    Density    =         1.0206
 ------------------------------------------------------------------------------


 NSTEP =    38000   TIME(PS) =     660.000  TEMP(K) =   302.73  PRESS =    81.1
 Etot   =    -43766.1426  EKtot   =     11298.1445  EPtot      =    -55064.2871
 BOND   =       344.0158  ANGLE   =      1003.9823  DIHED      =      2149.5793
 1-4 NB =       440.2683  1-4 EEL =      6146.8828  VDWAALS    =      6540.1295
 EELEC  =    -71806.5133  EHBOND  =         0.0000  RESTRAINT  =       117.3682
 EAMBER (non-restraint)  =    -55181.6553
 EKCMT  =      4978.3452  VIRIAL  =      4659.3070  VOLUME     =    182264.9220
                                                    Density    =         1.0211
 ------------------------------------------------------------------------------


 NSTEP =    38500   TIME(PS) =     661.000  TEMP(K) =   300.06  PRESS =  -254.3
 Etot   =    -44015.1566  EKtot   =     11198.7539  EPtot      =    -55213.9105
 BOND   =       340.7894  ANGLE   =       947.7150  DIHED      =      2147.1751
 1-4 NB =       460.7921  1-4 EEL =      6214.7827  VDWAALS    =      6390.9288
 EELEC  =    -71820.6274  EHBOND  =         0.0000  RESTRAINT  =       104.5337
 EAMBER (non-restraint)  =    -55318.4442
 EKCMT  =      4936.4017  VIRIAL  =      5934.6255  VOLUME     =    181801.5497
                                                    Density    =         1.0237
 ------------------------------------------------------------------------------


 NSTEP =    39000   TIME(PS) =     662.000  TEMP(K) =   299.73  PRESS =  -184.9
 Etot   =    -44127.2019  EKtot   =     11186.5234  EPtot      =    -55313.7254
 BOND   =       369.1413  ANGLE   =       968.8542  DIHED      =      2128.3506
 1-4 NB =       436.6736  1-4 EEL =      6177.1990  VDWAALS    =      6673.4427
 EELEC  =    -72176.5287  EHBOND  =         0.0000  RESTRAINT  =       109.1420
 EAMBER (non-restraint)  =    -55422.8674
 EKCMT  =      4884.8768  VIRIAL  =      5612.4969  VOLUME     =    182268.3402
                                                    Density    =         1.0210
 ------------------------------------------------------------------------------


 NSTEP =    39500   TIME(PS) =     663.000  TEMP(K) =   304.83  PRESS =   -20.3
 Etot   =    -43772.1406  EKtot   =     11376.6143  EPtot      =    -55148.7549
 BOND   =       335.5844  ANGLE   =       965.1911  DIHED      =      2132.1048
 1-4 NB =       435.5180  1-4 EEL =      6191.5707  VDWAALS    =      6730.5725
 EELEC  =    -72048.9454  EHBOND  =         0.0000  RESTRAINT  =       109.6492
 EAMBER (non-restraint)  =    -55258.4040
 EKCMT  =      4950.0899  VIRIAL  =      5029.8339  VOLUME     =    182134.3308
                                                    Density    =         1.0218
 ------------------------------------------------------------------------------


 NSTEP =    40000   TIME(PS) =     664.000  TEMP(K) =   302.04  PRESS =    86.1
 Etot   =    -43750.7139  EKtot   =     11272.4629  EPtot      =    -55023.1768
 BOND   =       365.8569  ANGLE   =       972.5318  DIHED      =      2125.6923
 1-4 NB =       448.3668  1-4 EEL =      6155.3355  VDWAALS    =      6626.8651
 EELEC  =    -71843.0861  EHBOND  =         0.0000  RESTRAINT  =       125.2609
 EAMBER (non-restraint)  =    -55148.4377
 EKCMT  =      4916.4846  VIRIAL  =      4577.4416  VOLUME     =    182275.9974
                                                    Density    =         1.0210
 ------------------------------------------------------------------------------


 NSTEP =    40500   TIME(PS) =     665.000  TEMP(K) =   299.43  PRESS =   -47.8
 Etot   =    -44059.9829  EKtot   =     11175.1641  EPtot      =    -55235.1470
 BOND   =       340.9387  ANGLE   =       940.8105  DIHED      =      2169.5661
 1-4 NB =       443.6803  1-4 EEL =      6188.7417  VDWAALS    =      6714.8715
 EELEC  =    -72140.1149  EHBOND  =         0.0000  RESTRAINT  =       106.3590
 EAMBER (non-restraint)  =    -55341.5060
 EKCMT  =      4816.0946  VIRIAL  =      5004.2987  VOLUME     =    182219.0684
                                                    Density    =         1.0213
 ------------------------------------------------------------------------------


 NSTEP =    41000   TIME(PS) =     666.000  TEMP(K) =   299.61  PRESS =   -43.1
 Etot   =    -44082.0339  EKtot   =     11181.8320  EPtot      =    -55263.8660
 BOND   =       323.4324  ANGLE   =       923.1826  DIHED      =      2124.3614
 1-4 NB =       443.1716  1-4 EEL =      6168.3595  VDWAALS    =      6605.1782
 EELEC  =    -71955.6768  EHBOND  =         0.0000  RESTRAINT  =       104.1252
 EAMBER (non-restraint)  =    -55367.9912
 EKCMT  =      4912.4545  VIRIAL  =      5081.3537  VOLUME     =    181469.2832
                                                    Density    =         1.0255
 ------------------------------------------------------------------------------


 NSTEP =    41500   TIME(PS) =     667.000  TEMP(K) =   298.99  PRESS =   219.1
 Etot   =    -44090.1269  EKtot   =     11158.5889  EPtot      =    -55248.7158
 BOND   =       342.2647  ANGLE   =       969.4983  DIHED      =      2147.6054
 1-4 NB =       442.7642  1-4 EEL =      6176.6566  VDWAALS    =      6819.0240
 EELEC  =    -72251.5154  EHBOND  =         0.0000  RESTRAINT  =       104.9864
 EAMBER (non-restraint)  =    -55353.7022
 EKCMT  =      4923.1180  VIRIAL  =      4062.4815  VOLUME     =    181965.5309
                                                    Density    =         1.0227
 ------------------------------------------------------------------------------


 NSTEP =    42000   TIME(PS) =     668.000  TEMP(K) =   300.40  PRESS =   210.0
 Etot   =    -43894.8272  EKtot   =     11211.2236  EPtot      =    -55106.0509
 BOND   =       335.3783  ANGLE   =       941.3755  DIHED      =      2148.1165
 1-4 NB =       457.5742  1-4 EEL =      6173.4230  VDWAALS    =      6736.4899
 EELEC  =    -72017.0889  EHBOND  =         0.0000  RESTRAINT  =       118.6807
 EAMBER (non-restraint)  =    -55224.7316
 EKCMT  =      4859.9536  VIRIAL  =      4035.9236  VOLUME     =    181738.7353
                                                    Density    =         1.0240
 ------------------------------------------------------------------------------


 NSTEP =    42500   TIME(PS) =     669.000  TEMP(K) =   298.44  PRESS =  -215.5
 Etot   =    -43905.4836  EKtot   =     11138.0518  EPtot      =    -55043.5354
 BOND   =       334.7252  ANGLE   =       986.9069  DIHED      =      2154.2674
 1-4 NB =       445.4617  1-4 EEL =      6186.5944  VDWAALS    =      6478.3651
 EELEC  =    -71735.7974  EHBOND  =         0.0000  RESTRAINT  =       105.9413
 EAMBER (non-restraint)  =    -55149.4767
 EKCMT  =      4948.5223  VIRIAL  =      5796.3827  VOLUME     =    182209.9514
                                                    Density    =         1.0214
 ------------------------------------------------------------------------------


 NSTEP =    43000   TIME(PS) =     670.000  TEMP(K) =   297.32  PRESS =  -219.8
 Etot   =    -44005.8625  EKtot   =     11096.3887  EPtot      =    -55102.2512
 BOND   =       328.7958  ANGLE   =       998.2058  DIHED      =      2138.3930
 1-4 NB =       450.5785  1-4 EEL =      6172.3655  VDWAALS    =      6548.1972
 EELEC  =    -71847.6990  EHBOND  =         0.0000  RESTRAINT  =       108.9119
 EAMBER (non-restraint)  =    -55211.1631
 EKCMT  =      4870.4468  VIRIAL  =      5735.7564  VOLUME     =    182311.9842
                                                    Density    =         1.0208
 ------------------------------------------------------------------------------


 NSTEP =    43500   TIME(PS) =     671.000  TEMP(K) =   299.35  PRESS =  -263.4
 Etot   =    -44187.2376  EKtot   =     11172.1523  EPtot      =    -55359.3899
 BOND   =       331.5208  ANGLE   =       994.1422  DIHED      =      2128.9495
 1-4 NB =       444.9981  1-4 EEL =      6164.2442  VDWAALS    =      6360.6578
 EELEC  =    -71891.0071  EHBOND  =         0.0000  RESTRAINT  =       107.1044
 EAMBER (non-restraint)  =    -55466.4944
 EKCMT  =      4871.1087  VIRIAL  =      5905.9179  VOLUME     =    181978.5496
                                                    Density    =         1.0227
 ------------------------------------------------------------------------------


 NSTEP =    44000   TIME(PS) =     672.000  TEMP(K) =   297.26  PRESS =  -277.0
 Etot   =    -43974.4059  EKtot   =     11094.0518  EPtot      =    -55068.4576
 BOND   =       348.8204  ANGLE   =      1000.9519  DIHED      =      2157.8939
 1-4 NB =       431.4055  1-4 EEL =      6177.6719  VDWAALS    =      6486.3618
 EELEC  =    -71774.6553  EHBOND  =         0.0000  RESTRAINT  =       103.0923
 EAMBER (non-restraint)  =    -55171.5499
 EKCMT  =      4805.0935  VIRIAL  =      5893.8750  VOLUME     =    182033.4803
                                                    Density    =         1.0223
 ------------------------------------------------------------------------------


 NSTEP =    44500   TIME(PS) =     673.000  TEMP(K) =   301.25  PRESS =   275.1
 Etot   =    -44043.8653  EKtot   =     11242.9160  EPtot      =    -55286.7813
 BOND   =       350.4540  ANGLE   =       913.7102  DIHED      =      2149.5214
 1-4 NB =       462.2337  1-4 EEL =      6221.1816  VDWAALS    =      6736.3917
 EELEC  =    -72228.4374  EHBOND  =         0.0000  RESTRAINT  =       108.1633
 EAMBER (non-restraint)  =    -55394.9446
 EKCMT  =      4839.5486  VIRIAL  =      3759.3530  VOLUME     =    181890.9624
                                                    Density    =         1.0231
 ------------------------------------------------------------------------------


 NSTEP =    45000   TIME(PS) =     674.000  TEMP(K) =   301.90  PRESS =   303.7
 Etot   =    -43793.5543  EKtot   =     11267.4980  EPtot      =    -55061.0523
 BOND   =       357.3730  ANGLE   =       939.9814  DIHED      =      2128.2285
 1-4 NB =       447.1026  1-4 EEL =      6195.4364  VDWAALS    =      6583.9419
 EELEC  =    -71830.9939  EHBOND  =         0.0000  RESTRAINT  =       117.8778
 EAMBER (non-restraint)  =    -55178.9301
 EKCMT  =      4976.9087  VIRIAL  =      3781.8083  VOLUME     =    182263.5875
                                                    Density    =         1.0211
 ------------------------------------------------------------------------------


 NSTEP =    45500   TIME(PS) =     675.000  TEMP(K) =   298.00  PRESS =   170.6
 Etot   =    -43927.7590  EKtot   =     11121.9541  EPtot      =    -55049.7131
 BOND   =       344.5517  ANGLE   =       973.5495  DIHED      =      2135.4489
 1-4 NB =       455.8627  1-4 EEL =      6190.3074  VDWAALS    =      6724.6282
 EELEC  =    -71987.6298  EHBOND  =         0.0000  RESTRAINT  =       113.5685
 EAMBER (non-restraint)  =    -55163.2815
 EKCMT  =      4883.1646  VIRIAL  =      4211.4513  VOLUME     =    182373.4130
                                                    Density    =         1.0204
 ------------------------------------------------------------------------------


 NSTEP =    46000   TIME(PS) =     676.000  TEMP(K) =   301.47  PRESS =    39.8
 Etot   =    -43853.9079  EKtot   =     11251.4160  EPtot      =    -55105.3239
 BOND   =       348.8715  ANGLE   =       971.9885  DIHED      =      2147.7582
 1-4 NB =       450.7671  1-4 EEL =      6189.0056  VDWAALS    =      6704.2475
 EELEC  =    -72036.0113  EHBOND  =         0.0000  RESTRAINT  =       118.0490
 EAMBER (non-restraint)  =    -55223.3729
 EKCMT  =      4966.2306  VIRIAL  =      4809.7403  VOLUME     =    182237.2895
                                                    Density    =         1.0212
 ------------------------------------------------------------------------------


 NSTEP =    46500   TIME(PS) =     677.000  TEMP(K) =   297.84  PRESS =    53.7
 Etot   =    -44056.2998  EKtot   =     11115.6641  EPtot      =    -55171.9639
 BOND   =       347.1169  ANGLE   =       967.9100  DIHED      =      2145.0971
 1-4 NB =       446.7586  1-4 EEL =      6197.2477  VDWAALS    =      6629.3888
 EELEC  =    -72024.2375  EHBOND  =         0.0000  RESTRAINT  =       118.7545
 EAMBER (non-restraint)  =    -55290.7184
 EKCMT  =      4883.8705  VIRIAL  =      4673.3151  VOLUME     =    181726.9794
                                                    Density    =         1.0241
 ------------------------------------------------------------------------------


 NSTEP =    47000   TIME(PS) =     678.000  TEMP(K) =   303.32  PRESS =    24.1
 Etot   =    -43663.6779  EKtot   =     11320.4189  EPtot      =    -54984.0969
 BOND   =       351.0731  ANGLE   =       988.8676  DIHED      =      2144.9111
 1-4 NB =       442.6637  1-4 EEL =      6220.4174  VDWAALS    =      6364.6984
 EELEC  =    -71613.4729  EHBOND  =         0.0000  RESTRAINT  =       116.7447
 EAMBER (non-restraint)  =    -55100.8416
 EKCMT  =      4963.1771  VIRIAL  =      4868.4742  VOLUME     =    181974.8825
                                                    Density    =         1.0227
 ------------------------------------------------------------------------------


 NSTEP =    47500   TIME(PS) =     679.000  TEMP(K) =   300.02  PRESS =   -97.0
 Etot   =    -43912.5734  EKtot   =     11197.0000  EPtot      =    -55109.5734
 BOND   =       348.9560  ANGLE   =       953.7271  DIHED      =      2125.4591
 1-4 NB =       449.0796  1-4 EEL =      6143.5715  VDWAALS    =      6443.2191
 EELEC  =    -71688.3380  EHBOND  =         0.0000  RESTRAINT  =       114.7523
 EAMBER (non-restraint)  =    -55224.3257
 EKCMT  =      4907.5997  VIRIAL  =      5288.8637  VOLUME     =    182038.9684
                                                    Density    =         1.0223
 ------------------------------------------------------------------------------


 NSTEP =    48000   TIME(PS) =     680.000  TEMP(K) =   296.07  PRESS =   133.5
 Etot   =    -44253.3631  EKtot   =     11049.7891  EPtot      =    -55303.1522
 BOND   =       318.0766  ANGLE   =       997.8506  DIHED      =      2139.8420
 1-4 NB =       438.8570  1-4 EEL =      6162.8829  VDWAALS    =      6629.5223
 EELEC  =    -72097.3829  EHBOND  =         0.0000  RESTRAINT  =       107.1992
 EAMBER (non-restraint)  =    -55410.3514
 EKCMT  =      4865.5618  VIRIAL  =      4340.4741  VOLUME     =    182130.8409
                                                    Density    =         1.0218
 ------------------------------------------------------------------------------


 NSTEP =    48500   TIME(PS) =     681.000  TEMP(K) =   298.43  PRESS =   -96.4
 Etot   =    -44115.9519  EKtot   =     11137.7109  EPtot      =    -55253.6628
 BOND   =       348.1699  ANGLE   =       949.1864  DIHED      =      2145.3634
 1-4 NB =       433.6660  1-4 EEL =      6143.7047  VDWAALS    =      6654.1852
 EELEC  =    -72038.1995  EHBOND  =         0.0000  RESTRAINT  =       110.2611
 EAMBER (non-restraint)  =    -55363.9240
 EKCMT  =      4907.7274  VIRIAL  =      5286.6914  VOLUME     =    182076.3037
                                                    Density    =         1.0221
 ------------------------------------------------------------------------------


 NSTEP =    49000   TIME(PS) =     682.000  TEMP(K) =   296.97  PRESS =   -43.5
 Etot   =    -44149.0811  EKtot   =     11083.2500  EPtot      =    -55232.3311
 BOND   =       337.9973  ANGLE   =      1015.2961  DIHED      =      2149.2866
 1-4 NB =       458.6628  1-4 EEL =      6193.4390  VDWAALS    =      6788.2728
 EELEC  =    -72281.8409  EHBOND  =         0.0000  RESTRAINT  =       106.5553
 EAMBER (non-restraint)  =    -55338.8863
 EKCMT  =      4845.0330  VIRIAL  =      5016.0226  VOLUME     =    182128.9218
                                                    Density    =         1.0218
 ------------------------------------------------------------------------------


 NSTEP =    49500   TIME(PS) =     683.000  TEMP(K) =   300.51  PRESS =   180.3
 Etot   =    -44052.7212  EKtot   =     11215.6289  EPtot      =    -55268.3501
 BOND   =       337.1634  ANGLE   =       978.1026  DIHED      =      2158.5009
 1-4 NB =       433.4484  1-4 EEL =      6168.0269  VDWAALS    =      6779.7736
 EELEC  =    -72241.0367  EHBOND  =         0.0000  RESTRAINT  =       117.6708
 EAMBER (non-restraint)  =    -55386.0209
 EKCMT  =      4878.1736  VIRIAL  =      4167.6535  VOLUME     =    182561.3337
                                                    Density    =         1.0194
 ------------------------------------------------------------------------------


 NSTEP =    50000   TIME(PS) =     684.000  TEMP(K) =   303.86  PRESS =    17.3
 Etot   =    -43736.6178  EKtot   =     11340.6113  EPtot      =    -55077.2291
 BOND   =       358.8221  ANGLE   =       977.2098  DIHED      =      2174.4011
 1-4 NB =       456.3324  1-4 EEL =      6126.2540  VDWAALS    =      6566.6515
 EELEC  =    -71856.0098  EHBOND  =         0.0000  RESTRAINT  =       119.1098
 EAMBER (non-restraint)  =    -55196.3389
 EKCMT  =      4939.3349  VIRIAL  =      4871.0194  VOLUME     =    182523.6634
                                                    Density    =         1.0196
 ------------------------------------------------------------------------------


      A V E R A G E S   O V E R     100 S T E P S


 NSTEP =    50000   TIME(PS) =     684.000  TEMP(K) =   300.01  PRESS =   -18.8
 Etot   =    -43930.0448  EKtot   =     11196.6479  EPtot      =    -55126.6927
 BOND   =       343.7985  ANGLE   =       973.0917  DIHED      =      2146.4618
 1-4 NB =       445.8689  1-4 EEL =      6181.5257  VDWAALS    =      6613.1020
 EELEC  =    -71943.1816  EHBOND  =         0.0000  RESTRAINT  =       112.6403
 EAMBER (non-restraint)  =    -55239.3330
 EKCMT  =      4901.0472  VIRIAL  =      4974.7457  VOLUME     =    182289.5868
                                                    Density    =         1.0209
 ------------------------------------------------------------------------------


      R M S  F L U C T U A T I O N S


 NSTEP =    50000   TIME(PS) =     684.000  TEMP(K) =     2.33  PRESS =   169.5
 Etot   =       130.9522  EKtot   =        86.8096  EPtot      =        99.9925
 BOND   =        12.7716  ANGLE   =        24.7238  DIHED      =        12.4490
 1-4 NB =         8.6698  1-4 EEL =        21.3243  VDWAALS    =       110.0070
 EELEC  =       159.0427  EHBOND  =         0.0000  RESTRAINT  =         6.8364
 EAMBER (non-restraint)  =        93.1560
 EKCMT  =        49.2159  VIRIAL  =       658.1808  VOLUME     =       414.4824
                                                    Density    =         0.0023
 ------------------------------------------------------------------------------

--------------------------------------------------------------------------------
   5.  TIMINGS
--------------------------------------------------------------------------------

|  NonSetup CPU Time in Major Routines:
|
|     Routine           Sec        %
|     ------------------------------
|     Nonbond          89.59   87.02
|     Bond              0.00    0.00
|     Angle             0.00    0.00
|     Dihedral          0.00    0.00
|     Shake             0.28    0.28
|     RunMD            13.03   12.66
|     Other             0.05    0.05
|     ------------------------------
|     Total           102.96

|  PME Nonbond Pairlist CPU Time:
|
|     Routine              Sec        %
|     ---------------------------------
|     Set Up Cit           0.00    0.00
|     Build List           0.00    0.00
|     ---------------------------------
|     Total                0.00    0.00

|  PME Direct Force CPU Time:
|
|     Routine              Sec        %
|     ---------------------------------
|     NonBonded Calc       0.00    0.00
|     Exclude Masked       0.00    0.00
|     Other                0.02    0.02
|     ---------------------------------
|     Total                0.02    0.02

|  PME Reciprocal Force CPU Time:
|
|     Routine              Sec        %
|     ---------------------------------
|     1D bspline           0.00    0.00
|     Grid Charges         0.00    0.00
|     Scalar Sum           0.00    0.00
|     Gradient Sum         0.00    0.00
|     FFT                  0.00    0.00
|     ---------------------------------
|     Total                0.00    0.00

|  Final Performance Info:
|     -----------------------------------------------------
|     Average timings for last   20500 steps:
|     Elapsed(s) =      42.24 Per Step(ms) =       2.06
|         ns/day =      83.86   seconds/ns =    1030.26
|
|     Average timings for all steps:
|     Elapsed(s) =     102.96 Per Step(ms) =       2.06
|         ns/day =      83.92   seconds/ns =    1029.57
|     -----------------------------------------------------

|  Setup CPU time:            0.43 seconds
|  NonSetup CPU time:       102.96 seconds
|  Total CPU time:          103.39 seconds     0.03 hours

|  Setup wall time:           1    seconds
|  NonSetup wall time:      103    seconds
|  Total wall time:         104    seconds     0.03 hours
